Processing molecule: uracil
Running with alpha = 10
Running with l = 25
Davidson
iter=     1  rel‖R‖=  2.559e+01  size(V,2)=   525
iter=     2  rel‖R‖=  6.865e+00  size(V,2)=  1050
iter=     3  rel‖R‖=  8.702e-01  size(V,2)=  1575
iter=     4  rel‖R‖=  2.817e-01  size(V,2)=  2100
iter=     5  rel‖R‖=  1.752e-01  size(V,2)=  2625
iter=     6  rel‖R‖=  1.130e-01  size(V,2)=  3150
iter=     7  rel‖R‖=  7.899e-02  size(V,2)=  3675
iter=     8  rel‖R‖=  5.765e-02  size(V,2)=  4200
iter=     9  rel‖R‖=  4.515e-02  size(V,2)=  4725
iter=    10  rel‖R‖=  3.477e-02  size(V,2)=  5250
iter=    11  rel‖R‖=  3.284e-02  size(V,2)=  1050
iter=    12  rel‖R‖=  3.222e-02  size(V,2)=  1575
iter=    13  rel‖R‖=  3.164e-02  size(V,2)=  2100
iter=    14  rel‖R‖=  3.118e-02  size(V,2)=  2625
iter=    15  rel‖R‖=  3.059e-02  size(V,2)=  3150
iter=    16  rel‖R‖=  2.997e-02  size(V,2)=  3675
iter=    17  rel‖R‖=  2.917e-02  size(V,2)=  4200
iter=    18  rel‖R‖=  2.812e-02  size(V,2)=  4725
iter=    19  rel‖R‖=  2.688e-02  size(V,2)=  5250
iter=    20  rel‖R‖=  2.656e-02  size(V,2)=  1050
iter=    21  rel‖R‖=  2.628e-02  size(V,2)=  1575
iter=    22  rel‖R‖=  2.598e-02  size(V,2)=  2100
iter=    23  rel‖R‖=  2.568e-02  size(V,2)=  2625
iter=    24  rel‖R‖=  2.536e-02  size(V,2)=  3150
iter=    25  rel‖R‖=  2.500e-02  size(V,2)=  3675
iter=    26  rel‖R‖=  2.463e-02  size(V,2)=  4200
iter=    27  rel‖R‖=  2.419e-02  size(V,2)=  4725
iter=    28  rel‖R‖=  2.366e-02  size(V,2)=  5250
iter=    29  rel‖R‖=  2.356e-02  size(V,2)=  1050
iter=    30  rel‖R‖=  2.341e-02  size(V,2)=  1575
iter=    31  rel‖R‖=  2.324e-02  size(V,2)=  2100
iter=    32  rel‖R‖=  2.305e-02  size(V,2)=  2625
iter=    33  rel‖R‖=  2.283e-02  size(V,2)=  3150
iter=    34  rel‖R‖=  2.258e-02  size(V,2)=  3675
iter=    35  rel‖R‖=  2.231e-02  size(V,2)=  4200
iter=    36  rel‖R‖=  2.200e-02  size(V,2)=  4725
iter=    37  rel‖R‖=  2.164e-02  size(V,2)=  5250
iter=    38  rel‖R‖=  2.158e-02  size(V,2)=  1050
iter=    39  rel‖R‖=  2.145e-02  size(V,2)=  1575
iter=    40  rel‖R‖=  2.130e-02  size(V,2)=  2100
iter=    41  rel‖R‖=  2.113e-02  size(V,2)=  2625
iter=    42  rel‖R‖=  2.094e-02  size(V,2)=  3150
iter=    43  rel‖R‖=  2.073e-02  size(V,2)=  3675
iter=    44  rel‖R‖=  2.050e-02  size(V,2)=  4200
iter=    45  rel‖R‖=  2.023e-02  size(V,2)=  4725
iter=    46  rel‖R‖=  1.990e-02  size(V,2)=  5250
iter=    47  rel‖R‖=  1.985e-02  size(V,2)=  1050
iter=    48  rel‖R‖=  1.975e-02  size(V,2)=  1575
iter=    49  rel‖R‖=  1.962e-02  size(V,2)=  2100
iter=    50  rel‖R‖=  1.948e-02  size(V,2)=  2625
iter=    51  rel‖R‖=  1.931e-02  size(V,2)=  3150
iter=    52  rel‖R‖=  1.914e-02  size(V,2)=  3675
iter=    53  rel‖R‖=  1.895e-02  size(V,2)=  4200
iter=    54  rel‖R‖=  1.873e-02  size(V,2)=  4725
iter=    55  rel‖R‖=  1.849e-02  size(V,2)=  5250
iter=    56  rel‖R‖=  1.845e-02  size(V,2)=  1050
iter=    57  rel‖R‖=  1.836e-02  size(V,2)=  1575
iter=    58  rel‖R‖=  1.825e-02  size(V,2)=  2100
iter=    59  rel‖R‖=  1.813e-02  size(V,2)=  2625
iter=    60  rel‖R‖=  1.800e-02  size(V,2)=  3150
iter=    61  rel‖R‖=  1.785e-02  size(V,2)=  3675
iter=    62  rel‖R‖=  1.769e-02  size(V,2)=  4200
iter=    63  rel‖R‖=  1.750e-02  size(V,2)=  4725
iter=    64  rel‖R‖=  1.728e-02  size(V,2)=  5250
iter=    65  rel‖R‖=  1.725e-02  size(V,2)=  1050
iter=    66  rel‖R‖=  1.717e-02  size(V,2)=  1575
iter=    67  rel‖R‖=  1.708e-02  size(V,2)=  2100
iter=    68  rel‖R‖=  1.696e-02  size(V,2)=  2625
iter=    69  rel‖R‖=  1.685e-02  size(V,2)=  3150
iter=    70  rel‖R‖=  1.672e-02  size(V,2)=  3675
iter=    71  rel‖R‖=  1.656e-02  size(V,2)=  4200
iter=    72  rel‖R‖=  1.639e-02  size(V,2)=  4725
iter=    73  rel‖R‖=  1.618e-02  size(V,2)=  5250
iter=    74  rel‖R‖=  1.614e-02  size(V,2)=  1050
iter=    75  rel‖R‖=  1.607e-02  size(V,2)=  1575
iter=    76  rel‖R‖=  1.599e-02  size(V,2)=  2100
iter=    77  rel‖R‖=  1.589e-02  size(V,2)=  2625
iter=    78  rel‖R‖=  1.578e-02  size(V,2)=  3150
iter=    79  rel‖R‖=  1.566e-02  size(V,2)=  3675
iter=    80  rel‖R‖=  1.552e-02  size(V,2)=  4200
iter=    81  rel‖R‖=  1.537e-02  size(V,2)=  4725
iter=    82  rel‖R‖=  1.519e-02  size(V,2)=  5250
iter=    83  rel‖R‖=  1.516e-02  size(V,2)=  1050
iter=    84  rel‖R‖=  1.510e-02  size(V,2)=  1575
iter=    85  rel‖R‖=  1.502e-02  size(V,2)=  2100
iter=    86  rel‖R‖=  1.493e-02  size(V,2)=  2625
iter=    87  rel‖R‖=  1.483e-02  size(V,2)=  3150
iter=    88  rel‖R‖=  1.473e-02  size(V,2)=  3675
iter=    89  rel‖R‖=  1.461e-02  size(V,2)=  4200
iter=    90  rel‖R‖=  1.447e-02  size(V,2)=  4725
iter=    91  rel‖R‖=  1.431e-02  size(V,2)=  5250
iter=    92  rel‖R‖=  1.428e-02  size(V,2)=  1050
iter=    93  rel‖R‖=  1.422e-02  size(V,2)=  1575
iter=    94  rel‖R‖=  1.415e-02  size(V,2)=  2100
iter=    95  rel‖R‖=  1.407e-02  size(V,2)=  2625
iter=    96  rel‖R‖=  1.398e-02  size(V,2)=  3150
iter=    97  rel‖R‖=  1.388e-02  size(V,2)=  3675
iter=    98  rel‖R‖=  1.377e-02  size(V,2)=  4200
iter=    99  rel‖R‖=  1.365e-02  size(V,2)=  4725
iter=   100  rel‖R‖=  1.350e-02  size(V,2)=  5250
iter=   101  rel‖R‖=  1.347e-02  size(V,2)=  1050
iter=   102  rel‖R‖=  1.342e-02  size(V,2)=  1575
iter=   103  rel‖R‖=  1.335e-02  size(V,2)=  2100
iter=   104  rel‖R‖=  1.328e-02  size(V,2)=  2625
iter=   105  rel‖R‖=  1.319e-02  size(V,2)=  3150
iter=   106  rel‖R‖=  1.310e-02  size(V,2)=  3675
iter=   107  rel‖R‖=  1.300e-02  size(V,2)=  4200
iter=   108  rel‖R‖=  1.288e-02  size(V,2)=  4725
iter=   109  rel‖R‖=  1.273e-02  size(V,2)=  5250
iter=   110  rel‖R‖=  1.271e-02  size(V,2)=  1050
iter=   111  rel‖R‖=  1.266e-02  size(V,2)=  1575
iter=   112  rel‖R‖=  1.260e-02  size(V,2)=  2100
iter=   113  rel‖R‖=  1.253e-02  size(V,2)=  2625
iter=   114  rel‖R‖=  1.245e-02  size(V,2)=  3150
iter=   115  rel‖R‖=  1.236e-02  size(V,2)=  3675
iter=   116  rel‖R‖=  1.226e-02  size(V,2)=  4200
iter=   117  rel‖R‖=  1.215e-02  size(V,2)=  4725
iter=   118  rel‖R‖=  1.202e-02  size(V,2)=  5250
iter=   119  rel‖R‖=  1.200e-02  size(V,2)=  1050
iter=   120  rel‖R‖=  1.195e-02  size(V,2)=  1575
iter=   121  rel‖R‖=  1.189e-02  size(V,2)=  2100
iter=   122  rel‖R‖=  1.183e-02  size(V,2)=  2625
iter=   123  rel‖R‖=  1.175e-02  size(V,2)=  3150
iter=   124  rel‖R‖=  1.167e-02  size(V,2)=  3675
iter=   125  rel‖R‖=  1.159e-02  size(V,2)=  4200
iter=   126  rel‖R‖=  1.148e-02  size(V,2)=  4725
iter=   127  rel‖R‖=  1.137e-02  size(V,2)=  5250
iter=   128  rel‖R‖=  1.135e-02  size(V,2)=  1050
iter=   129  rel‖R‖=  1.131e-02  size(V,2)=  1575
iter=   130  rel‖R‖=  1.125e-02  size(V,2)=  2100
iter=   131  rel‖R‖=  1.120e-02  size(V,2)=  2625
iter=   132  rel‖R‖=  1.113e-02  size(V,2)=  3150
iter=   133  rel‖R‖=  1.106e-02  size(V,2)=  3675
iter=   134  rel‖R‖=  1.098e-02  size(V,2)=  4200
iter=   135  rel‖R‖=  1.088e-02  size(V,2)=  4725
iter=   136  rel‖R‖=  1.077e-02  size(V,2)=  5250
iter=   137  rel‖R‖=  1.075e-02  size(V,2)=  1050
iter=   138  rel‖R‖=  1.071e-02  size(V,2)=  1575
iter=   139  rel‖R‖=  1.067e-02  size(V,2)=  2100
iter=   140  rel‖R‖=  1.061e-02  size(V,2)=  2625
iter=   141  rel‖R‖=  1.055e-02  size(V,2)=  3150
iter=   142  rel‖R‖=  1.048e-02  size(V,2)=  3675
iter=   143  rel‖R‖=  1.040e-02  size(V,2)=  4200
iter=   144  rel‖R‖=  1.031e-02  size(V,2)=  4725
iter=   145  rel‖R‖=  1.021e-02  size(V,2)=  5250
iter=   146  rel‖R‖=  1.019e-02  size(V,2)=  1050
iter=   147  rel‖R‖=  1.015e-02  size(V,2)=  1575
iter=   148  rel‖R‖=  1.011e-02  size(V,2)=  2100
iter=   149  rel‖R‖=  1.005e-02  size(V,2)=  2625
iter=   150  rel‖R‖=  9.997e-03  size(V,2)=  3150
iter=   151  rel‖R‖=  9.931e-03  size(V,2)=  3675
iter=   152  rel‖R‖=  9.856e-03  size(V,2)=  4200
iter=   153  rel‖R‖=  9.772e-03  size(V,2)=  4725
iter=   154  rel‖R‖=  9.667e-03  size(V,2)=  5250
iter=   155  rel‖R‖=  9.651e-03  size(V,2)=  1050
iter=   156  rel‖R‖=  9.614e-03  size(V,2)=  1575
iter=   157  rel‖R‖=  9.570e-03  size(V,2)=  2100
iter=   158  rel‖R‖=  9.521e-03  size(V,2)=  2625
iter=   159  rel‖R‖=  9.463e-03  size(V,2)=  3150
iter=   160  rel‖R‖=  9.402e-03  size(V,2)=  3675
iter=   161  rel‖R‖=  9.331e-03  size(V,2)=  4200
iter=   162  rel‖R‖=  9.247e-03  size(V,2)=  4725
iter=   163  rel‖R‖=  9.155e-03  size(V,2)=  5250
iter=   164  rel‖R‖=  9.140e-03  size(V,2)=  1050
iter=   165  rel‖R‖=  9.106e-03  size(V,2)=  1575
iter=   166  rel‖R‖=  9.064e-03  size(V,2)=  2100
iter=   167  rel‖R‖=  9.017e-03  size(V,2)=  2625
iter=   168  rel‖R‖=  8.965e-03  size(V,2)=  3150
iter=   169  rel‖R‖=  8.908e-03  size(V,2)=  3675
iter=   170  rel‖R‖=  8.843e-03  size(V,2)=  4200
iter=   171  rel‖R‖=  8.771e-03  size(V,2)=  4725
iter=   172  rel‖R‖=  8.681e-03  size(V,2)=  5250
iter=   173  rel‖R‖=  8.667e-03  size(V,2)=  1050
iter=   174  rel‖R‖=  8.634e-03  size(V,2)=  1575
iter=   175  rel‖R‖=  8.596e-03  size(V,2)=  2100
iter=   176  rel‖R‖=  8.552e-03  size(V,2)=  2625
iter=   177  rel‖R‖=  8.503e-03  size(V,2)=  3150
iter=   178  rel‖R‖=  8.449e-03  size(V,2)=  3675
iter=   179  rel‖R‖=  8.389e-03  size(V,2)=  4200
iter=   180  rel‖R‖=  8.321e-03  size(V,2)=  4725
iter=   181  rel‖R‖=  8.245e-03  size(V,2)=  5250
iter=   182  rel‖R‖=  8.233e-03  size(V,2)=  1050
iter=   183  rel‖R‖=  8.202e-03  size(V,2)=  1575
iter=   184  rel‖R‖=  8.166e-03  size(V,2)=  2100
iter=   185  rel‖R‖=  8.125e-03  size(V,2)=  2625
iter=   186  rel‖R‖=  8.079e-03  size(V,2)=  3150
iter=   187  rel‖R‖=  8.026e-03  size(V,2)=  3675
iter=   188  rel‖R‖=  7.970e-03  size(V,2)=  4200
iter=   189  rel‖R‖=  7.904e-03  size(V,2)=  4725
iter=   190  rel‖R‖=  7.829e-03  size(V,2)=  5250
iter=   191  rel‖R‖=  7.818e-03  size(V,2)=  1050
iter=   192  rel‖R‖=  7.789e-03  size(V,2)=  1575
iter=   193  rel‖R‖=  7.754e-03  size(V,2)=  2100
iter=   194  rel‖R‖=  7.715e-03  size(V,2)=  2625
iter=   195  rel‖R‖=  7.671e-03  size(V,2)=  3150
iter=   196  rel‖R‖=  7.622e-03  size(V,2)=  3675
iter=   197  rel‖R‖=  7.567e-03  size(V,2)=  4200
iter=   198  rel‖R‖=  7.506e-03  size(V,2)=  4725
iter=   199  rel‖R‖=  7.431e-03  size(V,2)=  5250
iter=   200  rel‖R‖=  7.420e-03  size(V,2)=  1050
iter=   201  rel‖R‖=  7.392e-03  size(V,2)=  1575
iter=   202  rel‖R‖=  7.360e-03  size(V,2)=  2100
iter=   203  rel‖R‖=  7.323e-03  size(V,2)=  2625
iter=   204  rel‖R‖=  7.281e-03  size(V,2)=  3150
iter=   205  rel‖R‖=  7.234e-03  size(V,2)=  3675
iter=   206  rel‖R‖=  7.180e-03  size(V,2)=  4200
iter=   207  rel‖R‖=  7.121e-03  size(V,2)=  4725
iter=   208  rel‖R‖=  7.056e-03  size(V,2)=  5250
iter=   209  rel‖R‖=  7.046e-03  size(V,2)=  1050
iter=   210  rel‖R‖=  7.021e-03  size(V,2)=  1575
iter=   211  rel‖R‖=  6.990e-03  size(V,2)=  2100
iter=   212  rel‖R‖=  6.955e-03  size(V,2)=  2625
iter=   213  rel‖R‖=  6.917e-03  size(V,2)=  3150
iter=   214  rel‖R‖=  6.875e-03  size(V,2)=  3675
iter=   215  rel‖R‖=  6.828e-03  size(V,2)=  4200
iter=   216  rel‖R‖=  6.773e-03  size(V,2)=  4725
iter=   217  rel‖R‖=  6.713e-03  size(V,2)=  5250
iter=   218  rel‖R‖=  6.703e-03  size(V,2)=  1050
iter=   219  rel‖R‖=  6.680e-03  size(V,2)=  1575
iter=   220  rel‖R‖=  6.652e-03  size(V,2)=  2100
iter=   221  rel‖R‖=  6.619e-03  size(V,2)=  2625
iter=   222  rel‖R‖=  6.582e-03  size(V,2)=  3150
iter=   223  rel‖R‖=  6.542e-03  size(V,2)=  3675
iter=   224  rel‖R‖=  6.496e-03  size(V,2)=  4200
iter=   225  rel‖R‖=  6.445e-03  size(V,2)=  4725
iter=   226  rel‖R‖=  6.388e-03  size(V,2)=  5250
iter=   227  rel‖R‖=  6.379e-03  size(V,2)=  1050
iter=   228  rel‖R‖=  6.357e-03  size(V,2)=  1575
iter=   229  rel‖R‖=  6.330e-03  size(V,2)=  2100
iter=   230  rel‖R‖=  6.300e-03  size(V,2)=  2625
iter=   231  rel‖R‖=  6.265e-03  size(V,2)=  3150
iter=   232  rel‖R‖=  6.225e-03  size(V,2)=  3675
iter=   233  rel‖R‖=  6.183e-03  size(V,2)=  4200
iter=   234  rel‖R‖=  6.134e-03  size(V,2)=  4725
iter=   235  rel‖R‖=  6.079e-03  size(V,2)=  5250
iter=   236  rel‖R‖=  6.070e-03  size(V,2)=  1050
iter=   237  rel‖R‖=  6.049e-03  size(V,2)=  1575
iter=   238  rel‖R‖=  6.024e-03  size(V,2)=  2100
iter=   239  rel‖R‖=  5.994e-03  size(V,2)=  2625
iter=   240  rel‖R‖=  5.962e-03  size(V,2)=  3150
iter=   241  rel‖R‖=  5.924e-03  size(V,2)=  3675
iter=   242  rel‖R‖=  5.883e-03  size(V,2)=  4200
iter=   243  rel‖R‖=  5.836e-03  size(V,2)=  4725
iter=   244  rel‖R‖=  5.783e-03  size(V,2)=  5250
iter=   245  rel‖R‖=  5.776e-03  size(V,2)=  1050
iter=   246  rel‖R‖=  5.755e-03  size(V,2)=  1575
iter=   247  rel‖R‖=  5.731e-03  size(V,2)=  2100
iter=   248  rel‖R‖=  5.703e-03  size(V,2)=  2625
iter=   249  rel‖R‖=  5.672e-03  size(V,2)=  3150
iter=   250  rel‖R‖=  5.638e-03  size(V,2)=  3675
iter=   251  rel‖R‖=  5.601e-03  size(V,2)=  4200
iter=   252  rel‖R‖=  5.559e-03  size(V,2)=  4725
iter=   253  rel‖R‖=  5.512e-03  size(V,2)=  5250
iter=   254  rel‖R‖=  5.505e-03  size(V,2)=  1050
iter=   255  rel‖R‖=  5.487e-03  size(V,2)=  1575
iter=   256  rel‖R‖=  5.463e-03  size(V,2)=  2100
iter=   257  rel‖R‖=  5.438e-03  size(V,2)=  2625
iter=   258  rel‖R‖=  5.408e-03  size(V,2)=  3150
iter=   259  rel‖R‖=  5.375e-03  size(V,2)=  3675
iter=   260  rel‖R‖=  5.338e-03  size(V,2)=  4200
iter=   261  rel‖R‖=  5.295e-03  size(V,2)=  4725
iter=   262  rel‖R‖=  5.247e-03  size(V,2)=  5250
iter=   263  rel‖R‖=  5.240e-03  size(V,2)=  1050
iter=   264  rel‖R‖=  5.221e-03  size(V,2)=  1575
iter=   265  rel‖R‖=  5.199e-03  size(V,2)=  2100
iter=   266  rel‖R‖=  5.175e-03  size(V,2)=  2625
iter=   267  rel‖R‖=  5.147e-03  size(V,2)=  3150
iter=   268  rel‖R‖=  5.115e-03  size(V,2)=  3675
iter=   269  rel‖R‖=  5.081e-03  size(V,2)=  4200
iter=   270  rel‖R‖=  5.043e-03  size(V,2)=  4725
iter=   271  rel‖R‖=  4.998e-03  size(V,2)=  5250
iter=   272  rel‖R‖=  4.992e-03  size(V,2)=  1050
iter=   273  rel‖R‖=  4.974e-03  size(V,2)=  1575
iter=   274  rel‖R‖=  4.954e-03  size(V,2)=  2100
iter=   275  rel‖R‖=  4.931e-03  size(V,2)=  2625
iter=   276  rel‖R‖=  4.905e-03  size(V,2)=  3150
iter=   277  rel‖R‖=  4.876e-03  size(V,2)=  3675
iter=   278  rel‖R‖=  4.843e-03  size(V,2)=  4200
iter=   279  rel‖R‖=  4.808e-03  size(V,2)=  4725
iter=   280  rel‖R‖=  4.767e-03  size(V,2)=  5250
iter=   281  rel‖R‖=  4.760e-03  size(V,2)=  1050
iter=   282  rel‖R‖=  4.744e-03  size(V,2)=  1575
iter=   283  rel‖R‖=  4.725e-03  size(V,2)=  2100
iter=   284  rel‖R‖=  4.702e-03  size(V,2)=  2625
iter=   285  rel‖R‖=  4.677e-03  size(V,2)=  3150
iter=   286  rel‖R‖=  4.649e-03  size(V,2)=  3675
iter=   287  rel‖R‖=  4.617e-03  size(V,2)=  4200
iter=   288  rel‖R‖=  4.582e-03  size(V,2)=  4725
iter=   289  rel‖R‖=  4.539e-03  size(V,2)=  5250
iter=   290  rel‖R‖=  4.533e-03  size(V,2)=  1050
iter=   291  rel‖R‖=  4.517e-03  size(V,2)=  1575
iter=   292  rel‖R‖=  4.498e-03  size(V,2)=  2100
iter=   293  rel‖R‖=  4.477e-03  size(V,2)=  2625
iter=   294  rel‖R‖=  4.452e-03  size(V,2)=  3150
iter=   295  rel‖R‖=  4.426e-03  size(V,2)=  3675
iter=   296  rel‖R‖=  4.395e-03  size(V,2)=  4200
iter=   297  rel‖R‖=  4.362e-03  size(V,2)=  4725
iter=   298  rel‖R‖=  4.324e-03  size(V,2)=  5250
iter=   299  rel‖R‖=  4.318e-03  size(V,2)=  1050
iter=   300  rel‖R‖=  4.303e-03  size(V,2)=  1575
iter=   301  rel‖R‖=  4.286e-03  size(V,2)=  2100
iter=   302  rel‖R‖=  4.265e-03  size(V,2)=  2625
iter=   303  rel‖R‖=  4.243e-03  size(V,2)=  3150
iter=   304  rel‖R‖=  4.218e-03  size(V,2)=  3675
iter=   305  rel‖R‖=  4.190e-03  size(V,2)=  4200
iter=   306  rel‖R‖=  4.158e-03  size(V,2)=  4725
iter=   307  rel‖R‖=  4.124e-03  size(V,2)=  5250
iter=   308  rel‖R‖=  4.119e-03  size(V,2)=  1050
iter=   309  rel‖R‖=  4.105e-03  size(V,2)=  1575
iter=   310  rel‖R‖=  4.089e-03  size(V,2)=  2100
iter=   311  rel‖R‖=  4.069e-03  size(V,2)=  2625
iter=   312  rel‖R‖=  4.048e-03  size(V,2)=  3150
iter=   313  rel‖R‖=  4.024e-03  size(V,2)=  3675
iter=   314  rel‖R‖=  3.997e-03  size(V,2)=  4200
iter=   315  rel‖R‖=  3.967e-03  size(V,2)=  4725
iter=   316  rel‖R‖=  3.933e-03  size(V,2)=  5250
iter=   317  rel‖R‖=  3.928e-03  size(V,2)=  1050
iter=   318  rel‖R‖=  3.914e-03  size(V,2)=  1575
iter=   319  rel‖R‖=  3.898e-03  size(V,2)=  2100
iter=   320  rel‖R‖=  3.880e-03  size(V,2)=  2625
iter=   321  rel‖R‖=  3.860e-03  size(V,2)=  3150
iter=   322  rel‖R‖=  3.837e-03  size(V,2)=  3675
iter=   323  rel‖R‖=  3.811e-03  size(V,2)=  4200
iter=   324  rel‖R‖=  3.783e-03  size(V,2)=  4725
iter=   325  rel‖R‖=  3.751e-03  size(V,2)=  5250
iter=   326  rel‖R‖=  3.746e-03  size(V,2)=  1050
iter=   327  rel‖R‖=  3.734e-03  size(V,2)=  1575
iter=   328  rel‖R‖=  3.719e-03  size(V,2)=  2100
iter=   329  rel‖R‖=  3.702e-03  size(V,2)=  2625
iter=   330  rel‖R‖=  3.682e-03  size(V,2)=  3150
iter=   331  rel‖R‖=  3.660e-03  size(V,2)=  3675
iter=   332  rel‖R‖=  3.637e-03  size(V,2)=  4200
iter=   333  rel‖R‖=  3.610e-03  size(V,2)=  4725
iter=   334  rel‖R‖=  3.581e-03  size(V,2)=  5250
iter=   335  rel‖R‖=  3.576e-03  size(V,2)=  1050
iter=   336  rel‖R‖=  3.564e-03  size(V,2)=  1575
iter=   337  rel‖R‖=  3.550e-03  size(V,2)=  2100
iter=   338  rel‖R‖=  3.533e-03  size(V,2)=  2625
iter=   339  rel‖R‖=  3.515e-03  size(V,2)=  3150
iter=   340  rel‖R‖=  3.495e-03  size(V,2)=  3675
iter=   341  rel‖R‖=  3.472e-03  size(V,2)=  4200
iter=   342  rel‖R‖=  3.446e-03  size(V,2)=  4725
iter=   343  rel‖R‖=  3.418e-03  size(V,2)=  5250
iter=   344  rel‖R‖=  3.414e-03  size(V,2)=  1050
iter=   345  rel‖R‖=  3.403e-03  size(V,2)=  1575
iter=   346  rel‖R‖=  3.389e-03  size(V,2)=  2100
iter=   347  rel‖R‖=  3.373e-03  size(V,2)=  2625
iter=   348  rel‖R‖=  3.356e-03  size(V,2)=  3150
iter=   349  rel‖R‖=  3.336e-03  size(V,2)=  3675
iter=   350  rel‖R‖=  3.316e-03  size(V,2)=  4200
iter=   351  rel‖R‖=  3.292e-03  size(V,2)=  4725
iter=   352  rel‖R‖=  3.265e-03  size(V,2)=  5250
iter=   353  rel‖R‖=  3.261e-03  size(V,2)=  1050
iter=   354  rel‖R‖=  3.250e-03  size(V,2)=  1575
iter=   355  rel‖R‖=  3.238e-03  size(V,2)=  2100
iter=   356  rel‖R‖=  3.223e-03  size(V,2)=  2625
iter=   357  rel‖R‖=  3.207e-03  size(V,2)=  3150
iter=   358  rel‖R‖=  3.189e-03  size(V,2)=  3675
iter=   359  rel‖R‖=  3.168e-03  size(V,2)=  4200
iter=   360  rel‖R‖=  3.146e-03  size(V,2)=  4725
iter=   361  rel‖R‖=  3.121e-03  size(V,2)=  5250
iter=   362  rel‖R‖=  3.118e-03  size(V,2)=  1050
iter=   363  rel‖R‖=  3.108e-03  size(V,2)=  1575
iter=   364  rel‖R‖=  3.096e-03  size(V,2)=  2100
iter=   365  rel‖R‖=  3.081e-03  size(V,2)=  2625
iter=   366  rel‖R‖=  3.066e-03  size(V,2)=  3150
iter=   367  rel‖R‖=  3.048e-03  size(V,2)=  3675
iter=   368  rel‖R‖=  3.028e-03  size(V,2)=  4200
iter=   369  rel‖R‖=  3.005e-03  size(V,2)=  4725
iter=   370  rel‖R‖=  2.979e-03  size(V,2)=  5250
iter=   371  rel‖R‖=  2.975e-03  size(V,2)=  1050
iter=   372  rel‖R‖=  2.965e-03  size(V,2)=  1575
iter=   373  rel‖R‖=  2.953e-03  size(V,2)=  2100
iter=   374  rel‖R‖=  2.940e-03  size(V,2)=  2625
iter=   375  rel‖R‖=  2.925e-03  size(V,2)=  3150
iter=   376  rel‖R‖=  2.908e-03  size(V,2)=  3675
iter=   377  rel‖R‖=  2.889e-03  size(V,2)=  4200
iter=   378  rel‖R‖=  2.869e-03  size(V,2)=  4725
iter=   379  rel‖R‖=  2.846e-03  size(V,2)=  5250
iter=   380  rel‖R‖=  2.842e-03  size(V,2)=  1050
iter=   381  rel‖R‖=  2.833e-03  size(V,2)=  1575
iter=   382  rel‖R‖=  2.822e-03  size(V,2)=  2100
iter=   383  rel‖R‖=  2.809e-03  size(V,2)=  2625
iter=   384  rel‖R‖=  2.795e-03  size(V,2)=  3150
iter=   385  rel‖R‖=  2.779e-03  size(V,2)=  3675
iter=   386  rel‖R‖=  2.761e-03  size(V,2)=  4200
iter=   387  rel‖R‖=  2.742e-03  size(V,2)=  4725
iter=   388  rel‖R‖=  2.720e-03  size(V,2)=  5250
iter=   389  rel‖R‖=  2.716e-03  size(V,2)=  1050
iter=   390  rel‖R‖=  2.708e-03  size(V,2)=  1575
iter=   391  rel‖R‖=  2.697e-03  size(V,2)=  2100
iter=   392  rel‖R‖=  2.685e-03  size(V,2)=  2625
iter=   393  rel‖R‖=  2.671e-03  size(V,2)=  3150
iter=   394  rel‖R‖=  2.656e-03  size(V,2)=  3675
iter=   395  rel‖R‖=  2.639e-03  size(V,2)=  4200
iter=   396  rel‖R‖=  2.621e-03  size(V,2)=  4725
iter=   397  rel‖R‖=  2.600e-03  size(V,2)=  5250
iter=   398  rel‖R‖=  2.597e-03  size(V,2)=  1050
iter=   399  rel‖R‖=  2.588e-03  size(V,2)=  1575
iter=   400  rel‖R‖=  2.579e-03  size(V,2)=  2100
iter=   401  rel‖R‖=  2.567e-03  size(V,2)=  2625
iter=   402  rel‖R‖=  2.554e-03  size(V,2)=  3150
iter=   403  rel‖R‖=  2.540e-03  size(V,2)=  3675
iter=   404  rel‖R‖=  2.524e-03  size(V,2)=  4200
iter=   405  rel‖R‖=  2.506e-03  size(V,2)=  4725
iter=   406  rel‖R‖=  2.487e-03  size(V,2)=  5250
iter=   407  rel‖R‖=  2.484e-03  size(V,2)=  1050
iter=   408  rel‖R‖=  2.476e-03  size(V,2)=  1575
iter=   409  rel‖R‖=  2.466e-03  size(V,2)=  2100
iter=   410  rel‖R‖=  2.455e-03  size(V,2)=  2625
iter=   411  rel‖R‖=  2.442e-03  size(V,2)=  3150
iter=   412  rel‖R‖=  2.429e-03  size(V,2)=  3675
iter=   413  rel‖R‖=  2.413e-03  size(V,2)=  4200
iter=   414  rel‖R‖=  2.396e-03  size(V,2)=  4725
iter=   415  rel‖R‖=  2.376e-03  size(V,2)=  5250
iter=   416  rel‖R‖=  2.373e-03  size(V,2)=  1050
iter=   417  rel‖R‖=  2.365e-03  size(V,2)=  1575
iter=   418  rel‖R‖=  2.356e-03  size(V,2)=  2100
iter=   419  rel‖R‖=  2.346e-03  size(V,2)=  2625
iter=   420  rel‖R‖=  2.334e-03  size(V,2)=  3150
iter=   421  rel‖R‖=  2.321e-03  size(V,2)=  3675
iter=   422  rel‖R‖=  2.305e-03  size(V,2)=  4200
iter=   423  rel‖R‖=  2.289e-03  size(V,2)=  4725
iter=   424  rel‖R‖=  2.269e-03  size(V,2)=  5250
iter=   425  rel‖R‖=  2.266e-03  size(V,2)=  1050
iter=   426  rel‖R‖=  2.259e-03  size(V,2)=  1575
iter=   427  rel‖R‖=  2.250e-03  size(V,2)=  2100
iter=   428  rel‖R‖=  2.240e-03  size(V,2)=  2625
iter=   429  rel‖R‖=  2.228e-03  size(V,2)=  3150
iter=   430  rel‖R‖=  2.216e-03  size(V,2)=  3675
iter=   431  rel‖R‖=  2.201e-03  size(V,2)=  4200
iter=   432  rel‖R‖=  2.186e-03  size(V,2)=  4725
iter=   433  rel‖R‖=  2.167e-03  size(V,2)=  5250
iter=   434  rel‖R‖=  2.164e-03  size(V,2)=  1050
iter=   435  rel‖R‖=  2.157e-03  size(V,2)=  1575
iter=   436  rel‖R‖=  2.149e-03  size(V,2)=  2100
iter=   437  rel‖R‖=  2.139e-03  size(V,2)=  2625
iter=   438  rel‖R‖=  2.128e-03  size(V,2)=  3150
iter=   439  rel‖R‖=  2.116e-03  size(V,2)=  3675
iter=   440  rel‖R‖=  2.102e-03  size(V,2)=  4200
iter=   441  rel‖R‖=  2.087e-03  size(V,2)=  4725
iter=   442  rel‖R‖=  2.069e-03  size(V,2)=  5250
iter=   443  rel‖R‖=  2.067e-03  size(V,2)=  1050
iter=   444  rel‖R‖=  2.060e-03  size(V,2)=  1575
iter=   445  rel‖R‖=  2.052e-03  size(V,2)=  2100
iter=   446  rel‖R‖=  2.042e-03  size(V,2)=  2625
iter=   447  rel‖R‖=  2.032e-03  size(V,2)=  3150
iter=   448  rel‖R‖=  2.020e-03  size(V,2)=  3675
iter=   449  rel‖R‖=  2.008e-03  size(V,2)=  4200
iter=   450  rel‖R‖=  1.993e-03  size(V,2)=  4725
iter=   451  rel‖R‖=  1.976e-03  size(V,2)=  5250
iter=   452  rel‖R‖=  1.973e-03  size(V,2)=  1050
iter=   453  rel‖R‖=  1.967e-03  size(V,2)=  1575
iter=   454  rel‖R‖=  1.959e-03  size(V,2)=  2100
iter=   455  rel‖R‖=  1.950e-03  size(V,2)=  2625
iter=   456  rel‖R‖=  1.940e-03  size(V,2)=  3150
iter=   457  rel‖R‖=  1.929e-03  size(V,2)=  3675
iter=   458  rel‖R‖=  1.917e-03  size(V,2)=  4200
iter=   459  rel‖R‖=  1.903e-03  size(V,2)=  4725
iter=   460  rel‖R‖=  1.888e-03  size(V,2)=  5250
iter=   461  rel‖R‖=  1.885e-03  size(V,2)=  1050
iter=   462  rel‖R‖=  1.879e-03  size(V,2)=  1575
iter=   463  rel‖R‖=  1.871e-03  size(V,2)=  2100
iter=   464  rel‖R‖=  1.863e-03  size(V,2)=  2625
iter=   465  rel‖R‖=  1.853e-03  size(V,2)=  3150
iter=   466  rel‖R‖=  1.843e-03  size(V,2)=  3675
iter=   467  rel‖R‖=  1.832e-03  size(V,2)=  4200
iter=   468  rel‖R‖=  1.819e-03  size(V,2)=  4725
iter=   469  rel‖R‖=  1.804e-03  size(V,2)=  5250
iter=   470  rel‖R‖=  1.802e-03  size(V,2)=  1050
iter=   471  rel‖R‖=  1.796e-03  size(V,2)=  1575
iter=   472  rel‖R‖=  1.790e-03  size(V,2)=  2100
iter=   473  rel‖R‖=  1.782e-03  size(V,2)=  2625
iter=   474  rel‖R‖=  1.773e-03  size(V,2)=  3150
iter=   475  rel‖R‖=  1.763e-03  size(V,2)=  3675
iter=   476  rel‖R‖=  1.752e-03  size(V,2)=  4200
iter=   477  rel‖R‖=  1.740e-03  size(V,2)=  4725
iter=   478  rel‖R‖=  1.726e-03  size(V,2)=  5250
iter=   479  rel‖R‖=  1.724e-03  size(V,2)=  1050
iter=   480  rel‖R‖=  1.719e-03  size(V,2)=  1575
iter=   481  rel‖R‖=  1.712e-03  size(V,2)=  2100
iter=   482  rel‖R‖=  1.704e-03  size(V,2)=  2625
iter=   483  rel‖R‖=  1.696e-03  size(V,2)=  3150
iter=   484  rel‖R‖=  1.686e-03  size(V,2)=  3675
iter=   485  rel‖R‖=  1.676e-03  size(V,2)=  4200
iter=   486  rel‖R‖=  1.664e-03  size(V,2)=  4725
iter=   487  rel‖R‖=  1.651e-03  size(V,2)=  5250
iter=   488  rel‖R‖=  1.649e-03  size(V,2)=  1050
iter=   489  rel‖R‖=  1.643e-03  size(V,2)=  1575
iter=   490  rel‖R‖=  1.637e-03  size(V,2)=  2100
iter=   491  rel‖R‖=  1.630e-03  size(V,2)=  2625
iter=   492  rel‖R‖=  1.622e-03  size(V,2)=  3150
iter=   493  rel‖R‖=  1.613e-03  size(V,2)=  3675
iter=   494  rel‖R‖=  1.603e-03  size(V,2)=  4200
iter=   495  rel‖R‖=  1.591e-03  size(V,2)=  4725
iter=   496  rel‖R‖=  1.579e-03  size(V,2)=  5250
iter=   497  rel‖R‖=  1.577e-03  size(V,2)=  1050
iter=   498  rel‖R‖=  1.571e-03  size(V,2)=  1575
iter=   499  rel‖R‖=  1.565e-03  size(V,2)=  2100
iter=   500  rel‖R‖=  1.559e-03  size(V,2)=  2625
iter=   501  rel‖R‖=  1.551e-03  size(V,2)=  3150
iter=   502  rel‖R‖=  1.542e-03  size(V,2)=  3675
iter=   503  rel‖R‖=  1.533e-03  size(V,2)=  4200
iter=   504  rel‖R‖=  1.522e-03  size(V,2)=  4725
iter=   505  rel‖R‖=  1.510e-03  size(V,2)=  5250
iter=   506  rel‖R‖=  1.508e-03  size(V,2)=  1050
iter=   507  rel‖R‖=  1.504e-03  size(V,2)=  1575
iter=   508  rel‖R‖=  1.498e-03  size(V,2)=  2100
iter=   509  rel‖R‖=  1.491e-03  size(V,2)=  2625
iter=   510  rel‖R‖=  1.484e-03  size(V,2)=  3150
iter=   511  rel‖R‖=  1.476e-03  size(V,2)=  3675
iter=   512  rel‖R‖=  1.467e-03  size(V,2)=  4200
iter=   513  rel‖R‖=  1.456e-03  size(V,2)=  4725
iter=   514  rel‖R‖=  1.445e-03  size(V,2)=  5250
iter=   515  rel‖R‖=  1.443e-03  size(V,2)=  1050
iter=   516  rel‖R‖=  1.439e-03  size(V,2)=  1575
iter=   517  rel‖R‖=  1.433e-03  size(V,2)=  2100
iter=   518  rel‖R‖=  1.427e-03  size(V,2)=  2625
iter=   519  rel‖R‖=  1.420e-03  size(V,2)=  3150
iter=   520  rel‖R‖=  1.412e-03  size(V,2)=  3675
iter=   521  rel‖R‖=  1.403e-03  size(V,2)=  4200
iter=   522  rel‖R‖=  1.393e-03  size(V,2)=  4725
iter=   523  rel‖R‖=  1.382e-03  size(V,2)=  5250
iter=   524  rel‖R‖=  1.381e-03  size(V,2)=  1050
iter=   525  rel‖R‖=  1.376e-03  size(V,2)=  1575
iter=   526  rel‖R‖=  1.371e-03  size(V,2)=  2100
iter=   527  rel‖R‖=  1.365e-03  size(V,2)=  2625
iter=   528  rel‖R‖=  1.359e-03  size(V,2)=  3150
iter=   529  rel‖R‖=  1.351e-03  size(V,2)=  3675
iter=   530  rel‖R‖=  1.343e-03  size(V,2)=  4200
iter=   531  rel‖R‖=  1.334e-03  size(V,2)=  4725
iter=   532  rel‖R‖=  1.324e-03  size(V,2)=  5250
iter=   533  rel‖R‖=  1.322e-03  size(V,2)=  1050
iter=   534  rel‖R‖=  1.318e-03  size(V,2)=  1575
iter=   535  rel‖R‖=  1.313e-03  size(V,2)=  2100
iter=   536  rel‖R‖=  1.307e-03  size(V,2)=  2625
iter=   537  rel‖R‖=  1.301e-03  size(V,2)=  3150
iter=   538  rel‖R‖=  1.294e-03  size(V,2)=  3675
iter=   539  rel‖R‖=  1.286e-03  size(V,2)=  4200
iter=   540  rel‖R‖=  1.277e-03  size(V,2)=  4725
iter=   541  rel‖R‖=  1.268e-03  size(V,2)=  5250
iter=   542  rel‖R‖=  1.266e-03  size(V,2)=  1050
iter=   543  rel‖R‖=  1.262e-03  size(V,2)=  1575
iter=   544  rel‖R‖=  1.257e-03  size(V,2)=  2100
iter=   545  rel‖R‖=  1.252e-03  size(V,2)=  2625
iter=   546  rel‖R‖=  1.245e-03  size(V,2)=  3150
iter=   547  rel‖R‖=  1.238e-03  size(V,2)=  3675
iter=   548  rel‖R‖=  1.231e-03  size(V,2)=  4200
iter=   549  rel‖R‖=  1.222e-03  size(V,2)=  4725
iter=   550  rel‖R‖=  1.213e-03  size(V,2)=  5250
iter=   551  rel‖R‖=  1.211e-03  size(V,2)=  1050
iter=   552  rel‖R‖=  1.207e-03  size(V,2)=  1575
iter=   553  rel‖R‖=  1.202e-03  size(V,2)=  2100
iter=   554  rel‖R‖=  1.197e-03  size(V,2)=  2625
iter=   555  rel‖R‖=  1.191e-03  size(V,2)=  3150
iter=   556  rel‖R‖=  1.185e-03  size(V,2)=  3675
iter=   557  rel‖R‖=  1.178e-03  size(V,2)=  4200
iter=   558  rel‖R‖=  1.170e-03  size(V,2)=  4725
iter=   559  rel‖R‖=  1.161e-03  size(V,2)=  5250
iter=   560  rel‖R‖=  1.160e-03  size(V,2)=  1050
iter=   561  rel‖R‖=  1.156e-03  size(V,2)=  1575
iter=   562  rel‖R‖=  1.152e-03  size(V,2)=  2100
iter=   563  rel‖R‖=  1.147e-03  size(V,2)=  2625
iter=   564  rel‖R‖=  1.141e-03  size(V,2)=  3150
iter=   565  rel‖R‖=  1.135e-03  size(V,2)=  3675
iter=   566  rel‖R‖=  1.129e-03  size(V,2)=  4200
iter=   567  rel‖R‖=  1.121e-03  size(V,2)=  4725
iter=   568  rel‖R‖=  1.113e-03  size(V,2)=  5250
iter=   569  rel‖R‖=  1.111e-03  size(V,2)=  1050
iter=   570  rel‖R‖=  1.108e-03  size(V,2)=  1575
iter=   571  rel‖R‖=  1.104e-03  size(V,2)=  2100
iter=   572  rel‖R‖=  1.099e-03  size(V,2)=  2625
iter=   573  rel‖R‖=  1.094e-03  size(V,2)=  3150
iter=   574  rel‖R‖=  1.088e-03  size(V,2)=  3675
iter=   575  rel‖R‖=  1.081e-03  size(V,2)=  4200
iter=   576  rel‖R‖=  1.074e-03  size(V,2)=  4725
iter=   577  rel‖R‖=  1.066e-03  size(V,2)=  5250
iter=   578  rel‖R‖=  1.065e-03  size(V,2)=  1050
iter=   579  rel‖R‖=  1.061e-03  size(V,2)=  1575
iter=   580  rel‖R‖=  1.057e-03  size(V,2)=  2100
iter=   581  rel‖R‖=  1.053e-03  size(V,2)=  2625
iter=   582  rel‖R‖=  1.048e-03  size(V,2)=  3150
iter=   583  rel‖R‖=  1.042e-03  size(V,2)=  3675
iter=   584  rel‖R‖=  1.036e-03  size(V,2)=  4200
iter=   585  rel‖R‖=  1.029e-03  size(V,2)=  4725
iter=   586  rel‖R‖=  1.021e-03  size(V,2)=  5250
iter=   587  rel‖R‖=  1.020e-03  size(V,2)=  1050
iter=   588  rel‖R‖=  1.017e-03  size(V,2)=  1575
iter=   589  rel‖R‖=  1.013e-03  size(V,2)=  2100
iter=   590  rel‖R‖=  1.008e-03  size(V,2)=  2625
iter=   591  rel‖R‖=  1.003e-03  size(V,2)=  3150
iter=   592  rel‖R‖=  9.980e-04  size(V,2)=  3675
iter=   593  rel‖R‖=  9.919e-04  size(V,2)=  4200
iter=   594  rel‖R‖=  9.851e-04  size(V,2)=  4725
iter=   595  rel‖R‖=  9.776e-04  size(V,2)=  5250
iter=   596  rel‖R‖=  9.764e-04  size(V,2)=  1050
iter=   597  rel‖R‖=  9.735e-04  size(V,2)=  1575
iter=   598  rel‖R‖=  9.698e-04  size(V,2)=  2100
iter=   599  rel‖R‖=  9.658e-04  size(V,2)=  2625
iter=   600  rel‖R‖=  9.612e-04  size(V,2)=  3150
iter=   601  rel‖R‖=  9.559e-04  size(V,2)=  3675
iter=   602  rel‖R‖=  9.500e-04  size(V,2)=  4200
iter=   603  rel‖R‖=  9.437e-04  size(V,2)=  4725
iter=   604  rel‖R‖=  9.365e-04  size(V,2)=  5250
iter=   605  rel‖R‖=  9.354e-04  size(V,2)=  1050
slurmstepd-andoria01: error: *** JOB 24931 ON andoria01 CANCELLED AT 2025-08-23T12:41:46 DUE TO TIME LIMIT ***

[99977] signal 15: Terminated
in expression starting at /home/fmereto/MA_best/uracil/block_uracil.jl:191
dgemm_kernel_ZEN at /home/fmereto/julia/bin/../lib/julia/libopenblas64_.so (unknown line)
unknown function (ip: (nil))
Allocations: 14319748 (Pool: 14319418; Big: 330); GC: 2776
iter=   606  rel‖R‖=  9.324e-04  size(V,2)=  1575
iter=   607  rel‖R‖=  9.289e-04  size(V,2)=  2100
iter=   608  rel‖R‖=  9.250e-04  size(V,2)=  2625
iter=   609  rel‖R‖=  9.206e-04  size(V,2)=  3150
iter=   610  rel‖R‖=  9.157e-04  size(V,2)=  3675
iter=   611  rel‖R‖=  9.103e-04  size(V,2)=  4200
iter=   612  rel‖R‖=  9.044e-04  size(V,2)=  4725
iter=   613  rel‖R‖=  8.977e-04  size(V,2)=  5250
iter=   614  rel‖R‖=  8.966e-04  size(V,2)=  1050
iter=   615  rel‖R‖=  8.938e-04  size(V,2)=  1575
iter=   616  rel‖R‖=  8.905e-04  size(V,2)=  2100
iter=   617  rel‖R‖=  8.868e-04  size(V,2)=  2625
iter=   618  rel‖R‖=  8.825e-04  size(V,2)=  3150
iter=   619  rel‖R‖=  8.779e-04  size(V,2)=  3675
iter=   620  rel‖R‖=  8.726e-04  size(V,2)=  4200
iter=   621  rel‖R‖=  8.669e-04  size(V,2)=  4725
iter=   622  rel‖R‖=  8.606e-04  size(V,2)=  5250
iter=   623  rel‖R‖=  8.596e-04  size(V,2)=  1050
iter=   624  rel‖R‖=  8.569e-04  size(V,2)=  1575
iter=   625  rel‖R‖=  8.537e-04  size(V,2)=  2100
iter=   626  rel‖R‖=  8.501e-04  size(V,2)=  2625
iter=   627  rel‖R‖=  8.460e-04  size(V,2)=  3150
iter=   628  rel‖R‖=  8.415e-04  size(V,2)=  3675
iter=   629  rel‖R‖=  8.365e-04  size(V,2)=  4200
iter=   630  rel‖R‖=  8.311e-04  size(V,2)=  4725
iter=   631  rel‖R‖=  8.248e-04  size(V,2)=  5250
iter=   632  rel‖R‖=  8.237e-04  size(V,2)=  1050
iter=   633  rel‖R‖=  8.212e-04  size(V,2)=  1575
iter=   634  rel‖R‖=  8.182e-04  size(V,2)=  2100
iter=   635  rel‖R‖=  8.147e-04  size(V,2)=  2625
iter=   636  rel‖R‖=  8.108e-04  size(V,2)=  3150
iter=   637  rel‖R‖=  8.063e-04  size(V,2)=  3675
iter=   638  rel‖R‖=  8.016e-04  size(V,2)=  4200
