Processing molecule: uracil
Running with alpha = 10
Running with l = 10
Davidson
iter=     1  rel‖R‖=  3.164e+01  size(V,2)=   210
iter=     2  rel‖R‖=  1.807e+01  size(V,2)=   420
iter=     3  rel‖R‖=  3.549e+00  size(V,2)=   630
iter=     4  rel‖R‖=  7.074e-01  size(V,2)=   840
iter=     5  rel‖R‖=  1.844e-01  size(V,2)=  1050
iter=     6  rel‖R‖=  3.358e-02  size(V,2)=  1260
iter=     7  rel‖R‖=  4.340e-03  size(V,2)=  1470
iter=     8  rel‖R‖=  4.390e-04  size(V,2)=  1680
iter=     9  rel‖R‖=  3.962e-05  size(V,2)=  1890
converged!
434.423784 seconds (25.99 k allocations: 12.470 GiB, 0.05% gc time)
Total estimated FLOPs: 25965835993440

Reading exact Eigenvalues...
Reading eigenvalues from ../Eigenvalues_folder/eigenres_uracil_RNDbasis.jld2

Difference between Davidson and exact eigenvalues:
1×210 adjoint(::Vector{Float64}) with eltype Float64:
 -3.55271e-15  -1.77636e-14  1.77636e-14  -2.4869e-14  3.55271e-15  -1.42109e-14  0.0  -3.55271e-15  7.10543e-15  -1.06581e-14  3.55271e-15  7.10543e-15  1.77636e-15  -3.55271e-15  3.55271e-15  1.77636e-15  -1.77636e-15  0.0  0.0  0.0  -3.55271e-15  0.0  1.77636e-15  7.10543e-15  7.10543e-15  3.55271e-15  -1.77636e-15  -3.55271e-15  1.77636e-15  0.0  1.77636e-15  -3.55271e-15  -3.55271e-15  0.0  1.77636e-15  -3.55271e-15  -3.55271e-15  0.0  5.32907e-15  3.55271e-15  -4.44089e-15  -5.32907e-15  -1.77636e-15  1.77636e-15  4.44089e-15  1.77636e-15  -3.55271e-15  -5.32907e-15  -1.77636e-15  5.32907e-15  8.88178e-16  -2.66454e-15  3.55271e-15  -8.88178e-16  0.0  -6.21725e-15  -8.88178e-16  -1.77636e-15  -6.21725e-15  8.88178e-16  -1.77636e-15  8.88178e-16  7.10543e-15  7.99361e-15  -6.21725e-15  8.88178e-16  8.88178e-16  4.44089e-15  8.88178e-16  -7.99361e-15  -3.55271e-15  6.21725e-15  -7.99361e-15  3.55271e-15  7.10543e-15  2.66454e-15  7.99361e-15  -8.88178e-15  5.32907e-15  2.66454e-15  6.21725e-15  4.44089e-15  4.44089e-15  1.77636e-15  -3.55271e-15  -4.44089e-15  -2.66454e-15  -3.55271e-15  9.76996e-15  -9.76996e-15  -5.32907e-15  6.21725e-15  -7.99361e-15  -4.44089e-15  0.0  -8.43769e-15  -7.54952e-15  -1.33227e-15  5.77316e-15  -4.44089e-15  -3.9968e-15  -3.9968e-15  -9.76996e-15  -5.77316e-15  -7.54952e-15  -1.11022e-14  -3.55271e-15  5.77316e-15  -1.11022e-14  4.88498e-15  -5.32907e-15  2.66454e-15  7.54952e-15  8.43769e-15  2.22045e-15  2.66454e-15  -6.21725e-15  1.02141e-14  -1.33227e-15  0.0  8.43769e-15  2.66454e-15  -2.66454e-15  6.66134e-15  -1.28786e-14  6.21725e-15  3.9968e-15  3.55271e-15  1.24345e-14  -2.66454e-15  9.76996e-15  -3.55271e-15  7.54952e-15  1.33227e-15  0.0  -1.68754e-14  -1.77636e-15  8.88178e-16  -4.44089e-16  -1.33227e-14  -2.75335e-14  -2.62013e-14  -2.22045e-14  -2.4869e-14  -5.86198e-14  -6.9722e-14  -7.06102e-14  -9.05942e-14  -9.37028e-14  -2.80664e-13  -3.09086e-13  -6.34603e-13  -4.89386e-13  -9.78329e-13  -8.57092e-13  -1.35714e-12  -2.52554e-12  -2.32259e-12  -2.38209e-12  -1.53788e-12  -2.27951e-12  -4.00613e-12  -3.46301e-12  -2.76312e-12  -4.24638e-12  -3.93729e-12  -7.09166e-12  -1.10387e-11  -1.25264e-11  -9.05498e-12  -2.11751e-11  -1.36833e-11  -1.6104e-11  -4.67475e-11  -3.70739e-11  -2.35292e-11  -1.90483e-11  -5.99969e-11  -2.9925e-11  -3.57541e-11  -4.39559e-11  -9.45892e-11  -1.17441e-10  -5.59566e-11  -1.09062e-10  -8.70979e-11  -8.87042e-11  -1.33808e-10  -2.25863e-10  -1.14082e-10  -2.88011e-10  -1.79975e-10  -2.24416e-10  -2.3277e-10  -2.89346e-10  -3.83268e-10  -2.13435e-10  -3.5977e-10  -4.38631e-10  -4.84858e-10  -4.50736e-10  -3.31622e-10  -6.71376e-10  -2.99542e-10  -1.0454e-9  -1.91654e-9  -1.07524e-9  -1.91719e-9  -1.90967e-9  -2.27142e-9
210 Eigenvalues converges, out of 210 requested.
Running with l = 15
Davidson
iter=     1  rel‖R‖=  2.860e+01  size(V,2)=   315
iter=     2  rel‖R‖=  1.145e+01  size(V,2)=   630
iter=     3  rel‖R‖=  1.852e+00  size(V,2)=   945
iter=     4  rel‖R‖=  4.161e-01  size(V,2)=  1260
iter=     5  rel‖R‖=  1.325e-01  size(V,2)=  1575
iter=     6  rel‖R‖=  3.401e-02  size(V,2)=  1890
iter=     7  rel‖R‖=  7.045e-03  size(V,2)=  2205
iter=     8  rel‖R‖=  1.247e-03  size(V,2)=  2520
iter=     9  rel‖R‖=  2.025e-04  size(V,2)=  2835
iter=    10  rel‖R‖=  3.054e-05  size(V,2)=  3150
converged!
855.555057 seconds (43.42 k allocations: 22.878 GiB, 0.08% gc time)
Total estimated FLOPs: 50228889949980

Reading exact Eigenvalues...
Reading eigenvalues from ../Eigenvalues_folder/eigenres_uracil_RNDbasis.jld2

Difference between Davidson and exact eigenvalues:
1×315 adjoint(::Vector{Float64}) with eltype Float64:
 4.26326e-14  -7.10543e-15  -3.55271e-15  3.55271e-15  3.90799e-14  4.61853e-14  7.10543e-15  -3.55271e-15  -3.55271e-15  -3.55271e-15  -1.06581e-14  3.55271e-15  -7.10543e-15  0.0  3.55271e-15  1.77636e-15  7.10543e-15  -3.55271e-15  -7.10543e-15  0.0  -7.10543e-15  -5.32907e-15  1.77636e-15  1.77636e-15  3.55271e-15  0.0  -5.32907e-15  -7.10543e-15  7.10543e-15  0.0  0.0  -5.32907e-15  -7.10543e-15  -1.77636e-15  0.0  -3.55271e-15  -1.77636e-15  -1.77636e-15  0.0  3.55271e-15  2.66454e-15  1.77636e-15  -1.77636e-15  -8.88178e-16  3.55271e-15  0.0  -7.99361e-15  -2.66454e-15  5.32907e-15  4.44089e-15  -7.10543e-15  -8.88178e-15  1.77636e-15  -2.66454e-15  -5.32907e-15  -2.66454e-15  7.10543e-15  -6.21725e-15  2.66454e-15  8.88178e-16  8.88178e-16  7.10543e-15  -8.88178e-15  -6.21725e-15  -1.77636e-15  -6.21725e-15  -8.88178e-16  -5.32907e-15  8.88178e-16  7.10543e-15  -7.10543e-15  -1.15463e-14  5.32907e-15  7.10543e-15  0.0  9.76996e-15  1.06581e-14  1.24345e-14  6.21725e-15  -9.76996e-15  5.32907e-15  -9.76996e-15  -4.44089e-15  1.15463e-14  3.55271e-15  7.99361e-15  -9.76996e-15  -8.88178e-15  8.88178e-15  -7.99361e-15  -6.21725e-15  3.55271e-15  -1.15463e-14  6.66134e-15  8.88178e-16  -6.66134e-15  -2.22045e-15  -1.06581e-14  5.32907e-15  2.22045e-15  -5.77316e-15  -1.06581e-14  -5.77316e-15  -1.11022e-14  -9.32587e-15  -1.06581e-14  -1.77636e-15  -5.77316e-15  4.88498e-15  -1.77636e-15  -1.28786e-14  -8.43769e-15  -1.02141e-14  7.99361e-15  1.15463e-14  -2.22045e-15  1.19904e-14  -8.88178e-15  2.66454e-15  1.06581e-14  0.0  8.88178e-16  -6.66134e-15  -1.02141e-14  0.0  -9.76996e-15  0.0  -1.06581e-14  1.15463e-14  -1.37668e-14  8.43769e-15  1.15463e-14  -1.33227e-15  -4.88498e-15  3.10862e-15  1.55431e-14  -4.88498e-15  1.37668e-14  2.22045e-15  8.88178e-16  1.15463e-14  3.9968e-15  -1.68754e-14  9.76996e-15  1.11022e-14  1.06581e-14  -1.11022e-14  8.43769e-15  -4.88498e-15  -9.76996e-15  2.22045e-15  -1.19904e-14  -3.10862e-15  -7.99361e-15  -1.15463e-14  -1.73195e-14  -4.44089e-16  -1.15463e-14  -1.42109e-14  -7.99361e-15  1.15463e-14  -9.76996e-15  -7.99361e-15  -9.76996e-15  1.37668e-14  -1.59872e-14  1.77636e-14  9.76996e-15  -1.28786e-14  1.64313e-14  8.43769e-15  1.02141e-14  -1.15463e-14  -1.19904e-14  3.9968e-15  -1.73195e-14  1.5099e-14  8.43769e-15  6.66134e-15  -1.73195e-14  -1.59872e-14  1.5099e-14  0.0  1.02141e-14  1.19904e-14  1.5099e-14  2.08722e-14  1.15463e-14  5.77316e-15  -1.82077e-14  -7.10543e-15  -8.88178e-16  1.82077e-14  -1.73195e-14  -1.5099e-14  -6.21725e-15  1.06581e-14  -1.28786e-14  -4.44089e-15  -2.13163e-14  -2.13163e-14  -1.64313e-14  -3.10862e-15  1.73195e-14  7.10543e-15  1.06581e-14  1.24345e-14  -1.28786e-14  -2.66454e-15  -1.90958e-14  -1.55431e-14  1.33227e-15  -2.26485e-14  -2.79776e-14  9.76996e-15  -1.68754e-14  -3.68594e-14  -3.15303e-14  2.22045e-15  -3.64153e-14  -4.39648e-14  -2.4647e-14  -5.15143e-14  1.55431e-15  -3.37508e-14  -2.57572e-14  -5.32907e-14  -1.0858e-13  -7.34968e-14  -1.00364e-13  -6.70575e-14  -1.12799e-13  -1.82743e-13  -1.4988e-13  -1.7164e-13  -3.36842e-13  -2.16938e-13  -2.9865e-13  -4.26326e-13  -4.90719e-13  -3.51497e-13  -4.11227e-13  -6.90115e-13  -5.20695e-13  -6.6569e-13  -6.39933e-13  -1.00364e-12  -1.21325e-12  -1.54521e-12  -1.69686e-12  -1.72928e-12  -2.25509e-12  -3.6513e-12  -2.77822e-12  -2.48512e-12  -3.25739e-12  -4.027e-12  -6.65867e-12  -6.7768e-12  -6.3638e-12  -8.06577e-12  -6.98241e-12  -1.33917e-11  -1.08102e-11  -1.42515e-11  -1.5246e-11  -1.9692e-11  -2.60878e-11  -1.74551e-11  -2.80944e-11  -2.10103e-11  -3.3576e-11  -2.97351e-11  -5.66984e-11  -3.46243e-11  -5.93805e-11  -5.64766e-11  -8.06775e-11  -8.26486e-11  -7.49012e-11  -1.00514e-10  -1.00099e-10  -1.50442e-10  -1.36477e-10  -1.65356e-10  -2.1178e-10  -1.79803e-10  -1.92867e-10  -2.60369e-10  -2.9361e-10  -3.64666e-10  -3.57115e-10  -4.29862e-10  -4.28153e-10  -3.18963e-10  -3.95384e-10  -5.57951e-10  -4.52294e-10  -5.45846e-10  -6.28807e-10  -5.92508e-10  -7.18202e-10  -1.02423e-9  -1.61563e-9  -1.65293e-9  -1.23837e-9  -1.51341e-9  -2.23258e-9  -2.22953e-9  -3.7862e-9  -2.10931e-9  -3.89423e-9  -4.47051e-9  -5.98122e-9  -5.14321e-9
315 Eigenvalues converges, out of 315 requested.
Running with l = 25
Davidson
iter=     1  rel‖R‖=  2.559e+01  size(V,2)=   525
iter=     2  rel‖R‖=  6.865e+00  size(V,2)=  1050
iter=     3  rel‖R‖=  8.702e-01  size(V,2)=  1575
iter=     4  rel‖R‖=  2.817e-01  size(V,2)=  2100
iter=     5  rel‖R‖=  1.752e-01  size(V,2)=  2625
iter=     6  rel‖R‖=  1.130e-01  size(V,2)=  3150
iter=     7  rel‖R‖=  7.899e-02  size(V,2)=  3675
iter=     8  rel‖R‖=  5.765e-02  size(V,2)=  4200
iter=     9  rel‖R‖=  4.515e-02  size(V,2)=  4725
iter=    10  rel‖R‖=  3.477e-02  size(V,2)=  5250
iter=    11  rel‖R‖=  3.284e-02  size(V,2)=  1050
iter=    12  rel‖R‖=  3.222e-02  size(V,2)=  1575
iter=    13  rel‖R‖=  3.164e-02  size(V,2)=  2100
iter=    14  rel‖R‖=  3.118e-02  size(V,2)=  2625
iter=    15  rel‖R‖=  3.059e-02  size(V,2)=  3150
iter=    16  rel‖R‖=  2.997e-02  size(V,2)=  3675
iter=    17  rel‖R‖=  2.917e-02  size(V,2)=  4200
iter=    18  rel‖R‖=  2.812e-02  size(V,2)=  4725
iter=    19  rel‖R‖=  2.688e-02  size(V,2)=  5250
iter=    20  rel‖R‖=  2.656e-02  size(V,2)=  1050
iter=    21  rel‖R‖=  2.628e-02  size(V,2)=  1575
iter=    22  rel‖R‖=  2.598e-02  size(V,2)=  2100
iter=    23  rel‖R‖=  2.568e-02  size(V,2)=  2625
iter=    24  rel‖R‖=  2.536e-02  size(V,2)=  3150
iter=    25  rel‖R‖=  2.500e-02  size(V,2)=  3675
iter=    26  rel‖R‖=  2.463e-02  size(V,2)=  4200
iter=    27  rel‖R‖=  2.419e-02  size(V,2)=  4725
iter=    28  rel‖R‖=  2.366e-02  size(V,2)=  5250
iter=    29  rel‖R‖=  2.356e-02  size(V,2)=  1050
iter=    30  rel‖R‖=  2.341e-02  size(V,2)=  1575
iter=    31  rel‖R‖=  2.324e-02  size(V,2)=  2100
iter=    32  rel‖R‖=  2.305e-02  size(V,2)=  2625
iter=    33  rel‖R‖=  2.283e-02  size(V,2)=  3150
iter=    34  rel‖R‖=  2.258e-02  size(V,2)=  3675
iter=    35  rel‖R‖=  2.231e-02  size(V,2)=  4200
iter=    36  rel‖R‖=  2.200e-02  size(V,2)=  4725
iter=    37  rel‖R‖=  2.164e-02  size(V,2)=  5250
iter=    38  rel‖R‖=  2.158e-02  size(V,2)=  1050
iter=    39  rel‖R‖=  2.145e-02  size(V,2)=  1575
iter=    40  rel‖R‖=  2.130e-02  size(V,2)=  2100
iter=    41  rel‖R‖=  2.113e-02  size(V,2)=  2625
iter=    42  rel‖R‖=  2.094e-02  size(V,2)=  3150
iter=    43  rel‖R‖=  2.073e-02  size(V,2)=  3675
iter=    44  rel‖R‖=  2.050e-02  size(V,2)=  4200
iter=    45  rel‖R‖=  2.023e-02  size(V,2)=  4725
iter=    46  rel‖R‖=  1.990e-02  size(V,2)=  5250
iter=    47  rel‖R‖=  1.985e-02  size(V,2)=  1050
iter=    48  rel‖R‖=  1.975e-02  size(V,2)=  1575
iter=    49  rel‖R‖=  1.962e-02  size(V,2)=  2100
iter=    50  rel‖R‖=  1.948e-02  size(V,2)=  2625
iter=    51  rel‖R‖=  1.931e-02  size(V,2)=  3150
iter=    52  rel‖R‖=  1.914e-02  size(V,2)=  3675
iter=    53  rel‖R‖=  1.895e-02  size(V,2)=  4200
iter=    54  rel‖R‖=  1.873e-02  size(V,2)=  4725
iter=    55  rel‖R‖=  1.849e-02  size(V,2)=  5250
iter=    56  rel‖R‖=  1.845e-02  size(V,2)=  1050
iter=    57  rel‖R‖=  1.836e-02  size(V,2)=  1575
iter=    58  rel‖R‖=  1.825e-02  size(V,2)=  2100
iter=    59  rel‖R‖=  1.813e-02  size(V,2)=  2625
iter=    60  rel‖R‖=  1.800e-02  size(V,2)=  3150
iter=    61  rel‖R‖=  1.785e-02  size(V,2)=  3675
iter=    62  rel‖R‖=  1.769e-02  size(V,2)=  4200
iter=    63  rel‖R‖=  1.750e-02  size(V,2)=  4725
iter=    64  rel‖R‖=  1.728e-02  size(V,2)=  5250
iter=    65  rel‖R‖=  1.725e-02  size(V,2)=  1050
iter=    66  rel‖R‖=  1.717e-02  size(V,2)=  1575
iter=    67  rel‖R‖=  1.708e-02  size(V,2)=  2100
iter=    68  rel‖R‖=  1.696e-02  size(V,2)=  2625
iter=    69  rel‖R‖=  1.685e-02  size(V,2)=  3150
iter=    70  rel‖R‖=  1.672e-02  size(V,2)=  3675
iter=    71  rel‖R‖=  1.656e-02  size(V,2)=  4200
iter=    72  rel‖R‖=  1.639e-02  size(V,2)=  4725
iter=    73  rel‖R‖=  1.618e-02  size(V,2)=  5250
iter=    74  rel‖R‖=  1.614e-02  size(V,2)=  1050
iter=    75  rel‖R‖=  1.607e-02  size(V,2)=  1575
iter=    76  rel‖R‖=  1.599e-02  size(V,2)=  2100
iter=    77  rel‖R‖=  1.589e-02  size(V,2)=  2625
iter=    78  rel‖R‖=  1.578e-02  size(V,2)=  3150
iter=    79  rel‖R‖=  1.566e-02  size(V,2)=  3675
iter=    80  rel‖R‖=  1.552e-02  size(V,2)=  4200
iter=    81  rel‖R‖=  1.537e-02  size(V,2)=  4725
iter=    82  rel‖R‖=  1.519e-02  size(V,2)=  5250
iter=    83  rel‖R‖=  1.516e-02  size(V,2)=  1050
iter=    84  rel‖R‖=  1.510e-02  size(V,2)=  1575
iter=    85  rel‖R‖=  1.502e-02  size(V,2)=  2100
iter=    86  rel‖R‖=  1.493e-02  size(V,2)=  2625
iter=    87  rel‖R‖=  1.483e-02  size(V,2)=  3150
iter=    88  rel‖R‖=  1.473e-02  size(V,2)=  3675
iter=    89  rel‖R‖=  1.461e-02  size(V,2)=  4200
iter=    90  rel‖R‖=  1.447e-02  size(V,2)=  4725
iter=    91  rel‖R‖=  1.431e-02  size(V,2)=  5250
iter=    92  rel‖R‖=  1.428e-02  size(V,2)=  1050
iter=    93  rel‖R‖=  1.422e-02  size(V,2)=  1575
iter=    94  rel‖R‖=  1.415e-02  size(V,2)=  2100
iter=    95  rel‖R‖=  1.407e-02  size(V,2)=  2625
iter=    96  rel‖R‖=  1.398e-02  size(V,2)=  3150
iter=    97  rel‖R‖=  1.388e-02  size(V,2)=  3675
iter=    98  rel‖R‖=  1.377e-02  size(V,2)=  4200
iter=    99  rel‖R‖=  1.365e-02  size(V,2)=  4725
iter=   100  rel‖R‖=  1.350e-02  size(V,2)=  5250
iter=   101  rel‖R‖=  1.347e-02  size(V,2)=  1050
iter=   102  rel‖R‖=  1.342e-02  size(V,2)=  1575
iter=   103  rel‖R‖=  1.335e-02  size(V,2)=  2100
iter=   104  rel‖R‖=  1.328e-02  size(V,2)=  2625
iter=   105  rel‖R‖=  1.319e-02  size(V,2)=  3150
iter=   106  rel‖R‖=  1.310e-02  size(V,2)=  3675
iter=   107  rel‖R‖=  1.300e-02  size(V,2)=  4200
iter=   108  rel‖R‖=  1.288e-02  size(V,2)=  4725
iter=   109  rel‖R‖=  1.273e-02  size(V,2)=  5250
iter=   110  rel‖R‖=  1.271e-02  size(V,2)=  1050
iter=   111  rel‖R‖=  1.266e-02  size(V,2)=  1575
iter=   112  rel‖R‖=  1.260e-02  size(V,2)=  2100
iter=   113  rel‖R‖=  1.253e-02  size(V,2)=  2625
iter=   114  rel‖R‖=  1.245e-02  size(V,2)=  3150
iter=   115  rel‖R‖=  1.236e-02  size(V,2)=  3675
iter=   116  rel‖R‖=  1.226e-02  size(V,2)=  4200
iter=   117  rel‖R‖=  1.215e-02  size(V,2)=  4725
iter=   118  rel‖R‖=  1.202e-02  size(V,2)=  5250
iter=   119  rel‖R‖=  1.200e-02  size(V,2)=  1050
iter=   120  rel‖R‖=  1.195e-02  size(V,2)=  1575
iter=   121  rel‖R‖=  1.189e-02  size(V,2)=  2100
iter=   122  rel‖R‖=  1.183e-02  size(V,2)=  2625
iter=   123  rel‖R‖=  1.175e-02  size(V,2)=  3150
iter=   124  rel‖R‖=  1.167e-02  size(V,2)=  3675
iter=   125  rel‖R‖=  1.159e-02  size(V,2)=  4200
iter=   126  rel‖R‖=  1.148e-02  size(V,2)=  4725
iter=   127  rel‖R‖=  1.137e-02  size(V,2)=  5250
iter=   128  rel‖R‖=  1.135e-02  size(V,2)=  1050
iter=   129  rel‖R‖=  1.131e-02  size(V,2)=  1575
iter=   130  rel‖R‖=  1.125e-02  size(V,2)=  2100
iter=   131  rel‖R‖=  1.120e-02  size(V,2)=  2625
iter=   132  rel‖R‖=  1.113e-02  size(V,2)=  3150
iter=   133  rel‖R‖=  1.106e-02  size(V,2)=  3675
iter=   134  rel‖R‖=  1.098e-02  size(V,2)=  4200
iter=   135  rel‖R‖=  1.088e-02  size(V,2)=  4725
iter=   136  rel‖R‖=  1.077e-02  size(V,2)=  5250
iter=   137  rel‖R‖=  1.075e-02  size(V,2)=  1050
iter=   138  rel‖R‖=  1.071e-02  size(V,2)=  1575
iter=   139  rel‖R‖=  1.067e-02  size(V,2)=  2100
iter=   140  rel‖R‖=  1.061e-02  size(V,2)=  2625
iter=   141  rel‖R‖=  1.055e-02  size(V,2)=  3150
iter=   142  rel‖R‖=  1.048e-02  size(V,2)=  3675
iter=   143  rel‖R‖=  1.040e-02  size(V,2)=  4200
iter=   144  rel‖R‖=  1.031e-02  size(V,2)=  4725
iter=   145  rel‖R‖=  1.021e-02  size(V,2)=  5250
iter=   146  rel‖R‖=  1.019e-02  size(V,2)=  1050
iter=   147  rel‖R‖=  1.015e-02  size(V,2)=  1575
iter=   148  rel‖R‖=  1.011e-02  size(V,2)=  2100
iter=   149  rel‖R‖=  1.005e-02  size(V,2)=  2625
iter=   150  rel‖R‖=  9.997e-03  size(V,2)=  3150
iter=   151  rel‖R‖=  9.931e-03  size(V,2)=  3675
iter=   152  rel‖R‖=  9.856e-03  size(V,2)=  4200
iter=   153  rel‖R‖=  9.772e-03  size(V,2)=  4725
iter=   154  rel‖R‖=  9.667e-03  size(V,2)=  5250
iter=   155  rel‖R‖=  9.651e-03  size(V,2)=  1050
iter=   156  rel‖R‖=  9.614e-03  size(V,2)=  1575
iter=   157  rel‖R‖=  9.570e-03  size(V,2)=  2100
iter=   158  rel‖R‖=  9.521e-03  size(V,2)=  2625
iter=   159  rel‖R‖=  9.463e-03  size(V,2)=  3150
iter=   160  rel‖R‖=  9.402e-03  size(V,2)=  3675
iter=   161  rel‖R‖=  9.331e-03  size(V,2)=  4200
iter=   162  rel‖R‖=  9.247e-03  size(V,2)=  4725
iter=   163  rel‖R‖=  9.155e-03  size(V,2)=  5250
iter=   164  rel‖R‖=  9.140e-03  size(V,2)=  1050
iter=   165  rel‖R‖=  9.106e-03  size(V,2)=  1575
iter=   166  rel‖R‖=  9.064e-03  size(V,2)=  2100
iter=   167  rel‖R‖=  9.017e-03  size(V,2)=  2625
iter=   168  rel‖R‖=  8.965e-03  size(V,2)=  3150
iter=   169  rel‖R‖=  8.908e-03  size(V,2)=  3675
iter=   170  rel‖R‖=  8.843e-03  size(V,2)=  4200
iter=   171  rel‖R‖=  8.771e-03  size(V,2)=  4725
iter=   172  rel‖R‖=  8.681e-03  size(V,2)=  5250
iter=   173  rel‖R‖=  8.667e-03  size(V,2)=  1050
iter=   174  rel‖R‖=  8.634e-03  size(V,2)=  1575
iter=   175  rel‖R‖=  8.596e-03  size(V,2)=  2100
iter=   176  rel‖R‖=  8.552e-03  size(V,2)=  2625
iter=   177  rel‖R‖=  8.503e-03  size(V,2)=  3150
iter=   178  rel‖R‖=  8.449e-03  size(V,2)=  3675
iter=   179  rel‖R‖=  8.389e-03  size(V,2)=  4200
iter=   180  rel‖R‖=  8.321e-03  size(V,2)=  4725
iter=   181  rel‖R‖=  8.245e-03  size(V,2)=  5250
iter=   182  rel‖R‖=  8.233e-03  size(V,2)=  1050
iter=   183  rel‖R‖=  8.202e-03  size(V,2)=  1575
iter=   184  rel‖R‖=  8.166e-03  size(V,2)=  2100
iter=   185  rel‖R‖=  8.125e-03  size(V,2)=  2625
iter=   186  rel‖R‖=  8.079e-03  size(V,2)=  3150
iter=   187  rel‖R‖=  8.026e-03  size(V,2)=  3675
iter=   188  rel‖R‖=  7.970e-03  size(V,2)=  4200
iter=   189  rel‖R‖=  7.904e-03  size(V,2)=  4725
iter=   190  rel‖R‖=  7.829e-03  size(V,2)=  5250
iter=   191  rel‖R‖=  7.818e-03  size(V,2)=  1050
iter=   192  rel‖R‖=  7.789e-03  size(V,2)=  1575
iter=   193  rel‖R‖=  7.754e-03  size(V,2)=  2100
iter=   194  rel‖R‖=  7.715e-03  size(V,2)=  2625
iter=   195  rel‖R‖=  7.671e-03  size(V,2)=  3150
iter=   196  rel‖R‖=  7.622e-03  size(V,2)=  3675
iter=   197  rel‖R‖=  7.567e-03  size(V,2)=  4200
iter=   198  rel‖R‖=  7.506e-03  size(V,2)=  4725
iter=   199  rel‖R‖=  7.431e-03  size(V,2)=  5250
iter=   200  rel‖R‖=  7.420e-03  size(V,2)=  1050
iter=   201  rel‖R‖=  7.392e-03  size(V,2)=  1575
iter=   202  rel‖R‖=  7.360e-03  size(V,2)=  2100
iter=   203  rel‖R‖=  7.323e-03  size(V,2)=  2625
iter=   204  rel‖R‖=  7.281e-03  size(V,2)=  3150
iter=   205  rel‖R‖=  7.234e-03  size(V,2)=  3675
iter=   206  rel‖R‖=  7.180e-03  size(V,2)=  4200
iter=   207  rel‖R‖=  7.121e-03  size(V,2)=  4725
iter=   208  rel‖R‖=  7.056e-03  size(V,2)=  5250
iter=   209  rel‖R‖=  7.046e-03  size(V,2)=  1050
iter=   210  rel‖R‖=  7.021e-03  size(V,2)=  1575
iter=   211  rel‖R‖=  6.990e-03  size(V,2)=  2100
iter=   212  rel‖R‖=  6.955e-03  size(V,2)=  2625
iter=   213  rel‖R‖=  6.917e-03  size(V,2)=  3150
iter=   214  rel‖R‖=  6.875e-03  size(V,2)=  3675
iter=   215  rel‖R‖=  6.828e-03  size(V,2)=  4200
iter=   216  rel‖R‖=  6.773e-03  size(V,2)=  4725
iter=   217  rel‖R‖=  6.713e-03  size(V,2)=  5250
iter=   218  rel‖R‖=  6.703e-03  size(V,2)=  1050
iter=   219  rel‖R‖=  6.680e-03  size(V,2)=  1575
iter=   220  rel‖R‖=  6.652e-03  size(V,2)=  2100
iter=   221  rel‖R‖=  6.619e-03  size(V,2)=  2625
iter=   222  rel‖R‖=  6.582e-03  size(V,2)=  3150
iter=   223  rel‖R‖=  6.542e-03  size(V,2)=  3675
iter=   224  rel‖R‖=  6.496e-03  size(V,2)=  4200
iter=   225  rel‖R‖=  6.445e-03  size(V,2)=  4725
iter=   226  rel‖R‖=  6.388e-03  size(V,2)=  5250
iter=   227  rel‖R‖=  6.379e-03  size(V,2)=  1050
iter=   228  rel‖R‖=  6.357e-03  size(V,2)=  1575
iter=   229  rel‖R‖=  6.330e-03  size(V,2)=  2100
iter=   230  rel‖R‖=  6.300e-03  size(V,2)=  2625
iter=   231  rel‖R‖=  6.265e-03  size(V,2)=  3150
iter=   232  rel‖R‖=  6.225e-03  size(V,2)=  3675
iter=   233  rel‖R‖=  6.183e-03  size(V,2)=  4200
iter=   234  rel‖R‖=  6.134e-03  size(V,2)=  4725
iter=   235  rel‖R‖=  6.079e-03  size(V,2)=  5250
iter=   236  rel‖R‖=  6.070e-03  size(V,2)=  1050
iter=   237  rel‖R‖=  6.049e-03  size(V,2)=  1575
iter=   238  rel‖R‖=  6.024e-03  size(V,2)=  2100
iter=   239  rel‖R‖=  5.994e-03  size(V,2)=  2625
iter=   240  rel‖R‖=  5.962e-03  size(V,2)=  3150
iter=   241  rel‖R‖=  5.924e-03  size(V,2)=  3675
iter=   242  rel‖R‖=  5.883e-03  size(V,2)=  4200
iter=   243  rel‖R‖=  5.836e-03  size(V,2)=  4725
iter=   244  rel‖R‖=  5.783e-03  size(V,2)=  5250
iter=   245  rel‖R‖=  5.776e-03  size(V,2)=  1050
iter=   246  rel‖R‖=  5.755e-03  size(V,2)=  1575
iter=   247  rel‖R‖=  5.731e-03  size(V,2)=  2100
iter=   248  rel‖R‖=  5.703e-03  size(V,2)=  2625
iter=   249  rel‖R‖=  5.672e-03  size(V,2)=  3150
iter=   250  rel‖R‖=  5.638e-03  size(V,2)=  3675
iter=   251  rel‖R‖=  5.601e-03  size(V,2)=  4200
iter=   252  rel‖R‖=  5.559e-03  size(V,2)=  4725
iter=   253  rel‖R‖=  5.512e-03  size(V,2)=  5250
iter=   254  rel‖R‖=  5.505e-03  size(V,2)=  1050
iter=   255  rel‖R‖=  5.487e-03  size(V,2)=  1575
iter=   256  rel‖R‖=  5.463e-03  size(V,2)=  2100
iter=   257  rel‖R‖=  5.438e-03  size(V,2)=  2625
iter=   258  rel‖R‖=  5.408e-03  size(V,2)=  3150
iter=   259  rel‖R‖=  5.375e-03  size(V,2)=  3675
iter=   260  rel‖R‖=  5.338e-03  size(V,2)=  4200
iter=   261  rel‖R‖=  5.295e-03  size(V,2)=  4725
iter=   262  rel‖R‖=  5.247e-03  size(V,2)=  5250
iter=   263  rel‖R‖=  5.240e-03  size(V,2)=  1050
iter=   264  rel‖R‖=  5.221e-03  size(V,2)=  1575
iter=   265  rel‖R‖=  5.199e-03  size(V,2)=  2100
iter=   266  rel‖R‖=  5.175e-03  size(V,2)=  2625
iter=   267  rel‖R‖=  5.147e-03  size(V,2)=  3150
iter=   268  rel‖R‖=  5.115e-03  size(V,2)=  3675
iter=   269  rel‖R‖=  5.081e-03  size(V,2)=  4200
iter=   270  rel‖R‖=  5.043e-03  size(V,2)=  4725
iter=   271  rel‖R‖=  4.998e-03  size(V,2)=  5250
iter=   272  rel‖R‖=  4.992e-03  size(V,2)=  1050
iter=   273  rel‖R‖=  4.974e-03  size(V,2)=  1575
iter=   274  rel‖R‖=  4.954e-03  size(V,2)=  2100
iter=   275  rel‖R‖=  4.931e-03  size(V,2)=  2625
iter=   276  rel‖R‖=  4.905e-03  size(V,2)=  3150
iter=   277  rel‖R‖=  4.876e-03  size(V,2)=  3675
iter=   278  rel‖R‖=  4.843e-03  size(V,2)=  4200
iter=   279  rel‖R‖=  4.808e-03  size(V,2)=  4725
iter=   280  rel‖R‖=  4.767e-03  size(V,2)=  5250
iter=   281  rel‖R‖=  4.760e-03  size(V,2)=  1050
iter=   282  rel‖R‖=  4.744e-03  size(V,2)=  1575
iter=   283  rel‖R‖=  4.725e-03  size(V,2)=  2100
iter=   284  rel‖R‖=  4.702e-03  size(V,2)=  2625
iter=   285  rel‖R‖=  4.677e-03  size(V,2)=  3150
iter=   286  rel‖R‖=  4.649e-03  size(V,2)=  3675
iter=   287  rel‖R‖=  4.617e-03  size(V,2)=  4200
iter=   288  rel‖R‖=  4.582e-03  size(V,2)=  4725
iter=   289  rel‖R‖=  4.539e-03  size(V,2)=  5250
iter=   290  rel‖R‖=  4.533e-03  size(V,2)=  1050
iter=   291  rel‖R‖=  4.517e-03  size(V,2)=  1575
iter=   292  rel‖R‖=  4.498e-03  size(V,2)=  2100
iter=   293  rel‖R‖=  4.477e-03  size(V,2)=  2625
iter=   294  rel‖R‖=  4.452e-03  size(V,2)=  3150
iter=   295  rel‖R‖=  4.426e-03  size(V,2)=  3675
iter=   296  rel‖R‖=  4.395e-03  size(V,2)=  4200
iter=   297  rel‖R‖=  4.362e-03  size(V,2)=  4725
iter=   298  rel‖R‖=  4.324e-03  size(V,2)=  5250
iter=   299  rel‖R‖=  4.318e-03  size(V,2)=  1050
iter=   300  rel‖R‖=  4.303e-03  size(V,2)=  1575
iter=   301  rel‖R‖=  4.286e-03  size(V,2)=  2100
iter=   302  rel‖R‖=  4.265e-03  size(V,2)=  2625
iter=   303  rel‖R‖=  4.243e-03  size(V,2)=  3150
iter=   304  rel‖R‖=  4.218e-03  size(V,2)=  3675
iter=   305  rel‖R‖=  4.190e-03  size(V,2)=  4200
iter=   306  rel‖R‖=  4.158e-03  size(V,2)=  4725
iter=   307  rel‖R‖=  4.124e-03  size(V,2)=  5250
iter=   308  rel‖R‖=  4.119e-03  size(V,2)=  1050
iter=   309  rel‖R‖=  4.105e-03  size(V,2)=  1575
iter=   310  rel‖R‖=  4.089e-03  size(V,2)=  2100
iter=   311  rel‖R‖=  4.069e-03  size(V,2)=  2625
iter=   312  rel‖R‖=  4.048e-03  size(V,2)=  3150
iter=   313  rel‖R‖=  4.024e-03  size(V,2)=  3675
iter=   314  rel‖R‖=  3.997e-03  size(V,2)=  4200
iter=   315  rel‖R‖=  3.967e-03  size(V,2)=  4725
iter=   316  rel‖R‖=  3.933e-03  size(V,2)=  5250
iter=   317  rel‖R‖=  3.928e-03  size(V,2)=  1050
iter=   318  rel‖R‖=  3.914e-03  size(V,2)=  1575
iter=   319  rel‖R‖=  3.898e-03  size(V,2)=  2100
iter=   320  rel‖R‖=  3.880e-03  size(V,2)=  2625
iter=   321  rel‖R‖=  3.860e-03  size(V,2)=  3150
iter=   322  rel‖R‖=  3.837e-03  size(V,2)=  3675
iter=   323  rel‖R‖=  3.811e-03  size(V,2)=  4200
iter=   324  rel‖R‖=  3.783e-03  size(V,2)=  4725
iter=   325  rel‖R‖=  3.751e-03  size(V,2)=  5250
iter=   326  rel‖R‖=  3.746e-03  size(V,2)=  1050
iter=   327  rel‖R‖=  3.734e-03  size(V,2)=  1575
iter=   328  rel‖R‖=  3.719e-03  size(V,2)=  2100
iter=   329  rel‖R‖=  3.702e-03  size(V,2)=  2625
iter=   330  rel‖R‖=  3.682e-03  size(V,2)=  3150
iter=   331  rel‖R‖=  3.660e-03  size(V,2)=  3675
iter=   332  rel‖R‖=  3.637e-03  size(V,2)=  4200
iter=   333  rel‖R‖=  3.610e-03  size(V,2)=  4725
iter=   334  rel‖R‖=  3.581e-03  size(V,2)=  5250
iter=   335  rel‖R‖=  3.576e-03  size(V,2)=  1050
iter=   336  rel‖R‖=  3.564e-03  size(V,2)=  1575
iter=   337  rel‖R‖=  3.550e-03  size(V,2)=  2100
iter=   338  rel‖R‖=  3.533e-03  size(V,2)=  2625
iter=   339  rel‖R‖=  3.515e-03  size(V,2)=  3150
iter=   340  rel‖R‖=  3.495e-03  size(V,2)=  3675
iter=   341  rel‖R‖=  3.472e-03  size(V,2)=  4200
iter=   342  rel‖R‖=  3.446e-03  size(V,2)=  4725
iter=   343  rel‖R‖=  3.418e-03  size(V,2)=  5250
iter=   344  rel‖R‖=  3.414e-03  size(V,2)=  1050
iter=   345  rel‖R‖=  3.403e-03  size(V,2)=  1575
iter=   346  rel‖R‖=  3.389e-03  size(V,2)=  2100
iter=   347  rel‖R‖=  3.373e-03  size(V,2)=  2625
iter=   348  rel‖R‖=  3.356e-03  size(V,2)=  3150
iter=   349  rel‖R‖=  3.336e-03  size(V,2)=  3675
iter=   350  rel‖R‖=  3.316e-03  size(V,2)=  4200
iter=   351  rel‖R‖=  3.292e-03  size(V,2)=  4725
iter=   352  rel‖R‖=  3.265e-03  size(V,2)=  5250
iter=   353  rel‖R‖=  3.261e-03  size(V,2)=  1050
iter=   354  rel‖R‖=  3.250e-03  size(V,2)=  1575
iter=   355  rel‖R‖=  3.238e-03  size(V,2)=  2100
iter=   356  rel‖R‖=  3.223e-03  size(V,2)=  2625
iter=   357  rel‖R‖=  3.207e-03  size(V,2)=  3150
iter=   358  rel‖R‖=  3.189e-03  size(V,2)=  3675
iter=   359  rel‖R‖=  3.168e-03  size(V,2)=  4200
iter=   360  rel‖R‖=  3.146e-03  size(V,2)=  4725
iter=   361  rel‖R‖=  3.121e-03  size(V,2)=  5250
iter=   362  rel‖R‖=  3.118e-03  size(V,2)=  1050
iter=   363  rel‖R‖=  3.108e-03  size(V,2)=  1575
iter=   364  rel‖R‖=  3.096e-03  size(V,2)=  2100
iter=   365  rel‖R‖=  3.081e-03  size(V,2)=  2625
iter=   366  rel‖R‖=  3.066e-03  size(V,2)=  3150
iter=   367  rel‖R‖=  3.048e-03  size(V,2)=  3675
iter=   368  rel‖R‖=  3.028e-03  size(V,2)=  4200
iter=   369  rel‖R‖=  3.005e-03  size(V,2)=  4725
iter=   370  rel‖R‖=  2.979e-03  size(V,2)=  5250
iter=   371  rel‖R‖=  2.975e-03  size(V,2)=  1050
iter=   372  rel‖R‖=  2.965e-03  size(V,2)=  1575
iter=   373  rel‖R‖=  2.953e-03  size(V,2)=  2100
iter=   374  rel‖R‖=  2.940e-03  size(V,2)=  2625
iter=   375  rel‖R‖=  2.925e-03  size(V,2)=  3150
iter=   376  rel‖R‖=  2.908e-03  size(V,2)=  3675
iter=   377  rel‖R‖=  2.889e-03  size(V,2)=  4200
iter=   378  rel‖R‖=  2.869e-03  size(V,2)=  4725
iter=   379  rel‖R‖=  2.846e-03  size(V,2)=  5250
iter=   380  rel‖R‖=  2.842e-03  size(V,2)=  1050
iter=   381  rel‖R‖=  2.833e-03  size(V,2)=  1575
iter=   382  rel‖R‖=  2.822e-03  size(V,2)=  2100
iter=   383  rel‖R‖=  2.809e-03  size(V,2)=  2625
iter=   384  rel‖R‖=  2.795e-03  size(V,2)=  3150
iter=   385  rel‖R‖=  2.779e-03  size(V,2)=  3675
iter=   386  rel‖R‖=  2.761e-03  size(V,2)=  4200
iter=   387  rel‖R‖=  2.742e-03  size(V,2)=  4725
iter=   388  rel‖R‖=  2.720e-03  size(V,2)=  5250
iter=   389  rel‖R‖=  2.716e-03  size(V,2)=  1050
iter=   390  rel‖R‖=  2.708e-03  size(V,2)=  1575
iter=   391  rel‖R‖=  2.697e-03  size(V,2)=  2100
iter=   392  rel‖R‖=  2.685e-03  size(V,2)=  2625
iter=   393  rel‖R‖=  2.671e-03  size(V,2)=  3150
iter=   394  rel‖R‖=  2.656e-03  size(V,2)=  3675
iter=   395  rel‖R‖=  2.639e-03  size(V,2)=  4200
iter=   396  rel‖R‖=  2.621e-03  size(V,2)=  4725
iter=   397  rel‖R‖=  2.600e-03  size(V,2)=  5250
iter=   398  rel‖R‖=  2.597e-03  size(V,2)=  1050
iter=   399  rel‖R‖=  2.588e-03  size(V,2)=  1575
iter=   400  rel‖R‖=  2.579e-03  size(V,2)=  2100
iter=   401  rel‖R‖=  2.567e-03  size(V,2)=  2625
iter=   402  rel‖R‖=  2.554e-03  size(V,2)=  3150
iter=   403  rel‖R‖=  2.540e-03  size(V,2)=  3675
iter=   404  rel‖R‖=  2.524e-03  size(V,2)=  4200
iter=   405  rel‖R‖=  2.506e-03  size(V,2)=  4725
iter=   406  rel‖R‖=  2.487e-03  size(V,2)=  5250
iter=   407  rel‖R‖=  2.484e-03  size(V,2)=  1050
iter=   408  rel‖R‖=  2.476e-03  size(V,2)=  1575
iter=   409  rel‖R‖=  2.466e-03  size(V,2)=  2100
iter=   410  rel‖R‖=  2.455e-03  size(V,2)=  2625
iter=   411  rel‖R‖=  2.442e-03  size(V,2)=  3150
iter=   412  rel‖R‖=  2.429e-03  size(V,2)=  3675
iter=   413  rel‖R‖=  2.413e-03  size(V,2)=  4200
iter=   414  rel‖R‖=  2.396e-03  size(V,2)=  4725
iter=   415  rel‖R‖=  2.376e-03  size(V,2)=  5250
iter=   416  rel‖R‖=  2.373e-03  size(V,2)=  1050
iter=   417  rel‖R‖=  2.365e-03  size(V,2)=  1575
iter=   418  rel‖R‖=  2.356e-03  size(V,2)=  2100
iter=   419  rel‖R‖=  2.346e-03  size(V,2)=  2625
iter=   420  rel‖R‖=  2.334e-03  size(V,2)=  3150
iter=   421  rel‖R‖=  2.321e-03  size(V,2)=  3675
iter=   422  rel‖R‖=  2.305e-03  size(V,2)=  4200
iter=   423  rel‖R‖=  2.289e-03  size(V,2)=  4725
iter=   424  rel‖R‖=  2.269e-03  size(V,2)=  5250
iter=   425  rel‖R‖=  2.266e-03  size(V,2)=  1050
iter=   426  rel‖R‖=  2.259e-03  size(V,2)=  1575
iter=   427  rel‖R‖=  2.250e-03  size(V,2)=  2100
iter=   428  rel‖R‖=  2.240e-03  size(V,2)=  2625
iter=   429  rel‖R‖=  2.228e-03  size(V,2)=  3150
iter=   430  rel‖R‖=  2.216e-03  size(V,2)=  3675
iter=   431  rel‖R‖=  2.201e-03  size(V,2)=  4200
iter=   432  rel‖R‖=  2.186e-03  size(V,2)=  4725
iter=   433  rel‖R‖=  2.167e-03  size(V,2)=  5250
iter=   434  rel‖R‖=  2.164e-03  size(V,2)=  1050
iter=   435  rel‖R‖=  2.157e-03  size(V,2)=  1575
iter=   436  rel‖R‖=  2.149e-03  size(V,2)=  2100
iter=   437  rel‖R‖=  2.139e-03  size(V,2)=  2625
iter=   438  rel‖R‖=  2.128e-03  size(V,2)=  3150
iter=   439  rel‖R‖=  2.116e-03  size(V,2)=  3675
iter=   440  rel‖R‖=  2.102e-03  size(V,2)=  4200
iter=   441  rel‖R‖=  2.087e-03  size(V,2)=  4725
iter=   442  rel‖R‖=  2.069e-03  size(V,2)=  5250
iter=   443  rel‖R‖=  2.067e-03  size(V,2)=  1050
iter=   444  rel‖R‖=  2.060e-03  size(V,2)=  1575
iter=   445  rel‖R‖=  2.052e-03  size(V,2)=  2100
iter=   446  rel‖R‖=  2.042e-03  size(V,2)=  2625
iter=   447  rel‖R‖=  2.032e-03  size(V,2)=  3150
iter=   448  rel‖R‖=  2.020e-03  size(V,2)=  3675
iter=   449  rel‖R‖=  2.008e-03  size(V,2)=  4200
iter=   450  rel‖R‖=  1.993e-03  size(V,2)=  4725
iter=   451  rel‖R‖=  1.976e-03  size(V,2)=  5250
iter=   452  rel‖R‖=  1.973e-03  size(V,2)=  1050
iter=   453  rel‖R‖=  1.967e-03  size(V,2)=  1575
iter=   454  rel‖R‖=  1.959e-03  size(V,2)=  2100
iter=   455  rel‖R‖=  1.950e-03  size(V,2)=  2625
iter=   456  rel‖R‖=  1.940e-03  size(V,2)=  3150
iter=   457  rel‖R‖=  1.929e-03  size(V,2)=  3675
iter=   458  rel‖R‖=  1.917e-03  size(V,2)=  4200
iter=   459  rel‖R‖=  1.903e-03  size(V,2)=  4725
iter=   460  rel‖R‖=  1.888e-03  size(V,2)=  5250
iter=   461  rel‖R‖=  1.885e-03  size(V,2)=  1050
iter=   462  rel‖R‖=  1.879e-03  size(V,2)=  1575
iter=   463  rel‖R‖=  1.871e-03  size(V,2)=  2100
iter=   464  rel‖R‖=  1.863e-03  size(V,2)=  2625
iter=   465  rel‖R‖=  1.853e-03  size(V,2)=  3150
iter=   466  rel‖R‖=  1.843e-03  size(V,2)=  3675
iter=   467  rel‖R‖=  1.832e-03  size(V,2)=  4200
iter=   468  rel‖R‖=  1.819e-03  size(V,2)=  4725
iter=   469  rel‖R‖=  1.804e-03  size(V,2)=  5250
iter=   470  rel‖R‖=  1.802e-03  size(V,2)=  1050
iter=   471  rel‖R‖=  1.796e-03  size(V,2)=  1575
iter=   472  rel‖R‖=  1.790e-03  size(V,2)=  2100
iter=   473  rel‖R‖=  1.782e-03  size(V,2)=  2625
iter=   474  rel‖R‖=  1.773e-03  size(V,2)=  3150
iter=   475  rel‖R‖=  1.763e-03  size(V,2)=  3675
iter=   476  rel‖R‖=  1.752e-03  size(V,2)=  4200
iter=   477  rel‖R‖=  1.740e-03  size(V,2)=  4725
iter=   478  rel‖R‖=  1.726e-03  size(V,2)=  5250
iter=   479  rel‖R‖=  1.724e-03  size(V,2)=  1050
iter=   480  rel‖R‖=  1.719e-03  size(V,2)=  1575
iter=   481  rel‖R‖=  1.712e-03  size(V,2)=  2100
iter=   482  rel‖R‖=  1.704e-03  size(V,2)=  2625
iter=   483  rel‖R‖=  1.696e-03  size(V,2)=  3150
iter=   484  rel‖R‖=  1.686e-03  size(V,2)=  3675
iter=   485  rel‖R‖=  1.676e-03  size(V,2)=  4200
iter=   486  rel‖R‖=  1.664e-03  size(V,2)=  4725
iter=   487  rel‖R‖=  1.651e-03  size(V,2)=  5250
iter=   488  rel‖R‖=  1.649e-03  size(V,2)=  1050
iter=   489  rel‖R‖=  1.643e-03  size(V,2)=  1575
iter=   490  rel‖R‖=  1.637e-03  size(V,2)=  2100
iter=   491  rel‖R‖=  1.630e-03  size(V,2)=  2625
iter=   492  rel‖R‖=  1.622e-03  size(V,2)=  3150
iter=   493  rel‖R‖=  1.613e-03  size(V,2)=  3675
iter=   494  rel‖R‖=  1.603e-03  size(V,2)=  4200
iter=   495  rel‖R‖=  1.591e-03  size(V,2)=  4725
iter=   496  rel‖R‖=  1.579e-03  size(V,2)=  5250
iter=   497  rel‖R‖=  1.577e-03  size(V,2)=  1050
iter=   498  rel‖R‖=  1.571e-03  size(V,2)=  1575
iter=   499  rel‖R‖=  1.565e-03  size(V,2)=  2100
iter=   500  rel‖R‖=  1.559e-03  size(V,2)=  2625
iter=   501  rel‖R‖=  1.551e-03  size(V,2)=  3150
iter=   502  rel‖R‖=  1.542e-03  size(V,2)=  3675
iter=   503  rel‖R‖=  1.533e-03  size(V,2)=  4200
iter=   504  rel‖R‖=  1.522e-03  size(V,2)=  4725
iter=   505  rel‖R‖=  1.510e-03  size(V,2)=  5250
iter=   506  rel‖R‖=  1.508e-03  size(V,2)=  1050
iter=   507  rel‖R‖=  1.504e-03  size(V,2)=  1575
iter=   508  rel‖R‖=  1.498e-03  size(V,2)=  2100
iter=   509  rel‖R‖=  1.491e-03  size(V,2)=  2625
iter=   510  rel‖R‖=  1.484e-03  size(V,2)=  3150
iter=   511  rel‖R‖=  1.476e-03  size(V,2)=  3675
iter=   512  rel‖R‖=  1.467e-03  size(V,2)=  4200
iter=   513  rel‖R‖=  1.456e-03  size(V,2)=  4725
iter=   514  rel‖R‖=  1.445e-03  size(V,2)=  5250
iter=   515  rel‖R‖=  1.443e-03  size(V,2)=  1050
iter=   516  rel‖R‖=  1.439e-03  size(V,2)=  1575
iter=   517  rel‖R‖=  1.433e-03  size(V,2)=  2100
iter=   518  rel‖R‖=  1.427e-03  size(V,2)=  2625
iter=   519  rel‖R‖=  1.420e-03  size(V,2)=  3150
iter=   520  rel‖R‖=  1.412e-03  size(V,2)=  3675
iter=   521  rel‖R‖=  1.403e-03  size(V,2)=  4200
iter=   522  rel‖R‖=  1.393e-03  size(V,2)=  4725
iter=   523  rel‖R‖=  1.382e-03  size(V,2)=  5250
iter=   524  rel‖R‖=  1.381e-03  size(V,2)=  1050
iter=   525  rel‖R‖=  1.376e-03  size(V,2)=  1575
iter=   526  rel‖R‖=  1.371e-03  size(V,2)=  2100
iter=   527  rel‖R‖=  1.365e-03  size(V,2)=  2625
iter=   528  rel‖R‖=  1.359e-03  size(V,2)=  3150
iter=   529  rel‖R‖=  1.351e-03  size(V,2)=  3675
iter=   530  rel‖R‖=  1.343e-03  size(V,2)=  4200
iter=   531  rel‖R‖=  1.334e-03  size(V,2)=  4725
iter=   532  rel‖R‖=  1.324e-03  size(V,2)=  5250
iter=   533  rel‖R‖=  1.322e-03  size(V,2)=  1050
iter=   534  rel‖R‖=  1.318e-03  size(V,2)=  1575
iter=   535  rel‖R‖=  1.313e-03  size(V,2)=  2100
iter=   536  rel‖R‖=  1.307e-03  size(V,2)=  2625
iter=   537  rel‖R‖=  1.301e-03  size(V,2)=  3150
iter=   538  rel‖R‖=  1.294e-03  size(V,2)=  3675
iter=   539  rel‖R‖=  1.286e-03  size(V,2)=  4200
iter=   540  rel‖R‖=  1.277e-03  size(V,2)=  4725
iter=   541  rel‖R‖=  1.268e-03  size(V,2)=  5250
iter=   542  rel‖R‖=  1.266e-03  size(V,2)=  1050
iter=   543  rel‖R‖=  1.262e-03  size(V,2)=  1575
iter=   544  rel‖R‖=  1.257e-03  size(V,2)=  2100
iter=   545  rel‖R‖=  1.252e-03  size(V,2)=  2625
iter=   546  rel‖R‖=  1.245e-03  size(V,2)=  3150
iter=   547  rel‖R‖=  1.238e-03  size(V,2)=  3675
iter=   548  rel‖R‖=  1.231e-03  size(V,2)=  4200
iter=   549  rel‖R‖=  1.222e-03  size(V,2)=  4725
iter=   550  rel‖R‖=  1.213e-03  size(V,2)=  5250
iter=   551  rel‖R‖=  1.211e-03  size(V,2)=  1050
iter=   552  rel‖R‖=  1.207e-03  size(V,2)=  1575
iter=   553  rel‖R‖=  1.202e-03  size(V,2)=  2100
iter=   554  rel‖R‖=  1.197e-03  size(V,2)=  2625
iter=   555  rel‖R‖=  1.191e-03  size(V,2)=  3150
iter=   556  rel‖R‖=  1.185e-03  size(V,2)=  3675
iter=   557  rel‖R‖=  1.178e-03  size(V,2)=  4200
iter=   558  rel‖R‖=  1.170e-03  size(V,2)=  4725
iter=   559  rel‖R‖=  1.161e-03  size(V,2)=  5250
iter=   560  rel‖R‖=  1.160e-03  size(V,2)=  1050
iter=   561  rel‖R‖=  1.156e-03  size(V,2)=  1575
iter=   562  rel‖R‖=  1.152e-03  size(V,2)=  2100
iter=   563  rel‖R‖=  1.147e-03  size(V,2)=  2625
iter=   564  rel‖R‖=  1.141e-03  size(V,2)=  3150
iter=   565  rel‖R‖=  1.135e-03  size(V,2)=  3675
iter=   566  rel‖R‖=  1.129e-03  size(V,2)=  4200
iter=   567  rel‖R‖=  1.121e-03  size(V,2)=  4725
iter=   568  rel‖R‖=  1.113e-03  size(V,2)=  5250
iter=   569  rel‖R‖=  1.111e-03  size(V,2)=  1050
iter=   570  rel‖R‖=  1.108e-03  size(V,2)=  1575
iter=   571  rel‖R‖=  1.104e-03  size(V,2)=  2100
iter=   572  rel‖R‖=  1.099e-03  size(V,2)=  2625
iter=   573  rel‖R‖=  1.094e-03  size(V,2)=  3150
iter=   574  rel‖R‖=  1.088e-03  size(V,2)=  3675
iter=   575  rel‖R‖=  1.081e-03  size(V,2)=  4200
iter=   576  rel‖R‖=  1.074e-03  size(V,2)=  4725
iter=   577  rel‖R‖=  1.066e-03  size(V,2)=  5250
iter=   578  rel‖R‖=  1.065e-03  size(V,2)=  1050
iter=   579  rel‖R‖=  1.061e-03  size(V,2)=  1575
iter=   580  rel‖R‖=  1.057e-03  size(V,2)=  2100
iter=   581  rel‖R‖=  1.053e-03  size(V,2)=  2625
iter=   582  rel‖R‖=  1.048e-03  size(V,2)=  3150
iter=   583  rel‖R‖=  1.042e-03  size(V,2)=  3675
iter=   584  rel‖R‖=  1.036e-03  size(V,2)=  4200
iter=   585  rel‖R‖=  1.029e-03  size(V,2)=  4725
iter=   586  rel‖R‖=  1.021e-03  size(V,2)=  5250
iter=   587  rel‖R‖=  1.020e-03  size(V,2)=  1050
iter=   588  rel‖R‖=  1.017e-03  size(V,2)=  1575
iter=   589  rel‖R‖=  1.013e-03  size(V,2)=  2100
iter=   590  rel‖R‖=  1.008e-03  size(V,2)=  2625
iter=   591  rel‖R‖=  1.003e-03  size(V,2)=  3150
iter=   592  rel‖R‖=  9.980e-04  size(V,2)=  3675
iter=   593  rel‖R‖=  9.919e-04  size(V,2)=  4200
iter=   594  rel‖R‖=  9.851e-04  size(V,2)=  4725
iter=   595  rel‖R‖=  9.776e-04  size(V,2)=  5250
iter=   596  rel‖R‖=  9.764e-04  size(V,2)=  1050
iter=   597  rel‖R‖=  9.735e-04  size(V,2)=  1575
iter=   598  rel‖R‖=  9.698e-04  size(V,2)=  2100
iter=   599  rel‖R‖=  9.658e-04  size(V,2)=  2625
iter=   600  rel‖R‖=  9.612e-04  size(V,2)=  3150
iter=   601  rel‖R‖=  9.559e-04  size(V,2)=  3675
iter=   602  rel‖R‖=  9.500e-04  size(V,2)=  4200
iter=   603  rel‖R‖=  9.437e-04  size(V,2)=  4725
iter=   604  rel‖R‖=  9.365e-04  size(V,2)=  5250
iter=   605  rel‖R‖=  9.354e-04  size(V,2)=  1050
iter=   606  rel‖R‖=  9.324e-04  size(V,2)=  1575
iter=   607  rel‖R‖=  9.289e-04  size(V,2)=  2100
iter=   608  rel‖R‖=  9.250e-04  size(V,2)=  2625
iter=   609  rel‖R‖=  9.206e-04  size(V,2)=  3150
iter=   610  rel‖R‖=  9.157e-04  size(V,2)=  3675
iter=   611  rel‖R‖=  9.103e-04  size(V,2)=  4200
iter=   612  rel‖R‖=  9.044e-04  size(V,2)=  4725
iter=   613  rel‖R‖=  8.977e-04  size(V,2)=  5250
iter=   614  rel‖R‖=  8.966e-04  size(V,2)=  1050
iter=   615  rel‖R‖=  8.938e-04  size(V,2)=  1575
iter=   616  rel‖R‖=  8.905e-04  size(V,2)=  2100
iter=   617  rel‖R‖=  8.868e-04  size(V,2)=  2625
iter=   618  rel‖R‖=  8.825e-04  size(V,2)=  3150
iter=   619  rel‖R‖=  8.779e-04  size(V,2)=  3675
iter=   620  rel‖R‖=  8.726e-04  size(V,2)=  4200
iter=   621  rel‖R‖=  8.669e-04  size(V,2)=  4725
iter=   622  rel‖R‖=  8.606e-04  size(V,2)=  5250
iter=   623  rel‖R‖=  8.596e-04  size(V,2)=  1050
iter=   624  rel‖R‖=  8.569e-04  size(V,2)=  1575
iter=   625  rel‖R‖=  8.537e-04  size(V,2)=  2100
iter=   626  rel‖R‖=  8.501e-04  size(V,2)=  2625
iter=   627  rel‖R‖=  8.460e-04  size(V,2)=  3150
iter=   628  rel‖R‖=  8.415e-04  size(V,2)=  3675
iter=   629  rel‖R‖=  8.365e-04  size(V,2)=  4200
iter=   630  rel‖R‖=  8.311e-04  size(V,2)=  4725
iter=   631  rel‖R‖=  8.248e-04  size(V,2)=  5250
iter=   632  rel‖R‖=  8.237e-04  size(V,2)=  1050
iter=   633  rel‖R‖=  8.212e-04  size(V,2)=  1575
iter=   634  rel‖R‖=  8.182e-04  size(V,2)=  2100
iter=   635  rel‖R‖=  8.147e-04  size(V,2)=  2625
iter=   636  rel‖R‖=  8.108e-04  size(V,2)=  3150
iter=   637  rel‖R‖=  8.063e-04  size(V,2)=  3675
iter=   638  rel‖R‖=  8.016e-04  size(V,2)=  4200
iter=   639  rel‖R‖=  7.963e-04  size(V,2)=  4725
iter=   640  rel‖R‖=  7.906e-04  size(V,2)=  5250
iter=   641  rel‖R‖=  7.897e-04  size(V,2)=  1050
iter=   642  rel‖R‖=  7.873e-04  size(V,2)=  1575
iter=   643  rel‖R‖=  7.843e-04  size(V,2)=  2100
iter=   644  rel‖R‖=  7.810e-04  size(V,2)=  2625
iter=   645  rel‖R‖=  7.774e-04  size(V,2)=  3150
iter=   646  rel‖R‖=  7.733e-04  size(V,2)=  3675
iter=   647  rel‖R‖=  7.687e-04  size(V,2)=  4200
iter=   648  rel‖R‖=  7.636e-04  size(V,2)=  4725
iter=   649  rel‖R‖=  7.580e-04  size(V,2)=  5250
iter=   650  rel‖R‖=  7.571e-04  size(V,2)=  1050
iter=   651  rel‖R‖=  7.548e-04  size(V,2)=  1575
iter=   652  rel‖R‖=  7.520e-04  size(V,2)=  2100
iter=   653  rel‖R‖=  7.487e-04  size(V,2)=  2625
iter=   654  rel‖R‖=  7.451e-04  size(V,2)=  3150
iter=   655  rel‖R‖=  7.411e-04  size(V,2)=  3675
iter=   656  rel‖R‖=  7.366e-04  size(V,2)=  4200
iter=   657  rel‖R‖=  7.315e-04  size(V,2)=  4725
iter=   658  rel‖R‖=  7.257e-04  size(V,2)=  5250
iter=   659  rel‖R‖=  7.247e-04  size(V,2)=  1050
iter=   660  rel‖R‖=  7.225e-04  size(V,2)=  1575
iter=   661  rel‖R‖=  7.197e-04  size(V,2)=  2100
iter=   662  rel‖R‖=  7.166e-04  size(V,2)=  2625
iter=   663  rel‖R‖=  7.133e-04  size(V,2)=  3150
iter=   664  rel‖R‖=  7.094e-04  size(V,2)=  3675
iter=   665  rel‖R‖=  7.054e-04  size(V,2)=  4200
iter=   666  rel‖R‖=  7.006e-04  size(V,2)=  4725
iter=   667  rel‖R‖=  6.955e-04  size(V,2)=  5250
iter=   668  rel‖R‖=  6.946e-04  size(V,2)=  1050
iter=   669  rel‖R‖=  6.925e-04  size(V,2)=  1575
iter=   670  rel‖R‖=  6.898e-04  size(V,2)=  2100
iter=   671  rel‖R‖=  6.868e-04  size(V,2)=  2625
iter=   672  rel‖R‖=  6.835e-04  size(V,2)=  3150
iter=   673  rel‖R‖=  6.799e-04  size(V,2)=  3675
iter=   674  rel‖R‖=  6.759e-04  size(V,2)=  4200
iter=   675  rel‖R‖=  6.716e-04  size(V,2)=  4725
iter=   676  rel‖R‖=  6.664e-04  size(V,2)=  5250
iter=   677  rel‖R‖=  6.656e-04  size(V,2)=  1050
iter=   678  rel‖R‖=  6.635e-04  size(V,2)=  1575
iter=   679  rel‖R‖=  6.611e-04  size(V,2)=  2100
iter=   680  rel‖R‖=  6.582e-04  size(V,2)=  2625
iter=   681  rel‖R‖=  6.550e-04  size(V,2)=  3150
iter=   682  rel‖R‖=  6.517e-04  size(V,2)=  3675
iter=   683  rel‖R‖=  6.479e-04  size(V,2)=  4200
iter=   684  rel‖R‖=  6.437e-04  size(V,2)=  4725
iter=   685  rel‖R‖=  6.392e-04  size(V,2)=  5250
iter=   686  rel‖R‖=  6.385e-04  size(V,2)=  1050
iter=   687  rel‖R‖=  6.366e-04  size(V,2)=  1575
iter=   688  rel‖R‖=  6.343e-04  size(V,2)=  2100
iter=   689  rel‖R‖=  6.316e-04  size(V,2)=  2625
iter=   690  rel‖R‖=  6.286e-04  size(V,2)=  3150
iter=   691  rel‖R‖=  6.253e-04  size(V,2)=  3675
iter=   692  rel‖R‖=  6.216e-04  size(V,2)=  4200
iter=   693  rel‖R‖=  6.176e-04  size(V,2)=  4725
iter=   694  rel‖R‖=  6.129e-04  size(V,2)=  5250
iter=   695  rel‖R‖=  6.121e-04  size(V,2)=  1050
iter=   696  rel‖R‖=  6.103e-04  size(V,2)=  1575
iter=   697  rel‖R‖=  6.081e-04  size(V,2)=  2100
iter=   698  rel‖R‖=  6.055e-04  size(V,2)=  2625
iter=   699  rel‖R‖=  6.026e-04  size(V,2)=  3150
iter=   700  rel‖R‖=  5.995e-04  size(V,2)=  3675
iter=   701  rel‖R‖=  5.960e-04  size(V,2)=  4200
iter=   702  rel‖R‖=  5.921e-04  size(V,2)=  4725
iter=   703  rel‖R‖=  5.877e-04  size(V,2)=  5250
iter=   704  rel‖R‖=  5.870e-04  size(V,2)=  1050
iter=   705  rel‖R‖=  5.852e-04  size(V,2)=  1575
iter=   706  rel‖R‖=  5.831e-04  size(V,2)=  2100
iter=   707  rel‖R‖=  5.807e-04  size(V,2)=  2625
iter=   708  rel‖R‖=  5.780e-04  size(V,2)=  3150
iter=   709  rel‖R‖=  5.749e-04  size(V,2)=  3675
iter=   710  rel‖R‖=  5.716e-04  size(V,2)=  4200
iter=   711  rel‖R‖=  5.680e-04  size(V,2)=  4725
iter=   712  rel‖R‖=  5.640e-04  size(V,2)=  5250
iter=   713  rel‖R‖=  5.634e-04  size(V,2)=  1050
iter=   714  rel‖R‖=  5.617e-04  size(V,2)=  1575
iter=   715  rel‖R‖=  5.597e-04  size(V,2)=  2100
iter=   716  rel‖R‖=  5.574e-04  size(V,2)=  2625
iter=   717  rel‖R‖=  5.547e-04  size(V,2)=  3150
iter=   718  rel‖R‖=  5.518e-04  size(V,2)=  3675
iter=   719  rel‖R‖=  5.486e-04  size(V,2)=  4200
iter=   720  rel‖R‖=  5.449e-04  size(V,2)=  4725
iter=   721  rel‖R‖=  5.409e-04  size(V,2)=  5250
iter=   722  rel‖R‖=  5.402e-04  size(V,2)=  1050
iter=   723  rel‖R‖=  5.385e-04  size(V,2)=  1575
iter=   724  rel‖R‖=  5.365e-04  size(V,2)=  2100
iter=   725  rel‖R‖=  5.343e-04  size(V,2)=  2625
iter=   726  rel‖R‖=  5.318e-04  size(V,2)=  3150
iter=   727  rel‖R‖=  5.290e-04  size(V,2)=  3675
iter=   728  rel‖R‖=  5.260e-04  size(V,2)=  4200
iter=   729  rel‖R‖=  5.227e-04  size(V,2)=  4725
iter=   730  rel‖R‖=  5.189e-04  size(V,2)=  5250
iter=   731  rel‖R‖=  5.183e-04  size(V,2)=  1050
iter=   732  rel‖R‖=  5.168e-04  size(V,2)=  1575
iter=   733  rel‖R‖=  5.149e-04  size(V,2)=  2100
iter=   734  rel‖R‖=  5.128e-04  size(V,2)=  2625
iter=   735  rel‖R‖=  5.104e-04  size(V,2)=  3150
iter=   736  rel‖R‖=  5.078e-04  size(V,2)=  3675
iter=   737  rel‖R‖=  5.049e-04  size(V,2)=  4200
iter=   738  rel‖R‖=  5.018e-04  size(V,2)=  4725
iter=   739  rel‖R‖=  4.983e-04  size(V,2)=  5250
iter=   740  rel‖R‖=  4.976e-04  size(V,2)=  1050
iter=   741  rel‖R‖=  4.962e-04  size(V,2)=  1575
iter=   742  rel‖R‖=  4.943e-04  size(V,2)=  2100
iter=   743  rel‖R‖=  4.923e-04  size(V,2)=  2625
iter=   744  rel‖R‖=  4.900e-04  size(V,2)=  3150
iter=   745  rel‖R‖=  4.874e-04  size(V,2)=  3675
iter=   746  rel‖R‖=  4.846e-04  size(V,2)=  4200
iter=   747  rel‖R‖=  4.815e-04  size(V,2)=  4725
iter=   748  rel‖R‖=  4.782e-04  size(V,2)=  5250
iter=   749  rel‖R‖=  4.776e-04  size(V,2)=  1050
iter=   750  rel‖R‖=  4.761e-04  size(V,2)=  1575
iter=   751  rel‖R‖=  4.745e-04  size(V,2)=  2100
iter=   752  rel‖R‖=  4.725e-04  size(V,2)=  2625
iter=   753  rel‖R‖=  4.703e-04  size(V,2)=  3150
iter=   754  rel‖R‖=  4.679e-04  size(V,2)=  3675
iter=   755  rel‖R‖=  4.651e-04  size(V,2)=  4200
iter=   756  rel‖R‖=  4.622e-04  size(V,2)=  4725
iter=   757  rel‖R‖=  4.590e-04  size(V,2)=  5250
iter=   758  rel‖R‖=  4.584e-04  size(V,2)=  1050
iter=   759  rel‖R‖=  4.571e-04  size(V,2)=  1575
iter=   760  rel‖R‖=  4.554e-04  size(V,2)=  2100
iter=   761  rel‖R‖=  4.536e-04  size(V,2)=  2625
iter=   762  rel‖R‖=  4.515e-04  size(V,2)=  3150
iter=   763  rel‖R‖=  4.492e-04  size(V,2)=  3675
iter=   764  rel‖R‖=  4.466e-04  size(V,2)=  4200
iter=   765  rel‖R‖=  4.438e-04  size(V,2)=  4725
iter=   766  rel‖R‖=  4.406e-04  size(V,2)=  5250
iter=   767  rel‖R‖=  4.401e-04  size(V,2)=  1050
iter=   768  rel‖R‖=  4.387e-04  size(V,2)=  1575
iter=   769  rel‖R‖=  4.372e-04  size(V,2)=  2100
iter=   770  rel‖R‖=  4.354e-04  size(V,2)=  2625
iter=   771  rel‖R‖=  4.334e-04  size(V,2)=  3150
iter=   772  rel‖R‖=  4.313e-04  size(V,2)=  3675
iter=   773  rel‖R‖=  4.288e-04  size(V,2)=  4200
iter=   774  rel‖R‖=  4.262e-04  size(V,2)=  4725
iter=   775  rel‖R‖=  4.232e-04  size(V,2)=  5250
iter=   776  rel‖R‖=  4.227e-04  size(V,2)=  1050
iter=   777  rel‖R‖=  4.215e-04  size(V,2)=  1575
iter=   778  rel‖R‖=  4.200e-04  size(V,2)=  2100
iter=   779  rel‖R‖=  4.184e-04  size(V,2)=  2625
iter=   780  rel‖R‖=  4.165e-04  size(V,2)=  3150
iter=   781  rel‖R‖=  4.144e-04  size(V,2)=  3675
iter=   782  rel‖R‖=  4.121e-04  size(V,2)=  4200
iter=   783  rel‖R‖=  4.096e-04  size(V,2)=  4725
iter=   784  rel‖R‖=  4.067e-04  size(V,2)=  5250
iter=   785  rel‖R‖=  4.062e-04  size(V,2)=  1050
iter=   786  rel‖R‖=  4.050e-04  size(V,2)=  1575
iter=   787  rel‖R‖=  4.036e-04  size(V,2)=  2100
iter=   788  rel‖R‖=  4.020e-04  size(V,2)=  2625
iter=   789  rel‖R‖=  4.002e-04  size(V,2)=  3150
iter=   790  rel‖R‖=  3.983e-04  size(V,2)=  3675
iter=   791  rel‖R‖=  3.961e-04  size(V,2)=  4200
iter=   792  rel‖R‖=  3.935e-04  size(V,2)=  4725
iter=   793  rel‖R‖=  3.909e-04  size(V,2)=  5250
iter=   794  rel‖R‖=  3.904e-04  size(V,2)=  1050
iter=   795  rel‖R‖=  3.893e-04  size(V,2)=  1575
iter=   796  rel‖R‖=  3.879e-04  size(V,2)=  2100
iter=   797  rel‖R‖=  3.864e-04  size(V,2)=  2625
iter=   798  rel‖R‖=  3.847e-04  size(V,2)=  3150
iter=   799  rel‖R‖=  3.829e-04  size(V,2)=  3675
iter=   800  rel‖R‖=  3.808e-04  size(V,2)=  4200
iter=   801  rel‖R‖=  3.785e-04  size(V,2)=  4725
iter=   802  rel‖R‖=  3.760e-04  size(V,2)=  5250
iter=   803  rel‖R‖=  3.755e-04  size(V,2)=  1050
iter=   804  rel‖R‖=  3.744e-04  size(V,2)=  1575
iter=   805  rel‖R‖=  3.731e-04  size(V,2)=  2100
iter=   806  rel‖R‖=  3.716e-04  size(V,2)=  2625
iter=   807  rel‖R‖=  3.700e-04  size(V,2)=  3150
iter=   808  rel‖R‖=  3.682e-04  size(V,2)=  3675
iter=   809  rel‖R‖=  3.662e-04  size(V,2)=  4200
iter=   810  rel‖R‖=  3.641e-04  size(V,2)=  4725
iter=   811  rel‖R‖=  3.617e-04  size(V,2)=  5250
iter=   812  rel‖R‖=  3.613e-04  size(V,2)=  1050
iter=   813  rel‖R‖=  3.603e-04  size(V,2)=  1575
iter=   814  rel‖R‖=  3.591e-04  size(V,2)=  2100
iter=   815  rel‖R‖=  3.576e-04  size(V,2)=  2625
iter=   816  rel‖R‖=  3.561e-04  size(V,2)=  3150
iter=   817  rel‖R‖=  3.543e-04  size(V,2)=  3675
iter=   818  rel‖R‖=  3.523e-04  size(V,2)=  4200
iter=   819  rel‖R‖=  3.501e-04  size(V,2)=  4725
iter=   820  rel‖R‖=  3.478e-04  size(V,2)=  5250
iter=   821  rel‖R‖=  3.474e-04  size(V,2)=  1050
iter=   822  rel‖R‖=  3.464e-04  size(V,2)=  1575
iter=   823  rel‖R‖=  3.453e-04  size(V,2)=  2100
iter=   824  rel‖R‖=  3.439e-04  size(V,2)=  2625
iter=   825  rel‖R‖=  3.424e-04  size(V,2)=  3150
iter=   826  rel‖R‖=  3.407e-04  size(V,2)=  3675
iter=   827  rel‖R‖=  3.389e-04  size(V,2)=  4200
iter=   828  rel‖R‖=  3.369e-04  size(V,2)=  4725
iter=   829  rel‖R‖=  3.349e-04  size(V,2)=  5250
iter=   830  rel‖R‖=  3.344e-04  size(V,2)=  1050
iter=   831  rel‖R‖=  3.335e-04  size(V,2)=  1575
iter=   832  rel‖R‖=  3.323e-04  size(V,2)=  2100
iter=   833  rel‖R‖=  3.310e-04  size(V,2)=  2625
iter=   834  rel‖R‖=  3.295e-04  size(V,2)=  3150
iter=   835  rel‖R‖=  3.280e-04  size(V,2)=  3675
iter=   836  rel‖R‖=  3.262e-04  size(V,2)=  4200
iter=   837  rel‖R‖=  3.243e-04  size(V,2)=  4725
iter=   838  rel‖R‖=  3.223e-04  size(V,2)=  5250
iter=   839  rel‖R‖=  3.219e-04  size(V,2)=  1050
iter=   840  rel‖R‖=  3.210e-04  size(V,2)=  1575
iter=   841  rel‖R‖=  3.199e-04  size(V,2)=  2100
iter=   842  rel‖R‖=  3.186e-04  size(V,2)=  2625
iter=   843  rel‖R‖=  3.173e-04  size(V,2)=  3150
iter=   844  rel‖R‖=  3.157e-04  size(V,2)=  3675
iter=   845  rel‖R‖=  3.141e-04  size(V,2)=  4200
iter=   846  rel‖R‖=  3.122e-04  size(V,2)=  4725
iter=   847  rel‖R‖=  3.103e-04  size(V,2)=  5250
iter=   848  rel‖R‖=  3.099e-04  size(V,2)=  1050
iter=   849  rel‖R‖=  3.090e-04  size(V,2)=  1575
iter=   850  rel‖R‖=  3.079e-04  size(V,2)=  2100
iter=   851  rel‖R‖=  3.068e-04  size(V,2)=  2625
iter=   852  rel‖R‖=  3.055e-04  size(V,2)=  3150
iter=   853  rel‖R‖=  3.040e-04  size(V,2)=  3675
iter=   854  rel‖R‖=  3.024e-04  size(V,2)=  4200
iter=   855  rel‖R‖=  3.007e-04  size(V,2)=  4725
iter=   856  rel‖R‖=  2.989e-04  size(V,2)=  5250
iter=   857  rel‖R‖=  2.985e-04  size(V,2)=  1050
iter=   858  rel‖R‖=  2.977e-04  size(V,2)=  1575
iter=   859  rel‖R‖=  2.967e-04  size(V,2)=  2100
iter=   860  rel‖R‖=  2.956e-04  size(V,2)=  2625
iter=   861  rel‖R‖=  2.943e-04  size(V,2)=  3150
iter=   862  rel‖R‖=  2.929e-04  size(V,2)=  3675
iter=   863  rel‖R‖=  2.915e-04  size(V,2)=  4200
iter=   864  rel‖R‖=  2.898e-04  size(V,2)=  4725
iter=   865  rel‖R‖=  2.880e-04  size(V,2)=  5250
iter=   866  rel‖R‖=  2.877e-04  size(V,2)=  1050
iter=   867  rel‖R‖=  2.869e-04  size(V,2)=  1575
iter=   868  rel‖R‖=  2.860e-04  size(V,2)=  2100
iter=   869  rel‖R‖=  2.849e-04  size(V,2)=  2625
iter=   870  rel‖R‖=  2.837e-04  size(V,2)=  3150
iter=   871  rel‖R‖=  2.824e-04  size(V,2)=  3675
iter=   872  rel‖R‖=  2.810e-04  size(V,2)=  4200
iter=   873  rel‖R‖=  2.794e-04  size(V,2)=  4725
iter=   874  rel‖R‖=  2.776e-04  size(V,2)=  5250
iter=   875  rel‖R‖=  2.773e-04  size(V,2)=  1050
iter=   876  rel‖R‖=  2.765e-04  size(V,2)=  1575
iter=   877  rel‖R‖=  2.755e-04  size(V,2)=  2100
iter=   878  rel‖R‖=  2.745e-04  size(V,2)=  2625
iter=   879  rel‖R‖=  2.733e-04  size(V,2)=  3150
iter=   880  rel‖R‖=  2.720e-04  size(V,2)=  3675
iter=   881  rel‖R‖=  2.706e-04  size(V,2)=  4200
iter=   882  rel‖R‖=  2.691e-04  size(V,2)=  4725
iter=   883  rel‖R‖=  2.673e-04  size(V,2)=  5250
iter=   884  rel‖R‖=  2.670e-04  size(V,2)=  1050
iter=   885  rel‖R‖=  2.663e-04  size(V,2)=  1575
iter=   886  rel‖R‖=  2.654e-04  size(V,2)=  2100
iter=   887  rel‖R‖=  2.644e-04  size(V,2)=  2625
iter=   888  rel‖R‖=  2.632e-04  size(V,2)=  3150
iter=   889  rel‖R‖=  2.619e-04  size(V,2)=  3675
iter=   890  rel‖R‖=  2.606e-04  size(V,2)=  4200
iter=   891  rel‖R‖=  2.592e-04  size(V,2)=  4725
iter=   892  rel‖R‖=  2.575e-04  size(V,2)=  5250
iter=   893  rel‖R‖=  2.572e-04  size(V,2)=  1050
iter=   894  rel‖R‖=  2.565e-04  size(V,2)=  1575
iter=   895  rel‖R‖=  2.557e-04  size(V,2)=  2100
iter=   896  rel‖R‖=  2.547e-04  size(V,2)=  2625
iter=   897  rel‖R‖=  2.536e-04  size(V,2)=  3150
iter=   898  rel‖R‖=  2.525e-04  size(V,2)=  3675
iter=   899  rel‖R‖=  2.512e-04  size(V,2)=  4200
iter=   900  rel‖R‖=  2.498e-04  size(V,2)=  4725
iter=   901  rel‖R‖=  2.482e-04  size(V,2)=  5250
iter=   902  rel‖R‖=  2.479e-04  size(V,2)=  1050
iter=   903  rel‖R‖=  2.472e-04  size(V,2)=  1575
iter=   904  rel‖R‖=  2.464e-04  size(V,2)=  2100
iter=   905  rel‖R‖=  2.455e-04  size(V,2)=  2625
iter=   906  rel‖R‖=  2.445e-04  size(V,2)=  3150
iter=   907  rel‖R‖=  2.434e-04  size(V,2)=  3675
iter=   908  rel‖R‖=  2.421e-04  size(V,2)=  4200
iter=   909  rel‖R‖=  2.408e-04  size(V,2)=  4725
iter=   910  rel‖R‖=  2.393e-04  size(V,2)=  5250
iter=   911  rel‖R‖=  2.391e-04  size(V,2)=  1050
iter=   912  rel‖R‖=  2.384e-04  size(V,2)=  1575
iter=   913  rel‖R‖=  2.376e-04  size(V,2)=  2100
iter=   914  rel‖R‖=  2.367e-04  size(V,2)=  2625
iter=   915  rel‖R‖=  2.357e-04  size(V,2)=  3150
iter=   916  rel‖R‖=  2.346e-04  size(V,2)=  3675
iter=   917  rel‖R‖=  2.335e-04  size(V,2)=  4200
iter=   918  rel‖R‖=  2.322e-04  size(V,2)=  4725
iter=   919  rel‖R‖=  2.309e-04  size(V,2)=  5250
iter=   920  rel‖R‖=  2.307e-04  size(V,2)=  1050
iter=   921  rel‖R‖=  2.300e-04  size(V,2)=  1575
iter=   922  rel‖R‖=  2.293e-04  size(V,2)=  2100
iter=   923  rel‖R‖=  2.284e-04  size(V,2)=  2625
iter=   924  rel‖R‖=  2.275e-04  size(V,2)=  3150
iter=   925  rel‖R‖=  2.265e-04  size(V,2)=  3675
iter=   926  rel‖R‖=  2.254e-04  size(V,2)=  4200
iter=   927  rel‖R‖=  2.242e-04  size(V,2)=  4725
iter=   928  rel‖R‖=  2.229e-04  size(V,2)=  5250
iter=   929  rel‖R‖=  2.227e-04  size(V,2)=  1050
iter=   930  rel‖R‖=  2.221e-04  size(V,2)=  1575
iter=   931  rel‖R‖=  2.214e-04  size(V,2)=  2100
iter=   932  rel‖R‖=  2.205e-04  size(V,2)=  2625
iter=   933  rel‖R‖=  2.197e-04  size(V,2)=  3150
iter=   934  rel‖R‖=  2.187e-04  size(V,2)=  3675
iter=   935  rel‖R‖=  2.176e-04  size(V,2)=  4200
iter=   936  rel‖R‖=  2.165e-04  size(V,2)=  4725
iter=   937  rel‖R‖=  2.152e-04  size(V,2)=  5250
iter=   938  rel‖R‖=  2.150e-04  size(V,2)=  1050
iter=   939  rel‖R‖=  2.144e-04  size(V,2)=  1575
iter=   940  rel‖R‖=  2.137e-04  size(V,2)=  2100
iter=   941  rel‖R‖=  2.129e-04  size(V,2)=  2625
iter=   942  rel‖R‖=  2.120e-04  size(V,2)=  3150
iter=   943  rel‖R‖=  2.111e-04  size(V,2)=  3675
iter=   944  rel‖R‖=  2.100e-04  size(V,2)=  4200
iter=   945  rel‖R‖=  2.089e-04  size(V,2)=  4725
iter=   946  rel‖R‖=  2.077e-04  size(V,2)=  5250
iter=   947  rel‖R‖=  2.075e-04  size(V,2)=  1050
iter=   948  rel‖R‖=  2.070e-04  size(V,2)=  1575
iter=   949  rel‖R‖=  2.063e-04  size(V,2)=  2100
iter=   950  rel‖R‖=  2.056e-04  size(V,2)=  2625
iter=   951  rel‖R‖=  2.048e-04  size(V,2)=  3150
iter=   952  rel‖R‖=  2.039e-04  size(V,2)=  3675
iter=   953  rel‖R‖=  2.030e-04  size(V,2)=  4200
iter=   954  rel‖R‖=  2.020e-04  size(V,2)=  4725
iter=   955  rel‖R‖=  2.009e-04  size(V,2)=  5250
iter=   956  rel‖R‖=  2.007e-04  size(V,2)=  1050
iter=   957  rel‖R‖=  2.002e-04  size(V,2)=  1575
iter=   958  rel‖R‖=  1.996e-04  size(V,2)=  2100
iter=   959  rel‖R‖=  1.989e-04  size(V,2)=  2625
iter=   960  rel‖R‖=  1.981e-04  size(V,2)=  3150
iter=   961  rel‖R‖=  1.972e-04  size(V,2)=  3675
iter=   962  rel‖R‖=  1.963e-04  size(V,2)=  4200
iter=   963  rel‖R‖=  1.954e-04  size(V,2)=  4725
iter=   964  rel‖R‖=  1.942e-04  size(V,2)=  5250
iter=   965  rel‖R‖=  1.940e-04  size(V,2)=  1050
iter=   966  rel‖R‖=  1.935e-04  size(V,2)=  1575
iter=   967  rel‖R‖=  1.929e-04  size(V,2)=  2100
iter=   968  rel‖R‖=  1.922e-04  size(V,2)=  2625
iter=   969  rel‖R‖=  1.915e-04  size(V,2)=  3150
iter=   970  rel‖R‖=  1.906e-04  size(V,2)=  3675
iter=   971  rel‖R‖=  1.897e-04  size(V,2)=  4200
iter=   972  rel‖R‖=  1.887e-04  size(V,2)=  4725
iter=   973  rel‖R‖=  1.876e-04  size(V,2)=  5250
iter=   974  rel‖R‖=  1.874e-04  size(V,2)=  1050
iter=   975  rel‖R‖=  1.869e-04  size(V,2)=  1575
iter=   976  rel‖R‖=  1.864e-04  size(V,2)=  2100
iter=   977  rel‖R‖=  1.857e-04  size(V,2)=  2625
iter=   978  rel‖R‖=  1.850e-04  size(V,2)=  3150
iter=   979  rel‖R‖=  1.843e-04  size(V,2)=  3675
iter=   980  rel‖R‖=  1.834e-04  size(V,2)=  4200
iter=   981  rel‖R‖=  1.824e-04  size(V,2)=  4725
iter=   982  rel‖R‖=  1.814e-04  size(V,2)=  5250
iter=   983  rel‖R‖=  1.812e-04  size(V,2)=  1050
iter=   984  rel‖R‖=  1.807e-04  size(V,2)=  1575
iter=   985  rel‖R‖=  1.802e-04  size(V,2)=  2100
iter=   986  rel‖R‖=  1.796e-04  size(V,2)=  2625
iter=   987  rel‖R‖=  1.789e-04  size(V,2)=  3150
iter=   988  rel‖R‖=  1.781e-04  size(V,2)=  3675
iter=   989  rel‖R‖=  1.773e-04  size(V,2)=  4200
iter=   990  rel‖R‖=  1.765e-04  size(V,2)=  4725
iter=   991  rel‖R‖=  1.755e-04  size(V,2)=  5250
iter=   992  rel‖R‖=  1.753e-04  size(V,2)=  1050
iter=   993  rel‖R‖=  1.748e-04  size(V,2)=  1575
iter=   994  rel‖R‖=  1.743e-04  size(V,2)=  2100
iter=   995  rel‖R‖=  1.737e-04  size(V,2)=  2625
iter=   996  rel‖R‖=  1.730e-04  size(V,2)=  3150
iter=   997  rel‖R‖=  1.723e-04  size(V,2)=  3675
iter=   998  rel‖R‖=  1.715e-04  size(V,2)=  4200
iter=   999  rel‖R‖=  1.707e-04  size(V,2)=  4725
iter=  1000  rel‖R‖=  1.698e-04  size(V,2)=  5250
iter=  1001  rel‖R‖=  1.696e-04  size(V,2)=  1050
iter=  1002  rel‖R‖=  1.691e-04  size(V,2)=  1575
iter=  1003  rel‖R‖=  1.686e-04  size(V,2)=  2100
iter=  1004  rel‖R‖=  1.680e-04  size(V,2)=  2625
iter=  1005  rel‖R‖=  1.675e-04  size(V,2)=  3150
iter=  1006  rel‖R‖=  1.668e-04  size(V,2)=  3675
iter=  1007  rel‖R‖=  1.660e-04  size(V,2)=  4200
iter=  1008  rel‖R‖=  1.652e-04  size(V,2)=  4725
iter=  1009  rel‖R‖=  1.644e-04  size(V,2)=  5250
iter=  1010  rel‖R‖=  1.642e-04  size(V,2)=  1050
iter=  1011  rel‖R‖=  1.638e-04  size(V,2)=  1575
iter=  1012  rel‖R‖=  1.633e-04  size(V,2)=  2100
iter=  1013  rel‖R‖=  1.628e-04  size(V,2)=  2625
iter=  1014  rel‖R‖=  1.622e-04  size(V,2)=  3150
iter=  1015  rel‖R‖=  1.615e-04  size(V,2)=  3675
iter=  1016  rel‖R‖=  1.609e-04  size(V,2)=  4200
iter=  1017  rel‖R‖=  1.601e-04  size(V,2)=  4725
iter=  1018  rel‖R‖=  1.593e-04  size(V,2)=  5250
iter=  1019  rel‖R‖=  1.591e-04  size(V,2)=  1050
iter=  1020  rel‖R‖=  1.588e-04  size(V,2)=  1575
iter=  1021  rel‖R‖=  1.583e-04  size(V,2)=  2100
iter=  1022  rel‖R‖=  1.578e-04  size(V,2)=  2625
iter=  1023  rel‖R‖=  1.572e-04  size(V,2)=  3150
iter=  1024  rel‖R‖=  1.565e-04  size(V,2)=  3675
iter=  1025  rel‖R‖=  1.559e-04  size(V,2)=  4200
iter=  1026  rel‖R‖=  1.552e-04  size(V,2)=  4725
iter=  1027  rel‖R‖=  1.544e-04  size(V,2)=  5250
iter=  1028  rel‖R‖=  1.542e-04  size(V,2)=  1050
iter=  1029  rel‖R‖=  1.538e-04  size(V,2)=  1575
iter=  1030  rel‖R‖=  1.534e-04  size(V,2)=  2100
iter=  1031  rel‖R‖=  1.529e-04  size(V,2)=  2625
iter=  1032  rel‖R‖=  1.523e-04  size(V,2)=  3150
iter=  1033  rel‖R‖=  1.517e-04  size(V,2)=  3675
iter=  1034  rel‖R‖=  1.511e-04  size(V,2)=  4200
iter=  1035  rel‖R‖=  1.504e-04  size(V,2)=  4725
iter=  1036  rel‖R‖=  1.497e-04  size(V,2)=  5250
iter=  1037  rel‖R‖=  1.495e-04  size(V,2)=  1050
iter=  1038  rel‖R‖=  1.491e-04  size(V,2)=  1575
iter=  1039  rel‖R‖=  1.487e-04  size(V,2)=  2100
iter=  1040  rel‖R‖=  1.482e-04  size(V,2)=  2625
iter=  1041  rel‖R‖=  1.477e-04  size(V,2)=  3150
iter=  1042  rel‖R‖=  1.471e-04  size(V,2)=  3675
iter=  1043  rel‖R‖=  1.465e-04  size(V,2)=  4200
iter=  1044  rel‖R‖=  1.459e-04  size(V,2)=  4725
iter=  1045  rel‖R‖=  1.452e-04  size(V,2)=  5250
iter=  1046  rel‖R‖=  1.450e-04  size(V,2)=  1050
iter=  1047  rel‖R‖=  1.447e-04  size(V,2)=  1575
iter=  1048  rel‖R‖=  1.443e-04  size(V,2)=  2100
iter=  1049  rel‖R‖=  1.438e-04  size(V,2)=  2625
slurmstepd-andoria01: error: *** JOB 24902 ON andoria01 CANCELLED AT 2025-08-16T17:45:12 DUE TO TIME LIMIT ***

[40177] signal 15: Terminated
in expression starting at /home/fmereto/MA_best/uracil/block_uracil.jl:191
dsymv_kernel_4x4.constprop.0 at /home/fmereto/julia/bin/../lib/julia/libopenblas64_.so (unknown line)
dsymv_U_ZEN at /home/fmereto/julia/bin/../lib/julia/libopenblas64_.so (unknown line)
dsymv_64_ at /home/fmereto/julia/bin/../lib/julia/libopenblas64_.so (unknown line)
dlatrd_64_ at /home/fmereto/julia/bin/../lib/julia/libopenblas64_.so (unknown line)
dsytrd_64_ at /home/fmereto/julia/bin/../lib/julia/libopenblas64_.so (unknown line)
dsyevr_64_ at /home/fmereto/julia/bin/../lib/julia/libopenblas64_.so (unknown line)
syevr! at /cache/build/builder-amdci5-5/julialang/julia-release-1-dot-11/usr/share/julia/stdlib/v1.11/LinearAlgebra/src/lapack.jl:5397
eigen! at /cache/build/builder-amdci5-5/julialang/julia-release-1-dot-11/usr/share/julia/stdlib/v1.11/LinearAlgebra/src/symmetriceigen.jl:16 [inlined]
eigen at /cache/build/builder-amdci5-5/julialang/julia-release-1-dot-11/usr/share/julia/stdlib/v1.11/LinearAlgebra/src/symmetriceigen.jl:38 [inlined]
davidson at /home/fmereto/MA_best/uracil/block_uracil.jl:86
macro expansion at ./timing.jl:581 [inlined]
main at /home/fmereto/MA_best/uracil/block_uracil.jl:161
unknown function (ip: 0x7f7077fa1ad3)
top-level scope at /home/fmereto/MA_best/uracil/block_uracil.jl:197
jl_toplevel_eval_flex at /cache/build/builder-amdci5-5/julialang/julia-release-1-dot-11/src/toplevel.c:934
jl_toplevel_eval_flex at /cache/build/builder-amdci5-5/julialang/julia-release-1-dot-11/src/toplevel.c:886
ijl_toplevel_eval_in at /cache/build/builder-amdci5-5/julialang/julia-release-1-dot-11/src/toplevel.c:994
eval at ./boot.jl:430 [inlined]
include_string at ./loading.jl:2734
_include at ./loading.jl:2794
include at ./Base.jl:557
jfptr_include_46865.1 at /home/fmereto/julia/lib/julia/sys.so (unknown line)
exec_options at ./client.jl:323
_start at ./client.jl:531
jfptr__start_73560.1 at /home/fmereto/julia/lib/julia/sys.so (unknown line)
jl_apply at /cache/build/builder-amdci5-5/julialang/julia-release-1-dot-11/src/julia.h:2157 [inlined]
true_main at /cache/build/builder-amdci5-5/julialang/julia-release-1-dot-11/src/jlapi.c:900
jl_repl_entrypoint at /cache/build/builder-amdci5-5/julialang/julia-release-1-dot-11/src/jlapi.c:1059
main at /cache/build/builder-amdci5-5/julialang/julia-release-1-dot-11/cli/loader_exe.c:58
__libc_start_main at /lib/x86_64-linux-gnu/libc.so.6 (unknown line)
unknown function (ip: 0x4010b8)
unknown function (ip: (nil))
Allocations: 19697773 (Pool: 19697361; Big: 412); GC: 5311
iter=  1050  rel‖R‖=  1.433e-04  size(V,2)=  3150
iter=  1051  rel‖R‖=  1.428e-04  size(V,2)=  3675
iter=  1052  rel‖R‖=  1.422e-04  size(V,2)=  4200
iter=  1053  rel‖R‖=  1.416e-04  size(V,2)=  4725
iter=  1054  rel‖R‖=  1.410e-04  size(V,2)=  5250
iter=  1055  rel‖R‖=  1.408e-04  size(V,2)=  1050
iter=  1056  rel‖R‖=  1.406e-04  size(V,2)=  1575
iter=  1057  rel‖R‖=  1.402e-04  size(V,2)=  2100
iter=  1058  rel‖R‖=  1.397e-04  size(V,2)=  2625
iter=  1059  rel‖R‖=  1.393e-04  size(V,2)=  3150
iter=  1060  rel‖R‖=  1.388e-04  size(V,2)=  3675
iter=  1061  rel‖R‖=  1.383e-04  size(V,2)=  4200
iter=  1062  rel‖R‖=  1.378e-04  size(V,2)=  4725
iter=  1063  rel‖R‖=  1.372e-04  size(V,2)=  5250
iter=  1064  rel‖R‖=  1.370e-04  size(V,2)=  1050
iter=  1065  rel‖R‖=  1.367e-04  size(V,2)=  1575
iter=  1066  rel‖R‖=  1.363e-04  size(V,2)=  2100
iter=  1067  rel‖R‖=  1.359e-04  size(V,2)=  2625
iter=  1068  rel‖R‖=  1.355e-04  size(V,2)=  3150
iter=  1069  rel‖R‖=  1.350e-04  size(V,2)=  3675
iter=  1070  rel‖R‖=  1.345e-04  size(V,2)=  4200
iter=  1071  rel‖R‖=  1.339e-04  size(V,2)=  4725
iter=  1072  rel‖R‖=  1.334e-04  size(V,2)=  5250
iter=  1073  rel‖R‖=  1.332e-04  size(V,2)=  1050
iter=  1074  rel‖R‖=  1.329e-04  size(V,2)=  1575
iter=  1075  rel‖R‖=  1.325e-04  size(V,2)=  2100
iter=  1076  rel‖R‖=  1.321e-04  size(V,2)=  2625
iter=  1077  rel‖R‖=  1.317e-04  size(V,2)=  3150
iter=  1078  rel‖R‖=  1.313e-04  size(V,2)=  3675
iter=  1079  rel‖R‖=  1.308e-04  size(V,2)=  4200
iter=  1080  rel‖R‖=  1.303e-04  size(V,2)=  4725
iter=  1081  rel‖R‖=  1.298e-04  size(V,2)=  5250
iter=  1082  rel‖R‖=  1.296e-04  size(V,2)=  1050
iter=  1083  rel‖R‖=  1.293e-04  size(V,2)=  1575
iter=  1084  rel‖R‖=  1.290e-04  size(V,2)=  2100
iter=  1085  rel‖R‖=  1.286e-04  size(V,2)=  2625
iter=  1086  rel‖R‖=  1.282e-04  size(V,2)=  3150
iter=  1087  rel‖R‖=  1.278e-04  size(V,2)=  3675
iter=  1088  rel‖R‖=  1.274e-04  size(V,2)=  4200
iter=  1089  rel‖R‖=  1.269e-04  size(V,2)=  4725
iter=  1090  rel‖R‖=  1.265e-04  size(V,2)=  5250
iter=  1091  rel‖R‖=  1.262e-04  size(V,2)=  1050
iter=  1092  rel‖R‖=  1.260e-04  size(V,2)=  1575
iter=  1093  rel‖R‖=  1.257e-04  size(V,2)=  2100
iter=  1094  rel‖R‖=  1.253e-04  size(V,2)=  2625
iter=  1095  rel‖R‖=  1.250e-04  size(V,2)=  3150
iter=  1096  rel‖R‖=  1.245e-04  size(V,2)=  3675
iter=  1097  rel‖R‖=  1.241e-04  size(V,2)=  4200
iter=  1098  rel‖R‖=  1.237e-04  size(V,2)=  4725
iter=  1099  rel‖R‖=  1.233e-04  size(V,2)=  5250
iter=  1100  rel‖R‖=  1.231e-04  size(V,2)=  1050
iter=  1101  rel‖R‖=  1.228e-04  size(V,2)=  1575
iter=  1102  rel‖R‖=  1.225e-04  size(V,2)=  2100
iter=  1103  rel‖R‖=  1.222e-04  size(V,2)=  2625
iter=  1104  rel‖R‖=  1.218e-04  size(V,2)=  3150
iter=  1105  rel‖R‖=  1.214e-04  size(V,2)=  3675
iter=  1106  rel‖R‖=  1.210e-04  size(V,2)=  4200
iter=  1107  rel‖R‖=  1.206e-04  size(V,2)=  4725
iter=  1108  rel‖R‖=  1.202e-04  size(V,2)=  5250
iter=  1109  rel‖R‖=  1.200e-04  size(V,2)=  1050
iter=  1110  rel‖R‖=  1.198e-04  size(V,2)=  1575
iter=  1111  rel‖R‖=  1.195e-04  size(V,2)=  2100
iter=  1112  rel‖R‖=  1.191e-04  size(V,2)=  2625
iter=  1113  rel‖R‖=  1.188e-04  size(V,2)=  3150
iter=  1114  rel‖R‖=  1.184e-04  size(V,2)=  3675
iter=  1115  rel‖R‖=  1.180e-04  size(V,2)=  4200
iter=  1116  rel‖R‖=  1.176e-04  size(V,2)=  4725
iter=  1117  rel‖R‖=  1.171e-04  size(V,2)=  5250
iter=  1118  rel‖R‖=  1.170e-04  size(V,2)=  1050
iter=  1119  rel‖R‖=  1.167e-04  size(V,2)=  1575
iter=  1120  rel‖R‖=  1.165e-04  size(V,2)=  2100
iter=  1121  rel‖R‖=  1.161e-04  size(V,2)=  2625
iter=  1122  rel‖R‖=  1.158e-04  size(V,2)=  3150
iter=  1123  rel‖R‖=  1.155e-04  size(V,2)=  3675
iter=  1124  rel‖R‖=  1.151e-04  size(V,2)=  4200
iter=  1125  rel‖R‖=  1.147e-04  size(V,2)=  4725
iter=  1126  rel‖R‖=  1.143e-04  size(V,2)=  5250
iter=  1127  rel‖R‖=  1.141e-04  size(V,2)=  1050
iter=  1128  rel‖R‖=  1.139e-04  size(V,2)=  1575
iter=  1129  rel‖R‖=  1.136e-04  size(V,2)=  2100
iter=  1130  rel‖R‖=  1.133e-04  size(V,2)=  2625
iter=  1131  rel‖R‖=  1.130e-04  size(V,2)=  3150
iter=  1132  rel‖R‖=  1.126e-04  size(V,2)=  3675
iter=  1133  rel‖R‖=  1.123e-04  size(V,2)=  4200
iter=  1134  rel‖R‖=  1.119e-04  size(V,2)=  4725
iter=  1135  rel‖R‖=  1.115e-04  size(V,2)=  5250
iter=  1136  rel‖R‖=  1.114e-04  size(V,2)=  1050
iter=  1137  rel‖R‖=  1.112e-04  size(V,2)=  1575
iter=  1138  rel‖R‖=  1.109e-04  size(V,2)=  2100
iter=  1139  rel‖R‖=  1.106e-04  size(V,2)=  2625
iter=  1140  rel‖R‖=  1.102e-04  size(V,2)=  3150
iter=  1141  rel‖R‖=  1.099e-04  size(V,2)=  3675
iter=  1142  rel‖R‖=  1.096e-04  size(V,2)=  4200
iter=  1143  rel‖R‖=  1.093e-04  size(V,2)=  4725
iter=  1144  rel‖R‖=  1.090e-04  size(V,2)=  5250
iter=  1145  rel‖R‖=  1.088e-04  size(V,2)=  1050
iter=  1146  rel‖R‖=  1.086e-04  size(V,2)=  1575
iter=  1147  rel‖R‖=  1.084e-04  size(V,2)=  2100
iter=  1148  rel‖R‖=  1.081e-04  size(V,2)=  2625
iter=  1149  rel‖R‖=  1.078e-04  size(V,2)=  3150
iter=  1150  rel‖R‖=  1.075e-04  size(V,2)=  3675
iter=  1151  rel‖R‖=  1.072e-04  size(V,2)=  4200
iter=  1152  rel‖R‖=  1.068e-04  size(V,2)=  4725
iter=  1153  rel‖R‖=  1.066e-04  size(V,2)=  5250
iter=  1154  rel‖R‖=  1.064e-04  size(V,2)=  1050
iter=  1155  rel‖R‖=  1.062e-04  size(V,2)=  1575
iter=  1156  rel‖R‖=  1.059e-04  size(V,2)=  2100
iter=  1157  rel‖R‖=  1.057e-04  size(V,2)=  2625
iter=  1158  rel‖R‖=  1.054e-04  size(V,2)=  3150
iter=  1159  rel‖R‖=  1.050e-04  size(V,2)=  3675
iter=  1160  rel‖R‖=  1.047e-04  size(V,2)=  4200
iter=  1161  rel‖R‖=  1.044e-04  size(V,2)=  4725
iter=  1162  rel‖R‖=  1.041e-04  size(V,2)=  5250
iter=  1163  rel‖R‖=  1.039e-04  size(V,2)=  1050
iter=  1164  rel‖R‖=  1.037e-04  size(V,2)=  1575
iter=  1165  rel‖R‖=  1.035e-04  size(V,2)=  2100
iter=  1166  rel‖R‖=  1.032e-04  size(V,2)=  2625
iter=  1167  rel‖R‖=  1.030e-04  size(V,2)=  3150
iter=  1168  rel‖R‖=  1.027e-04  size(V,2)=  3675
iter=  1169  rel‖R‖=  1.024e-04  size(V,2)=  4200
iter=  1170  rel‖R‖=  1.021e-04  size(V,2)=  4725
iter=  1171  rel‖R‖=  1.019e-04  size(V,2)=  5250
iter=  1172  rel‖R‖=  1.018e-04  size(V,2)=  1050
iter=  1173  rel‖R‖=  1.016e-04  size(V,2)=  1575
iter=  1174  rel‖R‖=  1.013e-04  size(V,2)=  2100
iter=  1175  rel‖R‖=  1.011e-04  size(V,2)=  2625
iter=  1176  rel‖R‖=  1.008e-04  size(V,2)=  3150
iter=  1177  rel‖R‖=  1.006e-04  size(V,2)=  3675
iter=  1178  rel‖R‖=  1.003e-04  size(V,2)=  4200
iter=  1179  rel‖R‖=  1.000e-04  size(V,2)=  4725
iter=  1180  rel‖R‖=  9.974e-05  size(V,2)=  5250
iter=  1181  rel‖R‖=  9.958e-05  size(V,2)=  1050
iter=  1182  rel‖R‖=  9.938e-05  size(V,2)=  1575
iter=  1183  rel‖R‖=  9.913e-05  size(V,2)=  2100
iter=  1184  rel‖R‖=  9.890e-05  size(V,2)=  2625
iter=  1185  rel‖R‖=  9.866e-05  size(V,2)=  3150
iter=  1186  rel‖R‖=  9.843e-05  size(V,2)=  3675
iter=  1187  rel‖R‖=  9.819e-05  size(V,2)=  4200
iter=  1188  rel‖R‖=  9.795e-05  size(V,2)=  4725
iter=  1189  rel‖R‖=  9.774e-05  size(V,2)=  5250
iter=  1190  rel‖R‖=  9.758e-05  size(V,2)=  1050
iter=  1191  rel‖R‖=  9.742e-05  size(V,2)=  1575
iter=  1192  rel‖R‖=  9.723e-05  size(V,2)=  2100
iter=  1193  rel‖R‖=  9.703e-05  size(V,2)=  2625
iter=  1194  rel‖R‖=  9.682e-05  size(V,2)=  3150
iter=  1195  rel‖R‖=  9.660e-05  size(V,2)=  3675
iter=  1196  rel‖R‖=  9.638e-05  size(V,2)=  4200
iter=  1197  rel‖R‖=  9.621e-05  size(V,2)=  4725
iter=  1198  rel‖R‖=  9.611e-05  size(V,2)=  5250
iter=  1199  rel‖R‖=  9.597e-05  size(V,2)=  1050
iter=  1200  rel‖R‖=  9.579e-05  size(V,2)=  1575
iter=  1201  rel‖R‖=  9.560e-05  size(V,2)=  2100
iter=  1202  rel‖R‖=  9.542e-05  size(V,2)=  2625
iter=  1203  rel‖R‖=  9.524e-05  size(V,2)=  3150
iter=  1204  rel‖R‖=  9.506e-05  size(V,2)=  3675
iter=  1205  rel‖R‖=  9.488e-05  size(V,2)=  4200
iter=  1206  rel‖R‖=  9.466e-05  size(V,2)=  4725
iter=  1207  rel‖R‖=  9.446e-05  size(V,2)=  5250
iter=  1208  rel‖R‖=  9.433e-05  size(V,2)=  1050
iter=  1209  rel‖R‖=  9.417e-05  size(V,2)=  1575
iter=  1210  rel‖R‖=  9.400e-05  size(V,2)=  2100
iter=  1211  rel‖R‖=  9.378e-05  size(V,2)=  2625
