Processing molecule: uracil
Running with alpha = 8
Running with l = 10
Davidson
iter=     1  rel‖R‖=  3.164e+01  size(V,2)=   210
iter=     2  rel‖R‖=  1.807e+01  size(V,2)=   420
iter=     3  rel‖R‖=  3.549e+00  size(V,2)=   630
iter=     4  rel‖R‖=  7.074e-01  size(V,2)=   840
iter=     5  rel‖R‖=  1.844e-01  size(V,2)=  1050
iter=     6  rel‖R‖=  3.358e-02  size(V,2)=  1260
iter=     7  rel‖R‖=  4.340e-03  size(V,2)=  1470
iter=     8  rel‖R‖=  4.390e-04  size(V,2)=  1680
iter=     9  rel‖R‖=  5.785e-05  size(V,2)=   420
converged!
789.528958 seconds (25.99 k allocations: 10.945 GiB, 0.05% gc time)
Total estimated FLOPs: 22282635345600

Reading exact Eigenvalues...
Reading eigenvalues from ../Eigenvalues_folder/eigenres_uracil_RNDbasis.jld2

Difference between Davidson and exact eigenvalues:
1×210 adjoint(::Vector{Float64}) with eltype Float64:
 -3.55271e-15  -3.55271e-15  -3.55271e-15  -3.55271e-15  3.55271e-15  1.06581e-14  -7.10543e-15  1.42109e-14  -3.55271e-15  -1.06581e-14  3.55271e-15  0.0  -1.77636e-15  -5.32907e-15  -7.10543e-15  0.0  -1.77636e-15  8.88178e-15  -7.10543e-15  -3.55271e-15  -3.55271e-15  -5.32907e-15  1.77636e-15  1.77636e-15  7.10543e-15  0.0  -8.88178e-15  3.55271e-15  8.88178e-15  7.10543e-15  5.32907e-15  -3.55271e-15  -3.55271e-15  3.55271e-15  -3.55271e-15  -8.88178e-15  0.0  3.55271e-15  3.55271e-15  1.77636e-15  3.55271e-15  -1.77636e-15  -1.77636e-15  -1.77636e-15  2.66454e-15  -2.66454e-15  2.66454e-15  -4.44089e-15  -6.21725e-15  -4.44089e-15  -6.21725e-15  2.66454e-15  -3.55271e-15  8.88178e-16  -2.66454e-15  -2.66454e-15  -8.88178e-16  5.32907e-15  3.55271e-15  2.66454e-15  3.55271e-15  -4.44089e-15  -8.88178e-16  4.44089e-15  2.66454e-15  -1.77636e-15  4.44089e-15  6.21725e-15  -3.55271e-15  8.88178e-16  0.0  8.88178e-16  8.88178e-15  -8.88178e-15  2.66454e-15  -4.44089e-15  7.99361e-15  6.21725e-15  -4.44089e-15  -1.06581e-14  0.0  4.44089e-15  1.77636e-15  -8.88178e-16  -8.88178e-16  1.77636e-15  -2.66454e-15  7.10543e-15  9.76996e-15  -9.76996e-15  -1.77636e-15  3.55271e-15  -4.44089e-15  2.66454e-15  8.88178e-16  7.10543e-15  -1.24345e-14  -7.10543e-15  -2.66454e-15  8.88178e-16  3.55271e-15  0.0  -4.44089e-16  -5.77316e-15  1.33227e-15  0.0  1.02141e-14  -3.10862e-15  -7.54952e-15  -4.88498e-15  -1.33227e-14  -7.99361e-15  6.21725e-15  -6.66134e-15  1.11022e-14  6.21725e-15  4.44089e-16  8.88178e-16  -4.44089e-16  1.33227e-15  8.43769e-15  -4.44089e-15  1.77636e-15  -8.88178e-15  -1.02141e-14  -4.44089e-16  -3.10862e-15  3.55271e-15  -1.24345e-14  -1.28786e-14  -7.10543e-15  -1.19904e-14  4.88498e-15  -3.9968e-15  -1.68754e-14  -1.95399e-14  -5.77316e-15  -2.44249e-14  -1.64313e-14  -5.28466e-14  -3.81917e-14  -4.75175e-14  -4.04121e-14  -6.43929e-14  -1.59872e-13  -1.77192e-13  -1.40332e-13  -2.45581e-13  -1.82965e-13  -6.69687e-13  -6.81233e-13  -1.48281e-12  -1.15641e-12  -2.41052e-12  -2.01483e-12  -3.14238e-12  -5.9539e-12  -5.25935e-12  -5.6315e-12  -3.68017e-12  -5.27756e-12  -9.64073e-12  -7.62412e-12  -6.38289e-12  -9.73532e-12  -9.45155e-12  -1.62785e-11  -2.60569e-11  -2.98619e-11  -2.0528e-11  -5.1064e-11  -2.99378e-11  -3.70979e-11  -1.08793e-10  -8.59131e-11  -5.22631e-11  -4.60889e-11  -1.38105e-10  -6.90163e-11  -8.09073e-11  -9.84683e-11  -2.2334e-10  -2.87006e-10  -1.35361e-10  -2.52403e-10  -1.99963e-10  -2.08627e-10  -3.10874e-10  -5.21913e-10  -2.65688e-10  -6.90775e-10  -4.01332e-10  -5.07572e-10  -5.49985e-10  -6.78411e-10  -8.74302e-10  -5.23801e-10  -8.33352e-10  -1.00637e-9  -1.10339e-9  -1.03317e-9  -7.86474e-10  -1.56795e-9  -6.68982e-10  -2.52826e-9  -4.58714e-9  -2.53057e-9  -4.4164e-9  -4.22551e-9  -5.39138e-9
210 Eigenvalues converges, out of 210 requested.
Running with l = 15
Davidson
iter=     1  rel‖R‖=  2.860e+01  size(V,2)=   315
iter=     2  rel‖R‖=  1.145e+01  size(V,2)=   630
iter=     3  rel‖R‖=  1.852e+00  size(V,2)=   945
iter=     4  rel‖R‖=  4.161e-01  size(V,2)=  1260
iter=     5  rel‖R‖=  1.325e-01  size(V,2)=  1575
iter=     6  rel‖R‖=  3.401e-02  size(V,2)=  1890
iter=     7  rel‖R‖=  7.045e-03  size(V,2)=  2205
iter=     8  rel‖R‖=  1.247e-03  size(V,2)=  2520
iter=     9  rel‖R‖=  2.952e-04  size(V,2)=   630
iter=    10  rel‖R‖=  1.010e-04  size(V,2)=   945
iter=    11  rel‖R‖=  3.922e-05  size(V,2)=  1260
converged!
1528.487917 seconds (48.23 k allocations: 19.908 GiB, 0.10% gc time)
Total estimated FLOPs: 41232042450900

Reading exact Eigenvalues...
Reading eigenvalues from ../Eigenvalues_folder/eigenres_uracil_RNDbasis.jld2

Difference between Davidson and exact eigenvalues:
1×315 adjoint(::Vector{Float64}) with eltype Float64:
 -3.55271e-15  -7.10543e-15  1.06581e-14  3.55271e-15  3.55271e-15  -7.10543e-15  -1.42109e-14  1.42109e-14  0.0  -7.10543e-15  -1.06581e-14  0.0  -1.77636e-15  -1.77636e-15  -1.77636e-15  3.55271e-15  -7.10543e-15  -7.10543e-15  -8.88178e-15  0.0  -3.55271e-15  -5.32907e-15  1.77636e-15  5.32907e-15  1.42109e-14  5.32907e-15  -1.77636e-15  -5.32907e-15  3.55271e-15  1.77636e-15  0.0  -1.77636e-15  -5.32907e-15  1.77636e-15  1.06581e-14  -1.77636e-15  -1.06581e-14  -5.32907e-15  7.10543e-15  -1.06581e-14  -2.66454e-15  4.44089e-15  8.88178e-15  4.44089e-15  6.21725e-15  1.77636e-15  8.88178e-16  5.32907e-15  8.88178e-16  -1.77636e-15  3.55271e-15  1.77636e-15  6.21725e-15  5.32907e-15  -9.76996e-15  -7.10543e-15  9.76996e-15  2.66454e-15  2.66454e-15  1.77636e-15  -5.32907e-15  7.10543e-15  -8.88178e-16  -7.99361e-15  -5.32907e-15  3.55271e-15  -4.44089e-15  -5.32907e-15  1.77636e-15  6.21725e-15  2.66454e-15  8.88178e-15  -1.06581e-14  -4.44089e-15  -4.44089e-15  8.88178e-16  -4.44089e-15  6.21725e-15  0.0  1.77636e-15  8.88178e-16  -8.88178e-16  3.55271e-15  -2.66454e-15  -1.77636e-15  9.76996e-15  8.88178e-16  -6.21725e-15  -1.15463e-14  -8.88178e-16  -1.06581e-14  -7.99361e-15  2.66454e-15  -4.44089e-15  -3.9968e-15  -7.54952e-15  1.06581e-14  -2.66454e-15  -8.88178e-15  -8.88178e-16  -2.66454e-15  8.88178e-16  -5.77316e-15  3.10862e-15  3.10862e-15  1.06581e-14  -7.54952e-15  6.66134e-15  2.22045e-15  -1.33227e-15  2.66454e-15  -5.77316e-15  1.02141e-14  4.88498e-15  9.76996e-15  4.88498e-15  1.11022e-14  2.22045e-15  3.9968e-15  -5.77316e-15  0.0  -4.44089e-15  -4.88498e-15  1.06581e-14  2.22045e-15  -7.99361e-15  1.02141e-14  1.55431e-14  3.9968e-15  -4.44089e-15  -4.88498e-15  4.44089e-16  -6.21725e-15  1.77636e-15  -3.10862e-15  2.22045e-15  -1.15463e-14  -3.9968e-15  1.68754e-14  1.02141e-14  1.06581e-14  -5.77316e-15  7.54952e-15  -8.88178e-16  4.44089e-16  1.28786e-14  -1.06581e-14  6.21725e-15  -1.28786e-14  8.88178e-16  9.32587e-15  4.44089e-16  -1.42109e-14  1.02141e-14  -5.32907e-15  -7.10543e-15  4.44089e-16  -1.77636e-15  6.66134e-15  -1.64313e-14  2.66454e-15  -1.24345e-14  1.28786e-14  1.42109e-14  2.66454e-15  -8.88178e-15  3.55271e-15  -1.24345e-14  -1.82077e-14  -1.37668e-14  -1.02141e-14  -1.33227e-15  -1.77636e-15  -3.9968e-15  -1.68754e-14  -7.10543e-15  1.86517e-14  1.19904e-14  5.32907e-15  -4.44089e-15  -2.66454e-15  -1.28786e-14  3.9968e-15  -1.37668e-14  -8.88178e-16  -3.55271e-15  -1.82077e-14  -1.77636e-15  1.86517e-14  6.21725e-15  -9.76996e-15  -1.33227e-14  1.77636e-15  -7.54952e-15  -1.15463e-14  5.32907e-15  -1.28786e-14  -1.33227e-15  -3.9968e-15  -4.44089e-15  4.44089e-16  -2.22045e-15  -7.99361e-15  -8.43769e-15  -2.66454e-15  4.44089e-16  -7.99361e-15  6.66134e-15  -2.22045e-14  1.64313e-14  6.21725e-15  5.32907e-15  1.11022e-14  1.33227e-15  1.46549e-14  1.33227e-15  -2.35367e-14  -1.15463e-14  -3.55271e-15  2.22045e-15  8.43769e-15  -2.44249e-15  -1.26565e-14  -3.9968e-15  -2.13163e-14  9.76996e-15  -2.15383e-14  -3.26406e-14  -6.43929e-15  -2.79776e-14  -9.32587e-15  -1.75415e-14  -5.04041e-14  -2.9976e-14  -1.5099e-14  -9.59233e-14  -6.10623e-14  -4.55191e-14  -5.70655e-14  -7.37188e-14  -8.79297e-14  -5.52891e-14  -1.45439e-13  -1.41887e-13  -1.6942e-13  -1.33671e-13  -2.00728e-13  -2.85549e-13  -3.67484e-13  -3.84137e-13  -4.40536e-13  -4.92273e-13  -1.04294e-12  -7.38076e-13  -6.62137e-13  -1.15974e-12  -1.26099e-12  -2.37499e-12  -1.89848e-12  -2.75757e-12  -2.95675e-12  -2.45426e-12  -5.31974e-12  -4.06142e-12  -5.39235e-12  -7.83063e-12  -8.22276e-12  -1.2766e-11  -6.74238e-12  -1.34794e-11  -1.19229e-11  -1.85214e-11  -1.36167e-11  -3.42457e-11  -1.97062e-11  -3.6372e-11  -3.03526e-11  -4.96325e-11  -4.42646e-11  -4.02154e-11  -6.69367e-11  -8.71856e-11  -1.39769e-10  -1.21283e-10  -1.36624e-10  -1.50474e-10  -1.98763e-10  -1.86871e-10  -1.84021e-10  -2.87256e-10  -3.23416e-10  -3.992e-10  -4.09746e-10  -5.04532e-10  -5.2218e-10  -5.70647e-10  -7.80744e-10  -6.44121e-10  -8.223e-10  -1.17461e-9  -9.56738e-10  -1.01633e-9  -2.15556e-9  -4.05915e-9  -3.54212e-9  -3.52913e-9  -4.25231e-9  -4.77283e-9  -4.55976e-9  -1.48471e-8  -7.81793e-9  -1.61909e-8  -2.32478e-8  -2.28266e-7  -6.74926e-8
315 Eigenvalues converges, out of 315 requested.
Running with l = 25
Davidson
iter=     1  rel‖R‖=  2.559e+01  size(V,2)=   525
iter=     2  rel‖R‖=  6.865e+00  size(V,2)=  1050
iter=     3  rel‖R‖=  8.702e-01  size(V,2)=  1575
iter=     4  rel‖R‖=  2.817e-01  size(V,2)=  2100
iter=     5  rel‖R‖=  1.752e-01  size(V,2)=  2625
iter=     6  rel‖R‖=  1.130e-01  size(V,2)=  3150
iter=     7  rel‖R‖=  7.899e-02  size(V,2)=  3675
iter=     8  rel‖R‖=  5.765e-02  size(V,2)=  4200
iter=     9  rel‖R‖=  5.186e-02  size(V,2)=  1050
iter=    10  rel‖R‖=  5.014e-02  size(V,2)=  1575
iter=    11  rel‖R‖=  4.877e-02  size(V,2)=  2100
iter=    12  rel‖R‖=  4.745e-02  size(V,2)=  2625
iter=    13  rel‖R‖=  4.591e-02  size(V,2)=  3150
iter=    14  rel‖R‖=  4.426e-02  size(V,2)=  3675
iter=    15  rel‖R‖=  4.203e-02  size(V,2)=  4200
iter=    16  rel‖R‖=  4.119e-02  size(V,2)=  1050
iter=    17  rel‖R‖=  4.065e-02  size(V,2)=  1575
iter=    18  rel‖R‖=  4.010e-02  size(V,2)=  2100
iter=    19  rel‖R‖=  3.954e-02  size(V,2)=  2625
iter=    20  rel‖R‖=  3.890e-02  size(V,2)=  3150
iter=    21  rel‖R‖=  3.823e-02  size(V,2)=  3675
iter=    22  rel‖R‖=  3.743e-02  size(V,2)=  4200
iter=    23  rel‖R‖=  3.721e-02  size(V,2)=  1050
iter=    24  rel‖R‖=  3.693e-02  size(V,2)=  1575
iter=    25  rel‖R‖=  3.661e-02  size(V,2)=  2100
iter=    26  rel‖R‖=  3.625e-02  size(V,2)=  2625
iter=    27  rel‖R‖=  3.582e-02  size(V,2)=  3150
iter=    28  rel‖R‖=  3.536e-02  size(V,2)=  3675
iter=    29  rel‖R‖=  3.473e-02  size(V,2)=  4200
iter=    30  rel‖R‖=  3.459e-02  size(V,2)=  1050
iter=    31  rel‖R‖=  3.434e-02  size(V,2)=  1575
iter=    32  rel‖R‖=  3.406e-02  size(V,2)=  2100
iter=    33  rel‖R‖=  3.375e-02  size(V,2)=  2625
iter=    34  rel‖R‖=  3.342e-02  size(V,2)=  3150
iter=    35  rel‖R‖=  3.302e-02  size(V,2)=  3675
iter=    36  rel‖R‖=  3.256e-02  size(V,2)=  4200
iter=    37  rel‖R‖=  3.246e-02  size(V,2)=  1050
iter=    38  rel‖R‖=  3.227e-02  size(V,2)=  1575
iter=    39  rel‖R‖=  3.204e-02  size(V,2)=  2100
iter=    40  rel‖R‖=  3.179e-02  size(V,2)=  2625
iter=    41  rel‖R‖=  3.148e-02  size(V,2)=  3150
iter=    42  rel‖R‖=  3.113e-02  size(V,2)=  3675
iter=    43  rel‖R‖=  3.074e-02  size(V,2)=  4200
iter=    44  rel‖R‖=  3.066e-02  size(V,2)=  1050
iter=    45  rel‖R‖=  3.048e-02  size(V,2)=  1575
iter=    46  rel‖R‖=  3.028e-02  size(V,2)=  2100
iter=    47  rel‖R‖=  3.005e-02  size(V,2)=  2625
iter=    48  rel‖R‖=  2.979e-02  size(V,2)=  3150
iter=    49  rel‖R‖=  2.950e-02  size(V,2)=  3675
iter=    50  rel‖R‖=  2.915e-02  size(V,2)=  4200
iter=    51  rel‖R‖=  2.907e-02  size(V,2)=  1050
iter=    52  rel‖R‖=  2.892e-02  size(V,2)=  1575
iter=    53  rel‖R‖=  2.874e-02  size(V,2)=  2100
iter=    54  rel‖R‖=  2.853e-02  size(V,2)=  2625
iter=    55  rel‖R‖=  2.830e-02  size(V,2)=  3150
iter=    56  rel‖R‖=  2.803e-02  size(V,2)=  3675
iter=    57  rel‖R‖=  2.770e-02  size(V,2)=  4200
iter=    58  rel‖R‖=  2.764e-02  size(V,2)=  1050
iter=    59  rel‖R‖=  2.750e-02  size(V,2)=  1575
iter=    60  rel‖R‖=  2.733e-02  size(V,2)=  2100
iter=    61  rel‖R‖=  2.714e-02  size(V,2)=  2625
iter=    62  rel‖R‖=  2.692e-02  size(V,2)=  3150
iter=    63  rel‖R‖=  2.668e-02  size(V,2)=  3675
iter=    64  rel‖R‖=  2.639e-02  size(V,2)=  4200
iter=    65  rel‖R‖=  2.633e-02  size(V,2)=  1050
iter=    66  rel‖R‖=  2.620e-02  size(V,2)=  1575
iter=    67  rel‖R‖=  2.605e-02  size(V,2)=  2100
iter=    68  rel‖R‖=  2.587e-02  size(V,2)=  2625
iter=    69  rel‖R‖=  2.567e-02  size(V,2)=  3150
iter=    70  rel‖R‖=  2.543e-02  size(V,2)=  3675
iter=    71  rel‖R‖=  2.516e-02  size(V,2)=  4200
iter=    72  rel‖R‖=  2.510e-02  size(V,2)=  1050
iter=    73  rel‖R‖=  2.498e-02  size(V,2)=  1575
iter=    74  rel‖R‖=  2.483e-02  size(V,2)=  2100
iter=    75  rel‖R‖=  2.467e-02  size(V,2)=  2625
iter=    76  rel‖R‖=  2.448e-02  size(V,2)=  3150
iter=    77  rel‖R‖=  2.427e-02  size(V,2)=  3675
iter=    78  rel‖R‖=  2.402e-02  size(V,2)=  4200
iter=    79  rel‖R‖=  2.398e-02  size(V,2)=  1050
iter=    80  rel‖R‖=  2.386e-02  size(V,2)=  1575
iter=    81  rel‖R‖=  2.373e-02  size(V,2)=  2100
iter=    82  rel‖R‖=  2.358e-02  size(V,2)=  2625
iter=    83  rel‖R‖=  2.341e-02  size(V,2)=  3150
iter=    84  rel‖R‖=  2.321e-02  size(V,2)=  3675
iter=    85  rel‖R‖=  2.299e-02  size(V,2)=  4200
iter=    86  rel‖R‖=  2.295e-02  size(V,2)=  1050
iter=    87  rel‖R‖=  2.285e-02  size(V,2)=  1575
iter=    88  rel‖R‖=  2.272e-02  size(V,2)=  2100
iter=    89  rel‖R‖=  2.259e-02  size(V,2)=  2625
iter=    90  rel‖R‖=  2.242e-02  size(V,2)=  3150
iter=    91  rel‖R‖=  2.224e-02  size(V,2)=  3675
iter=    92  rel‖R‖=  2.202e-02  size(V,2)=  4200
iter=    93  rel‖R‖=  2.198e-02  size(V,2)=  1050
iter=    94  rel‖R‖=  2.189e-02  size(V,2)=  1575
iter=    95  rel‖R‖=  2.177e-02  size(V,2)=  2100
iter=    96  rel‖R‖=  2.164e-02  size(V,2)=  2625
iter=    97  rel‖R‖=  2.149e-02  size(V,2)=  3150
iter=    98  rel‖R‖=  2.132e-02  size(V,2)=  3675
iter=    99  rel‖R‖=  2.112e-02  size(V,2)=  4200
iter=   100  rel‖R‖=  2.108e-02  size(V,2)=  1050
iter=   101  rel‖R‖=  2.099e-02  size(V,2)=  1575
iter=   102  rel‖R‖=  2.088e-02  size(V,2)=  2100
iter=   103  rel‖R‖=  2.075e-02  size(V,2)=  2625
iter=   104  rel‖R‖=  2.062e-02  size(V,2)=  3150
iter=   105  rel‖R‖=  2.046e-02  size(V,2)=  3675
iter=   106  rel‖R‖=  2.027e-02  size(V,2)=  4200
iter=   107  rel‖R‖=  2.023e-02  size(V,2)=  1050
iter=   108  rel‖R‖=  2.015e-02  size(V,2)=  1575
iter=   109  rel‖R‖=  2.004e-02  size(V,2)=  2100
iter=   110  rel‖R‖=  1.993e-02  size(V,2)=  2625
iter=   111  rel‖R‖=  1.980e-02  size(V,2)=  3150
iter=   112  rel‖R‖=  1.964e-02  size(V,2)=  3675
iter=   113  rel‖R‖=  1.946e-02  size(V,2)=  4200
iter=   114  rel‖R‖=  1.943e-02  size(V,2)=  1050
iter=   115  rel‖R‖=  1.935e-02  size(V,2)=  1575
iter=   116  rel‖R‖=  1.925e-02  size(V,2)=  2100
iter=   117  rel‖R‖=  1.914e-02  size(V,2)=  2625
iter=   118  rel‖R‖=  1.902e-02  size(V,2)=  3150
iter=   119  rel‖R‖=  1.887e-02  size(V,2)=  3675
iter=   120  rel‖R‖=  1.871e-02  size(V,2)=  4200
iter=   121  rel‖R‖=  1.868e-02  size(V,2)=  1050
iter=   122  rel‖R‖=  1.860e-02  size(V,2)=  1575
iter=   123  rel‖R‖=  1.851e-02  size(V,2)=  2100
iter=   124  rel‖R‖=  1.841e-02  size(V,2)=  2625
iter=   125  rel‖R‖=  1.829e-02  size(V,2)=  3150
iter=   126  rel‖R‖=  1.815e-02  size(V,2)=  3675
iter=   127  rel‖R‖=  1.799e-02  size(V,2)=  4200
iter=   128  rel‖R‖=  1.796e-02  size(V,2)=  1050
iter=   129  rel‖R‖=  1.789e-02  size(V,2)=  1575
iter=   130  rel‖R‖=  1.781e-02  size(V,2)=  2100
iter=   131  rel‖R‖=  1.771e-02  size(V,2)=  2625
iter=   132  rel‖R‖=  1.760e-02  size(V,2)=  3150
iter=   133  rel‖R‖=  1.747e-02  size(V,2)=  3675
iter=   134  rel‖R‖=  1.732e-02  size(V,2)=  4200
iter=   135  rel‖R‖=  1.729e-02  size(V,2)=  1050
iter=   136  rel‖R‖=  1.722e-02  size(V,2)=  1575
iter=   137  rel‖R‖=  1.714e-02  size(V,2)=  2100
iter=   138  rel‖R‖=  1.705e-02  size(V,2)=  2625
iter=   139  rel‖R‖=  1.694e-02  size(V,2)=  3150
iter=   140  rel‖R‖=  1.681e-02  size(V,2)=  3675
iter=   141  rel‖R‖=  1.667e-02  size(V,2)=  4200
iter=   142  rel‖R‖=  1.664e-02  size(V,2)=  1050
iter=   143  rel‖R‖=  1.657e-02  size(V,2)=  1575
iter=   144  rel‖R‖=  1.650e-02  size(V,2)=  2100
iter=   145  rel‖R‖=  1.641e-02  size(V,2)=  2625
iter=   146  rel‖R‖=  1.630e-02  size(V,2)=  3150
iter=   147  rel‖R‖=  1.619e-02  size(V,2)=  3675
iter=   148  rel‖R‖=  1.604e-02  size(V,2)=  4200
iter=   149  rel‖R‖=  1.602e-02  size(V,2)=  1050
iter=   150  rel‖R‖=  1.595e-02  size(V,2)=  1575
iter=   151  rel‖R‖=  1.588e-02  size(V,2)=  2100
iter=   152  rel‖R‖=  1.579e-02  size(V,2)=  2625
iter=   153  rel‖R‖=  1.569e-02  size(V,2)=  3150
iter=   154  rel‖R‖=  1.558e-02  size(V,2)=  3675
iter=   155  rel‖R‖=  1.545e-02  size(V,2)=  4200
iter=   156  rel‖R‖=  1.543e-02  size(V,2)=  1050
iter=   157  rel‖R‖=  1.537e-02  size(V,2)=  1575
iter=   158  rel‖R‖=  1.529e-02  size(V,2)=  2100
iter=   159  rel‖R‖=  1.521e-02  size(V,2)=  2625
iter=   160  rel‖R‖=  1.512e-02  size(V,2)=  3150
iter=   161  rel‖R‖=  1.501e-02  size(V,2)=  3675
iter=   162  rel‖R‖=  1.489e-02  size(V,2)=  4200
iter=   163  rel‖R‖=  1.486e-02  size(V,2)=  1050
iter=   164  rel‖R‖=  1.480e-02  size(V,2)=  1575
iter=   165  rel‖R‖=  1.473e-02  size(V,2)=  2100
iter=   166  rel‖R‖=  1.466e-02  size(V,2)=  2625
iter=   167  rel‖R‖=  1.457e-02  size(V,2)=  3150
iter=   168  rel‖R‖=  1.447e-02  size(V,2)=  3675
iter=   169  rel‖R‖=  1.434e-02  size(V,2)=  4200
iter=   170  rel‖R‖=  1.432e-02  size(V,2)=  1050
iter=   171  rel‖R‖=  1.427e-02  size(V,2)=  1575
iter=   172  rel‖R‖=  1.420e-02  size(V,2)=  2100
iter=   173  rel‖R‖=  1.413e-02  size(V,2)=  2625
iter=   174  rel‖R‖=  1.404e-02  size(V,2)=  3150
iter=   175  rel‖R‖=  1.394e-02  size(V,2)=  3675
iter=   176  rel‖R‖=  1.383e-02  size(V,2)=  4200
iter=   177  rel‖R‖=  1.381e-02  size(V,2)=  1050
iter=   178  rel‖R‖=  1.375e-02  size(V,2)=  1575
iter=   179  rel‖R‖=  1.369e-02  size(V,2)=  2100
iter=   180  rel‖R‖=  1.362e-02  size(V,2)=  2625
iter=   181  rel‖R‖=  1.354e-02  size(V,2)=  3150
iter=   182  rel‖R‖=  1.345e-02  size(V,2)=  3675
iter=   183  rel‖R‖=  1.333e-02  size(V,2)=  4200
iter=   184  rel‖R‖=  1.331e-02  size(V,2)=  1050
iter=   185  rel‖R‖=  1.326e-02  size(V,2)=  1575
iter=   186  rel‖R‖=  1.320e-02  size(V,2)=  2100
iter=   187  rel‖R‖=  1.313e-02  size(V,2)=  2625
iter=   188  rel‖R‖=  1.305e-02  size(V,2)=  3150
iter=   189  rel‖R‖=  1.296e-02  size(V,2)=  3675
iter=   190  rel‖R‖=  1.285e-02  size(V,2)=  4200
iter=   191  rel‖R‖=  1.283e-02  size(V,2)=  1050
iter=   192  rel‖R‖=  1.278e-02  size(V,2)=  1575
iter=   193  rel‖R‖=  1.273e-02  size(V,2)=  2100
iter=   194  rel‖R‖=  1.266e-02  size(V,2)=  2625
iter=   195  rel‖R‖=  1.258e-02  size(V,2)=  3150
iter=   196  rel‖R‖=  1.250e-02  size(V,2)=  3675
iter=   197  rel‖R‖=  1.240e-02  size(V,2)=  4200
iter=   198  rel‖R‖=  1.238e-02  size(V,2)=  1050
iter=   199  rel‖R‖=  1.233e-02  size(V,2)=  1575
iter=   200  rel‖R‖=  1.228e-02  size(V,2)=  2100
iter=   201  rel‖R‖=  1.221e-02  size(V,2)=  2625
iter=   202  rel‖R‖=  1.214e-02  size(V,2)=  3150
iter=   203  rel‖R‖=  1.206e-02  size(V,2)=  3675
iter=   204  rel‖R‖=  1.197e-02  size(V,2)=  4200
iter=   205  rel‖R‖=  1.195e-02  size(V,2)=  1050
iter=   206  rel‖R‖=  1.190e-02  size(V,2)=  1575
iter=   207  rel‖R‖=  1.185e-02  size(V,2)=  2100
iter=   208  rel‖R‖=  1.179e-02  size(V,2)=  2625
iter=   209  rel‖R‖=  1.172e-02  size(V,2)=  3150
iter=   210  rel‖R‖=  1.164e-02  size(V,2)=  3675
iter=   211  rel‖R‖=  1.155e-02  size(V,2)=  4200
iter=   212  rel‖R‖=  1.153e-02  size(V,2)=  1050
iter=   213  rel‖R‖=  1.148e-02  size(V,2)=  1575
iter=   214  rel‖R‖=  1.143e-02  size(V,2)=  2100
iter=   215  rel‖R‖=  1.137e-02  size(V,2)=  2625
iter=   216  rel‖R‖=  1.130e-02  size(V,2)=  3150
iter=   217  rel‖R‖=  1.123e-02  size(V,2)=  3675
iter=   218  rel‖R‖=  1.114e-02  size(V,2)=  4200
iter=   219  rel‖R‖=  1.112e-02  size(V,2)=  1050
iter=   220  rel‖R‖=  1.107e-02  size(V,2)=  1575
iter=   221  rel‖R‖=  1.103e-02  size(V,2)=  2100
iter=   222  rel‖R‖=  1.097e-02  size(V,2)=  2625
iter=   223  rel‖R‖=  1.090e-02  size(V,2)=  3150
iter=   224  rel‖R‖=  1.083e-02  size(V,2)=  3675
iter=   225  rel‖R‖=  1.075e-02  size(V,2)=  4200
iter=   226  rel‖R‖=  1.073e-02  size(V,2)=  1050
iter=   227  rel‖R‖=  1.069e-02  size(V,2)=  1575
iter=   228  rel‖R‖=  1.064e-02  size(V,2)=  2100
iter=   229  rel‖R‖=  1.059e-02  size(V,2)=  2625
iter=   230  rel‖R‖=  1.052e-02  size(V,2)=  3150
iter=   231  rel‖R‖=  1.045e-02  size(V,2)=  3675
iter=   232  rel‖R‖=  1.037e-02  size(V,2)=  4200
iter=   233  rel‖R‖=  1.036e-02  size(V,2)=  1050
iter=   234  rel‖R‖=  1.032e-02  size(V,2)=  1575
iter=   235  rel‖R‖=  1.027e-02  size(V,2)=  2100
iter=   236  rel‖R‖=  1.022e-02  size(V,2)=  2625
iter=   237  rel‖R‖=  1.016e-02  size(V,2)=  3150
iter=   238  rel‖R‖=  1.010e-02  size(V,2)=  3675
iter=   239  rel‖R‖=  1.002e-02  size(V,2)=  4200
iter=   240  rel‖R‖=  1.001e-02  size(V,2)=  1050
iter=   241  rel‖R‖=  9.971e-03  size(V,2)=  1575
iter=   242  rel‖R‖=  9.927e-03  size(V,2)=  2100
iter=   243  rel‖R‖=  9.877e-03  size(V,2)=  2625
iter=   244  rel‖R‖=  9.821e-03  size(V,2)=  3150
iter=   245  rel‖R‖=  9.753e-03  size(V,2)=  3675
iter=   246  rel‖R‖=  9.679e-03  size(V,2)=  4200
iter=   247  rel‖R‖=  9.664e-03  size(V,2)=  1050
iter=   248  rel‖R‖=  9.630e-03  size(V,2)=  1575
iter=   249  rel‖R‖=  9.588e-03  size(V,2)=  2100
iter=   250  rel‖R‖=  9.539e-03  size(V,2)=  2625
iter=   251  rel‖R‖=  9.484e-03  size(V,2)=  3150
iter=   252  rel‖R‖=  9.423e-03  size(V,2)=  3675
iter=   253  rel‖R‖=  9.349e-03  size(V,2)=  4200
iter=   254  rel‖R‖=  9.335e-03  size(V,2)=  1050
iter=   255  rel‖R‖=  9.301e-03  size(V,2)=  1575
iter=   256  rel‖R‖=  9.261e-03  size(V,2)=  2100
iter=   257  rel‖R‖=  9.216e-03  size(V,2)=  2625
iter=   258  rel‖R‖=  9.164e-03  size(V,2)=  3150
iter=   259  rel‖R‖=  9.106e-03  size(V,2)=  3675
iter=   260  rel‖R‖=  9.037e-03  size(V,2)=  4200
iter=   261  rel‖R‖=  9.024e-03  size(V,2)=  1050
iter=   262  rel‖R‖=  8.992e-03  size(V,2)=  1575
iter=   263  rel‖R‖=  8.953e-03  size(V,2)=  2100
iter=   264  rel‖R‖=  8.908e-03  size(V,2)=  2625
iter=   265  rel‖R‖=  8.858e-03  size(V,2)=  3150
iter=   266  rel‖R‖=  8.800e-03  size(V,2)=  3675
iter=   267  rel‖R‖=  8.734e-03  size(V,2)=  4200
iter=   268  rel‖R‖=  8.721e-03  size(V,2)=  1050
iter=   269  rel‖R‖=  8.690e-03  size(V,2)=  1575
iter=   270  rel‖R‖=  8.653e-03  size(V,2)=  2100
iter=   271  rel‖R‖=  8.611e-03  size(V,2)=  2625
iter=   272  rel‖R‖=  8.563e-03  size(V,2)=  3150
iter=   273  rel‖R‖=  8.509e-03  size(V,2)=  3675
iter=   274  rel‖R‖=  8.446e-03  size(V,2)=  4200
iter=   275  rel‖R‖=  8.434e-03  size(V,2)=  1050
iter=   276  rel‖R‖=  8.405e-03  size(V,2)=  1575
iter=   277  rel‖R‖=  8.369e-03  size(V,2)=  2100
iter=   278  rel‖R‖=  8.329e-03  size(V,2)=  2625
iter=   279  rel‖R‖=  8.283e-03  size(V,2)=  3150
iter=   280  rel‖R‖=  8.230e-03  size(V,2)=  3675
iter=   281  rel‖R‖=  8.167e-03  size(V,2)=  4200
iter=   282  rel‖R‖=  8.154e-03  size(V,2)=  1050
iter=   283  rel‖R‖=  8.125e-03  size(V,2)=  1575
iter=   284  rel‖R‖=  8.091e-03  size(V,2)=  2100
iter=   285  rel‖R‖=  8.051e-03  size(V,2)=  2625
iter=   286  rel‖R‖=  8.006e-03  size(V,2)=  3150
iter=   287  rel‖R‖=  7.956e-03  size(V,2)=  3675
iter=   288  rel‖R‖=  7.896e-03  size(V,2)=  4200
iter=   289  rel‖R‖=  7.884e-03  size(V,2)=  1050
iter=   290  rel‖R‖=  7.855e-03  size(V,2)=  1575
iter=   291  rel‖R‖=  7.823e-03  size(V,2)=  2100
iter=   292  rel‖R‖=  7.785e-03  size(V,2)=  2625
iter=   293  rel‖R‖=  7.742e-03  size(V,2)=  3150
iter=   294  rel‖R‖=  7.693e-03  size(V,2)=  3675
iter=   295  rel‖R‖=  7.638e-03  size(V,2)=  4200
iter=   296  rel‖R‖=  7.626e-03  size(V,2)=  1050
iter=   297  rel‖R‖=  7.599e-03  size(V,2)=  1575
iter=   298  rel‖R‖=  7.567e-03  size(V,2)=  2100
iter=   299  rel‖R‖=  7.529e-03  size(V,2)=  2625
iter=   300  rel‖R‖=  7.489e-03  size(V,2)=  3150
iter=   301  rel‖R‖=  7.442e-03  size(V,2)=  3675
iter=   302  rel‖R‖=  7.386e-03  size(V,2)=  4200
iter=   303  rel‖R‖=  7.375e-03  size(V,2)=  1050
iter=   304  rel‖R‖=  7.348e-03  size(V,2)=  1575
iter=   305  rel‖R‖=  7.317e-03  size(V,2)=  2100
iter=   306  rel‖R‖=  7.282e-03  size(V,2)=  2625
iter=   307  rel‖R‖=  7.242e-03  size(V,2)=  3150
iter=   308  rel‖R‖=  7.196e-03  size(V,2)=  3675
iter=   309  rel‖R‖=  7.144e-03  size(V,2)=  4200
iter=   310  rel‖R‖=  7.134e-03  size(V,2)=  1050
iter=   311  rel‖R‖=  7.109e-03  size(V,2)=  1575
iter=   312  rel‖R‖=  7.079e-03  size(V,2)=  2100
iter=   313  rel‖R‖=  7.045e-03  size(V,2)=  2625
iter=   314  rel‖R‖=  7.006e-03  size(V,2)=  3150
iter=   315  rel‖R‖=  6.962e-03  size(V,2)=  3675
iter=   316  rel‖R‖=  6.911e-03  size(V,2)=  4200
iter=   317  rel‖R‖=  6.900e-03  size(V,2)=  1050
iter=   318  rel‖R‖=  6.876e-03  size(V,2)=  1575
iter=   319  rel‖R‖=  6.847e-03  size(V,2)=  2100
iter=   320  rel‖R‖=  6.815e-03  size(V,2)=  2625
iter=   321  rel‖R‖=  6.777e-03  size(V,2)=  3150
iter=   322  rel‖R‖=  6.734e-03  size(V,2)=  3675
iter=   323  rel‖R‖=  6.685e-03  size(V,2)=  4200
iter=   324  rel‖R‖=  6.675e-03  size(V,2)=  1050
iter=   325  rel‖R‖=  6.652e-03  size(V,2)=  1575
iter=   326  rel‖R‖=  6.624e-03  size(V,2)=  2100
iter=   327  rel‖R‖=  6.592e-03  size(V,2)=  2625
iter=   328  rel‖R‖=  6.556e-03  size(V,2)=  3150
iter=   329  rel‖R‖=  6.516e-03  size(V,2)=  3675
iter=   330  rel‖R‖=  6.468e-03  size(V,2)=  4200
iter=   331  rel‖R‖=  6.459e-03  size(V,2)=  1050
iter=   332  rel‖R‖=  6.437e-03  size(V,2)=  1575
iter=   333  rel‖R‖=  6.410e-03  size(V,2)=  2100
iter=   334  rel‖R‖=  6.380e-03  size(V,2)=  2625
iter=   335  rel‖R‖=  6.346e-03  size(V,2)=  3150
iter=   336  rel‖R‖=  6.306e-03  size(V,2)=  3675
iter=   337  rel‖R‖=  6.261e-03  size(V,2)=  4200
iter=   338  rel‖R‖=  6.252e-03  size(V,2)=  1050
iter=   339  rel‖R‖=  6.230e-03  size(V,2)=  1575
iter=   340  rel‖R‖=  6.204e-03  size(V,2)=  2100
iter=   341  rel‖R‖=  6.175e-03  size(V,2)=  2625
iter=   342  rel‖R‖=  6.141e-03  size(V,2)=  3150
iter=   343  rel‖R‖=  6.103e-03  size(V,2)=  3675
iter=   344  rel‖R‖=  6.060e-03  size(V,2)=  4200
iter=   345  rel‖R‖=  6.052e-03  size(V,2)=  1050
iter=   346  rel‖R‖=  6.031e-03  size(V,2)=  1575
iter=   347  rel‖R‖=  6.006e-03  size(V,2)=  2100
iter=   348  rel‖R‖=  5.978e-03  size(V,2)=  2625
iter=   349  rel‖R‖=  5.946e-03  size(V,2)=  3150
iter=   350  rel‖R‖=  5.909e-03  size(V,2)=  3675
iter=   351  rel‖R‖=  5.868e-03  size(V,2)=  4200
iter=   352  rel‖R‖=  5.859e-03  size(V,2)=  1050
iter=   353  rel‖R‖=  5.838e-03  size(V,2)=  1575
iter=   354  rel‖R‖=  5.815e-03  size(V,2)=  2100
iter=   355  rel‖R‖=  5.788e-03  size(V,2)=  2625
iter=   356  rel‖R‖=  5.758e-03  size(V,2)=  3150
iter=   357  rel‖R‖=  5.723e-03  size(V,2)=  3675
iter=   358  rel‖R‖=  5.684e-03  size(V,2)=  4200
iter=   359  rel‖R‖=  5.676e-03  size(V,2)=  1050
iter=   360  rel‖R‖=  5.657e-03  size(V,2)=  1575
iter=   361  rel‖R‖=  5.634e-03  size(V,2)=  2100
iter=   362  rel‖R‖=  5.608e-03  size(V,2)=  2625
iter=   363  rel‖R‖=  5.578e-03  size(V,2)=  3150
iter=   364  rel‖R‖=  5.544e-03  size(V,2)=  3675
iter=   365  rel‖R‖=  5.505e-03  size(V,2)=  4200
iter=   366  rel‖R‖=  5.498e-03  size(V,2)=  1050
iter=   367  rel‖R‖=  5.479e-03  size(V,2)=  1575
iter=   368  rel‖R‖=  5.457e-03  size(V,2)=  2100
iter=   369  rel‖R‖=  5.431e-03  size(V,2)=  2625
iter=   370  rel‖R‖=  5.401e-03  size(V,2)=  3150
iter=   371  rel‖R‖=  5.368e-03  size(V,2)=  3675
iter=   372  rel‖R‖=  5.329e-03  size(V,2)=  4200
iter=   373  rel‖R‖=  5.321e-03  size(V,2)=  1050
iter=   374  rel‖R‖=  5.303e-03  size(V,2)=  1575
iter=   375  rel‖R‖=  5.281e-03  size(V,2)=  2100
iter=   376  rel‖R‖=  5.255e-03  size(V,2)=  2625
iter=   377  rel‖R‖=  5.227e-03  size(V,2)=  3150
iter=   378  rel‖R‖=  5.194e-03  size(V,2)=  3675
iter=   379  rel‖R‖=  5.158e-03  size(V,2)=  4200
iter=   380  rel‖R‖=  5.150e-03  size(V,2)=  1050
iter=   381  rel‖R‖=  5.132e-03  size(V,2)=  1575
iter=   382  rel‖R‖=  5.112e-03  size(V,2)=  2100
iter=   383  rel‖R‖=  5.087e-03  size(V,2)=  2625
iter=   384  rel‖R‖=  5.061e-03  size(V,2)=  3150
iter=   385  rel‖R‖=  5.030e-03  size(V,2)=  3675
iter=   386  rel‖R‖=  4.995e-03  size(V,2)=  4200
iter=   387  rel‖R‖=  4.988e-03  size(V,2)=  1050
iter=   388  rel‖R‖=  4.972e-03  size(V,2)=  1575
iter=   389  rel‖R‖=  4.952e-03  size(V,2)=  2100
iter=   390  rel‖R‖=  4.929e-03  size(V,2)=  2625
iter=   391  rel‖R‖=  4.903e-03  size(V,2)=  3150
iter=   392  rel‖R‖=  4.873e-03  size(V,2)=  3675
iter=   393  rel‖R‖=  4.839e-03  size(V,2)=  4200
iter=   394  rel‖R‖=  4.832e-03  size(V,2)=  1050
iter=   395  rel‖R‖=  4.816e-03  size(V,2)=  1575
iter=   396  rel‖R‖=  4.796e-03  size(V,2)=  2100
iter=   397  rel‖R‖=  4.774e-03  size(V,2)=  2625
iter=   398  rel‖R‖=  4.748e-03  size(V,2)=  3150
iter=   399  rel‖R‖=  4.719e-03  size(V,2)=  3675
iter=   400  rel‖R‖=  4.685e-03  size(V,2)=  4200
iter=   401  rel‖R‖=  4.678e-03  size(V,2)=  1050
iter=   402  rel‖R‖=  4.662e-03  size(V,2)=  1575
iter=   403  rel‖R‖=  4.643e-03  size(V,2)=  2100
iter=   404  rel‖R‖=  4.621e-03  size(V,2)=  2625
iter=   405  rel‖R‖=  4.597e-03  size(V,2)=  3150
iter=   406  rel‖R‖=  4.568e-03  size(V,2)=  3675
iter=   407  rel‖R‖=  4.537e-03  size(V,2)=  4200
iter=   408  rel‖R‖=  4.530e-03  size(V,2)=  1050
iter=   409  rel‖R‖=  4.515e-03  size(V,2)=  1575
iter=   410  rel‖R‖=  4.497e-03  size(V,2)=  2100
iter=   411  rel‖R‖=  4.476e-03  size(V,2)=  2625
iter=   412  rel‖R‖=  4.452e-03  size(V,2)=  3150
iter=   413  rel‖R‖=  4.425e-03  size(V,2)=  3675
iter=   414  rel‖R‖=  4.394e-03  size(V,2)=  4200
iter=   415  rel‖R‖=  4.387e-03  size(V,2)=  1050
iter=   416  rel‖R‖=  4.372e-03  size(V,2)=  1575
iter=   417  rel‖R‖=  4.355e-03  size(V,2)=  2100
iter=   418  rel‖R‖=  4.335e-03  size(V,2)=  2625
iter=   419  rel‖R‖=  4.313e-03  size(V,2)=  3150
iter=   420  rel‖R‖=  4.287e-03  size(V,2)=  3675
iter=   421  rel‖R‖=  4.257e-03  size(V,2)=  4200
iter=   422  rel‖R‖=  4.250e-03  size(V,2)=  1050
iter=   423  rel‖R‖=  4.236e-03  size(V,2)=  1575
iter=   424  rel‖R‖=  4.219e-03  size(V,2)=  2100
iter=   425  rel‖R‖=  4.199e-03  size(V,2)=  2625
iter=   426  rel‖R‖=  4.177e-03  size(V,2)=  3150
iter=   427  rel‖R‖=  4.152e-03  size(V,2)=  3675
iter=   428  rel‖R‖=  4.123e-03  size(V,2)=  4200
iter=   429  rel‖R‖=  4.117e-03  size(V,2)=  1050
iter=   430  rel‖R‖=  4.103e-03  size(V,2)=  1575
iter=   431  rel‖R‖=  4.087e-03  size(V,2)=  2100
iter=   432  rel‖R‖=  4.068e-03  size(V,2)=  2625
iter=   433  rel‖R‖=  4.048e-03  size(V,2)=  3150
iter=   434  rel‖R‖=  4.023e-03  size(V,2)=  3675
iter=   435  rel‖R‖=  3.996e-03  size(V,2)=  4200
iter=   436  rel‖R‖=  3.990e-03  size(V,2)=  1050
iter=   437  rel‖R‖=  3.977e-03  size(V,2)=  1575
iter=   438  rel‖R‖=  3.961e-03  size(V,2)=  2100
iter=   439  rel‖R‖=  3.943e-03  size(V,2)=  2625
iter=   440  rel‖R‖=  3.922e-03  size(V,2)=  3150
slurmstepd-andoria01: error: *** JOB 24884 ON andoria01 CANCELLED AT 2025-08-12T16:36:41 DUE TO TIME LIMIT ***

[5809] signal 15: Terminated
in expression starting at /home/fmereto/MA_best/uracil/block_uracil.jl:191
dgemm_kernel_ZEN at /home/fmereto/julia/bin/../lib/julia/libopenblas64_.so (unknown line)
unknown function (ip: (nil))
Allocations: 16726834 (Pool: 16726421; Big: 413); GC: 3346
iter=   441  rel‖R‖=  3.899e-03  size(V,2)=  3675
iter=   442  rel‖R‖=  3.873e-03  size(V,2)=  4200
iter=   443  rel‖R‖=  3.867e-03  size(V,2)=  1050
iter=   444  rel‖R‖=  3.854e-03  size(V,2)=  1575
iter=   445  rel‖R‖=  3.839e-03  size(V,2)=  2100
iter=   446  rel‖R‖=  3.822e-03  size(V,2)=  2625
iter=   447  rel‖R‖=  3.802e-03  size(V,2)=  3150
iter=   448  rel‖R‖=  3.779e-03  size(V,2)=  3675
iter=   449  rel‖R‖=  3.753e-03  size(V,2)=  4200
iter=   450  rel‖R‖=  3.748e-03  size(V,2)=  1050
iter=   451  rel‖R‖=  3.736e-03  size(V,2)=  1575
iter=   452  rel‖R‖=  3.721e-03  size(V,2)=  2100
iter=   453  rel‖R‖=  3.704e-03  size(V,2)=  2625
iter=   454  rel‖R‖=  3.685e-03  size(V,2)=  3150
iter=   455  rel‖R‖=  3.663e-03  size(V,2)=  3675
iter=   456  rel‖R‖=  3.639e-03  size(V,2)=  4200
iter=   457  rel‖R‖=  3.634e-03  size(V,2)=  1050
iter=   458  rel‖R‖=  3.622e-03  size(V,2)=  1575
iter=   459  rel‖R‖=  3.608e-03  size(V,2)=  2100
iter=   460  rel‖R‖=  3.592e-03  size(V,2)=  2625
iter=   461  rel‖R‖=  3.573e-03  size(V,2)=  3150
iter=   462  rel‖R‖=  3.551e-03  size(V,2)=  3675
iter=   463  rel‖R‖=  3.527e-03  size(V,2)=  4200
iter=   464  rel‖R‖=  3.522e-03  size(V,2)=  1050
iter=   465  rel‖R‖=  3.510e-03  size(V,2)=  1575
iter=   466  rel‖R‖=  3.497e-03  size(V,2)=  2100
iter=   467  rel‖R‖=  3.481e-03  size(V,2)=  2625
iter=   468  rel‖R‖=  3.463e-03  size(V,2)=  3150
iter=   469  rel‖R‖=  3.442e-03  size(V,2)=  3675
iter=   470  rel‖R‖=  3.419e-03  size(V,2)=  4200
iter=   471  rel‖R‖=  3.415e-03  size(V,2)=  1050
iter=   472  rel‖R‖=  3.404e-03  size(V,2)=  1575
iter=   473  rel‖R‖=  3.390e-03  size(V,2)=  2100
iter=   474  rel‖R‖=  3.375e-03  size(V,2)=  2625
iter=   475  rel‖R‖=  3.358e-03  size(V,2)=  3150
iter=   476  rel‖R‖=  3.338e-03  size(V,2)=  3675
iter=   477  rel‖R‖=  3.315e-03  size(V,2)=  4200
iter=   478  rel‖R‖=  3.311e-03  size(V,2)=  1050
iter=   479  rel‖R‖=  3.300e-03  size(V,2)=  1575
iter=   480  rel‖R‖=  3.287e-03  size(V,2)=  2100
iter=   481  rel‖R‖=  3.272e-03  size(V,2)=  2625
iter=   482  rel‖R‖=  3.256e-03  size(V,2)=  3150
iter=   483  rel‖R‖=  3.237e-03  size(V,2)=  3675
iter=   484  rel‖R‖=  3.215e-03  size(V,2)=  4200
iter=   485  rel‖R‖=  3.210e-03  size(V,2)=  1050
iter=   486  rel‖R‖=  3.200e-03  size(V,2)=  1575
iter=   487  rel‖R‖=  3.187e-03  size(V,2)=  2100
iter=   488  rel‖R‖=  3.173e-03  size(V,2)=  2625
iter=   489  rel‖R‖=  3.156e-03  size(V,2)=  3150
iter=   490  rel‖R‖=  3.138e-03  size(V,2)=  3675
iter=   491  rel‖R‖=  3.117e-03  size(V,2)=  4200
iter=   492  rel‖R‖=  3.113e-03  size(V,2)=  1050
iter=   493  rel‖R‖=  3.102e-03  size(V,2)=  1575
iter=   494  rel‖R‖=  3.090e-03  size(V,2)=  2100
iter=   495  rel‖R‖=  3.076e-03  size(V,2)=  2625
iter=   496  rel‖R‖=  3.060e-03  size(V,2)=  3150
iter=   497  rel‖R‖=  3.042e-03  size(V,2)=  3675
iter=   498  rel‖R‖=  3.022e-03  size(V,2)=  4200
iter=   499  rel‖R‖=  3.018e-03  size(V,2)=  1050
iter=   500  rel‖R‖=  3.008e-03  size(V,2)=  1575
iter=   501  rel‖R‖=  2.996e-03  size(V,2)=  2100
iter=   502  rel‖R‖=  2.982e-03  size(V,2)=  2625
iter=   503  rel‖R‖=  2.967e-03  size(V,2)=  3150
iter=   504  rel‖R‖=  2.950e-03  size(V,2)=  3675
iter=   505  rel‖R‖=  2.931e-03  size(V,2)=  4200
iter=   506  rel‖R‖=  2.927e-03  size(V,2)=  1050
iter=   507  rel‖R‖=  2.918e-03  size(V,2)=  1575
iter=   508  rel‖R‖=  2.907e-03  size(V,2)=  2100
iter=   509  rel‖R‖=  2.893e-03  size(V,2)=  2625
iter=   510  rel‖R‖=  2.878e-03  size(V,2)=  3150
iter=   511  rel‖R‖=  2.861e-03  size(V,2)=  3675
iter=   512  rel‖R‖=  2.841e-03  size(V,2)=  4200
iter=   513  rel‖R‖=  2.837e-03  size(V,2)=  1050
iter=   514  rel‖R‖=  2.827e-03  size(V,2)=  1575
iter=   515  rel‖R‖=  2.816e-03  size(V,2)=  2100
iter=   516  rel‖R‖=  2.803e-03  size(V,2)=  2625
iter=   517  rel‖R‖=  2.789e-03  size(V,2)=  3150
iter=   518  rel‖R‖=  2.774e-03  size(V,2)=  3675
iter=   519  rel‖R‖=  2.755e-03  size(V,2)=  4200
iter=   520  rel‖R‖=  2.751e-03  size(V,2)=  1050
iter=   521  rel‖R‖=  2.742e-03  size(V,2)=  1575
iter=   522  rel‖R‖=  2.732e-03  size(V,2)=  2100
iter=   523  rel‖R‖=  2.720e-03  size(V,2)=  2625
iter=   524  rel‖R‖=  2.705e-03  size(V,2)=  3150
iter=   525  rel‖R‖=  2.690e-03  size(V,2)=  3675
iter=   526  rel‖R‖=  2.672e-03  size(V,2)=  4200
iter=   527  rel‖R‖=  2.668e-03  size(V,2)=  1050
iter=   528  rel‖R‖=  2.660e-03  size(V,2)=  1575
iter=   529  rel‖R‖=  2.649e-03  size(V,2)=  2100
iter=   530  rel‖R‖=  2.637e-03  size(V,2)=  2625
iter=   531  rel‖R‖=  2.623e-03  size(V,2)=  3150
iter=   532  rel‖R‖=  2.608e-03  size(V,2)=  3675
iter=   533  rel‖R‖=  2.590e-03  size(V,2)=  4200
iter=   534  rel‖R‖=  2.587e-03  size(V,2)=  1050
iter=   535  rel‖R‖=  2.578e-03  size(V,2)=  1575
iter=   536  rel‖R‖=  2.568e-03  size(V,2)=  2100
iter=   537  rel‖R‖=  2.556e-03  size(V,2)=  2625
iter=   538  rel‖R‖=  2.543e-03  size(V,2)=  3150
iter=   539  rel‖R‖=  2.528e-03  size(V,2)=  3675
iter=   540  rel‖R‖=  2.511e-03  size(V,2)=  4200
iter=   541  rel‖R‖=  2.508e-03  size(V,2)=  1050
iter=   542  rel‖R‖=  2.499e-03  size(V,2)=  1575
iter=   543  rel‖R‖=  2.490e-03  size(V,2)=  2100
iter=   544  rel‖R‖=  2.478e-03  size(V,2)=  2625
iter=   545  rel‖R‖=  2.466e-03  size(V,2)=  3150
iter=   546  rel‖R‖=  2.451e-03  size(V,2)=  3675
iter=   547  rel‖R‖=  2.434e-03  size(V,2)=  4200
iter=   548  rel‖R‖=  2.431e-03  size(V,2)=  1050
iter=   549  rel‖R‖=  2.422e-03  size(V,2)=  1575
iter=   550  rel‖R‖=  2.413e-03  size(V,2)=  2100
iter=   551  rel‖R‖=  2.402e-03  size(V,2)=  2625
iter=   552  rel‖R‖=  2.390e-03  size(V,2)=  3150
iter=   553  rel‖R‖=  2.376e-03  size(V,2)=  3675
iter=   554  rel‖R‖=  2.361e-03  size(V,2)=  4200
iter=   555  rel‖R‖=  2.357e-03  size(V,2)=  1050
iter=   556  rel‖R‖=  2.350e-03  size(V,2)=  1575
iter=   557  rel‖R‖=  2.340e-03  size(V,2)=  2100
iter=   558  rel‖R‖=  2.330e-03  size(V,2)=  2625
iter=   559  rel‖R‖=  2.318e-03  size(V,2)=  3150
iter=   560  rel‖R‖=  2.305e-03  size(V,2)=  3675
iter=   561  rel‖R‖=  2.289e-03  size(V,2)=  4200
iter=   562  rel‖R‖=  2.286e-03  size(V,2)=  1050
iter=   563  rel‖R‖=  2.278e-03  size(V,2)=  1575
iter=   564  rel‖R‖=  2.269e-03  size(V,2)=  2100
iter=   565  rel‖R‖=  2.259e-03  size(V,2)=  2625
iter=   566  rel‖R‖=  2.248e-03  size(V,2)=  3150
iter=   567  rel‖R‖=  2.235e-03  size(V,2)=  3675
iter=   568  rel‖R‖=  2.220e-03  size(V,2)=  4200
iter=   569  rel‖R‖=  2.217e-03  size(V,2)=  1050
iter=   570  rel‖R‖=  2.210e-03  size(V,2)=  1575
iter=   571  rel‖R‖=  2.201e-03  size(V,2)=  2100
iter=   572  rel‖R‖=  2.191e-03  size(V,2)=  2625
iter=   573  rel‖R‖=  2.180e-03  size(V,2)=  3150
iter=   574  rel‖R‖=  2.168e-03  size(V,2)=  3675
iter=   575  rel‖R‖=  2.154e-03  size(V,2)=  4200
iter=   576  rel‖R‖=  2.151e-03  size(V,2)=  1050
iter=   577  rel‖R‖=  2.144e-03  size(V,2)=  1575
iter=   578  rel‖R‖=  2.136e-03  size(V,2)=  2100
iter=   579  rel‖R‖=  2.126e-03  size(V,2)=  2625
iter=   580  rel‖R‖=  2.116e-03  size(V,2)=  3150
iter=   581  rel‖R‖=  2.104e-03  size(V,2)=  3675
iter=   582  rel‖R‖=  2.090e-03  size(V,2)=  4200
iter=   583  rel‖R‖=  2.087e-03  size(V,2)=  1050
iter=   584  rel‖R‖=  2.081e-03  size(V,2)=  1575
iter=   585  rel‖R‖=  2.073e-03  size(V,2)=  2100
iter=   586  rel‖R‖=  2.063e-03  size(V,2)=  2625
iter=   587  rel‖R‖=  2.053e-03  size(V,2)=  3150
iter=   588  rel‖R‖=  2.042e-03  size(V,2)=  3675
iter=   589  rel‖R‖=  2.028e-03  size(V,2)=  4200
iter=   590  rel‖R‖=  2.026e-03  size(V,2)=  1050
iter=   591  rel‖R‖=  2.019e-03  size(V,2)=  1575
iter=   592  rel‖R‖=  2.011e-03  size(V,2)=  2100
iter=   593  rel‖R‖=  2.002e-03  size(V,2)=  2625
iter=   594  rel‖R‖=  1.992e-03  size(V,2)=  3150
iter=   595  rel‖R‖=  1.981e-03  size(V,2)=  3675
iter=   596  rel‖R‖=  1.968e-03  size(V,2)=  4200
iter=   597  rel‖R‖=  1.966e-03  size(V,2)=  1050
iter=   598  rel‖R‖=  1.959e-03  size(V,2)=  1575
iter=   599  rel‖R‖=  1.952e-03  size(V,2)=  2100
iter=   600  rel‖R‖=  1.943e-03  size(V,2)=  2625
iter=   601  rel‖R‖=  1.934e-03  size(V,2)=  3150
iter=   602  rel‖R‖=  1.923e-03  size(V,2)=  3675
iter=   603  rel‖R‖=  1.911e-03  size(V,2)=  4200
iter=   604  rel‖R‖=  1.908e-03  size(V,2)=  1050
iter=   605  rel‖R‖=  1.902e-03  size(V,2)=  1575
iter=   606  rel‖R‖=  1.895e-03  size(V,2)=  2100
iter=   607  rel‖R‖=  1.886e-03  size(V,2)=  2625
iter=   608  rel‖R‖=  1.877e-03  size(V,2)=  3150
iter=   609  rel‖R‖=  1.866e-03  size(V,2)=  3675
iter=   610  rel‖R‖=  1.854e-03  size(V,2)=  4200
iter=   611  rel‖R‖=  1.851e-03  size(V,2)=  1050
iter=   612  rel‖R‖=  1.845e-03  size(V,2)=  1575
iter=   613  rel‖R‖=  1.838e-03  size(V,2)=  2100
iter=   614  rel‖R‖=  1.830e-03  size(V,2)=  2625
iter=   615  rel‖R‖=  1.821e-03  size(V,2)=  3150
iter=   616  rel‖R‖=  1.811e-03  size(V,2)=  3675
iter=   617  rel‖R‖=  1.799e-03  size(V,2)=  4200
iter=   618  rel‖R‖=  1.796e-03  size(V,2)=  1050
iter=   619  rel‖R‖=  1.791e-03  size(V,2)=  1575
iter=   620  rel‖R‖=  1.784e-03  size(V,2)=  2100
iter=   621  rel‖R‖=  1.776e-03  size(V,2)=  2625
iter=   622  rel‖R‖=  1.767e-03  size(V,2)=  3150
iter=   623  rel‖R‖=  1.757e-03  size(V,2)=  3675
iter=   624  rel‖R‖=  1.746e-03  size(V,2)=  4200
iter=   625  rel‖R‖=  1.744e-03  size(V,2)=  1050
iter=   626  rel‖R‖=  1.738e-03  size(V,2)=  1575
iter=   627  rel‖R‖=  1.732e-03  size(V,2)=  2100
iter=   628  rel‖R‖=  1.724e-03  size(V,2)=  2625
iter=   629  rel‖R‖=  1.716e-03  size(V,2)=  3150
iter=   630  rel‖R‖=  1.706e-03  size(V,2)=  3675
iter=   631  rel‖R‖=  1.695e-03  size(V,2)=  4200
iter=   632  rel‖R‖=  1.693e-03  size(V,2)=  1050
iter=   633  rel‖R‖=  1.688e-03  size(V,2)=  1575
iter=   634  rel‖R‖=  1.681e-03  size(V,2)=  2100
iter=   635  rel‖R‖=  1.674e-03  size(V,2)=  2625
iter=   636  rel‖R‖=  1.666e-03  size(V,2)=  3150
iter=   637  rel‖R‖=  1.656e-03  size(V,2)=  3675
iter=   638  rel‖R‖=  1.646e-03  size(V,2)=  4200
iter=   639  rel‖R‖=  1.644e-03  size(V,2)=  1050
iter=   640  rel‖R‖=  1.639e-03  size(V,2)=  1575
iter=   641  rel‖R‖=  1.632e-03  size(V,2)=  2100
iter=   642  rel‖R‖=  1.625e-03  size(V,2)=  2625
iter=   643  rel‖R‖=  1.617e-03  size(V,2)=  3150
iter=   644  rel‖R‖=  1.608e-03  size(V,2)=  3675
iter=   645  rel‖R‖=  1.598e-03  size(V,2)=  4200
iter=   646  rel‖R‖=  1.596e-03  size(V,2)=  1050
iter=   647  rel‖R‖=  1.591e-03  size(V,2)=  1575
iter=   648  rel‖R‖=  1.585e-03  size(V,2)=  2100
iter=   649  rel‖R‖=  1.578e-03  size(V,2)=  2625
iter=   650  rel‖R‖=  1.570e-03  size(V,2)=  3150
iter=   651  rel‖R‖=  1.561e-03  size(V,2)=  3675
iter=   652  rel‖R‖=  1.551e-03  size(V,2)=  4200
iter=   653  rel‖R‖=  1.549e-03  size(V,2)=  1050
iter=   654  rel‖R‖=  1.544e-03  size(V,2)=  1575
iter=   655  rel‖R‖=  1.538e-03  size(V,2)=  2100
iter=   656  rel‖R‖=  1.531e-03  size(V,2)=  2625
iter=   657  rel‖R‖=  1.524e-03  size(V,2)=  3150
iter=   658  rel‖R‖=  1.515e-03  size(V,2)=  3675
iter=   659  rel‖R‖=  1.506e-03  size(V,2)=  4200
iter=   660  rel‖R‖=  1.504e-03  size(V,2)=  1050
iter=   661  rel‖R‖=  1.499e-03  size(V,2)=  1575
iter=   662  rel‖R‖=  1.493e-03  size(V,2)=  2100
iter=   663  rel‖R‖=  1.487e-03  size(V,2)=  2625
iter=   664  rel‖R‖=  1.479e-03  size(V,2)=  3150
iter=   665  rel‖R‖=  1.471e-03  size(V,2)=  3675
iter=   666  rel‖R‖=  1.461e-03  size(V,2)=  4200
iter=   667  rel‖R‖=  1.459e-03  size(V,2)=  1050
iter=   668  rel‖R‖=  1.455e-03  size(V,2)=  1575
iter=   669  rel‖R‖=  1.449e-03  size(V,2)=  2100
iter=   670  rel‖R‖=  1.443e-03  size(V,2)=  2625
iter=   671  rel‖R‖=  1.436e-03  size(V,2)=  3150
iter=   672  rel‖R‖=  1.428e-03  size(V,2)=  3675
iter=   673  rel‖R‖=  1.419e-03  size(V,2)=  4200
iter=   674  rel‖R‖=  1.417e-03  size(V,2)=  1050
iter=   675  rel‖R‖=  1.412e-03  size(V,2)=  1575
iter=   676  rel‖R‖=  1.407e-03  size(V,2)=  2100
iter=   677  rel‖R‖=  1.401e-03  size(V,2)=  2625
iter=   678  rel‖R‖=  1.394e-03  size(V,2)=  3150
iter=   679  rel‖R‖=  1.386e-03  size(V,2)=  3675
iter=   680  rel‖R‖=  1.377e-03  size(V,2)=  4200
iter=   681  rel‖R‖=  1.375e-03  size(V,2)=  1050
iter=   682  rel‖R‖=  1.371e-03  size(V,2)=  1575
iter=   683  rel‖R‖=  1.366e-03  size(V,2)=  2100
iter=   684  rel‖R‖=  1.360e-03  size(V,2)=  2625
iter=   685  rel‖R‖=  1.354e-03  size(V,2)=  3150
iter=   686  rel‖R‖=  1.346e-03  size(V,2)=  3675
iter=   687  rel‖R‖=  1.337e-03  size(V,2)=  4200
iter=   688  rel‖R‖=  1.336e-03  size(V,2)=  1050
iter=   689  rel‖R‖=  1.331e-03  size(V,2)=  1575
iter=   690  rel‖R‖=  1.326e-03  size(V,2)=  2100
iter=   691  rel‖R‖=  1.321e-03  size(V,2)=  2625
iter=   692  rel‖R‖=  1.314e-03  size(V,2)=  3150
iter=   693  rel‖R‖=  1.307e-03  size(V,2)=  3675
iter=   694  rel‖R‖=  1.299e-03  size(V,2)=  4200
iter=   695  rel‖R‖=  1.297e-03  size(V,2)=  1050
iter=   696  rel‖R‖=  1.293e-03  size(V,2)=  1575
iter=   697  rel‖R‖=  1.288e-03  size(V,2)=  2100
iter=   698  rel‖R‖=  1.283e-03  size(V,2)=  2625
iter=   699  rel‖R‖=  1.276e-03  size(V,2)=  3150
iter=   700  rel‖R‖=  1.269e-03  size(V,2)=  3675
iter=   701  rel‖R‖=  1.261e-03  size(V,2)=  4200
iter=   702  rel‖R‖=  1.259e-03  size(V,2)=  1050
iter=   703  rel‖R‖=  1.255e-03  size(V,2)=  1575
iter=   704  rel‖R‖=  1.251e-03  size(V,2)=  2100
iter=   705  rel‖R‖=  1.245e-03  size(V,2)=  2625
iter=   706  rel‖R‖=  1.239e-03  size(V,2)=  3150
iter=   707  rel‖R‖=  1.232e-03  size(V,2)=  3675
iter=   708  rel‖R‖=  1.225e-03  size(V,2)=  4200
iter=   709  rel‖R‖=  1.223e-03  size(V,2)=  1050
iter=   710  rel‖R‖=  1.220e-03  size(V,2)=  1575
iter=   711  rel‖R‖=  1.215e-03  size(V,2)=  2100
iter=   712  rel‖R‖=  1.210e-03  size(V,2)=  2625
iter=   713  rel‖R‖=  1.204e-03  size(V,2)=  3150
iter=   714  rel‖R‖=  1.197e-03  size(V,2)=  3675
iter=   715  rel‖R‖=  1.190e-03  size(V,2)=  4200
iter=   716  rel‖R‖=  1.189e-03  size(V,2)=  1050
iter=   717  rel‖R‖=  1.185e-03  size(V,2)=  1575
iter=   718  rel‖R‖=  1.181e-03  size(V,2)=  2100
iter=   719  rel‖R‖=  1.175e-03  size(V,2)=  2625
iter=   720  rel‖R‖=  1.170e-03  size(V,2)=  3150
iter=   721  rel‖R‖=  1.163e-03  size(V,2)=  3675
iter=   722  rel‖R‖=  1.156e-03  size(V,2)=  4200
iter=   723  rel‖R‖=  1.154e-03  size(V,2)=  1050
iter=   724  rel‖R‖=  1.151e-03  size(V,2)=  1575
iter=   725  rel‖R‖=  1.146e-03  size(V,2)=  2100
iter=   726  rel‖R‖=  1.142e-03  size(V,2)=  2625
iter=   727  rel‖R‖=  1.136e-03  size(V,2)=  3150
iter=   728  rel‖R‖=  1.130e-03  size(V,2)=  3675
iter=   729  rel‖R‖=  1.123e-03  size(V,2)=  4200
iter=   730  rel‖R‖=  1.121e-03  size(V,2)=  1050
iter=   731  rel‖R‖=  1.118e-03  size(V,2)=  1575
iter=   732  rel‖R‖=  1.114e-03  size(V,2)=  2100
iter=   733  rel‖R‖=  1.109e-03  size(V,2)=  2625
iter=   734  rel‖R‖=  1.104e-03  size(V,2)=  3150
iter=   735  rel‖R‖=  1.097e-03  size(V,2)=  3675
iter=   736  rel‖R‖=  1.090e-03  size(V,2)=  4200
iter=   737  rel‖R‖=  1.089e-03  size(V,2)=  1050
iter=   738  rel‖R‖=  1.086e-03  size(V,2)=  1575
iter=   739  rel‖R‖=  1.082e-03  size(V,2)=  2100
iter=   740  rel‖R‖=  1.077e-03  size(V,2)=  2625
iter=   741  rel‖R‖=  1.071e-03  size(V,2)=  3150
iter=   742  rel‖R‖=  1.065e-03  size(V,2)=  3675
iter=   743  rel‖R‖=  1.059e-03  size(V,2)=  4200
