Processing molecule: uracil
Running with alpha = 10
Running with l = 20
Davidson
iter=     1  rel‖R‖=  2.700e+01  size(V,2)=   420
iter=     2  rel‖R‖=  8.757e+00  size(V,2)=   840
iter=     3  rel‖R‖=  1.202e+00  size(V,2)=  1260
iter=     4  rel‖R‖=  3.395e-01  size(V,2)=  1680
iter=     5  rel‖R‖=  1.576e-01  size(V,2)=  2100
iter=     6  rel‖R‖=  7.549e-02  size(V,2)=  2520
iter=     7  rel‖R‖=  4.018e-02  size(V,2)=  2940
iter=     8  rel‖R‖=  1.835e-02  size(V,2)=  3360
iter=     9  rel‖R‖=  7.530e-03  size(V,2)=  3780
iter=    10  rel‖R‖=  2.718e-03  size(V,2)=  4200
iter=    11  rel‖R‖=  2.214e-03  size(V,2)=   840
iter=    12  rel‖R‖=  2.058e-03  size(V,2)=  1260
iter=    13  rel‖R‖=  1.872e-03  size(V,2)=  1680
iter=    14  rel‖R‖=  1.757e-03  size(V,2)=  2100
iter=    15  rel‖R‖=  1.635e-03  size(V,2)=  2520
iter=    16  rel‖R‖=  1.357e-03  size(V,2)=  2940
iter=    17  rel‖R‖=  1.190e-03  size(V,2)=  3360
iter=    18  rel‖R‖=  1.031e-03  size(V,2)=  3780
iter=    19  rel‖R‖=  8.669e-04  size(V,2)=  4200
iter=    20  rel‖R‖=  8.421e-04  size(V,2)=   840
iter=    21  rel‖R‖=  8.289e-04  size(V,2)=  1260
iter=    22  rel‖R‖=  8.149e-04  size(V,2)=  1680
iter=    23  rel‖R‖=  8.007e-04  size(V,2)=  2100
iter=    24  rel‖R‖=  7.841e-04  size(V,2)=  2520
iter=    25  rel‖R‖=  7.594e-04  size(V,2)=  2940
iter=    26  rel‖R‖=  7.358e-04  size(V,2)=  3360
iter=    27  rel‖R‖=  6.888e-04  size(V,2)=  3780
iter=    28  rel‖R‖=  6.270e-04  size(V,2)=  4200
iter=    29  rel‖R‖=  6.207e-04  size(V,2)=   840
iter=    30  rel‖R‖=  6.150e-04  size(V,2)=  1260
iter=    31  rel‖R‖=  6.092e-04  size(V,2)=  1680
iter=    32  rel‖R‖=  6.031e-04  size(V,2)=  2100
iter=    33  rel‖R‖=  5.935e-04  size(V,2)=  2520
iter=    34  rel‖R‖=  5.861e-04  size(V,2)=  2940
iter=    35  rel‖R‖=  5.738e-04  size(V,2)=  3360
iter=    36  rel‖R‖=  5.594e-04  size(V,2)=  3780
iter=    37  rel‖R‖=  5.394e-04  size(V,2)=  4200
iter=    38  rel‖R‖=  5.368e-04  size(V,2)=   840
iter=    39  rel‖R‖=  5.331e-04  size(V,2)=  1260
iter=    40  rel‖R‖=  5.290e-04  size(V,2)=  1680
iter=    41  rel‖R‖=  5.247e-04  size(V,2)=  2100
iter=    42  rel‖R‖=  5.194e-04  size(V,2)=  2520
iter=    43  rel‖R‖=  5.142e-04  size(V,2)=  2940
iter=    44  rel‖R‖=  5.081e-04  size(V,2)=  3360
iter=    45  rel‖R‖=  5.004e-04  size(V,2)=  3780
iter=    46  rel‖R‖=  4.888e-04  size(V,2)=  4200
iter=    47  rel‖R‖=  4.872e-04  size(V,2)=   840
iter=    48  rel‖R‖=  4.846e-04  size(V,2)=  1260
iter=    49  rel‖R‖=  4.818e-04  size(V,2)=  1680
iter=    50  rel‖R‖=  4.786e-04  size(V,2)=  2100
iter=    51  rel‖R‖=  4.748e-04  size(V,2)=  2520
iter=    52  rel‖R‖=  4.705e-04  size(V,2)=  2940
iter=    53  rel‖R‖=  4.655e-04  size(V,2)=  3360
iter=    54  rel‖R‖=  4.583e-04  size(V,2)=  3780
iter=    55  rel‖R‖=  4.485e-04  size(V,2)=  4200
iter=    56  rel‖R‖=  4.471e-04  size(V,2)=   840
iter=    57  rel‖R‖=  4.448e-04  size(V,2)=  1260
iter=    58  rel‖R‖=  4.424e-04  size(V,2)=  1680
iter=    59  rel‖R‖=  4.395e-04  size(V,2)=  2100
iter=    60  rel‖R‖=  4.362e-04  size(V,2)=  2520
iter=    61  rel‖R‖=  4.325e-04  size(V,2)=  2940
iter=    62  rel‖R‖=  4.286e-04  size(V,2)=  3360
iter=    63  rel‖R‖=  4.233e-04  size(V,2)=  3780
iter=    64  rel‖R‖=  4.159e-04  size(V,2)=  4200
iter=    65  rel‖R‖=  4.148e-04  size(V,2)=   840
iter=    66  rel‖R‖=  4.128e-04  size(V,2)=  1260
iter=    67  rel‖R‖=  4.107e-04  size(V,2)=  1680
iter=    68  rel‖R‖=  4.084e-04  size(V,2)=  2100
iter=    69  rel‖R‖=  4.056e-04  size(V,2)=  2520
iter=    70  rel‖R‖=  4.020e-04  size(V,2)=  2940
iter=    71  rel‖R‖=  3.977e-04  size(V,2)=  3360
iter=    72  rel‖R‖=  3.922e-04  size(V,2)=  3780
iter=    73  rel‖R‖=  3.829e-04  size(V,2)=  4200
iter=    74  rel‖R‖=  3.819e-04  size(V,2)=   840
iter=    75  rel‖R‖=  3.801e-04  size(V,2)=  1260
iter=    76  rel‖R‖=  3.779e-04  size(V,2)=  1680
iter=    77  rel‖R‖=  3.754e-04  size(V,2)=  2100
iter=    78  rel‖R‖=  3.730e-04  size(V,2)=  2520
iter=    79  rel‖R‖=  3.704e-04  size(V,2)=  2940
iter=    80  rel‖R‖=  3.677e-04  size(V,2)=  3360
iter=    81  rel‖R‖=  3.644e-04  size(V,2)=  3780
iter=    82  rel‖R‖=  3.580e-04  size(V,2)=  4200
iter=    83  rel‖R‖=  3.572e-04  size(V,2)=   840
iter=    84  rel‖R‖=  3.555e-04  size(V,2)=  1260
iter=    85  rel‖R‖=  3.538e-04  size(V,2)=  1680
iter=    86  rel‖R‖=  3.520e-04  size(V,2)=  2100
iter=    87  rel‖R‖=  3.499e-04  size(V,2)=  2520
iter=    88  rel‖R‖=  3.475e-04  size(V,2)=  2940
iter=    89  rel‖R‖=  3.447e-04  size(V,2)=  3360
iter=    90  rel‖R‖=  3.411e-04  size(V,2)=  3780
iter=    91  rel‖R‖=  3.352e-04  size(V,2)=  4200
iter=    92  rel‖R‖=  3.345e-04  size(V,2)=   840
iter=    93  rel‖R‖=  3.331e-04  size(V,2)=  1260
iter=    94  rel‖R‖=  3.314e-04  size(V,2)=  1680
iter=    95  rel‖R‖=  3.296e-04  size(V,2)=  2100
iter=    96  rel‖R‖=  3.276e-04  size(V,2)=  2520
iter=    97  rel‖R‖=  3.252e-04  size(V,2)=  2940
iter=    98  rel‖R‖=  3.228e-04  size(V,2)=  3360
iter=    99  rel‖R‖=  3.195e-04  size(V,2)=  3780
iter=   100  rel‖R‖=  3.153e-04  size(V,2)=  4200
iter=   101  rel‖R‖=  3.146e-04  size(V,2)=   840
iter=   102  rel‖R‖=  3.134e-04  size(V,2)=  1260
iter=   103  rel‖R‖=  3.119e-04  size(V,2)=  1680
iter=   104  rel‖R‖=  3.103e-04  size(V,2)=  2100
iter=   105  rel‖R‖=  3.085e-04  size(V,2)=  2520
iter=   106  rel‖R‖=  3.064e-04  size(V,2)=  2940
iter=   107  rel‖R‖=  3.043e-04  size(V,2)=  3360
iter=   108  rel‖R‖=  3.019e-04  size(V,2)=  3780
iter=   109  rel‖R‖=  2.986e-04  size(V,2)=  4200
iter=   110  rel‖R‖=  2.979e-04  size(V,2)=   840
iter=   111  rel‖R‖=  2.968e-04  size(V,2)=  1260
iter=   112  rel‖R‖=  2.955e-04  size(V,2)=  1680
iter=   113  rel‖R‖=  2.940e-04  size(V,2)=  2100
iter=   114  rel‖R‖=  2.925e-04  size(V,2)=  2520
iter=   115  rel‖R‖=  2.906e-04  size(V,2)=  2940
iter=   116  rel‖R‖=  2.883e-04  size(V,2)=  3360
iter=   117  rel‖R‖=  2.854e-04  size(V,2)=  3780
iter=   118  rel‖R‖=  2.819e-04  size(V,2)=  4200
iter=   119  rel‖R‖=  2.814e-04  size(V,2)=   840
iter=   120  rel‖R‖=  2.803e-04  size(V,2)=  1260
iter=   121  rel‖R‖=  2.790e-04  size(V,2)=  1680
iter=   122  rel‖R‖=  2.775e-04  size(V,2)=  2100
iter=   123  rel‖R‖=  2.759e-04  size(V,2)=  2520
iter=   124  rel‖R‖=  2.741e-04  size(V,2)=  2940
iter=   125  rel‖R‖=  2.723e-04  size(V,2)=  3360
iter=   126  rel‖R‖=  2.700e-04  size(V,2)=  3780
iter=   127  rel‖R‖=  2.672e-04  size(V,2)=  4200
iter=   128  rel‖R‖=  2.668e-04  size(V,2)=   840
iter=   129  rel‖R‖=  2.658e-04  size(V,2)=  1260
iter=   130  rel‖R‖=  2.648e-04  size(V,2)=  1680
iter=   131  rel‖R‖=  2.633e-04  size(V,2)=  2100
iter=   132  rel‖R‖=  2.619e-04  size(V,2)=  2520
iter=   133  rel‖R‖=  2.602e-04  size(V,2)=  2940
iter=   134  rel‖R‖=  2.585e-04  size(V,2)=  3360
iter=   135  rel‖R‖=  2.537e-04  size(V,2)=  3780
iter=   136  rel‖R‖=  2.427e-04  size(V,2)=  4200
iter=   137  rel‖R‖=  2.419e-04  size(V,2)=   840
iter=   138  rel‖R‖=  2.407e-04  size(V,2)=  1260
iter=   139  rel‖R‖=  2.392e-04  size(V,2)=  1680
iter=   140  rel‖R‖=  2.375e-04  size(V,2)=  2100
iter=   141  rel‖R‖=  2.360e-04  size(V,2)=  2520
iter=   142  rel‖R‖=  2.340e-04  size(V,2)=  2940
iter=   143  rel‖R‖=  2.318e-04  size(V,2)=  3360
iter=   144  rel‖R‖=  2.295e-04  size(V,2)=  3780
iter=   145  rel‖R‖=  2.262e-04  size(V,2)=  4200
iter=   146  rel‖R‖=  2.257e-04  size(V,2)=   840
iter=   147  rel‖R‖=  2.246e-04  size(V,2)=  1260
iter=   148  rel‖R‖=  2.235e-04  size(V,2)=  1680
iter=   149  rel‖R‖=  2.224e-04  size(V,2)=  2100
iter=   150  rel‖R‖=  2.209e-04  size(V,2)=  2520
iter=   151  rel‖R‖=  2.192e-04  size(V,2)=  2940
iter=   152  rel‖R‖=  2.174e-04  size(V,2)=  3360
iter=   153  rel‖R‖=  2.144e-04  size(V,2)=  3780
iter=   154  rel‖R‖=  1.985e-04  size(V,2)=  4200
iter=   155  rel‖R‖=  1.980e-04  size(V,2)=   840
iter=   156  rel‖R‖=  1.968e-04  size(V,2)=  1260
iter=   157  rel‖R‖=  1.958e-04  size(V,2)=  1680
iter=   158  rel‖R‖=  1.943e-04  size(V,2)=  2100
iter=   159  rel‖R‖=  1.926e-04  size(V,2)=  2520
iter=   160  rel‖R‖=  1.906e-04  size(V,2)=  2940
iter=   161  rel‖R‖=  1.885e-04  size(V,2)=  3360
iter=   162  rel‖R‖=  1.854e-04  size(V,2)=  3780
iter=   163  rel‖R‖=  1.828e-04  size(V,2)=  4200
iter=   164  rel‖R‖=  1.823e-04  size(V,2)=   840
iter=   165  rel‖R‖=  1.815e-04  size(V,2)=  1260
iter=   166  rel‖R‖=  1.806e-04  size(V,2)=  1680
iter=   167  rel‖R‖=  1.795e-04  size(V,2)=  2100
iter=   168  rel‖R‖=  1.784e-04  size(V,2)=  2520
iter=   169  rel‖R‖=  1.772e-04  size(V,2)=  2940
iter=   170  rel‖R‖=  1.757e-04  size(V,2)=  3360
iter=   171  rel‖R‖=  1.743e-04  size(V,2)=  3780
iter=   172  rel‖R‖=  1.724e-04  size(V,2)=  4200
iter=   173  rel‖R‖=  1.721e-04  size(V,2)=   840
iter=   174  rel‖R‖=  1.714e-04  size(V,2)=  1260
iter=   175  rel‖R‖=  1.705e-04  size(V,2)=  1680
iter=   176  rel‖R‖=  1.696e-04  size(V,2)=  2100
iter=   177  rel‖R‖=  1.686e-04  size(V,2)=  2520
iter=   178  rel‖R‖=  1.676e-04  size(V,2)=  2940
iter=   179  rel‖R‖=  1.665e-04  size(V,2)=  3360
iter=   180  rel‖R‖=  1.646e-04  size(V,2)=  3780
iter=   181  rel‖R‖=  1.614e-04  size(V,2)=  4200
iter=   182  rel‖R‖=  1.610e-04  size(V,2)=   840
iter=   183  rel‖R‖=  1.604e-04  size(V,2)=  1260
iter=   184  rel‖R‖=  1.596e-04  size(V,2)=  1680
iter=   185  rel‖R‖=  1.586e-04  size(V,2)=  2100
iter=   186  rel‖R‖=  1.576e-04  size(V,2)=  2520
iter=   187  rel‖R‖=  1.567e-04  size(V,2)=  2940
iter=   188  rel‖R‖=  1.555e-04  size(V,2)=  3360
iter=   189  rel‖R‖=  1.542e-04  size(V,2)=  3780
iter=   190  rel‖R‖=  1.529e-04  size(V,2)=  4200
iter=   191  rel‖R‖=  1.526e-04  size(V,2)=   840
iter=   192  rel‖R‖=  1.521e-04  size(V,2)=  1260
iter=   193  rel‖R‖=  1.514e-04  size(V,2)=  1680
iter=   194  rel‖R‖=  1.507e-04  size(V,2)=  2100
iter=   195  rel‖R‖=  1.499e-04  size(V,2)=  2520
iter=   196  rel‖R‖=  1.491e-04  size(V,2)=  2940
iter=   197  rel‖R‖=  1.482e-04  size(V,2)=  3360
iter=   198  rel‖R‖=  1.469e-04  size(V,2)=  3780
iter=   199  rel‖R‖=  1.451e-04  size(V,2)=  4200
iter=   200  rel‖R‖=  1.449e-04  size(V,2)=   840
iter=   201  rel‖R‖=  1.444e-04  size(V,2)=  1260
iter=   202  rel‖R‖=  1.437e-04  size(V,2)=  1680
iter=   203  rel‖R‖=  1.431e-04  size(V,2)=  2100
iter=   204  rel‖R‖=  1.423e-04  size(V,2)=  2520
iter=   205  rel‖R‖=  1.414e-04  size(V,2)=  2940
iter=   206  rel‖R‖=  1.404e-04  size(V,2)=  3360
iter=   207  rel‖R‖=  1.394e-04  size(V,2)=  3780
iter=   208  rel‖R‖=  1.379e-04  size(V,2)=  4200
iter=   209  rel‖R‖=  1.376e-04  size(V,2)=   840
iter=   210  rel‖R‖=  1.371e-04  size(V,2)=  1260
iter=   211  rel‖R‖=  1.365e-04  size(V,2)=  1680
iter=   212  rel‖R‖=  1.358e-04  size(V,2)=  2100
iter=   213  rel‖R‖=  1.349e-04  size(V,2)=  2520
iter=   214  rel‖R‖=  1.341e-04  size(V,2)=  2940
iter=   215  rel‖R‖=  1.328e-04  size(V,2)=  3360
iter=   216  rel‖R‖=  1.297e-04  size(V,2)=  3780
iter=   217  rel‖R‖=  1.225e-04  size(V,2)=  4200
iter=   218  rel‖R‖=  1.219e-04  size(V,2)=   840
iter=   219  rel‖R‖=  1.213e-04  size(V,2)=  1260
iter=   220  rel‖R‖=  1.205e-04  size(V,2)=  1680
iter=   221  rel‖R‖=  1.197e-04  size(V,2)=  2100
iter=   222  rel‖R‖=  1.188e-04  size(V,2)=  2520
iter=   223  rel‖R‖=  1.178e-04  size(V,2)=  2940
iter=   224  rel‖R‖=  1.167e-04  size(V,2)=  3360
iter=   225  rel‖R‖=  1.153e-04  size(V,2)=  3780
iter=   226  rel‖R‖=  1.130e-04  size(V,2)=  4200
iter=   227  rel‖R‖=  1.128e-04  size(V,2)=   840
iter=   228  rel‖R‖=  1.123e-04  size(V,2)=  1260
iter=   229  rel‖R‖=  1.117e-04  size(V,2)=  1680
iter=   230  rel‖R‖=  1.111e-04  size(V,2)=  2100
iter=   231  rel‖R‖=  1.104e-04  size(V,2)=  2520
iter=   232  rel‖R‖=  1.096e-04  size(V,2)=  2940
iter=   233  rel‖R‖=  1.088e-04  size(V,2)=  3360
iter=   234  rel‖R‖=  1.077e-04  size(V,2)=  3780
iter=   235  rel‖R‖=  1.063e-04  size(V,2)=  4200
iter=   236  rel‖R‖=  1.061e-04  size(V,2)=   840
iter=   237  rel‖R‖=  1.058e-04  size(V,2)=  1260
iter=   238  rel‖R‖=  1.053e-04  size(V,2)=  1680
iter=   239  rel‖R‖=  1.048e-04  size(V,2)=  2100
iter=   240  rel‖R‖=  1.041e-04  size(V,2)=  2520
iter=   241  rel‖R‖=  1.034e-04  size(V,2)=  2940
iter=   242  rel‖R‖=  1.028e-04  size(V,2)=  3360
iter=   243  rel‖R‖=  1.019e-04  size(V,2)=  3780
iter=   244  rel‖R‖=  1.005e-04  size(V,2)=  4200
iter=   245  rel‖R‖=  1.003e-04  size(V,2)=   840
iter=   246  rel‖R‖=  9.993e-05  size(V,2)=  1260
iter=   247  rel‖R‖=  9.949e-05  size(V,2)=  1680
iter=   248  rel‖R‖=  9.903e-05  size(V,2)=  2100
iter=   249  rel‖R‖=  9.848e-05  size(V,2)=  2520
iter=   250  rel‖R‖=  9.791e-05  size(V,2)=  2940
iter=   251  rel‖R‖=  9.714e-05  size(V,2)=  3360
iter=   252  rel‖R‖=  9.620e-05  size(V,2)=  3780
iter=   253  rel‖R‖=  9.509e-05  size(V,2)=  4200
iter=   254  rel‖R‖=  9.490e-05  size(V,2)=   840
iter=   255  rel‖R‖=  9.453e-05  size(V,2)=  1260
iter=   256  rel‖R‖=  9.406e-05  size(V,2)=  1680
iter=   257  rel‖R‖=  9.361e-05  size(V,2)=  2100
iter=   258  rel‖R‖=  9.307e-05  size(V,2)=  2520
iter=   259  rel‖R‖=  9.251e-05  size(V,2)=  2940
iter=   260  rel‖R‖=  9.187e-05  size(V,2)=  3360
iter=   261  rel‖R‖=  9.121e-05  size(V,2)=  3780
iter=   262  rel‖R‖=  9.011e-05  size(V,2)=  4200
iter=   263  rel‖R‖=  8.994e-05  size(V,2)=   840
converged!
82096.197426 seconds (1.67 M allocations: 884.104 GiB, 0.09% gc time)
Total estimated FLOPs: 2019798514366080

Reading exact Eigenvalues...
Reading eigenvalues from ../Eigenvalues_folder/eigenres_uracil_RNDbasis.jld2

Difference between Davidson and exact eigenvalues:
1×420 adjoint(::Vector{Float64}) with eltype Float64:
 0.0  -3.55271e-15  -3.55271e-15  -3.55271e-15  7.10543e-15  3.55271e-15  -1.42109e-14  1.42109e-14  3.55271e-15  -1.06581e-14  -7.10543e-15  0.0  -1.77636e-15  -1.77636e-15  1.77636e-15  1.77636e-15  -1.77636e-15  -7.10543e-15  -3.55271e-15  -1.77636e-15  -3.55271e-15  -1.77636e-15  7.10543e-15  7.10543e-15  7.10543e-15  3.55271e-15  -7.10543e-15  0.0  5.32907e-15  1.77636e-15  1.77636e-15  -1.06581e-14  -1.77636e-15  1.77636e-15  0.0  1.77636e-15  1.77636e-15  7.10543e-15  5.32907e-15  -1.77636e-15  6.21725e-15  -8.88178e-16  0.0  -7.99361e-15  3.55271e-15  -2.66454e-15  -6.21725e-15  -8.88178e-16  5.32907e-15  0.0  -7.10543e-15  -8.88178e-16  7.99361e-15  -1.77636e-15  0.0  5.32907e-15  0.0  -5.32907e-15  7.99361e-15  -6.21725e-15  -2.66454e-15  0.0  -8.88178e-15  -5.32907e-15  8.88178e-15  -3.55271e-15  4.44089e-15  -8.88178e-16  3.55271e-15  -1.15463e-14  -2.66454e-15  -7.10543e-15  3.55271e-15  2.66454e-15  -5.32907e-15  -1.77636e-15  6.21725e-15  7.10543e-15  3.55271e-15  8.88178e-15  -6.21725e-15  -6.21725e-15  -3.55271e-15  9.76996e-15  -8.88178e-15  -8.88178e-15  -1.77636e-15  -2.66454e-15  9.76996e-15  -7.99361e-15  -4.44089e-15  -9.76996e-15  7.10543e-15  7.10543e-15  -2.66454e-15  -8.88178e-16  -4.44089e-16  4.44089e-16  -2.66454e-15  7.54952e-15  -4.44089e-15  4.44089e-15  1.19904e-14  7.10543e-15  8.88178e-16  -2.22045e-15  5.32907e-15  1.15463e-14  7.10543e-15  9.32587e-15  8.43769e-15  -5.32907e-15  -4.44089e-15  4.44089e-16  -2.66454e-15  -2.22045e-15  -2.66454e-15  3.9968e-15  2.66454e-15  0.0  -6.21725e-15  -8.88178e-16  4.44089e-15  -5.77316e-15  4.44089e-15  -6.66134e-15  1.33227e-15  -4.44089e-15  1.33227e-15  -2.22045e-15  -5.32907e-15  -8.88178e-16  1.33227e-15  0.0  8.88178e-15  3.55271e-15  -7.54952e-15  -8.88178e-16  5.77316e-15  2.66454e-15  2.22045e-15  -7.54952e-15  -8.88178e-16  4.44089e-15  -5.77316e-15  1.24345e-14  3.55271e-15  3.10862e-15  -1.28786e-14  2.22045e-15  7.10543e-15  7.99361e-15  -1.19904e-14  -1.15463e-14  -3.9968e-15  3.55271e-15  6.66134e-15  1.19904e-14  7.54952e-15  -1.33227e-15  5.32907e-15  1.42109e-14  -4.44089e-15  1.33227e-14  1.77636e-15  1.02141e-14  5.77316e-15  -1.33227e-14  6.21725e-15  1.86517e-14  -1.42109e-14  7.10543e-15  -1.64313e-14  -1.68754e-14  -3.55271e-15  1.55431e-14  -3.55271e-15  -1.06581e-14  -1.33227e-15  -2.08722e-14  -3.55271e-15  -1.68754e-14  5.77316e-15  5.32907e-15  -1.73195e-14  -1.64313e-14  -1.86517e-14  7.99361e-15  1.95399e-14  -6.66134e-15  1.73195e-14  1.55431e-14  -1.95399e-14  -1.46549e-14  8.43769e-15  -2.17604e-14  2.08722e-14  -1.46549e-14  7.10543e-15  -1.73195e-14  4.88498e-15  1.68754e-14  -3.55271e-15  -1.02141e-14  8.88178e-16  7.54952e-15  -4.44089e-16  1.42109e-14  -5.32907e-15  -1.82077e-14  -6.21725e-15  -8.88178e-15  1.33227e-15  -1.55431e-14  6.66134e-15  1.33227e-14  1.42109e-14  -1.46549e-14  -2.30926e-14  -6.21725e-15  -1.68754e-14  1.88738e-14  -1.11022e-15  7.77156e-15  1.66533e-14  1.9762e-14  -2.04281e-14  -8.88178e-15  1.42109e-14  5.55112e-15  2.4647e-14  -7.32747e-15  1.90958e-14  -2.10942e-14  2.77556e-14  -7.32747e-15  1.08802e-14  7.32747e-15  1.70974e-14  2.59792e-14  -2.30926e-14  -9.76996e-15  7.10543e-15  -6.88338e-15  -1.35447e-14  1.77636e-15  1.86517e-14  -1.55431e-14  2.66454e-15  -1.88738e-14  1.9984e-15  1.35447e-14  1.11022e-14  -7.99361e-15  -6.43929e-15  8.65974e-15  -1.84297e-14  -1.06581e-14  7.32747e-15  5.9952e-15  -1.06581e-14  -1.06581e-14  9.99201e-15  -2.04281e-14  7.10543e-15  5.10703e-15  1.39888e-14  1.57652e-14  7.54952e-15  2.02061e-14  -3.10862e-15  -2.84217e-14  8.88178e-15  -1.35447e-14  -2.4869e-14  -3.10862e-15  1.66533e-14  0.0  1.9762e-14  9.54792e-15  2.66454e-15  -2.90878e-14  1.79856e-14  -5.32907e-15  -1.64313e-14  -2.57572e-14  -8.43769e-15  1.68754e-14  5.55112e-15  -3.10862e-15  -2.81997e-14  -1.66533e-14  -2.42029e-14  -2.22045e-14  2.4869e-14  -2.68674e-14  5.55112e-15  3.01981e-14  2.9754e-14  -1.24345e-14  3.55271e-15  3.24185e-14  2.90878e-14  -7.99361e-15  -2.66454e-15  6.43929e-15  2.90878e-14  -2.13163e-14  -8.88178e-15  2.66454e-15  -1.08802e-14  3.33067e-15  -1.37668e-14  -2.79776e-14  -8.65974e-15  -2.68674e-14  1.08802e-14  1.11022e-14  8.43769e-15  -1.82077e-14  2.42029e-14  -2.86438e-14  3.01981e-14  -2.93099e-14  -3.15303e-14  3.41949e-14  -1.64313e-14  1.11022e-15  2.70894e-14  4.66294e-15  8.88178e-16  3.41949e-14  1.90958e-14  2.79776e-14  1.93179e-14  3.10862e-14  1.77636e-14  -2.28706e-14  3.30846e-14  -1.06581e-14  2.81997e-14  -2.37588e-14  -2.4647e-14  2.90878e-14  -1.4877e-14  2.44249e-14  2.90878e-14  -3.01981e-14  -1.62093e-14  -2.88658e-15  -7.54952e-15  -1.35447e-14  1.24345e-14  -7.10543e-15  2.28706e-14  1.57652e-14  -8.88178e-15  1.46549e-14  6.66134e-16  1.26565e-14  -1.84297e-14  2.35367e-14  1.73195e-14  -2.79776e-14  -2.04281e-14  -2.59792e-14  1.02141e-14  -1.84297e-14  2.28706e-14  8.43769e-15  2.4869e-14  -1.53211e-14  -1.82077e-14  1.04361e-14  3.4639e-14  -1.59872e-14  2.70894e-14  2.15383e-14  2.95319e-14  1.37668e-14  2.10942e-14  2.88658e-14  -4.66294e-15  2.86438e-14  -1.11022e-14  2.81997e-14  8.21565e-15  -2.88658e-15  -1.9762e-14  -1.04361e-14  1.5099e-14  -3.01981e-14  -4.04121e-14  -7.02137e-10  -1.34026e-12  -6.84068e-11  -1.38778e-13  -9.00191e-12  -5.05664e-11  -1.40044e-12  -3.25295e-13  -5.68434e-14  -3.35953e-13  -5.83977e-14  -5.39346e-13  -9.19265e-14  -1.02141e-14  -1.53211e-14  9.54792e-15  -3.44169e-14  -3.39728e-13  -1.39178e-12  -1.07311e-7  -5.71852e-8  -1.07794e-6  -1.43612e-8  -1.87344e-8  -5.38802e-8  -1.15606e-6  -6.4043e-7
420 Eigenvalues converges, out of 420 requested.
Running with alpha = 8
Running with l = 20
Davidson
iter=     1  rel‖R‖=  2.700e+01  size(V,2)=   420
iter=     2  rel‖R‖=  8.757e+00  size(V,2)=   840
iter=     3  rel‖R‖=  1.202e+00  size(V,2)=  1260
iter=     4  rel‖R‖=  3.395e-01  size(V,2)=  1680
iter=     5  rel‖R‖=  1.576e-01  size(V,2)=  2100
iter=     6  rel‖R‖=  7.549e-02  size(V,2)=  2520
iter=     7  rel‖R‖=  4.018e-02  size(V,2)=  2940
iter=     8  rel‖R‖=  1.835e-02  size(V,2)=  3360
iter=     9  rel‖R‖=  1.344e-02  size(V,2)=   840
iter=    10  rel‖R‖=  1.232e-02  size(V,2)=  1260
iter=    11  rel‖R‖=  1.140e-02  size(V,2)=  1680
iter=    12  rel‖R‖=  1.042e-02  size(V,2)=  2100
iter=    13  rel‖R‖=  9.431e-03  size(V,2)=  2520
iter=    14  rel‖R‖=  8.182e-03  size(V,2)=  2940
iter=    15  rel‖R‖=  6.720e-03  size(V,2)=  3360
iter=    16  rel‖R‖=  6.363e-03  size(V,2)=   840
iter=    17  rel‖R‖=  6.239e-03  size(V,2)=  1260
iter=    18  rel‖R‖=  6.082e-03  size(V,2)=  1680
iter=    19  rel‖R‖=  5.910e-03  size(V,2)=  2100
iter=    20  rel‖R‖=  5.693e-03  size(V,2)=  2520
iter=    21  rel‖R‖=  5.453e-03  size(V,2)=  2940
iter=    22  rel‖R‖=  5.061e-03  size(V,2)=  3360
iter=    23  rel‖R‖=  4.980e-03  size(V,2)=   840
iter=    24  rel‖R‖=  4.930e-03  size(V,2)=  1260
iter=    25  rel‖R‖=  4.876e-03  size(V,2)=  1680
iter=    26  rel‖R‖=  4.811e-03  size(V,2)=  2100
iter=    27  rel‖R‖=  4.716e-03  size(V,2)=  2520
iter=    28  rel‖R‖=  4.581e-03  size(V,2)=  2940
iter=    29  rel‖R‖=  4.384e-03  size(V,2)=  3360
iter=    30  rel‖R‖=  4.354e-03  size(V,2)=   840
iter=    31  rel‖R‖=  4.318e-03  size(V,2)=  1260
iter=    32  rel‖R‖=  4.279e-03  size(V,2)=  1680
iter=    33  rel‖R‖=  4.227e-03  size(V,2)=  2100
iter=    34  rel‖R‖=  4.175e-03  size(V,2)=  2520
iter=    35  rel‖R‖=  4.108e-03  size(V,2)=  2940
iter=    36  rel‖R‖=  3.991e-03  size(V,2)=  3360
iter=    37  rel‖R‖=  3.975e-03  size(V,2)=   840
iter=    38  rel‖R‖=  3.948e-03  size(V,2)=  1260
iter=    39  rel‖R‖=  3.917e-03  size(V,2)=  1680
iter=    40  rel‖R‖=  3.883e-03  size(V,2)=  2100
iter=    41  rel‖R‖=  3.841e-03  size(V,2)=  2520
iter=    42  rel‖R‖=  3.779e-03  size(V,2)=  2940
iter=    43  rel‖R‖=  3.677e-03  size(V,2)=  3360
iter=    44  rel‖R‖=  3.664e-03  size(V,2)=   840
iter=    45  rel‖R‖=  3.640e-03  size(V,2)=  1260
iter=    46  rel‖R‖=  3.612e-03  size(V,2)=  1680
iter=    47  rel‖R‖=  3.584e-03  size(V,2)=  2100
iter=    48  rel‖R‖=  3.549e-03  size(V,2)=  2520
iter=    49  rel‖R‖=  3.501e-03  size(V,2)=  2940
iter=    50  rel‖R‖=  3.418e-03  size(V,2)=  3360
iter=    51  rel‖R‖=  3.406e-03  size(V,2)=   840
iter=    52  rel‖R‖=  3.386e-03  size(V,2)=  1260
iter=    53  rel‖R‖=  3.363e-03  size(V,2)=  1680
iter=    54  rel‖R‖=  3.336e-03  size(V,2)=  2100
iter=    55  rel‖R‖=  3.306e-03  size(V,2)=  2520
iter=    56  rel‖R‖=  3.264e-03  size(V,2)=  2940
iter=    57  rel‖R‖=  3.182e-03  size(V,2)=  3360
iter=    58  rel‖R‖=  3.169e-03  size(V,2)=   840
iter=    59  rel‖R‖=  3.150e-03  size(V,2)=  1260
iter=    60  rel‖R‖=  3.128e-03  size(V,2)=  1680
iter=    61  rel‖R‖=  3.097e-03  size(V,2)=  2100
iter=    62  rel‖R‖=  3.070e-03  size(V,2)=  2520
iter=    63  rel‖R‖=  3.031e-03  size(V,2)=  2940
iter=    64  rel‖R‖=  2.960e-03  size(V,2)=  3360
iter=    65  rel‖R‖=  2.947e-03  size(V,2)=   840
iter=    66  rel‖R‖=  2.930e-03  size(V,2)=  1260
iter=    67  rel‖R‖=  2.911e-03  size(V,2)=  1680
iter=    68  rel‖R‖=  2.888e-03  size(V,2)=  2100
iter=    69  rel‖R‖=  2.860e-03  size(V,2)=  2520
iter=    70  rel‖R‖=  2.825e-03  size(V,2)=  2940
iter=    71  rel‖R‖=  2.766e-03  size(V,2)=  3360
iter=    72  rel‖R‖=  2.757e-03  size(V,2)=   840
iter=    73  rel‖R‖=  2.741e-03  size(V,2)=  1260
iter=    74  rel‖R‖=  2.723e-03  size(V,2)=  1680
iter=    75  rel‖R‖=  2.704e-03  size(V,2)=  2100
iter=    76  rel‖R‖=  2.679e-03  size(V,2)=  2520
iter=    77  rel‖R‖=  2.647e-03  size(V,2)=  2940
iter=    78  rel‖R‖=  2.594e-03  size(V,2)=  3360
iter=    79  rel‖R‖=  2.586e-03  size(V,2)=   840
iter=    80  rel‖R‖=  2.572e-03  size(V,2)=  1260
iter=    81  rel‖R‖=  2.556e-03  size(V,2)=  1680
iter=    82  rel‖R‖=  2.538e-03  size(V,2)=  2100
iter=    83  rel‖R‖=  2.516e-03  size(V,2)=  2520
iter=    84  rel‖R‖=  2.487e-03  size(V,2)=  2940
iter=    85  rel‖R‖=  2.442e-03  size(V,2)=  3360
iter=    86  rel‖R‖=  2.436e-03  size(V,2)=   840
iter=    87  rel‖R‖=  2.423e-03  size(V,2)=  1260
iter=    88  rel‖R‖=  2.408e-03  size(V,2)=  1680
iter=    89  rel‖R‖=  2.391e-03  size(V,2)=  2100
iter=    90  rel‖R‖=  2.370e-03  size(V,2)=  2520
iter=    91  rel‖R‖=  2.344e-03  size(V,2)=  2940
iter=    92  rel‖R‖=  2.300e-03  size(V,2)=  3360
iter=    93  rel‖R‖=  2.295e-03  size(V,2)=   840
iter=    94  rel‖R‖=  2.282e-03  size(V,2)=  1260
iter=    95  rel‖R‖=  2.267e-03  size(V,2)=  1680
iter=    96  rel‖R‖=  2.253e-03  size(V,2)=  2100
iter=    97  rel‖R‖=  2.235e-03  size(V,2)=  2520
iter=    98  rel‖R‖=  2.210e-03  size(V,2)=  2940
iter=    99  rel‖R‖=  2.172e-03  size(V,2)=  3360
iter=   100  rel‖R‖=  2.165e-03  size(V,2)=   840
iter=   101  rel‖R‖=  2.154e-03  size(V,2)=  1260
iter=   102  rel‖R‖=  2.141e-03  size(V,2)=  1680
iter=   103  rel‖R‖=  2.128e-03  size(V,2)=  2100
iter=   104  rel‖R‖=  2.113e-03  size(V,2)=  2520
iter=   105  rel‖R‖=  2.093e-03  size(V,2)=  2940
iter=   106  rel‖R‖=  2.062e-03  size(V,2)=  3360
iter=   107  rel‖R‖=  2.057e-03  size(V,2)=   840
iter=   108  rel‖R‖=  2.047e-03  size(V,2)=  1260
iter=   109  rel‖R‖=  2.036e-03  size(V,2)=  1680
iter=   110  rel‖R‖=  2.023e-03  size(V,2)=  2100
iter=   111  rel‖R‖=  2.008e-03  size(V,2)=  2520
iter=   112  rel‖R‖=  1.986e-03  size(V,2)=  2940
iter=   113  rel‖R‖=  1.937e-03  size(V,2)=  3360
iter=   114  rel‖R‖=  1.930e-03  size(V,2)=   840
iter=   115  rel‖R‖=  1.920e-03  size(V,2)=  1260
iter=   116  rel‖R‖=  1.908e-03  size(V,2)=  1680
iter=   117  rel‖R‖=  1.895e-03  size(V,2)=  2100
iter=   118  rel‖R‖=  1.880e-03  size(V,2)=  2520
iter=   119  rel‖R‖=  1.860e-03  size(V,2)=  2940
iter=   120  rel‖R‖=  1.835e-03  size(V,2)=  3360
iter=   121  rel‖R‖=  1.831e-03  size(V,2)=   840
iter=   122  rel‖R‖=  1.823e-03  size(V,2)=  1260
iter=   123  rel‖R‖=  1.813e-03  size(V,2)=  1680
iter=   124  rel‖R‖=  1.802e-03  size(V,2)=  2100
iter=   125  rel‖R‖=  1.788e-03  size(V,2)=  2520
iter=   126  rel‖R‖=  1.766e-03  size(V,2)=  2940
iter=   127  rel‖R‖=  1.742e-03  size(V,2)=  3360
iter=   128  rel‖R‖=  1.738e-03  size(V,2)=   840
iter=   129  rel‖R‖=  1.730e-03  size(V,2)=  1260
iter=   130  rel‖R‖=  1.720e-03  size(V,2)=  1680
iter=   131  rel‖R‖=  1.710e-03  size(V,2)=  2100
iter=   132  rel‖R‖=  1.697e-03  size(V,2)=  2520
iter=   133  rel‖R‖=  1.678e-03  size(V,2)=  2940
iter=   134  rel‖R‖=  1.653e-03  size(V,2)=  3360
iter=   135  rel‖R‖=  1.649e-03  size(V,2)=   840
iter=   136  rel‖R‖=  1.642e-03  size(V,2)=  1260
iter=   137  rel‖R‖=  1.632e-03  size(V,2)=  1680
iter=   138  rel‖R‖=  1.622e-03  size(V,2)=  2100
iter=   139  rel‖R‖=  1.609e-03  size(V,2)=  2520
iter=   140  rel‖R‖=  1.592e-03  size(V,2)=  2940
iter=   141  rel‖R‖=  1.567e-03  size(V,2)=  3360
iter=   142  rel‖R‖=  1.562e-03  size(V,2)=   840
iter=   143  rel‖R‖=  1.554e-03  size(V,2)=  1260
iter=   144  rel‖R‖=  1.546e-03  size(V,2)=  1680
iter=   145  rel‖R‖=  1.536e-03  size(V,2)=  2100
iter=   146  rel‖R‖=  1.525e-03  size(V,2)=  2520
iter=   147  rel‖R‖=  1.511e-03  size(V,2)=  2940
iter=   148  rel‖R‖=  1.494e-03  size(V,2)=  3360
iter=   149  rel‖R‖=  1.492e-03  size(V,2)=   840
iter=   150  rel‖R‖=  1.485e-03  size(V,2)=  1260
iter=   151  rel‖R‖=  1.478e-03  size(V,2)=  1680
iter=   152  rel‖R‖=  1.470e-03  size(V,2)=  2100
iter=   153  rel‖R‖=  1.460e-03  size(V,2)=  2520
iter=   154  rel‖R‖=  1.447e-03  size(V,2)=  2940
iter=   155  rel‖R‖=  1.430e-03  size(V,2)=  3360
iter=   156  rel‖R‖=  1.427e-03  size(V,2)=   840
iter=   157  rel‖R‖=  1.421e-03  size(V,2)=  1260
iter=   158  rel‖R‖=  1.414e-03  size(V,2)=  1680
iter=   159  rel‖R‖=  1.406e-03  size(V,2)=  2100
iter=   160  rel‖R‖=  1.396e-03  size(V,2)=  2520
iter=   161  rel‖R‖=  1.382e-03  size(V,2)=  2940
iter=   162  rel‖R‖=  1.363e-03  size(V,2)=  3360
iter=   163  rel‖R‖=  1.359e-03  size(V,2)=   840
iter=   164  rel‖R‖=  1.352e-03  size(V,2)=  1260
iter=   165  rel‖R‖=  1.345e-03  size(V,2)=  1680
iter=   166  rel‖R‖=  1.337e-03  size(V,2)=  2100
iter=   167  rel‖R‖=  1.327e-03  size(V,2)=  2520
iter=   168  rel‖R‖=  1.316e-03  size(V,2)=  2940
iter=   169  rel‖R‖=  1.294e-03  size(V,2)=  3360
iter=   170  rel‖R‖=  1.291e-03  size(V,2)=   840
iter=   171  rel‖R‖=  1.285e-03  size(V,2)=  1260
iter=   172  rel‖R‖=  1.278e-03  size(V,2)=  1680
iter=   173  rel‖R‖=  1.270e-03  size(V,2)=  2100
iter=   174  rel‖R‖=  1.260e-03  size(V,2)=  2520
iter=   175  rel‖R‖=  1.250e-03  size(V,2)=  2940
iter=   176  rel‖R‖=  1.236e-03  size(V,2)=  3360
iter=   177  rel‖R‖=  1.234e-03  size(V,2)=   840
iter=   178  rel‖R‖=  1.229e-03  size(V,2)=  1260
iter=   179  rel‖R‖=  1.222e-03  size(V,2)=  1680
iter=   180  rel‖R‖=  1.215e-03  size(V,2)=  2100
iter=   181  rel‖R‖=  1.208e-03  size(V,2)=  2520
iter=   182  rel‖R‖=  1.197e-03  size(V,2)=  2940
iter=   183  rel‖R‖=  1.183e-03  size(V,2)=  3360
iter=   184  rel‖R‖=  1.181e-03  size(V,2)=   840
iter=   185  rel‖R‖=  1.176e-03  size(V,2)=  1260
iter=   186  rel‖R‖=  1.171e-03  size(V,2)=  1680
iter=   187  rel‖R‖=  1.164e-03  size(V,2)=  2100
iter=   188  rel‖R‖=  1.155e-03  size(V,2)=  2520
iter=   189  rel‖R‖=  1.147e-03  size(V,2)=  2940
iter=   190  rel‖R‖=  1.131e-03  size(V,2)=  3360
iter=   191  rel‖R‖=  1.128e-03  size(V,2)=   840
iter=   192  rel‖R‖=  1.123e-03  size(V,2)=  1260
iter=   193  rel‖R‖=  1.117e-03  size(V,2)=  1680
iter=   194  rel‖R‖=  1.111e-03  size(V,2)=  2100
iter=   195  rel‖R‖=  1.103e-03  size(V,2)=  2520
iter=   196  rel‖R‖=  1.094e-03  size(V,2)=  2940
iter=   197  rel‖R‖=  1.083e-03  size(V,2)=  3360
iter=   198  rel‖R‖=  1.081e-03  size(V,2)=   840
iter=   199  rel‖R‖=  1.077e-03  size(V,2)=  1260
iter=   200  rel‖R‖=  1.071e-03  size(V,2)=  1680
iter=   201  rel‖R‖=  1.065e-03  size(V,2)=  2100
iter=   202  rel‖R‖=  1.058e-03  size(V,2)=  2520
iter=   203  rel‖R‖=  1.049e-03  size(V,2)=  2940
iter=   204  rel‖R‖=  1.036e-03  size(V,2)=  3360
iter=   205  rel‖R‖=  1.034e-03  size(V,2)=   840
iter=   206  rel‖R‖=  1.030e-03  size(V,2)=  1260
iter=   207  rel‖R‖=  1.025e-03  size(V,2)=  1680
iter=   208  rel‖R‖=  1.020e-03  size(V,2)=  2100
iter=   209  rel‖R‖=  1.012e-03  size(V,2)=  2520
iter=   210  rel‖R‖=  1.004e-03  size(V,2)=  2940
iter=   211  rel‖R‖=  9.914e-04  size(V,2)=  3360
iter=   212  rel‖R‖=  9.893e-04  size(V,2)=   840
iter=   213  rel‖R‖=  9.850e-04  size(V,2)=  1260
iter=   214  rel‖R‖=  9.801e-04  size(V,2)=  1680
iter=   215  rel‖R‖=  9.747e-04  size(V,2)=  2100
iter=   216  rel‖R‖=  9.679e-04  size(V,2)=  2520
iter=   217  rel‖R‖=  9.596e-04  size(V,2)=  2940
iter=   218  rel‖R‖=  9.504e-04  size(V,2)=  3360
iter=   219  rel‖R‖=  9.485e-04  size(V,2)=   840
iter=   220  rel‖R‖=  9.447e-04  size(V,2)=  1260
iter=   221  rel‖R‖=  9.403e-04  size(V,2)=  1680
iter=   222  rel‖R‖=  9.354e-04  size(V,2)=  2100
iter=   223  rel‖R‖=  9.287e-04  size(V,2)=  2520
iter=   224  rel‖R‖=  9.217e-04  size(V,2)=  2940
iter=   225  rel‖R‖=  9.110e-04  size(V,2)=  3360
iter=   226  rel‖R‖=  9.092e-04  size(V,2)=   840
iter=   227  rel‖R‖=  9.055e-04  size(V,2)=  1260
iter=   228  rel‖R‖=  9.011e-04  size(V,2)=  1680
iter=   229  rel‖R‖=  8.961e-04  size(V,2)=  2100
iter=   230  rel‖R‖=  8.907e-04  size(V,2)=  2520
iter=   231  rel‖R‖=  8.840e-04  size(V,2)=  2940
iter=   232  rel‖R‖=  8.738e-04  size(V,2)=  3360
iter=   233  rel‖R‖=  8.721e-04  size(V,2)=   840
iter=   234  rel‖R‖=  8.684e-04  size(V,2)=  1260
iter=   235  rel‖R‖=  8.643e-04  size(V,2)=  1680
iter=   236  rel‖R‖=  8.596e-04  size(V,2)=  2100
iter=   237  rel‖R‖=  8.534e-04  size(V,2)=  2520
iter=   238  rel‖R‖=  8.436e-04  size(V,2)=  2940
iter=   239  rel‖R‖=  8.318e-04  size(V,2)=  3360
iter=   240  rel‖R‖=  8.298e-04  size(V,2)=   840
iter=   241  rel‖R‖=  8.261e-04  size(V,2)=  1260
iter=   242  rel‖R‖=  8.217e-04  size(V,2)=  1680
iter=   243  rel‖R‖=  8.168e-04  size(V,2)=  2100
iter=   244  rel‖R‖=  8.112e-04  size(V,2)=  2520
iter=   245  rel‖R‖=  8.049e-04  size(V,2)=  2940
iter=   246  rel‖R‖=  7.942e-04  size(V,2)=  3360
iter=   247  rel‖R‖=  7.926e-04  size(V,2)=   840
iter=   248  rel‖R‖=  7.889e-04  size(V,2)=  1260
iter=   249  rel‖R‖=  7.845e-04  size(V,2)=  1680
iter=   250  rel‖R‖=  7.802e-04  size(V,2)=  2100
iter=   251  rel‖R‖=  7.755e-04  size(V,2)=  2520
iter=   252  rel‖R‖=  7.683e-04  size(V,2)=  2940
iter=   253  rel‖R‖=  7.612e-04  size(V,2)=  3360
iter=   254  rel‖R‖=  7.597e-04  size(V,2)=   840
iter=   255  rel‖R‖=  7.565e-04  size(V,2)=  1260
iter=   256  rel‖R‖=  7.531e-04  size(V,2)=  1680
iter=   257  rel‖R‖=  7.484e-04  size(V,2)=  2100
iter=   258  rel‖R‖=  7.433e-04  size(V,2)=  2520
iter=   259  rel‖R‖=  7.370e-04  size(V,2)=  2940
iter=   260  rel‖R‖=  7.283e-04  size(V,2)=  3360
iter=   261  rel‖R‖=  7.269e-04  size(V,2)=   840
iter=   262  rel‖R‖=  7.227e-04  size(V,2)=  1260
iter=   263  rel‖R‖=  7.193e-04  size(V,2)=  1680
iter=   264  rel‖R‖=  7.153e-04  size(V,2)=  2100
iter=   265  rel‖R‖=  7.108e-04  size(V,2)=  2520
iter=   266  rel‖R‖=  7.053e-04  size(V,2)=  2940
iter=   267  rel‖R‖=  6.986e-04  size(V,2)=  3360
iter=   268  rel‖R‖=  6.974e-04  size(V,2)=   840
iter=   269  rel‖R‖=  6.947e-04  size(V,2)=  1260
iter=   270  rel‖R‖=  6.915e-04  size(V,2)=  1680
iter=   271  rel‖R‖=  6.877e-04  size(V,2)=  2100
iter=   272  rel‖R‖=  6.834e-04  size(V,2)=  2520
iter=   273  rel‖R‖=  6.787e-04  size(V,2)=  2940
iter=   274  rel‖R‖=  6.711e-04  size(V,2)=  3360
iter=   275  rel‖R‖=  6.699e-04  size(V,2)=   840
iter=   276  rel‖R‖=  6.669e-04  size(V,2)=  1260
iter=   277  rel‖R‖=  6.639e-04  size(V,2)=  1680
iter=   278  rel‖R‖=  6.603e-04  size(V,2)=  2100
iter=   279  rel‖R‖=  6.565e-04  size(V,2)=  2520
iter=   280  rel‖R‖=  6.516e-04  size(V,2)=  2940
iter=   281  rel‖R‖=  6.417e-04  size(V,2)=  3360
iter=   282  rel‖R‖=  6.399e-04  size(V,2)=   840
iter=   283  rel‖R‖=  6.368e-04  size(V,2)=  1260
iter=   284  rel‖R‖=  6.340e-04  size(V,2)=  1680
iter=   285  rel‖R‖=  6.304e-04  size(V,2)=  2100
iter=   286  rel‖R‖=  6.266e-04  size(V,2)=  2520
iter=   287  rel‖R‖=  6.221e-04  size(V,2)=  2940
iter=   288  rel‖R‖=  6.158e-04  size(V,2)=  3360
iter=   289  rel‖R‖=  6.148e-04  size(V,2)=   840
iter=   290  rel‖R‖=  6.123e-04  size(V,2)=  1260
iter=   291  rel‖R‖=  6.095e-04  size(V,2)=  1680
iter=   292  rel‖R‖=  6.064e-04  size(V,2)=  2100
iter=   293  rel‖R‖=  6.029e-04  size(V,2)=  2520
iter=   294  rel‖R‖=  5.984e-04  size(V,2)=  2940
iter=   295  rel‖R‖=  5.925e-04  size(V,2)=  3360
iter=   296  rel‖R‖=  5.913e-04  size(V,2)=   840
iter=   297  rel‖R‖=  5.891e-04  size(V,2)=  1260
iter=   298  rel‖R‖=  5.865e-04  size(V,2)=  1680
iter=   299  rel‖R‖=  5.835e-04  size(V,2)=  2100
iter=   300  rel‖R‖=  5.804e-04  size(V,2)=  2520
iter=   301  rel‖R‖=  5.761e-04  size(V,2)=  2940
iter=   302  rel‖R‖=  5.714e-04  size(V,2)=  3360
iter=   303  rel‖R‖=  5.703e-04  size(V,2)=   840
iter=   304  rel‖R‖=  5.681e-04  size(V,2)=  1260
iter=   305  rel‖R‖=  5.657e-04  size(V,2)=  1680
iter=   306  rel‖R‖=  5.630e-04  size(V,2)=  2100
iter=   307  rel‖R‖=  5.596e-04  size(V,2)=  2520
iter=   308  rel‖R‖=  5.560e-04  size(V,2)=  2940
iter=   309  rel‖R‖=  5.500e-04  size(V,2)=  3360
iter=   310  rel‖R‖=  5.490e-04  size(V,2)=   840
iter=   311  rel‖R‖=  5.468e-04  size(V,2)=  1260
iter=   312  rel‖R‖=  5.443e-04  size(V,2)=  1680
iter=   313  rel‖R‖=  5.415e-04  size(V,2)=  2100
iter=   314  rel‖R‖=  5.378e-04  size(V,2)=  2520
iter=   315  rel‖R‖=  5.343e-04  size(V,2)=  2940
iter=   316  rel‖R‖=  5.298e-04  size(V,2)=  3360
iter=   317  rel‖R‖=  5.288e-04  size(V,2)=   840
iter=   318  rel‖R‖=  5.265e-04  size(V,2)=  1260
iter=   319  rel‖R‖=  5.241e-04  size(V,2)=  1680
iter=   320  rel‖R‖=  5.216e-04  size(V,2)=  2100
iter=   321  rel‖R‖=  5.188e-04  size(V,2)=  2520
iter=   322  rel‖R‖=  5.151e-04  size(V,2)=  2940
iter=   323  rel‖R‖=  5.101e-04  size(V,2)=  3360
iter=   324  rel‖R‖=  5.092e-04  size(V,2)=   840
iter=   325  rel‖R‖=  5.073e-04  size(V,2)=  1260
iter=   326  rel‖R‖=  5.051e-04  size(V,2)=  1680
iter=   327  rel‖R‖=  5.026e-04  size(V,2)=  2100
iter=   328  rel‖R‖=  4.994e-04  size(V,2)=  2520
iter=   329  rel‖R‖=  4.960e-04  size(V,2)=  2940
iter=   330  rel‖R‖=  4.913e-04  size(V,2)=  3360
iter=   331  rel‖R‖=  4.904e-04  size(V,2)=   840
iter=   332  rel‖R‖=  4.885e-04  size(V,2)=  1260
iter=   333  rel‖R‖=  4.861e-04  size(V,2)=  1680
iter=   334  rel‖R‖=  4.837e-04  size(V,2)=  2100
iter=   335  rel‖R‖=  4.809e-04  size(V,2)=  2520
iter=   336  rel‖R‖=  4.769e-04  size(V,2)=  2940
iter=   337  rel‖R‖=  4.724e-04  size(V,2)=  3360
iter=   338  rel‖R‖=  4.715e-04  size(V,2)=   840
iter=   339  rel‖R‖=  4.695e-04  size(V,2)=  1260
iter=   340  rel‖R‖=  4.673e-04  size(V,2)=  1680
iter=   341  rel‖R‖=  4.648e-04  size(V,2)=  2100
iter=   342  rel‖R‖=  4.621e-04  size(V,2)=  2520
iter=   343  rel‖R‖=  4.581e-04  size(V,2)=  2940
iter=   344  rel‖R‖=  4.535e-04  size(V,2)=  3360
iter=   345  rel‖R‖=  4.526e-04  size(V,2)=   840
iter=   346  rel‖R‖=  4.507e-04  size(V,2)=  1260
iter=   347  rel‖R‖=  4.486e-04  size(V,2)=  1680
iter=   348  rel‖R‖=  4.462e-04  size(V,2)=  2100
iter=   349  rel‖R‖=  4.435e-04  size(V,2)=  2520
iter=   350  rel‖R‖=  4.405e-04  size(V,2)=  2940
iter=   351  rel‖R‖=  4.364e-04  size(V,2)=  3360
iter=   352  rel‖R‖=  4.356e-04  size(V,2)=   840
iter=   353  rel‖R‖=  4.338e-04  size(V,2)=  1260
iter=   354  rel‖R‖=  4.320e-04  size(V,2)=  1680
iter=   355  rel‖R‖=  4.298e-04  size(V,2)=  2100
iter=   356  rel‖R‖=  4.275e-04  size(V,2)=  2520
iter=   357  rel‖R‖=  4.247e-04  size(V,2)=  2940
iter=   358  rel‖R‖=  4.213e-04  size(V,2)=  3360
iter=   359  rel‖R‖=  4.205e-04  size(V,2)=   840
iter=   360  rel‖R‖=  4.189e-04  size(V,2)=  1260
iter=   361  rel‖R‖=  4.171e-04  size(V,2)=  1680
iter=   362  rel‖R‖=  4.151e-04  size(V,2)=  2100
iter=   363  rel‖R‖=  4.127e-04  size(V,2)=  2520
iter=   364  rel‖R‖=  4.101e-04  size(V,2)=  2940
iter=   365  rel‖R‖=  4.065e-04  size(V,2)=  3360
iter=   366  rel‖R‖=  4.058e-04  size(V,2)=   840
iter=   367  rel‖R‖=  4.045e-04  size(V,2)=  1260
iter=   368  rel‖R‖=  4.026e-04  size(V,2)=  1680
iter=   369  rel‖R‖=  4.007e-04  size(V,2)=  2100
iter=   370  rel‖R‖=  3.985e-04  size(V,2)=  2520
iter=   371  rel‖R‖=  3.954e-04  size(V,2)=  2940
iter=   372  rel‖R‖=  3.921e-04  size(V,2)=  3360
iter=   373  rel‖R‖=  3.914e-04  size(V,2)=   840
iter=   374  rel‖R‖=  3.899e-04  size(V,2)=  1260
iter=   375  rel‖R‖=  3.882e-04  size(V,2)=  1680
iter=   376  rel‖R‖=  3.863e-04  size(V,2)=  2100
iter=   377  rel‖R‖=  3.842e-04  size(V,2)=  2520
iter=   378  rel‖R‖=  3.817e-04  size(V,2)=  2940
iter=   379  rel‖R‖=  3.782e-04  size(V,2)=  3360
iter=   380  rel‖R‖=  3.774e-04  size(V,2)=   840
iter=   381  rel‖R‖=  3.761e-04  size(V,2)=  1260
iter=   382  rel‖R‖=  3.745e-04  size(V,2)=  1680
iter=   383  rel‖R‖=  3.727e-04  size(V,2)=  2100
iter=   384  rel‖R‖=  3.705e-04  size(V,2)=  2520
iter=   385  rel‖R‖=  3.682e-04  size(V,2)=  2940
iter=   386  rel‖R‖=  3.649e-04  size(V,2)=  3360
iter=   387  rel‖R‖=  3.641e-04  size(V,2)=   840
iter=   388  rel‖R‖=  3.628e-04  size(V,2)=  1260
iter=   389  rel‖R‖=  3.612e-04  size(V,2)=  1680
iter=   390  rel‖R‖=  3.595e-04  size(V,2)=  2100
iter=   391  rel‖R‖=  3.572e-04  size(V,2)=  2520
iter=   392  rel‖R‖=  3.547e-04  size(V,2)=  2940
iter=   393  rel‖R‖=  3.517e-04  size(V,2)=  3360
iter=   394  rel‖R‖=  3.510e-04  size(V,2)=   840
iter=   395  rel‖R‖=  3.497e-04  size(V,2)=  1260
iter=   396  rel‖R‖=  3.482e-04  size(V,2)=  1680
iter=   397  rel‖R‖=  3.464e-04  size(V,2)=  2100
iter=   398  rel‖R‖=  3.446e-04  size(V,2)=  2520
iter=   399  rel‖R‖=  3.422e-04  size(V,2)=  2940
iter=   400  rel‖R‖=  3.389e-04  size(V,2)=  3360
iter=   401  rel‖R‖=  3.383e-04  size(V,2)=   840
iter=   402  rel‖R‖=  3.371e-04  size(V,2)=  1260
iter=   403  rel‖R‖=  3.356e-04  size(V,2)=  1680
iter=   404  rel‖R‖=  3.339e-04  size(V,2)=  2100
iter=   405  rel‖R‖=  3.318e-04  size(V,2)=  2520
iter=   406  rel‖R‖=  3.297e-04  size(V,2)=  2940
iter=   407  rel‖R‖=  3.273e-04  size(V,2)=  3360
iter=   408  rel‖R‖=  3.268e-04  size(V,2)=   840
iter=   409  rel‖R‖=  3.255e-04  size(V,2)=  1260
iter=   410  rel‖R‖=  3.240e-04  size(V,2)=  1680
iter=   411  rel‖R‖=  3.224e-04  size(V,2)=  2100
iter=   412  rel‖R‖=  3.205e-04  size(V,2)=  2520
iter=   413  rel‖R‖=  3.183e-04  size(V,2)=  2940
iter=   414  rel‖R‖=  3.151e-04  size(V,2)=  3360
iter=   415  rel‖R‖=  3.143e-04  size(V,2)=   840
iter=   416  rel‖R‖=  3.131e-04  size(V,2)=  1260
iter=   417  rel‖R‖=  3.119e-04  size(V,2)=  1680
iter=   418  rel‖R‖=  3.103e-04  size(V,2)=  2100
iter=   419  rel‖R‖=  3.087e-04  size(V,2)=  2520
iter=   420  rel‖R‖=  3.067e-04  size(V,2)=  2940
iter=   421  rel‖R‖=  3.038e-04  size(V,2)=  3360
iter=   422  rel‖R‖=  3.032e-04  size(V,2)=   840
iter=   423  rel‖R‖=  3.022e-04  size(V,2)=  1260
iter=   424  rel‖R‖=  3.007e-04  size(V,2)=  1680
iter=   425  rel‖R‖=  2.991e-04  size(V,2)=  2100
iter=   426  rel‖R‖=  2.975e-04  size(V,2)=  2520
iter=   427  rel‖R‖=  2.952e-04  size(V,2)=  2940
iter=   428  rel‖R‖=  2.921e-04  size(V,2)=  3360
iter=   429  rel‖R‖=  2.915e-04  size(V,2)=   840
iter=   430  rel‖R‖=  2.902e-04  size(V,2)=  1260
iter=   431  rel‖R‖=  2.889e-04  size(V,2)=  1680
iter=   432  rel‖R‖=  2.874e-04  size(V,2)=  2100
iter=   433  rel‖R‖=  2.860e-04  size(V,2)=  2520
iter=   434  rel‖R‖=  2.840e-04  size(V,2)=  2940
iter=   435  rel‖R‖=  2.815e-04  size(V,2)=  3360
iter=   436  rel‖R‖=  2.810e-04  size(V,2)=   840
iter=   437  rel‖R‖=  2.798e-04  size(V,2)=  1260
iter=   438  rel‖R‖=  2.786e-04  size(V,2)=  1680
iter=   439  rel‖R‖=  2.773e-04  size(V,2)=  2100
iter=   440  rel‖R‖=  2.757e-04  size(V,2)=  2520
iter=   441  rel‖R‖=  2.740e-04  size(V,2)=  2940
iter=   442  rel‖R‖=  2.716e-04  size(V,2)=  3360
iter=   443  rel‖R‖=  2.712e-04  size(V,2)=   840
iter=   444  rel‖R‖=  2.701e-04  size(V,2)=  1260
iter=   445  rel‖R‖=  2.690e-04  size(V,2)=  1680
iter=   446  rel‖R‖=  2.675e-04  size(V,2)=  2100
iter=   447  rel‖R‖=  2.661e-04  size(V,2)=  2520
iter=   448  rel‖R‖=  2.643e-04  size(V,2)=  2940
iter=   449  rel‖R‖=  2.607e-04  size(V,2)=  3360
iter=   450  rel‖R‖=  2.601e-04  size(V,2)=   840
iter=   451  rel‖R‖=  2.590e-04  size(V,2)=  1260
iter=   452  rel‖R‖=  2.580e-04  size(V,2)=  1680
iter=   453  rel‖R‖=  2.565e-04  size(V,2)=  2100
iter=   454  rel‖R‖=  2.550e-04  size(V,2)=  2520
iter=   455  rel‖R‖=  2.533e-04  size(V,2)=  2940
iter=   456  rel‖R‖=  2.509e-04  size(V,2)=  3360
iter=   457  rel‖R‖=  2.505e-04  size(V,2)=   840
iter=   458  rel‖R‖=  2.495e-04  size(V,2)=  1260
iter=   459  rel‖R‖=  2.485e-04  size(V,2)=  1680
iter=   460  rel‖R‖=  2.472e-04  size(V,2)=  2100
iter=   461  rel‖R‖=  2.460e-04  size(V,2)=  2520
iter=   462  rel‖R‖=  2.446e-04  size(V,2)=  2940
iter=   463  rel‖R‖=  2.428e-04  size(V,2)=  3360
iter=   464  rel‖R‖=  2.424e-04  size(V,2)=   840
iter=   465  rel‖R‖=  2.416e-04  size(V,2)=  1260
iter=   466  rel‖R‖=  2.406e-04  size(V,2)=  1680
iter=   467  rel‖R‖=  2.394e-04  size(V,2)=  2100
iter=   468  rel‖R‖=  2.381e-04  size(V,2)=  2520
iter=   469  rel‖R‖=  2.367e-04  size(V,2)=  2940
iter=   470  rel‖R‖=  2.352e-04  size(V,2)=  3360
iter=   471  rel‖R‖=  2.348e-04  size(V,2)=   840
iter=   472  rel‖R‖=  2.339e-04  size(V,2)=  1260
iter=   473  rel‖R‖=  2.330e-04  size(V,2)=  1680
iter=   474  rel‖R‖=  2.318e-04  size(V,2)=  2100
iter=   475  rel‖R‖=  2.305e-04  size(V,2)=  2520
iter=   476  rel‖R‖=  2.289e-04  size(V,2)=  2940
iter=   477  rel‖R‖=  2.262e-04  size(V,2)=  3360
iter=   478  rel‖R‖=  2.257e-04  size(V,2)=   840
iter=   479  rel‖R‖=  2.249e-04  size(V,2)=  1260
iter=   480  rel‖R‖=  2.239e-04  size(V,2)=  1680
iter=   481  rel‖R‖=  2.227e-04  size(V,2)=  2100
iter=   482  rel‖R‖=  2.214e-04  size(V,2)=  2520
iter=   483  rel‖R‖=  2.200e-04  size(V,2)=  2940
iter=   484  rel‖R‖=  2.182e-04  size(V,2)=  3360
iter=   485  rel‖R‖=  2.177e-04  size(V,2)=   840
iter=   486  rel‖R‖=  2.169e-04  size(V,2)=  1260
iter=   487  rel‖R‖=  2.159e-04  size(V,2)=  1680
iter=   488  rel‖R‖=  2.148e-04  size(V,2)=  2100
iter=   489  rel‖R‖=  2.138e-04  size(V,2)=  2520
iter=   490  rel‖R‖=  2.126e-04  size(V,2)=  2940
iter=   491  rel‖R‖=  2.114e-04  size(V,2)=  3360
iter=   492  rel‖R‖=  2.111e-04  size(V,2)=   840
iter=   493  rel‖R‖=  2.104e-04  size(V,2)=  1260
iter=   494  rel‖R‖=  2.096e-04  size(V,2)=  1680
iter=   495  rel‖R‖=  2.086e-04  size(V,2)=  2100
iter=   496  rel‖R‖=  2.075e-04  size(V,2)=  2520
iter=   497  rel‖R‖=  2.063e-04  size(V,2)=  2940
iter=   498  rel‖R‖=  2.045e-04  size(V,2)=  3360
iter=   499  rel‖R‖=  2.041e-04  size(V,2)=   840
iter=   500  rel‖R‖=  2.034e-04  size(V,2)=  1260
iter=   501  rel‖R‖=  2.025e-04  size(V,2)=  1680
iter=   502  rel‖R‖=  2.015e-04  size(V,2)=  2100
iter=   503  rel‖R‖=  2.004e-04  size(V,2)=  2520
iter=   504  rel‖R‖=  1.990e-04  size(V,2)=  2940
iter=   505  rel‖R‖=  1.974e-04  size(V,2)=  3360
iter=   506  rel‖R‖=  1.970e-04  size(V,2)=   840
iter=   507  rel‖R‖=  1.963e-04  size(V,2)=  1260
iter=   508  rel‖R‖=  1.954e-04  size(V,2)=  1680
iter=   509  rel‖R‖=  1.945e-04  size(V,2)=  2100
iter=   510  rel‖R‖=  1.934e-04  size(V,2)=  2520
iter=   511  rel‖R‖=  1.921e-04  size(V,2)=  2940
iter=   512  rel‖R‖=  1.907e-04  size(V,2)=  3360
iter=   513  rel‖R‖=  1.903e-04  size(V,2)=   840
iter=   514  rel‖R‖=  1.896e-04  size(V,2)=  1260
iter=   515  rel‖R‖=  1.888e-04  size(V,2)=  1680
iter=   516  rel‖R‖=  1.880e-04  size(V,2)=  2100
iter=   517  rel‖R‖=  1.870e-04  size(V,2)=  2520
iter=   518  rel‖R‖=  1.860e-04  size(V,2)=  2940
iter=   519  rel‖R‖=  1.845e-04  size(V,2)=  3360
iter=   520  rel‖R‖=  1.841e-04  size(V,2)=   840
iter=   521  rel‖R‖=  1.834e-04  size(V,2)=  1260
iter=   522  rel‖R‖=  1.827e-04  size(V,2)=  1680
iter=   523  rel‖R‖=  1.818e-04  size(V,2)=  2100
iter=   524  rel‖R‖=  1.809e-04  size(V,2)=  2520
iter=   525  rel‖R‖=  1.799e-04  size(V,2)=  2940
iter=   526  rel‖R‖=  1.788e-04  size(V,2)=  3360
iter=   527  rel‖R‖=  1.785e-04  size(V,2)=   840
iter=   528  rel‖R‖=  1.778e-04  size(V,2)=  1260
iter=   529  rel‖R‖=  1.771e-04  size(V,2)=  1680
iter=   530  rel‖R‖=  1.764e-04  size(V,2)=  2100
iter=   531  rel‖R‖=  1.755e-04  size(V,2)=  2520
iter=   532  rel‖R‖=  1.744e-04  size(V,2)=  2940
iter=   533  rel‖R‖=  1.735e-04  size(V,2)=  3360
iter=   534  rel‖R‖=  1.732e-04  size(V,2)=   840
iter=   535  rel‖R‖=  1.726e-04  size(V,2)=  1260
iter=   536  rel‖R‖=  1.719e-04  size(V,2)=  1680
iter=   537  rel‖R‖=  1.712e-04  size(V,2)=  2100
iter=   538  rel‖R‖=  1.703e-04  size(V,2)=  2520
iter=   539  rel‖R‖=  1.694e-04  size(V,2)=  2940
iter=   540  rel‖R‖=  1.685e-04  size(V,2)=  3360
iter=   541  rel‖R‖=  1.682e-04  size(V,2)=   840
iter=   542  rel‖R‖=  1.676e-04  size(V,2)=  1260
iter=   543  rel‖R‖=  1.670e-04  size(V,2)=  1680
iter=   544  rel‖R‖=  1.662e-04  size(V,2)=  2100
iter=   545  rel‖R‖=  1.653e-04  size(V,2)=  2520
iter=   546  rel‖R‖=  1.642e-04  size(V,2)=  2940
iter=   547  rel‖R‖=  1.629e-04  size(V,2)=  3360
iter=   548  rel‖R‖=  1.625e-04  size(V,2)=   840
iter=   549  rel‖R‖=  1.619e-04  size(V,2)=  1260
iter=   550  rel‖R‖=  1.612e-04  size(V,2)=  1680
iter=   551  rel‖R‖=  1.604e-04  size(V,2)=  2100
iter=   552  rel‖R‖=  1.596e-04  size(V,2)=  2520
iter=   553  rel‖R‖=  1.583e-04  size(V,2)=  2940
iter=   554  rel‖R‖=  1.562e-04  size(V,2)=  3360
iter=   555  rel‖R‖=  1.558e-04  size(V,2)=   840
iter=   556  rel‖R‖=  1.551e-04  size(V,2)=  1260
iter=   557  rel‖R‖=  1.545e-04  size(V,2)=  1680
iter=   558  rel‖R‖=  1.538e-04  size(V,2)=  2100
iter=   559  rel‖R‖=  1.530e-04  size(V,2)=  2520
iter=   560  rel‖R‖=  1.522e-04  size(V,2)=  2940
iter=   561  rel‖R‖=  1.513e-04  size(V,2)=  3360
iter=   562  rel‖R‖=  1.510e-04  size(V,2)=   840
iter=   563  rel‖R‖=  1.505e-04  size(V,2)=  1260
iter=   564  rel‖R‖=  1.500e-04  size(V,2)=  1680
iter=   565  rel‖R‖=  1.494e-04  size(V,2)=  2100
iter=   566  rel‖R‖=  1.488e-04  size(V,2)=  2520
iter=   567  rel‖R‖=  1.479e-04  size(V,2)=  2940
iter=   568  rel‖R‖=  1.466e-04  size(V,2)=  3360
iter=   569  rel‖R‖=  1.462e-04  size(V,2)=   840
iter=   570  rel‖R‖=  1.457e-04  size(V,2)=  1260
iter=   571  rel‖R‖=  1.451e-04  size(V,2)=  1680
iter=   572  rel‖R‖=  1.444e-04  size(V,2)=  2100
iter=   573  rel‖R‖=  1.437e-04  size(V,2)=  2520
iter=   574  rel‖R‖=  1.427e-04  size(V,2)=  2940
iter=   575  rel‖R‖=  1.418e-04  size(V,2)=  3360
iter=   576  rel‖R‖=  1.415e-04  size(V,2)=   840
iter=   577  rel‖R‖=  1.410e-04  size(V,2)=  1260
iter=   578  rel‖R‖=  1.404e-04  size(V,2)=  1680
iter=   579  rel‖R‖=  1.398e-04  size(V,2)=  2100
iter=   580  rel‖R‖=  1.391e-04  size(V,2)=  2520
iter=   581  rel‖R‖=  1.383e-04  size(V,2)=  2940
iter=   582  rel‖R‖=  1.376e-04  size(V,2)=  3360
iter=   583  rel‖R‖=  1.374e-04  size(V,2)=   840
iter=   584  rel‖R‖=  1.369e-04  size(V,2)=  1260
iter=   585  rel‖R‖=  1.363e-04  size(V,2)=  1680
iter=   586  rel‖R‖=  1.357e-04  size(V,2)=  2100
iter=   587  rel‖R‖=  1.351e-04  size(V,2)=  2520
iter=   588  rel‖R‖=  1.344e-04  size(V,2)=  2940
iter=   589  rel‖R‖=  1.335e-04  size(V,2)=  3360
iter=   590  rel‖R‖=  1.333e-04  size(V,2)=   840
iter=   591  rel‖R‖=  1.328e-04  size(V,2)=  1260
iter=   592  rel‖R‖=  1.323e-04  size(V,2)=  1680
iter=   593  rel‖R‖=  1.317e-04  size(V,2)=  2100
iter=   594  rel‖R‖=  1.311e-04  size(V,2)=  2520
iter=   595  rel‖R‖=  1.304e-04  size(V,2)=  2940
iter=   596  rel‖R‖=  1.297e-04  size(V,2)=  3360
iter=   597  rel‖R‖=  1.294e-04  size(V,2)=   840
iter=   598  rel‖R‖=  1.290e-04  size(V,2)=  1260
iter=   599  rel‖R‖=  1.285e-04  size(V,2)=  1680
iter=   600  rel‖R‖=  1.280e-04  size(V,2)=  2100
iter=   601  rel‖R‖=  1.275e-04  size(V,2)=  2520
iter=   602  rel‖R‖=  1.268e-04  size(V,2)=  2940
iter=   603  rel‖R‖=  1.262e-04  size(V,2)=  3360
iter=   604  rel‖R‖=  1.259e-04  size(V,2)=   840
iter=   605  rel‖R‖=  1.255e-04  size(V,2)=  1260
iter=   606  rel‖R‖=  1.250e-04  size(V,2)=  1680
iter=   607  rel‖R‖=  1.245e-04  size(V,2)=  2100
iter=   608  rel‖R‖=  1.238e-04  size(V,2)=  2520
iter=   609  rel‖R‖=  1.231e-04  size(V,2)=  2940
iter=   610  rel‖R‖=  1.223e-04  size(V,2)=  3360
iter=   611  rel‖R‖=  1.220e-04  size(V,2)=   840
iter=   612  rel‖R‖=  1.216e-04  size(V,2)=  1260
iter=   613  rel‖R‖=  1.211e-04  size(V,2)=  1680
iter=   614  rel‖R‖=  1.206e-04  size(V,2)=  2100
iter=   615  rel‖R‖=  1.201e-04  size(V,2)=  2520
iter=   616  rel‖R‖=  1.195e-04  size(V,2)=  2940
iter=   617  rel‖R‖=  1.190e-04  size(V,2)=  3360
iter=   618  rel‖R‖=  1.188e-04  size(V,2)=   840
iter=   619  rel‖R‖=  1.184e-04  size(V,2)=  1260
iter=   620  rel‖R‖=  1.179e-04  size(V,2)=  1680
iter=   621  rel‖R‖=  1.174e-04  size(V,2)=  2100
iter=   622  rel‖R‖=  1.169e-04  size(V,2)=  2520
iter=   623  rel‖R‖=  1.163e-04  size(V,2)=  2940
iter=   624  rel‖R‖=  1.158e-04  size(V,2)=  3360
iter=   625  rel‖R‖=  1.155e-04  size(V,2)=   840
iter=   626  rel‖R‖=  1.151e-04  size(V,2)=  1260
iter=   627  rel‖R‖=  1.147e-04  size(V,2)=  1680
iter=   628  rel‖R‖=  1.142e-04  size(V,2)=  2100
iter=   629  rel‖R‖=  1.136e-04  size(V,2)=  2520
iter=   630  rel‖R‖=  1.131e-04  size(V,2)=  2940
iter=   631  rel‖R‖=  1.124e-04  size(V,2)=  3360
iter=   632  rel‖R‖=  1.122e-04  size(V,2)=   840
iter=   633  rel‖R‖=  1.118e-04  size(V,2)=  1260
iter=   634  rel‖R‖=  1.114e-04  size(V,2)=  1680
iter=   635  rel‖R‖=  1.109e-04  size(V,2)=  2100
iter=   636  rel‖R‖=  1.104e-04  size(V,2)=  2520
iter=   637  rel‖R‖=  1.098e-04  size(V,2)=  2940
iter=   638  rel‖R‖=  1.092e-04  size(V,2)=  3360
iter=   639  rel‖R‖=  1.090e-04  size(V,2)=   840
iter=   640  rel‖R‖=  1.086e-04  size(V,2)=  1260
iter=   641  rel‖R‖=  1.083e-04  size(V,2)=  1680
iter=   642  rel‖R‖=  1.078e-04  size(V,2)=  2100
iter=   643  rel‖R‖=  1.073e-04  size(V,2)=  2520
iter=   644  rel‖R‖=  1.068e-04  size(V,2)=  2940
iter=   645  rel‖R‖=  1.062e-04  size(V,2)=  3360
iter=   646  rel‖R‖=  1.060e-04  size(V,2)=   840
iter=   647  rel‖R‖=  1.057e-04  size(V,2)=  1260
iter=   648  rel‖R‖=  1.053e-04  size(V,2)=  1680
iter=   649  rel‖R‖=  1.049e-04  size(V,2)=  2100
iter=   650  rel‖R‖=  1.044e-04  size(V,2)=  2520
iter=   651  rel‖R‖=  1.040e-04  size(V,2)=  2940
iter=   652  rel‖R‖=  1.035e-04  size(V,2)=  3360
iter=   653  rel‖R‖=  1.033e-04  size(V,2)=   840
iter=   654  rel‖R‖=  1.029e-04  size(V,2)=  1260
iter=   655  rel‖R‖=  1.025e-04  size(V,2)=  1680
iter=   656  rel‖R‖=  1.020e-04  size(V,2)=  2100
iter=   657  rel‖R‖=  1.015e-04  size(V,2)=  2520
iter=   658  rel‖R‖=  1.008e-04  size(V,2)=  2940
iter=   659  rel‖R‖=  1.002e-04  size(V,2)=  3360
iter=   660  rel‖R‖=  9.996e-05  size(V,2)=   840
iter=   661  rel‖R‖=  9.960e-05  size(V,2)=  1260
iter=   662  rel‖R‖=  9.923e-05  size(V,2)=  1680
iter=   663  rel‖R‖=  9.877e-05  size(V,2)=  2100
iter=   664  rel‖R‖=  9.833e-05  size(V,2)=  2520
iter=   665  rel‖R‖=  9.791e-05  size(V,2)=  2940
iter=   666  rel‖R‖=  9.742e-05  size(V,2)=  3360
iter=   667  rel‖R‖=  9.721e-05  size(V,2)=   840
iter=   668  rel‖R‖=  9.691e-05  size(V,2)=  1260
iter=   669  rel‖R‖=  9.650e-05  size(V,2)=  1680
iter=   670  rel‖R‖=  9.614e-05  size(V,2)=  2100
iter=   671  rel‖R‖=  9.574e-05  size(V,2)=  2520
iter=   672  rel‖R‖=  9.528e-05  size(V,2)=  2940
iter=   673  rel‖R‖=  9.498e-05  size(V,2)=  3360
iter=   674  rel‖R‖=  9.479e-05  size(V,2)=   840
iter=   675  rel‖R‖=  9.448e-05  size(V,2)=  1260
iter=   676  rel‖R‖=  9.412e-05  size(V,2)=  1680
iter=   677  rel‖R‖=  9.371e-05  size(V,2)=  2100
iter=   678  rel‖R‖=  9.322e-05  size(V,2)=  2520
iter=   679  rel‖R‖=  9.270e-05  size(V,2)=  2940
iter=   680  rel‖R‖=  9.177e-05  size(V,2)=  3360
iter=   681  rel‖R‖=  9.153e-05  size(V,2)=   840
iter=   682  rel‖R‖=  9.117e-05  size(V,2)=  1260
iter=   683  rel‖R‖=  9.078e-05  size(V,2)=  1680
iter=   684  rel‖R‖=  9.039e-05  size(V,2)=  2100
iter=   685  rel‖R‖=  9.001e-05  size(V,2)=  2520
iter=   686  rel‖R‖=  8.954e-05  size(V,2)=  2940
converged!
171391.248016 seconds (4.38 M allocations: 1.939 TiB, 0.12% gc time)
Total estimated FLOPs: 4306973843598720

Reading exact Eigenvalues...
Reading eigenvalues from ../Eigenvalues_folder/eigenres_uracil_RNDbasis.jld2

Difference between Davidson and exact eigenvalues:
1×420 adjoint(::Vector{Float64}) with eltype Float64:
 0.0  -3.55271e-15  7.10543e-15  1.06581e-14  3.55271e-15  1.06581e-14  -1.06581e-14  1.42109e-14  0.0  -1.42109e-14  -1.42109e-14  3.55271e-15  -7.10543e-15  3.55271e-15  -5.32907e-15  3.55271e-15  -1.77636e-15  8.88178e-15  -1.77636e-15  -5.32907e-15  1.77636e-15  3.55271e-15  -1.77636e-15  -8.88178e-15  8.88178e-15  7.10543e-15  -1.77636e-15  5.32907e-15  1.77636e-15  -1.77636e-15  5.32907e-15  -8.88178e-15  -7.10543e-15  -1.77636e-15  8.88178e-15  -5.32907e-15  -1.59872e-14  1.77636e-15  7.10543e-15  1.77636e-15  -3.55271e-15  -7.10543e-15  1.77636e-15  1.77636e-15  6.21725e-15  5.32907e-15  3.55271e-15  -6.21725e-15  -1.77636e-15  -1.77636e-15  1.77636e-15  -8.88178e-16  -7.10543e-15  8.88178e-15  -3.55271e-15  3.55271e-15  6.21725e-15  -8.88178e-16  3.55271e-15  2.66454e-15  -1.77636e-15  4.44089e-15  -6.21725e-15  8.88178e-16  5.32907e-15  -8.88178e-16  1.77636e-15  1.33227e-14  3.55271e-15  -6.21725e-15  -1.77636e-15  3.55271e-15  -1.77636e-15  2.66454e-15  -5.32907e-15  -2.66454e-15  2.66454e-15  5.32907e-15  -2.66454e-15  1.77636e-15  -3.55271e-15  -2.66454e-15  4.44089e-15  2.66454e-15  4.44089e-15  1.77636e-15  4.44089e-15  7.10543e-15  -4.44089e-15  9.76996e-15  -8.88178e-16  8.88178e-16  5.32907e-15  -3.9968e-15  -1.19904e-14  -6.66134e-15  -5.77316e-15  -8.88178e-16  -1.37668e-14  -8.43769e-15  -4.44089e-15  9.76996e-15  0.0  1.06581e-14  -2.22045e-15  -3.10862e-15  3.10862e-15  -8.88178e-16  9.32587e-15  1.33227e-15  -4.44089e-16  -1.28786e-14  3.55271e-15  4.88498e-15  -1.19904e-14  -1.06581e-14  -2.22045e-15  1.64313e-14  -1.33227e-14  9.32587e-15  7.54952e-15  1.77636e-15  -3.10862e-15  -1.37668e-14  -3.10862e-15  6.21725e-15  1.37668e-14  -3.55271e-15  8.88178e-16  6.66134e-15  -1.28786e-14  -1.11022e-14  -2.66454e-15  -1.46549e-14  3.9968e-15  1.64313e-14  -4.44089e-15  8.43769e-15  -6.21725e-15  -1.06581e-14  6.21725e-15  2.22045e-15  6.21725e-15  7.99361e-15  9.32587e-15  6.66134e-15  5.32907e-15  -7.54952e-15  -4.44089e-15  1.33227e-14  -6.21725e-15  -8.43769e-15  -7.10543e-15  2.22045e-15  2.22045e-15  6.66134e-15  3.55271e-15  4.88498e-15  -5.77316e-15  1.33227e-14  -3.55271e-15  -1.68754e-14  1.82077e-14  -9.76996e-15  1.02141e-14  -7.99361e-15  -7.54952e-15  -2.66454e-15  3.9968e-15  -1.46549e-14  4.88498e-15  -7.10543e-15  -9.32587e-15  3.10862e-15  -3.10862e-15  -2.04281e-14  4.44089e-15  -1.19904e-14  1.77636e-15  1.06581e-14  -2.22045e-14  7.10543e-15  8.43769e-15  6.21725e-15  -1.59872e-14  3.55271e-15  1.06581e-14  -6.66134e-15  3.10862e-15  1.42109e-14  -1.24345e-14  -1.06581e-14  3.55271e-15  -1.64313e-14  8.88178e-16  -4.44089e-15  -1.64313e-14  -1.19904e-14  -4.44089e-15  -2.22045e-15  -4.88498e-15  -1.55431e-14  4.44089e-16  -4.44089e-15  7.54952e-15  9.32587e-15  -5.32907e-15  1.64313e-14  -1.64313e-14  -1.15463e-14  4.88498e-15  -1.95399e-14  -3.10862e-15  -3.55271e-15  7.54952e-15  -8.88178e-15  -8.88178e-16  0.0  2.66454e-14  -2.22045e-15  -1.82077e-14  -1.06581e-14  -2.66454e-15  3.9968e-15  1.08802e-14  -7.77156e-15  -5.10703e-15  1.4877e-14  -5.77316e-15  7.32747e-15  -4.44089e-16  -1.08802e-14  -1.11022e-14  -7.77156e-15  2.81997e-14  6.66134e-15  3.77476e-15  -1.35447e-14  -1.77636e-15  2.55351e-14  -2.22045e-16  9.76996e-15  8.88178e-16  3.33067e-15  1.33227e-14  1.4877e-14  7.32747e-15  3.55271e-15  4.66294e-15  -2.28706e-14  9.54792e-15  -9.32587e-15  -4.66294e-15  1.28786e-14  -7.54952e-15  -1.08802e-14  -5.77316e-15  8.88178e-16  1.5099e-14  4.44089e-15  -7.54952e-15  2.9976e-14  7.99361e-15  -1.44329e-14  1.57652e-14  4.66294e-15  -2.22045e-15  -1.11022e-14  1.9984e-15  1.82077e-14  -8.21565e-15  3.10862e-15  8.88178e-15  -2.10942e-14  1.73195e-14  -8.43769e-15  4.44089e-15  1.86517e-14  1.35447e-14  9.99201e-15  1.06581e-14  3.13083e-14  -3.77476e-15  -2.19824e-14  1.02141e-14  -7.32747e-15  -9.76996e-15  6.66134e-15  2.37588e-14  -2.26485e-14  -5.9952e-15  1.59872e-14  2.19824e-14  1.02141e-14  5.32907e-15  -1.73195e-14  -1.24345e-14  -2.66454e-14  3.55271e-15  -1.24345e-14  4.44089e-16  1.9984e-15  1.55431e-14  1.02141e-14  1.9984e-15  2.44249e-15  4.21885e-15  2.70894e-14  2.9754e-14  -7.54952e-15  1.46549e-14  -9.76996e-15  -1.70974e-14  1.17684e-14  -6.88338e-15  1.26565e-14  -4.21885e-15  2.66454e-15  -1.4877e-14  -1.04361e-14  7.10543e-15  -1.73195e-14  -1.75415e-14  8.65974e-15  1.11022e-15  4.44089e-16  -1.77636e-15  9.54792e-15  -2.9754e-14  -1.11022e-14  -6.66134e-16  2.22045e-15  2.17604e-14  -2.77556e-14  3.55271e-15  2.15383e-14  -3.10862e-14  1.13243e-14  -4.44089e-15  2.88658e-15  -3.44169e-14  -1.26565e-14  1.02141e-14  -1.77636e-14  9.54792e-15  1.26565e-14  -1.33227e-14  7.32747e-15  -1.79856e-14  1.53211e-14  -1.46549e-14  1.70974e-14  7.54952e-15  -3.86358e-14  2.88658e-15  -1.82077e-14  -3.10862e-15  9.32587e-15  2.22045e-16  -7.10543e-15  -1.11022e-14  3.93019e-14  -3.10862e-15  3.4861e-14  3.93019e-14  -1.11022e-14  3.9968e-14  -1.75415e-14  -2.84217e-14  2.08722e-14  -1.82077e-14  2.22045e-16  -3.28626e-14  1.55431e-14  -6.88338e-15  -1.22125e-14  9.99201e-15  2.88658e-14  8.43769e-15  -1.33227e-15  -4.21885e-15  -1.84297e-14  1.11022e-14  9.54792e-15  -3.15303e-14  3.44169e-14  -3.5083e-14  -2.08722e-14  -4.10783e-14  1.24345e-14  -6.88338e-15  -3.9968e-14  -6.01741e-14  -1.79132e-8  -1.04532e-10  -3.73915e-10  -1.83416e-11  -8.93015e-10  -3.01512e-9  -2.88407e-11  -5.95768e-12  -8.05467e-12  -2.99027e-12  -2.16116e-12  -4.2077e-11  -1.65252e-11  -4.61431e-12  -6.67399e-12  -2.73337e-12  -1.28251e-11  -8.49298e-11  -5.04892e-11  -1.0021e-7  -1.44122e-7  -7.32635e-7  -1.65156e-7  -3.15695e-7  -7.03249e-7  -6.56605e-6  -3.27788e-6
420 Eigenvalues converges, out of 420 requested.
Finished processing molecule: uracil
