Processing molecule: 1
Running with beta = 20
Running with l = 100
read CWNO_final_tilde.dat
Starting Davidson with n_aux = 320, l_buffer = 110, lc = 100, thresh = 0.0001, max_iter = 100
Iter 1: V_size = 32, Converged = 0, ‖r‖ (smallest λ) = 1.8853078665253227
Iter 2: V_size = 64, Converged = 0, ‖r‖ (smallest λ) = 0.11215552846940426
Iter 3: V_size = 128, Converged = 0, ‖r‖ (smallest λ) = 0.0016825267128772233
Iter 4: V_size = 238, Converged = 0, ‖r‖ (smallest λ) = 3.964883215050974e-6
Iter 5: V_size = 220, Converged = 0, ‖r‖ (smallest λ) = 1.858161710836053e-8
Iter 6: V_size = 212, Converged = 4, ‖r‖ (smallest λ) = 2.1998508814054095e-10
Iter 7: V_size = 318, Converged = 4, ‖r‖ (smallest λ) = 4.537013240176316e-9
Iter 8: V_size = 212, Converged = 4, ‖r‖ (smallest λ) = 1.0295013824281404e-10
Iter 9: V_size = 281, Converged = 41, ‖r‖ (smallest λ) = 3.69405374784737e-12
Hybrid Davidson-JD corrections at iteration 10
Total MINRES iterations: 410
Iter 10: V_size = 138, Converged = 41, ‖r‖ (smallest λ) = 0.43474684860932644
Hybrid Davidson-JD corrections at iteration 11
Total MINRES iterations: 525
Iter 11: V_size = 207, Converged = 41, ‖r‖ (smallest λ) = 3.3608147846482385e-8
Hybrid Davidson-JD corrections at iteration 12
Total MINRES iterations: 525
Iter 12: V_size = 276, Converged = 41, ‖r‖ (smallest λ) = 4.2555484859950805e-9
Hybrid Davidson-JD corrections at iteration 13
Total MINRES iterations: 525
Iter 13: V_size = 307, Converged = 79, ‖r‖ (smallest λ) = 3.374351374679659e-10
Hybrid Davidson-JD corrections at iteration 14
Total MINRES iterations: 470
Iter 14: V_size = 62, Converged = 79, ‖r‖ (smallest λ) = 3.676371015591554
Hybrid Davidson-JD corrections at iteration 15
Total MINRES iterations: 445
Iter 15: V_size = 93, Converged = 79, ‖r‖ (smallest λ) = 0.12422833758555932
Hybrid Davidson-JD corrections at iteration 16
Total MINRES iterations: 432
Iter 16: V_size = 124, Converged = 79, ‖r‖ (smallest λ) = 0.032463741265137944
Hybrid Davidson-JD corrections at iteration 17
Total MINRES iterations: 272
Iter 17: V_size = 155, Converged = 79, ‖r‖ (smallest λ) = 0.01942456632851196
Hybrid Davidson-JD corrections at iteration 18
Total MINRES iterations: 49
Iter 18: V_size = 186, Converged = 79, ‖r‖ (smallest λ) = 0.0008544540309441169
Hybrid Davidson-JD corrections at iteration 19
Total MINRES iterations: 0
Iter 19: V_size = 217, Converged = 79, ‖r‖ (smallest λ) = 0.0002519168684351075
Hybrid Davidson-JD corrections at iteration 20
Total MINRES iterations: 0
Iter 20: V_size = 248, Converged = 79, ‖r‖ (smallest λ) = 0.00010764345401625623
Hybrid Davidson-JD corrections at iteration 21
Total MINRES iterations: 0
Iter 21: V_size = 279, Converged = 79, ‖r‖ (smallest λ) = 5.202138535106679e-5
Hybrid Davidson-JD corrections at iteration 22
Total MINRES iterations: 0
Iter 22: V_size = 309, Converged = 80, ‖r‖ (smallest λ) = 1.8466396201757135e-5
Hybrid Davidson-JD corrections at iteration 23
Total MINRES iterations: 35
Iter 23: V_size = 58, Converged = 81, ‖r‖ (smallest λ) = 4.3592306794490364e-6
Hybrid Davidson-JD corrections at iteration 24
Total MINRES iterations: 0
Iter 24: V_size = 87, Converged = 81, ‖r‖ (smallest λ) = 2.163077226415133e-6
Hybrid Davidson-JD corrections at iteration 25
Total MINRES iterations: 0
Iter 25: V_size = 116, Converged = 81, ‖r‖ (smallest λ) = 9.735188184887568e-7
Converged all required eigenvalues.
1079.647272 seconds (6.21 M allocations: 438.397 GiB, 0.18% gc time, 0.04% compilation time)
Number of FLOPs: 23985531908028

Reading exact Eigenvalues...
Reading eigenvalues from ./CWNO_final_tilde_results.jld2

Compute the difference between computed and exact eigenvalues:
1×100 adjoint(::Vector{Float64}) with eltype Float64:
 1.24345e-14  1.77636e-15  7.10543e-15  -1.77636e-15  1.02141e-14  -2.22045e-15  4.44089e-16  -3.10862e-15  -3.10862e-15  7.99361e-15  -3.55271e-15  5.77316e-15  1.02141e-14  -4.44089e-16  0.0  8.88178e-16  1.33227e-15  -2.22045e-15  1.33227e-15  4.44089e-16  2.44249e-15  4.44089e-16  0.0  -3.10862e-15  -1.77636e-15  -5.26246e-14  4.44089e-16  -1.77636e-15  1.11022e-15  -1.11022e-15  -2.22045e-15  -8.88178e-16  -1.06581e-14  -8.88178e-15  -1.4011e-13  -5.50671e-14  -2.84217e-14  -2.95319e-14  -2.66454e-15  -6.44818e-13  -8.67528e-13  8.88178e-16  -1.33227e-15  -3.76366e-13  -8.88178e-16  1.77636e-15  -2.22045e-16  1.33227e-15  4.44089e-16  -6.66134e-16  -4.44089e-16  -7.77156e-15  6.66134e-16  1.11022e-15  2.22045e-16  -2.22045e-16  -4.44089e-16  1.77636e-15  1.9984e-15  2.88658e-15  -4.66294e-15  -1.15463e-14  -2.37588e-14  -1.51212e-13  -2.95319e-14  -2.30704e-13  -1.78746e-13  -7.99361e-14  -3.55271e-15  -8.59313e-14  -3.30824e-12  -1.47882e-12  -9.00058e-13  -1.25011e-13  -2.56795e-12  -3.31213e-12  -5.55622e-12  -1.01771e-11  -5.58675e-12  -3.05317e-11  -1.5197e-10  -4.87166e-13  -1.61648e-12  -2.7609e-12  -2.01061e-13  -3.32567e-12  -2.79904e-11  -2.62435e-11  -1.76524e-11  -3.48451e-11  -9.35063e-12  -2.22471e-11  -9.70657e-11  -3.3895e-11  -5.22354e-11  -5.18982e-11  -5.84743e-11  -6.64683e-10  -6.61718e-11  -1.27853e-9
100 Eigenvalues converges, out of 100 requested.
Running with l = 500
read CWNO_final_tilde.dat
Starting Davidson with n_aux = 1000, l_buffer = 550, lc = 502, thresh = 0.0002, max_iter = 100
Iter 1: V_size = 100, Converged = 0, ‖r‖ (smallest λ) = 0.9028993790990167
Iter 2: V_size = 200, Converged = 0, ‖r‖ (smallest λ) = 0.008996060301326653
Iter 3: V_size = 400, Converged = 0, ‖r‖ (smallest λ) = 3.2048506095880145e-5
Iter 4: V_size = 800, Converged = 0, ‖r‖ (smallest λ) = 5.588535420172602e-8
Iter 5: V_size = 1000, Converged = 1, ‖r‖ (smallest λ) = 6.64283714780596e-11
Iter 6: V_size = 1000, Converged = 1, ‖r‖ (smallest λ) = 7.391153037869926e-12
Iter 7: V_size = 1000, Converged = 1, ‖r‖ (smallest λ) = 4.477877627746981e-14
Iter 8: V_size = 672, Converged = 214, ‖r‖ (smallest λ) = 9.734843977668489e-15
Iter 9: V_size = 672, Converged = 214, ‖r‖ (smallest λ) = 6.359828456345156e-7
Hybrid Davidson-JD corrections at iteration 10
Total MINRES iterations: 7
Iter 10: V_size = 672, Converged = 214, ‖r‖ (smallest λ) = 1.0267262174025679e-7
Hybrid Davidson-JD corrections at iteration 11
Total MINRES iterations: 11
Iter 11: V_size = 778, Converged = 444, ‖r‖ (smallest λ) = 1.7878010843888112e-8
Hybrid Davidson-JD corrections at iteration 12
Total MINRES iterations: 1395
Iter 12: V_size = 884, Converged = 444, ‖r‖ (smallest λ) = 3.3715055430634577
Hybrid Davidson-JD corrections at iteration 13
Total MINRES iterations: 0
Iter 13: V_size = 990, Converged = 444, ‖r‖ (smallest λ) = 7.161221130048668e-6
Hybrid Davidson-JD corrections at iteration 14
Total MINRES iterations: 0
Iter 14: V_size = 212, Converged = 444, ‖r‖ (smallest λ) = 1.208480213587144e-6
Hybrid Davidson-JD corrections at iteration 15
Total MINRES iterations: 0
Iter 15: V_size = 264, Converged = 498, ‖r‖ (smallest λ) = 2.786050624128553e-7
Hybrid Davidson-JD corrections at iteration 16
Total MINRES iterations: 49
Iter 16: V_size = 316, Converged = 498, ‖r‖ (smallest λ) = 1.262458289596153
Hybrid Davidson-JD corrections at iteration 17
Total MINRES iterations: 0
Iter 17: V_size = 368, Converged = 498, ‖r‖ (smallest λ) = 7.624869198753699e-6
Hybrid Davidson-JD corrections at iteration 18
Total MINRES iterations: 0
Iter 18: V_size = 420, Converged = 498, ‖r‖ (smallest λ) = 4.669413276277169e-6
Converged all required eigenvalues.
1359.779917 seconds (64.29 M allocations: 4.711 TiB, 1.08% gc time)
Number of FLOPs: 34308287496531

Reading exact Eigenvalues...
Reading eigenvalues from ./CWNO_final_tilde_results.jld2

Compute the difference between computed and exact eigenvalues:
1×500 adjoint(::Vector{Float64}) with eltype Float64:
 1.77636e-15  5.32907e-15  1.24345e-14  1.77636e-15  1.5099e-14  -4.44089e-16  2.66454e-15  -4.44089e-15  -3.55271e-15  5.32907e-15  -3.9968e-15  6.21725e-15  6.21725e-15  0.0  -1.33227e-15  4.44089e-16  3.10862e-15  -8.88178e-16  1.77636e-15  -1.55431e-15  8.88178e-16  -1.77636e-15  8.88178e-16  4.44089e-16  2.88658e-15  -1.11022e-15  8.88178e-16  -8.88178e-16  3.77476e-15  8.88178e-16  1.9984e-15  2.22045e-15  -2.66454e-15  1.33227e-15  -2.88658e-15  2.44249e-15  4.44089e-15  1.11022e-15  -1.9984e-15  -1.11022e-15  2.88658e-15  -4.44089e-16  -2.66454e-15  -1.77636e-15  -4.44089e-16  8.88178e-16  4.44089e-16  3.33067e-15  1.33227e-15  1.11022e-15  8.88178e-16  -8.88178e-16  2.44249e-15  4.44089e-16  -2.22045e-16  1.33227e-15  -1.33227e-15  2.22045e-15  3.10862e-15  6.21725e-15  -2.88658e-15  4.44089e-16  -6.66134e-16  2.22045e-16  -6.66134e-16  4.44089e-16  -2.22045e-16  1.11022e-15  -4.44089e-16  8.88178e-16  7.77156e-16  1.66533e-15  2.22045e-16  2.55351e-15  7.77156e-16  -8.88178e-16  -5.55112e-16  1.9984e-15  -4.44089e-16  -1.11022e-15  3.33067e-16  1.33227e-15  -3.33067e-16  -3.33067e-16  2.22045e-16  1.44329e-15  -5.55112e-16  9.99201e-16  1.11022e-16  8.88178e-16  -7.77156e-16  2.22045e-16  0.0  8.88178e-16  -1.66533e-15  -2.22045e-16  -8.88178e-16  0.0  -1.22125e-15  4.44089e-16  -2.88658e-15  -1.9984e-15  -4.44089e-16  -8.88178e-16  -1.66533e-15  -1.33227e-15  -3.66374e-15  -1.9984e-15  -1.44329e-15  -5.32907e-15  -5.77316e-15  -8.88178e-16  -1.29896e-14  -6.99441e-15  -4.77396e-15  -4.996e-15  -3.66374e-15  -1.5099e-14  -3.9968e-15  -1.74305e-14  -2.60902e-14  -2.63123e-14  -3.03091e-14  -4.77396e-15  -2.4647e-14  -2.81997e-14  -3.14193e-14  -2.62013e-14  -1.18794e-14  -1.59872e-14  -4.28546e-14  -4.4853e-14  -2.72005e-14  -1.56097e-13  -8.77076e-14  -9.54792e-15  -1.84186e-13  -1.41998e-13  -8.99281e-15  -7.9714e-14  -8.68194e-14  -1.98064e-13  -1.94178e-13  -1.06026e-12  -2.39253e-13  -3.40394e-13  -1.26343e-13  -1.22014e-13  -5.6366e-13  -5.77538e-13  -4.19553e-13  -1.29452e-13  -3.41394e-13  -6.30385e-13  -8.27116e-14  -6.02962e-13  -6.20726e-13  -5.95968e-13  -8.20677e-13  -4.97602e-13  -6.93334e-13  -1.32327e-12  -1.66167e-12  -2.7065e-12  -1.56963e-12  -2.76446e-13  -2.52354e-12  -2.57705e-12  -3.16525e-13  -1.4142e-12  -3.11584e-12  -3.98637e-12  -2.65654e-12  -5.02653e-12  -3.46345e-12  -5.50904e-12  -4.14502e-12  -1.12454e-12  -7.72882e-12  -5.40712e-12  -3.46861e-12  -4.75048e-12  -1.5421e-12  -2.77067e-12  -1.00247e-11  -8.65724e-12  -1.96419e-11  -3.1341e-12  -1.45093e-11  -9.80654e-12  -2.40863e-11  -1.19807e-11  -1.43672e-11  -6.77486e-12  -1.03203e-11  -1.48176e-11  -8.34888e-12  -3.90626e-11  -3.77793e-11  -9.99201e-16  -1.4988e-15  -3.48495e-11  -2.09498e-11  -4.37539e-11  -2.66454e-15  -1.42905e-11  -8.31363e-12  -2.77556e-15  -4.42433e-11  -2.34778e-11  -3.47374e-11  -2.19921e-11  -5.16095e-11  -6.07738e-11  -7.43849e-15  -4.05231e-15  -9.27036e-15  -2.09773e-11  -6.16174e-15  -6.32827e-15  -4.00657e-11  -6.82787e-15  -6.27276e-15  -1.30451e-14  -3.63802e-11  -3.83027e-15  -6.27276e-15  -6.38378e-15  -1.03251e-14  -9.4369e-15  -7.54952e-15  -1.38223e-14  -1.37113e-14  -1.58207e-14  -9.4369e-15  -8.27116e-15  -5.77316e-15  -2.06501e-14  -1.02696e-14  -1.12688e-14  -5.14588e-14  -2.78666e-14  -1.51268e-13  -3.07532e-14  -1.31561e-14  -1.57097e-14  -4.34652e-14  -4.67959e-14  -5.07927e-14  -6.60583e-14  -1.33782e-14  -5.52336e-14  -4.99045e-14  -2.34812e-14  -1.12133e-13  -4.69624e-14  -7.89924e-14  -1.15907e-13  -1.03084e-13  -1.98619e-13  -9.09273e-14  -8.72635e-14  -1.69038e-10  -1.67533e-13  -1.43552e-13  -1.74527e-13  -4.5014e-13  -3.40727e-13  -2.10887e-13  -2.31037e-13  -4.34652e-13  -2.41807e-13  -7.34968e-14  -4.73621e-13  -3.64819e-13  -1.17145e-12  -6.11511e-13  -5.10203e-13  -2.38698e-13  -9.59011e-13  -9.27702e-13  -3.73923e-13  -9.45022e-13  -5.29243e-13  -1.22952e-12  -1.14886e-12  -1.19282e-12  -1.7632e-12  -8.39162e-13  -7.11764e-13  -2.15072e-12  -1.64613e-12  -9.1066e-13  -4.01112e-12  -3.64464e-12  -2.49545e-12  -2.26791e-12  -4.87599e-12  -1.00964e-12  -3.73718e-12  -3.88467e-12  -8.00493e-12  -2.13501e-12  -1.66073e-12  -8.38624e-12  -6.40077e-12  -5.08188e-12  -8.10602e-12  -5.74396e-12  -5.53801e-12  -1.06581e-11  -3.33877e-12  -7.52071e-12  -5.86914e-12  -1.39366e-11  -1.38228e-11  -6.77863e-12  -2.87952e-11  -1.69287e-11  -4.80141e-11  -2.91684e-11  -4.61818e-11  -3.13393e-11  -2.2621e-11  -5.22349e-12  -4.6732e-11  -3.29777e-11  -5.58567e-11  -4.93119e-11  -6.10732e-11  -6.20411e-11  -9.99298e-11  -3.24163e-11  -7.72671e-11  -1.68772e-10  -8.77018e-11  -9.63947e-11  -1.36695e-10  -8.60524e-11  -1.16029e-10  -1.41713e-10  -3.42505e-10  -2.05873e-10  -1.21088e-10  -1.96045e-10  -2.02449e-10  -1.2028e-10  -5.69601e-10  -5.7276e-10  -1.92012e-10  -5.10796e-10  -4.06173e-10  -5.43794e-10  -2.22684e-10  -1.70248e-10  -2.95016e-10  -2.73836e-10  -6.62717e-10  -5.35439e-10  -9.46858e-10  -1.03049e-9  -1.07613e-9  -6.69225e-10  -8.23279e-10  -6.34261e-10  -5.52627e-10  -6.0395e-10  -5.41142e-10  -1.60882e-9  -1.04094e-9  -7.35695e-10  -5.97359e-10  -1.7863e-9  -1.78555e-9  -1.4709e-9  -1.39116e-9  -8.44122e-10  -3.19617e-9  -1.41227e-9  -2.01006e-9  -2.96933e-9  -1.40098e-9  -6.52852e-9  -2.18402e-9  -1.21395e-9  -2.7188e-9  -2.63828e-9  -2.19619e-9  -3.3804e-9  -2.55952e-9  -3.00174e-9  -6.59709e-9  -2.79229e-9  -2.63462e-9  -3.42429e-9  -2.48154e-9  -4.03816e-9  -4.67185e-9  -7.74355e-9  -1.98832e-9  -4.04943e-9  -3.41144e-9  -5.30573e-9  -8.2122e-9  -4.1373e-9  -6.97213e-9  -6.67454e-9  -7.8414e-9  -9.41585e-9  -7.64097e-9  -5.81202e-13  -1.14756e-8  -9.48237e-9  -1.01763e-8  -1.18419e-12  -1.13189e-8  -1.15373e-8  -2.21253e-8  -1.70658e-12  -1.48145e-8  -5.16525e-8  -1.81069e-12  -1.96226e-12  -1.78563e-8  -2.15661e-12  -3.51019e-12  -3.65766e-12  -3.63958e-8  -3.20563e-8  -4.91455e-8  -1.13062e-11  -2.98585e-8  -2.11826e-8  -2.17051e-12  -4.77312e-8  -3.19691e-8  -1.97255e-8  -7.60758e-12  -4.10853e-8  -4.24614e-8  -3.08753e-8  -4.18875e-11  -5.25439e-8  -2.2029e-11  -7.11186e-8  -1.08861e-7  -7.50431e-8  -1.33394e-7  -5.58239e-8  -4.06592e-8  -4.84953e-8  -1.42968e-7  -3.34398e-11  -3.48285e-10  -2.19157e-10  -1.39066e-7  -1.33467e-7  -1.37107e-11  -1.16285e-10  -1.81654e-10  -1.27473e-7  -1.58846e-7  -1.64601e-10  -1.23712e-10  -8.80151e-11  -2.42579e-10  -1.41365e-7  -1.9796e-10  -1.6227e-10  -9.48717e-11  -1.99634e-10  -2.41289e-10  -3.07049e-10  -1.83123e-10  -2.53408e-10  -3.26436e-10  -3.36905e-10  -5.66508e-10  -4.17626e-10  -1.17728e-9  -4.65428e-10  -8.19073e-10  -7.35481e-10  -1.48132e-9  -3.64265e-10  -7.99029e-10  -2.35053e-9  -9.7689e-10  -1.40261e-10  -1.24019e-9  -2.77885e-9  -1.47107e-9  -1.58657e-9  -9.73174e-10  -2.93499e-10  -3.19163e-10  -2.52733e-9  -2.23502e-9  -5.90759e-10  -2.38253e-10
500 Eigenvalues converges, out of 500 requested.
Running with l = 1000
read CWNO_final_tilde.dat
Starting Davidson with n_aux = 2000, l_buffer = 1100, lc = 1005, thresh = 0.00030000000000000003, max_iter = 100
Iter 1: V_size = 200, Converged = 0, ‖r‖ (smallest λ) = 0.4440134307255606
Iter 2: V_size = 400, Converged = 0, ‖r‖ (smallest λ) = 0.0017899522653019562
Iter 3: V_size = 800, Converged = 0, ‖r‖ (smallest λ) = 2.5508627167443906e-6
Iter 4: V_size = 1600, Converged = 0, ‖r‖ (smallest λ) = 2.3746891334442145e-9
Iter 5: V_size = 2000, Converged = 8, ‖r‖ (smallest λ) = 1.0421925480384893e-12
Iter 6: V_size = 2000, Converged = 8, ‖r‖ (smallest λ) = 1.0738261091988589e-11
Iter 7: V_size = 2000, Converged = 8, ‖r‖ (smallest λ) = 6.573824949624451e-14
Iter 8: V_size = 1008, Converged = 596, ‖r‖ (smallest λ) = 8.086837672041869e-15
Iter 9: V_size = 1512, Converged = 596, ‖r‖ (smallest λ) = 1.8276552090303212e-6
Hybrid Davidson-JD corrections at iteration 10
Total MINRES iterations: 0
Iter 10: V_size = 1008, Converged = 596, ‖r‖ (smallest λ) = 1.194644483602554e-7
Hybrid Davidson-JD corrections at iteration 11
Total MINRES iterations: 0
Iter 11: V_size = 1165, Converged = 943, ‖r‖ (smallest λ) = 1.3556509718212574e-8
Hybrid Davidson-JD corrections at iteration 12
Total MINRES iterations: 1459
Iter 12: V_size = 1322, Converged = 943, ‖r‖ (smallest λ) = 2.2490243654654654
Hybrid Davidson-JD corrections at iteration 13
Total MINRES iterations: 0
Iter 13: V_size = 1479, Converged = 943, ‖r‖ (smallest λ) = 9.684861049259244e-6
Hybrid Davidson-JD corrections at iteration 14
Total MINRES iterations: 0
Iter 14: V_size = 1636, Converged = 943, ‖r‖ (smallest λ) = 3.593877520584221e-6
Converged all required eigenvalues.
2489.548287 seconds (209.84 M allocations: 15.404 TiB, 1.63% gc time)
Number of FLOPs: 58281119446266

Reading exact Eigenvalues...
Reading eigenvalues from ./CWNO_final_tilde_results.jld2

Compute the difference between computed and exact eigenvalues:
1×1000 adjoint(::Vector{Float64}) with eltype Float64:
 5.32907e-15  1.77636e-15  1.06581e-14  1.77636e-15  1.42109e-14  8.88178e-16  1.77636e-15  -4.44089e-15  -5.77316e-15  3.10862e-15  -4.44089e-15  4.44089e-15  9.76996e-15  -8.88178e-16  8.88178e-16  0.0  -8.88178e-16  -2.22045e-15  3.10862e-15  -4.44089e-16  1.11022e-15  -6.66134e-16  8.88178e-16  -4.44089e-16  1.77636e-15  1.11022e-15  1.55431e-15  -5.32907e-15  2.44249e-15  -6.66134e-16  -1.33227e-15  8.88178e-16  -2.22045e-16  -2.22045e-16  -3.9968e-15  3.10862e-15  3.9968e-15  2.66454e-15  -1.11022e-15  8.88178e-16  2.22045e-16  -2.22045e-16  1.11022e-15  -1.33227e-15  -1.11022e-15  -6.66134e-16  -1.77636e-15  1.9984e-15  1.11022e-15  4.44089e-16  0.0  8.88178e-16  1.33227e-15  1.33227e-15  4.44089e-16  8.88178e-16  0.0  1.55431e-15  6.66134e-16  3.77476e-15  -1.33227e-15  -4.44089e-16  4.44089e-16  8.88178e-16  4.44089e-16  -8.88178e-16  4.44089e-16  1.9984e-15  1.11022e-15  8.88178e-16  7.77156e-16  1.44329e-15  2.22045e-16  1.88738e-15  -1.88738e-15  2.22045e-16  -7.77156e-16  1.11022e-15  -2.22045e-16  -2.22045e-16  1.22125e-15  -2.22045e-16  1.11022e-16  -1.11022e-16  -2.22045e-16  1.88738e-15  3.33067e-16  -1.11022e-16  -5.55112e-16  -6.66134e-16  3.33067e-16  8.88178e-16  0.0  4.44089e-16  2.10942e-15  -4.44089e-16  6.66134e-16  4.44089e-16  5.55112e-16  6.66134e-16  -1.55431e-15  0.0  4.44089e-16  8.88178e-16  1.11022e-16  -6.66134e-16  -1.66533e-15  4.44089e-16  3.33067e-16  8.88178e-16  0.0  -1.11022e-15  1.11022e-16  3.33067e-16  -3.33067e-16  -7.77156e-16  1.11022e-16  0.0  -6.66134e-16  -1.11022e-16  5.55112e-16  5.55112e-16  9.99201e-16  3.33067e-16  0.0  0.0  3.33067e-16  4.44089e-16  -1.11022e-16  -4.44089e-16  2.22045e-16  0.0  3.33067e-16  0.0  -2.22045e-16  4.44089e-16  -3.33067e-16  1.11022e-16  9.99201e-16  6.66134e-16  -2.22045e-16  2.22045e-16  3.33067e-16  -2.22045e-16  -7.77156e-16  8.88178e-16  0.0  -7.77156e-16  3.33067e-16  4.44089e-16  -1.11022e-16  1.33227e-15  9.99201e-16  4.44089e-16  1.11022e-16  5.55112e-16  5.55112e-16  0.0  -2.22045e-16  2.22045e-16  -3.33067e-16  -3.33067e-16  7.77156e-16  -6.66134e-16  1.11022e-15  2.22045e-16  -4.44089e-16  -2.22045e-16  -3.33067e-16  0.0  1.11022e-16  6.66134e-16  -6.66134e-16  -1.11022e-16  8.88178e-16  3.33067e-16  -1.11022e-16  3.33067e-16  5.55112e-16  3.33067e-16  3.88578e-16  0.0  -1.11022e-15  3.33067e-16  -3.33067e-16  -5.55112e-17  -2.77556e-16  2.22045e-16  4.44089e-16  -2.22045e-16  9.4369e-16  1.66533e-16  0.0  -2.22045e-16  -3.33067e-16  7.21645e-16  -4.996e-16  1.66533e-16  3.88578e-16  0.0  -1.11022e-16  -6.66134e-16  3.33067e-16  1.11022e-16  7.21645e-16  1.66533e-16  4.996e-16  3.88578e-16  2.77556e-16  1.66533e-16  3.88578e-16  5.55112e-16  3.88578e-16  3.33067e-16  3.88578e-16  7.77156e-16  3.88578e-16  5.55112e-16  5.55112e-16  -2.77556e-16  0.0  -2.22045e-16  3.33067e-16  -4.44089e-16  -1.66533e-16  0.0  6.66134e-16  -2.22045e-16  -2.77556e-16  5.55112e-17  0.0  -5.55112e-17  -7.77156e-16  -7.77156e-16  0.0  -6.66134e-16  -4.996e-16  5.55112e-17  -3.33067e-16  9.4369e-16  -6.66134e-16  4.996e-16  -3.33067e-16  -3.33067e-16  6.66134e-16  5.55112e-17  -1.11022e-16  9.4369e-16  2.22045e-16  -4.996e-16  -1.11022e-16  -4.44089e-16  -2.77556e-16  0.0  -5.55112e-17  -7.77156e-16  -4.996e-16  1.66533e-16  -4.996e-16  -8.88178e-16  -1.11022e-16  -4.996e-16  3.33067e-16  -1.22125e-15  -5.55112e-16  -3.33067e-16  -9.99201e-16  -2.77556e-16  -1.66533e-16  -1.66533e-15  -4.44089e-16  -1.11022e-15  -6.66134e-16  -1.11022e-15  -9.4369e-16  -1.60982e-15  -9.99201e-16  -1.11022e-15  -5.55112e-16  -1.44329e-15  -2.66454e-15  -1.33227e-15  -1.55431e-15  -1.27676e-15  -1.38778e-15  -1.55431e-15  -2.94209e-15  -1.94289e-15  -2.22045e-15  -1.11022e-15  -2.88658e-15  -3.10862e-15  -1.22125e-15  -8.43769e-15  -1.88738e-15  -2.9976e-15  -3.94129e-15  -3.16414e-15  -1.11022e-15  -4.82947e-15  -5.32907e-15  -8.04912e-15  -2.94209e-15  -4.38538e-15  -7.38298e-15  -7.32747e-15  -4.94049e-15  -5.82867e-15  -9.76996e-15  -3.38618e-15  -3.33067e-15  -3.33067e-15  -9.49241e-15  -1.28786e-14  -7.99361e-15  -5.44009e-15  -7.54952e-15  -1.38223e-14  -1.30451e-14  -2.13718e-14  -1.92069e-14  -4.05787e-14  -1.5099e-14  -1.16573e-14  -2.55351e-15  -2.52021e-14  -2.29261e-14  -1.4877e-14  -1.78746e-14  -1.73195e-14  -2.69784e-14  -2.65343e-14  -1.39888e-14  -4.74065e-14  -4.96825e-14  -3.23075e-14  -4.80727e-14  -3.19189e-14  -1.37668e-14  -3.74145e-14  -3.44724e-14  -3.59712e-14  -3.45279e-14  -2.12608e-14  -2.77001e-14  -3.57492e-14  -3.07532e-14  -1.76192e-13  -8.12683e-14  -7.12763e-14  -8.97615e-14  -7.89924e-14  -2.68063e-13  -4.25215e-14  -6.04516e-14  -6.34492e-14  -3.55271e-14  -8.42659e-14  -8.90399e-14  -9.49796e-14  -1.24178e-13  -1.18405e-13  -1.26399e-13  -1.87184e-13  -2.45359e-13  -1.30174e-13  -1.85629e-13  -6.95e-14  -3.52718e-13  -1.31839e-13  -1.60316e-13  -1.8241e-13  -2.9643e-13  -2.57849e-13  -1.37612e-13  -1.16851e-13  -1.48659e-13  -3.09086e-13  -2.83551e-13  -3.17135e-13  -3.64375e-13  -2.81331e-13  -4.60187e-13  -2.25681e-13  -2.61291e-13  -4.58605e-13  -2.33258e-13  -2.34174e-13  -6.52089e-13  -4.93411e-13  -6.07875e-13  -4.07424e-13  -3.40727e-13  -2.84134e-13  -2.53075e-13  -4.30184e-13  -9.70335e-13  -6.02157e-13  -1.88127e-12  -4.76508e-13  -7.27945e-13  -6.80733e-13  -4.05509e-13  -6.63608e-13  -8.43769e-13  -6.60222e-13  -7.59615e-13  -1.37784e-12  -1.0649e-12  -5.90333e-13  -3.06913e-12  -7.57006e-13  -1.1337e-12  -1.07783e-12  -1.71024e-12  -1.45897e-12  -1.19094e-12  -2.22525e-12  -1.83786e-12  -8.64142e-13  -3.11989e-12  -2.20404e-12  -1.75812e-12  -6.56003e-13  -2.70586e-12  -1.56922e-12  -2.95167e-12  -3.24357e-12  -2.86934e-12  -3.08706e-12  -2.40927e-12  -2.18039e-12  -3.3529e-12  -4.35649e-12  -1.83289e-12  -3.31207e-12  -2.47477e-12  -1.77949e-12  -3.50617e-12  -3.95961e-12  -3.74384e-12  -2.95025e-12  -2.81153e-12  -1.02101e-11  -3.08764e-12  -4.14738e-12  -6.61446e-12  -2.84581e-12  -4.29515e-12  -5.43202e-12  -2.92902e-12  -5.62803e-12  -6.50638e-12  -6.55323e-12  -9.78811e-12  -6.28769e-12  -6.43252e-12  -6.08957e-12  -1.3623e-11  -7.51502e-12  -5.51401e-12  -5.31639e-12  -1.05944e-11  -9.99176e-12  -9.04701e-12  -9.33323e-12  -8.6825e-12  -9.25535e-12  -5.06323e-12  -4.45349e-12  -1.23793e-11  -1.82931e-11  -1.40563e-11  -6.86576e-12  -1.1446e-11  -6.96398e-12  -1.12209e-11  -1.3491e-11  -1.28616e-11  -2.26993e-11  -1.35008e-11  -1.61917e-11  -1.42854e-11  -2.00301e-11  -1.00173e-11  -2.15694e-11  -3.28224e-11  -1.82499e-11  -3.86325e-11  -2.39182e-11  -1.95179e-11  -2.30594e-11  -2.36948e-11  -1.89178e-11  -9.13524e-11  -3.08318e-11  -2.34939e-11  -2.17276e-11  -2.89732e-11  -3.85655e-11  -3.06122e-11  -2.66618e-11  -3.64458e-11  -2.8869e-11  -2.48517e-11  -2.22111e-11  -2.24939e-11  -3.40497e-11  -3.53756e-11  -7.16095e-11  -2.75009e-11  -5.41655e-11  -4.64155e-11  -4.36306e-11  -4.74781e-11  -7.98723e-11  -2.99065e-11  -8.65198e-11  -5.15846e-11  -1.6828e-10  -5.58275e-11  -4.66194e-11  -6.15389e-11  -8.85393e-11  -9.58149e-11  -4.17119e-11  -9.69748e-11  -1.08831e-10  -9.14892e-11  -1.25329e-10  -7.58134e-11  -6.73129e-11  -2.58614e-10  -1.11243e-10  -1.19675e-10  -5.84826e-11  -2.26784e-10  -1.13612e-10  -1.07311e-10  -1.14392e-10  -1.23104e-10  -1.0344e-10  -1.3087e-10  -1.51139e-10  -1.24559e-10  -2.03342e-10  -2.38797e-10  -1.37488e-10  -2.17523e-10  -1.4825e-10  -1.66253e-10  -4.35952e-10  -1.52412e-10  -3.04315e-10  -2.84619e-10  -3.86079e-10  -2.1378e-10  -1.87573e-10  -1.44329e-15  -2.22852e-10  -2.25361e-10  -3.25454e-10  -1.9206e-10  -3.57839e-10  -2.10643e-10  -4.69571e-10  -3.60722e-10  -3.26583e-10  -3.93363e-10  -2.74481e-10  -6.00164e-10  -4.12454e-10  -5.34693e-10  -4.99526e-10  -3.98086e-10  -3.63916e-10  -7.08964e-10  -7.10598e-10  -6.47918e-10  -6.54076e-10  -4.61994e-10  -5.41207e-10  -6.6661e-10  -4.13625e-10  -6.69303e-10  -6.80025e-10  -1.0263e-9  -6.9897e-10  -9.15159e-10  -5.34924e-10  -6.47865e-10  -8.17854e-10  -2.02616e-15  -8.20117e-10  -7.41966e-10  -3.21965e-15  -4.66294e-15  -5.41234e-15  -6.30052e-15  -6.71685e-15  -5.19029e-15  -5.55112e-15  -1.11539e-9  -4.996e-15  -7.66054e-15  -7.29972e-15  -6.85563e-15  -1.12956e-9  -7.27196e-15  -6.93889e-15  -1.46549e-14  -1.08079e-9  -1.01585e-14  -1.00475e-14  -5.82867e-15  -1.19627e-14  -7.02216e-15  -9.02056e-15  -1.18239e-14  -1.44607e-14  -1.16573e-14  -1.18794e-14  -1.50435e-14  -1.84852e-14  -2.18159e-14  -8.60423e-15  -1.11855e-14  -1.72362e-14  -2.38698e-14  -1.9873e-14  -1.69031e-14  -1.29896e-14  -1.89848e-14  -1.48492e-14  -2.92821e-14  -2.35367e-14  -2.32592e-14  -1.41553e-14  -2.53686e-14  -2.13718e-14  -2.9865e-14  -3.04201e-14  -2.41751e-14  -4.60465e-14  -3.43336e-14  -4.35763e-14  -5.00155e-14  -3.42226e-14  -3.48055e-14  -5.14866e-14  -5.04041e-14  -6.92779e-14  -5.06817e-14  -5.79814e-14  -1.14991e-13  -8.59313e-14  -1.59706e-13  -1.05055e-13  -8.23785e-14  -7.40241e-14  -8.61256e-14  -8.05189e-14  -7.51621e-14  -6.99441e-14  -6.70852e-14  -2.80498e-13  -1.11383e-13  -1.15824e-13  -1.29508e-13  -1.18489e-13  -1.16712e-13  -1.11355e-13  -2.3298e-13  -1.08552e-13  -9.62286e-14  -1.42358e-13  -1.9601e-13  -2.90906e-13  -2.7256e-13  -1.43052e-13  -1.49936e-13  -1.37196e-13  -3.10474e-13  -3.71037e-13  -3.46334e-13  -3.63209e-13  -2.05808e-13  -2.55018e-13  -3.21493e-13  -2.84106e-13  -5.80785e-13  -4.30961e-13  -4.71123e-13  -3.86691e-13  -3.24019e-13  -2.35201e-13  -3.62571e-13  -4.76452e-13  -3.12084e-13  -8.5093e-13  -4.96519e-13  -5.02959e-13  -5.52697e-13  -7.61641e-13  -5.9619e-13  -7.37771e-13  -6.79012e-13  -7.59892e-13  -1.31151e-12  -5.9755e-13  -8.16042e-13  -1.42777e-12  -7.23005e-13  -1.20212e-12  -1.15689e-12  -1.9693e-12  -1.3724e-12  -8.95534e-13  -7.24185e-13  -1.15169e-12  -9.9476e-13  -1.13326e-12  -1.28694e-12  -7.04187e-13  -1.23686e-12  -1.03592e-12  -1.33413e-12  -1.30133e-12  -1.79304e-12  -2.01582e-12  -1.34742e-12  -2.52902e-12  -2.53264e-12  -1.30811e-12  -3.15259e-12  -1.83835e-12  -3.15437e-12  -2.1043e-12  -1.41907e-12  -3.75641e-12  -3.52152e-12  -1.77147e-12  -2.01764e-12  -2.52631e-12  -2.83742e-12  -3.60144e-12  -3.59159e-12  -2.50924e-12  -4.40102e-12  -3.91724e-12  -4.63704e-12  -3.93227e-12  -4.13326e-12  -5.97228e-12  -6.7769e-12  -4.45687e-12  -7.50676e-12  -4.9562e-12  -6.40642e-12  -5.02931e-12  -1.07991e-11  -6.33846e-12  -6.92241e-12  -1.3665e-11  -1.22168e-11  -8.29527e-12  -5.18845e-12  -8.64665e-12  -7.16885e-12  -1.0099e-11  -1.29698e-11  -1.26201e-11  -8.32862e-12  -1.02973e-11  -7.43548e-12  -9.20977e-12  -1.03272e-11  -1.72326e-11  -1.07957e-11  -1.93376e-11  -1.51115e-11  -1.49914e-11  -1.89135e-11  -1.97568e-11  -1.12985e-11  -1.88573e-11  -1.65928e-11  -1.61764e-11  -1.90501e-11  -2.57396e-11  -3.76372e-11  -3.80104e-11  -3.02145e-11  -2.41618e-11  -2.99622e-11  -2.54087e-11  -2.01827e-11  -2.73196e-11  -3.32891e-11  -3.61304e-11  -3.2019e-11  -2.84366e-11  -4.08508e-11  -5.99026e-11  -2.82441e-11  -4.24679e-11  -2.68347e-11  -2.79755e-11  -3.11288e-11  -4.43365e-11  -4.60118e-11  -3.17884e-11  -4.26644e-11  -5.36894e-11  -6.44389e-11  -3.7312e-11  -1.06718e-10  -8.45046e-11  -6.43886e-11  -8.11434e-11  -7.43884e-11  -8.31645e-11  -8.56132e-11  -1.08561e-10  -1.02034e-10  -1.28511e-10  -7.42316e-11  -1.0088e-10  -1.37904e-10  -9.85481e-11  -1.37076e-10  -1.1361e-10  -8.60733e-11  -1.54939e-10  -1.46601e-10  -1.81977e-10  -1.00115e-10  -1.54302e-10  -1.62261e-10  -1.01028e-10  -1.37075e-10  -2.15625e-10  -1.61209e-10  -1.17194e-10  -2.43965e-10  -2.17367e-10  -2.51328e-10  -2.45183e-10  -2.7808e-10  -1.99609e-10  -1.80298e-10  -2.64537e-10  -2.37814e-10  -3.66658e-10  -2.74645e-10  -3.51229e-10  -2.95079e-10  -3.73098e-10  -2.4596e-10  -3.46013e-10  -4.09357e-10  -3.57835e-10  -3.43688e-10  -6.08584e-10  -5.399e-10  -4.30597e-10  -4.48744e-10  -4.7623e-10  -8.54187e-10  -7.28473e-10  -3.877e-10  -6.8923e-10  -5.06337e-10  -8.99267e-10  -6.45387e-10  -7.00109e-10  -9.33322e-10  -8.61947e-10  -7.43752e-10  -1.252e-9  -8.78984e-10  -1.28673e-9  -1.45861e-9  -9.25443e-10  -1.05087e-9  -1.08348e-9  -1.32602e-9  -1.40019e-9  -1.48666e-9  -2.04145e-9  -1.56942e-9  -1.41886e-9  -1.68279e-9  -1.29993e-9  -1.54671e-9  -2.46709e-9  -2.35263e-9  -2.23251e-9  -2.82866e-9  -1.49014e-9  -2.55017e-9  -2.24507e-9  -3.70378e-9  -3.84778e-9  -3.95271e-9  -2.66605e-9  -2.09035e-9  -2.96092e-9  -3.04308e-9  -2.83386e-9  -3.16362e-9  -4.08823e-9  -3.87648e-9  -4.28274e-9  -4.82366e-9  -3.85662e-9  -5.06948e-9  -6.27698e-9  -7.50911e-9  -4.58859e-9  -6.77369e-9  -5.18826e-9  -5.22503e-9  -5.54665e-9  -6.77192e-9  -4.90509e-9  -8.12305e-9  -6.67498e-9  -1.83942e-11  -5.72769e-9  -8.22559e-9  -9.94397e-9  -7.73311e-9  -6.46028e-9  -6.59171e-9  -8.26187e-9  -8.28404e-9  -8.56619e-9  -9.14835e-9  -1.40955e-8  -9.67214e-9  -1.41039e-8  -1.36077e-8  -1.34618e-8  -3.85055e-11  -3.66295e-11  -3.05302e-11  -4.60002e-11  -9.19559e-11  -4.43922e-11  -5.8447e-11  -4.205e-11  -7.08385e-11  -5.61378e-11  -7.7251e-11  -6.77587e-11  -9.19404e-11  -3.71171e-11  -9.61023e-11  -9.7459e-11  -1.00361e-10  -1.45493e-10  -5.61516e-11  -1.08472e-10  -1.42707e-10  -1.09788e-10  -1.39142e-10  -6.7587e-11  -2.37829e-10  -1.5618e-10  -1.69813e-10  -1.3032e-10  -2.38507e-10  -1.38431e-10  -1.89768e-10  -6.3753e-10  -3.27952e-10  -2.6635e-10  -3.05299e-10  -5.93297e-10  -2.65752e-10  -6.22064e-10  -4.97265e-10  -8.66144e-10  -5.78608e-10  -9.63195e-10  -1.219e-9  -9.52188e-10  -6.60922e-10  -6.2727e-10  -9.51273e-10  -8.82643e-10  -6.47877e-10  -1.23515e-9  -5.95646e-10  -1.0671e-9  -1.71439e-9  -8.37242e-10  -1.18443e-9  -1.51669e-9
1000 Eigenvalues converges, out of 1000 requested.
Running with l = 2000
read CWNO_final_tilde.dat
Starting Davidson with n_aux = 4000, l_buffer = 2200, lc = 2010, thresh = 0.0004, max_iter = 100
Iter 1: V_size = 400, Converged = 0, ‖r‖ (smallest λ) = 0.17290274051870105
Iter 2: V_size = 800, Converged = 0, ‖r‖ (smallest λ) = 0.0002952785581911446
Iter 3: V_size = 1600, Converged = 0, ‖r‖ (smallest λ) = 2.489248992448015e-7
Iter 4: V_size = 3199, Converged = 1, ‖r‖ (smallest λ) = 1.0877337881745442e-10
Iter 5: V_size = 4000, Converged = 84, ‖r‖ (smallest λ) = 2.721639973213475e-13
Iter 6: V_size = 4000, Converged = 84, ‖r‖ (smallest λ) = 2.2992554136325283e-14
Iter 7: V_size = 4000, Converged = 87, ‖r‖ (smallest λ) = 1.8840416485273115e-14
Iter 8: V_size = 4000, Converged = 87, ‖r‖ (smallest λ) = 4.9728399301200005e-15
Iter 9: V_size = 4000, Converged = 89, ‖r‖ (smallest λ) = 4.15971476778605e-15
Hybrid Davidson-JD corrections at iteration 10
Total MINRES iterations: 0
Iter 10: V_size = 726, Converged = 1837, ‖r‖ (smallest λ) = 4.2711370050861254e-15
Hybrid Davidson-JD corrections at iteration 11
Total MINRES iterations: 0
Iter 11: V_size = 1089, Converged = 1837, ‖r‖ (smallest λ) = 1.1690997774526475e-5
Hybrid Davidson-JD corrections at iteration 12
Total MINRES iterations: 0
Iter 12: V_size = 1452, Converged = 1837, ‖r‖ (smallest λ) = 6.199828862258236e-6
Converged all required eigenvalues.
8289.554664 seconds (646.40 M allocations: 47.634 TiB, 1.78% gc time)
Number of FLOPs: 109106500482153

Reading exact Eigenvalues...
Reading eigenvalues from ./CWNO_final_tilde_results.jld2

Compute the difference between computed and exact eigenvalues:
1×2000 adjoint(::Vector{Float64}) with eltype Float64:
 7.10543e-15  1.77636e-15  8.88178e-15  5.32907e-15  1.15463e-14  -3.10862e-15  8.88178e-16  -4.44089e-15  -3.55271e-15  2.66454e-15  -6.66134e-15  4.44089e-15  7.10543e-15  -1.77636e-15  -4.44089e-16  -3.10862e-15  1.33227e-15  -8.88178e-16  1.77636e-15  -1.55431e-15  4.44089e-16  -1.33227e-15  1.11022e-15  -8.88178e-16  1.55431e-15  -1.55431e-15  -6.66134e-16  -6.66134e-16  4.44089e-16  -6.66134e-16  2.22045e-16  -4.44089e-16  -1.55431e-15  -4.44089e-16  -5.9952e-15  3.33067e-15  1.9984e-15  2.44249e-15  -2.88658e-15  2.88658e-15  -6.66134e-16  -8.88178e-16  -4.44089e-16  -2.22045e-15  -4.44089e-16  -4.44089e-16  6.66134e-16  1.33227e-15  0.0  4.44089e-16  4.44089e-16  -2.22045e-16  6.66134e-16  2.22045e-16  -2.22045e-16  6.66134e-16  -4.44089e-16  2.22045e-16  6.66134e-16  4.44089e-15  -3.33067e-15  -4.44089e-16  -6.66134e-16  2.22045e-16  2.22045e-16  1.33227e-15  -2.22045e-16  4.44089e-16  1.33227e-15  1.55431e-15  1.22125e-15  1.88738e-15  -6.66134e-16  1.66533e-15  -3.33067e-16  -2.22045e-16  8.88178e-16  1.77636e-15  -3.33067e-16  1.22125e-15  2.66454e-15  -4.44089e-16  1.11022e-16  -1.66533e-15  -1.11022e-16  2.55351e-15  -3.33067e-16  0.0  -2.22045e-16  1.88738e-15  9.99201e-16  2.22045e-16  -8.88178e-16  -3.33067e-16  1.22125e-15  -3.33067e-16  -3.33067e-16  -3.33067e-16  -2.22045e-16  1.9984e-15  7.77156e-16  2.22045e-16  1.11022e-16  1.11022e-16  -1.22125e-15  5.55112e-16  -2.22045e-16  2.22045e-16  -8.88178e-16  1.11022e-16  1.44329e-15  -1.22125e-15  4.44089e-16  6.66134e-16  -4.44089e-16  2.22045e-16  8.88178e-16  3.33067e-16  -3.33067e-16  4.44089e-16  8.88178e-16  4.44089e-16  -2.22045e-16  0.0  -7.77156e-16  9.99201e-16  -1.11022e-15  -3.33067e-16  -8.88178e-16  -1.11022e-16  1.66533e-15  -1.11022e-16  1.11022e-16  1.11022e-16  1.11022e-16  2.22045e-16  -1.11022e-15  2.22045e-16  -8.88178e-16  9.99201e-16  1.11022e-16  1.11022e-16  4.44089e-16  2.22045e-16  -2.22045e-16  3.33067e-16  -3.33067e-16  -1.11022e-15  -2.22045e-16  5.55112e-16  1.11022e-15  1.22125e-15  1.33227e-15  9.99201e-16  1.55431e-15  2.22045e-16  -1.11022e-16  3.33067e-16  3.33067e-16  -3.33067e-16  0.0  4.44089e-16  2.22045e-16  5.55112e-16  -1.11022e-16  3.33067e-16  1.11022e-16  -5.55112e-16  -1.11022e-16  1.11022e-16  4.44089e-16  5.55112e-16  1.11022e-16  2.22045e-16  5.55112e-16  -4.44089e-16  -4.44089e-16  0.0  2.22045e-16  -2.22045e-16  1.66533e-16  -4.44089e-16  -4.996e-16  5.55112e-17  -4.44089e-16  0.0  5.55112e-17  5.55112e-16  -5.55112e-17  -2.22045e-16  4.996e-16  -1.11022e-16  1.11022e-16  -6.10623e-16  4.996e-16  4.44089e-16  -5.55112e-16  0.0  -5.55112e-17  -5.55112e-16  -3.33067e-16  -1.11022e-16  8.32667e-16  5.55112e-16  6.66134e-16  -3.33067e-16  1.22125e-15  2.22045e-16  2.22045e-16  0.0  1.11022e-16  5.55112e-17  7.77156e-16  -2.77556e-16  -1.11022e-16  5.55112e-17  0.0  2.22045e-16  1.11022e-16  3.33067e-16  -3.88578e-16  1.66533e-16  -1.66533e-16  2.77556e-16  -2.22045e-16  2.22045e-16  3.88578e-16  3.88578e-16  6.66134e-16  -1.11022e-16  -4.44089e-16  0.0  -2.22045e-16  -2.77556e-16  -5.55112e-17  -5.55112e-17  6.66134e-16  -3.33067e-16  -6.10623e-16  4.44089e-16  -2.77556e-16  -3.33067e-16  -3.88578e-16  5.55112e-17  -5.55112e-17  -1.11022e-16  2.77556e-16  1.11022e-16  -2.77556e-16  0.0  1.66533e-16  -4.44089e-16  -1.11022e-16  -5.55112e-17  -2.22045e-16  -1.66533e-16  1.11022e-16  0.0  -2.22045e-16  1.66533e-16  -1.66533e-16  -6.66134e-16  -2.77556e-16  -1.66533e-16  -5.55112e-17  -3.88578e-16  2.22045e-16  3.33067e-16  -1.11022e-16  5.55112e-17  -5.55112e-17  1.11022e-16  3.88578e-16  -5.55112e-17  0.0  1.11022e-16  5.55112e-17  3.33067e-16  3.88578e-16  -5.55112e-17  6.66134e-16  -5.55112e-17  -1.66533e-16  0.0  -1.11022e-16  -3.88578e-16  3.33067e-16  2.22045e-16  -8.32667e-16  -3.88578e-16  -1.66533e-16  -5.55112e-17  -1.66533e-16  -4.996e-16  5.55112e-17  -3.88578e-16  -4.44089e-16  -4.44089e-16  -5.55112e-17  -1.11022e-16  -5.55112e-17  0.0  1.11022e-16  1.11022e-16  0.0  0.0  -1.11022e-16  1.11022e-16  -2.77556e-16  -2.77556e-16  1.11022e-16  5.55112e-17  0.0  -3.88578e-16  2.77556e-16  -5.55112e-17  -7.21645e-16  -3.88578e-16  0.0  -2.22045e-16  -1.66533e-16  -1.11022e-16  -1.66533e-16  5.55112e-17  2.77556e-16  2.77556e-16  -1.66533e-16  0.0  -3.88578e-16  -5.55112e-17  -1.11022e-16  -1.11022e-16  2.22045e-16  -1.11022e-16  4.44089e-16  -8.32667e-16  2.77556e-16  6.10623e-16  5.55112e-17  5.55112e-17  -3.33067e-16  1.11022e-16  1.11022e-16  -3.33067e-16  -2.22045e-16  5.55112e-17  3.33067e-16  1.66533e-16  -4.44089e-16  -5.55112e-17  -2.77556e-16  -1.11022e-16  -4.996e-16  2.77556e-16  -3.88578e-16  2.22045e-16  1.66533e-16  5.55112e-17  1.66533e-16  -5.55112e-17  -2.22045e-16  -2.22045e-16  -5.55112e-17  5.55112e-17  2.77556e-16  -1.11022e-16  1.11022e-16  1.66533e-16  1.66533e-16  -4.44089e-16  5.55112e-17  5.55112e-17  0.0  3.33067e-16  -3.33067e-16  0.0  -1.66533e-16  5.55112e-17  -4.996e-16  1.66533e-16  -1.66533e-16  -2.77556e-16  -1.66533e-16  -1.38778e-16  2.22045e-16  -2.498e-16  1.66533e-16  -1.38778e-16  -2.22045e-16  -2.498e-16  -1.38778e-16  -8.32667e-17  1.66533e-16  2.77556e-17  -3.88578e-16  3.05311e-16  1.11022e-16  -8.32667e-17  1.11022e-16  1.66533e-16  -2.77556e-17  1.66533e-16  2.22045e-16  -2.498e-16  -5.55112e-17  -2.77556e-17  1.11022e-16  5.55112e-17  -1.94289e-16  1.38778e-16  -8.32667e-17  1.11022e-16  -5.55112e-17  2.77556e-17  1.66533e-16  -1.38778e-16  -5.55112e-17  -8.32667e-17  0.0  -5.55112e-17  5.55112e-17  2.77556e-17  8.32667e-17  1.94289e-16  1.38778e-16  1.94289e-16  -2.77556e-17  3.33067e-16  -8.32667e-17  8.32667e-17  -1.38778e-16  2.77556e-17  1.94289e-16  2.77556e-17  -1.38778e-16  -5.55112e-17  -8.32667e-17  -1.38778e-16  -3.05311e-16  4.44089e-16  -1.66533e-16  1.11022e-16  0.0  8.32667e-17  -5.55112e-17  -1.94289e-16  1.38778e-16  1.38778e-16  8.32667e-17  1.94289e-16  3.60822e-16  8.32667e-17  -2.77556e-17  2.498e-16  1.11022e-16  5.55112e-17  5.55112e-17  2.22045e-16  1.11022e-16  2.77556e-17  1.94289e-16  2.498e-16  -5.55112e-17  1.94289e-16  1.38778e-16  -1.94289e-16  1.66533e-16  -8.32667e-17  1.11022e-16  3.33067e-16  1.11022e-16  -1.38778e-16  5.55112e-17  8.32667e-17  -1.38778e-16  -1.11022e-16  -1.38778e-16  -5.55112e-17  -2.498e-16  1.11022e-16  2.498e-16  5.55112e-17  -5.55112e-17  2.498e-16  0.0  1.66533e-16  2.77556e-17  -2.498e-16  8.32667e-17  1.38778e-16  1.11022e-16  -2.77556e-17  5.55112e-17  -5.55112e-17  1.38778e-16  -2.77556e-17  1.94289e-16  8.32667e-17  -1.11022e-16  1.66533e-16  -6.66134e-16  -2.77556e-17  1.38778e-16  0.0  2.77556e-17  -8.32667e-17  -5.55112e-17  1.11022e-16  1.94289e-16  5.55112e-17  2.77556e-17  2.77556e-17  1.11022e-16  2.77556e-17  1.66533e-16  0.0  -8.32667e-17  -2.77556e-17  -5.55112e-17  1.11022e-16  -1.94289e-16  5.55112e-17  -2.77556e-17  2.22045e-16  1.38778e-16  -6.66134e-16  1.11022e-16  8.32667e-17  8.32667e-17  2.77556e-17  0.0  0.0  0.0  1.66533e-16  8.32667e-17  -1.38778e-16  3.05311e-16  -5.55112e-17  5.55112e-17  8.32667e-17  1.38778e-16  -8.32667e-17  -2.77556e-17  -1.38778e-16  1.38778e-16  1.66533e-16  3.05311e-16  2.77556e-16  3.33067e-16  -4.44089e-16  2.77556e-17  1.38778e-16  1.66533e-16  3.33067e-16  -2.22045e-16  5.55112e-17  -5.55112e-17  -2.22045e-16  -2.77556e-17  -1.94289e-16  -1.66533e-16  2.77556e-17  1.94289e-16  -2.77556e-17  -1.66533e-16  1.94289e-16  -1.66533e-16  8.32667e-17  -5.55112e-17  -3.05311e-16  1.38778e-16  -5.55112e-17  -1.38778e-16  1.11022e-16  0.0  0.0  -2.77556e-17  5.55112e-17  2.22045e-16  -2.498e-16  5.55112e-17  -1.11022e-16  -8.32667e-17  2.22045e-16  1.66533e-16  8.32667e-17  -8.32667e-17  -2.77556e-17  1.66533e-16  0.0  2.22045e-16  -1.66533e-16  2.22045e-16  5.55112e-17  1.38778e-16  -8.32667e-17  8.32667e-17  2.22045e-16  1.11022e-16  8.32667e-17  5.55112e-17  8.32667e-17  8.32667e-17  -1.94289e-16  -8.32667e-17  -5.55112e-17  -5.55112e-17  8.32667e-17  2.77556e-17  1.94289e-16  1.38778e-16  1.94289e-16  1.66533e-16  8.32667e-17  -8.32667e-17  0.0  -1.11022e-16  1.66533e-16  8.32667e-17  -1.11022e-16  2.77556e-17  2.77556e-17  1.94289e-16  -8.32667e-17  -8.32667e-17  -2.77556e-17  0.0  0.0  1.38778e-16  2.77556e-17  1.66533e-16  0.0  2.77556e-17  1.66533e-16  5.55112e-17  2.77556e-17  2.77556e-17  8.32667e-17  -2.77556e-17  -1.38778e-16  2.77556e-17  -2.77556e-17  -5.55112e-17  0.0  -1.11022e-16  1.38778e-16  1.38778e-16  5.55112e-17  -8.32667e-17  1.11022e-16  -2.77556e-17  5.55112e-17  0.0  5.55112e-17  5.55112e-17  2.498e-16  8.32667e-17  1.11022e-16  1.38778e-16  1.11022e-16  -5.55112e-17  5.55112e-17  5.55112e-17  -2.77556e-17  5.55112e-17  1.38778e-16  5.55112e-17  1.11022e-16  2.77556e-17  1.11022e-16  1.11022e-16  -1.38778e-16  8.32667e-17  0.0  5.55112e-17  5.55112e-17  8.32667e-17  0.0  -2.77556e-17  -1.38778e-16  2.498e-16  1.11022e-16  -8.32667e-17  1.38778e-16  1.94289e-16  -2.77556e-17  1.66533e-16  2.77556e-17  -1.11022e-16  -2.77556e-17  1.38778e-16  -5.55112e-17  -2.77556e-17  -1.38778e-16  3.05311e-16  -8.32667e-17  1.11022e-16  -2.77556e-17  -2.498e-16  8.32667e-17  -1.66533e-16  -5.55112e-17  5.55112e-17  1.11022e-16  -1.94289e-16  -5.55112e-17  8.32667e-17  1.94289e-16  1.38778e-16  1.11022e-16  2.77556e-17  1.66533e-16  -1.38778e-17  1.11022e-16  1.66533e-16  8.32667e-17  4.16334e-17  1.249e-16  -5.55112e-17  1.38778e-17  1.52656e-16  1.80411e-16  -1.38778e-17  -9.71445e-17  1.249e-16  -2.77556e-17  1.38778e-17  8.32667e-17  0.0  6.93889e-17  -4.16334e-17  0.0  1.52656e-16  -2.22045e-16  -9.71445e-17  1.11022e-16  4.16334e-17  -1.11022e-16  -4.16334e-17  -9.71445e-17  1.52656e-16  -9.71445e-17  -4.16334e-17  -9.71445e-17  -4.16334e-17  -5.55112e-17  1.11022e-16  -1.249e-16  8.32667e-17  2.77556e-17  6.93889e-17  -2.91434e-16  -4.16334e-17  -4.16334e-17  8.32667e-17  8.32667e-17  8.32667e-17  1.38778e-17  6.93889e-17  1.38778e-17  4.16334e-17  4.16334e-17  -4.16334e-17  1.80411e-16  1.38778e-17  0.0  -6.93889e-17  2.77556e-17  1.38778e-17  9.71445e-17  -1.249e-16  0.0  -1.38778e-17  1.38778e-17  5.55112e-17  -1.38778e-17  4.16334e-17  -2.77556e-17  0.0  -4.16334e-17  -4.16334e-17  -5.55112e-17  1.38778e-17  1.38778e-17  5.55112e-17  -2.77556e-17  1.38778e-17  -2.77556e-17  0.0  -5.55112e-17  1.38778e-17  9.71445e-17  5.55112e-17  -8.32667e-17  -1.249e-16  8.32667e-17  -5.55112e-17  5.55112e-17  6.93889e-17  1.249e-16  9.71445e-17  -2.77556e-17  1.66533e-16  -1.11022e-16  5.55112e-17  -2.77556e-17  -1.80411e-16  1.11022e-16  1.249e-16  -2.77556e-17  4.16334e-17  -9.71445e-17  1.38778e-17  6.93889e-17  -8.32667e-17  -1.38778e-17  0.0  6.93889e-17  -1.249e-16  8.32667e-17  6.93889e-17  6.93889e-17  4.16334e-17  -6.93889e-17  -1.38778e-17  1.52656e-16  5.55112e-17  -1.38778e-17  1.249e-16  9.71445e-17  -1.38778e-17  1.38778e-17  1.249e-16  -2.77556e-17  1.38778e-17  -4.16334e-17  0.0  2.77556e-17  2.77556e-17  5.55112e-17  1.52656e-16  8.32667e-17  -2.77556e-17  5.55112e-17  6.93889e-17  0.0  -1.38778e-17  4.16334e-17  1.38778e-16  -9.71445e-17  -1.80411e-16  -6.93889e-17  5.55112e-17  -5.55112e-17  1.66533e-16  1.38778e-17  8.32667e-17  5.55112e-17  -4.16334e-17  0.0  -2.77556e-17  -6.93889e-17  -8.32667e-17  -5.55112e-17  -1.80411e-16  0.0  -6.93889e-17  -4.16334e-17  1.38778e-17  -1.80411e-16  -1.38778e-17  -8.32667e-17  9.71445e-17  2.77556e-17  -5.55112e-17  9.71445e-17  -1.38778e-17  9.71445e-17  9.71445e-17  2.77556e-17  4.16334e-17  6.93889e-17  4.16334e-17  -2.77556e-17  -2.77556e-17  -2.08167e-16  5.55112e-17  1.249e-16  1.38778e-17  -5.55112e-17  4.16334e-17  -2.77556e-17  -8.32667e-17  6.93889e-17  -8.32667e-17  -1.38778e-17  4.16334e-17  1.38778e-16  -6.93889e-17  0.0  -8.32667e-17  6.93889e-17  1.38778e-17  1.11022e-16  -5.55112e-17  -6.93889e-17  -4.16334e-17  6.93889e-17  -5.55112e-17  -6.93889e-17  8.32667e-17  0.0  -6.93889e-17  0.0  -9.71445e-17  8.32667e-17  -1.38778e-17  -9.71445e-17  0.0  1.38778e-17  1.249e-16  8.32667e-17  -1.80411e-16  -2.77556e-17  5.55112e-17  -6.93889e-17  2.77556e-17  -1.11022e-16  4.16334e-17  -4.16334e-17  0.0  -8.32667e-17  -1.249e-16  9.71445e-17  -1.38778e-16  4.16334e-17  1.38778e-17  2.77556e-17  4.16334e-17  1.38778e-17  -4.16334e-17  -8.32667e-17  5.55112e-17  2.77556e-17  -6.93889e-17  -2.77556e-17  -2.77556e-17  -8.32667e-17  -1.11022e-16  -9.71445e-17  -2.77556e-17  -6.93889e-17  -2.08167e-16  -1.38778e-16  0.0  -1.38778e-17  0.0  2.77556e-17  4.16334e-17  -2.77556e-16  1.52656e-16  0.0  6.93889e-17  -2.77556e-16  -9.71445e-17  -5.55112e-17  -1.38778e-16  -1.80411e-16  -2.77556e-17  -1.249e-16  -1.52656e-16  -1.38778e-17  -8.32667e-17  -1.66533e-16  6.93889e-17  -2.498e-16  -2.77556e-17  -1.38778e-16  -2.63678e-16  -1.94289e-16  -1.249e-16  -1.52656e-16  -1.11022e-16  -2.91434e-16  -2.08167e-16  -2.77556e-16  -6.93889e-17  -2.498e-16  -2.77556e-16  -2.22045e-16  -3.46945e-16  -9.71445e-17  -2.498e-16  -1.38778e-16  -5.55112e-16  -1.66533e-16  -2.22045e-16  -2.35922e-16  -2.35922e-16  -3.19189e-16  -2.498e-16  -3.05311e-16  -2.77556e-16  -3.747e-16  -2.35922e-16  -3.60822e-16  -5.13478e-16  -4.30211e-16  -2.63678e-16  -4.85723e-16  -4.57967e-16  -2.77556e-16  -3.747e-16  -3.60822e-16  -4.30211e-16  -3.19189e-16  -4.996e-16  -5.96745e-16  -3.46945e-16  -7.49401e-16  -4.71845e-16  -4.71845e-16  -5.55112e-16  -5.96745e-16  -4.02456e-16  -4.996e-16  -6.10623e-16  -6.52256e-16  -6.52256e-16  -5.82867e-16  -4.57967e-16  -4.996e-16  -4.44089e-16  -7.07767e-16  -5.27356e-16  -6.10623e-16  -5.96745e-16  -9.29812e-16  -1.20737e-15  -7.35523e-16  -1.1241e-15  -4.71845e-16  -1.09635e-15  -1.40166e-15  -1.54043e-15  -9.02056e-16  -9.29812e-16  -8.46545e-16  -8.04912e-16  -9.99201e-16  -1.13798e-15  -1.16573e-15  -1.30451e-15  -1.20737e-15  -8.88178e-16  -1.54043e-15  -9.29812e-16  -1.40166e-15  -1.58207e-15  -1.22125e-15  -1.09635e-15  -1.56819e-15  -1.44329e-15  -1.84575e-15  -2.94209e-15  -1.70697e-15  -2.06779e-15  -1.76248e-15  -1.63758e-15  -1.8735e-15  -2.26208e-15  -2.42861e-15  -2.95597e-15  -1.97065e-15  -2.7478e-15  -2.16493e-15  -3.21965e-15  -1.97065e-15  -2.98372e-15  -1.51268e-15  -3.1225e-15  -2.81719e-15  -3.06699e-15  -2.45637e-15  -2.92821e-15  -4.44089e-15  -2.05391e-15  -4.02456e-15  -3.52496e-15  -2.3731e-15  -2.65066e-15  -2.95597e-15  -2.23432e-15  -2.44249e-15  -2.60902e-15  -3.73312e-15  -4.56579e-15  -4.38538e-15  -2.42861e-15  -4.34375e-15  -5.09315e-15  -4.88498e-15  -4.26048e-15  -4.38538e-15  -4.78784e-15  -4.69069e-15  -5.70377e-15  -5.30131e-15  -7.66054e-15  -4.21885e-15  -4.16334e-15  -6.06459e-15  -6.96665e-15  -6.85563e-15  -8.21565e-15  -7.35523e-15  -6.46705e-15  -7.00828e-15  -6.21725e-15  -6.20337e-15  -7.85483e-15  -9.65894e-15  -7.93809e-15  -7.95197e-15  -1.05749e-14  -1.39055e-14  -6.1201e-15  -9.82547e-15  -6.77236e-15  -6.67522e-15  -1.04222e-14  -7.50788e-15  -8.50708e-15  -1.27398e-14  -1.23512e-14  -1.21986e-14  -1.14075e-14  -1.17129e-14  -1.33227e-14  -1.40304e-14  -1.51129e-14  -1.75138e-14  -1.52933e-14  -1.06443e-14  -2.03171e-14  -1.13798e-14  -2.07057e-14  -1.19904e-14  -1.51268e-14  -1.42247e-14  -1.39333e-14  -1.01585e-14  -1.35308e-14  -1.50158e-14  -1.83603e-14  -1.59178e-14  -1.7833e-14  -2.23571e-14  -2.31204e-14  -2.4078e-14  -2.4647e-14  -1.59872e-14  -1.34615e-14  -1.56264e-14  -3.20161e-14  -2.34257e-14  -2.06085e-14  -2.08583e-14  -2.18853e-14  -3.35704e-14  -3.89411e-14  -3.24463e-14  -2.23987e-14  -2.36616e-14  -3.44863e-14  -2.41057e-14  -3.69704e-14  -3.27516e-14  -3.5319e-14  -3.82611e-14  -3.36675e-14  -3.93574e-14  -3.3612e-14  -4.82114e-14  -4.57828e-14  -4.65739e-14  -2.85535e-14  -4.14876e-14  -3.87815e-14  -5.50601e-14  -4.64281e-14  -3.12181e-14  -6.36019e-14  -6.10484e-14  -5.70238e-14  -3.71717e-14  -4.08701e-14  -6.29288e-14  -7.48152e-14  -6.09304e-14  -6.15549e-14  -7.69315e-14  -5.30478e-14  -8.43145e-14  -7.46625e-14  -7.04437e-14  -1.10155e-13  -6.04863e-14  -7.93463e-14  -9.10799e-14  -1.0645e-13  -7.5509e-14  -7.45307e-14  -5.66908e-14  -8.71664e-14  -9.42441e-14  -1.04507e-13  -7.18939e-14  -8.18928e-14  -9.5958e-14  -9.66796e-14  -8.97268e-14  -1.2091e-13  -7.78752e-14  -7.45307e-14  -9.86641e-14  -1.3315e-13  -1.36856e-13  -9.78315e-14  -1.43163e-13  -1.12479e-13  -1.52614e-13  -1.21493e-13  -1.09454e-13  -1.37591e-13  -1.38591e-13  -1.63251e-13  -1.37744e-13  -8.51888e-14  -1.29251e-13  -1.64369e-13  -1.30826e-13  -1.15734e-13  -1.49901e-13  -1.49873e-13  -1.90362e-13  -1.24407e-13  -2.1922e-13  -1.17129e-13  -2.10054e-13  -1.68643e-13  -1.85525e-13  -2.61652e-13  -1.71703e-13  -1.88828e-13  -1.65097e-13  -1.39354e-13  -2.31551e-13  -1.84436e-13  -2.81331e-13  -2.75134e-13  -2.87007e-13  -2.92828e-13  -2.45533e-13  -2.79686e-13  -2.27068e-13  -2.2491e-13  -3.39735e-13  -3.074e-13  -3.06366e-13  -2.66807e-13  -2.38018e-13  -2.36179e-13  -3.55202e-13  -1.99382e-13  -3.33671e-13  -3.44245e-13  -3.67352e-13  -3.79335e-13  -3.27599e-13  -3.73854e-13  -3.32991e-13  -4.18401e-13  -4.06973e-13  -5.68517e-13  -3.54314e-13  -4.65038e-13  -4.8702e-13  -2.86514e-13  -4.36304e-13  -5.65874e-13  -3.24012e-13  -6.00416e-13  -5.04048e-13  -6.05252e-13  -7.584e-13  -6.50348e-13  -5.60399e-13  -4.47295e-13  -3.72147e-13  -7.79425e-13  -6.31606e-13  -9.06733e-13  -8.06695e-13  -4.11747e-13  -1.19986e-12  -1.29108e-12  -6.04322e-13  -8.47648e-13  -8.05557e-13  -6.67758e-13  -7.26662e-13  -9.37764e-13  -8.51416e-13  -6.42271e-13  -7.8279e-13  -1.07708e-12  -6.9935e-13  -8.10851e-13  -9.98521e-13  -1.0385e-12  -1.06861e-12  -7.84262e-13  -1.06172e-12  -8.81156e-13  -1.24564e-12  -1.04586e-12  -1.08472e-12  -1.19323e-12  -1.31566e-12  -1.35118e-12  -1.10688e-12  -1.12588e-12  -1.07056e-12  -1.05001e-12  -1.06653e-12  -1.04242e-12  -1.32163e-12  -1.25541e-12  -1.21884e-12  -1.37702e-12  -1.9021e-12  -1.85692e-12  -1.53171e-12  -1.9568e-12  -1.49387e-12  -1.66643e-12  -1.45681e-12  -1.98045e-12  -1.28898e-12  -1.55457e-12  -1.30949e-12  -2.56407e-12  -1.20784e-12  -1.84642e-12  -2.65686e-12  -1.94753e-12  -2.81016e-12  -2.71365e-12  -2.48204e-12  -1.9714e-12  -1.7796e-12  -2.68103e-12  -1.77026e-12  -3.3642e-12  -2.21628e-12  -3.49112e-12  -2.72608e-12  -1.66467e-12  -2.8036e-12  -3.07919e-12  -2.22924e-12  -2.36237e-12  -2.81569e-12  -3.14442e-12  -2.94371e-12  -3.1817e-12  -2.84453e-12  -4.14963e-12  -3.58972e-12  -3.68582e-12  -3.34976e-12  -3.11388e-12  -3.31681e-12  -5.4983e-12  -6.22509e-12  -4.91835e-12  -4.26519e-12  -4.66274e-12  -5.36946e-12  -5.95576e-12  -4.77395e-12  -5.23837e-12  -5.29372e-12  -5.63914e-12  -6.03213e-12  -7.38134e-12  -4.56501e-12  -4.51929e-12  -5.77693e-12  -5.751e-12  -7.86372e-12  -5.67769e-12  -3.9889e-12  -8.17502e-12  -8.25907e-12  -8.2109e-12  -7.01979e-12  -7.90868e-12  -6.52953e-12  -9.15106e-12  -9.03612e-12  -8.23579e-12  -1.11469e-11  -9.18512e-12  -7.44487e-12  -8.0624e-12  -9.42067e-12  -1.07903e-11  -6.84071e-12  -6.64884e-12  -1.11148e-11  -1.0763e-11  -9.12059e-12  -1.44842e-11  -1.22802e-11  -1.06794e-11  -1.32892e-11  -1.20147e-11  -1.01923e-11  -1.09654e-11  -1.05713e-11  -9.76767e-12  -1.67736e-11  -1.22188e-11  -1.31259e-11  -1.21494e-11  -1.69328e-11  -1.70034e-11  -1.11692e-11  -2.42568e-11  -1.8e-11  -1.22361e-11  -1.84687e-11  -1.95616e-11  -1.7446e-11  -1.50321e-11  -1.62707e-11  -1.78792e-11  -1.67634e-11  -2.24655e-11  -1.97821e-11  -2.48734e-11  -2.6504e-11  -1.90294e-11  -1.90094e-11  -2.39216e-11  -1.8549e-11  -1.95944e-11  -2.59059e-11  -2.38417e-11  -1.92969e-11  -1.55145e-11  -2.24132e-11  -2.60076e-11  -2.49123e-11  -1.61468e-11  -2.15571e-11  -2.44719e-11  -2.47185e-11  -2.87241e-11  -3.53033e-11  -3.25615e-11  -3.71092e-11  -3.26661e-11  -2.27495e-11  -2.1674e-11  -3.25167e-11  -3.55719e-11  -2.09858e-11  -3.77979e-11  -3.71722e-11  -2.7685e-11  -2.96471e-11  -4.57537e-11  -4.18615e-11  -3.95419e-11  -4.66337e-11  -3.64229e-11  -4.87917e-11  -4.4372e-11  -5.88966e-11  -3.71058e-11  -4.07572e-11  -5.69328e-11  -2.93962e-11  -4.97813e-11  -6.24561e-11  -5.22199e-11  -3.8516e-11  -7.31216e-11  -6.49459e-11  -6.45432e-11  -7.40907e-11  -7.19266e-11  -4.36146e-11  -7.17251e-11  -4.54685e-11  -6.00175e-11  -5.8862e-11  -6.71567e-11  -4.8491e-11  -6.04303e-11  -6.7849e-11  -8.33283e-11  -8.48572e-11  -9.72809e-11  -6.73366e-11  -1.14573e-10  -6.97523e-11  -7.09405e-11  -7.16608e-11  -1.10492e-10  -8.52113e-11  -7.63369e-11  -8.24541e-11  -7.6819e-11  -1.25633e-10  -1.13416e-10  -8.96903e-11  -8.61386e-11  -7.81172e-11  -8.74723e-11  -1.19263e-10  -1.16485e-10  -1.0207e-10  -7.79136e-11  -1.57387e-10  -1.01633e-10  -1.29841e-10  -2.26329e-10  -1.66441e-10  -1.60911e-10  -1.53336e-10  -1.28467e-10  -1.43368e-10  -1.25611e-10  -1.52175e-10  -1.31645e-10  -1.38445e-10  -2.70946e-10  -2.14851e-10  -2.45472e-10  -1.28354e-10  -1.43818e-10  -1.27197e-10  -1.74484e-10  -1.87301e-10  -2.07036e-10  -2.10744e-10  -2.18367e-10  -2.6633e-10  -2.1082e-10  -2.44548e-10  -1.81509e-10  -1.5355e-10  -2.26424e-10  -1.95953e-10  -3.21443e-10  -2.85414e-10  -2.87509e-10  -1.98432e-10  -2.63649e-10  -3.76235e-10  -3.49216e-10  -2.5919e-10  -4.01352e-10  -3.68946e-10  -3.65003e-10  -2.7862e-10  -3.52197e-10  -4.46732e-10  -3.07403e-10  -3.72179e-10  -3.24455e-10  -4.86279e-10  -4.53935e-10  -3.11411e-10  -3.84408e-10  -4.51887e-10  -4.33984e-10  -4.25388e-10  -5.26853e-10  -4.79579e-10  -4.0184e-10  -4.86189e-10  -3.07428e-10  -4.79901e-10  -4.86644e-10  -3.37776e-10  -4.56017e-10  -4.52582e-10  -4.38257e-10  -4.18304e-10  -6.09255e-10  -4.86789e-10  -3.67495e-10  -4.30383e-10  -5.52128e-10  -5.87963e-10  -7.28057e-10  -4.39292e-10  -6.12929e-10  -7.60713e-10  -8.74853e-10  -4.80109e-10  -7.81914e-10  -5.78747e-10  -8.42095e-10  -8.85006e-10  -8.72384e-10  -7.38425e-10  -1.00007e-9  -8.50885e-10  -8.78976e-10  -6.86418e-10  -1.11076e-9  -9.26024e-10  -1.15144e-9  -8.12787e-10  -8.20939e-10  -9.18679e-10  -6.86143e-10  -1.03341e-9  -1.10314e-9  -9.32891e-10  -9.4265e-10  -1.25057e-9  -1.40416e-9  -1.23753e-9  -8.69583e-10  -1.05336e-9  -1.17778e-9  -1.0943e-9  -1.03434e-9  -8.59869e-10  -1.03135e-9  -1.31172e-9  -9.94662e-10  -8.83753e-10  -1.01883e-9  -1.01557e-9  -1.87059e-9  -1.80022e-9  -1.3647e-9  -1.25343e-9  -1.54066e-9  -1.14706e-9  -1.38685e-9  -2.09032e-9  -1.48944e-9  -1.46019e-9  -1.49142e-9  -2.03626e-9  -1.92233e-9  -1.83858e-9  -2.10494e-9  -2.36948e-9  -1.56929e-9  -2.28897e-9  -2.16615e-9  -2.22155e-9  -2.07746e-9  -1.75194e-9  -3.26264e-9  -2.47468e-9  -2.70346e-9  -1.68494e-9  -3.08357e-9  -2.3098e-9  -3.01954e-9  -1.75775e-9  -2.57687e-9  -2.82166e-9  -2.41527e-9  -3.78998e-9  -2.57452e-9  -2.7985e-9  -1.91718e-9  -2.81052e-9  -4.51319e-9  -2.8778e-9  -3.12311e-9  -3.84561e-9  -3.338e-9  -3.53957e-9  -3.76451e-9  -2.87341e-9  -4.84475e-9  -3.28337e-9  -4.1542e-9  -3.6323e-9  -3.95026e-9  -6.0413e-9  -3.48329e-9  -4.65121e-9  -6.7748e-9  -5.09762e-9  -4.8868e-9  -3.90962e-9  -6.46309e-9  -4.49779e-9  -4.15014e-9  -4.03962e-9  -4.27433e-9  -4.82816e-9  -4.5677e-9  -4.19841e-9  -4.80392e-9  -8.99347e-9  -6.66118e-9  -6.80675e-9  -4.20289e-9  -6.57246e-9  -6.7169e-9  -5.61461e-9  -9.46779e-9  -5.02891e-9  -5.39354e-9  -6.46113e-9  -6.69996e-9  -5.38542e-9  -5.89492e-9  -9.41169e-9  -6.24661e-9  -7.17768e-9  -9.54372e-9  -9.74654e-9  -7.54273e-9  -1.02421e-8  -5.30268e-9  -7.49635e-9  -6.09079e-9  -1.06772e-8  -7.32611e-9  -6.48458e-9  -1.02779e-8  -1.12746e-8  -5.91601e-9  -1.09466e-8  -9.58308e-9  -1.07456e-8  -1.53858e-8  -7.71704e-9  -8.86759e-9  -1.15031e-8  -1.39098e-8  -1.81082e-8  -1.67809e-8  -1.40929e-8  -1.83326e-8  -1.30892e-8  -1.49016e-8  -1.64234e-8  -1.41206e-8  -1.27328e-8  -1.13337e-8  -2.01681e-8  -1.19403e-8  -1.38393e-8  -1.3222e-8  -2.06873e-8  -1.3758e-8  -1.74332e-8  -2.31059e-8  -1.79508e-8  -2.17769e-8  -1.95317e-8  -1.27786e-8  -1.88471e-8  -2.19829e-8  -1.96264e-8  -1.53137e-8  -1.82273e-8  -2.18189e-8  -3.13636e-8  -1.44252e-8  -2.64197e-8  -2.418e-8  -2.39207e-8  -2.02462e-8  -2.17652e-8  -2.5e-8  -2.73714e-8  -2.90605e-8  -2.45319e-8  -1.99297e-8  -2.82399e-8  -3.29809e-8  -2.24155e-8  -2.7407e-8  -2.85135e-8  -3.17077e-8  -3.04514e-8  -1.77562e-8  -2.99772e-8  -3.4992e-8  -2.90946e-8  -3.94043e-8  -2.45098e-8  -2.36424e-8  -3.34904e-8  -4.10399e-8  -3.85761e-8  -3.00671e-8  -4.61237e-8  -2.82825e-8  -1.92058e-7  -4.13625e-10  -7.28983e-10  -3.9237e-8  -3.71946e-8  -4.66609e-10  -5.55156e-8  -9.6293e-10  -6.71742e-8  -1.72301e-9  -4.50127e-8  -6.35195e-10  -1.06956e-9  -1.01077e-9  -5.69598e-8  -1.11819e-9  -5.90449e-8  -1.24913e-9  -2.40792e-7  -8.9947e-10  -1.17759e-9  -1.53206e-9  -1.40771e-9  -1.15648e-9  -1.75208e-9  -1.33865e-9  -2.05746e-9  -1.64096e-9  -2.93023e-9  -2.11515e-9  -1.42479e-9  -1.20744e-9  -6.18402e-8  -2.21499e-9  -2.06583e-9  -3.26252e-9  -2.73596e-9  -2.65208e-9  -3.45178e-9  -2.24963e-9  -2.17524e-9  -3.70715e-9  -2.14915e-9  -2.97823e-9  -2.76009e-9  -2.47571e-9  -2.64966e-9  -1.90297e-9  -4.4837e-9  -2.75439e-9  -2.90731e-9  -3.77565e-9  -3.04268e-9  -3.43553e-9  -1.06689e-7  -2.7045e-9  -3.2225e-9  -4.51373e-9  -3.6913e-9  -6.7463e-9  -4.72543e-9  -3.116e-9  -6.34841e-9  -6.03358e-9  -6.2235e-9  -6.01547e-9  -1.58948e-7  -5.35141e-9  -1.6096e-7  -2.32703e-7  -8.3724e-9  -6.15999e-9  -6.73284e-9  -5.30276e-9  -5.39708e-9  -1.13029e-8  -1.01334e-8  -5.47364e-9  -9.68978e-9  -1.47134e-8  -1.03665e-8  -8.44648e-9  -1.66131e-8  -1.66723e-8  -1.14564e-8  -3.15249e-7  -2.61972e-7  -1.19375e-8  -8.877e-9  -1.25501e-8  -1.17791e-8  -1.19884e-8  -1.44384e-8  -1.52269e-8  -1.14394e-8  -1.22489e-8  -7.99636e-9  -1.4139e-8  -2.05997e-8  -1.34799e-8  -1.51203e-8  -2.35559e-8  -9.46336e-9  -1.47994e-8  -2.15226e-8  -3.58409e-7  -1.44762e-8  -2.23515e-8  -1.54096e-8  -1.43368e-8  -2.32955e-8  -2.05368e-8  -2.48102e-8  -3.98829e-7  -5.58119e-7  -1.77705e-8  -2.04706e-8  -1.5958e-8  -2.24864e-8  -2.08768e-8  -2.41641e-8  -2.63182e-8  -1.72646e-8  -1.42541e-8  -6.42395e-7  -1.95425e-8  -2.08659e-8  -2.36541e-8  -3.36581e-8  -2.6476e-8  -2.40927e-8  -4.17262e-8  -2.98306e-8  -3.79859e-8  -2.8013e-8  -3.94473e-8  -3.28081e-8  -3.31607e-8  -3.89844e-8  -2.23771e-8  -2.43729e-8  -3.11598e-8  -4.85729e-8  -4.77368e-8  -5.12957e-8  -4.82605e-8  -4.95018e-8  -6.89884e-8  -4.76744e-8  -8.0117e-8  -6.09152e-8  -5.92962e-8  -7.03574e-8  -8.0623e-8  -5.66348e-8  -5.66643e-8  -7.22908e-8  -4.72622e-8  -8.31869e-8  -7.424e-8  -7.63e-8  -4.37755e-8  -7.47156e-8  -9.4835e-8  -1.02687e-7  -7.84295e-8  -9.61242e-8  -8.60754e-8  -1.14331e-7  -8.85992e-8  -1.07971e-7  -8.92283e-8  -1.13877e-7  -1.31574e-7  -1.04422e-7  -8.68581e-8  -8.99582e-8  -1.30354e-7  -1.38754e-7  -1.86085e-7  -1.31867e-7  -1.34526e-7  -1.57245e-7
2000 Eigenvalues converges, out of 2000 requested.
Finished processing molecule: 1
