Processing molecule: H2
Running with alpha = 2
Running with l = 10
read ../H2/gamma_VASP_RNDbasis1.dat
Davidson
iter=     1  Rnorm=  8.900e+00  size(V,2)=    10
iter=     2  Rnorm=  5.193e+00  size(V,2)=    20
iter=     3  Rnorm=  1.681e+00  size(V,2)=    20
iter=     4  Rnorm=  1.548e+00  size(V,2)=    20
iter=     5  Rnorm=  5.308e-01  size(V,2)=    20
iter=     6  Rnorm=  3.399e-01  size(V,2)=    20
iter=     7  Rnorm=  1.709e-01  size(V,2)=    20
iter=     8  Rnorm=  1.251e-01  size(V,2)=    20
iter=     9  Rnorm=  6.194e-02  size(V,2)=    20
iter=    10  Rnorm=  4.551e-02  size(V,2)=    20
iter=    11  Rnorm=  2.189e-02  size(V,2)=    20
iter=    12  Rnorm=  1.618e-02  size(V,2)=    20
iter=    13  Rnorm=  7.128e-03  size(V,2)=    20
converged!
 10.593659 seconds (2.86 k allocations: 170.800 MiB)
Total estimated FLOPs: 109636575260

Reading exact Eigenvalues...
Reading eigenvalues from ../Eigenvalues_folder/eigenres_H2_RNDbasis1.jld2

Relative deviation between Davidson and exact eigenvalues:
1×10 adjoint(::Vector{Float64}) with eltype Float64:
 -1.19066e-15  -1.24074e-15  9.23569e-16  3.95992e-16  -1.11695e-14  -1.20928e-8  -1.48224e-9  -4.66135e-12  -1.99244e-7  -4.48133e-5
Running with l = 50
read ../H2/gamma_VASP_RNDbasis1.dat
Davidson
iter=     1  Rnorm=  9.424e+00  size(V,2)=    50
iter=     2  Rnorm=  5.610e+00  size(V,2)=   100
iter=     3  Rnorm=  1.087e+00  size(V,2)=   100
iter=     4  Rnorm=  1.866e-01  size(V,2)=   100
iter=     5  Rnorm=  5.177e-02  size(V,2)=   100
iter=     6  Rnorm=  2.848e-02  size(V,2)=   100
iter=     7  Rnorm=  1.702e-02  size(V,2)=   100
iter=     8  Rnorm=  1.465e-02  size(V,2)=   100
converged!
 13.898892 seconds (5.92 k allocations: 511.388 MiB, 0.87% gc time)
Total estimated FLOPs: 335416179300

Reading exact Eigenvalues...
Reading eigenvalues from ../Eigenvalues_folder/eigenres_H2_RNDbasis1.jld2

Relative deviation between Davidson and exact eigenvalues:
1×50 adjoint(::Vector{Float64}) with eltype Float64:
 -1.02056e-15  -1.36481e-15  2.63877e-16  9.23982e-16  -1.61877e-16  9.50777e-16  2.37699e-16  2.76286e-16  1.97902e-15  2.27382e-15  3.03374e-15  8.48711e-16  -3.63961e-16  -5.38358e-12  -5.63478e-16  -4.13273e-15  -1.65122e-15  -6.55424e-14  -2.53175e-14  -2.23977e-13  -1.11517e-12  -1.34946e-11  -1.52424e-11  -3.95371e-11  -9.26489e-11  -1.16646e-10  -1.13441e-10  -3.23161e-10  -6.82387e-10  -4.25619e-9  -1.01943e-8  -6.69873e-9  -1.76635e-8  -1.54986e-8  -2.3442e-7  -1.1432e-7  -1.74272e-6  -6.17186e-6  -1.28513e-5  -6.39255e-6  -9.09226e-6  -3.44794e-5  -3.03084e-5  -0.000166804  -0.00165538  -0.000314984  -0.00355481  -0.00143828  -0.0192298  -0.0356618
Running with l = 100
read ../H2/gamma_VASP_RNDbasis1.dat
Davidson
iter=     1  Rnorm=  9.993e+00  size(V,2)=   100
iter=     2  Rnorm=  5.324e+00  size(V,2)=   200
iter=     3  Rnorm=  4.592e-01  size(V,2)=   200
iter=     4  Rnorm=  1.228e-01  size(V,2)=   200
iter=     5  Rnorm=  7.480e-02  size(V,2)=   200
iter=     6  Rnorm=  5.331e-02  size(V,2)=   200
iter=     7  Rnorm=  4.195e-02  size(V,2)=   200
iter=     8  Rnorm=  3.640e-02  size(V,2)=   200
iter=     9  Rnorm=  3.333e-02  size(V,2)=   200
iter=    10  Rnorm=  3.148e-02  size(V,2)=   200
iter=    11  Rnorm=  3.048e-02  size(V,2)=   200
iter=    12  Rnorm=  2.977e-02  size(V,2)=   200
iter=    13  Rnorm=  2.924e-02  size(V,2)=   200
iter=    14  Rnorm=  2.888e-02  size(V,2)=   200
iter=    15  Rnorm=  2.856e-02  size(V,2)=   200
iter=    16  Rnorm=  2.828e-02  size(V,2)=   200
iter=    17  Rnorm=  2.801e-02  size(V,2)=   200
iter=    18  Rnorm=  2.781e-02  size(V,2)=   200
iter=    19  Rnorm=  2.761e-02  size(V,2)=   200
iter=    20  Rnorm=  2.741e-02  size(V,2)=   200
iter=    21  Rnorm=  2.724e-02  size(V,2)=   200
iter=    22  Rnorm=  2.698e-02  size(V,2)=   200
iter=    23  Rnorm=  2.683e-02  size(V,2)=   200
iter=    24  Rnorm=  2.668e-02  size(V,2)=   200
iter=    25  Rnorm=  2.650e-02  size(V,2)=   200
iter=    26  Rnorm=  2.636e-02  size(V,2)=   200
iter=    27  Rnorm=  2.624e-02  size(V,2)=   200
iter=    28  Rnorm=  2.611e-02  size(V,2)=   200
iter=    29  Rnorm=  2.598e-02  size(V,2)=   200
iter=    30  Rnorm=  2.585e-02  size(V,2)=   200
iter=    31  Rnorm=  2.570e-02  size(V,2)=   200
iter=    32  Rnorm=  2.554e-02  size(V,2)=   200
iter=    33  Rnorm=  2.538e-02  size(V,2)=   200
iter=    34  Rnorm=  2.524e-02  size(V,2)=   200
iter=    35  Rnorm=  2.512e-02  size(V,2)=   200
iter=    36  Rnorm=  2.500e-02  size(V,2)=   200
iter=    37  Rnorm=  2.490e-02  size(V,2)=   200
iter=    38  Rnorm=  2.480e-02  size(V,2)=   200
iter=    39  Rnorm=  2.470e-02  size(V,2)=   200
iter=    40  Rnorm=  2.460e-02  size(V,2)=   200
iter=    41  Rnorm=  2.450e-02  size(V,2)=   200
iter=    42  Rnorm=  2.441e-02  size(V,2)=   200
iter=    43  Rnorm=  2.432e-02  size(V,2)=   200
iter=    44  Rnorm=  2.421e-02  size(V,2)=   200
iter=    45  Rnorm=  2.409e-02  size(V,2)=   200
iter=    46  Rnorm=  2.399e-02  size(V,2)=   200
iter=    47  Rnorm=  2.391e-02  size(V,2)=   200
iter=    48  Rnorm=  2.382e-02  size(V,2)=   200
iter=    49  Rnorm=  2.374e-02  size(V,2)=   200
iter=    50  Rnorm=  2.367e-02  size(V,2)=   200
iter=    51  Rnorm=  2.359e-02  size(V,2)=   200
iter=    52  Rnorm=  2.351e-02  size(V,2)=   200
iter=    53  Rnorm=  2.344e-02  size(V,2)=   200
iter=    54  Rnorm=  2.335e-02  size(V,2)=   200
iter=    55  Rnorm=  2.328e-02  size(V,2)=   200
iter=    56  Rnorm=  2.322e-02  size(V,2)=   200
iter=    57  Rnorm=  2.314e-02  size(V,2)=   200
iter=    58  Rnorm=  2.307e-02  size(V,2)=   200
iter=    59  Rnorm=  2.300e-02  size(V,2)=   200
iter=    60  Rnorm=  2.293e-02  size(V,2)=   200
iter=    61  Rnorm=  2.286e-02  size(V,2)=   200
iter=    62  Rnorm=  2.279e-02  size(V,2)=   200
iter=    63  Rnorm=  2.272e-02  size(V,2)=   200
iter=    64  Rnorm=  2.265e-02  size(V,2)=   200
iter=    65  Rnorm=  2.258e-02  size(V,2)=   200
iter=    66  Rnorm=  2.252e-02  size(V,2)=   200
iter=    67  Rnorm=  2.245e-02  size(V,2)=   200
iter=    68  Rnorm=  2.240e-02  size(V,2)=   200
iter=    69  Rnorm=  2.234e-02  size(V,2)=   200
iter=    70  Rnorm=  2.228e-02  size(V,2)=   200
iter=    71  Rnorm=  2.223e-02  size(V,2)=   200
iter=    72  Rnorm=  2.217e-02  size(V,2)=   200
iter=    73  Rnorm=  2.212e-02  size(V,2)=   200
iter=    74  Rnorm=  2.206e-02  size(V,2)=   200
iter=    75  Rnorm=  2.199e-02  size(V,2)=   200
iter=    76  Rnorm=  2.193e-02  size(V,2)=   200
iter=    77  Rnorm=  2.186e-02  size(V,2)=   200
iter=    78  Rnorm=  2.178e-02  size(V,2)=   200
iter=    79  Rnorm=  2.171e-02  size(V,2)=   200
iter=    80  Rnorm=  2.166e-02  size(V,2)=   200
iter=    81  Rnorm=  2.161e-02  size(V,2)=   200
iter=    82  Rnorm=  2.155e-02  size(V,2)=   200
iter=    83  Rnorm=  2.149e-02  size(V,2)=   200
iter=    84  Rnorm=  2.143e-02  size(V,2)=   200
iter=    85  Rnorm=  2.137e-02  size(V,2)=   200
iter=    86  Rnorm=  2.132e-02  size(V,2)=   200
iter=    87  Rnorm=  2.126e-02  size(V,2)=   200
iter=    88  Rnorm=  2.120e-02  size(V,2)=   200
iter=    89  Rnorm=  2.115e-02  size(V,2)=   200
iter=    90  Rnorm=  2.109e-02  size(V,2)=   200
iter=    91  Rnorm=  2.103e-02  size(V,2)=   200
iter=    92  Rnorm=  2.097e-02  size(V,2)=   200
iter=    93  Rnorm=  2.092e-02  size(V,2)=   200
iter=    94  Rnorm=  2.087e-02  size(V,2)=   200
iter=    95  Rnorm=  2.082e-02  size(V,2)=   200
iter=    96  Rnorm=  2.077e-02  size(V,2)=   200
iter=    97  Rnorm=  2.072e-02  size(V,2)=   200
iter=    98  Rnorm=  2.068e-02  size(V,2)=   200
iter=    99  Rnorm=  2.063e-02  size(V,2)=   200
iter=   100  Rnorm=  2.058e-02  size(V,2)=   200
iter=   101  Rnorm=  2.052e-02  size(V,2)=   200
iter=   102  Rnorm=  2.048e-02  size(V,2)=   200
iter=   103  Rnorm=  2.043e-02  size(V,2)=   200
iter=   104  Rnorm=  2.038e-02  size(V,2)=   200
iter=   105  Rnorm=  2.033e-02  size(V,2)=   200
iter=   106  Rnorm=  2.028e-02  size(V,2)=   200
iter=   107  Rnorm=  2.022e-02  size(V,2)=   200
iter=   108  Rnorm=  2.018e-02  size(V,2)=   200
iter=   109  Rnorm=  2.013e-02  size(V,2)=   200
iter=   110  Rnorm=  2.008e-02  size(V,2)=   200
iter=   111  Rnorm=  2.003e-02  size(V,2)=   200
iter=   112  Rnorm=  1.998e-02  size(V,2)=   200
iter=   113  Rnorm=  1.994e-02  size(V,2)=   200
iter=   114  Rnorm=  1.990e-02  size(V,2)=   200
iter=   115  Rnorm=  1.985e-02  size(V,2)=   200
iter=   116  Rnorm=  1.981e-02  size(V,2)=   200
iter=   117  Rnorm=  1.976e-02  size(V,2)=   200
iter=   118  Rnorm=  1.972e-02  size(V,2)=   200
iter=   119  Rnorm=  1.967e-02  size(V,2)=   200
iter=   120  Rnorm=  1.962e-02  size(V,2)=   200
iter=   121  Rnorm=  1.957e-02  size(V,2)=   200
iter=   122  Rnorm=  1.953e-02  size(V,2)=   200
iter=   123  Rnorm=  1.949e-02  size(V,2)=   200
iter=   124  Rnorm=  1.944e-02  size(V,2)=   200
iter=   125  Rnorm=  1.939e-02  size(V,2)=   200
iter=   126  Rnorm=  1.934e-02  size(V,2)=   200
iter=   127  Rnorm=  1.927e-02  size(V,2)=   200
iter=   128  Rnorm=  1.922e-02  size(V,2)=   200
iter=   129  Rnorm=  1.916e-02  size(V,2)=   200
iter=   130  Rnorm=  1.912e-02  size(V,2)=   200
iter=   131  Rnorm=  1.908e-02  size(V,2)=   200
iter=   132  Rnorm=  1.903e-02  size(V,2)=   200
iter=   133  Rnorm=  1.899e-02  size(V,2)=   200
iter=   134  Rnorm=  1.894e-02  size(V,2)=   200
iter=   135  Rnorm=  1.890e-02  size(V,2)=   200
iter=   136  Rnorm=  1.886e-02  size(V,2)=   200
iter=   137  Rnorm=  1.882e-02  size(V,2)=   200
iter=   138  Rnorm=  1.877e-02  size(V,2)=   200
iter=   139  Rnorm=  1.873e-02  size(V,2)=   200
iter=   140  Rnorm=  1.869e-02  size(V,2)=   200
iter=   141  Rnorm=  1.865e-02  size(V,2)=   200
iter=   142  Rnorm=  1.861e-02  size(V,2)=   200
iter=   143  Rnorm=  1.857e-02  size(V,2)=   200
iter=   144  Rnorm=  1.853e-02  size(V,2)=   200
iter=   145  Rnorm=  1.849e-02  size(V,2)=   200
iter=   146  Rnorm=  1.845e-02  size(V,2)=   200
iter=   147  Rnorm=  1.841e-02  size(V,2)=   200
iter=   148  Rnorm=  1.837e-02  size(V,2)=   200
iter=   149  Rnorm=  1.833e-02  size(V,2)=   200
iter=   150  Rnorm=  1.829e-02  size(V,2)=   200
iter=   151  Rnorm=  1.825e-02  size(V,2)=   200
iter=   152  Rnorm=  1.821e-02  size(V,2)=   200
iter=   153  Rnorm=  1.817e-02  size(V,2)=   200
iter=   154  Rnorm=  1.814e-02  size(V,2)=   200
iter=   155  Rnorm=  1.810e-02  size(V,2)=   200
iter=   156  Rnorm=  1.806e-02  size(V,2)=   200
iter=   157  Rnorm=  1.803e-02  size(V,2)=   200
iter=   158  Rnorm=  1.799e-02  size(V,2)=   200
iter=   159  Rnorm=  1.795e-02  size(V,2)=   200
iter=   160  Rnorm=  1.791e-02  size(V,2)=   200
iter=   161  Rnorm=  1.788e-02  size(V,2)=   200
iter=   162  Rnorm=  1.784e-02  size(V,2)=   200
iter=   163  Rnorm=  1.780e-02  size(V,2)=   200
iter=   164  Rnorm=  1.777e-02  size(V,2)=   200
iter=   165  Rnorm=  1.773e-02  size(V,2)=   200
iter=   166  Rnorm=  1.769e-02  size(V,2)=   200
iter=   167  Rnorm=  1.765e-02  size(V,2)=   200
iter=   168  Rnorm=  1.762e-02  size(V,2)=   200
iter=   169  Rnorm=  1.758e-02  size(V,2)=   200
iter=   170  Rnorm=  1.755e-02  size(V,2)=   200
iter=   171  Rnorm=  1.751e-02  size(V,2)=   200
iter=   172  Rnorm=  1.748e-02  size(V,2)=   200
iter=   173  Rnorm=  1.745e-02  size(V,2)=   200
iter=   174  Rnorm=  1.741e-02  size(V,2)=   200
iter=   175  Rnorm=  1.738e-02  size(V,2)=   200
iter=   176  Rnorm=  1.734e-02  size(V,2)=   200
iter=   177  Rnorm=  1.730e-02  size(V,2)=   200
iter=   178  Rnorm=  1.726e-02  size(V,2)=   200
iter=   179  Rnorm=  1.721e-02  size(V,2)=   200
iter=   180  Rnorm=  1.718e-02  size(V,2)=   200
iter=   181  Rnorm=  1.714e-02  size(V,2)=   200
iter=   182  Rnorm=  1.710e-02  size(V,2)=   200
iter=   183  Rnorm=  1.707e-02  size(V,2)=   200
iter=   184  Rnorm=  1.703e-02  size(V,2)=   200
iter=   185  Rnorm=  1.700e-02  size(V,2)=   200
iter=   186  Rnorm=  1.697e-02  size(V,2)=   200
iter=   187  Rnorm=  1.693e-02  size(V,2)=   200
iter=   188  Rnorm=  1.690e-02  size(V,2)=   200
iter=   189  Rnorm=  1.687e-02  size(V,2)=   200
iter=   190  Rnorm=  1.684e-02  size(V,2)=   200
iter=   191  Rnorm=  1.681e-02  size(V,2)=   200
iter=   192  Rnorm=  1.677e-02  size(V,2)=   200
iter=   193  Rnorm=  1.673e-02  size(V,2)=   200
iter=   194  Rnorm=  1.669e-02  size(V,2)=   200
iter=   195  Rnorm=  1.666e-02  size(V,2)=   200
iter=   196  Rnorm=  1.662e-02  size(V,2)=   200
iter=   197  Rnorm=  1.659e-02  size(V,2)=   200
iter=   198  Rnorm=  1.655e-02  size(V,2)=   200
iter=   199  Rnorm=  1.652e-02  size(V,2)=   200
iter=   200  Rnorm=  1.648e-02  size(V,2)=   200
iter=   201  Rnorm=  1.645e-02  size(V,2)=   200
iter=   202  Rnorm=  1.641e-02  size(V,2)=   200
iter=   203  Rnorm=  1.638e-02  size(V,2)=   200
iter=   204  Rnorm=  1.635e-02  size(V,2)=   200
iter=   205  Rnorm=  1.632e-02  size(V,2)=   200
iter=   206  Rnorm=  1.629e-02  size(V,2)=   200
iter=   207  Rnorm=  1.625e-02  size(V,2)=   200
iter=   208  Rnorm=  1.622e-02  size(V,2)=   200
iter=   209  Rnorm=  1.619e-02  size(V,2)=   200
iter=   210  Rnorm=  1.616e-02  size(V,2)=   200
iter=   211  Rnorm=  1.612e-02  size(V,2)=   200
iter=   212  Rnorm=  1.609e-02  size(V,2)=   200
iter=   213  Rnorm=  1.606e-02  size(V,2)=   200
iter=   214  Rnorm=  1.602e-02  size(V,2)=   200
iter=   215  Rnorm=  1.599e-02  size(V,2)=   200
iter=   216  Rnorm=  1.596e-02  size(V,2)=   200
iter=   217  Rnorm=  1.593e-02  size(V,2)=   200
iter=   218  Rnorm=  1.590e-02  size(V,2)=   200
iter=   219  Rnorm=  1.587e-02  size(V,2)=   200
iter=   220  Rnorm=  1.584e-02  size(V,2)=   200
iter=   221  Rnorm=  1.579e-02  size(V,2)=   200
iter=   222  Rnorm=  1.576e-02  size(V,2)=   200
iter=   223  Rnorm=  1.573e-02  size(V,2)=   200
iter=   224  Rnorm=  1.570e-02  size(V,2)=   200
iter=   225  Rnorm=  1.567e-02  size(V,2)=   200
iter=   226  Rnorm=  1.563e-02  size(V,2)=   200
iter=   227  Rnorm=  1.560e-02  size(V,2)=   200
iter=   228  Rnorm=  1.557e-02  size(V,2)=   200
iter=   229  Rnorm=  1.555e-02  size(V,2)=   200
iter=   230  Rnorm=  1.551e-02  size(V,2)=   200
iter=   231  Rnorm=  1.548e-02  size(V,2)=   200
iter=   232  Rnorm=  1.545e-02  size(V,2)=   200
iter=   233  Rnorm=  1.543e-02  size(V,2)=   200
iter=   234  Rnorm=  1.540e-02  size(V,2)=   200
iter=   235  Rnorm=  1.537e-02  size(V,2)=   200
iter=   236  Rnorm=  1.535e-02  size(V,2)=   200
iter=   237  Rnorm=  1.532e-02  size(V,2)=   200
iter=   238  Rnorm=  1.528e-02  size(V,2)=   200
iter=   239  Rnorm=  1.526e-02  size(V,2)=   200
iter=   240  Rnorm=  1.523e-02  size(V,2)=   200
iter=   241  Rnorm=  1.520e-02  size(V,2)=   200
iter=   242  Rnorm=  1.518e-02  size(V,2)=   200
iter=   243  Rnorm=  1.515e-02  size(V,2)=   200
iter=   244  Rnorm=  1.512e-02  size(V,2)=   200
iter=   245  Rnorm=  1.510e-02  size(V,2)=   200
iter=   246  Rnorm=  1.507e-02  size(V,2)=   200
iter=   247  Rnorm=  1.504e-02  size(V,2)=   200
iter=   248  Rnorm=  1.502e-02  size(V,2)=   200
iter=   249  Rnorm=  1.499e-02  size(V,2)=   200
converged!
834.199511 seconds (393.17 k allocations: 33.684 GiB, 0.63% gc time)
Total estimated FLOPs: 22100430916600

Reading exact Eigenvalues...
Reading eigenvalues from ../Eigenvalues_folder/eigenres_H2_RNDbasis1.jld2

Relative deviation between Davidson and exact eigenvalues:
1×100 adjoint(::Vector{Float64}) with eltype Float64:
 -1.02056e-15  -9.92589e-16  -0.0  6.59987e-16  -8.09387e-16  8.3193e-16  1.30735e-15  4.14428e-16  1.82679e-15  1.89485e-16  1.32726e-15  -2.54613e-15  -2.42641e-16  -0.0  -3.75652e-16  -2.06636e-15  4.12804e-16  -2.33247e-16  -2.68343e-15  2.37326e-15  8.90473e-16  2.01522e-15  3.19219e-15  -1.92229e-16  5.46539e-15  -2.68283e-15  3.67898e-15  -4.10758e-15  -3.72097e-15  -7.57487e-15  1.46408e-16  -5.86036e-16  4.07996e-15  -5.65449e-15  -9.01984e-16  2.70695e-15  1.45905e-14  7.12065e-15  2.64341e-15  -6.1035e-15  5.15715e-15  2.95206e-15  -3.21376e-15  3.65991e-15  -7.31849e-15  -5.85939e-15  6.69926e-16  2.43915e-14  1.37233e-14  -5.44043e-16  1.16542e-14  5.39472e-15  -2.23501e-14  1.90283e-14  -3.10122e-14  2.47622e-14  3.91631e-15  -2.76135e-14  1.12272e-15  -2.96438e-14  -1.62299e-14  2.81566e-14  4.75893e-14  -1.36441e-14  -2.80846e-14  -4.17733e-14  -1.38466e-14  4.04614e-14  -1.12288e-14  -4.92847e-14  6.775e-14  -2.4112e-14  -2.3259e-14  -4.93602e-14  -6.73654e-14  -7.61054e-14  7.69358e-14  -7.34929e-5  -6.59477e-7  -3.91743e-10  5.00567e-16  -0.000982427  -5.4067e-5  -0.000367449  -0.00389575  -0.0042098  -0.00519113  -0.00513706  -0.00778372  -0.00550302  -0.0105645  -0.013939  -0.012768  -0.0131713  -0.0188095  -0.0146298  -0.0168835  -0.0171288  -0.0163818  -0.0239761
Running with l = 200
read ../H2/gamma_VASP_RNDbasis1.dat
Davidson
iter=     1  Rnorm=  1.122e+01  size(V,2)=   200
iter=     2  Rnorm=  3.981e+00  size(V,2)=   400
iter=     3  Rnorm=  2.518e-01  size(V,2)=   400
iter=     4  Rnorm=  1.112e-01  size(V,2)=   400
iter=     5  Rnorm=  8.315e-02  size(V,2)=   400
iter=     6  Rnorm=  7.407e-02  size(V,2)=   400
iter=     7  Rnorm=  6.985e-02  size(V,2)=   400
iter=     8  Rnorm=  6.728e-02  size(V,2)=   400
iter=     9  Rnorm=  6.531e-02  size(V,2)=   400
iter=    10  Rnorm=  6.391e-02  size(V,2)=   400
iter=    11  Rnorm=  6.282e-02  size(V,2)=   400
iter=    12  Rnorm=  6.198e-02  size(V,2)=   400
iter=    13  Rnorm=  6.116e-02  size(V,2)=   400
iter=    14  Rnorm=  6.042e-02  size(V,2)=   400
iter=    15  Rnorm=  5.973e-02  size(V,2)=   400
iter=    16  Rnorm=  5.915e-02  size(V,2)=   400
iter=    17  Rnorm=  5.853e-02  size(V,2)=   400
iter=    18  Rnorm=  5.801e-02  size(V,2)=   400
iter=    19  Rnorm=  5.751e-02  size(V,2)=   400
iter=    20  Rnorm=  5.701e-02  size(V,2)=   400
iter=    21  Rnorm=  5.655e-02  size(V,2)=   400
iter=    22  Rnorm=  5.610e-02  size(V,2)=   400
iter=    23  Rnorm=  5.559e-02  size(V,2)=   400
iter=    24  Rnorm=  5.514e-02  size(V,2)=   400
iter=    25  Rnorm=  5.469e-02  size(V,2)=   400
iter=    26  Rnorm=  5.424e-02  size(V,2)=   400
iter=    27  Rnorm=  5.381e-02  size(V,2)=   400
iter=    28  Rnorm=  5.339e-02  size(V,2)=   400
iter=    29  Rnorm=  5.300e-02  size(V,2)=   400
iter=    30  Rnorm=  5.258e-02  size(V,2)=   400
iter=    31  Rnorm=  5.218e-02  size(V,2)=   400
iter=    32  Rnorm=  5.175e-02  size(V,2)=   400
iter=    33  Rnorm=  5.131e-02  size(V,2)=   400
iter=    34  Rnorm=  5.091e-02  size(V,2)=   400
iter=    35  Rnorm=  5.051e-02  size(V,2)=   400
iter=    36  Rnorm=  5.011e-02  size(V,2)=   400
iter=    37  Rnorm=  4.970e-02  size(V,2)=   400
iter=    38  Rnorm=  4.933e-02  size(V,2)=   400
iter=    39  Rnorm=  4.895e-02  size(V,2)=   400
iter=    40  Rnorm=  4.858e-02  size(V,2)=   400
iter=    41  Rnorm=  4.819e-02  size(V,2)=   400
iter=    42  Rnorm=  4.785e-02  size(V,2)=   400
iter=    43  Rnorm=  4.749e-02  size(V,2)=   400
iter=    44  Rnorm=  4.715e-02  size(V,2)=   400
iter=    45  Rnorm=  4.683e-02  size(V,2)=   400
iter=    46  Rnorm=  4.649e-02  size(V,2)=   400
iter=    47  Rnorm=  4.615e-02  size(V,2)=   400
iter=    48  Rnorm=  4.584e-02  size(V,2)=   400
iter=    49  Rnorm=  4.554e-02  size(V,2)=   400
iter=    50  Rnorm=  4.524e-02  size(V,2)=   400
iter=    51  Rnorm=  4.495e-02  size(V,2)=   400
iter=    52  Rnorm=  4.462e-02  size(V,2)=   400
iter=    53  Rnorm=  4.432e-02  size(V,2)=   400
iter=    54  Rnorm=  4.401e-02  size(V,2)=   400
iter=    55  Rnorm=  4.371e-02  size(V,2)=   400
iter=    56  Rnorm=  4.340e-02  size(V,2)=   400
iter=    57  Rnorm=  4.312e-02  size(V,2)=   400
iter=    58  Rnorm=  4.285e-02  size(V,2)=   400
iter=    59  Rnorm=  4.258e-02  size(V,2)=   400
iter=    60  Rnorm=  4.231e-02  size(V,2)=   400
iter=    61  Rnorm=  4.204e-02  size(V,2)=   400
iter=    62  Rnorm=  4.178e-02  size(V,2)=   400
iter=    63  Rnorm=  4.152e-02  size(V,2)=   400
iter=    64  Rnorm=  4.127e-02  size(V,2)=   400
iter=    65  Rnorm=  4.102e-02  size(V,2)=   400
iter=    66  Rnorm=  4.076e-02  size(V,2)=   400
iter=    67  Rnorm=  4.047e-02  size(V,2)=   400
iter=    68  Rnorm=  4.021e-02  size(V,2)=   400
iter=    69  Rnorm=  3.996e-02  size(V,2)=   400
iter=    70  Rnorm=  3.971e-02  size(V,2)=   400
iter=    71  Rnorm=  3.945e-02  size(V,2)=   400
iter=    72  Rnorm=  3.919e-02  size(V,2)=   400
iter=    73  Rnorm=  3.894e-02  size(V,2)=   400
iter=    74  Rnorm=  3.870e-02  size(V,2)=   400
iter=    75  Rnorm=  3.846e-02  size(V,2)=   400
iter=    76  Rnorm=  3.822e-02  size(V,2)=   400
iter=    77  Rnorm=  3.797e-02  size(V,2)=   400
iter=    78  Rnorm=  3.773e-02  size(V,2)=   400
iter=    79  Rnorm=  3.750e-02  size(V,2)=   400
iter=    80  Rnorm=  3.726e-02  size(V,2)=   400
iter=    81  Rnorm=  3.702e-02  size(V,2)=   400
iter=    82  Rnorm=  3.681e-02  size(V,2)=   400
iter=    83  Rnorm=  3.659e-02  size(V,2)=   400
iter=    84  Rnorm=  3.636e-02  size(V,2)=   400
iter=    85  Rnorm=  3.614e-02  size(V,2)=   400
iter=    86  Rnorm=  3.591e-02  size(V,2)=   400
iter=    87  Rnorm=  3.570e-02  size(V,2)=   400
iter=    88  Rnorm=  3.549e-02  size(V,2)=   400
iter=    89  Rnorm=  3.530e-02  size(V,2)=   400
iter=    90  Rnorm=  3.510e-02  size(V,2)=   400
iter=    91  Rnorm=  3.489e-02  size(V,2)=   400
iter=    92  Rnorm=  3.468e-02  size(V,2)=   400
iter=    93  Rnorm=  3.449e-02  size(V,2)=   400
iter=    94  Rnorm=  3.430e-02  size(V,2)=   400
iter=    95  Rnorm=  3.412e-02  size(V,2)=   400
iter=    96  Rnorm=  3.394e-02  size(V,2)=   400
iter=    97  Rnorm=  3.375e-02  size(V,2)=   400
iter=    98  Rnorm=  3.358e-02  size(V,2)=   400
iter=    99  Rnorm=  3.339e-02  size(V,2)=   400
iter=   100  Rnorm=  3.320e-02  size(V,2)=   400
iter=   101  Rnorm=  3.301e-02  size(V,2)=   400
iter=   102  Rnorm=  3.281e-02  size(V,2)=   400
iter=   103  Rnorm=  3.262e-02  size(V,2)=   400
iter=   104  Rnorm=  3.243e-02  size(V,2)=   400
iter=   105  Rnorm=  3.226e-02  size(V,2)=   400
iter=   106  Rnorm=  3.208e-02  size(V,2)=   400
iter=   107  Rnorm=  3.191e-02  size(V,2)=   400
iter=   108  Rnorm=  3.173e-02  size(V,2)=   400
iter=   109  Rnorm=  3.156e-02  size(V,2)=   400
iter=   110  Rnorm=  3.140e-02  size(V,2)=   400
iter=   111  Rnorm=  3.123e-02  size(V,2)=   400
iter=   112  Rnorm=  3.107e-02  size(V,2)=   400
iter=   113  Rnorm=  3.090e-02  size(V,2)=   400
iter=   114  Rnorm=  3.073e-02  size(V,2)=   400
iter=   115  Rnorm=  3.058e-02  size(V,2)=   400
iter=   116  Rnorm=  3.042e-02  size(V,2)=   400
iter=   117  Rnorm=  3.027e-02  size(V,2)=   400
iter=   118  Rnorm=  3.011e-02  size(V,2)=   400
iter=   119  Rnorm=  2.996e-02  size(V,2)=   400
iter=   120  Rnorm=  2.982e-02  size(V,2)=   400
iter=   121  Rnorm=  2.967e-02  size(V,2)=   400
iter=   122  Rnorm=  2.952e-02  size(V,2)=   400
iter=   123  Rnorm=  2.937e-02  size(V,2)=   400
iter=   124  Rnorm=  2.923e-02  size(V,2)=   400
iter=   125  Rnorm=  2.909e-02  size(V,2)=   400
iter=   126  Rnorm=  2.894e-02  size(V,2)=   400
iter=   127  Rnorm=  2.880e-02  size(V,2)=   400
iter=   128  Rnorm=  2.865e-02  size(V,2)=   400
iter=   129  Rnorm=  2.850e-02  size(V,2)=   400
iter=   130  Rnorm=  2.834e-02  size(V,2)=   400
iter=   131  Rnorm=  2.818e-02  size(V,2)=   400
iter=   132  Rnorm=  2.802e-02  size(V,2)=   400
iter=   133  Rnorm=  2.788e-02  size(V,2)=   400
iter=   134  Rnorm=  2.773e-02  size(V,2)=   400
iter=   135  Rnorm=  2.760e-02  size(V,2)=   400
iter=   136  Rnorm=  2.746e-02  size(V,2)=   400
iter=   137  Rnorm=  2.732e-02  size(V,2)=   400
iter=   138  Rnorm=  2.719e-02  size(V,2)=   400
iter=   139  Rnorm=  2.705e-02  size(V,2)=   400
iter=   140  Rnorm=  2.691e-02  size(V,2)=   400
iter=   141  Rnorm=  2.677e-02  size(V,2)=   400
iter=   142  Rnorm=  2.664e-02  size(V,2)=   400
iter=   143  Rnorm=  2.651e-02  size(V,2)=   400
iter=   144  Rnorm=  2.638e-02  size(V,2)=   400
iter=   145  Rnorm=  2.626e-02  size(V,2)=   400
iter=   146  Rnorm=  2.612e-02  size(V,2)=   400
iter=   147  Rnorm=  2.600e-02  size(V,2)=   400
iter=   148  Rnorm=  2.587e-02  size(V,2)=   400
iter=   149  Rnorm=  2.575e-02  size(V,2)=   400
iter=   150  Rnorm=  2.563e-02  size(V,2)=   400
iter=   151  Rnorm=  2.551e-02  size(V,2)=   400
iter=   152  Rnorm=  2.539e-02  size(V,2)=   400
iter=   153  Rnorm=  2.527e-02  size(V,2)=   400
iter=   154  Rnorm=  2.514e-02  size(V,2)=   400
iter=   155  Rnorm=  2.502e-02  size(V,2)=   400
iter=   156  Rnorm=  2.490e-02  size(V,2)=   400
iter=   157  Rnorm=  2.478e-02  size(V,2)=   400
iter=   158  Rnorm=  2.467e-02  size(V,2)=   400
iter=   159  Rnorm=  2.455e-02  size(V,2)=   400
iter=   160  Rnorm=  2.443e-02  size(V,2)=   400
iter=   161  Rnorm=  2.432e-02  size(V,2)=   400
iter=   162  Rnorm=  2.418e-02  size(V,2)=   400
iter=   163  Rnorm=  2.407e-02  size(V,2)=   400
iter=   164  Rnorm=  2.395e-02  size(V,2)=   400
iter=   165  Rnorm=  2.384e-02  size(V,2)=   400
iter=   166  Rnorm=  2.373e-02  size(V,2)=   400
iter=   167  Rnorm=  2.362e-02  size(V,2)=   400
iter=   168  Rnorm=  2.351e-02  size(V,2)=   400
iter=   169  Rnorm=  2.340e-02  size(V,2)=   400
iter=   170  Rnorm=  2.329e-02  size(V,2)=   400
iter=   171  Rnorm=  2.319e-02  size(V,2)=   400
iter=   172  Rnorm=  2.309e-02  size(V,2)=   400
iter=   173  Rnorm=  2.299e-02  size(V,2)=   400
iter=   174  Rnorm=  2.290e-02  size(V,2)=   400
iter=   175  Rnorm=  2.279e-02  size(V,2)=   400
iter=   176  Rnorm=  2.269e-02  size(V,2)=   400
iter=   177  Rnorm=  2.259e-02  size(V,2)=   400
iter=   178  Rnorm=  2.249e-02  size(V,2)=   400
iter=   179  Rnorm=  2.241e-02  size(V,2)=   400
iter=   180  Rnorm=  2.231e-02  size(V,2)=   400
iter=   181  Rnorm=  2.222e-02  size(V,2)=   400
iter=   182  Rnorm=  2.212e-02  size(V,2)=   400
iter=   183  Rnorm=  2.202e-02  size(V,2)=   400
iter=   184  Rnorm=  2.192e-02  size(V,2)=   400
iter=   185  Rnorm=  2.182e-02  size(V,2)=   400
iter=   186  Rnorm=  2.173e-02  size(V,2)=   400
iter=   187  Rnorm=  2.164e-02  size(V,2)=   400
iter=   188  Rnorm=  2.155e-02  size(V,2)=   400
iter=   189  Rnorm=  2.145e-02  size(V,2)=   400
iter=   190  Rnorm=  2.137e-02  size(V,2)=   400
iter=   191  Rnorm=  2.129e-02  size(V,2)=   400
iter=   192  Rnorm=  2.119e-02  size(V,2)=   400
iter=   193  Rnorm=  2.109e-02  size(V,2)=   400
iter=   194  Rnorm=  2.098e-02  size(V,2)=   400
iter=   195  Rnorm=  2.089e-02  size(V,2)=   400
iter=   196  Rnorm=  2.080e-02  size(V,2)=   400
iter=   197  Rnorm=  2.072e-02  size(V,2)=   400
iter=   198  Rnorm=  2.063e-02  size(V,2)=   400
iter=   199  Rnorm=  2.054e-02  size(V,2)=   400
iter=   200  Rnorm=  2.045e-02  size(V,2)=   400
iter=   201  Rnorm=  2.036e-02  size(V,2)=   400
iter=   202  Rnorm=  2.028e-02  size(V,2)=   400
iter=   203  Rnorm=  2.019e-02  size(V,2)=   400
iter=   204  Rnorm=  2.011e-02  size(V,2)=   400
iter=   205  Rnorm=  2.003e-02  size(V,2)=   400
iter=   206  Rnorm=  1.995e-02  size(V,2)=   400
iter=   207  Rnorm=  1.987e-02  size(V,2)=   400
iter=   208  Rnorm=  1.979e-02  size(V,2)=   400
iter=   209  Rnorm=  1.970e-02  size(V,2)=   400
iter=   210  Rnorm=  1.963e-02  size(V,2)=   400
iter=   211  Rnorm=  1.955e-02  size(V,2)=   400
iter=   212  Rnorm=  1.947e-02  size(V,2)=   400
iter=   213  Rnorm=  1.940e-02  size(V,2)=   400
iter=   214  Rnorm=  1.932e-02  size(V,2)=   400
iter=   215  Rnorm=  1.925e-02  size(V,2)=   400
iter=   216  Rnorm=  1.918e-02  size(V,2)=   400
iter=   217  Rnorm=  1.910e-02  size(V,2)=   400
iter=   218  Rnorm=  1.902e-02  size(V,2)=   400
iter=   219  Rnorm=  1.895e-02  size(V,2)=   400
iter=   220  Rnorm=  1.888e-02  size(V,2)=   400
iter=   221  Rnorm=  1.881e-02  size(V,2)=   400
iter=   222  Rnorm=  1.875e-02  size(V,2)=   400
iter=   223  Rnorm=  1.868e-02  size(V,2)=   400
iter=   224  Rnorm=  1.861e-02  size(V,2)=   400
iter=   225  Rnorm=  1.854e-02  size(V,2)=   400
iter=   226  Rnorm=  1.848e-02  size(V,2)=   400
iter=   227  Rnorm=  1.841e-02  size(V,2)=   400
iter=   228  Rnorm=  1.834e-02  size(V,2)=   400
iter=   229  Rnorm=  1.826e-02  size(V,2)=   400
iter=   230  Rnorm=  1.819e-02  size(V,2)=   400
iter=   231  Rnorm=  1.813e-02  size(V,2)=   400
iter=   232  Rnorm=  1.806e-02  size(V,2)=   400
iter=   233  Rnorm=  1.800e-02  size(V,2)=   400
iter=   234  Rnorm=  1.794e-02  size(V,2)=   400
iter=   235  Rnorm=  1.788e-02  size(V,2)=   400
iter=   236  Rnorm=  1.782e-02  size(V,2)=   400
iter=   237  Rnorm=  1.777e-02  size(V,2)=   400
iter=   238  Rnorm=  1.770e-02  size(V,2)=   400
iter=   239  Rnorm=  1.763e-02  size(V,2)=   400
iter=   240  Rnorm=  1.757e-02  size(V,2)=   400
iter=   241  Rnorm=  1.750e-02  size(V,2)=   400
iter=   242  Rnorm=  1.744e-02  size(V,2)=   400
iter=   243  Rnorm=  1.738e-02  size(V,2)=   400
iter=   244  Rnorm=  1.732e-02  size(V,2)=   400
iter=   245  Rnorm=  1.725e-02  size(V,2)=   400
iter=   246  Rnorm=  1.719e-02  size(V,2)=   400
iter=   247  Rnorm=  1.713e-02  size(V,2)=   400
iter=   248  Rnorm=  1.707e-02  size(V,2)=   400
iter=   249  Rnorm=  1.701e-02  size(V,2)=   400
iter=   250  Rnorm=  1.695e-02  size(V,2)=   400
iter=   251  Rnorm=  1.689e-02  size(V,2)=   400
iter=   252  Rnorm=  1.682e-02  size(V,2)=   400
iter=   253  Rnorm=  1.676e-02  size(V,2)=   400
iter=   254  Rnorm=  1.670e-02  size(V,2)=   400
iter=   255  Rnorm=  1.664e-02  size(V,2)=   400
iter=   256  Rnorm=  1.658e-02  size(V,2)=   400
iter=   257  Rnorm=  1.653e-02  size(V,2)=   400
iter=   258  Rnorm=  1.647e-02  size(V,2)=   400
iter=   259  Rnorm=  1.640e-02  size(V,2)=   400
iter=   260  Rnorm=  1.634e-02  size(V,2)=   400
iter=   261  Rnorm=  1.629e-02  size(V,2)=   400
iter=   262  Rnorm=  1.623e-02  size(V,2)=   400
iter=   263  Rnorm=  1.618e-02  size(V,2)=   400
iter=   264  Rnorm=  1.613e-02  size(V,2)=   400
iter=   265  Rnorm=  1.608e-02  size(V,2)=   400
iter=   266  Rnorm=  1.602e-02  size(V,2)=   400
iter=   267  Rnorm=  1.597e-02  size(V,2)=   400
iter=   268  Rnorm=  1.592e-02  size(V,2)=   400
iter=   269  Rnorm=  1.587e-02  size(V,2)=   400
iter=   270  Rnorm=  1.583e-02  size(V,2)=   400
iter=   271  Rnorm=  1.578e-02  size(V,2)=   400
iter=   272  Rnorm=  1.573e-02  size(V,2)=   400
iter=   273  Rnorm=  1.568e-02  size(V,2)=   400
iter=   274  Rnorm=  1.563e-02  size(V,2)=   400
iter=   275  Rnorm=  1.558e-02  size(V,2)=   400
iter=   276  Rnorm=  1.553e-02  size(V,2)=   400
iter=   277  Rnorm=  1.548e-02  size(V,2)=   400
iter=   278  Rnorm=  1.542e-02  size(V,2)=   400
iter=   279  Rnorm=  1.537e-02  size(V,2)=   400
iter=   280  Rnorm=  1.531e-02  size(V,2)=   400
iter=   281  Rnorm=  1.527e-02  size(V,2)=   400
iter=   282  Rnorm=  1.522e-02  size(V,2)=   400
iter=   283  Rnorm=  1.518e-02  size(V,2)=   400
iter=   284  Rnorm=  1.514e-02  size(V,2)=   400
iter=   285  Rnorm=  1.510e-02  size(V,2)=   400
iter=   286  Rnorm=  1.505e-02  size(V,2)=   400
iter=   287  Rnorm=  1.500e-02  size(V,2)=   400
converged!
1905.401576 seconds (882.68 k allocations: 78.441 GiB, 0.76% gc time)
Total estimated FLOPs: 52603945681200

Reading exact Eigenvalues...
Reading eigenvalues from ../Eigenvalues_folder/eigenres_H2_RNDbasis1.jld2

Relative deviation between Davidson and exact eigenvalues:
1×200 adjoint(::Vector{Float64}) with eltype Float64:
 -1.02056e-15  -4.96295e-16  6.59692e-16  5.2799e-16  1.61877e-16  -5.94236e-16  -3.56549e-16  1.51957e-15  3.04464e-16  1.70537e-15  2.46492e-15  3.63733e-16  -6.06602e-16  -1.8141e-15  -9.3913e-16  -2.62992e-15  -4.33445e-15  2.33247e-16  1.9834e-15  1.18663e-15  -1.78095e-15  -2.35109e-15  -6.8884e-15  5.57465e-15  3.34615e-16  5.58923e-15  -1.60955e-15  3.60969e-15  -5.26069e-15  5.77745e-15  5.12427e-15  4.39527e-15  -1.56922e-15  -2.51311e-15  -5.5923e-15  -7.39898e-15  -6.48465e-15  -7.12065e-15  2.18369e-15  -8.73638e-15  -1.01944e-14  8.85619e-15  1.11839e-14  -1.36149e-14  -2.39071e-14  1.15514e-14  8.37407e-15  -1.3353e-14  1.44362e-14  -1.43265e-14  5.09872e-15  8.09208e-15  1.19458e-14  1.56827e-14  6.28625e-15  -1.3296e-14  2.09278e-14  -1.93852e-14  6.31528e-15  1.49644e-14  -1.81307e-14  5.66192e-15  8.93262e-15  -2.6823e-14  -2.69984e-14  -1.37482e-14  -3.72794e-14  2.72924e-14  2.75796e-15  2.18824e-14  -2.13947e-14  2.51789e-14  -9.81571e-15  -7.00017e-14  1.27296e-14  -4.60547e-15  -3.28244e-14  -4.20033e-6  -1.96901e-6  -4.4334e-6  -2.16495e-14  -0.000173844  -2.9358e-5  -2.23313e-5  -0.000843497  -0.0007001  -0.00099219  -0.00106516  -0.00202169  -0.00196267  -0.00244891  -0.00285786  -0.00325673  -0.0036402  -0.00387726  -0.00376282  -0.00383451  -0.00462374  -0.00430032  -0.0052461  -0.00673975  -0.00581755  -0.00643117  -0.00597673  -0.0061171  -0.00544191  -0.0051081  -0.00598035  -0.00614621  -0.00682742  -0.00696088  -0.0069633  -0.00743818  -0.00761079  -0.00708555  -0.00775799  -0.00755463  -0.00883404  -0.0099563  -0.00941188  -0.00971871  -0.00976027  -0.0101199  -0.00968758  -0.0104652  -0.00999071  -0.00989951  -0.00986049  -0.0120166  -0.0105494  -0.0111392  -0.0106231  -0.0114669  -0.0116964  -0.0113002  -0.0116212  -0.01165  -0.0118148  -0.0103015  -0.0119249  -0.0129725  -0.0131612  -0.012335  -0.0142737  -0.0110837  -0.0135778  -0.0126259  -0.0145347  -0.0142775  -0.0165038  -0.016625  -0.0162822  -0.0125474  -0.0148097  -0.0135192  -0.0149128  -0.0161678  -0.0160424  -0.0174894  -0.0160472  -0.0159857  -0.0171074  -0.0190867  -0.0193154  -0.0172557  -0.0160913  -0.0219717  -0.0193208  -0.0190831  -0.0189513  -0.0205265  -0.0202866  -0.0187972  -0.0196406  -0.017334  -0.0221068  -0.0305006  -0.0291041  -0.0258022  -0.0227182  -0.0275442  -0.0251536  -0.0244768  -0.0286642  -0.0330681  -0.0282579  -0.0357871  -0.0497422  -0.0538425  -0.0357491  -0.0703302  -0.0499184  -0.0796492  -0.0508145  -0.0833112  -0.0844048  -0.105918  -0.123862  -0.114876  -0.14516
Running with alpha = 4
Running with l = 10
read ../H2/gamma_VASP_RNDbasis1.dat
Davidson
iter=     1  Rnorm=  8.900e+00  size(V,2)=    10
iter=     2  Rnorm=  5.193e+00  size(V,2)=    20
iter=     3  Rnorm=  1.680e+00  size(V,2)=    30
iter=     4  Rnorm=  1.263e+00  size(V,2)=    40
iter=     5  Rnorm=  3.800e-01  size(V,2)=    20
iter=     6  Rnorm=  4.210e-02  size(V,2)=    30
iter=     7  Rnorm=  1.594e-02  size(V,2)=    40
iter=     8  Rnorm=  3.488e-03  size(V,2)=    20
converged!
  6.696403 seconds (1.71 k allocations: 124.141 MiB, 0.01% gc time)
Total estimated FLOPs: 83798661780

Reading exact Eigenvalues...
Reading eigenvalues from ../Eigenvalues_folder/eigenres_H2_RNDbasis1.jld2

Relative deviation between Davidson and exact eigenvalues:
1×10 adjoint(::Vector{Float64}) with eltype Float64:
 -1.19066e-15  -9.92589e-16  7.91631e-16  1.45197e-15  -2.92788e-12  -8.2159e-9  -3.65097e-10  -1.27171e-10  -7.76091e-9  -7.84156e-6
Running with l = 50
read ../H2/gamma_VASP_RNDbasis1.dat
Davidson
iter=     1  Rnorm=  9.424e+00  size(V,2)=    50
iter=     2  Rnorm=  5.610e+00  size(V,2)=   100
iter=     3  Rnorm=  1.086e+00  size(V,2)=   150
iter=     4  Rnorm=  1.541e-01  size(V,2)=   200
iter=     5  Rnorm=  4.491e-02  size(V,2)=   100
iter=     6  Rnorm=  2.559e-02  size(V,2)=   150
iter=     7  Rnorm=  6.956e-03  size(V,2)=   200
converged!
 15.131122 seconds (5.09 k allocations: 555.089 MiB, 0.90% gc time)
Total estimated FLOPs: 382762471900

Reading exact Eigenvalues...
Reading eigenvalues from ../Eigenvalues_folder/eigenres_H2_RNDbasis1.jld2

Relative deviation between Davidson and exact eigenvalues:
1×50 adjoint(::Vector{Float64}) with eltype Float64:
 -3.40187e-16  -1.48888e-15  2.63877e-16  -0.0  -1.13314e-15  1.54501e-15  2.25814e-15  -9.67e-16  6.08928e-16  2.08434e-15  2.46492e-15  8.48711e-16  -9.70564e-16  -5.93704e-15  -8.82782e-15  -9.58042e-15  -1.13521e-14  -1.22221e-13  -5.05184e-14  -4.70203e-13  -2.31998e-12  -9.70229e-12  -2.0966e-12  -1.42959e-11  -1.07132e-10  -1.14221e-10  -5.39724e-11  -2.5997e-10  -7.44456e-10  -1.99401e-9  -2.14773e-9  -1.66555e-9  -1.45638e-8  -1.20501e-8  -3.49084e-8  -1.7958e-8  -9.58187e-8  -8.32508e-7  -1.14992e-6  -6.54991e-7  -9.90098e-7  -2.71954e-6  -3.44592e-6  -4.49158e-6  -3.06368e-5  -1.83187e-5  -0.000277757  -0.000410803  -0.000827228  -0.000644477
Running with l = 100
read ../H2/gamma_VASP_RNDbasis1.dat
Davidson
iter=     1  Rnorm=  9.993e+00  size(V,2)=   100
iter=     2  Rnorm=  5.324e+00  size(V,2)=   200
iter=     3  Rnorm=  4.578e-01  size(V,2)=   300
iter=     4  Rnorm=  1.144e-01  size(V,2)=   400
iter=     5  Rnorm=  6.638e-02  size(V,2)=   200
iter=     6  Rnorm=  4.383e-02  size(V,2)=   300
iter=     7  Rnorm=  3.066e-02  size(V,2)=   400
iter=     8  Rnorm=  2.518e-02  size(V,2)=   200
iter=     9  Rnorm=  2.287e-02  size(V,2)=   300
iter=    10  Rnorm=  2.073e-02  size(V,2)=   400
iter=    11  Rnorm=  1.970e-02  size(V,2)=   200
iter=    12  Rnorm=  1.898e-02  size(V,2)=   300
iter=    13  Rnorm=  1.807e-02  size(V,2)=   400
iter=    14  Rnorm=  1.759e-02  size(V,2)=   200
iter=    15  Rnorm=  1.716e-02  size(V,2)=   300
iter=    16  Rnorm=  1.676e-02  size(V,2)=   400
iter=    17  Rnorm=  1.657e-02  size(V,2)=   200
iter=    18  Rnorm=  1.631e-02  size(V,2)=   300
iter=    19  Rnorm=  1.594e-02  size(V,2)=   400
iter=    20  Rnorm=  1.575e-02  size(V,2)=   200
iter=    21  Rnorm=  1.563e-02  size(V,2)=   300
iter=    22  Rnorm=  1.532e-02  size(V,2)=   400
iter=    23  Rnorm=  1.521e-02  size(V,2)=   200
iter=    24  Rnorm=  1.506e-02  size(V,2)=   300
iter=    25  Rnorm=  1.484e-02  size(V,2)=   400
converged!
111.041435 seconds (38.14 k allocations: 4.211 GiB, 0.69% gc time)
Total estimated FLOPs: 2964909937400

Reading exact Eigenvalues...
Reading eigenvalues from ../Eigenvalues_folder/eigenres_H2_RNDbasis1.jld2

Relative deviation between Davidson and exact eigenvalues:
1×100 adjoint(::Vector{Float64}) with eltype Float64:
 -1.36075e-15  -1.11666e-15  -0.0  3.95992e-16  -4.85632e-16  3.56542e-16  8.31947e-16  9.67e-16  1.52232e-15  1.3264e-15  1.70648e-15  -4.84978e-16  1.2132e-15  -9.89507e-16  -1.87826e-15  -1.31496e-15  8.25609e-16  -6.99741e-16  -1.28338e-15  3.26324e-15  -4.45236e-15  2.35109e-15  -1.51209e-15  -3.65236e-15  3.23462e-15  4.47138e-16  2.29936e-16  1.61814e-15  -1.92464e-15  -2.18259e-15  6.88117e-15  -1.75811e-15  -6.27687e-16  3.76966e-15  -5.9531e-15  -8.84269e-15  2.02645e-15  1.37819e-15  1.72396e-15  -7.53962e-15  -1.31927e-15  2.16912e-14  -3.21376e-15  1.61036e-15  6.99323e-15  2.76228e-14  1.7753e-14  1.29969e-14  -5.16852e-15  -3.8083e-15  -8.01228e-15  -9.63342e-15  -3.85347e-15  2.11193e-14  1.71824e-14  1.82972e-14  2.93723e-15  1.19937e-14  -4.37859e-14  1.5677e-14  -2.29559e-14  2.32598e-14  -2.04834e-14  2.3567e-14  4.60835e-14  -1.4277e-14  -4.72206e-14  -2.2521e-14  -2.30487e-14  -1.22226e-14  -3.96432e-14  4.11825e-14  1.7711e-14  -7.80788e-14  6.38732e-14  2.76328e-14  -3.37458e-14  -4.18095e-11  -1.48883e-12  -6.15897e-13  -1.17258e-13  -4.27645e-6  -1.13704e-5  -1.09399e-6  -0.000259578  -0.00137677  -0.00145897  -0.0036375  -0.00268903  -0.00381295  -0.0080482  -0.00993212  -0.016054  -0.0191775  -0.0213472  -0.0211896  -0.0198603  -0.0259606  -0.0229726  -0.0295396
Running with l = 200
read ../H2/gamma_VASP_RNDbasis1.dat
Davidson
iter=     1  Rnorm=  1.122e+01  size(V,2)=   200
iter=     2  Rnorm=  3.981e+00  size(V,2)=   400
iter=     3  Rnorm=  2.459e-01  size(V,2)=   600
iter=     4  Rnorm=  1.010e-01  size(V,2)=   800
iter=     5  Rnorm=  7.679e-02  size(V,2)=   400
iter=     6  Rnorm=  6.674e-02  size(V,2)=   600
iter=     7  Rnorm=  6.040e-02  size(V,2)=   800
iter=     8  Rnorm=  5.693e-02  size(V,2)=   400
iter=     9  Rnorm=  5.524e-02  size(V,2)=   600
iter=    10  Rnorm=  5.349e-02  size(V,2)=   800
iter=    11  Rnorm=  5.236e-02  size(V,2)=   400
iter=    12  Rnorm=  5.146e-02  size(V,2)=   600
iter=    13  Rnorm=  5.042e-02  size(V,2)=   800
iter=    14  Rnorm=  4.977e-02  size(V,2)=   400
iter=    15  Rnorm=  4.914e-02  size(V,2)=   600
iter=    16  Rnorm=  4.843e-02  size(V,2)=   800
iter=    17  Rnorm=  4.796e-02  size(V,2)=   400
iter=    18  Rnorm=  4.744e-02  size(V,2)=   600
iter=    19  Rnorm=  4.686e-02  size(V,2)=   800
iter=    20  Rnorm=  4.643e-02  size(V,2)=   400
iter=    21  Rnorm=  4.594e-02  size(V,2)=   600
iter=    22  Rnorm=  4.542e-02  size(V,2)=   800
iter=    23  Rnorm=  4.503e-02  size(V,2)=   400
iter=    24  Rnorm=  4.460e-02  size(V,2)=   600
iter=    25  Rnorm=  4.410e-02  size(V,2)=   800
iter=    26  Rnorm=  4.377e-02  size(V,2)=   400
iter=    27  Rnorm=  4.340e-02  size(V,2)=   600
iter=    28  Rnorm=  4.295e-02  size(V,2)=   800
iter=    29  Rnorm=  4.263e-02  size(V,2)=   400
iter=    30  Rnorm=  4.224e-02  size(V,2)=   600
iter=    31  Rnorm=  4.181e-02  size(V,2)=   800
iter=    32  Rnorm=  4.151e-02  size(V,2)=   400
iter=    33  Rnorm=  4.115e-02  size(V,2)=   600
iter=    34  Rnorm=  4.075e-02  size(V,2)=   800
iter=    35  Rnorm=  4.050e-02  size(V,2)=   400
iter=    36  Rnorm=  4.015e-02  size(V,2)=   600
iter=    37  Rnorm=  3.976e-02  size(V,2)=   800
iter=    38  Rnorm=  3.950e-02  size(V,2)=   400
iter=    39  Rnorm=  3.918e-02  size(V,2)=   600
iter=    40  Rnorm=  3.883e-02  size(V,2)=   800
iter=    41  Rnorm=  3.858e-02  size(V,2)=   400
iter=    42  Rnorm=  3.826e-02  size(V,2)=   600
iter=    43  Rnorm=  3.791e-02  size(V,2)=   800
iter=    44  Rnorm=  3.765e-02  size(V,2)=   400
iter=    45  Rnorm=  3.734e-02  size(V,2)=   600
iter=    46  Rnorm=  3.699e-02  size(V,2)=   800
iter=    47  Rnorm=  3.675e-02  size(V,2)=   400
iter=    48  Rnorm=  3.645e-02  size(V,2)=   600
iter=    49  Rnorm=  3.611e-02  size(V,2)=   800
iter=    50  Rnorm=  3.588e-02  size(V,2)=   400
iter=    51  Rnorm=  3.560e-02  size(V,2)=   600
iter=    52  Rnorm=  3.527e-02  size(V,2)=   800
iter=    53  Rnorm=  3.504e-02  size(V,2)=   400
iter=    54  Rnorm=  3.474e-02  size(V,2)=   600
iter=    55  Rnorm=  3.441e-02  size(V,2)=   800
iter=    56  Rnorm=  3.419e-02  size(V,2)=   400
iter=    57  Rnorm=  3.392e-02  size(V,2)=   600
iter=    58  Rnorm=  3.361e-02  size(V,2)=   800
iter=    59  Rnorm=  3.341e-02  size(V,2)=   400
iter=    60  Rnorm=  3.314e-02  size(V,2)=   600
iter=    61  Rnorm=  3.286e-02  size(V,2)=   800
iter=    62  Rnorm=  3.267e-02  size(V,2)=   400
iter=    63  Rnorm=  3.240e-02  size(V,2)=   600
iter=    64  Rnorm=  3.212e-02  size(V,2)=   800
iter=    65  Rnorm=  3.192e-02  size(V,2)=   400
iter=    66  Rnorm=  3.167e-02  size(V,2)=   600
iter=    67  Rnorm=  3.141e-02  size(V,2)=   800
iter=    68  Rnorm=  3.124e-02  size(V,2)=   400
iter=    69  Rnorm=  3.102e-02  size(V,2)=   600
iter=    70  Rnorm=  3.075e-02  size(V,2)=   800
iter=    71  Rnorm=  3.058e-02  size(V,2)=   400
iter=    72  Rnorm=  3.036e-02  size(V,2)=   600
iter=    73  Rnorm=  3.011e-02  size(V,2)=   800
iter=    74  Rnorm=  2.993e-02  size(V,2)=   400
iter=    75  Rnorm=  2.971e-02  size(V,2)=   600
iter=    76  Rnorm=  2.945e-02  size(V,2)=   800
iter=    77  Rnorm=  2.927e-02  size(V,2)=   400
iter=    78  Rnorm=  2.905e-02  size(V,2)=   600
iter=    79  Rnorm=  2.880e-02  size(V,2)=   800
iter=    80  Rnorm=  2.864e-02  size(V,2)=   400
iter=    81  Rnorm=  2.844e-02  size(V,2)=   600
iter=    82  Rnorm=  2.821e-02  size(V,2)=   800
iter=    83  Rnorm=  2.807e-02  size(V,2)=   400
iter=    84  Rnorm=  2.786e-02  size(V,2)=   600
iter=    85  Rnorm=  2.762e-02  size(V,2)=   800
iter=    86  Rnorm=  2.747e-02  size(V,2)=   400
iter=    87  Rnorm=  2.728e-02  size(V,2)=   600
iter=    88  Rnorm=  2.706e-02  size(V,2)=   800
iter=    89  Rnorm=  2.692e-02  size(V,2)=   400
iter=    90  Rnorm=  2.673e-02  size(V,2)=   600
iter=    91  Rnorm=  2.652e-02  size(V,2)=   800
iter=    92  Rnorm=  2.638e-02  size(V,2)=   400
iter=    93  Rnorm=  2.620e-02  size(V,2)=   600
iter=    94  Rnorm=  2.599e-02  size(V,2)=   800
iter=    95  Rnorm=  2.587e-02  size(V,2)=   400
iter=    96  Rnorm=  2.568e-02  size(V,2)=   600
iter=    97  Rnorm=  2.547e-02  size(V,2)=   800
iter=    98  Rnorm=  2.535e-02  size(V,2)=   400
iter=    99  Rnorm=  2.515e-02  size(V,2)=   600
iter=   100  Rnorm=  2.496e-02  size(V,2)=   800
iter=   101  Rnorm=  2.482e-02  size(V,2)=   400
iter=   102  Rnorm=  2.465e-02  size(V,2)=   600
iter=   103  Rnorm=  2.446e-02  size(V,2)=   800
iter=   104  Rnorm=  2.434e-02  size(V,2)=   400
iter=   105  Rnorm=  2.417e-02  size(V,2)=   600
iter=   106  Rnorm=  2.399e-02  size(V,2)=   800
iter=   107  Rnorm=  2.387e-02  size(V,2)=   400
iter=   108  Rnorm=  2.372e-02  size(V,2)=   600
iter=   109  Rnorm=  2.353e-02  size(V,2)=   800
iter=   110  Rnorm=  2.342e-02  size(V,2)=   400
iter=   111  Rnorm=  2.326e-02  size(V,2)=   600
iter=   112  Rnorm=  2.309e-02  size(V,2)=   800
iter=   113  Rnorm=  2.298e-02  size(V,2)=   400
iter=   114  Rnorm=  2.284e-02  size(V,2)=   600
iter=   115  Rnorm=  2.267e-02  size(V,2)=   800
iter=   116  Rnorm=  2.256e-02  size(V,2)=   400
iter=   117  Rnorm=  2.241e-02  size(V,2)=   600
iter=   118  Rnorm=  2.224e-02  size(V,2)=   800
iter=   119  Rnorm=  2.213e-02  size(V,2)=   400
iter=   120  Rnorm=  2.198e-02  size(V,2)=   600
iter=   121  Rnorm=  2.182e-02  size(V,2)=   800
iter=   122  Rnorm=  2.172e-02  size(V,2)=   400
iter=   123  Rnorm=  2.157e-02  size(V,2)=   600
iter=   124  Rnorm=  2.141e-02  size(V,2)=   800
iter=   125  Rnorm=  2.131e-02  size(V,2)=   400
iter=   126  Rnorm=  2.117e-02  size(V,2)=   600
iter=   127  Rnorm=  2.101e-02  size(V,2)=   800
iter=   128  Rnorm=  2.092e-02  size(V,2)=   400
iter=   129  Rnorm=  2.079e-02  size(V,2)=   600
iter=   130  Rnorm=  2.064e-02  size(V,2)=   800
iter=   131  Rnorm=  2.055e-02  size(V,2)=   400
iter=   132  Rnorm=  2.043e-02  size(V,2)=   600
iter=   133  Rnorm=  2.026e-02  size(V,2)=   800
iter=   134  Rnorm=  2.018e-02  size(V,2)=   400
iter=   135  Rnorm=  2.005e-02  size(V,2)=   600
iter=   136  Rnorm=  1.990e-02  size(V,2)=   800
iter=   137  Rnorm=  1.981e-02  size(V,2)=   400
iter=   138  Rnorm=  1.968e-02  size(V,2)=   600
iter=   139  Rnorm=  1.954e-02  size(V,2)=   800
iter=   140  Rnorm=  1.945e-02  size(V,2)=   400
iter=   141  Rnorm=  1.933e-02  size(V,2)=   600
iter=   142  Rnorm=  1.920e-02  size(V,2)=   800
iter=   143  Rnorm=  1.912e-02  size(V,2)=   400
iter=   144  Rnorm=  1.900e-02  size(V,2)=   600
iter=   145  Rnorm=  1.887e-02  size(V,2)=   800
iter=   146  Rnorm=  1.877e-02  size(V,2)=   400
iter=   147  Rnorm=  1.866e-02  size(V,2)=   600
iter=   148  Rnorm=  1.852e-02  size(V,2)=   800
iter=   149  Rnorm=  1.844e-02  size(V,2)=   400
iter=   150  Rnorm=  1.834e-02  size(V,2)=   600
iter=   151  Rnorm=  1.821e-02  size(V,2)=   800
iter=   152  Rnorm=  1.813e-02  size(V,2)=   400
iter=   153  Rnorm=  1.801e-02  size(V,2)=   600
iter=   154  Rnorm=  1.789e-02  size(V,2)=   800
iter=   155  Rnorm=  1.782e-02  size(V,2)=   400
iter=   156  Rnorm=  1.771e-02  size(V,2)=   600
iter=   157  Rnorm=  1.760e-02  size(V,2)=   800
iter=   158  Rnorm=  1.752e-02  size(V,2)=   400
iter=   159  Rnorm=  1.742e-02  size(V,2)=   600
iter=   160  Rnorm=  1.730e-02  size(V,2)=   800
iter=   161  Rnorm=  1.723e-02  size(V,2)=   400
iter=   162  Rnorm=  1.712e-02  size(V,2)=   600
iter=   163  Rnorm=  1.701e-02  size(V,2)=   800
iter=   164  Rnorm=  1.695e-02  size(V,2)=   400
iter=   165  Rnorm=  1.685e-02  size(V,2)=   600
iter=   166  Rnorm=  1.674e-02  size(V,2)=   800
iter=   167  Rnorm=  1.667e-02  size(V,2)=   400
iter=   168  Rnorm=  1.657e-02  size(V,2)=   600
iter=   169  Rnorm=  1.646e-02  size(V,2)=   800
iter=   170  Rnorm=  1.639e-02  size(V,2)=   400
iter=   171  Rnorm=  1.630e-02  size(V,2)=   600
iter=   172  Rnorm=  1.620e-02  size(V,2)=   800
iter=   173  Rnorm=  1.614e-02  size(V,2)=   400
iter=   174  Rnorm=  1.605e-02  size(V,2)=   600
iter=   175  Rnorm=  1.595e-02  size(V,2)=   800
iter=   176  Rnorm=  1.589e-02  size(V,2)=   400
iter=   177  Rnorm=  1.580e-02  size(V,2)=   600
iter=   178  Rnorm=  1.571e-02  size(V,2)=   800
iter=   179  Rnorm=  1.565e-02  size(V,2)=   400
iter=   180  Rnorm=  1.556e-02  size(V,2)=   600
iter=   181  Rnorm=  1.546e-02  size(V,2)=   800
iter=   182  Rnorm=  1.541e-02  size(V,2)=   400
iter=   183  Rnorm=  1.532e-02  size(V,2)=   600
iter=   184  Rnorm=  1.522e-02  size(V,2)=   800
iter=   185  Rnorm=  1.516e-02  size(V,2)=   400
iter=   186  Rnorm=  1.507e-02  size(V,2)=   600
iter=   187  Rnorm=  1.498e-02  size(V,2)=   800
converged!
1749.022162 seconds (574.33 k allocations: 65.694 GiB, 0.68% gc time)
Total estimated FLOPs: 47900290039600

Reading exact Eigenvalues...
Reading eigenvalues from ../Eigenvalues_folder/eigenres_H2_RNDbasis1.jld2

Relative deviation between Davidson and exact eigenvalues:
1×200 adjoint(::Vector{Float64}) with eltype Float64:
 -8.50468e-16  -4.96295e-16  5.27754e-16  6.59987e-16  -2.42816e-15  3.56542e-16  8.31947e-16  6.90714e-16  1.21786e-15  2.65279e-15  3.79218e-15  -6.06222e-16  -1.57717e-15  1.15443e-15  9.3913e-16  -4.13273e-15  -2.06402e-16  -6.99741e-16  -1.86673e-15  -6.37815e-15  -1.48412e-16  1.51142e-15  -6.72039e-16  4.22904e-15  3.68077e-15  -4.47138e-15  7.12802e-15  -9.3354e-15  8.85335e-15  7.06132e-15  -3.95301e-15  1.75811e-15  1.0043e-14  4.71208e-15  1.3169e-14  3.06787e-15  -2.02645e-15  -2.41183e-15  -2.29862e-15  -5.14609e-15  -1.89495e-14  2.33598e-14  -1.67116e-14  -1.46396e-14  1.59381e-14  -2.74554e-14  -2.49547e-14  3.02669e-14  -1.55056e-14  -7.2539e-16  -2.00307e-15  -1.00188e-14  2.02307e-14  -4.39115e-15  3.37362e-14  -5.61114e-15  -3.84288e-14  2.24534e-14  -4.06985e-14  -3.70548e-15  -1.95929e-14  2.75445e-15  1.52471e-14  1.78303e-14  2.4671e-14  1.78021e-14  -1.27815e-14  -6.90898e-14  -1.12288e-14  2.52338e-14  -4.82431e-15  3.3074e-14  -1.57905e-14  -1.92953e-14  8.22354e-15  -3.84557e-14  -1.07111e-14  -4.01102e-14  5.1275e-14  4.69742e-14  -7.97153e-14  -1.61327e-14  -3.90775e-14  -8.22735e-14  -1.45003e-6  -4.68791e-6  -4.39946e-6  -3.15698e-6  -0.000136657  -3.99563e-5  -0.000605163  -0.000697288  -0.0018365  -0.00191279  -0.00205532  -0.00181091  -0.00192093  -0.00211777  -0.00251974  -0.00454658  -0.00609163  -0.0059897  -0.00617584  -0.00628366  -0.00591395  -0.00515519  -0.00469966  -0.00654655  -0.00649006  -0.00843866  -0.00840618  -0.00807767  -0.00844787  -0.00866369  -0.00859228  -0.00915548  -0.00923549  -0.0112745  -0.01206  -0.0119624  -0.0117109  -0.0124364  -0.0131195  -0.0128012  -0.0135961  -0.0130696  -0.0122719  -0.0128565  -0.0146875  -0.0137872  -0.0139147  -0.0138548  -0.013928  -0.0155177  -0.0141396  -0.015054  -0.0159905  -0.0148684  -0.0148719  -0.0157186  -0.0176741  -0.0167634  -0.0168822  -0.0176264  -0.0163495  -0.0186155  -0.0165503  -0.0189413  -0.0188754  -0.0196388  -0.0196414  -0.0203322  -0.0182019  -0.0190875  -0.0180331  -0.019622  -0.0203707  -0.0206329  -0.022568  -0.0214369  -0.0210124  -0.0218459  -0.0230307  -0.0234295  -0.0215826  -0.0213647  -0.025891  -0.0238419  -0.0245794  -0.0232398  -0.0244538  -0.0235602  -0.0248422  -0.0231623  -0.0212994  -0.0283093  -0.0354766  -0.0334184  -0.0294171  -0.0281819  -0.0314868  -0.0294745  -0.0294916  -0.0334471  -0.0369992  -0.0306907  -0.0394309  -0.0512417  -0.0539516  -0.038458  -0.0665723  -0.0486188  -0.07608  -0.0511059  -0.0789451  -0.0883624  -0.0955287  -0.123438  -0.114994  -0.148044
Running with alpha = 8
Running with l = 10
read ../H2/gamma_VASP_RNDbasis1.dat
Davidson
iter=     1  Rnorm=  8.900e+00  size(V,2)=    10
iter=     2  Rnorm=  5.193e+00  size(V,2)=    20
iter=     3  Rnorm=  1.680e+00  size(V,2)=    30
iter=     4  Rnorm=  1.263e+00  size(V,2)=    40
iter=     5  Rnorm=  2.640e-01  size(V,2)=    50
iter=     6  Rnorm=  1.316e-02  size(V,2)=    60
converged!
  6.027323 seconds (1.25 k allocations: 111.415 MiB)
Total estimated FLOPs: 78181993860

Reading exact Eigenvalues...
Reading eigenvalues from ../Eigenvalues_folder/eigenres_H2_RNDbasis1.jld2

Relative deviation between Davidson and exact eigenvalues:
1×10 adjoint(::Vector{Float64}) with eltype Float64:
 -2.04112e-15  -1.24074e-15  -2.77071e-15  -2.63995e-16  -1.0077e-8  -7.763e-6  -2.00369e-6  -9.85031e-8  -4.84553e-7  -9.59859e-6
Running with l = 50
read ../H2/gamma_VASP_RNDbasis1.dat
Davidson
iter=     1  Rnorm=  9.424e+00  size(V,2)=    50
iter=     2  Rnorm=  5.610e+00  size(V,2)=   100
iter=     3  Rnorm=  1.086e+00  size(V,2)=   150
iter=     4  Rnorm=  1.541e-01  size(V,2)=   200
iter=     5  Rnorm=  3.625e-02  size(V,2)=   250
iter=     6  Rnorm=  5.803e-03  size(V,2)=   300
converged!
 16.256614 seconds (4.26 k allocations: 562.210 MiB, 0.82% gc time)
Total estimated FLOPs: 401707497300

Reading exact Eigenvalues...
Reading eigenvalues from ../Eigenvalues_folder/eigenres_H2_RNDbasis1.jld2

Relative deviation between Davidson and exact eigenvalues:
1×50 adjoint(::Vector{Float64}) with eltype Float64:
 -1.36075e-15  -1.48888e-15  1.05551e-15  5.2799e-16  -1.61877e-16  2.37694e-16  2.37699e-16  1.38143e-16  -2.28348e-15  -4.50975e-14  -6.57943e-14  -1.44402e-13  -1.23626e-13  -6.45406e-12  -6.96816e-12  -5.51043e-12  -4.01308e-12  -4.04582e-11  -3.37542e-11  -1.99031e-10  -4.04008e-10  -1.62019e-9  -4.73978e-10  -2.35708e-9  -5.5307e-9  -4.48115e-9  -5.0116e-9  -8.37193e-9  -2.16147e-8  -7.32286e-8  -7.71169e-8  -5.87289e-8  -2.60757e-7  -1.82016e-7  -6.43699e-7  -5.09835e-7  -1.52195e-6  -2.94404e-6  -8.05658e-6  -7.00761e-6  -4.96287e-6  -1.86923e-5  -2.22754e-5  -1.58163e-5  -0.000105256  -4.06298e-5  -9.4628e-5  -0.000189562  -0.000208548  -0.000710874
Running with l = 100
read ../H2/gamma_VASP_RNDbasis1.dat
Davidson
iter=     1  Rnorm=  9.993e+00  size(V,2)=   100
iter=     2  Rnorm=  5.324e+00  size(V,2)=   200
iter=     3  Rnorm=  4.578e-01  size(V,2)=   300
iter=     4  Rnorm=  1.144e-01  size(V,2)=   400
iter=     5  Rnorm=  6.114e-02  size(V,2)=   500
iter=     6  Rnorm=  3.529e-02  size(V,2)=   600
iter=     7  Rnorm=  2.407e-02  size(V,2)=   700
iter=     8  Rnorm=  1.815e-02  size(V,2)=   800
iter=     9  Rnorm=  1.616e-02  size(V,2)=   200
iter=    10  Rnorm=  1.551e-02  size(V,2)=   300
iter=    11  Rnorm=  1.456e-02  size(V,2)=   400
converged!
 65.101091 seconds (15.95 k allocations: 2.329 GiB, 0.59% gc time)
Total estimated FLOPs: 1761741845400

Reading exact Eigenvalues...
Reading eigenvalues from ../Eigenvalues_folder/eigenres_H2_RNDbasis1.jld2

Relative deviation between Davidson and exact eigenvalues:
1×100 adjoint(::Vector{Float64}) with eltype Float64:
 -1.70094e-15  -1.73703e-15  1.05551e-15  1.18798e-15  -4.85632e-16  8.3193e-16  1.66389e-15  1.38143e-16  2.28348e-15  2.27382e-15  -0.0  -1.21244e-15  -6.06602e-16  -3.29836e-15  -5.63478e-16  -1.31496e-15  1.65122e-15  -1.39948e-15  -2.45008e-15  1.18663e-15  -1.48412e-15  4.03045e-15  -2.18413e-15  -2.49898e-15  -8.81154e-15  4.3596e-15  -8.96751e-15  4.72994e-15  -8.34011e-15  -1.41226e-15  -2.34252e-15  -6.29989e-15  6.90455e-15  6.28277e-16  -1.08238e-15  -8.3013e-15  -7.90316e-15  -1.49304e-14  -8.16009e-15  1.42415e-14  -1.69107e-14  -1.93809e-14  -1.67116e-15  1.15653e-14  1.83776e-14  -2.52791e-14  -3.68459e-15  -1.58456e-14  1.47927e-14  1.2513e-14  1.78455e-14  -2.00375e-14  2.31208e-14  -3.0738e-14  -1.67633e-15  -9.75851e-16  -1.73786e-14  -2.37085e-14  -1.50163e-14  2.00951e-14  -2.09088e-14  -3.7032e-14  -3.04941e-14  -5.28708e-14  -4.88765e-14  -1.30749e-12  -6.9748e-13  -5.04413e-12  -1.02003e-11  -5.38189e-12  -6.76361e-11  -1.39898e-10  -2.41443e-10  -4.58845e-10  -5.87121e-10  -1.95926e-9  -9.93045e-10  -6.44183e-8  -9.29862e-8  -1.99088e-8  -4.93752e-8  -4.9295e-6  -4.43333e-6  -4.36167e-6  -0.000141307  -0.000225985  -0.000324059  -0.000382885  -0.00105708  -0.00185961  -0.0046889  -0.00896962  -0.0169128  -0.0211125  -0.0215053  -0.0249691  -0.0236389  -0.0279032  -0.0265116  -0.0333699
Running with l = 200
read ../H2/gamma_VASP_RNDbasis1.dat
Davidson
iter=     1  Rnorm=  1.122e+01  size(V,2)=   200
iter=     2  Rnorm=  3.981e+00  size(V,2)=   400
iter=     3  Rnorm=  2.459e-01  size(V,2)=   600
iter=     4  Rnorm=  1.010e-01  size(V,2)=   800
iter=     5  Rnorm=  7.227e-02  size(V,2)=  1000
iter=     6  Rnorm=  6.035e-02  size(V,2)=  1200
iter=     7  Rnorm=  5.404e-02  size(V,2)=  1400
iter=     8  Rnorm=  4.967e-02  size(V,2)=  1600
iter=     9  Rnorm=  4.752e-02  size(V,2)=   400
iter=    10  Rnorm=  4.634e-02  size(V,2)=   600
iter=    11  Rnorm=  4.543e-02  size(V,2)=   800
iter=    12  Rnorm=  4.462e-02  size(V,2)=  1000
iter=    13  Rnorm=  4.385e-02  size(V,2)=  1200
iter=    14  Rnorm=  4.302e-02  size(V,2)=  1400
iter=    15  Rnorm=  4.204e-02  size(V,2)=  1600
iter=    16  Rnorm=  4.155e-02  size(V,2)=   400
iter=    17  Rnorm=  4.113e-02  size(V,2)=   600
iter=    18  Rnorm=  4.068e-02  size(V,2)=   800
iter=    19  Rnorm=  4.023e-02  size(V,2)=  1000
iter=    20  Rnorm=  3.972e-02  size(V,2)=  1200
iter=    21  Rnorm=  3.920e-02  size(V,2)=  1400
iter=    22  Rnorm=  3.865e-02  size(V,2)=  1600
iter=    23  Rnorm=  3.835e-02  size(V,2)=   400
iter=    24  Rnorm=  3.802e-02  size(V,2)=   600
iter=    25  Rnorm=  3.767e-02  size(V,2)=   800
iter=    26  Rnorm=  3.729e-02  size(V,2)=  1000
iter=    27  Rnorm=  3.687e-02  size(V,2)=  1200
iter=    28  Rnorm=  3.645e-02  size(V,2)=  1400
iter=    29  Rnorm=  3.599e-02  size(V,2)=  1600
iter=    30  Rnorm=  3.574e-02  size(V,2)=   400
iter=    31  Rnorm=  3.545e-02  size(V,2)=   600
iter=    32  Rnorm=  3.512e-02  size(V,2)=   800
iter=    33  Rnorm=  3.477e-02  size(V,2)=  1000
iter=    34  Rnorm=  3.443e-02  size(V,2)=  1200
iter=    35  Rnorm=  3.405e-02  size(V,2)=  1400
iter=    36  Rnorm=  3.366e-02  size(V,2)=  1600
iter=    37  Rnorm=  3.345e-02  size(V,2)=   400
iter=    38  Rnorm=  3.319e-02  size(V,2)=   600
iter=    39  Rnorm=  3.289e-02  size(V,2)=   800
iter=    40  Rnorm=  3.259e-02  size(V,2)=  1000
iter=    41  Rnorm=  3.225e-02  size(V,2)=  1200
iter=    42  Rnorm=  3.189e-02  size(V,2)=  1400
iter=    43  Rnorm=  3.153e-02  size(V,2)=  1600
iter=    44  Rnorm=  3.132e-02  size(V,2)=   400
iter=    45  Rnorm=  3.108e-02  size(V,2)=   600
iter=    46  Rnorm=  3.082e-02  size(V,2)=   800
iter=    47  Rnorm=  3.054e-02  size(V,2)=  1000
iter=    48  Rnorm=  3.025e-02  size(V,2)=  1200
iter=    49  Rnorm=  2.996e-02  size(V,2)=  1400
iter=    50  Rnorm=  2.964e-02  size(V,2)=  1600
iter=    51  Rnorm=  2.946e-02  size(V,2)=   400
iter=    52  Rnorm=  2.924e-02  size(V,2)=   600
iter=    53  Rnorm=  2.900e-02  size(V,2)=   800
iter=    54  Rnorm=  2.876e-02  size(V,2)=  1000
iter=    55  Rnorm=  2.850e-02  size(V,2)=  1200
iter=    56  Rnorm=  2.821e-02  size(V,2)=  1400
iter=    57  Rnorm=  2.790e-02  size(V,2)=  1600
iter=    58  Rnorm=  2.775e-02  size(V,2)=   400
iter=    59  Rnorm=  2.755e-02  size(V,2)=   600
iter=    60  Rnorm=  2.733e-02  size(V,2)=   800
iter=    61  Rnorm=  2.710e-02  size(V,2)=  1000
iter=    62  Rnorm=  2.685e-02  size(V,2)=  1200
iter=    63  Rnorm=  2.659e-02  size(V,2)=  1400
iter=    64  Rnorm=  2.631e-02  size(V,2)=  1600
iter=    65  Rnorm=  2.616e-02  size(V,2)=   400
iter=    66  Rnorm=  2.597e-02  size(V,2)=   600
iter=    67  Rnorm=  2.577e-02  size(V,2)=   800
iter=    68  Rnorm=  2.555e-02  size(V,2)=  1000
iter=    69  Rnorm=  2.533e-02  size(V,2)=  1200
iter=    70  Rnorm=  2.510e-02  size(V,2)=  1400
iter=    71  Rnorm=  2.486e-02  size(V,2)=  1600
iter=    72  Rnorm=  2.473e-02  size(V,2)=   400
iter=    73  Rnorm=  2.457e-02  size(V,2)=   600
iter=    74  Rnorm=  2.438e-02  size(V,2)=   800
iter=    75  Rnorm=  2.418e-02  size(V,2)=  1000
iter=    76  Rnorm=  2.397e-02  size(V,2)=  1200
iter=    77  Rnorm=  2.374e-02  size(V,2)=  1400
iter=    78  Rnorm=  2.350e-02  size(V,2)=  1600
iter=    79  Rnorm=  2.338e-02  size(V,2)=   400
iter=    80  Rnorm=  2.321e-02  size(V,2)=   600
iter=    81  Rnorm=  2.303e-02  size(V,2)=   800
iter=    82  Rnorm=  2.285e-02  size(V,2)=  1000
iter=    83  Rnorm=  2.266e-02  size(V,2)=  1200
iter=    84  Rnorm=  2.245e-02  size(V,2)=  1400
iter=    85  Rnorm=  2.225e-02  size(V,2)=  1600
iter=    86  Rnorm=  2.214e-02  size(V,2)=   400
iter=    87  Rnorm=  2.199e-02  size(V,2)=   600
iter=    88  Rnorm=  2.183e-02  size(V,2)=   800
iter=    89  Rnorm=  2.166e-02  size(V,2)=  1000
iter=    90  Rnorm=  2.148e-02  size(V,2)=  1200
iter=    91  Rnorm=  2.130e-02  size(V,2)=  1400
iter=    92  Rnorm=  2.110e-02  size(V,2)=  1600
iter=    93  Rnorm=  2.100e-02  size(V,2)=   400
iter=    94  Rnorm=  2.087e-02  size(V,2)=   600
iter=    95  Rnorm=  2.071e-02  size(V,2)=   800
iter=    96  Rnorm=  2.055e-02  size(V,2)=  1000
iter=    97  Rnorm=  2.038e-02  size(V,2)=  1200
iter=    98  Rnorm=  2.021e-02  size(V,2)=  1400
iter=    99  Rnorm=  2.003e-02  size(V,2)=  1600
iter=   100  Rnorm=  1.993e-02  size(V,2)=   400
iter=   101  Rnorm=  1.981e-02  size(V,2)=   600
iter=   102  Rnorm=  1.965e-02  size(V,2)=   800
iter=   103  Rnorm=  1.951e-02  size(V,2)=  1000
iter=   104  Rnorm=  1.935e-02  size(V,2)=  1200
iter=   105  Rnorm=  1.919e-02  size(V,2)=  1400
iter=   106  Rnorm=  1.902e-02  size(V,2)=  1600
iter=   107  Rnorm=  1.893e-02  size(V,2)=   400
iter=   108  Rnorm=  1.880e-02  size(V,2)=   600
iter=   109  Rnorm=  1.868e-02  size(V,2)=   800
iter=   110  Rnorm=  1.854e-02  size(V,2)=  1000
iter=   111  Rnorm=  1.839e-02  size(V,2)=  1200
iter=   112  Rnorm=  1.824e-02  size(V,2)=  1400
iter=   113  Rnorm=  1.808e-02  size(V,2)=  1600
iter=   114  Rnorm=  1.800e-02  size(V,2)=   400
iter=   115  Rnorm=  1.789e-02  size(V,2)=   600
iter=   116  Rnorm=  1.777e-02  size(V,2)=   800
iter=   117  Rnorm=  1.764e-02  size(V,2)=  1000
iter=   118  Rnorm=  1.750e-02  size(V,2)=  1200
iter=   119  Rnorm=  1.736e-02  size(V,2)=  1400
iter=   120  Rnorm=  1.721e-02  size(V,2)=  1600
iter=   121  Rnorm=  1.714e-02  size(V,2)=   400
iter=   122  Rnorm=  1.704e-02  size(V,2)=   600
iter=   123  Rnorm=  1.692e-02  size(V,2)=   800
iter=   124  Rnorm=  1.680e-02  size(V,2)=  1000
iter=   125  Rnorm=  1.668e-02  size(V,2)=  1200
iter=   126  Rnorm=  1.655e-02  size(V,2)=  1400
iter=   127  Rnorm=  1.641e-02  size(V,2)=  1600
iter=   128  Rnorm=  1.634e-02  size(V,2)=   400
iter=   129  Rnorm=  1.624e-02  size(V,2)=   600
iter=   130  Rnorm=  1.613e-02  size(V,2)=   800
iter=   131  Rnorm=  1.602e-02  size(V,2)=  1000
iter=   132  Rnorm=  1.590e-02  size(V,2)=  1200
iter=   133  Rnorm=  1.578e-02  size(V,2)=  1400
iter=   134  Rnorm=  1.566e-02  size(V,2)=  1600
iter=   135  Rnorm=  1.559e-02  size(V,2)=   400
iter=   136  Rnorm=  1.551e-02  size(V,2)=   600
iter=   137  Rnorm=  1.541e-02  size(V,2)=   800
iter=   138  Rnorm=  1.531e-02  size(V,2)=  1000
iter=   139  Rnorm=  1.519e-02  size(V,2)=  1200
iter=   140  Rnorm=  1.508e-02  size(V,2)=  1400
iter=   141  Rnorm=  1.495e-02  size(V,2)=  1600
converged!
2255.246971 seconds (432.37 k allocations: 72.850 GiB, 0.50% gc time)
Total estimated FLOPs: 61062740073200

Reading exact Eigenvalues...
Reading eigenvalues from ../Eigenvalues_folder/eigenres_H2_RNDbasis1.jld2

Relative deviation between Davidson and exact eigenvalues:
1×200 adjoint(::Vector{Float64}) with eltype Float64:
 -1.53084e-15  -1.98518e-15  9.23569e-16  1.05598e-15  -6.4751e-16  3.56542e-16  8.31947e-16  -4.14428e-16  1.52232e-15  9.47426e-16  3.22335e-15  -8.48711e-16  1.57717e-15  1.15443e-15  -1.31478e-15  -3.00562e-15  2.06402e-16  -2.56572e-15  1.75006e-15  -5.93316e-16  2.07777e-15  -4.70219e-15  -1.17607e-15  4.03682e-15  -1.33846e-15  3.57711e-15  -5.74841e-16  -5.3523e-15  4.1059e-15  -1.15549e-15  -5.27068e-15  -1.37719e-14  8.47377e-15  -5.65449e-15  4.87071e-15  -5.95528e-15  7.29523e-15  -1.63086e-14  1.71247e-14  -1.51989e-14  -3.59801e-16  -1.7584e-14  -2.4039e-14  5.70946e-15  -1.34986e-14  -1.5904e-14  -2.81369e-14  3.18692e-14  1.55056e-14  3.50001e-14  -2.36726e-14  -1.34868e-14  -3.31399e-14  -1.06642e-14  -2.09542e-14  1.20762e-14  2.16621e-14  -2.24534e-14  -5.34694e-14  3.34918e-14  -2.36869e-14  7.65124e-16  -2.71059e-14  -4.97699e-14  2.69984e-14  -3.59568e-14  4.20725e-14  -1.01154e-14  -3.15196e-15  -1.43911e-14  -6.71208e-15  -3.03001e-14  4.99321e-14  -8.88483e-14  -2.24176e-14  7.02334e-14  -3.651e-14  6.89896e-14  8.68587e-14  9.45713e-14  -5.99429e-14  -6.72434e-14  -8.97495e-14  5.38439e-14  -5.84482e-14  7.64818e-14  3.10622e-14  -9.40312e-14  -3.83113e-14  6.87908e-14  -1.8612e-5  -9.53161e-6  -0.000677745  -0.000464679  -0.000493728  -0.000257139  -0.00020651  -0.000405621  -0.000445692  -0.00356934  -0.00455456  -0.00463747  -0.00582616  -0.003498  -0.00482196  -0.00405465  -0.00385458  -0.00666977  -0.00615368  -0.00784136  -0.00879171  -0.0090468  -0.00882129  -0.00786526  -0.00829842  -0.00953907  -0.0106015  -0.0127929  -0.0140355  -0.013341  -0.0130944  -0.0136498  -0.014269  -0.015038  -0.0152279  -0.0145385  -0.0146892  -0.0147412  -0.0176287  -0.0167937  -0.017865  -0.0164829  -0.0169049  -0.0190325  -0.0166723  -0.0182344  -0.0186197  -0.0190642  -0.0169773  -0.0193138  -0.0197863  -0.0193675  -0.0204397  -0.0213219  -0.0204887  -0.021356  -0.0198995  -0.0227236  -0.0224508  -0.0224929  -0.0227264  -0.0225671  -0.0219383  -0.0232639  -0.0226207  -0.0231888  -0.0230683  -0.023395  -0.0252586  -0.0243367  -0.0246999  -0.0261147  -0.0260377  -0.0277984  -0.0250279  -0.0237183  -0.0299228  -0.0266553  -0.0273021  -0.027342  -0.0279938  -0.0274351  -0.0269621  -0.0270329  -0.0253861  -0.0301422  -0.0369692  -0.0348139  -0.0339631  -0.0310953  -0.0341312  -0.0317426  -0.0291805  -0.0319574  -0.0344345  -0.0326267  -0.0372321  -0.0485157  -0.0534012  -0.0369073  -0.0564539  -0.0455171  -0.0630429  -0.0449966  -0.0615411  -0.0652087  -0.070496  -0.10309  -0.093312  -0.106088
Running with alpha = 16
Running with l = 10
read ../H2/gamma_VASP_RNDbasis1.dat
Davidson
iter=     1  Rnorm=  8.900e+00  size(V,2)=    10
iter=     2  Rnorm=  5.193e+00  size(V,2)=    20
iter=     3  Rnorm=  1.680e+00  size(V,2)=    30
iter=     4  Rnorm=  1.263e+00  size(V,2)=    40
iter=     5  Rnorm=  2.640e-01  size(V,2)=    50
iter=     6  Rnorm=  1.316e-02  size(V,2)=    60
converged!
  5.877080 seconds (1.25 k allocations: 111.415 MiB)
Total estimated FLOPs: 78181993860

Reading exact Eigenvalues...
Reading eigenvalues from ../Eigenvalues_folder/eigenres_H2_RNDbasis1.jld2

Relative deviation between Davidson and exact eigenvalues:
1×10 adjoint(::Vector{Float64}) with eltype Float64:
 -2.04112e-15  -1.24074e-15  -2.77071e-15  -2.63995e-16  -1.0077e-8  -7.763e-6  -2.00369e-6  -9.85031e-8  -4.84553e-7  -9.59859e-6
Running with l = 50
read ../H2/gamma_VASP_RNDbasis1.dat
Davidson
iter=     1  Rnorm=  9.424e+00  size(V,2)=    50
iter=     2  Rnorm=  5.610e+00  size(V,2)=   100
iter=     3  Rnorm=  1.086e+00  size(V,2)=   150
iter=     4  Rnorm=  1.541e-01  size(V,2)=   200
iter=     5  Rnorm=  3.625e-02  size(V,2)=   250
iter=     6  Rnorm=  5.803e-03  size(V,2)=   300
converged!
 16.200723 seconds (4.26 k allocations: 562.210 MiB, 0.83% gc time)
Total estimated FLOPs: 401707497300

Reading exact Eigenvalues...
Reading eigenvalues from ../Eigenvalues_folder/eigenres_H2_RNDbasis1.jld2

Relative deviation between Davidson and exact eigenvalues:
1×50 adjoint(::Vector{Float64}) with eltype Float64:
 -1.36075e-15  -1.48888e-15  1.05551e-15  5.2799e-16  -1.61877e-16  2.37694e-16  2.37699e-16  1.38143e-16  -2.28348e-15  -4.50975e-14  -6.57943e-14  -1.44402e-13  -1.23626e-13  -6.45406e-12  -6.96816e-12  -5.51043e-12  -4.01308e-12  -4.04582e-11  -3.37542e-11  -1.99031e-10  -4.04008e-10  -1.62019e-9  -4.73978e-10  -2.35708e-9  -5.5307e-9  -4.48115e-9  -5.0116e-9  -8.37193e-9  -2.16147e-8  -7.32286e-8  -7.71169e-8  -5.87289e-8  -2.60757e-7  -1.82016e-7  -6.43699e-7  -5.09835e-7  -1.52195e-6  -2.94404e-6  -8.05658e-6  -7.00761e-6  -4.96287e-6  -1.86923e-5  -2.22754e-5  -1.58163e-5  -0.000105256  -4.06298e-5  -9.4628e-5  -0.000189562  -0.000208548  -0.000710874
Running with l = 100
read ../H2/gamma_VASP_RNDbasis1.dat
Davidson
iter=     1  Rnorm=  9.993e+00  size(V,2)=   100
iter=     2  Rnorm=  5.324e+00  size(V,2)=   200
iter=     3  Rnorm=  4.578e-01  size(V,2)=   300
iter=     4  Rnorm=  1.144e-01  size(V,2)=   400
iter=     5  Rnorm=  6.114e-02  size(V,2)=   500
iter=     6  Rnorm=  3.529e-02  size(V,2)=   600
iter=     7  Rnorm=  2.407e-02  size(V,2)=   700
iter=     8  Rnorm=  1.815e-02  size(V,2)=   800
iter=     9  Rnorm=  1.461e-02  size(V,2)=   900
converged!
 65.389023 seconds (12.78 k allocations: 2.220 GiB, 0.61% gc time)
Total estimated FLOPs: 1741732558200

Reading exact Eigenvalues...
Reading eigenvalues from ../Eigenvalues_folder/eigenres_H2_RNDbasis1.jld2

Relative deviation between Davidson and exact eigenvalues:
1×100 adjoint(::Vector{Float64}) with eltype Float64:
 -2.04112e-15  -4.96295e-16  2.63877e-16  9.23982e-16  -8.09387e-16  1.78271e-15  8.31947e-16  1.38143e-16  1.52232e-15  -1.89485e-16  2.46492e-15  -1.21244e-15  -0.0  6.59672e-16  -1.12696e-15  -5.63554e-16  1.23841e-15  1.39948e-15  8.16695e-16  2.07661e-15  -4.15554e-15  -2.01522e-15  -2.85617e-15  -2.49898e-15  4.57308e-15  4.47138e-15  1.14968e-15  -4.85441e-15  -5.77392e-15  3.85163e-16  7.32039e-16  1.17207e-15  -0.0  -3.14138e-16  -1.62357e-15  3.78972e-15  -6.48465e-15  -1.92947e-14  -1.06886e-14  1.04119e-14  1.85897e-14  -5.00567e-15  -1.11839e-14  -9.51577e-15  1.31733e-14  -1.38951e-14  -1.10538e-14  7.29965e-15  -1.33669e-14  -1.36011e-14  -1.45678e-15  -1.69548e-14  -3.35252e-14  -3.19926e-14  -7.92068e-14  -1.081e-12  -3.11836e-13  -4.18358e-12  -6.14519e-12  -5.11299e-12  -1.47574e-11  -2.35915e-11  -4.66583e-11  -2.39258e-11  -4.67496e-11  -7.37459e-10  -4.1702e-10  -1.8823e-9  -3.94206e-9  -1.7733e-9  -1.4018e-8  -2.50712e-8  -1.69699e-8  -2.99922e-8  -6.34344e-8  -7.14447e-8  -7.94799e-8  -3.32627e-7  -4.9088e-7  -4.49531e-7  -7.96958e-7  -1.20747e-5  -6.37541e-6  -8.15276e-6  -9.34075e-5  -0.000122739  -0.000230545  -0.000228211  -0.000731354  -0.00121625  -0.00294563  -0.0054621  -0.0166185  -0.0212678  -0.0219691  -0.0275997  -0.0255058  -0.0304978  -0.0276754  -0.036179
Running with l = 200
read ../H2/gamma_VASP_RNDbasis1.dat
Davidson
iter=     1  Rnorm=  1.122e+01  size(V,2)=   200
iter=     2  Rnorm=  3.981e+00  size(V,2)=   400
iter=     3  Rnorm=  2.459e-01  size(V,2)=   600
iter=     4  Rnorm=  1.010e-01  size(V,2)=   800
iter=     5  Rnorm=  7.227e-02  size(V,2)=  1000
iter=     6  Rnorm=  6.035e-02  size(V,2)=  1200
iter=     7  Rnorm=  5.404e-02  size(V,2)=  1400
iter=     8  Rnorm=  4.967e-02  size(V,2)=  1600
iter=     9  Rnorm=  4.598e-02  size(V,2)=  1800
iter=    10  Rnorm=  4.360e-02  size(V,2)=  2000
iter=    11  Rnorm=  4.151e-02  size(V,2)=  2200
iter=    12  Rnorm=  3.946e-02  size(V,2)=  2400
iter=    13  Rnorm=  3.753e-02  size(V,2)=  2600
iter=    14  Rnorm=  3.615e-02  size(V,2)=  2800
iter=    15  Rnorm=  3.494e-02  size(V,2)=  3000
iter=    16  Rnorm=  3.384e-02  size(V,2)=  3200
iter=    17  Rnorm=  3.344e-02  size(V,2)=   400
iter=    18  Rnorm=  3.306e-02  size(V,2)=   600
iter=    19  Rnorm=  3.270e-02  size(V,2)=   800
iter=    20  Rnorm=  3.237e-02  size(V,2)=  1000
iter=    21  Rnorm=  3.198e-02  size(V,2)=  1200
iter=    22  Rnorm=  3.163e-02  size(V,2)=  1400
iter=    23  Rnorm=  3.126e-02  size(V,2)=  1600
iter=    24  Rnorm=  3.086e-02  size(V,2)=  1800
iter=    25  Rnorm=  3.048e-02  size(V,2)=  2000
iter=    26  Rnorm=  3.001e-02  size(V,2)=  2200
iter=    27  Rnorm=  2.958e-02  size(V,2)=  2400
iter=    28  Rnorm=  2.914e-02  size(V,2)=  2600
iter=    29  Rnorm=  2.870e-02  size(V,2)=  2800
iter=    30  Rnorm=  2.824e-02  size(V,2)=  3000
iter=    31  Rnorm=  2.773e-02  size(V,2)=  3200
iter=    32  Rnorm=  2.754e-02  size(V,2)=   400
iter=    33  Rnorm=  2.733e-02  size(V,2)=   600
iter=    34  Rnorm=  2.709e-02  size(V,2)=   800
iter=    35  Rnorm=  2.685e-02  size(V,2)=  1000
iter=    36  Rnorm=  2.660e-02  size(V,2)=  1200
iter=    37  Rnorm=  2.634e-02  size(V,2)=  1400
iter=    38  Rnorm=  2.608e-02  size(V,2)=  1600
iter=    39  Rnorm=  2.580e-02  size(V,2)=  1800
iter=    40  Rnorm=  2.552e-02  size(V,2)=  2000
iter=    41  Rnorm=  2.524e-02  size(V,2)=  2200
iter=    42  Rnorm=  2.495e-02  size(V,2)=  2400
iter=    43  Rnorm=  2.462e-02  size(V,2)=  2600
iter=    44  Rnorm=  2.431e-02  size(V,2)=  2800
iter=    45  Rnorm=  2.400e-02  size(V,2)=  3000
iter=    46  Rnorm=  2.368e-02  size(V,2)=  3200
iter=    47  Rnorm=  2.356e-02  size(V,2)=   400
iter=    48  Rnorm=  2.338e-02  size(V,2)=   600
iter=    49  Rnorm=  2.320e-02  size(V,2)=   800
iter=    50  Rnorm=  2.302e-02  size(V,2)=  1000
iter=    51  Rnorm=  2.284e-02  size(V,2)=  1200
iter=    52  Rnorm=  2.263e-02  size(V,2)=  1400
iter=    53  Rnorm=  2.243e-02  size(V,2)=  1600
iter=    54  Rnorm=  2.221e-02  size(V,2)=  1800
iter=    55  Rnorm=  2.199e-02  size(V,2)=  2000
iter=    56  Rnorm=  2.175e-02  size(V,2)=  2200
iter=    57  Rnorm=  2.152e-02  size(V,2)=  2400
iter=    58  Rnorm=  2.127e-02  size(V,2)=  2600
iter=    59  Rnorm=  2.103e-02  size(V,2)=  2800
iter=    60  Rnorm=  2.077e-02  size(V,2)=  3000
iter=    61  Rnorm=  2.050e-02  size(V,2)=  3200
iter=    62  Rnorm=  2.040e-02  size(V,2)=   400
iter=    63  Rnorm=  2.027e-02  size(V,2)=   600
iter=    64  Rnorm=  2.012e-02  size(V,2)=   800
iter=    65  Rnorm=  1.996e-02  size(V,2)=  1000
iter=    66  Rnorm=  1.980e-02  size(V,2)=  1200
iter=    67  Rnorm=  1.963e-02  size(V,2)=  1400
iter=    68  Rnorm=  1.946e-02  size(V,2)=  1600
iter=    69  Rnorm=  1.928e-02  size(V,2)=  1800
iter=    70  Rnorm=  1.910e-02  size(V,2)=  2000
iter=    71  Rnorm=  1.892e-02  size(V,2)=  2200
iter=    72  Rnorm=  1.873e-02  size(V,2)=  2400
iter=    73  Rnorm=  1.854e-02  size(V,2)=  2600
iter=    74  Rnorm=  1.834e-02  size(V,2)=  2800
iter=    75  Rnorm=  1.813e-02  size(V,2)=  3000
iter=    76  Rnorm=  1.792e-02  size(V,2)=  3200
iter=    77  Rnorm=  1.783e-02  size(V,2)=   400
iter=    78  Rnorm=  1.772e-02  size(V,2)=   600
iter=    79  Rnorm=  1.759e-02  size(V,2)=   800
iter=    80  Rnorm=  1.747e-02  size(V,2)=  1000
iter=    81  Rnorm=  1.734e-02  size(V,2)=  1200
iter=    82  Rnorm=  1.720e-02  size(V,2)=  1400
iter=    83  Rnorm=  1.706e-02  size(V,2)=  1600
iter=    84  Rnorm=  1.692e-02  size(V,2)=  1800
iter=    85  Rnorm=  1.676e-02  size(V,2)=  2000
iter=    86  Rnorm=  1.661e-02  size(V,2)=  2200
iter=    87  Rnorm=  1.645e-02  size(V,2)=  2400
iter=    88  Rnorm=  1.629e-02  size(V,2)=  2600
iter=    89  Rnorm=  1.613e-02  size(V,2)=  2800
iter=    90  Rnorm=  1.595e-02  size(V,2)=  3000
iter=    91  Rnorm=  1.576e-02  size(V,2)=  3200
iter=    92  Rnorm=  1.570e-02  size(V,2)=   400
iter=    93  Rnorm=  1.561e-02  size(V,2)=   600
iter=    94  Rnorm=  1.551e-02  size(V,2)=   800
iter=    95  Rnorm=  1.541e-02  size(V,2)=  1000
iter=    96  Rnorm=  1.529e-02  size(V,2)=  1200
iter=    97  Rnorm=  1.518e-02  size(V,2)=  1400
iter=    98  Rnorm=  1.506e-02  size(V,2)=  1600
iter=    99  Rnorm=  1.494e-02  size(V,2)=  1800
converged!
3227.197722 seconds (302.70 k allocations: 84.866 GiB, 0.36% gc time)
Total estimated FLOPs: 91557185828400

Reading exact Eigenvalues...
Reading eigenvalues from ../Eigenvalues_folder/eigenres_H2_RNDbasis1.jld2

Relative deviation between Davidson and exact eigenvalues:
1×200 adjoint(::Vector{Float64}) with eltype Float64:
 -6.80375e-16  -2.23333e-15  7.91631e-16  6.59987e-16  -2.26628e-15  3.56542e-16  1.30735e-15  6.90714e-16  2.13125e-15  1.89485e-16  9.48044e-16  -1.0912e-15  -1.2132e-16  -1.64918e-16  9.3913e-16  -3.75703e-16  -4.33445e-15  6.99741e-16  -4.7835e-15  -5.93316e-16  -5.93649e-16  -6.71741e-16  3.19219e-15  -1.34561e-15  1.11538e-16  -1.78855e-15  6.89809e-16  5.60124e-15  -1.92464e-15  -8.85875e-15  -1.21518e-14  -5.56735e-15  -7.2184e-15  -4.39794e-15  7.75706e-15  -1.02864e-14  -6.07936e-15  -5.16822e-15  5.63161e-15  2.75256e-15  -1.04342e-14  -1.41186e-15  -1.16981e-14  -1.96171e-14  -7.96903e-15  1.45648e-14  1.00489e-14  -4.45101e-15  -1.78225e-14  1.10622e-14  1.80276e-14  -1.15601e-15  -3.08278e-15  -1.90283e-14  -2.78691e-14  -3.63505e-14  -1.71338e-15  -1.64565e-14  -1.76828e-14  1.73872e-14  -2.06164e-14  2.4484e-15  -1.12428e-14  5.0235e-14  3.24291e-14  -5.46402e-15  -8.521e-15  2.2521e-14  2.16697e-15  3.35136e-14  3.96432e-14  7.48967e-14  1.51503e-14  2.69237e-15  1.05892e-14  -3.1202e-14  -3.58189e-14  2.56705e-14  5.38697e-14  -8.29835e-14  -2.81569e-14  1.75604e-14  -6.61312e-14  1.66557e-14  4.19904e-14  2.24675e-14  4.82282e-14  7.5225e-15  4.57701e-14  -5.97213e-14  4.3261e-14  1.76409e-14  -9.3403e-10  -1.73632e-10  -3.12941e-10  -9.08446e-9  -3.14135e-8  -2.11935e-8  -4.89169e-8  -0.00252981  -0.00277747  -0.00243902  -0.0027271  -0.00197952  -0.00203772  -0.00166029  -0.00172432  -0.00584291  -0.00490042  -0.00706236  -0.0088492  -0.00850681  -0.00862396  -0.00729984  -0.0078569  -0.00839695  -0.0111185  -0.0129924  -0.0136764  -0.0155234  -0.0143575  -0.0160733  -0.0152237  -0.0167226  -0.0179116  -0.0146195  -0.0158503  -0.016848  -0.0218989  -0.0193454  -0.0201706  -0.0192083  -0.019621  -0.0207462  -0.0202754  -0.020962  -0.0229637  -0.0223109  -0.0213606  -0.0227881  -0.0228481  -0.023629  -0.0246968  -0.0266819  -0.0237595  -0.0260059  -0.0242487  -0.0260454  -0.0265644  -0.0271643  -0.026504  -0.0277088  -0.026711  -0.0277505  -0.0259164  -0.0284406  -0.0266006  -0.0282066  -0.0282522  -0.0275898  -0.0289314  -0.0296949  -0.0289177  -0.030542  -0.0289276  -0.027558  -0.030995  -0.0314126  -0.0298839  -0.0310022  -0.0293866  -0.0319298  -0.028382  -0.0292027  -0.0280113  -0.0303539  -0.0348631  -0.0341915  -0.0333895  -0.0323637  -0.0308321  -0.0319426  -0.0227868  -0.0251202  -0.0232132  -0.0239617  -0.0253992  -0.0262697  -0.0308463  -0.0248635  -0.0211822  -0.022767  -0.0208417  -0.0145835  -0.0182433  -0.0107646  -0.0174412  -0.027791  -0.0103521  -0.0383934
Finished processing molecule: H2
