slurmstepd-andoria01: error: *** JOB 25034 ON andoria01 CANCELLED AT 2025-09-15T10:38:23 ***

[17373] signal 15: Terminated
in expression starting at /home/fmereto/MA_best/Davidson_jacobi/modified_defl/RND_matrix.jl:347
dsymv_kernel_4x4.constprop.0 at /home/fmereto/julia/bin/../lib/julia/libopenblas64_.so (unknown line)
dsymv_U_ZEN at /home/fmereto/julia/bin/../lib/julia/libopenblas64_.so (unknown line)
dsymv_64_ at /home/fmereto/julia/bin/../lib/julia/libopenblas64_.so (unknown line)
symv! at /cache/build/builder-amdci5-5/julialang/julia-release-1-dot-11/usr/share/julia/stdlib/v1.11/LinearAlgebra/src/blas.jl:815
gemv! at /cache/build/builder-amdci5-5/julialang/julia-release-1-dot-11/usr/share/julia/stdlib/v1.11/LinearAlgebra/src/matmul.jl:452
generic_matvecmul! at /cache/build/builder-amdci5-5/julialang/julia-release-1-dot-11/usr/share/julia/stdlib/v1.11/LinearAlgebra/src/matmul.jl:79 [inlined]
_mul! at /cache/build/builder-amdci5-5/julialang/julia-release-1-dot-11/usr/share/julia/stdlib/v1.11/LinearAlgebra/src/matmul.jl:73 [inlined]
mul! at /cache/build/builder-amdci5-5/julialang/julia-release-1-dot-11/usr/share/julia/stdlib/v1.11/LinearAlgebra/src/matmul.jl:70 [inlined]
mul! at /cache/build/builder-amdci5-5/julialang/julia-release-1-dot-11/usr/share/julia/stdlib/v1.11/LinearAlgebra/src/matmul.jl:253 [inlined]
* at /cache/build/builder-amdci5-5/julialang/julia-release-1-dot-11/usr/share/julia/stdlib/v1.11/LinearAlgebra/src/matmul.jl:60 [inlined]
#2 at /home/fmereto/MA_best/Davidson_jacobi/modified_defl/RND_matrix.jl:25
_unsafe_mul! at /home/fmereto/.julia/packages/LinearMaps/KV78T/src/functionmap.jl:127 [inlined]
mul! at /home/fmereto/.julia/packages/LinearMaps/KV78T/src/LinearMaps.jl:166 [inlined]
iterate at /home/fmereto/.julia/packages/IterativeSolvers/bjiMt/src/minres.jl:104
iterate at ./iterators.jl:206 [inlined]
#minres!#25 at /home/fmereto/.julia/packages/IterativeSolvers/bjiMt/src/minres.jl:230
minres! at /home/fmereto/.julia/packages/IterativeSolvers/bjiMt/src/minres.jl:200 [inlined]
#minres#26 at /home/fmereto/.julia/packages/IterativeSolvers/bjiMt/src/minres.jl:244 [inlined]
minres at /home/fmereto/.julia/packages/IterativeSolvers/bjiMt/src/minres.jl:244
unknown function (ip: 0x7f447022f70d)
#correction_equations_minres#1 at /home/fmereto/MA_best/Davidson_jacobi/modified_defl/RND_matrix.jl:41
correction_equations_minres at /home/fmereto/MA_best/Davidson_jacobi/modified_defl/RND_matrix.jl:13 [inlined]
davidson at /home/fmereto/MA_best/Davidson_jacobi/modified_defl/RND_matrix.jl:269
davidson at /home/fmereto/MA_best/Davidson_jacobi/modified_defl/RND_matrix.jl:136 [inlined]
macro expansion at ./timing.jl:581 [inlined]
main at /home/fmereto/MA_best/Davidson_jacobi/modified_defl/RND_matrix.jl:314
unknown function (ip: 0x7f4470229a95)
top-level scope at /home/fmereto/MA_best/Davidson_jacobi/modified_defl/RND_matrix.jl:354
jl_toplevel_eval_flex at /cache/build/builder-amdci5-5/julialang/julia-release-1-dot-11/src/toplevel.c:934
jl_toplevel_eval_flex at /cache/build/builder-amdci5-5/julialang/julia-release-1-dot-11/src/toplevel.c:886
ijl_toplevel_eval_in at /cache/build/builder-amdci5-5/julialang/julia-release-1-dot-11/src/toplevel.c:994
eval at ./boot.jl:430 [inlined]
include_string at ./loading.jl:2734
_include at ./loading.jl:2794
include at ./Base.jl:557
jfptr_include_46865.1 at /home/fmereto/julia/lib/julia/sys.so (unknown line)
exec_options at ./client.jl:323
_start at ./client.jl:531
jfptr__start_73560.1 at /home/fmereto/julia/lib/julia/sys.so (unknown line)
jl_apply at /cache/build/builder-amdci5-5/julialang/julia-release-1-dot-11/src/julia.h:2157 [inlined]
true_main at /cache/build/builder-amdci5-5/julialang/julia-release-1-dot-11/src/jlapi.c:900
jl_repl_entrypoint at /cache/build/builder-amdci5-5/julialang/julia-release-1-dot-11/src/jlapi.c:1059
main at /cache/build/builder-amdci5-5/julialang/julia-release-1-dot-11/cli/loader_exe.c:58
__libc_start_main at /lib/x86_64-linux-gnu/libc.so.6 (unknown line)
unknown function (ip: 0x4010b8)
unknown function (ip: (nil))
Allocations: 15959997 (Pool: 15959501; Big: 496); GC: 24
Processing molecule: 1
Running with beta = 32
Running with l = 100
Starting Davidson with n_aux = 512, l_buffer = 120, lc = 101, thresh = 0.0015, max_iter = 100
Iter 1: V_size = 32, Converged = 0, ‖r‖ (largest λ) = 0.041189845886490425
EV   1 converged λ = -23.9783770704, ‖r‖ = 9.33e-04 
EV   2 converged λ = -19.6570754680, ‖r‖ = 1.16e-03 
EV   3 converged λ = -17.0946885138, ‖r‖ = 1.34e-03 
EV   4 converged λ = -15.2936404965, ‖r‖ = 1.47e-03 
EV   5 converged λ = -13.9201205429, ‖r‖ = 1.58e-03 
EV   6 converged λ = -12.8201595733, ‖r‖ = 2.43e-04 
EV   7 converged λ = -11.9098467928, ‖r‖ = 4.79e-04 
EV   8 converged λ = -11.1383811471, ‖r‖ = 3.76e-04 
EV   9 converged λ = -10.4727123980, ‖r‖ = 5.33e-04 
EV  10 converged λ = -9.8901258770, ‖r‖ = 4.83e-04 
EV  11 converged λ = -9.3743965639, ‖r‖ = 4.46e-04 
EV  12 converged λ = -8.9134726069, ‖r‖ = 6.16e-04 
EV  13 converged λ = -8.4982580119, ‖r‖ = 1.18e-03 
EV  14 converged λ = -8.1216613375, ‖r‖ = 9.36e-04 
EV  15 converged λ = -7.7780447777, ‖r‖ = 8.42e-04 
EV  16 converged λ = -7.4629375970, ‖r‖ = 1.47e-03 
Iter 2: V_size = 48, Converged = 16, ‖r‖ (largest λ) = 0.23371322454271698
EV  17 converged λ = -17.0946827132, ‖r‖ = 1.00e-02 
