slurmstepd-andoria01: error: *** JOB 24818 ON andoria01 CANCELLED AT 2025-07-30T05:38:26 ***

[132306] signal 15: Terminated
in expression starting at /home/fmereto/MA_best/FINAL_CODE/Block_H2.jl:182
dgemm_kernel_ZEN at /home/fmereto/julia/bin/../lib/julia/libopenblas64_.so (unknown line)
unknown function (ip: (nil))
Allocations: 11807249 (Pool: 11806846; Big: 403); GC: 334
Processing molecule: H2
Running with alpha = 10
Running with l = 10
read ../H2/gamma_VASP_RNDbasis1.dat
Davidson
iter=     1  rel‖R‖=  2.814e+00  size(V,2)=    10
iter=     2  rel‖R‖=  1.642e+00  size(V,2)=    20
iter=     3  rel‖R‖=  5.313e-01  size(V,2)=    30
iter=     4  rel‖R‖=  3.995e-01  size(V,2)=    40
iter=     5  rel‖R‖=  8.348e-02  size(V,2)=    50
iter=     6  rel‖R‖=  4.161e-03  size(V,2)=    60
iter=     7  rel‖R‖=  1.982e-04  size(V,2)=    70
iter=     8  rel‖R‖=  8.997e-06  size(V,2)=    80
converged!
  8.009606 seconds (1.72 k allocations: 179.635 MiB, 0.17% gc time)
Total estimated FLOPs: 127689696180

Reading exact Eigenvalues...
Reading eigenvalues from ../Eigenvalues_folder/eigenres_H2_RNDbasis1.jld2

Difference between Davidson and exact eigenvalues:
1×10 adjoint(::Vector{Float64}) with eltype Float64:
 2.84217e-14  2.13163e-14  -1.77636e-15  -1.59872e-14  4.17444e-14  1.08136e-10  1.80367e-11  1.4877e-13  1.1783e-11  1.52896e-10
Running with l = 50
read ../H2/gamma_VASP_RNDbasis1.dat
Davidson
iter=     1  rel‖R‖=  1.333e+00  size(V,2)=    50
iter=     2  rel‖R‖=  7.933e-01  size(V,2)=   100
iter=     3  rel‖R‖=  1.537e-01  size(V,2)=   150
iter=     4  rel‖R‖=  2.179e-02  size(V,2)=   200
iter=     5  rel‖R‖=  5.127e-03  size(V,2)=   250
iter=     6  rel‖R‖=  8.207e-04  size(V,2)=   300
iter=     7  rel‖R‖=  8.347e-05  size(V,2)=   350
iter=     8  rel‖R‖=  7.170e-06  size(V,2)=   400
converged!
 25.561438 seconds (5.93 k allocations: 910.416 MiB, 0.63% gc time)
Total estimated FLOPs: 662860224900

Reading exact Eigenvalues...
Reading eigenvalues from ../Eigenvalues_folder/eigenres_H2_RNDbasis1.jld2

Difference between Davidson and exact eigenvalues:
1×50 adjoint(::Vector{Float64}) with eltype Float64:
 3.55271e-14  3.55271e-14  -2.4869e-14  -1.24345e-14  6.21725e-15  -1.33227e-15  -7.54952e-15  -4.88498e-15  -2.66454e-15  -1.33227e-15  -7.54952e-15  4.44089e-16  4.44089e-16  3.10862e-15  -4.44089e-16  2.22045e-16  8.88178e-16  -1.55431e-15  2.55351e-15  -2.22045e-16  2.22045e-15  1.11022e-15  3.21965e-15  1.66533e-15  2.38698e-15  9.99201e-16  -2.22045e-15  2.16493e-15  1.28231e-14  2.17049e-14  4.05787e-14  4.25215e-14  1.57763e-13  1.55209e-13  6.50979e-13  5.35183e-13  2.50977e-12  7.05017e-12  1.70766e-11  1.53936e-11  1.29792e-11  6.51084e-11  5.1512e-11  9.26609e-11  9.13469e-10  2.8223e-10  1.44979e-9  2.17108e-9  2.13203e-9  9.70822e-9
Running with l = 100
read ../H2/gamma_VASP_RNDbasis1.dat
Davidson
iter=     1  rel‖R‖=  9.993e-01  size(V,2)=   100
iter=     2  rel‖R‖=  5.324e-01  size(V,2)=   200
iter=     3  rel‖R‖=  4.578e-02  size(V,2)=   300
iter=     4  rel‖R‖=  1.144e-02  size(V,2)=   400
iter=     5  rel‖R‖=  6.114e-03  size(V,2)=   500
iter=     6  rel‖R‖=  3.529e-03  size(V,2)=   600
iter=     7  rel‖R‖=  2.407e-03  size(V,2)=   700
iter=     8  rel‖R‖=  1.815e-03  size(V,2)=   800
iter=     9  rel‖R‖=  1.461e-03  size(V,2)=   900
iter=    10  rel‖R‖=  1.300e-03  size(V,2)=  1000
iter=    11  rel‖R‖=  1.245e-03  size(V,2)=   200
iter=    12  rel‖R‖=  1.222e-03  size(V,2)=   300
iter=    13  rel‖R‖=  1.192e-03  size(V,2)=   400
iter=    14  rel‖R‖=  1.165e-03  size(V,2)=   500
iter=    15  rel‖R‖=  1.118e-03  size(V,2)=   600
iter=    16  rel‖R‖=  1.058e-03  size(V,2)=   700
iter=    17  rel‖R‖=  1.007e-03  size(V,2)=   800
iter=    18  rel‖R‖=  9.455e-04  size(V,2)=   900
iter=    19  rel‖R‖=  8.930e-04  size(V,2)=  1000
iter=    20  rel‖R‖=  8.778e-04  size(V,2)=   200
iter=    21  rel‖R‖=  8.582e-04  size(V,2)=   300
iter=    22  rel‖R‖=  8.430e-04  size(V,2)=   400
iter=    23  rel‖R‖=  8.194e-04  size(V,2)=   500
iter=    24  rel‖R‖=  8.051e-04  size(V,2)=   600
iter=    25  rel‖R‖=  7.772e-04  size(V,2)=   700
iter=    26  rel‖R‖=  7.571e-04  size(V,2)=   800
iter=    27  rel‖R‖=  7.345e-04  size(V,2)=   900
iter=    28  rel‖R‖=  7.042e-04  size(V,2)=  1000
iter=    29  rel‖R‖=  6.992e-04  size(V,2)=   200
iter=    30  rel‖R‖=  6.918e-04  size(V,2)=   300
iter=    31  rel‖R‖=  6.830e-04  size(V,2)=   400
iter=    32  rel‖R‖=  6.745e-04  size(V,2)=   500
iter=    33  rel‖R‖=  6.649e-04  size(V,2)=   600
iter=    34  rel‖R‖=  6.541e-04  size(V,2)=   700
iter=    35  rel‖R‖=  6.439e-04  size(V,2)=   800
iter=    36  rel‖R‖=  6.332e-04  size(V,2)=   900
iter=    37  rel‖R‖=  6.163e-04  size(V,2)=  1000
iter=    38  rel‖R‖=  6.114e-04  size(V,2)=   200
iter=    39  rel‖R‖=  6.069e-04  size(V,2)=   300
iter=    40  rel‖R‖=  6.016e-04  size(V,2)=   400
iter=    41  rel‖R‖=  5.958e-04  size(V,2)=   500
iter=    42  rel‖R‖=  5.865e-04  size(V,2)=   600
iter=    43  rel‖R‖=  5.783e-04  size(V,2)=   700
iter=    44  rel‖R‖=  5.689e-04  size(V,2)=   800
iter=    45  rel‖R‖=  5.565e-04  size(V,2)=   900
iter=    46  rel‖R‖=  5.421e-04  size(V,2)=  1000
iter=    47  rel‖R‖=  5.388e-04  size(V,2)=   200
iter=    48  rel‖R‖=  5.340e-04  size(V,2)=   300
iter=    49  rel‖R‖=  5.299e-04  size(V,2)=   400
iter=    50  rel‖R‖=  5.255e-04  size(V,2)=   500
iter=    51  rel‖R‖=  5.216e-04  size(V,2)=   600
iter=    52  rel‖R‖=  5.166e-04  size(V,2)=   700
iter=    53  rel‖R‖=  5.112e-04  size(V,2)=   800
iter=    54  rel‖R‖=  5.052e-04  size(V,2)=   900
iter=    55  rel‖R‖=  4.979e-04  size(V,2)=  1000
iter=    56  rel‖R‖=  4.961e-04  size(V,2)=   200
iter=    57  rel‖R‖=  4.926e-04  size(V,2)=   300
iter=    58  rel‖R‖=  4.897e-04  size(V,2)=   400
iter=    59  rel‖R‖=  4.869e-04  size(V,2)=   500
iter=    60  rel‖R‖=  4.827e-04  size(V,2)=   600
iter=    61  rel‖R‖=  4.789e-04  size(V,2)=   700
iter=    62  rel‖R‖=  4.747e-04  size(V,2)=   800
iter=    63  rel‖R‖=  4.699e-04  size(V,2)=   900
iter=    64  rel‖R‖=  4.641e-04  size(V,2)=  1000
iter=    65  rel‖R‖=  4.629e-04  size(V,2)=   200
iter=    66  rel‖R‖=  4.601e-04  size(V,2)=   300
iter=    67  rel‖R‖=  4.568e-04  size(V,2)=   400
iter=    68  rel‖R‖=  4.535e-04  size(V,2)=   500
iter=    69  rel‖R‖=  4.502e-04  size(V,2)=   600
iter=    70  rel‖R‖=  4.474e-04  size(V,2)=   700
iter=    71  rel‖R‖=  4.433e-04  size(V,2)=   800
iter=    72  rel‖R‖=  4.380e-04  size(V,2)=   900
iter=    73  rel‖R‖=  4.319e-04  size(V,2)=  1000
iter=    74  rel‖R‖=  4.307e-04  size(V,2)=   200
iter=    75  rel‖R‖=  4.283e-04  size(V,2)=   300
iter=    76  rel‖R‖=  4.253e-04  size(V,2)=   400
iter=    77  rel‖R‖=  4.226e-04  size(V,2)=   500
iter=    78  rel‖R‖=  4.192e-04  size(V,2)=   600
iter=    79  rel‖R‖=  4.161e-04  size(V,2)=   700
iter=    80  rel‖R‖=  4.113e-04  size(V,2)=   800
iter=    81  rel‖R‖=  4.067e-04  size(V,2)=   900
iter=    82  rel‖R‖=  4.010e-04  size(V,2)=  1000
iter=    83  rel‖R‖=  3.995e-04  size(V,2)=   200
iter=    84  rel‖R‖=  3.975e-04  size(V,2)=   300
iter=    85  rel‖R‖=  3.949e-04  size(V,2)=   400
iter=    86  rel‖R‖=  3.921e-04  size(V,2)=   500
iter=    87  rel‖R‖=  3.897e-04  size(V,2)=   600
iter=    88  rel‖R‖=  3.870e-04  size(V,2)=   700
iter=    89  rel‖R‖=  3.838e-04  size(V,2)=   800
iter=    90  rel‖R‖=  3.803e-04  size(V,2)=   900
iter=    91  rel‖R‖=  3.768e-04  size(V,2)=  1000
iter=    92  rel‖R‖=  3.759e-04  size(V,2)=   200
iter=    93  rel‖R‖=  3.741e-04  size(V,2)=   300
iter=    94  rel‖R‖=  3.721e-04  size(V,2)=   400
iter=    95  rel‖R‖=  3.700e-04  size(V,2)=   500
iter=    96  rel‖R‖=  3.676e-04  size(V,2)=   600
iter=    97  rel‖R‖=  3.647e-04  size(V,2)=   700
iter=    98  rel‖R‖=  3.611e-04  size(V,2)=   800
iter=    99  rel‖R‖=  3.577e-04  size(V,2)=   900
iter=   100  rel‖R‖=  3.529e-04  size(V,2)=  1000
iter=   101  rel‖R‖=  3.519e-04  size(V,2)=   200
iter=   102  rel‖R‖=  3.498e-04  size(V,2)=   300
iter=   103  rel‖R‖=  3.479e-04  size(V,2)=   400
iter=   104  rel‖R‖=  3.457e-04  size(V,2)=   500
iter=   105  rel‖R‖=  3.430e-04  size(V,2)=   600
iter=   106  rel‖R‖=  3.404e-04  size(V,2)=   700
iter=   107  rel‖R‖=  3.365e-04  size(V,2)=   800
