Processing molecule: formaldehyde
Running with beta = 16
Running with l = 60
Starting Davidson with n_aux = 256, l_buffer = 117, thresh = 0.0015, max_iter = 5000
Iter 1: V_size = 32, Converged = 0, ‖r‖ (largest λ) = 0.8656922926223112
Iter 2: V_size = 64, Converged = 0, ‖r‖ (largest λ) = 0.18084421183679666
Iter 3: V_size = 128, Converged = 0, ‖r‖ (largest λ) = 0.060623910912410116
Iter 4: V_size = 245, Converged = 0, ‖r‖ (largest λ) = 0.0362095401088783
Iter 5: V_size = 234, Converged = 0, ‖r‖ (largest λ) = 0.4011084621124774
EV   1 converged λ = -735.4153437081, ‖r‖ = 2.56e-10, stable for 3 iters
EV   2 converged λ = -611.6773615864, ‖r‖ = 6.64e-10, stable for 3 iters
EV   3 converged λ = -594.7742412739, ‖r‖ = 6.00e-10, stable for 3 iters
Iter 6: V_size = 228, Converged = 3, ‖r‖ (largest λ) = 0.2238534712528516
Iter 7: V_size = 228, Converged = 3, ‖r‖ (largest λ) = 0.05237779597284257
Iter 8: V_size = 228, Converged = 3, ‖r‖ (largest λ) = 0.05812150731485112
EV   4 converged λ = -178.9518495502, ‖r‖ = 1.53e-13, stable for 3 iters
EV   5 converged λ = -167.9280307310, ‖r‖ = 1.43e-13, stable for 3 iters
EV   6 converged λ = -139.8613654990, ‖r‖ = 1.58e-13, stable for 3 iters
EV   7 converged λ = -134.6090002247, ‖r‖ = 1.30e-13, stable for 3 iters
EV   8 converged λ = -131.6601989757, ‖r‖ = 1.05e-13, stable for 3 iters
EV   9 converged λ = -89.1246093928, ‖r‖ = 2.94e-13, stable for 3 iters
EV  10 converged λ = -85.0975968389, ‖r‖ = 2.37e-13, stable for 3 iters
EV  11 converged λ = -63.1374088909, ‖r‖ = 2.12e-12, stable for 3 iters
EV  12 converged λ = -46.3616597076, ‖r‖ = 4.35e-11, stable for 3 iters
EV  13 converged λ = -45.8340340820, ‖r‖ = 2.61e-11, stable for 3 iters
EV  14 converged λ = -45.3851815451, ‖r‖ = 6.70e-11, stable for 3 iters
EV  15 converged λ = -36.3324001585, ‖r‖ = 1.80e-10, stable for 3 iters
EV  16 converged λ = -31.1572242298, ‖r‖ = 2.25e-10, stable for 3 iters
EV  17 converged λ = -27.4351946096, ‖r‖ = 1.79e-09, stable for 3 iters
EV  18 converged λ = -25.6627957975, ‖r‖ = 4.45e-09, stable for 3 iters
EV  19 converged λ = -24.7580637576, ‖r‖ = 1.69e-09, stable for 3 iters
EV  20 converged λ = -19.9884918895, ‖r‖ = 9.04e-09, stable for 3 iters
EV  21 converged λ = -19.4865336759, ‖r‖ = 4.40e-09, stable for 3 iters
EV  22 converged λ = -18.1142002056, ‖r‖ = 1.39e-08, stable for 3 iters
EV  23 converged λ = -17.2609173950, ‖r‖ = 6.94e-08, stable for 3 iters
EV  24 converged λ = -16.3526879910, ‖r‖ = 7.22e-09, stable for 3 iters
EV  25 converged λ = -16.2829937153, ‖r‖ = 2.67e-08, stable for 3 iters
EV  26 converged λ = -16.1152499782, ‖r‖ = 1.45e-08, stable for 3 iters
EV  27 converged λ = -15.4658967762, ‖r‖ = 9.18e-08, stable for 3 iters
EV  28 converged λ = -14.3190661649, ‖r‖ = 4.48e-08, stable for 3 iters
EV  29 converged λ = -13.7222574537, ‖r‖ = 9.25e-08, stable for 3 iters
EV  30 converged λ = -13.6825129287, ‖r‖ = 4.26e-08, stable for 3 iters
EV  31 converged λ = -13.5269622006, ‖r‖ = 5.83e-08, stable for 3 iters
EV  32 converged λ = -12.8445327967, ‖r‖ = 5.97e-08, stable for 3 iters
EV  33 converged λ = -12.7590433135, ‖r‖ = 1.58e-07, stable for 3 iters
EV  34 converged λ = -11.9681742753, ‖r‖ = 1.46e-07, stable for 3 iters
EV  35 converged λ = -11.8045444347, ‖r‖ = 2.73e-07, stable for 3 iters
EV  36 converged λ = -11.7043630519, ‖r‖ = 1.70e-07, stable for 3 iters
EV  37 converged λ = -9.8477604663, ‖r‖ = 3.91e-07, stable for 3 iters
EV  38 converged λ = -9.7475907440, ‖r‖ = 2.58e-07, stable for 3 iters
EV  39 converged λ = -9.6326196688, ‖r‖ = 4.59e-07, stable for 3 iters
EV  40 converged λ = -9.4947928788, ‖r‖ = 4.54e-07, stable for 3 iters
EV  41 converged λ = -9.4656609716, ‖r‖ = 6.98e-07, stable for 3 iters
EV  42 converged λ = -7.7273393554, ‖r‖ = 1.39e-06, stable for 3 iters
EV  43 converged λ = -6.8329402410, ‖r‖ = 6.33e-06, stable for 3 iters
EV  44 converged λ = -6.6283479163, ‖r‖ = 4.23e-06, stable for 3 iters
EV  45 converged λ = -6.5857751728, ‖r‖ = 4.25e-06, stable for 3 iters
EV  46 converged λ = -6.5384346765, ‖r‖ = 4.56e-06, stable for 3 iters
EV  47 converged λ = -6.2223720999, ‖r‖ = 6.14e-06, stable for 3 iters
EV  48 converged λ = -5.7891716333, ‖r‖ = 6.15e-06, stable for 3 iters
EV  49 converged λ = -5.7190116271, ‖r‖ = 9.52e-06, stable for 3 iters
EV  50 converged λ = -5.2281211943, ‖r‖ = 8.67e-06, stable for 3 iters
Iter 9: V_size = 134, Converged = 50, ‖r‖ (largest λ) = 0.030500332834696987
Iter 10: V_size = 201, Converged = 50, ‖r‖ (largest λ) = 0.04667060598231651
Iter 11: V_size = 134, Converged = 50, ‖r‖ (largest λ) = 0.015039824250108365
EV  51 converged λ = -5.0399288323, ‖r‖ = 1.36e-09, stable for 3 iters
EV  52 converged λ = -4.7875655256, ‖r‖ = 2.27e-09, stable for 3 iters
EV  53 converged λ = -4.7814412997, ‖r‖ = 1.15e-09, stable for 3 iters
EV  54 converged λ = -4.6652046289, ‖r‖ = 1.20e-09, stable for 3 iters
EV  55 converged λ = -4.6211801649, ‖r‖ = 2.97e-09, stable for 3 iters
EV  56 converged λ = -4.5200151779, ‖r‖ = 1.82e-09, stable for 3 iters
EV  57 converged λ = -4.4887209643, ‖r‖ = 4.85e-09, stable for 3 iters
EV  58 converged λ = -4.0926204594, ‖r‖ = 8.83e-09, stable for 3 iters
EV  59 converged λ = -4.0016558086, ‖r‖ = 6.48e-09, stable for 3 iters
EV  60 converged λ = -3.8956052658, ‖r‖ = 7.13e-09, stable for 3 iters
EV  61 converged λ = -3.6818135644, ‖r‖ = 8.68e-09, stable for 3 iters
EV  62 converged λ = -3.5017397078, ‖r‖ = 1.41e-08, stable for 3 iters
EV  63 converged λ = -3.4639860049, ‖r‖ = 8.96e-09, stable for 3 iters
EV  64 converged λ = -3.4531110699, ‖r‖ = 1.20e-08, stable for 3 iters
EV  65 converged λ = -3.3992914116, ‖r‖ = 2.30e-08, stable for 3 iters
EV  66 converged λ = -3.2422680056, ‖r‖ = 3.23e-08, stable for 3 iters
EV  67 converged λ = -3.2166850239, ‖r‖ = 2.65e-08, stable for 3 iters
EV  68 converged λ = -3.2059831946, ‖r‖ = 5.66e-08, stable for 3 iters
EV  69 converged λ = -3.1850934965, ‖r‖ = 1.61e-08, stable for 3 iters
EV  70 converged λ = -2.9940284524, ‖r‖ = 5.33e-08, stable for 3 iters
EV  71 converged λ = -2.9546436079, ‖r‖ = 8.49e-08, stable for 3 iters
EV  72 converged λ = -2.7989965422, ‖r‖ = 1.44e-07, stable for 3 iters
EV  73 converged λ = -2.5911054675, ‖r‖ = 2.96e-07, stable for 3 iters
EV  74 converged λ = -2.5874491556, ‖r‖ = 1.21e-07, stable for 3 iters
EV  75 converged λ = -2.5841064740, ‖r‖ = 3.78e-07, stable for 3 iters
EV  76 converged λ = -2.5791171034, ‖r‖ = 1.41e-07, stable for 3 iters
EV  77 converged λ = -2.4400418247, ‖r‖ = 3.21e-07, stable for 3 iters
EV  78 converged λ = -2.4160896954, ‖r‖ = 3.43e-07, stable for 3 iters
EV  79 converged λ = -2.3103853971, ‖r‖ = 6.99e-07, stable for 3 iters
EV  80 converged λ = -2.3085424805, ‖r‖ = 4.28e-07, stable for 3 iters
EV  81 converged λ = -2.2988237692, ‖r‖ = 3.13e-07, stable for 3 iters
EV  82 converged λ = -2.2323334282, ‖r‖ = 8.47e-07, stable for 3 iters
EV  83 converged λ = -2.1395482969, ‖r‖ = 1.00e-06, stable for 3 iters
EV  84 converged λ = -2.0592220407, ‖r‖ = 2.61e-06, stable for 3 iters
EV  85 converged λ = -2.0457552827, ‖r‖ = 3.29e-06, stable for 3 iters
EV  86 converged λ = -2.0143000912, ‖r‖ = 3.26e-06, stable for 3 iters
EV  87 converged λ = -1.9846028434, ‖r‖ = 1.74e-06, stable for 3 iters
EV  88 converged λ = -1.9648320507, ‖r‖ = 1.63e-06, stable for 3 iters
EV  89 converged λ = -1.8894883747, ‖r‖ = 3.67e-06, stable for 3 iters
EV  90 converged λ = -1.8834034052, ‖r‖ = 3.88e-06, stable for 3 iters
EV  91 converged λ = -1.8609860247, ‖r‖ = 4.24e-06, stable for 3 iters
EV  92 converged λ = -1.8218892034, ‖r‖ = 3.53e-06, stable for 3 iters
Iter 12: V_size = 159, Converged = 92, ‖r‖ (largest λ) = 0.0028829117722058476
Iter 13: V_size = 184, Converged = 92, ‖r‖ (largest λ) = 5.1343652264104
Lowest 60 eigenvalues are isolated and converged. Stopping.
209.666862 seconds (2.92 M allocations: 195.894 GiB, 0.54% gc time, 0.30% compilation time)
Number of FLOPs: 5078188282594

Reading exact Eigenvalues...
Reading eigenvalues from ../Eigenvalues_folder/eigenres_formaldehyde_RNDbasis1.jld2

Compute the difference between computed and exact eigenvalues:
  1: 27.1185424333 (computed) - 27.1185424333 (exact) = -1.0658e-14
  2: 24.7321119516 (computed) - 24.7321119516 (exact) =  0.0000e+00
  3: 24.3879937935 (computed) - 24.3879937935 (exact) =  1.4211e-14
  4: 13.3772885724 (computed) - 13.3772885724 (exact) =  5.3291e-15
  5: 12.9587048246 (computed) - 12.9587048246 (exact) = -1.7764e-15
  6: 11.8262997383 (computed) - 11.8262997383 (exact) =  0.0000e+00
  7: 11.6021118864 (computed) - 11.6021118864 (exact) =  5.3291e-15
  8: 11.4743278224 (computed) - 11.4743278224 (exact) = -1.2434e-14
  9: 9.4405831066 (computed) - 9.4405831066 (exact) = -1.7764e-15
 10: 9.2248358706 (computed) - 9.2248358706 (exact) =  1.7764e-15
 11: 7.9459051650 (computed) - 7.9459051650 (exact) = -1.7764e-15
 12: 6.8089396904 (computed) - 6.8089396904 (exact) =  0.0000e+00
 13: 6.7700837574 (computed) - 6.7700837574 (exact) =  1.7764e-15
 14: 6.7368524954 (computed) - 6.7368524954 (exact) = -1.7764e-15
 15: 6.0276363658 (computed) - 6.0276363658 (exact) = -3.5527e-15
 16: 5.5818656585 (computed) - 5.5818656585 (exact) = -2.6645e-15
 17: 5.2378616448 (computed) - 5.2378616448 (exact) =  3.5527e-15
 18: 5.0658460100 (computed) - 5.0658460100 (exact) =  1.7764e-15
 19: 4.9757475577 (computed) - 4.9757475577 (exact) =  2.6645e-15
 20: 4.4708491240 (computed) - 4.4708491240 (exact) =  0.0000e+00
 21: 4.4143554089 (computed) - 4.4143554089 (exact) = -8.8818e-16
 22: 4.2560780310 (computed) - 4.2560780310 (exact) = -1.7764e-15
 23: 4.1546260235 (computed) - 4.1546260235 (exact) = -2.6645e-15
 24: 4.0438456933 (computed) - 4.0438456933 (exact) = -3.5527e-15
 25: 4.0352191657 (computed) - 4.0352191657 (exact) =  2.6645e-15
 26: 4.0143803978 (computed) - 4.0143803978 (exact) = -1.7764e-15
 27: 3.9326704383 (computed) - 3.9326704383 (exact) = -1.7764e-15
 28: 3.7840541969 (computed) - 3.7840541969 (exact) = -3.1086e-15
 29: 3.7043565506 (computed) - 3.7043565506 (exact) = -2.6645e-15
 30: 3.6989880952 (computed) - 3.6989880952 (exact) =  1.3323e-15
 31: 3.6779018748 (computed) - 3.6779018748 (exact) =  2.2204e-15
 32: 3.5839270077 (computed) - 3.5839270077 (exact) = -3.1086e-15
 33: 3.5719803070 (computed) - 3.5719803070 (exact) =  8.8818e-16
 34: 3.4595049177 (computed) - 3.4595049177 (exact) = -1.3323e-15
 35: 3.4357742118 (computed) - 3.4357742118 (exact) = -1.3323e-15
 36: 3.4211639908 (computed) - 3.4211639908 (exact) = -4.4409e-16
 37: 3.1381141576 (computed) - 3.1381141576 (exact) = -3.5527e-15
 38: 3.1221131856 (computed) - 3.1221131856 (exact) = -4.4409e-16
 39: 3.1036461894 (computed) - 3.1036461894 (exact) = -5.3291e-15
 40: 3.0813621791 (computed) - 3.0813621791 (exact) = -4.8850e-15
 41: 3.0766314325 (computed) - 3.0766314325 (exact) = -1.0658e-14
 42: 2.7798092300 (computed) - 2.7798092300 (exact) = -5.1514e-14
 43: 2.6139893345 (computed) - 2.6139893345 (exact) = -1.2630e-12
 44: 2.5745578099 (computed) - 2.5745578099 (exact) = -5.8220e-13
 45: 2.5662765192 (computed) - 2.5662765192 (exact) = -5.9419e-13
 46: 2.5570363072 (computed) - 2.5570363072 (exact) = -6.9322e-13
 47: 2.4944683000 (computed) - 2.4944683000 (exact) = -1.3434e-12
 48: 2.4060697482 (computed) - 2.4060697482 (exact) = -1.5228e-12
 49: 2.3914455100 (computed) - 2.3914455100 (exact) = -3.7756e-12
 50: 2.2865085161 (computed) - 2.2865085161 (exact) = -3.6029e-12
 51: 2.2449785817 (computed) - 2.2449785817 (exact) = -8.8818e-16
 52: 2.1880506223 (computed) - 2.1880506223 (exact) =  4.4409e-16
 53: 2.1866507036 (computed) - 2.1866507036 (exact) =  4.4409e-16
 54: 2.1599084770 (computed) - 2.1599084770 (exact) =  1.3323e-15
 55: 2.1496930397 (computed) - 2.1496930397 (exact) =  0.0000e+00
 56: 2.1260327321 (computed) - 2.1260327321 (exact) =  1.3323e-15
 57: 2.1186601814 (computed) - 2.1186601814 (exact) = -4.4409e-16
 58: 2.0230226048 (computed) - 2.0230226048 (exact) =  0.0000e+00
 59: 2.0004139093 (computed) - 2.0004139093 (exact) =  4.4409e-16
 60: 1.9737287721 (computed) - 1.9737287721 (exact) =  6.6613e-16
60 Eigenvalues converges, out of 60 requested.
Running with l = 300
Starting Davidson with n_aux = 480, l_buffer = 585, thresh = 0.002, max_iter = 5000
Iter 1: V_size = 60, Converged = 0, ‖r‖ (largest λ) = 0.26486861963827185
Iter 2: V_size = 120, Converged = 0, ‖r‖ (largest λ) = 0.06605965136343936
Iter 3: V_size = 240, Converged = 0, ‖r‖ (largest λ) = 0.024614027791462368
Iter 4: V_size = 480, Converged = 0, ‖r‖ (largest λ) = 0.005532686722171159
Iter 5: V_size = 480, Converged = 0, ‖r‖ (largest λ) = 0.0006166304238302248
EV   1 converged λ = -735.4153437081, ‖r‖ = 1.02e-08, stable for 3 iters
EV   2 converged λ = -611.6773615864, ‖r‖ = 3.16e-08, stable for 3 iters
EV   3 converged λ = -594.7742412739, ‖r‖ = 1.34e-08, stable for 3 iters
EV   4 converged λ = -178.9518495502, ‖r‖ = 1.56e-06, stable for 3 iters
EV   5 converged λ = -167.9280307310, ‖r‖ = 3.09e-06, stable for 3 iters
EV   6 converged λ = -139.8613654990, ‖r‖ = 2.79e-06, stable for 3 iters
EV   7 converged λ = -134.6090002247, ‖r‖ = 2.41e-06, stable for 3 iters
EV   8 converged λ = -131.6601989757, ‖r‖ = 6.04e-06, stable for 3 iters
EV   9 converged λ = -89.1246093928, ‖r‖ = 8.33e-06, stable for 3 iters
EV  10 converged λ = -85.0975968389, ‖r‖ = 5.59e-06, stable for 3 iters
Iter 6: V_size = 480, Converged = 10, ‖r‖ (largest λ) = 0.000616630423830257
Iter 7: V_size = 480, Converged = 10, ‖r‖ (largest λ) = 0.0005725568849889861
Iter 8: V_size = 480, Converged = 10, ‖r‖ (largest λ) = 0.0005725568850466121
EV  11 converged λ = -63.1374088909, ‖r‖ = 4.97e-08, stable for 3 iters
EV  12 converged λ = -46.3616597076, ‖r‖ = 1.46e-07, stable for 3 iters
EV  13 converged λ = -45.8340340820, ‖r‖ = 1.91e-07, stable for 3 iters
EV  14 converged λ = -45.3851815451, ‖r‖ = 2.06e-07, stable for 3 iters
EV  15 converged λ = -36.3324001585, ‖r‖ = 7.83e-07, stable for 3 iters
EV  16 converged λ = -31.1572242298, ‖r‖ = 9.45e-07, stable for 3 iters
EV  17 converged λ = -27.4351946096, ‖r‖ = 2.76e-06, stable for 3 iters
EV  18 converged λ = -25.6627957975, ‖r‖ = 1.85e-06, stable for 3 iters
EV  19 converged λ = -24.7580637576, ‖r‖ = 2.45e-06, stable for 3 iters
EV  20 converged λ = -19.9884918895, ‖r‖ = 5.84e-06, stable for 3 iters
EV  21 converged λ = -19.4865336680, ‖r‖ = 3.91e-04, stable for 3 iters
EV  22 converged λ = -18.1142001897, ‖r‖ = 5.34e-04, stable for 3 iters
EV  23 converged λ = -17.2609173006, ‖r‖ = 1.27e-03, stable for 3 iters
EV  24 converged λ = -16.3526879765, ‖r‖ = 4.84e-04, stable for 3 iters
EV  25 converged λ = -16.2829935887, ‖r‖ = 1.43e-03, stable for 3 iters
EV  26 converged λ = -16.1152498778, ‖r‖ = 1.26e-03, stable for 3 iters
EV  27 converged λ = -15.4658966875, ‖r‖ = 1.16e-03, stable for 3 iters
EV  28 converged λ = -14.3190660328, ‖r‖ = 1.37e-03, stable for 3 iters
EV  29 converged λ = -13.7222571652, ‖r‖ = 1.97e-03, stable for 3 iters
EV  30 converged λ = -13.6825128058, ‖r‖ = 1.29e-03, stable for 3 iters
EV  31 converged λ = -13.5269619801, ‖r‖ = 1.72e-03, stable for 3 iters
EV  32 converged λ = -12.8445325726, ‖r‖ = 1.68e-03, stable for 3 iters
EV  33 converged λ = -12.7590430461, ‖r‖ = 1.83e-03, stable for 3 iters
EV  34 converged λ = -11.9681740191, ‖r‖ = 1.74e-03, stable for 3 iters
EV  35 converged λ = -11.8045437159, ‖r‖ = 2.89e-03, stable for 3 iters
EV  36 converged λ = -11.7043619209, ‖r‖ = 3.61e-03, stable for 3 iters
EV  37 converged λ = -9.8477575566, ‖r‖ = 5.31e-03, stable for 3 iters
EV  38 converged λ = -9.7475899267, ‖r‖ = 2.79e-03, stable for 3 iters
EV  39 converged λ = -9.6326156627, ‖r‖ = 6.15e-03, stable for 3 iters
EV  40 converged λ = -9.4947895426, ‖r‖ = 5.57e-03, stable for 3 iters
EV  41 converged λ = -9.4656534481, ‖r‖ = 8.34e-03, stable for 3 iters
EV  42 converged λ = -7.7273301385, ‖r‖ = 8.34e-03, stable for 3 iters
EV  43 converged λ = -6.8329272922, ‖r‖ = 9.28e-03, stable for 3 iters
Iter 9: V_size = 480, Converged = 43, ‖r‖ (largest λ) = 0.0005725568850466614
Iter 10: V_size = 480, Converged = 43, ‖r‖ (largest λ) = 0.0004971040878263365
Iter 11: V_size = 480, Converged = 43, ‖r‖ (largest λ) = 0.0004971040878497399
EV  44 converged λ = -6.6283479093, ‖r‖ = 2.15e-04, stable for 3 iters
EV  45 converged λ = -6.5857751645, ‖r‖ = 2.35e-04, stable for 3 iters
EV  46 converged λ = -6.5384346727, ‖r‖ = 1.56e-04, stable for 3 iters
EV  47 converged λ = -6.2223720869, ‖r‖ = 2.85e-04, stable for 3 iters
EV  48 converged λ = -5.7891716218, ‖r‖ = 2.56e-04, stable for 3 iters
EV  49 converged λ = -5.7190116141, ‖r‖ = 2.69e-04, stable for 3 iters
EV  50 converged λ = -5.2281211464, ‖r‖ = 4.97e-04, stable for 3 iters
EV  51 converged λ = -5.0399288140, ‖r‖ = 2.99e-04, stable for 3 iters
EV  52 converged λ = -4.7875653557, ‖r‖ = 8.91e-04, stable for 3 iters
EV  53 converged λ = -4.7814412576, ‖r‖ = 4.41e-04, stable for 3 iters
EV  54 converged λ = -4.6652046133, ‖r‖ = 2.65e-04, stable for 3 iters
EV  55 converged λ = -4.6211800596, ‖r‖ = 6.90e-04, stable for 3 iters
EV  56 converged λ = -4.5200151254, ‖r‖ = 4.78e-04, stable for 3 iters
EV  57 converged λ = -4.4887209013, ‖r‖ = 5.27e-04, stable for 3 iters
EV  58 converged λ = -4.0926203741, ‖r‖ = 5.81e-04, stable for 3 iters
EV  59 converged λ = -4.0016557038, ‖r‖ = 6.38e-04, stable for 3 iters
EV  60 converged λ = -3.8956050697, ‖r‖ = 8.55e-04, stable for 3 iters
EV  61 converged λ = -3.6818133786, ‖r‖ = 8.17e-04, stable for 3 iters
EV  62 converged λ = -3.5017389082, ‖r‖ = 1.65e-03, stable for 3 iters
EV  63 converged λ = -3.4639854130, ‖r‖ = 1.40e-03, stable for 3 iters
EV  64 converged λ = -3.4531104002, ‖r‖ = 1.49e-03, stable for 3 iters
EV  65 converged λ = -3.3992909550, ‖r‖ = 1.23e-03, stable for 3 iters
EV  66 converged λ = -3.2422676884, ‖r‖ = 9.89e-04, stable for 3 iters
EV  67 converged λ = -3.2166843440, ‖r‖ = 1.44e-03, stable for 3 iters
EV  68 converged λ = -3.2059818268, ‖r‖ = 2.04e-03, stable for 3 iters
EV  69 converged λ = -3.1850925054, ‖r‖ = 1.73e-03, stable for 3 iters
EV  70 converged λ = -2.9940276935, ‖r‖ = 1.46e-03, stable for 3 iters
EV  71 converged λ = -2.9546414861, ‖r‖ = 2.42e-03, stable for 3 iters
EV  72 converged λ = -2.7989943145, ‖r‖ = 2.43e-03, stable for 3 iters
EV  73 converged λ = -2.5911033702, ‖r‖ = 2.26e-03, stable for 3 iters
EV  74 converged λ = -2.5874470321, ‖r‖ = 2.28e-03, stable for 3 iters
EV  75 converged λ = -2.5841033323, ‖r‖ = 2.77e-03, stable for 3 iters
EV  76 converged λ = -2.5791147185, ‖r‖ = 2.41e-03, stable for 3 iters
Iter 12: V_size = 480, Converged = 76, ‖r‖ (largest λ) = 0.0004971040878554495
Iter 13: V_size = 480, Converged = 76, ‖r‖ (largest λ) = 0.00038949409768392144
Iter 14: V_size = 480, Converged = 76, ‖r‖ (largest λ) = 0.00038949409777238746
EV  77 converged λ = -2.4400417648, ‖r‖ = 4.43e-04, stable for 3 iters
EV  78 converged λ = -2.4160896536, ‖r‖ = 3.32e-04, stable for 3 iters
EV  79 converged λ = -2.3103850071, ‖r‖ = 9.49e-04, stable for 3 iters
EV  80 converged λ = -2.3085423029, ‖r‖ = 6.91e-04, stable for 3 iters
EV  81 converged λ = -2.2988235014, ‖r‖ = 8.04e-04, stable for 3 iters
EV  82 converged λ = -2.2323333522, ‖r‖ = 4.69e-04, stable for 3 iters
EV  83 converged λ = -2.1395480561, ‖r‖ = 7.61e-04, stable for 3 iters
EV  84 converged λ = -2.0592216440, ‖r‖ = 9.02e-04, stable for 3 iters
EV  85 converged λ = -2.0457550544, ‖r‖ = 7.68e-04, stable for 3 iters
EV  86 converged λ = -2.0142995230, ‖r‖ = 1.08e-03, stable for 3 iters
EV  87 converged λ = -1.9846025487, ‖r‖ = 7.62e-04, stable for 3 iters
EV  88 converged λ = -1.9648315440, ‖r‖ = 1.12e-03, stable for 3 iters
EV  89 converged λ = -1.8894877343, ‖r‖ = 1.10e-03, stable for 3 iters
EV  90 converged λ = -1.8834027078, ‖r‖ = 1.14e-03, stable for 3 iters
EV  91 converged λ = -1.8609850489, ‖r‖ = 1.31e-03, stable for 3 iters
EV  92 converged λ = -1.8469607061, ‖r‖ = 1.09e-03, stable for 3 iters
EV  93 converged λ = -1.8218882489, ‖r‖ = 1.31e-03, stable for 3 iters
EV  94 converged λ = -1.7440786242, ‖r‖ = 1.25e-03, stable for 3 iters
EV  95 converged λ = -1.7109158276, ‖r‖ = 2.60e-03, stable for 3 iters
EV  96 converged λ = -1.7080977231, ‖r‖ = 1.12e-03, stable for 3 iters
EV  97 converged λ = -1.6989791581, ‖r‖ = 1.19e-03, stable for 3 iters
EV  98 converged λ = -1.5798630566, ‖r‖ = 2.00e-03, stable for 3 iters
EV  99 converged λ = -1.5333405631, ‖r‖ = 2.56e-03, stable for 3 iters
EV 100 converged λ = -1.5019883849, ‖r‖ = 3.11e-03, stable for 3 iters
EV 101 converged λ = -1.4349412248, ‖r‖ = 2.67e-03, stable for 3 iters
EV 102 converged λ = -1.4278765204, ‖r‖ = 3.67e-03, stable for 3 iters
EV 103 converged λ = -1.3724362018, ‖r‖ = 4.04e-03, stable for 3 iters
EV 104 converged λ = -1.3225563409, ‖r‖ = 3.78e-03, stable for 3 iters
EV 105 converged λ = -1.3075213646, ‖r‖ = 2.64e-03, stable for 3 iters
EV 106 converged λ = -1.3067958641, ‖r‖ = 4.33e-03, stable for 3 iters
EV 107 converged λ = -1.3039324227, ‖r‖ = 3.58e-03, stable for 3 iters
EV 108 converged λ = -1.2912378420, ‖r‖ = 3.98e-03, stable for 3 iters
Iter 15: V_size = 480, Converged = 108, ‖r‖ (largest λ) = 0.0003894940979827412
Iter 16: V_size = 480, Converged = 108, ‖r‖ (largest λ) = 0.00046991866576048965
Iter 17: V_size = 480, Converged = 108, ‖r‖ (largest λ) = 0.00046831603973548333
EV 109 converged λ = -1.3913871175, ‖r‖ = 4.78e-04, stable for 3 iters
Iter 18: V_size = 480, Converged = 109, ‖r‖ (largest λ) = 0.0005651509915581964
Iter 19: V_size = 480, Converged = 109, ‖r‖ (largest λ) = 0.00044445749655442783
Iter 20: V_size = 480, Converged = 109, ‖r‖ (largest λ) = 0.0006276393055524485
EV 110 converged λ = -1.2327043011, ‖r‖ = 2.89e-04, stable for 3 iters
EV 111 converged λ = -1.2021270707, ‖r‖ = 5.84e-04, stable for 3 iters
EV 112 converged λ = -1.1809465533, ‖r‖ = 5.29e-04, stable for 3 iters
EV 113 converged λ = -1.1444945847, ‖r‖ = 6.89e-04, stable for 3 iters
EV 114 converged λ = -1.1341470215, ‖r‖ = 1.19e-03, stable for 3 iters
EV 115 converged λ = -1.0854952847, ‖r‖ = 2.14e-03, stable for 3 iters
EV 116 converged λ = -1.0453034630, ‖r‖ = 1.78e-03, stable for 3 iters
EV 117 converged λ = -1.0017627688, ‖r‖ = 2.06e-03, stable for 3 iters
Iter 21: V_size = 480, Converged = 117, ‖r‖ (largest λ) = 0.0005094228980933246
Iter 22: V_size = 480, Converged = 117, ‖r‖ (largest λ) = 0.0005462811521733573
Iter 23: V_size = 480, Converged = 117, ‖r‖ (largest λ) = 0.0005578658471561477
EV 118 converged λ = -1.1080549183, ‖r‖ = 6.68e-04, stable for 3 iters
EV 119 converged λ = -1.0882255805, ‖r‖ = 7.99e-04, stable for 3 iters
EV 120 converged λ = -1.0815813673, ‖r‖ = 3.15e-04, stable for 3 iters
EV 121 converged λ = -1.0099053622, ‖r‖ = 3.24e-04, stable for 3 iters
EV 122 converged λ = -0.9558482781, ‖r‖ = 8.36e-04, stable for 3 iters
Iter 24: V_size = 480, Converged = 122, ‖r‖ (largest λ) = 0.000570484162454752
Iter 25: V_size = 480, Converged = 122, ‖r‖ (largest λ) = 0.000655805143913314
Iter 26: V_size = 480, Converged = 122, ‖r‖ (largest λ) = 0.0006182262622141841
EV 123 converged λ = -0.9949907259, ‖r‖ = 6.26e-04, stable for 3 iters
EV 124 converged λ = -0.9811879143, ‖r‖ = 6.98e-04, stable for 3 iters
EV 125 converged λ = -0.9491566954, ‖r‖ = 5.62e-04, stable for 3 iters
EV 126 converged λ = -0.9457815126, ‖r‖ = 6.85e-04, stable for 3 iters
EV 127 converged λ = -0.9093256149, ‖r‖ = 6.97e-04, stable for 3 iters
EV 128 converged λ = -0.8894285817, ‖r‖ = 1.26e-03, stable for 3 iters
EV 129 converged λ = -0.8618415250, ‖r‖ = 6.52e-04, stable for 3 iters
Iter 27: V_size = 480, Converged = 129, ‖r‖ (largest λ) = 0.0007443914644469783
Iter 28: V_size = 480, Converged = 129, ‖r‖ (largest λ) = 0.0007451003442974762
Iter 29: V_size = 480, Converged = 129, ‖r‖ (largest λ) = 0.0007311878308407944
EV 130 converged λ = -0.8598145912, ‖r‖ = 5.43e-04, stable for 3 iters
EV 131 converged λ = -0.8595761353, ‖r‖ = 7.87e-04, stable for 3 iters
EV 132 converged λ = -0.8084307379, ‖r‖ = 9.78e-04, stable for 3 iters
EV 133 converged λ = -0.8007144648, ‖r‖ = 1.29e-03, stable for 3 iters
EV 134 converged λ = -0.7720173740, ‖r‖ = 1.20e-03, stable for 3 iters
EV 135 converged λ = -0.7694786538, ‖r‖ = 6.92e-04, stable for 3 iters
EV 136 converged λ = -0.7505386408, ‖r‖ = 1.36e-03, stable for 3 iters
EV 137 converged λ = -0.7370359966, ‖r‖ = 1.46e-03, stable for 3 iters
Iter 30: V_size = 480, Converged = 137, ‖r‖ (largest λ) = 0.0007817000389325609
Iter 31: V_size = 480, Converged = 137, ‖r‖ (largest λ) = 0.000948819430583662
Iter 32: V_size = 480, Converged = 137, ‖r‖ (largest λ) = 0.0007996659226094098
EV 138 converged λ = -0.7796576852, ‖r‖ = 1.18e-03, stable for 3 iters
EV 139 converged λ = -0.7384351429, ‖r‖ = 1.08e-03, stable for 3 iters
EV 140 converged λ = -0.7303355009, ‖r‖ = 8.05e-04, stable for 3 iters
EV 141 converged λ = -0.7040428335, ‖r‖ = 1.08e-03, stable for 3 iters
EV 142 converged λ = -0.6974077986, ‖r‖ = 1.16e-03, stable for 3 iters
EV 143 converged λ = -0.6876617157, ‖r‖ = 1.95e-03, stable for 3 iters
EV 144 converged λ = -0.6841168574, ‖r‖ = 1.21e-03, stable for 3 iters
EV 145 converged λ = -0.6797763149, ‖r‖ = 1.52e-03, stable for 3 iters
EV 146 converged λ = -0.6718531120, ‖r‖ = 1.32e-03, stable for 3 iters
EV 147 converged λ = -0.6428961660, ‖r‖ = 1.51e-03, stable for 3 iters
EV 148 converged λ = -0.6372587142, ‖r‖ = 1.98e-03, stable for 3 iters
EV 149 converged λ = -0.6226022360, ‖r‖ = 2.13e-03, stable for 3 iters
EV 150 converged λ = -0.6145417449, ‖r‖ = 1.68e-03, stable for 3 iters
Iter 33: V_size = 480, Converged = 150, ‖r‖ (largest λ) = 0.0008982690724794404
Iter 34: V_size = 480, Converged = 150, ‖r‖ (largest λ) = 0.001017137055426451
Iter 35: V_size = 480, Converged = 150, ‖r‖ (largest λ) = 0.0009480354604847678
EV 151 converged λ = -0.7175502106, ‖r‖ = 1.02e-03, stable for 3 iters
EV 152 converged λ = -0.6452240065, ‖r‖ = 1.69e-03, stable for 3 iters
EV 153 converged λ = -0.6293145865, ‖r‖ = 1.90e-03, stable for 3 iters
EV 154 converged λ = -0.6089015934, ‖r‖ = 1.83e-03, stable for 3 iters
EV 155 converged λ = -0.5877802164, ‖r‖ = 1.79e-03, stable for 3 iters
EV 156 converged λ = -0.5010307059, ‖r‖ = 1.85e-03, stable for 3 iters
Iter 36: V_size = 480, Converged = 156, ‖r‖ (largest λ) = 0.0008919752106248681
Iter 37: V_size = 480, Converged = 156, ‖r‖ (largest λ) = 0.0009168840958127328
Iter 38: V_size = 480, Converged = 156, ‖r‖ (largest λ) = 0.0009804249780777984
EV 157 converged λ = -0.5664768451, ‖r‖ = 2.11e-03, stable for 3 iters
EV 158 converged λ = -0.5199901069, ‖r‖ = 2.59e-03, stable for 3 iters
EV 159 converged λ = -0.5152081307, ‖r‖ = 2.72e-03, stable for 3 iters
Iter 39: V_size = 480, Converged = 159, ‖r‖ (largest λ) = 0.0009924454611388305
Iter 40: V_size = 480, Converged = 159, ‖r‖ (largest λ) = 0.0011502402719124282
Iter 41: V_size = 480, Converged = 159, ‖r‖ (largest λ) = 0.001214870002964618
EV 160 converged λ = -0.5140488727, ‖r‖ = 2.49e-03, stable for 3 iters
EV 161 converged λ = -0.4839532888, ‖r‖ = 2.71e-03, stable for 3 iters
Iter 42: V_size = 480, Converged = 161, ‖r‖ (largest λ) = 0.0012074714711116125
Iter 43: V_size = 480, Converged = 161, ‖r‖ (largest λ) = 0.0011865539574504762
Iter 44: V_size = 480, Converged = 161, ‖r‖ (largest λ) = 0.0012077299334293935
EV 162 converged λ = -0.4836266056, ‖r‖ = 2.67e-03, stable for 3 iters
EV 163 converged λ = -0.4725233451, ‖r‖ = 2.64e-03, stable for 3 iters
Iter 45: V_size = 480, Converged = 163, ‖r‖ (largest λ) = 0.0012882688869165011
Iter 46: V_size = 480, Converged = 163, ‖r‖ (largest λ) = 0.0012017976809207706
Iter 47: V_size = 480, Converged = 163, ‖r‖ (largest λ) = 0.0011957609793590875
EV 164 converged λ = -0.4828875170, ‖r‖ = 2.72e-03, stable for 3 iters
Iter 48: V_size = 480, Converged = 164, ‖r‖ (largest λ) = 0.0012279544892786147
Iter 49: V_size = 480, Converged = 164, ‖r‖ (largest λ) = 0.0012800937193492732
Iter 50: V_size = 480, Converged = 164, ‖r‖ (largest λ) = 0.0013094086062978676
Iter 51: V_size = 480, Converged = 164, ‖r‖ (largest λ) = 0.0013029004614959563
Iter 52: V_size = 480, Converged = 164, ‖r‖ (largest λ) = 0.001307151657362865
Iter 53: V_size = 480, Converged = 164, ‖r‖ (largest λ) = 0.0013204510613058378
Iter 54: V_size = 480, Converged = 164, ‖r‖ (largest λ) = 0.001318830992493438
Iter 55: V_size = 480, Converged = 164, ‖r‖ (largest λ) = 0.0013325265731986646
Iter 56: V_size = 480, Converged = 164, ‖r‖ (largest λ) = 0.001355150456408405
Iter 57: V_size = 480, Converged = 164, ‖r‖ (largest λ) = 0.0013755708734906715
Iter 58: V_size = 480, Converged = 164, ‖r‖ (largest λ) = 0.0013899776094430404
Iter 59: V_size = 480, Converged = 164, ‖r‖ (largest λ) = 0.0014269338653849974
Iter 60: V_size = 480, Converged = 164, ‖r‖ (largest λ) = 0.0014340060912225504
Iter 61: V_size = 480, Converged = 164, ‖r‖ (largest λ) = 0.0014490883663118425
Iter 62: V_size = 480, Converged = 164, ‖r‖ (largest λ) = 0.0014521802507388528
Iter 63: V_size = 480, Converged = 164, ‖r‖ (largest λ) = 0.0014542423798912293
Iter 64: V_size = 480, Converged = 164, ‖r‖ (largest λ) = 0.0014691418182922402
Iter 65: V_size = 480, Converged = 164, ‖r‖ (largest λ) = 0.0014628067247628334
Iter 66: V_size = 480, Converged = 164, ‖r‖ (largest λ) = 0.0014579198060951073
Iter 67: V_size = 480, Converged = 164, ‖r‖ (largest λ) = 0.0014520379927532353
Iter 68: V_size = 480, Converged = 164, ‖r‖ (largest λ) = 0.0014634644496639084
Iter 69: V_size = 480, Converged = 164, ‖r‖ (largest λ) = 0.0014642940064053661
Iter 70: V_size = 480, Converged = 164, ‖r‖ (largest λ) = 0.0014682372574730106
Iter 71: V_size = 480, Converged = 164, ‖r‖ (largest λ) = 0.0014736413895175098
Iter 72: V_size = 480, Converged = 164, ‖r‖ (largest λ) = 0.0014767636542805838
Iter 73: V_size = 480, Converged = 164, ‖r‖ (largest λ) = 0.0014847989101396462
Iter 74: V_size = 480, Converged = 164, ‖r‖ (largest λ) = 0.0014894252275818754
Iter 75: V_size = 480, Converged = 164, ‖r‖ (largest λ) = 0.0014968508809629745
Iter 76: V_size = 480, Converged = 164, ‖r‖ (largest λ) = 0.001503141465695608
Iter 77: V_size = 480, Converged = 164, ‖r‖ (largest λ) = 0.0015017416688154481
Iter 78: V_size = 480, Converged = 164, ‖r‖ (largest λ) = 0.001509818253014649
Iter 79: V_size = 480, Converged = 164, ‖r‖ (largest λ) = 0.00151267849480667
Iter 80: V_size = 480, Converged = 164, ‖r‖ (largest λ) = 0.0015139638082204247
Iter 81: V_size = 480, Converged = 164, ‖r‖ (largest λ) = 0.0015170556418934553
Iter 82: V_size = 480, Converged = 164, ‖r‖ (largest λ) = 0.0015183871088698874
Iter 83: V_size = 480, Converged = 164, ‖r‖ (largest λ) = 0.0015244504207064236
Iter 84: V_size = 480, Converged = 164, ‖r‖ (largest λ) = 0.0015315739682506156
Iter 85: V_size = 480, Converged = 164, ‖r‖ (largest λ) = 0.0015382962741288518
Iter 86: V_size = 480, Converged = 164, ‖r‖ (largest λ) = 0.0015483910158878493
Iter 87: V_size = 480, Converged = 164, ‖r‖ (largest λ) = 0.0015537449230832781
Iter 88: V_size = 480, Converged = 164, ‖r‖ (largest λ) = 0.001557093286427279
Iter 89: V_size = 480, Converged = 164, ‖r‖ (largest λ) = 0.0015580172769337982
Iter 90: V_size = 480, Converged = 164, ‖r‖ (largest λ) = 0.0015676680743580032
Iter 91: V_size = 480, Converged = 164, ‖r‖ (largest λ) = 0.0015729403911234807
Iter 92: V_size = 480, Converged = 164, ‖r‖ (largest λ) = 0.0015780541496000424
Iter 93: V_size = 480, Converged = 164, ‖r‖ (largest λ) = 0.001582072119801398
Iter 94: V_size = 480, Converged = 164, ‖r‖ (largest λ) = 0.001589734171184597
Iter 95: V_size = 480, Converged = 164, ‖r‖ (largest λ) = 0.0015921206069133673
Iter 96: V_size = 480, Converged = 164, ‖r‖ (largest λ) = 0.0015954834986466916
Iter 97: V_size = 480, Converged = 164, ‖r‖ (largest λ) = 0.0016001233190045894
Iter 98: V_size = 480, Converged = 164, ‖r‖ (largest λ) = 0.0016063681057806275
Iter 99: V_size = 480, Converged = 164, ‖r‖ (largest λ) = 0.0016118614516706948
Iter 100: V_size = 480, Converged = 164, ‖r‖ (largest λ) = 0.0016153761708444468
Iter 101: V_size = 480, Converged = 164, ‖r‖ (largest λ) = 0.0016280284863768126
Iter 102: V_size = 480, Converged = 164, ‖r‖ (largest λ) = 0.0016303306626177028
Iter 103: V_size = 480, Converged = 164, ‖r‖ (largest λ) = 0.0016368901079078975
Iter 104: V_size = 480, Converged = 164, ‖r‖ (largest λ) = 0.001639842550917419
Iter 105: V_size = 480, Converged = 164, ‖r‖ (largest λ) = 0.0016474450015923022
Iter 106: V_size = 480, Converged = 164, ‖r‖ (largest λ) = 0.001648656599109063
Iter 107: V_size = 480, Converged = 164, ‖r‖ (largest λ) = 0.0016528417238452844
Iter 108: V_size = 480, Converged = 164, ‖r‖ (largest λ) = 0.0016560137335439571
Iter 109: V_size = 480, Converged = 164, ‖r‖ (largest λ) = 0.001656095804977664
Iter 110: V_size = 480, Converged = 164, ‖r‖ (largest λ) = 0.0016579755138572763
Iter 111: V_size = 480, Converged = 164, ‖r‖ (largest λ) = 0.0016609935231026254
Iter 112: V_size = 480, Converged = 164, ‖r‖ (largest λ) = 0.0016641622476587074
Iter 113: V_size = 480, Converged = 164, ‖r‖ (largest λ) = 0.0016646186988674683
Iter 114: V_size = 480, Converged = 164, ‖r‖ (largest λ) = 0.0016644412407618246
Iter 115: V_size = 480, Converged = 164, ‖r‖ (largest λ) = 0.0016693052437510747
Iter 116: V_size = 480, Converged = 164, ‖r‖ (largest λ) = 0.0016750854216750289
Iter 117: V_size = 480, Converged = 164, ‖r‖ (largest λ) = 0.0016766500564927215
Iter 118: V_size = 480, Converged = 164, ‖r‖ (largest λ) = 0.0016780644849033765
Iter 119: V_size = 480, Converged = 164, ‖r‖ (largest λ) = 0.0016812199349466644
Iter 120: V_size = 480, Converged = 164, ‖r‖ (largest λ) = 0.0016896141284250606
Iter 121: V_size = 480, Converged = 164, ‖r‖ (largest λ) = 0.0016921448627246526
Iter 122: V_size = 480, Converged = 164, ‖r‖ (largest λ) = 0.001701228194337449
Iter 123: V_size = 480, Converged = 164, ‖r‖ (largest λ) = 0.0017072006214690588
Iter 124: V_size = 480, Converged = 164, ‖r‖ (largest λ) = 0.0017115466731381702
Iter 125: V_size = 480, Converged = 164, ‖r‖ (largest λ) = 0.001716776377376564
Iter 126: V_size = 480, Converged = 164, ‖r‖ (largest λ) = 0.0017200885075122666
Iter 127: V_size = 480, Converged = 164, ‖r‖ (largest λ) = 0.001727345722343379
Iter 128: V_size = 480, Converged = 164, ‖r‖ (largest λ) = 0.001729510068704984
Iter 129: V_size = 480, Converged = 164, ‖r‖ (largest λ) = 0.0017332568344353297
Iter 130: V_size = 480, Converged = 164, ‖r‖ (largest λ) = 0.0017340373253913054
Iter 131: V_size = 480, Converged = 164, ‖r‖ (largest λ) = 0.0017369575181944673
Iter 132: V_size = 480, Converged = 164, ‖r‖ (largest λ) = 0.0017405256771457398
Iter 133: V_size = 480, Converged = 164, ‖r‖ (largest λ) = 0.0017448343383113807
Iter 134: V_size = 480, Converged = 164, ‖r‖ (largest λ) = 0.001750394199113352
Iter 135: V_size = 480, Converged = 164, ‖r‖ (largest λ) = 0.001753202558241477
Iter 136: V_size = 480, Converged = 164, ‖r‖ (largest λ) = 0.0017574600180974443
Iter 137: V_size = 480, Converged = 164, ‖r‖ (largest λ) = 0.0017602823379930903
Iter 138: V_size = 480, Converged = 164, ‖r‖ (largest λ) = 0.0017616040141170061
Iter 139: V_size = 480, Converged = 164, ‖r‖ (largest λ) = 0.0017662421713713133
Iter 140: V_size = 480, Converged = 164, ‖r‖ (largest λ) = 0.0017685645227095664
Iter 141: V_size = 480, Converged = 164, ‖r‖ (largest λ) = 0.0017733951270688625
Iter 142: V_size = 480, Converged = 164, ‖r‖ (largest λ) = 0.0017780245931229048
EV 165 converged λ = -0.4957339108, ‖r‖ = 2.82e-03, stable for 3 iters
Iter 143: V_size = 480, Converged = 165, ‖r‖ (largest λ) = 0.0017798615842540603
Iter 144: V_size = 480, Converged = 165, ‖r‖ (largest λ) = 0.0017835340219993978
Iter 145: V_size = 480, Converged = 165, ‖r‖ (largest λ) = 0.0017875973610876727
Iter 146: V_size = 480, Converged = 165, ‖r‖ (largest λ) = 0.0017888758100163334
Iter 147: V_size = 480, Converged = 165, ‖r‖ (largest λ) = 0.001793804517776186
Iter 148: V_size = 480, Converged = 165, ‖r‖ (largest λ) = 0.0017978208502218234
Iter 149: V_size = 480, Converged = 165, ‖r‖ (largest λ) = 0.0018011114383615456
Iter 150: V_size = 480, Converged = 165, ‖r‖ (largest λ) = 0.001808225700079573
Iter 151: V_size = 480, Converged = 165, ‖r‖ (largest λ) = 0.001815810205323326
Iter 152: V_size = 480, Converged = 165, ‖r‖ (largest λ) = 0.0018263331770788595
Iter 153: V_size = 480, Converged = 165, ‖r‖ (largest λ) = 0.0018325805636646556
Iter 154: V_size = 480, Converged = 165, ‖r‖ (largest λ) = 0.0018432352202821965
Iter 155: V_size = 480, Converged = 165, ‖r‖ (largest λ) = 0.0018567104764935485
Iter 156: V_size = 480, Converged = 165, ‖r‖ (largest λ) = 0.0018619699403098525
Iter 157: V_size = 480, Converged = 165, ‖r‖ (largest λ) = 0.0018660973558914387
Iter 158: V_size = 480, Converged = 165, ‖r‖ (largest λ) = 0.0018709536415546903
Iter 159: V_size = 480, Converged = 165, ‖r‖ (largest λ) = 0.0018712066911832016
Iter 160: V_size = 480, Converged = 165, ‖r‖ (largest λ) = 0.0018707780837225318
Iter 161: V_size = 480, Converged = 165, ‖r‖ (largest λ) = 0.001876689030948853
Iter 162: V_size = 480, Converged = 165, ‖r‖ (largest λ) = 0.0018813208974522127
Iter 163: V_size = 480, Converged = 165, ‖r‖ (largest λ) = 0.0018842373174249394
Iter 164: V_size = 480, Converged = 165, ‖r‖ (largest λ) = 0.0018896160486057004
Iter 165: V_size = 480, Converged = 165, ‖r‖ (largest λ) = 0.0018875466720877597
Iter 166: V_size = 480, Converged = 165, ‖r‖ (largest λ) = 0.0018909738382356944
Iter 167: V_size = 480, Converged = 165, ‖r‖ (largest λ) = 0.0018897207422965351
Iter 168: V_size = 480, Converged = 165, ‖r‖ (largest λ) = 0.0018939309220118274
Iter 169: V_size = 480, Converged = 165, ‖r‖ (largest λ) = 0.0019005759436435184
Iter 170: V_size = 480, Converged = 165, ‖r‖ (largest λ) = 0.00190383210728579
Iter 171: V_size = 480, Converged = 165, ‖r‖ (largest λ) = 0.0019081926938010587
Iter 172: V_size = 480, Converged = 165, ‖r‖ (largest λ) = 0.0019099180065197678
Iter 173: V_size = 480, Converged = 165, ‖r‖ (largest λ) = 0.0019142203281426531
Iter 174: V_size = 480, Converged = 165, ‖r‖ (largest λ) = 0.0019236630600542727
Iter 175: V_size = 480, Converged = 165, ‖r‖ (largest λ) = 0.0019275082149761346
EV 166 converged λ = -0.4309825817, ‖r‖ = 2.62e-03, stable for 3 iters
Iter 176: V_size = 480, Converged = 166, ‖r‖ (largest λ) = 0.0019261361459598635
Iter 177: V_size = 480, Converged = 166, ‖r‖ (largest λ) = 0.0019259816628968268
Iter 178: V_size = 480, Converged = 166, ‖r‖ (largest λ) = 0.0019253750039229657
Iter 179: V_size = 480, Converged = 166, ‖r‖ (largest λ) = 0.0019286348258125746
Iter 180: V_size = 480, Converged = 166, ‖r‖ (largest λ) = 0.0019325642210725944
Iter 181: V_size = 480, Converged = 166, ‖r‖ (largest λ) = 0.0019349697147889881
Iter 182: V_size = 480, Converged = 166, ‖r‖ (largest λ) = 0.001941463825704658
Iter 183: V_size = 480, Converged = 166, ‖r‖ (largest λ) = 0.0019418553902465973
Iter 184: V_size = 480, Converged = 166, ‖r‖ (largest λ) = 0.0019447023297810462
Iter 185: V_size = 480, Converged = 166, ‖r‖ (largest λ) = 0.0019459925649594834
Iter 186: V_size = 480, Converged = 166, ‖r‖ (largest λ) = 0.0019481250651436541
Iter 187: V_size = 480, Converged = 166, ‖r‖ (largest λ) = 0.0019517055222375982
Iter 188: V_size = 480, Converged = 166, ‖r‖ (largest λ) = 0.0019561979625567962
Iter 189: V_size = 480, Converged = 166, ‖r‖ (largest λ) = 0.001957807833228506
Iter 190: V_size = 480, Converged = 166, ‖r‖ (largest λ) = 0.0019594892982125077
Iter 191: V_size = 480, Converged = 166, ‖r‖ (largest λ) = 0.0019573892637790497
Iter 192: V_size = 480, Converged = 166, ‖r‖ (largest λ) = 0.0019568043253493012
Iter 193: V_size = 480, Converged = 166, ‖r‖ (largest λ) = 0.001962294492965906
Iter 194: V_size = 480, Converged = 166, ‖r‖ (largest λ) = 0.0019661918003661626
Iter 195: V_size = 480, Converged = 166, ‖r‖ (largest λ) = 0.0019657290547695837
Iter 196: V_size = 480, Converged = 166, ‖r‖ (largest λ) = 0.001964903357847801
Iter 197: V_size = 480, Converged = 166, ‖r‖ (largest λ) = 0.0019706042029941275
Iter 198: V_size = 480, Converged = 166, ‖r‖ (largest λ) = 0.001969716925005822
Iter 199: V_size = 480, Converged = 166, ‖r‖ (largest λ) = 0.0019719870239111002
Iter 200: V_size = 480, Converged = 166, ‖r‖ (largest λ) = 0.001973061713087628
Iter 201: V_size = 480, Converged = 166, ‖r‖ (largest λ) = 0.0019743126040892055
Iter 202: V_size = 480, Converged = 166, ‖r‖ (largest λ) = 0.0019760244851704223
Iter 203: V_size = 480, Converged = 166, ‖r‖ (largest λ) = 0.0019800932056651833
Iter 204: V_size = 480, Converged = 166, ‖r‖ (largest λ) = 0.001981070807358596
Iter 205: V_size = 480, Converged = 166, ‖r‖ (largest λ) = 0.0019809691940802284
Iter 206: V_size = 480, Converged = 166, ‖r‖ (largest λ) = 0.001982206408937366
Iter 207: V_size = 480, Converged = 166, ‖r‖ (largest λ) = 0.0019855307402070646
Iter 208: V_size = 480, Converged = 166, ‖r‖ (largest λ) = 0.0019844550249689115
Iter 209: V_size = 480, Converged = 166, ‖r‖ (largest λ) = 0.001985698293912539
Iter 210: V_size = 480, Converged = 166, ‖r‖ (largest λ) = 0.001990017287471142
Iter 211: V_size = 480, Converged = 166, ‖r‖ (largest λ) = 0.0019903603266855753
Iter 212: V_size = 480, Converged = 166, ‖r‖ (largest λ) = 0.0019914772499004486
Iter 213: V_size = 480, Converged = 166, ‖r‖ (largest λ) = 0.00199434368532716
Iter 214: V_size = 480, Converged = 166, ‖r‖ (largest λ) = 0.001998167056715188
Iter 215: V_size = 480, Converged = 166, ‖r‖ (largest λ) = 0.001999455595545017
Iter 216: V_size = 480, Converged = 166, ‖r‖ (largest λ) = 0.002002053734122345
Iter 217: V_size = 480, Converged = 166, ‖r‖ (largest λ) = 0.0020039153479698745
Iter 218: V_size = 480, Converged = 166, ‖r‖ (largest λ) = 0.0020073152064735613
Iter 219: V_size = 480, Converged = 166, ‖r‖ (largest λ) = 0.002012666751583455
Iter 220: V_size = 480, Converged = 166, ‖r‖ (largest λ) = 0.0020134346623901568
Iter 221: V_size = 480, Converged = 166, ‖r‖ (largest λ) = 0.0020134190553254337
Iter 222: V_size = 480, Converged = 166, ‖r‖ (largest λ) = 0.0020180000882830972
Iter 223: V_size = 480, Converged = 166, ‖r‖ (largest λ) = 0.0020239417796524906
Iter 224: V_size = 480, Converged = 166, ‖r‖ (largest λ) = 0.0020250448463703143
Iter 225: V_size = 480, Converged = 166, ‖r‖ (largest λ) = 0.0020280907215683357
Iter 226: V_size = 480, Converged = 166, ‖r‖ (largest λ) = 0.00203281893110377
EV 167 converged λ = -0.4452882793, ‖r‖ = 2.67e-03, stable for 3 iters
Iter 227: V_size = 480, Converged = 167, ‖r‖ (largest λ) = 0.0020329076296979475
Iter 228: V_size = 480, Converged = 167, ‖r‖ (largest λ) = 0.00202602083610263
Iter 229: V_size = 480, Converged = 167, ‖r‖ (largest λ) = 0.0020249420302613733
EV 168 converged λ = -0.4479774751, ‖r‖ = 2.68e-03, stable for 3 iters
Iter 230: V_size = 480, Converged = 168, ‖r‖ (largest λ) = 0.0020263731683964757
Iter 231: V_size = 480, Converged = 168, ‖r‖ (largest λ) = 0.002028827274713917
Iter 232: V_size = 480, Converged = 168, ‖r‖ (largest λ) = 0.0020334505387049305
Iter 233: V_size = 480, Converged = 168, ‖r‖ (largest λ) = 0.0020378920611095314
Iter 234: V_size = 480, Converged = 168, ‖r‖ (largest λ) = 0.0020402669245780936
Iter 235: V_size = 480, Converged = 168, ‖r‖ (largest λ) = 0.0020450282221704443
Iter 236: V_size = 480, Converged = 168, ‖r‖ (largest λ) = 0.0020398427052341823
EV 169 converged λ = -0.4617882395, ‖r‖ = 2.71e-03, stable for 3 iters
Iter 237: V_size = 480, Converged = 169, ‖r‖ (largest λ) = 0.002042609466577903
Iter 238: V_size = 480, Converged = 169, ‖r‖ (largest λ) = 0.002037134523056087
Iter 239: V_size = 480, Converged = 169, ‖r‖ (largest λ) = 0.0020413939704569772
Iter 240: V_size = 480, Converged = 169, ‖r‖ (largest λ) = 0.0020477552511249876
Iter 241: V_size = 480, Converged = 169, ‖r‖ (largest λ) = 0.002047385379062876
Iter 242: V_size = 480, Converged = 169, ‖r‖ (largest λ) = 0.0020495787707028434
Iter 243: V_size = 480, Converged = 169, ‖r‖ (largest λ) = 0.002046742175198819
Iter 244: V_size = 480, Converged = 169, ‖r‖ (largest λ) = 0.0020435976488481764
Iter 245: V_size = 480, Converged = 169, ‖r‖ (largest λ) = 0.0020469919938346506
Iter 246: V_size = 480, Converged = 169, ‖r‖ (largest λ) = 0.0020504788658304188
Iter 247: V_size = 480, Converged = 169, ‖r‖ (largest λ) = 0.0020596415651574656
Iter 248: V_size = 480, Converged = 169, ‖r‖ (largest λ) = 0.002060550763061284
Iter 249: V_size = 480, Converged = 169, ‖r‖ (largest λ) = 0.0020591104288706745
Iter 250: V_size = 480, Converged = 169, ‖r‖ (largest λ) = 0.0020553394745802664
Iter 251: V_size = 480, Converged = 169, ‖r‖ (largest λ) = 0.002060443142922846
Iter 252: V_size = 480, Converged = 169, ‖r‖ (largest λ) = 0.0020601225324169362
Iter 253: V_size = 480, Converged = 169, ‖r‖ (largest λ) = 0.0020604486248201334
Iter 254: V_size = 480, Converged = 169, ‖r‖ (largest λ) = 0.0020586816070110123
Iter 255: V_size = 480, Converged = 169, ‖r‖ (largest λ) = 0.0020577647950940493
Iter 256: V_size = 480, Converged = 169, ‖r‖ (largest λ) = 0.0020424738058869643
Iter 257: V_size = 480, Converged = 169, ‖r‖ (largest λ) = 0.0020375875620178593
Iter 258: V_size = 480, Converged = 169, ‖r‖ (largest λ) = 0.0020347485709162625
Iter 259: V_size = 480, Converged = 169, ‖r‖ (largest λ) = 0.0020334571799917297
Iter 260: V_size = 480, Converged = 169, ‖r‖ (largest λ) = 0.002035238843996144
Iter 261: V_size = 480, Converged = 169, ‖r‖ (largest λ) = 0.0020321373076526233
Iter 262: V_size = 480, Converged = 169, ‖r‖ (largest λ) = 0.0020262835531939826
Iter 263: V_size = 480, Converged = 169, ‖r‖ (largest λ) = 0.002022551339989935
Iter 264: V_size = 480, Converged = 169, ‖r‖ (largest λ) = 0.0020224433530514887
Iter 265: V_size = 480, Converged = 169, ‖r‖ (largest λ) = 0.002023437391269017
Iter 266: V_size = 480, Converged = 169, ‖r‖ (largest λ) = 0.0020257120379164957
Iter 267: V_size = 480, Converged = 169, ‖r‖ (largest λ) = 0.0020285016523934147
Iter 268: V_size = 480, Converged = 169, ‖r‖ (largest λ) = 0.0020275178155849385
Iter 269: V_size = 480, Converged = 169, ‖r‖ (largest λ) = 0.0020226702971037703
Iter 270: V_size = 480, Converged = 169, ‖r‖ (largest λ) = 0.002024808758577756
Iter 271: V_size = 480, Converged = 169, ‖r‖ (largest λ) = 0.00202868984017199
Iter 272: V_size = 480, Converged = 169, ‖r‖ (largest λ) = 0.002027418614158063
Iter 273: V_size = 480, Converged = 169, ‖r‖ (largest λ) = 0.0020263136770066613
Iter 274: V_size = 480, Converged = 169, ‖r‖ (largest λ) = 0.002025586395988399
Iter 275: V_size = 480, Converged = 169, ‖r‖ (largest λ) = 0.0020291828137834122
Iter 276: V_size = 480, Converged = 169, ‖r‖ (largest λ) = 0.002030826242091576
Iter 277: V_size = 480, Converged = 169, ‖r‖ (largest λ) = 0.0020299131111421935
Iter 278: V_size = 480, Converged = 169, ‖r‖ (largest λ) = 0.0020303823965698384
Iter 279: V_size = 480, Converged = 169, ‖r‖ (largest λ) = 0.002032234936255481
Iter 280: V_size = 480, Converged = 169, ‖r‖ (largest λ) = 0.002037196843852679
Iter 281: V_size = 480, Converged = 169, ‖r‖ (largest λ) = 0.0020390399129816316
Iter 282: V_size = 480, Converged = 169, ‖r‖ (largest λ) = 0.0020393413764752183
Iter 283: V_size = 480, Converged = 169, ‖r‖ (largest λ) = 0.002039988456710393
Iter 284: V_size = 480, Converged = 169, ‖r‖ (largest λ) = 0.0020430436651495735
Iter 285: V_size = 480, Converged = 169, ‖r‖ (largest λ) = 0.0020457962124432842
Iter 286: V_size = 480, Converged = 169, ‖r‖ (largest λ) = 0.0020509367329555016
Iter 287: V_size = 480, Converged = 169, ‖r‖ (largest λ) = 0.002052961202982214
Iter 288: V_size = 480, Converged = 169, ‖r‖ (largest λ) = 0.0020553110168649844
Iter 289: V_size = 480, Converged = 169, ‖r‖ (largest λ) = 0.002056878844139763
Iter 290: V_size = 480, Converged = 169, ‖r‖ (largest λ) = 0.0020569779201603223
Iter 291: V_size = 480, Converged = 169, ‖r‖ (largest λ) = 0.0020589628886210016
Iter 292: V_size = 480, Converged = 169, ‖r‖ (largest λ) = 0.002063252571847085
Iter 293: V_size = 480, Converged = 169, ‖r‖ (largest λ) = 0.0020652002776362496
Iter 294: V_size = 480, Converged = 169, ‖r‖ (largest λ) = 0.002065198329343223
Iter 295: V_size = 480, Converged = 169, ‖r‖ (largest λ) = 0.002064228368002296
Iter 296: V_size = 480, Converged = 169, ‖r‖ (largest λ) = 0.0020675715578935073
Iter 297: V_size = 480, Converged = 169, ‖r‖ (largest λ) = 0.0020712596480609727
Iter 298: V_size = 480, Converged = 169, ‖r‖ (largest λ) = 0.0020725620396704527
Iter 299: V_size = 480, Converged = 169, ‖r‖ (largest λ) = 0.0020746137371760263
Iter 300: V_size = 480, Converged = 169, ‖r‖ (largest λ) = 0.0020780345522524554
Iter 301: V_size = 480, Converged = 169, ‖r‖ (largest λ) = 0.0020764058167018775
Iter 302: V_size = 480, Converged = 169, ‖r‖ (largest λ) = 0.002079828558595924
Iter 303: V_size = 480, Converged = 169, ‖r‖ (largest λ) = 0.002080824751244126
Iter 304: V_size = 480, Converged = 169, ‖r‖ (largest λ) = 0.0020788905182327925
Iter 305: V_size = 480, Converged = 169, ‖r‖ (largest λ) = 0.0020773550021329482
Iter 306: V_size = 480, Converged = 169, ‖r‖ (largest λ) = 0.0020810608422721535
Iter 307: V_size = 480, Converged = 169, ‖r‖ (largest λ) = 0.00208601250064599
Iter 308: V_size = 480, Converged = 169, ‖r‖ (largest λ) = 0.0020844520154333496
Iter 309: V_size = 480, Converged = 169, ‖r‖ (largest λ) = 0.0020874923385654164
Iter 310: V_size = 480, Converged = 169, ‖r‖ (largest λ) = 0.0020900148468290638
Iter 311: V_size = 480, Converged = 169, ‖r‖ (largest λ) = 0.0020904861508581726
Iter 312: V_size = 480, Converged = 169, ‖r‖ (largest λ) = 0.0020925374230378
Iter 313: V_size = 480, Converged = 169, ‖r‖ (largest λ) = 0.0020958231385968455
Iter 314: V_size = 480, Converged = 169, ‖r‖ (largest λ) = 0.0020935954368971102
Iter 315: V_size = 480, Converged = 169, ‖r‖ (largest λ) = 0.002095784542569336
Iter 316: V_size = 480, Converged = 169, ‖r‖ (largest λ) = 0.002094434839889627
Iter 317: V_size = 480, Converged = 169, ‖r‖ (largest λ) = 0.002092847362665371
Iter 318: V_size = 480, Converged = 169, ‖r‖ (largest λ) = 0.002093100891876907
Iter 319: V_size = 480, Converged = 169, ‖r‖ (largest λ) = 0.0020912395827979774
Iter 320: V_size = 480, Converged = 169, ‖r‖ (largest λ) = 0.0020913539578589985
Iter 321: V_size = 480, Converged = 169, ‖r‖ (largest λ) = 0.002092709583573268
Iter 322: V_size = 480, Converged = 169, ‖r‖ (largest λ) = 0.0020902505550352175
Iter 323: V_size = 480, Converged = 169, ‖r‖ (largest λ) = 0.0020925376101859007
Iter 324: V_size = 480, Converged = 169, ‖r‖ (largest λ) = 0.0020928211021517405
Iter 325: V_size = 480, Converged = 169, ‖r‖ (largest λ) = 0.0020929733077360117
Iter 326: V_size = 480, Converged = 169, ‖r‖ (largest λ) = 0.002093292727603374
Iter 327: V_size = 480, Converged = 169, ‖r‖ (largest λ) = 0.0020933085065667316
Iter 328: V_size = 480, Converged = 169, ‖r‖ (largest λ) = 0.0020946046367335915
Iter 329: V_size = 480, Converged = 169, ‖r‖ (largest λ) = 0.0020943167932223634
Iter 330: V_size = 480, Converged = 169, ‖r‖ (largest λ) = 0.0020994248372846708
Iter 331: V_size = 480, Converged = 169, ‖r‖ (largest λ) = 0.0020982348541376704
Iter 332: V_size = 480, Converged = 169, ‖r‖ (largest λ) = 0.002098859423328681
Iter 333: V_size = 480, Converged = 169, ‖r‖ (largest λ) = 0.0021000903795241085
Iter 334: V_size = 480, Converged = 169, ‖r‖ (largest λ) = 0.0020992237453121036
Iter 335: V_size = 480, Converged = 169, ‖r‖ (largest λ) = 0.0020976894736639967
Iter 336: V_size = 480, Converged = 169, ‖r‖ (largest λ) = 0.0021009782868192466
Iter 337: V_size = 480, Converged = 169, ‖r‖ (largest λ) = 0.0021007379029256493
Iter 338: V_size = 480, Converged = 169, ‖r‖ (largest λ) = 0.0020985874951630237
Iter 339: V_size = 480, Converged = 169, ‖r‖ (largest λ) = 0.002099456354663813
Iter 340: V_size = 480, Converged = 169, ‖r‖ (largest λ) = 0.0020984495850145286
Iter 341: V_size = 480, Converged = 169, ‖r‖ (largest λ) = 0.002099761807522207
Iter 342: V_size = 480, Converged = 169, ‖r‖ (largest λ) = 0.0021047682742661653
Iter 343: V_size = 480, Converged = 169, ‖r‖ (largest λ) = 0.0021087760990358396
Iter 344: V_size = 480, Converged = 169, ‖r‖ (largest λ) = 0.002106601257544433
Iter 345: V_size = 480, Converged = 169, ‖r‖ (largest λ) = 0.0021057971630292723
Iter 346: V_size = 480, Converged = 169, ‖r‖ (largest λ) = 0.0021060521155151393
Iter 347: V_size = 480, Converged = 169, ‖r‖ (largest λ) = 0.0021080884961409115
Iter 348: V_size = 480, Converged = 169, ‖r‖ (largest λ) = 0.002108096032738984
Iter 349: V_size = 480, Converged = 169, ‖r‖ (largest λ) = 0.0021103234988535447
Iter 350: V_size = 480, Converged = 169, ‖r‖ (largest λ) = 0.002111858093997647
Iter 351: V_size = 480, Converged = 169, ‖r‖ (largest λ) = 0.002111448866013275
Iter 352: V_size = 480, Converged = 169, ‖r‖ (largest λ) = 0.0021110826887321683
Iter 353: V_size = 480, Converged = 169, ‖r‖ (largest λ) = 0.0021134648722314774
Iter 354: V_size = 480, Converged = 169, ‖r‖ (largest λ) = 0.0021135394635850156
Iter 355: V_size = 480, Converged = 169, ‖r‖ (largest λ) = 0.0021145721365972508
Iter 356: V_size = 480, Converged = 169, ‖r‖ (largest λ) = 0.0021127868742660265
Iter 357: V_size = 480, Converged = 169, ‖r‖ (largest λ) = 0.0021153496866866467
Iter 358: V_size = 480, Converged = 169, ‖r‖ (largest λ) = 0.002117268637478388
Iter 359: V_size = 480, Converged = 169, ‖r‖ (largest λ) = 0.002119979847861508
Iter 360: V_size = 480, Converged = 169, ‖r‖ (largest λ) = 0.0021210018063146517
Iter 361: V_size = 480, Converged = 169, ‖r‖ (largest λ) = 0.002121565220051308
Iter 362: V_size = 480, Converged = 169, ‖r‖ (largest λ) = 0.0021222705026563223
Iter 363: V_size = 480, Converged = 169, ‖r‖ (largest λ) = 0.0021219381406537355
Iter 364: V_size = 480, Converged = 169, ‖r‖ (largest λ) = 0.002122187031110586
Iter 365: V_size = 480, Converged = 169, ‖r‖ (largest λ) = 0.0021235927123834553
Iter 366: V_size = 480, Converged = 169, ‖r‖ (largest λ) = 0.0021250980204193257
Iter 367: V_size = 480, Converged = 169, ‖r‖ (largest λ) = 0.0021256995433595175
Iter 368: V_size = 480, Converged = 169, ‖r‖ (largest λ) = 0.002126993776149084
Iter 369: V_size = 480, Converged = 169, ‖r‖ (largest λ) = 0.002126390388656676
Iter 370: V_size = 480, Converged = 169, ‖r‖ (largest λ) = 0.0021261855788282237
Iter 371: V_size = 480, Converged = 169, ‖r‖ (largest λ) = 0.0021275968784897677
Iter 372: V_size = 480, Converged = 169, ‖r‖ (largest λ) = 0.0021269047948413813
Iter 373: V_size = 480, Converged = 169, ‖r‖ (largest λ) = 0.0021303432131309133
Iter 374: V_size = 480, Converged = 169, ‖r‖ (largest λ) = 0.002130802083290924
Iter 375: V_size = 480, Converged = 169, ‖r‖ (largest λ) = 0.0021309111444349927
Iter 376: V_size = 480, Converged = 169, ‖r‖ (largest λ) = 0.002130038869802165
Iter 377: V_size = 480, Converged = 169, ‖r‖ (largest λ) = 0.002132314121310821
Iter 378: V_size = 480, Converged = 169, ‖r‖ (largest λ) = 0.0021327190993470063
Iter 379: V_size = 480, Converged = 169, ‖r‖ (largest λ) = 0.0021331434481084172
Iter 380: V_size = 480, Converged = 169, ‖r‖ (largest λ) = 0.0021365221369104193
Iter 381: V_size = 480, Converged = 169, ‖r‖ (largest λ) = 0.0021383184590148658
Iter 382: V_size = 480, Converged = 169, ‖r‖ (largest λ) = 0.0021360061803446166
Iter 383: V_size = 480, Converged = 169, ‖r‖ (largest λ) = 0.0021357037860242982
Iter 384: V_size = 480, Converged = 169, ‖r‖ (largest λ) = 0.002137339730749997
Iter 385: V_size = 480, Converged = 169, ‖r‖ (largest λ) = 0.0021392250480574003
Iter 386: V_size = 480, Converged = 169, ‖r‖ (largest λ) = 0.0021395853286966743
Iter 387: V_size = 480, Converged = 169, ‖r‖ (largest λ) = 0.002140080995732045
Iter 388: V_size = 480, Converged = 169, ‖r‖ (largest λ) = 0.0021420305041654816
Iter 389: V_size = 480, Converged = 169, ‖r‖ (largest λ) = 0.0021419542959298433
Iter 390: V_size = 480, Converged = 169, ‖r‖ (largest λ) = 0.002141989072162023
Iter 391: V_size = 480, Converged = 169, ‖r‖ (largest λ) = 0.00214332637909559
Iter 392: V_size = 480, Converged = 169, ‖r‖ (largest λ) = 0.0021429941244094277
Iter 393: V_size = 480, Converged = 169, ‖r‖ (largest λ) = 0.0021442234976237237
Iter 394: V_size = 480, Converged = 169, ‖r‖ (largest λ) = 0.0021460530448526084
Iter 395: V_size = 480, Converged = 169, ‖r‖ (largest λ) = 0.0021469072748350037
Iter 396: V_size = 480, Converged = 169, ‖r‖ (largest λ) = 0.0021483972521695554
Iter 397: V_size = 480, Converged = 169, ‖r‖ (largest λ) = 0.0021471819035681246
Iter 398: V_size = 480, Converged = 169, ‖r‖ (largest λ) = 0.0021471947308299632
Iter 399: V_size = 480, Converged = 169, ‖r‖ (largest λ) = 0.002146716491532375
Iter 400: V_size = 480, Converged = 169, ‖r‖ (largest λ) = 0.002149792580757511
Iter 401: V_size = 480, Converged = 169, ‖r‖ (largest λ) = 0.002152926701326694
Iter 402: V_size = 480, Converged = 169, ‖r‖ (largest λ) = 0.002153266315955284
Iter 403: V_size = 480, Converged = 169, ‖r‖ (largest λ) = 0.0021548984011256836
Iter 404: V_size = 480, Converged = 169, ‖r‖ (largest λ) = 0.002156255531269438
Iter 405: V_size = 480, Converged = 169, ‖r‖ (largest λ) = 0.0021577531435557243
Iter 406: V_size = 480, Converged = 169, ‖r‖ (largest λ) = 0.002159020379213578
Iter 407: V_size = 480, Converged = 169, ‖r‖ (largest λ) = 0.0021567411702948726
Iter 408: V_size = 480, Converged = 169, ‖r‖ (largest λ) = 0.002157137694054657
Iter 409: V_size = 480, Converged = 169, ‖r‖ (largest λ) = 0.002157698014041788
Iter 410: V_size = 480, Converged = 169, ‖r‖ (largest λ) = 0.0021585846746453746
Iter 411: V_size = 480, Converged = 169, ‖r‖ (largest λ) = 0.002158971969273627
Iter 412: V_size = 480, Converged = 169, ‖r‖ (largest λ) = 0.002159900347944921
Iter 413: V_size = 480, Converged = 169, ‖r‖ (largest λ) = 0.00215871383257347
Iter 414: V_size = 480, Converged = 169, ‖r‖ (largest λ) = 0.002158966551608937
Iter 415: V_size = 480, Converged = 169, ‖r‖ (largest λ) = 0.0021577550658947293
Iter 416: V_size = 480, Converged = 169, ‖r‖ (largest λ) = 0.002157842452402862
Iter 417: V_size = 480, Converged = 169, ‖r‖ (largest λ) = 0.002159217626725497
Iter 418: V_size = 480, Converged = 169, ‖r‖ (largest λ) = 0.0021601831845384856
Iter 419: V_size = 480, Converged = 169, ‖r‖ (largest λ) = 0.002159600773433271
Iter 420: V_size = 480, Converged = 169, ‖r‖ (largest λ) = 0.0021593731870038434
Iter 421: V_size = 480, Converged = 169, ‖r‖ (largest λ) = 0.00215994978077661
Iter 422: V_size = 480, Converged = 169, ‖r‖ (largest λ) = 0.002159718673125213
Iter 423: V_size = 480, Converged = 169, ‖r‖ (largest λ) = 0.0021615939005036984
Iter 424: V_size = 480, Converged = 169, ‖r‖ (largest λ) = 0.0021615585024578094
Iter 425: V_size = 480, Converged = 169, ‖r‖ (largest λ) = 0.0021635284273377456
Iter 426: V_size = 480, Converged = 169, ‖r‖ (largest λ) = 0.002164831812426977
Iter 427: V_size = 480, Converged = 169, ‖r‖ (largest λ) = 0.002167040567466101
Iter 428: V_size = 480, Converged = 169, ‖r‖ (largest λ) = 0.0021678171564606208
Iter 429: V_size = 480, Converged = 169, ‖r‖ (largest λ) = 0.002168181905019776
Iter 430: V_size = 480, Converged = 169, ‖r‖ (largest λ) = 0.0021683993552432264
Iter 431: V_size = 480, Converged = 169, ‖r‖ (largest λ) = 0.002169496130712853
Iter 432: V_size = 480, Converged = 169, ‖r‖ (largest λ) = 0.002171025313961771
Iter 433: V_size = 480, Converged = 169, ‖r‖ (largest λ) = 0.002170326626541668
Iter 434: V_size = 480, Converged = 169, ‖r‖ (largest λ) = 0.0021712216882773332
Iter 435: V_size = 480, Converged = 169, ‖r‖ (largest λ) = 0.002172719152970877
Iter 436: V_size = 480, Converged = 169, ‖r‖ (largest λ) = 0.0021727548622603103
Iter 437: V_size = 480, Converged = 169, ‖r‖ (largest λ) = 0.0021732194054381797
Iter 438: V_size = 480, Converged = 169, ‖r‖ (largest λ) = 0.0021738606408997696
Iter 439: V_size = 480, Converged = 169, ‖r‖ (largest λ) = 0.002175144335881504
Iter 440: V_size = 480, Converged = 169, ‖r‖ (largest λ) = 0.002176087957351861
Iter 441: V_size = 480, Converged = 169, ‖r‖ (largest λ) = 0.002177676638324705
Iter 442: V_size = 480, Converged = 169, ‖r‖ (largest λ) = 0.002178817495819915
Iter 443: V_size = 480, Converged = 169, ‖r‖ (largest λ) = 0.0021798889742091847
Iter 444: V_size = 480, Converged = 169, ‖r‖ (largest λ) = 0.0021804417105513252
Iter 445: V_size = 480, Converged = 169, ‖r‖ (largest λ) = 0.002180920966829971
Iter 446: V_size = 480, Converged = 169, ‖r‖ (largest λ) = 0.00218399540589943
Iter 447: V_size = 480, Converged = 169, ‖r‖ (largest λ) = 0.0021853427957533966
Iter 448: V_size = 480, Converged = 169, ‖r‖ (largest λ) = 0.0021863551403597634
Iter 449: V_size = 480, Converged = 169, ‖r‖ (largest λ) = 0.0021887458322841966
Iter 450: V_size = 480, Converged = 169, ‖r‖ (largest λ) = 0.0021908405192860676
Iter 451: V_size = 480, Converged = 169, ‖r‖ (largest λ) = 0.0021932269414833457
Iter 452: V_size = 480, Converged = 169, ‖r‖ (largest λ) = 0.0021946385026962154
Iter 453: V_size = 480, Converged = 169, ‖r‖ (largest λ) = 0.0021954299052452204
Iter 454: V_size = 480, Converged = 169, ‖r‖ (largest λ) = 0.002196586289016331
Iter 455: V_size = 480, Converged = 169, ‖r‖ (largest λ) = 0.0021993563272395982
Iter 456: V_size = 480, Converged = 169, ‖r‖ (largest λ) = 0.0022006991075780215
Iter 457: V_size = 480, Converged = 169, ‖r‖ (largest λ) = 0.0022019759972818154
Iter 458: V_size = 480, Converged = 169, ‖r‖ (largest λ) = 0.0022027470429478247
Iter 459: V_size = 480, Converged = 169, ‖r‖ (largest λ) = 0.0022035904197787964
Iter 460: V_size = 480, Converged = 169, ‖r‖ (largest λ) = 0.0022061052935374737
Iter 461: V_size = 480, Converged = 169, ‖r‖ (largest λ) = 0.002206668262755229
Iter 462: V_size = 480, Converged = 169, ‖r‖ (largest λ) = 0.002207217720055709
Iter 463: V_size = 480, Converged = 169, ‖r‖ (largest λ) = 0.002207054190425392
Iter 464: V_size = 480, Converged = 169, ‖r‖ (largest λ) = 0.0022080933630482472
Iter 465: V_size = 480, Converged = 169, ‖r‖ (largest λ) = 0.002208675689813227
Iter 466: V_size = 480, Converged = 169, ‖r‖ (largest λ) = 0.0022089888989282316
Iter 467: V_size = 480, Converged = 169, ‖r‖ (largest λ) = 0.0022096468141620594
slurmstepd-andoria01: error: *** JOB 24803 ON andoria01 CANCELLED AT 2025-07-29T07:56:02 ***

[126689] signal 15: Terminated
in expression starting at /home/fmereto/MA_best/FINAL_CODE/Change_defl_CH2O.jl:287
setindex! at ./array.jl:987 [inlined]
macro expansion at ./broadcast.jl:973 [inlined]
macro expansion at ./simdloop.jl:77 [inlined]
copyto! at ./broadcast.jl:972 [inlined]
copyto! at ./broadcast.jl:925 [inlined]
copy at ./broadcast.jl:897 [inlined]
materialize at ./broadcast.jl:872 [inlined]
broadcast_preserving_zero_d at ./broadcast.jl:861 [inlined]
- at ./arraymath.jl:8
#select_corrections_ORTHO#1 at /home/fmereto/MA_best/FINAL_CODE/Change_defl_CH2O.jl:27
select_corrections_ORTHO at /home/fmereto/MA_best/FINAL_CODE/Change_defl_CH2O.jl:10 [inlined]
davidson at /home/fmereto/MA_best/FINAL_CODE/Change_defl_CH2O.jl:217
davidson at /home/fmereto/MA_best/FINAL_CODE/Change_defl_CH2O.jl:96 [inlined]
macro expansion at ./timing.jl:581 [inlined]
main at /home/fmereto/MA_best/FINAL_CODE/Change_defl_CH2O.jl:255
unknown function (ip: 0x7fbfafdfdb32)
top-level scope at /home/fmereto/MA_best/FINAL_CODE/Change_defl_CH2O.jl:294
jl_toplevel_eval_flex at /cache/build/builder-amdci5-5/julialang/julia-release-1-dot-11/src/toplevel.c:934
jl_toplevel_eval_flex at /cache/build/builder-amdci5-5/julialang/julia-release-1-dot-11/src/toplevel.c:886
ijl_toplevel_eval_in at /cache/build/builder-amdci5-5/julialang/julia-release-1-dot-11/src/toplevel.c:994
eval at ./boot.jl:430 [inlined]
include_string at ./loading.jl:2734
_include at ./loading.jl:2794
include at ./Base.jl:557
jfptr_include_46865.1 at /home/fmereto/julia/lib/julia/sys.so (unknown line)
exec_options at ./client.jl:323
_start at ./client.jl:531
jfptr__start_73560.1 at /home/fmereto/julia/lib/julia/sys.so (unknown line)
jl_apply at /cache/build/builder-amdci5-5/julialang/julia-release-1-dot-11/src/julia.h:2157 [inlined]
true_main at /cache/build/builder-amdci5-5/julialang/julia-release-1-dot-11/src/jlapi.c:900
jl_repl_entrypoint at /cache/build/builder-amdci5-5/julialang/julia-release-1-dot-11/src/jlapi.c:1059
main at /cache/build/builder-amdci5-5/julialang/julia-release-1-dot-11/cli/loader_exe.c:58
__libc_start_main at /lib/x86_64-linux-gnu/libc.so.6 (unknown line)
unknown function (ip: 0x4010b8)
unknown function (ip: (nil))
Allocations: 1850555565 (Pool: 1850555023; Big: 542); GC: 185232
Iter 468: V_size = 480, Converged = 169, ‖r‖ (largest λ) = 0.002210597578546308
Iter 469: V_size = 480, Converged = 169, ‖r‖ (largest λ) = 0.0022101911311963704
Iter 470: V_size = 480, Converged = 169, ‖r‖ (largest λ) = 0.0022122215521973893
Iter 471: V_size = 480, Converged = 169, ‖r‖ (largest λ) = 0.0022129420322324284
Iter 472: V_size = 480, Converged = 169, ‖r‖ (largest λ) = 0.002213875150559368
Iter 473: V_size = 480, Converged = 169, ‖r‖ (largest λ) = 0.00221492635272842
Iter 474: V_size = 480, Converged = 169, ‖r‖ (largest λ) = 0.0022147891873872667
Iter 475: V_size = 480, Converged = 169, ‖r‖ (largest λ) = 0.0022150668523303846
Iter 476: V_size = 480, Converged = 169, ‖r‖ (largest λ) = 0.002215494390405406
Iter 477: V_size = 480, Converged = 169, ‖r‖ (largest λ) = 0.0022171690870740383
Iter 478: V_size = 480, Converged = 169, ‖r‖ (largest λ) = 0.0022169027267862455
Iter 479: V_size = 480, Converged = 169, ‖r‖ (largest λ) = 0.002216419916442274
Iter 480: V_size = 480, Converged = 169, ‖r‖ (largest λ) = 0.002216825413652907
Iter 481: V_size = 480, Converged = 169, ‖r‖ (largest λ) = 0.0022169072445993145
Iter 482: V_size = 480, Converged = 169, ‖r‖ (largest λ) = 0.002216786830000277
Iter 483: V_size = 480, Converged = 169, ‖r‖ (largest λ) = 0.002218981793669798
Iter 484: V_size = 480, Converged = 169, ‖r‖ (largest λ) = 0.002220375349272072
Iter 485: V_size = 480, Converged = 169, ‖r‖ (largest λ) = 0.0022235188069834265
Iter 486: V_size = 480, Converged = 169, ‖r‖ (largest λ) = 0.0022239034385818897
Iter 487: V_size = 480, Converged = 169, ‖r‖ (largest λ) = 0.00222486409594625
Iter 488: V_size = 480, Converged = 169, ‖r‖ (largest λ) = 0.00222566413017167
Iter 489: V_size = 480, Converged = 169, ‖r‖ (largest λ) = 0.0022267126586587326
Iter 490: V_size = 480, Converged = 169, ‖r‖ (largest λ) = 0.0022272756971524026
Iter 491: V_size = 480, Converged = 169, ‖r‖ (largest λ) = 0.002227778662188993
Iter 492: V_size = 480, Converged = 169, ‖r‖ (largest λ) = 0.0022301800461774716
Iter 493: V_size = 480, Converged = 169, ‖r‖ (largest λ) = 0.0022324769811047696
Iter 494: V_size = 480, Converged = 169, ‖r‖ (largest λ) = 0.002234473204988779
Iter 495: V_size = 480, Converged = 169, ‖r‖ (largest λ) = 0.0022349418356763157
Iter 496: V_size = 480, Converged = 169, ‖r‖ (largest λ) = 0.0022355382645797956
Iter 497: V_size = 480, Converged = 169, ‖r‖ (largest λ) = 0.002235759242725009
Iter 498: V_size = 480, Converged = 169, ‖r‖ (largest λ) = 0.0022368695980481412
Iter 499: V_size = 480, Converged = 169, ‖r‖ (largest λ) = 0.0022393555441669907
Iter 500: V_size = 480, Converged = 169, ‖r‖ (largest λ) = 0.0022416977719733775
Iter 501: V_size = 480, Converged = 169, ‖r‖ (largest λ) = 0.002244275763120847
Iter 502: V_size = 480, Converged = 169, ‖r‖ (largest λ) = 0.0022450861243853933
Iter 503: V_size = 480, Converged = 169, ‖r‖ (largest λ) = 0.0022452488607643093
Iter 504: V_size = 480, Converged = 169, ‖r‖ (largest λ) = 0.0022473053072757177
Iter 505: V_size = 480, Converged = 169, ‖r‖ (largest λ) = 0.002249737758507898
Iter 506: V_size = 480, Converged = 169, ‖r‖ (largest λ) = 0.0022502898027091803
Iter 507: V_size = 480, Converged = 169, ‖r‖ (largest λ) = 0.0022514280206199022
Iter 508: V_size = 480, Converged = 169, ‖r‖ (largest λ) = 0.0022525184476490413
Iter 509: V_size = 480, Converged = 169, ‖r‖ (largest λ) = 0.002253546372669694
Iter 510: V_size = 480, Converged = 169, ‖r‖ (largest λ) = 0.0022555480430203304
Iter 511: V_size = 480, Converged = 169, ‖r‖ (largest λ) = 0.002254854999458443
Iter 512: V_size = 480, Converged = 169, ‖r‖ (largest λ) = 0.0022554563306027703
Iter 513: V_size = 480, Converged = 169, ‖r‖ (largest λ) = 0.002257738864142397
Iter 514: V_size = 480, Converged = 169, ‖r‖ (largest λ) = 0.002259288240641295
Iter 515: V_size = 480, Converged = 169, ‖r‖ (largest λ) = 0.00226019664255918
Iter 516: V_size = 480, Converged = 169, ‖r‖ (largest λ) = 0.0022613496346812383
Iter 517: V_size = 480, Converged = 169, ‖r‖ (largest λ) = 0.0022625235889062304
Iter 518: V_size = 480, Converged = 169, ‖r‖ (largest λ) = 0.002262442599208424
Iter 519: V_size = 480, Converged = 169, ‖r‖ (largest λ) = 0.0022641244422371854
Iter 520: V_size = 480, Converged = 169, ‖r‖ (largest λ) = 0.00226432581805638
Iter 521: V_size = 480, Converged = 169, ‖r‖ (largest λ) = 0.0022648542368066296
Iter 522: V_size = 480, Converged = 169, ‖r‖ (largest λ) = 0.00226726356731675
Iter 523: V_size = 480, Converged = 169, ‖r‖ (largest λ) = 0.0022673732978566005
Iter 524: V_size = 480, Converged = 169, ‖r‖ (largest λ) = 0.0022677746399843127
Iter 525: V_size = 480, Converged = 169, ‖r‖ (largest λ) = 0.002268002522591954
Iter 526: V_size = 480, Converged = 169, ‖r‖ (largest λ) = 0.0022690495506071094
Iter 527: V_size = 480, Converged = 169, ‖r‖ (largest λ) = 0.002269900311643943
Iter 528: V_size = 480, Converged = 169, ‖r‖ (largest λ) = 0.002272812333952162
Iter 529: V_size = 480, Converged = 169, ‖r‖ (largest λ) = 0.002273663577013393
Iter 530: V_size = 480, Converged = 169, ‖r‖ (largest λ) = 0.0022737277469654003
Iter 531: V_size = 480, Converged = 169, ‖r‖ (largest λ) = 0.0022741435998905185
Iter 532: V_size = 480, Converged = 169, ‖r‖ (largest λ) = 0.002275197988130241
Iter 533: V_size = 480, Converged = 169, ‖r‖ (largest λ) = 0.0022749627871693503
Iter 534: V_size = 480, Converged = 169, ‖r‖ (largest λ) = 0.0022762093486995874
Iter 535: V_size = 480, Converged = 169, ‖r‖ (largest λ) = 0.002277258432380176
Iter 536: V_size = 480, Converged = 169, ‖r‖ (largest λ) = 0.002277636190964102
Iter 537: V_size = 480, Converged = 169, ‖r‖ (largest λ) = 0.0022786828093986117
Iter 538: V_size = 480, Converged = 169, ‖r‖ (largest λ) = 0.002278778497510276
Iter 539: V_size = 480, Converged = 169, ‖r‖ (largest λ) = 0.002279426272589728
Iter 540: V_size = 480, Converged = 169, ‖r‖ (largest λ) = 0.0022788795339073885
Iter 541: V_size = 480, Converged = 169, ‖r‖ (largest λ) = 0.0022785398673129814
Iter 542: V_size = 480, Converged = 169, ‖r‖ (largest λ) = 0.0022796115064258834
Iter 543: V_size = 480, Converged = 169, ‖r‖ (largest λ) = 0.002281026722881724
Iter 544: V_size = 480, Converged = 169, ‖r‖ (largest λ) = 0.0022808013482373086
Iter 545: V_size = 480, Converged = 169, ‖r‖ (largest λ) = 0.0022820811444613422
Iter 546: V_size = 480, Converged = 169, ‖r‖ (largest λ) = 0.0022821126547211317
Iter 547: V_size = 480, Converged = 169, ‖r‖ (largest λ) = 0.0022823609437108957
Iter 548: V_size = 480, Converged = 169, ‖r‖ (largest λ) = 0.0022832512530521695
Iter 549: V_size = 480, Converged = 169, ‖r‖ (largest λ) = 0.0022831557285106015
Iter 550: V_size = 480, Converged = 169, ‖r‖ (largest λ) = 0.002285553568601279
Iter 551: V_size = 480, Converged = 169, ‖r‖ (largest λ) = 0.002286959217823671
Iter 552: V_size = 480, Converged = 169, ‖r‖ (largest λ) = 0.002287654143372464
Iter 553: V_size = 480, Converged = 169, ‖r‖ (largest λ) = 0.0022878099703714156
Iter 554: V_size = 480, Converged = 169, ‖r‖ (largest λ) = 0.0022873944950740142
Iter 555: V_size = 480, Converged = 169, ‖r‖ (largest λ) = 0.002288072857798772
Iter 556: V_size = 480, Converged = 169, ‖r‖ (largest λ) = 0.0022887568701306102
Iter 557: V_size = 480, Converged = 169, ‖r‖ (largest λ) = 0.0022897317450366293
Iter 558: V_size = 480, Converged = 169, ‖r‖ (largest λ) = 0.0022912310240989758
Iter 559: V_size = 480, Converged = 169, ‖r‖ (largest λ) = 0.0022919717690283803
Iter 560: V_size = 480, Converged = 169, ‖r‖ (largest λ) = 0.0022917246639680804
Iter 561: V_size = 480, Converged = 169, ‖r‖ (largest λ) = 0.0022938915216262957
Iter 562: V_size = 480, Converged = 169, ‖r‖ (largest λ) = 0.0022952456860715026
Iter 563: V_size = 480, Converged = 169, ‖r‖ (largest λ) = 0.002295629438374865
Iter 564: V_size = 480, Converged = 169, ‖r‖ (largest λ) = 0.0022961869670019416
Iter 565: V_size = 480, Converged = 169, ‖r‖ (largest λ) = 0.0022983387345382237
Iter 566: V_size = 480, Converged = 169, ‖r‖ (largest λ) = 0.002299539410266147
Iter 567: V_size = 480, Converged = 169, ‖r‖ (largest λ) = 0.0023004745128413317
Iter 568: V_size = 480, Converged = 169, ‖r‖ (largest λ) = 0.0023015415447464682
Iter 569: V_size = 480, Converged = 169, ‖r‖ (largest λ) = 0.002303169749913004
Iter 570: V_size = 480, Converged = 169, ‖r‖ (largest λ) = 0.002304527901588223
Iter 571: V_size = 480, Converged = 169, ‖r‖ (largest λ) = 0.0023062586246692216
Iter 572: V_size = 480, Converged = 169, ‖r‖ (largest λ) = 0.0023071132828907186
Iter 573: V_size = 480, Converged = 169, ‖r‖ (largest λ) = 0.0023077082488624774
Iter 574: V_size = 480, Converged = 169, ‖r‖ (largest λ) = 0.0023086020071087644
Iter 575: V_size = 480, Converged = 169, ‖r‖ (largest λ) = 0.0023088314352207743
Iter 576: V_size = 480, Converged = 169, ‖r‖ (largest λ) = 0.002308760317316672
Iter 577: V_size = 480, Converged = 169, ‖r‖ (largest λ) = 0.002308737717305613
Iter 578: V_size = 480, Converged = 169, ‖r‖ (largest λ) = 0.0023098977775440678
Iter 579: V_size = 480, Converged = 169, ‖r‖ (largest λ) = 0.00231106842972706
Iter 580: V_size = 480, Converged = 169, ‖r‖ (largest λ) = 0.0023113779032259336
Iter 581: V_size = 480, Converged = 169, ‖r‖ (largest λ) = 0.0023117608507544508
Iter 582: V_size = 480, Converged = 169, ‖r‖ (largest λ) = 0.0023147093685069397
Iter 583: V_size = 480, Converged = 169, ‖r‖ (largest λ) = 0.0023164692675802473
Iter 584: V_size = 480, Converged = 169, ‖r‖ (largest λ) = 0.002318828046373438
Iter 585: V_size = 480, Converged = 169, ‖r‖ (largest λ) = 0.002319148304871555
Iter 586: V_size = 480, Converged = 169, ‖r‖ (largest λ) = 0.0023196843628667495
Iter 587: V_size = 480, Converged = 169, ‖r‖ (largest λ) = 0.0023206240113843313
Iter 588: V_size = 480, Converged = 169, ‖r‖ (largest λ) = 0.0023205386526594447
Iter 589: V_size = 480, Converged = 169, ‖r‖ (largest λ) = 0.002322269755610151
Iter 590: V_size = 480, Converged = 169, ‖r‖ (largest λ) = 0.0023236938771645094
Iter 591: V_size = 480, Converged = 169, ‖r‖ (largest λ) = 0.002323926348858046
Iter 592: V_size = 480, Converged = 169, ‖r‖ (largest λ) = 0.00232498353527146
Iter 593: V_size = 480, Converged = 169, ‖r‖ (largest λ) = 0.002325555078995184
Iter 594: V_size = 480, Converged = 169, ‖r‖ (largest λ) = 0.002325838280314085
Iter 595: V_size = 480, Converged = 169, ‖r‖ (largest λ) = 0.0023263133625292033
Iter 596: V_size = 480, Converged = 169, ‖r‖ (largest λ) = 0.002326200275882102
Iter 597: V_size = 480, Converged = 169, ‖r‖ (largest λ) = 0.0023260655590551503
Iter 598: V_size = 480, Converged = 169, ‖r‖ (largest λ) = 0.002327277113700946
Iter 599: V_size = 480, Converged = 169, ‖r‖ (largest λ) = 0.0023272434204983706
Iter 600: V_size = 480, Converged = 169, ‖r‖ (largest λ) = 0.0023277420725040846
Iter 601: V_size = 480, Converged = 169, ‖r‖ (largest λ) = 0.0023282613707832013
Iter 602: V_size = 480, Converged = 169, ‖r‖ (largest λ) = 0.002328595222751614
Iter 603: V_size = 480, Converged = 169, ‖r‖ (largest λ) = 0.002329085825247767
Iter 604: V_size = 480, Converged = 169, ‖r‖ (largest λ) = 0.002329342911807596
Iter 605: V_size = 480, Converged = 169, ‖r‖ (largest λ) = 0.002329359892055167
Iter 606: V_size = 480, Converged = 169, ‖r‖ (largest λ) = 0.0023289223052263587
Iter 607: V_size = 480, Converged = 169, ‖r‖ (largest λ) = 0.0023298526799802734
Iter 608: V_size = 480, Converged = 169, ‖r‖ (largest λ) = 0.0023305750926633805
Iter 609: V_size = 480, Converged = 169, ‖r‖ (largest λ) = 0.002331227008180475
Iter 610: V_size = 480, Converged = 169, ‖r‖ (largest λ) = 0.002331549304744582
Iter 611: V_size = 480, Converged = 169, ‖r‖ (largest λ) = 0.002331752863849469
Iter 612: V_size = 480, Converged = 169, ‖r‖ (largest λ) = 0.0023321172395854386
Iter 613: V_size = 480, Converged = 169, ‖r‖ (largest λ) = 0.0023321123034111256
Iter 614: V_size = 480, Converged = 169, ‖r‖ (largest λ) = 0.0023328385343672296
Iter 615: V_size = 480, Converged = 169, ‖r‖ (largest λ) = 0.0023336151776070175
Iter 616: V_size = 480, Converged = 169, ‖r‖ (largest λ) = 0.0023344815480112763
Iter 617: V_size = 480, Converged = 169, ‖r‖ (largest λ) = 0.0023349311749117202
Iter 618: V_size = 480, Converged = 169, ‖r‖ (largest λ) = 0.00233617836249606
Iter 619: V_size = 480, Converged = 169, ‖r‖ (largest λ) = 0.0023364735644386923
Iter 620: V_size = 480, Converged = 169, ‖r‖ (largest λ) = 0.002336420120202842
Iter 621: V_size = 480, Converged = 169, ‖r‖ (largest λ) = 0.0023372056947235757
Iter 622: V_size = 480, Converged = 169, ‖r‖ (largest λ) = 0.002336963043937482
Iter 623: V_size = 480, Converged = 169, ‖r‖ (largest λ) = 0.002337684953016688
Iter 624: V_size = 480, Converged = 169, ‖r‖ (largest λ) = 0.0023381439128028238
Iter 625: V_size = 480, Converged = 169, ‖r‖ (largest λ) = 0.0023380378927664847
Iter 626: V_size = 480, Converged = 169, ‖r‖ (largest λ) = 0.0023389477407669153
Iter 627: V_size = 480, Converged = 169, ‖r‖ (largest λ) = 0.0023400160056607296
Iter 628: V_size = 480, Converged = 169, ‖r‖ (largest λ) = 0.0023414935312368003
Iter 629: V_size = 480, Converged = 169, ‖r‖ (largest λ) = 0.002342998423553906
Iter 630: V_size = 480, Converged = 169, ‖r‖ (largest λ) = 0.0023430894459418403
Iter 631: V_size = 480, Converged = 169, ‖r‖ (largest λ) = 0.0023433089716126464
Iter 632: V_size = 480, Converged = 169, ‖r‖ (largest λ) = 0.00234372797200952
Iter 633: V_size = 480, Converged = 169, ‖r‖ (largest λ) = 0.0023456537762039428
Iter 634: V_size = 480, Converged = 169, ‖r‖ (largest λ) = 0.002347838538325191
Iter 635: V_size = 480, Converged = 169, ‖r‖ (largest λ) = 0.002348994796842426
Iter 636: V_size = 480, Converged = 169, ‖r‖ (largest λ) = 0.002348509556945999
Iter 637: V_size = 480, Converged = 169, ‖r‖ (largest λ) = 0.002349912901452847
Iter 638: V_size = 480, Converged = 169, ‖r‖ (largest λ) = 0.0023512736004848334
Iter 639: V_size = 480, Converged = 169, ‖r‖ (largest λ) = 0.002350880358458152
Iter 640: V_size = 480, Converged = 169, ‖r‖ (largest λ) = 0.002349973474744476
Iter 641: V_size = 480, Converged = 169, ‖r‖ (largest λ) = 0.0023498810878620725
Iter 642: V_size = 480, Converged = 169, ‖r‖ (largest λ) = 0.002351729841888529
Iter 643: V_size = 480, Converged = 169, ‖r‖ (largest λ) = 0.002351635685718398
Iter 644: V_size = 480, Converged = 169, ‖r‖ (largest λ) = 0.002352503707080449
Iter 645: V_size = 480, Converged = 169, ‖r‖ (largest λ) = 0.0023534866315424842
Iter 646: V_size = 480, Converged = 169, ‖r‖ (largest λ) = 0.0023537952833019146
Iter 647: V_size = 480, Converged = 169, ‖r‖ (largest λ) = 0.002353769103953287
Iter 648: V_size = 480, Converged = 169, ‖r‖ (largest λ) = 0.00235397707920827
Iter 649: V_size = 480, Converged = 169, ‖r‖ (largest λ) = 0.002353926098551315
Iter 650: V_size = 480, Converged = 169, ‖r‖ (largest λ) = 0.0023547399518082713
Iter 651: V_size = 480, Converged = 169, ‖r‖ (largest λ) = 0.002354998989006074
Iter 652: V_size = 480, Converged = 169, ‖r‖ (largest λ) = 0.0023551697795904923
Iter 653: V_size = 480, Converged = 169, ‖r‖ (largest λ) = 0.0023551118107612446
Iter 654: V_size = 480, Converged = 169, ‖r‖ (largest λ) = 0.0023545772493263413
Iter 655: V_size = 480, Converged = 169, ‖r‖ (largest λ) = 0.002354511198941719
Iter 656: V_size = 480, Converged = 169, ‖r‖ (largest λ) = 0.002355248570600449
Iter 657: V_size = 480, Converged = 169, ‖r‖ (largest λ) = 0.002355769617076189
Iter 658: V_size = 480, Converged = 169, ‖r‖ (largest λ) = 0.002356214406477695
Iter 659: V_size = 480, Converged = 169, ‖r‖ (largest λ) = 0.0023576042487847403
Iter 660: V_size = 480, Converged = 169, ‖r‖ (largest λ) = 0.0023594069779774604
Iter 661: V_size = 480, Converged = 169, ‖r‖ (largest λ) = 0.0023596029267800803
Iter 662: V_size = 480, Converged = 169, ‖r‖ (largest λ) = 0.0023612674828608292
Iter 663: V_size = 480, Converged = 169, ‖r‖ (largest λ) = 0.0023621316677320276
Iter 664: V_size = 480, Converged = 169, ‖r‖ (largest λ) = 0.00236311728741429
Iter 665: V_size = 480, Converged = 169, ‖r‖ (largest λ) = 0.002363506234498058
Iter 666: V_size = 480, Converged = 169, ‖r‖ (largest λ) = 0.002364429892519552
Iter 667: V_size = 480, Converged = 169, ‖r‖ (largest λ) = 0.0023660629739712196
Iter 668: V_size = 480, Converged = 169, ‖r‖ (largest λ) = 0.0023668075626191
Iter 669: V_size = 480, Converged = 169, ‖r‖ (largest λ) = 0.0023676556337684966
Iter 670: V_size = 480, Converged = 169, ‖r‖ (largest λ) = 0.0023682188428348944
Iter 671: V_size = 480, Converged = 169, ‖r‖ (largest λ) = 0.0023686798488798534
Iter 672: V_size = 480, Converged = 169, ‖r‖ (largest λ) = 0.002369943686575026
Iter 673: V_size = 480, Converged = 169, ‖r‖ (largest λ) = 0.002372153685066165
Iter 674: V_size = 480, Converged = 169, ‖r‖ (largest λ) = 0.0023730473650408626
Iter 675: V_size = 480, Converged = 169, ‖r‖ (largest λ) = 0.00237489626246692
Iter 676: V_size = 480, Converged = 169, ‖r‖ (largest λ) = 0.002375146705457944
Iter 677: V_size = 480, Converged = 169, ‖r‖ (largest λ) = 0.002375550695800165
Iter 678: V_size = 480, Converged = 169, ‖r‖ (largest λ) = 0.002375985770511845
Iter 679: V_size = 480, Converged = 169, ‖r‖ (largest λ) = 0.002375737243514686
Iter 680: V_size = 480, Converged = 169, ‖r‖ (largest λ) = 0.0023759172809375544
Iter 681: V_size = 480, Converged = 169, ‖r‖ (largest λ) = 0.0023762287746291137
Iter 682: V_size = 480, Converged = 169, ‖r‖ (largest λ) = 0.0023765752776459047
Iter 683: V_size = 480, Converged = 169, ‖r‖ (largest λ) = 0.0023776672798286875
Iter 684: V_size = 480, Converged = 169, ‖r‖ (largest λ) = 0.00237883070798545
Iter 685: V_size = 480, Converged = 169, ‖r‖ (largest λ) = 0.002379564508096235
Iter 686: V_size = 480, Converged = 169, ‖r‖ (largest λ) = 0.002381186788085429
EV 170 converged λ = -0.4497476647, ‖r‖ = 2.68e-03, stable for 3 iters
Iter 687: V_size = 480, Converged = 170, ‖r‖ (largest λ) = 0.0023819439072029283
Iter 688: V_size = 480, Converged = 170, ‖r‖ (largest λ) = 0.002387756822726634
Iter 689: V_size = 480, Converged = 170, ‖r‖ (largest λ) = 0.002391714640248683
Iter 690: V_size = 480, Converged = 170, ‖r‖ (largest λ) = 0.0023956289274366088
Iter 691: V_size = 480, Converged = 170, ‖r‖ (largest λ) = 0.0023956381420284704
Iter 692: V_size = 480, Converged = 170, ‖r‖ (largest λ) = 0.0023960702467524463
Iter 693: V_size = 480, Converged = 170, ‖r‖ (largest λ) = 0.0023980855628866196
Iter 694: V_size = 480, Converged = 170, ‖r‖ (largest λ) = 0.002400324613880472
Iter 695: V_size = 480, Converged = 170, ‖r‖ (largest λ) = 0.0024027932293283196
Iter 696: V_size = 480, Converged = 170, ‖r‖ (largest λ) = 0.002405901055815001
Iter 697: V_size = 480, Converged = 170, ‖r‖ (largest λ) = 0.0024057727869304297
Iter 698: V_size = 480, Converged = 170, ‖r‖ (largest λ) = 0.0024079690085906063
Iter 699: V_size = 480, Converged = 170, ‖r‖ (largest λ) = 0.002408940389872843
Iter 700: V_size = 480, Converged = 170, ‖r‖ (largest λ) = 0.002410104236165278
Iter 701: V_size = 480, Converged = 170, ‖r‖ (largest λ) = 0.0024119525477159036
Iter 702: V_size = 480, Converged = 170, ‖r‖ (largest λ) = 0.002416005144634844
Iter 703: V_size = 480, Converged = 170, ‖r‖ (largest λ) = 0.0024172055811379606
Iter 704: V_size = 480, Converged = 170, ‖r‖ (largest λ) = 0.002420581808863986
Iter 705: V_size = 480, Converged = 170, ‖r‖ (largest λ) = 0.0024189594936518694
Iter 706: V_size = 480, Converged = 170, ‖r‖ (largest λ) = 0.002420462177596772
Iter 707: V_size = 480, Converged = 170, ‖r‖ (largest λ) = 0.0024204949736184663
Iter 708: V_size = 480, Converged = 170, ‖r‖ (largest λ) = 0.0024211310501083857
Iter 709: V_size = 480, Converged = 170, ‖r‖ (largest λ) = 0.0024225195269530196
Iter 710: V_size = 480, Converged = 170, ‖r‖ (largest λ) = 0.002423227573859675
Iter 711: V_size = 480, Converged = 170, ‖r‖ (largest λ) = 0.0024233779840444236
Iter 712: V_size = 480, Converged = 170, ‖r‖ (largest λ) = 0.0024239598734706884
Iter 713: V_size = 480, Converged = 170, ‖r‖ (largest λ) = 0.0024240876087780194
Iter 714: V_size = 480, Converged = 170, ‖r‖ (largest λ) = 0.00242472028878997
Iter 715: V_size = 480, Converged = 170, ‖r‖ (largest λ) = 0.002425274417252733
Iter 716: V_size = 480, Converged = 170, ‖r‖ (largest λ) = 0.0024267146843162148
Iter 717: V_size = 480, Converged = 170, ‖r‖ (largest λ) = 0.0024284076312533352
Iter 718: V_size = 480, Converged = 170, ‖r‖ (largest λ) = 0.0024286718219929757
Iter 719: V_size = 480, Converged = 170, ‖r‖ (largest λ) = 0.002430904583373211
Iter 720: V_size = 480, Converged = 170, ‖r‖ (largest λ) = 0.0024346686288231716
Iter 721: V_size = 480, Converged = 170, ‖r‖ (largest λ) = 0.0024361380375506575
Iter 722: V_size = 480, Converged = 170, ‖r‖ (largest λ) = 0.0024360609513051973
Iter 723: V_size = 480, Converged = 170, ‖r‖ (largest λ) = 0.0024374184349766578
Iter 724: V_size = 480, Converged = 170, ‖r‖ (largest λ) = 0.0024377989718423936
Iter 725: V_size = 480, Converged = 170, ‖r‖ (largest λ) = 0.002438564960996769
Iter 726: V_size = 480, Converged = 170, ‖r‖ (largest λ) = 0.002438606569048394
Iter 727: V_size = 480, Converged = 170, ‖r‖ (largest λ) = 0.002438976820679955
Iter 728: V_size = 480, Converged = 170, ‖r‖ (largest λ) = 0.0024400963411852026
Iter 729: V_size = 480, Converged = 170, ‖r‖ (largest λ) = 0.0024398999986032224
Iter 730: V_size = 480, Converged = 170, ‖r‖ (largest λ) = 0.0024393472592745043
Iter 731: V_size = 480, Converged = 170, ‖r‖ (largest λ) = 0.002439760784790457
Iter 732: V_size = 480, Converged = 170, ‖r‖ (largest λ) = 0.002439212842009646
Iter 733: V_size = 480, Converged = 170, ‖r‖ (largest λ) = 0.0024396681796032818
Iter 734: V_size = 480, Converged = 170, ‖r‖ (largest λ) = 0.0024408784192587237
Iter 735: V_size = 480, Converged = 170, ‖r‖ (largest λ) = 0.0024405821214695824
Iter 736: V_size = 480, Converged = 170, ‖r‖ (largest λ) = 0.002441636359905461
Iter 737: V_size = 480, Converged = 170, ‖r‖ (largest λ) = 0.0024433760659484504
Iter 738: V_size = 480, Converged = 170, ‖r‖ (largest λ) = 0.002444394044899774
Iter 739: V_size = 480, Converged = 170, ‖r‖ (largest λ) = 0.002445016155454816
Iter 740: V_size = 480, Converged = 170, ‖r‖ (largest λ) = 0.002447295377824238
Iter 741: V_size = 480, Converged = 170, ‖r‖ (largest λ) = 0.002448436769893004
Iter 742: V_size = 480, Converged = 170, ‖r‖ (largest λ) = 0.0024509576630581745
Iter 743: V_size = 480, Converged = 170, ‖r‖ (largest λ) = 0.002452446264117409
Iter 744: V_size = 480, Converged = 170, ‖r‖ (largest λ) = 0.002452674948644192
Iter 745: V_size = 480, Converged = 170, ‖r‖ (largest λ) = 0.002454810191952879
Iter 746: V_size = 480, Converged = 170, ‖r‖ (largest λ) = 0.0024547498668719882
Iter 747: V_size = 480, Converged = 170, ‖r‖ (largest λ) = 0.0024551868043031417
Iter 748: V_size = 480, Converged = 170, ‖r‖ (largest λ) = 0.0024557219029174167
Iter 749: V_size = 480, Converged = 170, ‖r‖ (largest λ) = 0.00245797662105379
Iter 750: V_size = 480, Converged = 170, ‖r‖ (largest λ) = 0.0024588252531630305
Iter 751: V_size = 480, Converged = 170, ‖r‖ (largest λ) = 0.0024588870563538134
Iter 752: V_size = 480, Converged = 170, ‖r‖ (largest λ) = 0.0024592471287322704
Iter 753: V_size = 480, Converged = 170, ‖r‖ (largest λ) = 0.002460167737000009
Iter 754: V_size = 480, Converged = 170, ‖r‖ (largest λ) = 0.002460204996782465
Iter 755: V_size = 480, Converged = 170, ‖r‖ (largest λ) = 0.002460300337297968
Iter 756: V_size = 480, Converged = 170, ‖r‖ (largest λ) = 0.0024600218275415467
Iter 757: V_size = 480, Converged = 170, ‖r‖ (largest λ) = 0.0024603390631725637
Iter 758: V_size = 480, Converged = 170, ‖r‖ (largest λ) = 0.0024615276728565173
Iter 759: V_size = 480, Converged = 170, ‖r‖ (largest λ) = 0.00246183233148014
Iter 760: V_size = 480, Converged = 170, ‖r‖ (largest λ) = 0.002462653810751565
Iter 761: V_size = 480, Converged = 170, ‖r‖ (largest λ) = 0.0024624758889815832
Iter 762: V_size = 480, Converged = 170, ‖r‖ (largest λ) = 0.0024630873607297196
Iter 763: V_size = 480, Converged = 170, ‖r‖ (largest λ) = 0.0024621102833974648
Iter 764: V_size = 480, Converged = 170, ‖r‖ (largest λ) = 0.002462440927679723
Iter 765: V_size = 480, Converged = 170, ‖r‖ (largest λ) = 0.0024625283189600544
Iter 766: V_size = 480, Converged = 170, ‖r‖ (largest λ) = 0.002463269130194302
Iter 767: V_size = 480, Converged = 170, ‖r‖ (largest λ) = 0.0024643044935266103
Iter 768: V_size = 480, Converged = 170, ‖r‖ (largest λ) = 0.002464729742835984
Iter 769: V_size = 480, Converged = 170, ‖r‖ (largest λ) = 0.002464825427782154
Iter 770: V_size = 480, Converged = 170, ‖r‖ (largest λ) = 0.0024648761212113794
Iter 771: V_size = 480, Converged = 170, ‖r‖ (largest λ) = 0.002465224868822193
Iter 772: V_size = 480, Converged = 170, ‖r‖ (largest λ) = 0.0024655191467642043
Iter 773: V_size = 480, Converged = 170, ‖r‖ (largest λ) = 0.0024661867616174575
Iter 774: V_size = 480, Converged = 170, ‖r‖ (largest λ) = 0.0024671731061558302
Iter 775: V_size = 480, Converged = 170, ‖r‖ (largest λ) = 0.002468084536221622
Iter 776: V_size = 480, Converged = 170, ‖r‖ (largest λ) = 0.002468178995667947
Iter 777: V_size = 480, Converged = 170, ‖r‖ (largest λ) = 0.002468191739392996
Iter 778: V_size = 480, Converged = 170, ‖r‖ (largest λ) = 0.0024680926842722524
Iter 779: V_size = 480, Converged = 170, ‖r‖ (largest λ) = 0.0024680169408640915
Iter 780: V_size = 480, Converged = 170, ‖r‖ (largest λ) = 0.0024679704749605617
Iter 781: V_size = 480, Converged = 170, ‖r‖ (largest λ) = 0.0024680951401218707
Iter 782: V_size = 480, Converged = 170, ‖r‖ (largest λ) = 0.0024684661877238958
Iter 783: V_size = 480, Converged = 170, ‖r‖ (largest λ) = 0.0024696872717516467
Iter 784: V_size = 480, Converged = 170, ‖r‖ (largest λ) = 0.002469570602902143
Iter 785: V_size = 480, Converged = 170, ‖r‖ (largest λ) = 0.0024699475633376262
Iter 786: V_size = 480, Converged = 170, ‖r‖ (largest λ) = 0.0024702902870344656
Iter 787: V_size = 480, Converged = 170, ‖r‖ (largest λ) = 0.0024696313134023053
Iter 788: V_size = 480, Converged = 170, ‖r‖ (largest λ) = 0.002470934939126549
Iter 789: V_size = 480, Converged = 170, ‖r‖ (largest λ) = 0.002472244893040647
Iter 790: V_size = 480, Converged = 170, ‖r‖ (largest λ) = 0.002473699095253667
Iter 791: V_size = 480, Converged = 170, ‖r‖ (largest λ) = 0.0024736077197848177
Iter 792: V_size = 480, Converged = 170, ‖r‖ (largest λ) = 0.002474958242903081
Iter 793: V_size = 480, Converged = 170, ‖r‖ (largest λ) = 0.0024755953806719433
Iter 794: V_size = 480, Converged = 170, ‖r‖ (largest λ) = 0.0024768758963691607
Iter 795: V_size = 480, Converged = 170, ‖r‖ (largest λ) = 0.0024781405851324223
Iter 796: V_size = 480, Converged = 170, ‖r‖ (largest λ) = 0.002479058382960853
Iter 797: V_size = 480, Converged = 170, ‖r‖ (largest λ) = 0.0024800490214795007
Iter 798: V_size = 480, Converged = 170, ‖r‖ (largest λ) = 0.0024802222353670243
Iter 799: V_size = 480, Converged = 170, ‖r‖ (largest λ) = 0.0024808505706302754
Iter 800: V_size = 480, Converged = 170, ‖r‖ (largest λ) = 0.002481537822236382
Iter 801: V_size = 480, Converged = 170, ‖r‖ (largest λ) = 0.002481867589910621
Iter 802: V_size = 480, Converged = 170, ‖r‖ (largest λ) = 0.0024815379156779543
Iter 803: V_size = 480, Converged = 170, ‖r‖ (largest λ) = 0.002482578913564396
Iter 804: V_size = 480, Converged = 170, ‖r‖ (largest λ) = 0.0024826633092002556
Iter 805: V_size = 480, Converged = 170, ‖r‖ (largest λ) = 0.0024835291957666385
Iter 806: V_size = 480, Converged = 170, ‖r‖ (largest λ) = 0.002483343813166464
Iter 807: V_size = 480, Converged = 170, ‖r‖ (largest λ) = 0.0024850509409373393
Iter 808: V_size = 480, Converged = 170, ‖r‖ (largest λ) = 0.00248570264065754
Iter 809: V_size = 480, Converged = 170, ‖r‖ (largest λ) = 0.002485352378033677
Iter 810: V_size = 480, Converged = 170, ‖r‖ (largest λ) = 0.0024852819381691125
Iter 811: V_size = 480, Converged = 170, ‖r‖ (largest λ) = 0.0024858264465439073
Iter 812: V_size = 480, Converged = 170, ‖r‖ (largest λ) = 0.0024858883285635057
Iter 813: V_size = 480, Converged = 170, ‖r‖ (largest λ) = 0.002487134117856147
Iter 814: V_size = 480, Converged = 170, ‖r‖ (largest λ) = 0.002488426721522769
Iter 815: V_size = 480, Converged = 170, ‖r‖ (largest λ) = 0.0024892426017790927
Iter 816: V_size = 480, Converged = 170, ‖r‖ (largest λ) = 0.002489521811409004
