Processing molecule: formaldehyde
Running with alpha = 8
Running with l = 10
read ../formaldehyde/gamma_VASP_RNDbasis1.dat
Davidson
iter=     1  rel‖R‖=  3.324e+01  size(V,2)=    60
iter=     2  rel‖R‖=  1.971e+01  size(V,2)=   120
iter=     3  rel‖R‖=  4.462e+00  size(V,2)=   180
iter=     4  rel‖R‖=  8.574e-01  size(V,2)=   240
iter=     5  rel‖R‖=  2.454e-01  size(V,2)=   300
iter=     6  rel‖R‖=  4.369e-02  size(V,2)=   360
iter=     7  rel‖R‖=  5.516e-03  size(V,2)=   420
iter=     8  rel‖R‖=  4.975e-04  size(V,2)=   480
iter=     9  rel‖R‖=  5.888e-05  size(V,2)=   120
converged!
159.120053 seconds (7.97 k allocations: 2.621 GiB, 0.14% gc time)
Total estimated FLOPs: 4405801238340

Reading exact Eigenvalues...
Reading eigenvalues from ../Eigenvalues_folder/eigenres_formaldehyde_RNDbasis1.jld2

Difference between Davidson and exact eigenvalues:
1×60 adjoint(::Vector{Float64}) with eltype Float64:
 -7.10543e-15  -7.10543e-15  0.0  3.55271e-15  -7.10543e-15  -3.55271e-15  8.88178e-15  -1.59872e-14  1.77636e-15  8.88178e-15  -2.66454e-15  3.55271e-15  -1.77636e-15  0.0  -8.88178e-16  -2.66454e-15  1.77636e-15  3.55271e-15  -4.44089e-15  -1.24345e-14  2.66454e-15  -3.55271e-15  -1.77636e-15  -1.77636e-15  4.44089e-15  -9.76996e-15  6.21725e-15  -4.88498e-15  7.99361e-15  -4.44089e-15  2.66454e-15  0.0  1.02141e-14  -1.77636e-15  -1.24345e-14  -3.10862e-15  -1.19904e-14  -9.76996e-15  -1.33227e-14  -3.10862e-14  -9.32587e-15  -2.54019e-13  -6.37268e-13  -1.44063e-12  -4.51061e-12  -2.28928e-12  -4.6132e-12  -8.85025e-12  -3.26428e-11  -3.48968e-10  -1.24767e-10  -3.94093e-10  -6.74407e-11  -3.57568e-10  -4.54746e-10  -9.27967e-10  -6.17991e-10  -1.80488e-9  -3.12619e-9  -5.98143e-9
60 Eigenvalues converges, out of 60 requested.
Running with l = 15
read ../formaldehyde/gamma_VASP_RNDbasis1.dat
Davidson
iter=     1  rel‖R‖=  2.856e+01  size(V,2)=    90
iter=     2  rel‖R‖=  1.550e+01  size(V,2)=   180
iter=     3  rel‖R‖=  2.355e+00  size(V,2)=   270
iter=     4  rel‖R‖=  3.996e-01  size(V,2)=   360
iter=     5  rel‖R‖=  1.195e-01  size(V,2)=   450
iter=     6  rel‖R‖=  2.718e-02  size(V,2)=   540
iter=     7  rel‖R‖=  4.577e-03  size(V,2)=   630
iter=     8  rel‖R‖=  6.359e-04  size(V,2)=   720
iter=     9  rel‖R‖=  1.126e-04  size(V,2)=   180
iter=    10  rel‖R‖=  2.322e-05  size(V,2)=   270
converged!
257.375384 seconds (13.02 k allocations: 4.304 GiB, 0.16% gc time)
Total estimated FLOPs: 7247024095410

Reading exact Eigenvalues...
Reading eigenvalues from ../Eigenvalues_folder/eigenres_formaldehyde_RNDbasis1.jld2

Difference between Davidson and exact eigenvalues:
1×90 adjoint(::Vector{Float64}) with eltype Float64:
 0.0  -1.42109e-14  0.0  1.06581e-14  -7.10543e-15  -3.55271e-15  8.88178e-15  -1.24345e-14  -1.77636e-15  3.55271e-15  -4.44089e-15  -8.88178e-16  -6.21725e-15  -1.77636e-15  -3.55271e-15  3.55271e-15  -8.88178e-16  8.88178e-16  -1.77636e-15  -8.88178e-16  3.55271e-15  -4.44089e-15  5.32907e-15  -5.32907e-15  -2.66454e-15  -8.88178e-16  2.66454e-15  6.21725e-15  -8.88178e-15  -1.77636e-15  -9.32587e-15  1.06581e-14  8.88178e-15  2.22045e-15  0.0  4.44089e-15  -1.15463e-14  9.32587e-15  1.37668e-14  3.10862e-15  -3.55271e-15  -1.5099e-14  7.10543e-15  6.21725e-15  3.55271e-15  7.54952e-15  7.54952e-15  4.44089e-16  -6.21725e-15  5.77316e-15  -1.46549e-14  1.06581e-14  1.59872e-14  1.9984e-14  -1.86517e-14  -1.55431e-14  8.43769e-15  2.22045e-15  -1.5099e-14  9.54792e-15  -7.10543e-15  -4.26326e-14  -6.28386e-14  -3.4861e-14  -1.14575e-13  -2.41807e-13  -1.57652e-13  -3.69038e-13  -4.94271e-13  -1.12732e-12  -6.60583e-13  -3.11218e-12  -4.77285e-12  -1.0991e-11  -9.09117e-12  -1.73261e-11  -6.81655e-12  -8.21054e-12  -2.34452e-11  -6.58043e-11  -6.98128e-11  -6.77967e-11  -2.41459e-10  -1.82098e-10  -1.20977e-9  -3.30828e-10  -7.97346e-10  -2.44766e-9  -2.95202e-9  -3.13798e-9
90 Eigenvalues converges, out of 90 requested.
Running with l = 25
read ../formaldehyde/gamma_VASP_RNDbasis1.dat
Davidson
iter=     1  rel‖R‖=  2.418e+01  size(V,2)=   150
iter=     2  rel‖R‖=  1.043e+01  size(V,2)=   300
iter=     3  rel‖R‖=  1.024e+00  size(V,2)=   450
iter=     4  rel‖R‖=  2.412e-01  size(V,2)=   600
iter=     5  rel‖R‖=  1.276e-01  size(V,2)=   750
iter=     6  rel‖R‖=  6.491e-02  size(V,2)=   900
iter=     7  rel‖R‖=  3.698e-02  size(V,2)=  1050
iter=     8  rel‖R‖=  2.341e-02  size(V,2)=  1200
iter=     9  rel‖R‖=  1.903e-02  size(V,2)=   300
iter=    10  rel‖R‖=  1.790e-02  size(V,2)=   450
iter=    11  rel‖R‖=  1.671e-02  size(V,2)=   600
iter=    12  rel‖R‖=  1.543e-02  size(V,2)=   750
iter=    13  rel‖R‖=  1.366e-02  size(V,2)=   900
iter=    14  rel‖R‖=  1.206e-02  size(V,2)=  1050
iter=    15  rel‖R‖=  1.001e-02  size(V,2)=  1200
iter=    16  rel‖R‖=  9.554e-03  size(V,2)=   300
iter=    17  rel‖R‖=  9.393e-03  size(V,2)=   450
iter=    18  rel‖R‖=  9.204e-03  size(V,2)=   600
iter=    19  rel‖R‖=  9.014e-03  size(V,2)=   750
iter=    20  rel‖R‖=  8.727e-03  size(V,2)=   900
iter=    21  rel‖R‖=  8.390e-03  size(V,2)=  1050
iter=    22  rel‖R‖=  7.962e-03  size(V,2)=  1200
iter=    23  rel‖R‖=  7.863e-03  size(V,2)=   300
iter=    24  rel‖R‖=  7.799e-03  size(V,2)=   450
iter=    25  rel‖R‖=  7.737e-03  size(V,2)=   600
iter=    26  rel‖R‖=  7.653e-03  size(V,2)=   750
iter=    27  rel‖R‖=  7.514e-03  size(V,2)=   900
iter=    28  rel‖R‖=  7.319e-03  size(V,2)=  1050
iter=    29  rel‖R‖=  7.027e-03  size(V,2)=  1200
iter=    30  rel‖R‖=  6.953e-03  size(V,2)=   300
iter=    31  rel‖R‖=  6.906e-03  size(V,2)=   450
iter=    32  rel‖R‖=  6.851e-03  size(V,2)=   600
iter=    33  rel‖R‖=  6.789e-03  size(V,2)=   750
iter=    34  rel‖R‖=  6.690e-03  size(V,2)=   900
iter=    35  rel‖R‖=  6.505e-03  size(V,2)=  1050
iter=    36  rel‖R‖=  6.297e-03  size(V,2)=  1200
iter=    37  rel‖R‖=  6.262e-03  size(V,2)=   300
iter=    38  rel‖R‖=  6.225e-03  size(V,2)=   450
iter=    39  rel‖R‖=  6.187e-03  size(V,2)=   600
iter=    40  rel‖R‖=  6.140e-03  size(V,2)=   750
iter=    41  rel‖R‖=  6.068e-03  size(V,2)=   900
iter=    42  rel‖R‖=  5.982e-03  size(V,2)=  1050
iter=    43  rel‖R‖=  5.834e-03  size(V,2)=  1200
iter=    44  rel‖R‖=  5.811e-03  size(V,2)=   300
iter=    45  rel‖R‖=  5.780e-03  size(V,2)=   450
iter=    46  rel‖R‖=  5.726e-03  size(V,2)=   600
iter=    47  rel‖R‖=  5.678e-03  size(V,2)=   750
iter=    48  rel‖R‖=  5.593e-03  size(V,2)=   900
iter=    49  rel‖R‖=  5.500e-03  size(V,2)=  1050
iter=    50  rel‖R‖=  5.374e-03  size(V,2)=  1200
iter=    51  rel‖R‖=  5.340e-03  size(V,2)=   300
iter=    52  rel‖R‖=  5.302e-03  size(V,2)=   450
iter=    53  rel‖R‖=  5.252e-03  size(V,2)=   600
iter=    54  rel‖R‖=  5.209e-03  size(V,2)=   750
iter=    55  rel‖R‖=  5.144e-03  size(V,2)=   900
iter=    56  rel‖R‖=  5.028e-03  size(V,2)=  1050
iter=    57  rel‖R‖=  4.880e-03  size(V,2)=  1200
iter=    58  rel‖R‖=  4.857e-03  size(V,2)=   300
iter=    59  rel‖R‖=  4.831e-03  size(V,2)=   450
iter=    60  rel‖R‖=  4.798e-03  size(V,2)=   600
iter=    61  rel‖R‖=  4.765e-03  size(V,2)=   750
iter=    62  rel‖R‖=  4.715e-03  size(V,2)=   900
iter=    63  rel‖R‖=  4.662e-03  size(V,2)=  1050
iter=    64  rel‖R‖=  4.582e-03  size(V,2)=  1200
iter=    65  rel‖R‖=  4.568e-03  size(V,2)=   300
iter=    66  rel‖R‖=  4.541e-03  size(V,2)=   450
iter=    67  rel‖R‖=  4.519e-03  size(V,2)=   600
iter=    68  rel‖R‖=  4.491e-03  size(V,2)=   750
iter=    69  rel‖R‖=  4.458e-03  size(V,2)=   900
iter=    70  rel‖R‖=  4.412e-03  size(V,2)=  1050
iter=    71  rel‖R‖=  4.340e-03  size(V,2)=  1200
iter=    72  rel‖R‖=  4.326e-03  size(V,2)=   300
iter=    73  rel‖R‖=  4.309e-03  size(V,2)=   450
iter=    74  rel‖R‖=  4.279e-03  size(V,2)=   600
iter=    75  rel‖R‖=  4.236e-03  size(V,2)=   750
iter=    76  rel‖R‖=  4.197e-03  size(V,2)=   900
iter=    77  rel‖R‖=  4.123e-03  size(V,2)=  1050
iter=    78  rel‖R‖=  4.005e-03  size(V,2)=  1200
iter=    79  rel‖R‖=  3.984e-03  size(V,2)=   300
iter=    80  rel‖R‖=  3.964e-03  size(V,2)=   450
iter=    81  rel‖R‖=  3.934e-03  size(V,2)=   600
iter=    82  rel‖R‖=  3.893e-03  size(V,2)=   750
iter=    83  rel‖R‖=  3.838e-03  size(V,2)=   900
iter=    84  rel‖R‖=  3.747e-03  size(V,2)=  1050
iter=    85  rel‖R‖=  3.662e-03  size(V,2)=  1200
iter=    86  rel‖R‖=  3.646e-03  size(V,2)=   300
iter=    87  rel‖R‖=  3.615e-03  size(V,2)=   450
iter=    88  rel‖R‖=  3.590e-03  size(V,2)=   600
iter=    89  rel‖R‖=  3.571e-03  size(V,2)=   750
iter=    90  rel‖R‖=  3.523e-03  size(V,2)=   900
iter=    91  rel‖R‖=  3.451e-03  size(V,2)=  1050
iter=    92  rel‖R‖=  3.379e-03  size(V,2)=  1200
iter=    93  rel‖R‖=  3.369e-03  size(V,2)=   300
iter=    94  rel‖R‖=  3.350e-03  size(V,2)=   450
iter=    95  rel‖R‖=  3.334e-03  size(V,2)=   600
iter=    96  rel‖R‖=  3.317e-03  size(V,2)=   750
iter=    97  rel‖R‖=  3.287e-03  size(V,2)=   900
iter=    98  rel‖R‖=  3.252e-03  size(V,2)=  1050
iter=    99  rel‖R‖=  3.202e-03  size(V,2)=  1200
iter=   100  rel‖R‖=  3.192e-03  size(V,2)=   300
iter=   101  rel‖R‖=  3.177e-03  size(V,2)=   450
iter=   102  rel‖R‖=  3.161e-03  size(V,2)=   600
iter=   103  rel‖R‖=  3.144e-03  size(V,2)=   750
iter=   104  rel‖R‖=  3.127e-03  size(V,2)=   900
iter=   105  rel‖R‖=  3.107e-03  size(V,2)=  1050
iter=   106  rel‖R‖=  3.059e-03  size(V,2)=  1200
iter=   107  rel‖R‖=  3.051e-03  size(V,2)=   300
iter=   108  rel‖R‖=  3.041e-03  size(V,2)=   450
iter=   109  rel‖R‖=  3.031e-03  size(V,2)=   600
iter=   110  rel‖R‖=  3.014e-03  size(V,2)=   750
iter=   111  rel‖R‖=  2.994e-03  size(V,2)=   900
iter=   112  rel‖R‖=  2.962e-03  size(V,2)=  1050
iter=   113  rel‖R‖=  2.907e-03  size(V,2)=  1200
iter=   114  rel‖R‖=  2.900e-03  size(V,2)=   300
iter=   115  rel‖R‖=  2.885e-03  size(V,2)=   450
iter=   116  rel‖R‖=  2.869e-03  size(V,2)=   600
iter=   117  rel‖R‖=  2.854e-03  size(V,2)=   750
iter=   118  rel‖R‖=  2.826e-03  size(V,2)=   900
iter=   119  rel‖R‖=  2.753e-03  size(V,2)=  1050
iter=   120  rel‖R‖=  2.681e-03  size(V,2)=  1200
iter=   121  rel‖R‖=  2.664e-03  size(V,2)=   300
iter=   122  rel‖R‖=  2.652e-03  size(V,2)=   450
iter=   123  rel‖R‖=  2.634e-03  size(V,2)=   600
iter=   124  rel‖R‖=  2.608e-03  size(V,2)=   750
iter=   125  rel‖R‖=  2.594e-03  size(V,2)=   900
iter=   126  rel‖R‖=  2.557e-03  size(V,2)=  1050
iter=   127  rel‖R‖=  2.514e-03  size(V,2)=  1200
iter=   128  rel‖R‖=  2.507e-03  size(V,2)=   300
iter=   129  rel‖R‖=  2.486e-03  size(V,2)=   450
iter=   130  rel‖R‖=  2.473e-03  size(V,2)=   600
iter=   131  rel‖R‖=  2.460e-03  size(V,2)=   750
iter=   132  rel‖R‖=  2.439e-03  size(V,2)=   900
iter=   133  rel‖R‖=  2.414e-03  size(V,2)=  1050
iter=   134  rel‖R‖=  2.383e-03  size(V,2)=  1200
iter=   135  rel‖R‖=  2.377e-03  size(V,2)=   300
iter=   136  rel‖R‖=  2.367e-03  size(V,2)=   450
iter=   137  rel‖R‖=  2.356e-03  size(V,2)=   600
iter=   138  rel‖R‖=  2.344e-03  size(V,2)=   750
iter=   139  rel‖R‖=  2.330e-03  size(V,2)=   900
iter=   140  rel‖R‖=  2.305e-03  size(V,2)=  1050
iter=   141  rel‖R‖=  2.255e-03  size(V,2)=  1200
iter=   142  rel‖R‖=  2.247e-03  size(V,2)=   300
iter=   143  rel‖R‖=  2.232e-03  size(V,2)=   450
iter=   144  rel‖R‖=  2.218e-03  size(V,2)=   600
iter=   145  rel‖R‖=  2.205e-03  size(V,2)=   750
iter=   146  rel‖R‖=  2.191e-03  size(V,2)=   900
iter=   147  rel‖R‖=  2.159e-03  size(V,2)=  1050
iter=   148  rel‖R‖=  2.121e-03  size(V,2)=  1200
iter=   149  rel‖R‖=  2.114e-03  size(V,2)=   300
iter=   150  rel‖R‖=  2.103e-03  size(V,2)=   450
iter=   151  rel‖R‖=  2.091e-03  size(V,2)=   600
iter=   152  rel‖R‖=  2.077e-03  size(V,2)=   750
iter=   153  rel‖R‖=  2.052e-03  size(V,2)=   900
iter=   154  rel‖R‖=  2.033e-03  size(V,2)=  1050
iter=   155  rel‖R‖=  1.991e-03  size(V,2)=  1200
iter=   156  rel‖R‖=  1.985e-03  size(V,2)=   300
iter=   157  rel‖R‖=  1.975e-03  size(V,2)=   450
iter=   158  rel‖R‖=  1.965e-03  size(V,2)=   600
iter=   159  rel‖R‖=  1.949e-03  size(V,2)=   750
iter=   160  rel‖R‖=  1.938e-03  size(V,2)=   900
iter=   161  rel‖R‖=  1.892e-03  size(V,2)=  1050
iter=   162  rel‖R‖=  1.861e-03  size(V,2)=  1200
iter=   163  rel‖R‖=  1.852e-03  size(V,2)=   300
iter=   164  rel‖R‖=  1.841e-03  size(V,2)=   450
iter=   165  rel‖R‖=  1.834e-03  size(V,2)=   600
iter=   166  rel‖R‖=  1.824e-03  size(V,2)=   750
iter=   167  rel‖R‖=  1.808e-03  size(V,2)=   900
iter=   168  rel‖R‖=  1.794e-03  size(V,2)=  1050
iter=   169  rel‖R‖=  1.766e-03  size(V,2)=  1200
iter=   170  rel‖R‖=  1.760e-03  size(V,2)=   300
iter=   171  rel‖R‖=  1.753e-03  size(V,2)=   450
iter=   172  rel‖R‖=  1.747e-03  size(V,2)=   600
iter=   173  rel‖R‖=  1.738e-03  size(V,2)=   750
iter=   174  rel‖R‖=  1.725e-03  size(V,2)=   900
iter=   175  rel‖R‖=  1.707e-03  size(V,2)=  1050
iter=   176  rel‖R‖=  1.682e-03  size(V,2)=  1200
iter=   177  rel‖R‖=  1.678e-03  size(V,2)=   300
iter=   178  rel‖R‖=  1.668e-03  size(V,2)=   450
iter=   179  rel‖R‖=  1.656e-03  size(V,2)=   600
iter=   180  rel‖R‖=  1.646e-03  size(V,2)=   750
iter=   181  rel‖R‖=  1.636e-03  size(V,2)=   900
iter=   182  rel‖R‖=  1.621e-03  size(V,2)=  1050
iter=   183  rel‖R‖=  1.603e-03  size(V,2)=  1200
iter=   184  rel‖R‖=  1.599e-03  size(V,2)=   300
iter=   185  rel‖R‖=  1.590e-03  size(V,2)=   450
iter=   186  rel‖R‖=  1.584e-03  size(V,2)=   600
iter=   187  rel‖R‖=  1.578e-03  size(V,2)=   750
iter=   188  rel‖R‖=  1.568e-03  size(V,2)=   900
iter=   189  rel‖R‖=  1.541e-03  size(V,2)=  1050
iter=   190  rel‖R‖=  1.495e-03  size(V,2)=  1200
iter=   191  rel‖R‖=  1.492e-03  size(V,2)=   300
iter=   192  rel‖R‖=  1.485e-03  size(V,2)=   450
iter=   193  rel‖R‖=  1.473e-03  size(V,2)=   600
iter=   194  rel‖R‖=  1.456e-03  size(V,2)=   750
iter=   195  rel‖R‖=  1.445e-03  size(V,2)=   900
iter=   196  rel‖R‖=  1.428e-03  size(V,2)=  1050
iter=   197  rel‖R‖=  1.412e-03  size(V,2)=  1200
iter=   198  rel‖R‖=  1.408e-03  size(V,2)=   300
iter=   199  rel‖R‖=  1.402e-03  size(V,2)=   450
iter=   200  rel‖R‖=  1.397e-03  size(V,2)=   600
iter=   201  rel‖R‖=  1.388e-03  size(V,2)=   750
iter=   202  rel‖R‖=  1.380e-03  size(V,2)=   900
iter=   203  rel‖R‖=  1.367e-03  size(V,2)=  1050
iter=   204  rel‖R‖=  1.347e-03  size(V,2)=  1200
iter=   205  rel‖R‖=  1.344e-03  size(V,2)=   300
iter=   206  rel‖R‖=  1.340e-03  size(V,2)=   450
iter=   207  rel‖R‖=  1.335e-03  size(V,2)=   600
iter=   208  rel‖R‖=  1.329e-03  size(V,2)=   750
iter=   209  rel‖R‖=  1.322e-03  size(V,2)=   900
iter=   210  rel‖R‖=  1.312e-03  size(V,2)=  1050
iter=   211  rel‖R‖=  1.295e-03  size(V,2)=  1200
iter=   212  rel‖R‖=  1.292e-03  size(V,2)=   300
iter=   213  rel‖R‖=  1.288e-03  size(V,2)=   450
iter=   214  rel‖R‖=  1.282e-03  size(V,2)=   600
iter=   215  rel‖R‖=  1.273e-03  size(V,2)=   750
iter=   216  rel‖R‖=  1.266e-03  size(V,2)=   900
iter=   217  rel‖R‖=  1.252e-03  size(V,2)=  1050
iter=   218  rel‖R‖=  1.221e-03  size(V,2)=  1200
iter=   219  rel‖R‖=  1.217e-03  size(V,2)=   300
iter=   220  rel‖R‖=  1.206e-03  size(V,2)=   450
iter=   221  rel‖R‖=  1.198e-03  size(V,2)=   600
iter=   222  rel‖R‖=  1.189e-03  size(V,2)=   750
iter=   223  rel‖R‖=  1.177e-03  size(V,2)=   900
iter=   224  rel‖R‖=  1.167e-03  size(V,2)=  1050
iter=   225  rel‖R‖=  1.133e-03  size(V,2)=  1200
iter=   226  rel‖R‖=  1.130e-03  size(V,2)=   300
iter=   227  rel‖R‖=  1.122e-03  size(V,2)=   450
iter=   228  rel‖R‖=  1.114e-03  size(V,2)=   600
iter=   229  rel‖R‖=  1.106e-03  size(V,2)=   750
iter=   230  rel‖R‖=  1.093e-03  size(V,2)=   900
iter=   231  rel‖R‖=  1.080e-03  size(V,2)=  1050
iter=   232  rel‖R‖=  1.062e-03  size(V,2)=  1200
iter=   233  rel‖R‖=  1.060e-03  size(V,2)=   300
iter=   234  rel‖R‖=  1.053e-03  size(V,2)=   450
iter=   235  rel‖R‖=  1.047e-03  size(V,2)=   600
iter=   236  rel‖R‖=  1.041e-03  size(V,2)=   750
iter=   237  rel‖R‖=  1.034e-03  size(V,2)=   900
iter=   238  rel‖R‖=  1.025e-03  size(V,2)=  1050
iter=   239  rel‖R‖=  1.013e-03  size(V,2)=  1200
iter=   240  rel‖R‖=  1.011e-03  size(V,2)=   300
iter=   241  rel‖R‖=  1.007e-03  size(V,2)=   450
iter=   242  rel‖R‖=  1.004e-03  size(V,2)=   600
iter=   243  rel‖R‖=  9.982e-04  size(V,2)=   750
iter=   244  rel‖R‖=  9.875e-04  size(V,2)=   900
iter=   245  rel‖R‖=  9.793e-04  size(V,2)=  1050
iter=   246  rel‖R‖=  9.610e-04  size(V,2)=  1200
iter=   247  rel‖R‖=  9.581e-04  size(V,2)=   300
iter=   248  rel‖R‖=  9.538e-04  size(V,2)=   450
iter=   249  rel‖R‖=  9.496e-04  size(V,2)=   600
iter=   250  rel‖R‖=  9.429e-04  size(V,2)=   750
iter=   251  rel‖R‖=  9.381e-04  size(V,2)=   900
iter=   252  rel‖R‖=  9.237e-04  size(V,2)=  1050
iter=   253  rel‖R‖=  9.129e-04  size(V,2)=  1200
iter=   254  rel‖R‖=  9.108e-04  size(V,2)=   300
iter=   255  rel‖R‖=  9.058e-04  size(V,2)=   450
iter=   256  rel‖R‖=  9.019e-04  size(V,2)=   600
iter=   257  rel‖R‖=  8.972e-04  size(V,2)=   750
iter=   258  rel‖R‖=  8.929e-04  size(V,2)=   900
iter=   259  rel‖R‖=  8.851e-04  size(V,2)=  1050
iter=   260  rel‖R‖=  8.730e-04  size(V,2)=  1200
iter=   261  rel‖R‖=  8.697e-04  size(V,2)=   300
iter=   262  rel‖R‖=  8.666e-04  size(V,2)=   450
iter=   263  rel‖R‖=  8.643e-04  size(V,2)=   600
iter=   264  rel‖R‖=  8.588e-04  size(V,2)=   750
iter=   265  rel‖R‖=  8.539e-04  size(V,2)=   900
iter=   266  rel‖R‖=  8.460e-04  size(V,2)=  1050
iter=   267  rel‖R‖=  8.382e-04  size(V,2)=  1200
iter=   268  rel‖R‖=  8.363e-04  size(V,2)=   300
iter=   269  rel‖R‖=  8.335e-04  size(V,2)=   450
iter=   270  rel‖R‖=  8.309e-04  size(V,2)=   600
iter=   271  rel‖R‖=  8.271e-04  size(V,2)=   750
iter=   272  rel‖R‖=  8.212e-04  size(V,2)=   900
iter=   273  rel‖R‖=  8.077e-04  size(V,2)=  1050
iter=   274  rel‖R‖=  7.974e-04  size(V,2)=  1200
iter=   275  rel‖R‖=  7.956e-04  size(V,2)=   300
iter=   276  rel‖R‖=  7.921e-04  size(V,2)=   450
iter=   277  rel‖R‖=  7.887e-04  size(V,2)=   600
iter=   278  rel‖R‖=  7.848e-04  size(V,2)=   750
iter=   279  rel‖R‖=  7.781e-04  size(V,2)=   900
iter=   280  rel‖R‖=  7.736e-04  size(V,2)=  1050
iter=   281  rel‖R‖=  7.622e-04  size(V,2)=  1200
iter=   282  rel‖R‖=  7.608e-04  size(V,2)=   300
iter=   283  rel‖R‖=  7.580e-04  size(V,2)=   450
iter=   284  rel‖R‖=  7.552e-04  size(V,2)=   600
iter=   285  rel‖R‖=  7.504e-04  size(V,2)=   750
iter=   286  rel‖R‖=  7.462e-04  size(V,2)=   900
iter=   287  rel‖R‖=  7.377e-04  size(V,2)=  1050
iter=   288  rel‖R‖=  7.217e-04  size(V,2)=  1200
iter=   289  rel‖R‖=  7.178e-04  size(V,2)=   300
iter=   290  rel‖R‖=  7.156e-04  size(V,2)=   450
iter=   291  rel‖R‖=  7.129e-04  size(V,2)=   600
iter=   292  rel‖R‖=  7.086e-04  size(V,2)=   750
iter=   293  rel‖R‖=  7.047e-04  size(V,2)=   900
iter=   294  rel‖R‖=  7.009e-04  size(V,2)=  1050
iter=   295  rel‖R‖=  6.926e-04  size(V,2)=  1200
iter=   296  rel‖R‖=  6.911e-04  size(V,2)=   300
iter=   297  rel‖R‖=  6.879e-04  size(V,2)=   450
iter=   298  rel‖R‖=  6.850e-04  size(V,2)=   600
iter=   299  rel‖R‖=  6.815e-04  size(V,2)=   750
iter=   300  rel‖R‖=  6.780e-04  size(V,2)=   900
iter=   301  rel‖R‖=  6.722e-04  size(V,2)=  1050
iter=   302  rel‖R‖=  6.651e-04  size(V,2)=  1200
iter=   303  rel‖R‖=  6.640e-04  size(V,2)=   300
iter=   304  rel‖R‖=  6.613e-04  size(V,2)=   450
iter=   305  rel‖R‖=  6.589e-04  size(V,2)=   600
iter=   306  rel‖R‖=  6.558e-04  size(V,2)=   750
iter=   307  rel‖R‖=  6.522e-04  size(V,2)=   900
iter=   308  rel‖R‖=  6.487e-04  size(V,2)=  1050
iter=   309  rel‖R‖=  6.409e-04  size(V,2)=  1200
iter=   310  rel‖R‖=  6.394e-04  size(V,2)=   300
iter=   311  rel‖R‖=  6.370e-04  size(V,2)=   450
iter=   312  rel‖R‖=  6.332e-04  size(V,2)=   600
iter=   313  rel‖R‖=  6.288e-04  size(V,2)=   750
iter=   314  rel‖R‖=  6.242e-04  size(V,2)=   900
iter=   315  rel‖R‖=  6.201e-04  size(V,2)=  1050
iter=   316  rel‖R‖=  6.057e-04  size(V,2)=  1200
iter=   317  rel‖R‖=  6.035e-04  size(V,2)=   300
iter=   318  rel‖R‖=  6.012e-04  size(V,2)=   450
iter=   319  rel‖R‖=  5.981e-04  size(V,2)=   600
iter=   320  rel‖R‖=  5.949e-04  size(V,2)=   750
iter=   321  rel‖R‖=  5.900e-04  size(V,2)=   900
iter=   322  rel‖R‖=  5.864e-04  size(V,2)=  1050
iter=   323  rel‖R‖=  5.821e-04  size(V,2)=  1200
iter=   324  rel‖R‖=  5.813e-04  size(V,2)=   300
iter=   325  rel‖R‖=  5.793e-04  size(V,2)=   450
iter=   326  rel‖R‖=  5.771e-04  size(V,2)=   600
iter=   327  rel‖R‖=  5.744e-04  size(V,2)=   750
iter=   328  rel‖R‖=  5.701e-04  size(V,2)=   900
iter=   329  rel‖R‖=  5.656e-04  size(V,2)=  1050
iter=   330  rel‖R‖=  5.530e-04  size(V,2)=  1200
iter=   331  rel‖R‖=  5.508e-04  size(V,2)=   300
iter=   332  rel‖R‖=  5.485e-04  size(V,2)=   450
iter=   333  rel‖R‖=  5.456e-04  size(V,2)=   600
iter=   334  rel‖R‖=  5.419e-04  size(V,2)=   750
iter=   335  rel‖R‖=  5.386e-04  size(V,2)=   900
iter=   336  rel‖R‖=  5.337e-04  size(V,2)=  1050
iter=   337  rel‖R‖=  5.225e-04  size(V,2)=  1200
iter=   338  rel‖R‖=  5.209e-04  size(V,2)=   300
iter=   339  rel‖R‖=  5.194e-04  size(V,2)=   450
iter=   340  rel‖R‖=  5.170e-04  size(V,2)=   600
iter=   341  rel‖R‖=  5.140e-04  size(V,2)=   750
iter=   342  rel‖R‖=  5.091e-04  size(V,2)=   900
iter=   343  rel‖R‖=  5.045e-04  size(V,2)=  1050
iter=   344  rel‖R‖=  4.994e-04  size(V,2)=  1200
iter=   345  rel‖R‖=  4.983e-04  size(V,2)=   300
iter=   346  rel‖R‖=  4.963e-04  size(V,2)=   450
iter=   347  rel‖R‖=  4.945e-04  size(V,2)=   600
iter=   348  rel‖R‖=  4.928e-04  size(V,2)=   750
iter=   349  rel‖R‖=  4.894e-04  size(V,2)=   900
iter=   350  rel‖R‖=  4.860e-04  size(V,2)=  1050
iter=   351  rel‖R‖=  4.730e-04  size(V,2)=  1200
iter=   352  rel‖R‖=  4.715e-04  size(V,2)=   300
iter=   353  rel‖R‖=  4.697e-04  size(V,2)=   450
iter=   354  rel‖R‖=  4.674e-04  size(V,2)=   600
iter=   355  rel‖R‖=  4.643e-04  size(V,2)=   750
iter=   356  rel‖R‖=  4.617e-04  size(V,2)=   900
iter=   357  rel‖R‖=  4.553e-04  size(V,2)=  1050
iter=   358  rel‖R‖=  4.459e-04  size(V,2)=  1200
iter=   359  rel‖R‖=  4.445e-04  size(V,2)=   300
iter=   360  rel‖R‖=  4.426e-04  size(V,2)=   450
iter=   361  rel‖R‖=  4.392e-04  size(V,2)=   600
iter=   362  rel‖R‖=  4.369e-04  size(V,2)=   750
iter=   363  rel‖R‖=  4.343e-04  size(V,2)=   900
iter=   364  rel‖R‖=  4.308e-04  size(V,2)=  1050
iter=   365  rel‖R‖=  4.226e-04  size(V,2)=  1200
iter=   366  rel‖R‖=  4.211e-04  size(V,2)=   300
iter=   367  rel‖R‖=  4.188e-04  size(V,2)=   450
iter=   368  rel‖R‖=  4.173e-04  size(V,2)=   600
iter=   369  rel‖R‖=  4.140e-04  size(V,2)=   750
iter=   370  rel‖R‖=  4.123e-04  size(V,2)=   900
iter=   371  rel‖R‖=  4.073e-04  size(V,2)=  1050
iter=   372  rel‖R‖=  3.985e-04  size(V,2)=  1200
iter=   373  rel‖R‖=  3.960e-04  size(V,2)=   300
iter=   374  rel‖R‖=  3.945e-04  size(V,2)=   450
iter=   375  rel‖R‖=  3.931e-04  size(V,2)=   600
iter=   376  rel‖R‖=  3.907e-04  size(V,2)=   750
iter=   377  rel‖R‖=  3.888e-04  size(V,2)=   900
iter=   378  rel‖R‖=  3.861e-04  size(V,2)=  1050
iter=   379  rel‖R‖=  3.810e-04  size(V,2)=  1200
iter=   380  rel‖R‖=  3.800e-04  size(V,2)=   300
iter=   381  rel‖R‖=  3.791e-04  size(V,2)=   450
iter=   382  rel‖R‖=  3.778e-04  size(V,2)=   600
iter=   383  rel‖R‖=  3.753e-04  size(V,2)=   750
iter=   384  rel‖R‖=  3.734e-04  size(V,2)=   900
iter=   385  rel‖R‖=  3.706e-04  size(V,2)=  1050
iter=   386  rel‖R‖=  3.676e-04  size(V,2)=  1200
iter=   387  rel‖R‖=  3.670e-04  size(V,2)=   300
iter=   388  rel‖R‖=  3.655e-04  size(V,2)=   450
iter=   389  rel‖R‖=  3.640e-04  size(V,2)=   600
iter=   390  rel‖R‖=  3.625e-04  size(V,2)=   750
iter=   391  rel‖R‖=  3.608e-04  size(V,2)=   900
iter=   392  rel‖R‖=  3.557e-04  size(V,2)=  1050
iter=   393  rel‖R‖=  3.489e-04  size(V,2)=  1200
iter=   394  rel‖R‖=  3.480e-04  size(V,2)=   300
iter=   395  rel‖R‖=  3.458e-04  size(V,2)=   450
iter=   396  rel‖R‖=  3.444e-04  size(V,2)=   600
iter=   397  rel‖R‖=  3.421e-04  size(V,2)=   750
iter=   398  rel‖R‖=  3.402e-04  size(V,2)=   900
iter=   399  rel‖R‖=  3.353e-04  size(V,2)=  1050
iter=   400  rel‖R‖=  3.314e-04  size(V,2)=  1200
iter=   401  rel‖R‖=  3.304e-04  size(V,2)=   300
iter=   402  rel‖R‖=  3.293e-04  size(V,2)=   450
iter=   403  rel‖R‖=  3.275e-04  size(V,2)=   600
iter=   404  rel‖R‖=  3.258e-04  size(V,2)=   750
iter=   405  rel‖R‖=  3.237e-04  size(V,2)=   900
iter=   406  rel‖R‖=  3.210e-04  size(V,2)=  1050
iter=   407  rel‖R‖=  3.161e-04  size(V,2)=  1200
iter=   408  rel‖R‖=  3.149e-04  size(V,2)=   300
iter=   409  rel‖R‖=  3.135e-04  size(V,2)=   450
iter=   410  rel‖R‖=  3.118e-04  size(V,2)=   600
iter=   411  rel‖R‖=  3.104e-04  size(V,2)=   750
iter=   412  rel‖R‖=  3.086e-04  size(V,2)=   900
iter=   413  rel‖R‖=  3.051e-04  size(V,2)=  1050
iter=   414  rel‖R‖=  2.988e-04  size(V,2)=  1200
iter=   415  rel‖R‖=  2.980e-04  size(V,2)=   300
iter=   416  rel‖R‖=  2.957e-04  size(V,2)=   450
iter=   417  rel‖R‖=  2.944e-04  size(V,2)=   600
iter=   418  rel‖R‖=  2.929e-04  size(V,2)=   750
iter=   419  rel‖R‖=  2.909e-04  size(V,2)=   900
iter=   420  rel‖R‖=  2.891e-04  size(V,2)=  1050
iter=   421  rel‖R‖=  2.847e-04  size(V,2)=  1200
iter=   422  rel‖R‖=  2.838e-04  size(V,2)=   300
iter=   423  rel‖R‖=  2.826e-04  size(V,2)=   450
iter=   424  rel‖R‖=  2.812e-04  size(V,2)=   600
iter=   425  rel‖R‖=  2.796e-04  size(V,2)=   750
iter=   426  rel‖R‖=  2.772e-04  size(V,2)=   900
iter=   427  rel‖R‖=  2.754e-04  size(V,2)=  1050
iter=   428  rel‖R‖=  2.718e-04  size(V,2)=  1200
iter=   429  rel‖R‖=  2.711e-04  size(V,2)=   300
iter=   430  rel‖R‖=  2.697e-04  size(V,2)=   450
iter=   431  rel‖R‖=  2.685e-04  size(V,2)=   600
iter=   432  rel‖R‖=  2.673e-04  size(V,2)=   750
iter=   433  rel‖R‖=  2.640e-04  size(V,2)=   900
iter=   434  rel‖R‖=  2.600e-04  size(V,2)=  1050
iter=   435  rel‖R‖=  2.544e-04  size(V,2)=  1200
iter=   436  rel‖R‖=  2.528e-04  size(V,2)=   300
iter=   437  rel‖R‖=  2.519e-04  size(V,2)=   450
iter=   438  rel‖R‖=  2.507e-04  size(V,2)=   600
iter=   439  rel‖R‖=  2.493e-04  size(V,2)=   750
iter=   440  rel‖R‖=  2.479e-04  size(V,2)=   900
iter=   441  rel‖R‖=  2.453e-04  size(V,2)=  1050
iter=   442  rel‖R‖=  2.419e-04  size(V,2)=  1200
iter=   443  rel‖R‖=  2.414e-04  size(V,2)=   300
iter=   444  rel‖R‖=  2.403e-04  size(V,2)=   450
iter=   445  rel‖R‖=  2.393e-04  size(V,2)=   600
iter=   446  rel‖R‖=  2.381e-04  size(V,2)=   750
iter=   447  rel‖R‖=  2.355e-04  size(V,2)=   900
iter=   448  rel‖R‖=  2.325e-04  size(V,2)=  1050
iter=   449  rel‖R‖=  2.300e-04  size(V,2)=  1200
iter=   450  rel‖R‖=  2.294e-04  size(V,2)=   300
iter=   451  rel‖R‖=  2.286e-04  size(V,2)=   450
iter=   452  rel‖R‖=  2.269e-04  size(V,2)=   600
iter=   453  rel‖R‖=  2.255e-04  size(V,2)=   750
iter=   454  rel‖R‖=  2.244e-04  size(V,2)=   900
iter=   455  rel‖R‖=  2.226e-04  size(V,2)=  1050
iter=   456  rel‖R‖=  2.201e-04  size(V,2)=  1200
iter=   457  rel‖R‖=  2.197e-04  size(V,2)=   300
iter=   458  rel‖R‖=  2.189e-04  size(V,2)=   450
iter=   459  rel‖R‖=  2.180e-04  size(V,2)=   600
iter=   460  rel‖R‖=  2.166e-04  size(V,2)=   750
iter=   461  rel‖R‖=  2.152e-04  size(V,2)=   900
iter=   462  rel‖R‖=  2.136e-04  size(V,2)=  1050
iter=   463  rel‖R‖=  2.105e-04  size(V,2)=  1200
iter=   464  rel‖R‖=  2.100e-04  size(V,2)=   300
iter=   465  rel‖R‖=  2.088e-04  size(V,2)=   450
iter=   466  rel‖R‖=  2.078e-04  size(V,2)=   600
iter=   467  rel‖R‖=  2.070e-04  size(V,2)=   750
iter=   468  rel‖R‖=  2.058e-04  size(V,2)=   900
iter=   469  rel‖R‖=  2.031e-04  size(V,2)=  1050
iter=   470  rel‖R‖=  2.005e-04  size(V,2)=  1200
iter=   471  rel‖R‖=  2.000e-04  size(V,2)=   300
iter=   472  rel‖R‖=  1.992e-04  size(V,2)=   450
iter=   473  rel‖R‖=  1.983e-04  size(V,2)=   600
iter=   474  rel‖R‖=  1.972e-04  size(V,2)=   750
iter=   475  rel‖R‖=  1.961e-04  size(V,2)=   900
iter=   476  rel‖R‖=  1.940e-04  size(V,2)=  1050
iter=   477  rel‖R‖=  1.909e-04  size(V,2)=  1200
iter=   478  rel‖R‖=  1.903e-04  size(V,2)=   300
iter=   479  rel‖R‖=  1.891e-04  size(V,2)=   450
iter=   480  rel‖R‖=  1.884e-04  size(V,2)=   600
iter=   481  rel‖R‖=  1.874e-04  size(V,2)=   750
iter=   482  rel‖R‖=  1.866e-04  size(V,2)=   900
iter=   483  rel‖R‖=  1.851e-04  size(V,2)=  1050
iter=   484  rel‖R‖=  1.819e-04  size(V,2)=  1200
iter=   485  rel‖R‖=  1.812e-04  size(V,2)=   300
iter=   486  rel‖R‖=  1.806e-04  size(V,2)=   450
iter=   487  rel‖R‖=  1.799e-04  size(V,2)=   600
iter=   488  rel‖R‖=  1.789e-04  size(V,2)=   750
iter=   489  rel‖R‖=  1.777e-04  size(V,2)=   900
iter=   490  rel‖R‖=  1.767e-04  size(V,2)=  1050
iter=   491  rel‖R‖=  1.746e-04  size(V,2)=  1200
iter=   492  rel‖R‖=  1.742e-04  size(V,2)=   300
iter=   493  rel‖R‖=  1.737e-04  size(V,2)=   450
iter=   494  rel‖R‖=  1.730e-04  size(V,2)=   600
iter=   495  rel‖R‖=  1.722e-04  size(V,2)=   750
iter=   496  rel‖R‖=  1.715e-04  size(V,2)=   900
iter=   497  rel‖R‖=  1.699e-04  size(V,2)=  1050
iter=   498  rel‖R‖=  1.683e-04  size(V,2)=  1200
iter=   499  rel‖R‖=  1.679e-04  size(V,2)=   300
iter=   500  rel‖R‖=  1.671e-04  size(V,2)=   450
iter=   501  rel‖R‖=  1.665e-04  size(V,2)=   600
iter=   502  rel‖R‖=  1.657e-04  size(V,2)=   750
iter=   503  rel‖R‖=  1.646e-04  size(V,2)=   900
iter=   504  rel‖R‖=  1.621e-04  size(V,2)=  1050
iter=   505  rel‖R‖=  1.591e-04  size(V,2)=  1200
iter=   506  rel‖R‖=  1.587e-04  size(V,2)=   300
iter=   507  rel‖R‖=  1.579e-04  size(V,2)=   450
iter=   508  rel‖R‖=  1.572e-04  size(V,2)=   600
iter=   509  rel‖R‖=  1.560e-04  size(V,2)=   750
iter=   510  rel‖R‖=  1.548e-04  size(V,2)=   900
iter=   511  rel‖R‖=  1.532e-04  size(V,2)=  1050
iter=   512  rel‖R‖=  1.516e-04  size(V,2)=  1200
iter=   513  rel‖R‖=  1.513e-04  size(V,2)=   300
iter=   514  rel‖R‖=  1.509e-04  size(V,2)=   450
iter=   515  rel‖R‖=  1.502e-04  size(V,2)=   600
iter=   516  rel‖R‖=  1.495e-04  size(V,2)=   750
iter=   517  rel‖R‖=  1.480e-04  size(V,2)=   900
iter=   518  rel‖R‖=  1.464e-04  size(V,2)=  1050
iter=   519  rel‖R‖=  1.433e-04  size(V,2)=  1200
iter=   520  rel‖R‖=  1.429e-04  size(V,2)=   300
iter=   521  rel‖R‖=  1.418e-04  size(V,2)=   450
iter=   522  rel‖R‖=  1.410e-04  size(V,2)=   600
iter=   523  rel‖R‖=  1.399e-04  size(V,2)=   750
iter=   524  rel‖R‖=  1.391e-04  size(V,2)=   900
iter=   525  rel‖R‖=  1.374e-04  size(V,2)=  1050
iter=   526  rel‖R‖=  1.364e-04  size(V,2)=  1200
iter=   527  rel‖R‖=  1.360e-04  size(V,2)=   300
iter=   528  rel‖R‖=  1.355e-04  size(V,2)=   450
iter=   529  rel‖R‖=  1.348e-04  size(V,2)=   600
iter=   530  rel‖R‖=  1.341e-04  size(V,2)=   750
iter=   531  rel‖R‖=  1.331e-04  size(V,2)=   900
iter=   532  rel‖R‖=  1.316e-04  size(V,2)=  1050
iter=   533  rel‖R‖=  1.302e-04  size(V,2)=  1200
iter=   534  rel‖R‖=  1.300e-04  size(V,2)=   300
iter=   535  rel‖R‖=  1.294e-04  size(V,2)=   450
iter=   536  rel‖R‖=  1.291e-04  size(V,2)=   600
iter=   537  rel‖R‖=  1.284e-04  size(V,2)=   750
iter=   538  rel‖R‖=  1.264e-04  size(V,2)=   900
iter=   539  rel‖R‖=  1.245e-04  size(V,2)=  1050
iter=   540  rel‖R‖=  1.215e-04  size(V,2)=  1200
iter=   541  rel‖R‖=  1.208e-04  size(V,2)=   300
iter=   542  rel‖R‖=  1.204e-04  size(V,2)=   450
iter=   543  rel‖R‖=  1.199e-04  size(V,2)=   600
iter=   544  rel‖R‖=  1.193e-04  size(V,2)=   750
iter=   545  rel‖R‖=  1.184e-04  size(V,2)=   900
iter=   546  rel‖R‖=  1.169e-04  size(V,2)=  1050
iter=   547  rel‖R‖=  1.152e-04  size(V,2)=  1200
iter=   548  rel‖R‖=  1.148e-04  size(V,2)=   300
iter=   549  rel‖R‖=  1.144e-04  size(V,2)=   450
iter=   550  rel‖R‖=  1.139e-04  size(V,2)=   600
iter=   551  rel‖R‖=  1.129e-04  size(V,2)=   750
iter=   552  rel‖R‖=  1.123e-04  size(V,2)=   900
iter=   553  rel‖R‖=  1.112e-04  size(V,2)=  1050
iter=   554  rel‖R‖=  1.101e-04  size(V,2)=  1200
iter=   555  rel‖R‖=  1.098e-04  size(V,2)=   300
iter=   556  rel‖R‖=  1.095e-04  size(V,2)=   450
iter=   557  rel‖R‖=  1.092e-04  size(V,2)=   600
iter=   558  rel‖R‖=  1.084e-04  size(V,2)=   750
iter=   559  rel‖R‖=  1.078e-04  size(V,2)=   900
iter=   560  rel‖R‖=  1.072e-04  size(V,2)=  1050
iter=   561  rel‖R‖=  1.052e-04  size(V,2)=  1200
iter=   562  rel‖R‖=  1.048e-04  size(V,2)=   300
iter=   563  rel‖R‖=  1.044e-04  size(V,2)=   450
iter=   564  rel‖R‖=  1.041e-04  size(V,2)=   600
iter=   565  rel‖R‖=  1.033e-04  size(V,2)=   750
iter=   566  rel‖R‖=  1.027e-04  size(V,2)=   900
iter=   567  rel‖R‖=  1.018e-04  size(V,2)=  1050
iter=   568  rel‖R‖=  1.009e-04  size(V,2)=  1200
iter=   569  rel‖R‖=  1.006e-04  size(V,2)=   300
iter=   570  rel‖R‖=  1.001e-04  size(V,2)=   450
iter=   571  rel‖R‖=  9.973e-05  size(V,2)=   600
iter=   572  rel‖R‖=  9.935e-05  size(V,2)=   750
iter=   573  rel‖R‖=  9.877e-05  size(V,2)=   900
iter=   574  rel‖R‖=  9.796e-05  size(V,2)=  1050
iter=   575  rel‖R‖=  9.638e-05  size(V,2)=  1200
iter=   576  rel‖R‖=  9.589e-05  size(V,2)=   300
iter=   577  rel‖R‖=  9.561e-05  size(V,2)=   450
iter=   578  rel‖R‖=  9.531e-05  size(V,2)=   600
iter=   579  rel‖R‖=  9.478e-05  size(V,2)=   750
iter=   580  rel‖R‖=  9.428e-05  size(V,2)=   900
iter=   581  rel‖R‖=  9.347e-05  size(V,2)=  1050
iter=   582  rel‖R‖=  9.275e-05  size(V,2)=  1200
iter=   583  rel‖R‖=  9.256e-05  size(V,2)=   300
iter=   584  rel‖R‖=  9.231e-05  size(V,2)=   450
iter=   585  rel‖R‖=  9.197e-05  size(V,2)=   600
iter=   586  rel‖R‖=  9.155e-05  size(V,2)=   750
iter=   587  rel‖R‖=  9.118e-05  size(V,2)=   900
iter=   588  rel‖R‖=  9.062e-05  size(V,2)=  1050
iter=   589  rel‖R‖=  8.971e-05  size(V,2)=  1200
iter=   590  rel‖R‖=  8.940e-05  size(V,2)=   300
iter=   591  rel‖R‖=  8.910e-05  size(V,2)=   450
iter=   592  rel‖R‖=  8.874e-05  size(V,2)=   600
iter=   593  rel‖R‖=  8.827e-05  size(V,2)=   750
iter=   594  rel‖R‖=  8.787e-05  size(V,2)=   900
iter=   595  rel‖R‖=  8.721e-05  size(V,2)=  1050
iter=   596  rel‖R‖=  8.590e-05  size(V,2)=  1200
iter=   597  rel‖R‖=  8.565e-05  size(V,2)=   300
iter=   598  rel‖R‖=  8.526e-05  size(V,2)=   450
iter=   599  rel‖R‖=  8.483e-05  size(V,2)=   600
iter=   600  rel‖R‖=  8.445e-05  size(V,2)=   750
iter=   601  rel‖R‖=  8.395e-05  size(V,2)=   900
iter=   602  rel‖R‖=  8.333e-05  size(V,2)=  1050
iter=   603  rel‖R‖=  8.147e-05  size(V,2)=  1200
iter=   604  rel‖R‖=  8.119e-05  size(V,2)=   300
iter=   605  rel‖R‖=  8.085e-05  size(V,2)=   450
iter=   606  rel‖R‖=  8.053e-05  size(V,2)=   600
iter=   607  rel‖R‖=  8.022e-05  size(V,2)=   750
iter=   608  rel‖R‖=  7.981e-05  size(V,2)=   900
converged!
19171.135959 seconds (1.42 M allocations: 518.593 GiB, 0.11% gc time)
Total estimated FLOPs: 889199023598550

Reading exact Eigenvalues...
Reading eigenvalues from ../Eigenvalues_folder/eigenres_formaldehyde_RNDbasis1.jld2

Difference between Davidson and exact eigenvalues:
1×150 adjoint(::Vector{Float64}) with eltype Float64:
 -3.55271e-15  3.55271e-15  7.10543e-15  7.10543e-15  -5.32907e-15  3.55271e-15  1.06581e-14  -8.88178e-15  1.77636e-15  5.32907e-15  -2.66454e-15  1.77636e-15  6.21725e-15  2.66454e-15  7.10543e-15  8.88178e-16  3.55271e-15  -8.88178e-16  -8.88178e-16  8.88178e-16  7.99361e-15  -1.15463e-14  -3.55271e-15  -1.33227e-14  0.0  8.88178e-16  6.21725e-15  2.22045e-15  -1.37668e-14  1.5099e-14  1.77636e-15  -8.88178e-16  2.66454e-15  6.66134e-15  -4.88498e-15  -8.88178e-15  -1.37668e-14  -5.32907e-15  2.22045e-15  -4.88498e-15  1.33227e-15  8.88178e-16  -3.55271e-15  -1.73195e-14  -3.9968e-15  1.55431e-14  -1.64313e-14  -8.43769e-15  3.10862e-15  -1.5099e-14  2.22045e-15  2.66454e-15  6.66134e-15  6.21725e-15  -2.22045e-14  1.55431e-14  -1.15463e-14  1.11022e-14  -1.24345e-14  -9.32587e-15  1.68754e-14  2.4869e-14  5.32907e-15  8.43769e-15  -1.55431e-14  -1.44329e-14  6.21725e-15  1.04361e-14  1.44329e-14  -1.33227e-14  4.66294e-15  -1.06581e-14  -2.59792e-14  -2.30926e-14  -2.19824e-14  2.90878e-14  -1.33227e-14  1.33227e-15  1.46549e-14  -2.39808e-14  1.68754e-14  1.9762e-14  -2.79776e-14  1.02141e-14  -1.33227e-15  -3.10862e-15  2.75335e-14  -8.21565e-15  -1.44329e-14  -1.37668e-14  -1.22125e-14  2.4647e-14  -1.35447e-14  1.66533e-14  6.21725e-15  1.13243e-14  -1.11022e-15  -2.44249e-15  -2.62013e-14  -2.06501e-14  5.32907e-15  -2.22045e-14  2.93099e-14  2.13163e-14  4.26326e-14  -3.19744e-14  9.32587e-15  2.66454e-14  5.55112e-15  -1.13243e-14  2.10942e-14  -4.10783e-14  6.66134e-16  -3.57492e-14  -1.86517e-14  2.44249e-15  3.86358e-14  -3.41949e-14  -4.66294e-14  -1.19904e-14  2.93099e-14  -1.45439e-14  4.86278e-14  4.18554e-14  1.64313e-14  -3.64153e-14  -2.42029e-14  4.44089e-15  -3.04201e-14  -2.59792e-14  2.34257e-14  2.28706e-14  -3.61933e-14  -3.35287e-14  -5.22915e-14  -1.87628e-14  -1.79412e-13  -7.26419e-13  -1.81744e-13  -7.22755e-14  -9.79883e-13  -4.60537e-11  -3.38697e-11  -1.21551e-10  -5.77448e-11  -5.39583e-11  -2.52442e-8  -4.83988e-7  -3.3735e-7  -1.67864e-6
150 Eigenvalues converges, out of 150 requested.
Running with alpha = 10
Running with l = 10
read ../formaldehyde/gamma_VASP_RNDbasis1.dat
Davidson
iter=     1  rel‖R‖=  3.324e+01  size(V,2)=    60
iter=     2  rel‖R‖=  1.971e+01  size(V,2)=   120
iter=     3  rel‖R‖=  4.462e+00  size(V,2)=   180
iter=     4  rel‖R‖=  8.574e-01  size(V,2)=   240
iter=     5  rel‖R‖=  2.454e-01  size(V,2)=   300
iter=     6  rel‖R‖=  4.369e-02  size(V,2)=   360
iter=     7  rel‖R‖=  5.516e-03  size(V,2)=   420
iter=     8  rel‖R‖=  4.975e-04  size(V,2)=   480
iter=     9  rel‖R‖=  3.884e-05  size(V,2)=   540
converged!
 91.958423 seconds (7.97 k allocations: 2.976 GiB, 0.29% gc time)
Total estimated FLOPs: 5082833501100

Reading exact Eigenvalues...
Reading eigenvalues from ../Eigenvalues_folder/eigenres_formaldehyde_RNDbasis1.jld2

Difference between Davidson and exact eigenvalues:
1×60 adjoint(::Vector{Float64}) with eltype Float64:
 -1.06581e-14  1.06581e-14  3.55271e-15  7.10543e-15  0.0  -3.55271e-15  5.32907e-15  -1.42109e-14  0.0  5.32907e-15  -1.77636e-15  -2.66454e-15  -1.77636e-15  5.32907e-15  5.32907e-15  1.77636e-15  5.32907e-15  2.66454e-15  3.55271e-15  3.55271e-15  8.88178e-16  -1.77636e-15  -8.88178e-16  -6.21725e-15  -1.77636e-15  -1.77636e-15  6.66134e-15  7.10543e-15  4.88498e-15  -3.9968e-15  -3.55271e-15  1.11022e-14  -3.55271e-15  -5.77316e-15  3.10862e-15  4.44089e-16  -1.5099e-14  -4.88498e-15  -1.68754e-14  -6.66134e-15  -7.99361e-15  -1.0969e-13  -2.5091e-13  -6.39488e-13  -1.96998e-12  -9.42357e-13  -1.93534e-12  -3.68772e-12  -1.25264e-11  -1.21796e-10  -5.48934e-11  -1.47743e-10  -2.9138e-11  -1.58852e-10  -1.62927e-10  -3.5587e-10  -2.40349e-10  -6.21986e-10  -1.23645e-9  -2.46266e-9
60 Eigenvalues converges, out of 60 requested.
Running with l = 15
read ../formaldehyde/gamma_VASP_RNDbasis1.dat
Davidson
iter=     1  rel‖R‖=  2.856e+01  size(V,2)=    90
iter=     2  rel‖R‖=  1.550e+01  size(V,2)=   180
iter=     3  rel‖R‖=  2.355e+00  size(V,2)=   270
iter=     4  rel‖R‖=  3.996e-01  size(V,2)=   360
iter=     5  rel‖R‖=  1.195e-01  size(V,2)=   450
iter=     6  rel‖R‖=  2.718e-02  size(V,2)=   540
iter=     7  rel‖R‖=  4.577e-03  size(V,2)=   630
iter=     8  rel‖R‖=  6.359e-04  size(V,2)=   720
iter=     9  rel‖R‖=  7.893e-05  size(V,2)=   810
converged!
136.458359 seconds (11.58 k allocations: 4.487 GiB, 0.18% gc time)
Total estimated FLOPs: 7732455154650

Reading exact Eigenvalues...
Reading eigenvalues from ../Eigenvalues_folder/eigenres_formaldehyde_RNDbasis1.jld2

Difference between Davidson and exact eigenvalues:
1×90 adjoint(::Vector{Float64}) with eltype Float64:
 -1.42109e-14  1.42109e-14  -7.10543e-15  1.77636e-15  -3.55271e-15  -5.32907e-15  5.32907e-15  -1.24345e-14  -3.55271e-15  -1.77636e-15  -8.88178e-16  2.66454e-15  -4.44089e-15  4.44089e-15  -3.55271e-15  0.0  6.21725e-15  2.66454e-15  -8.88178e-16  -7.10543e-15  2.66454e-15  -1.77636e-15  -2.66454e-15  0.0  1.06581e-14  1.77636e-15  8.43769e-15  1.02141e-14  -2.22045e-15  -8.88178e-15  2.22045e-15  7.54952e-15  -7.99361e-15  9.76996e-15  3.9968e-15  2.66454e-15  9.76996e-15  1.19904e-14  1.33227e-15  1.77636e-15  -8.88178e-16  1.28786e-14  -1.15463e-14  -7.99361e-15  -3.10862e-15  2.22045e-15  -1.15463e-14  4.88498e-15  1.11022e-14  -8.43769e-15  -2.57572e-14  -3.81917e-14  -2.30926e-14  -1.95399e-14  -6.17284e-14  -4.4853e-14  -3.37508e-14  -1.83409e-13  -8.5576e-13  -7.62945e-13  -5.71321e-13  -9.54126e-13  -2.02549e-12  -2.32658e-12  -3.38396e-12  -7.90545e-12  -5.76605e-12  -1.32991e-11  -1.71934e-11  -3.28475e-11  -2.10412e-11  -7.25311e-11  -1.07907e-10  -2.38142e-10  -1.9369e-10  -3.04398e-10  -1.45908e-10  -1.67985e-10  -4.14747e-10  -9.90432e-10  -8.64541e-10  -9.93408e-10  -3.57989e-9  -2.55133e-9  -1.30766e-8  -2.82534e-9  -8.69242e-9  -2.25162e-8  -2.26338e-8  -2.39345e-8
90 Eigenvalues converges, out of 90 requested.
Running with l = 25
read ../formaldehyde/gamma_VASP_RNDbasis1.dat
Davidson
iter=     1  rel‖R‖=  2.418e+01  size(V,2)=   150
iter=     2  rel‖R‖=  1.043e+01  size(V,2)=   300
iter=     3  rel‖R‖=  1.024e+00  size(V,2)=   450
iter=     4  rel‖R‖=  2.412e-01  size(V,2)=   600
iter=     5  rel‖R‖=  1.276e-01  size(V,2)=   750
iter=     6  rel‖R‖=  6.491e-02  size(V,2)=   900
iter=     7  rel‖R‖=  3.698e-02  size(V,2)=  1050
iter=     8  rel‖R‖=  2.341e-02  size(V,2)=  1200
iter=     9  rel‖R‖=  1.387e-02  size(V,2)=  1350
iter=    10  rel‖R‖=  7.212e-03  size(V,2)=  1500
iter=    11  rel‖R‖=  6.098e-03  size(V,2)=   300
iter=    12  rel‖R‖=  5.752e-03  size(V,2)=   450
iter=    13  rel‖R‖=  5.456e-03  size(V,2)=   600
iter=    14  rel‖R‖=  5.228e-03  size(V,2)=   750
iter=    15  rel‖R‖=  4.774e-03  size(V,2)=   900
iter=    16  rel‖R‖=  4.346e-03  size(V,2)=  1050
iter=    17  rel‖R‖=  3.921e-03  size(V,2)=  1200
iter=    18  rel‖R‖=  3.506e-03  size(V,2)=  1350
iter=    19  rel‖R‖=  2.964e-03  size(V,2)=  1500
iter=    20  rel‖R‖=  2.874e-03  size(V,2)=   300
iter=    21  rel‖R‖=  2.819e-03  size(V,2)=   450
iter=    22  rel‖R‖=  2.752e-03  size(V,2)=   600
iter=    23  rel‖R‖=  2.707e-03  size(V,2)=   750
iter=    24  rel‖R‖=  2.650e-03  size(V,2)=   900
iter=    25  rel‖R‖=  2.588e-03  size(V,2)=  1050
iter=    26  rel‖R‖=  2.514e-03  size(V,2)=  1200
iter=    27  rel‖R‖=  2.438e-03  size(V,2)=  1350
iter=    28  rel‖R‖=  2.327e-03  size(V,2)=  1500
iter=    29  rel‖R‖=  2.304e-03  size(V,2)=   300
iter=    30  rel‖R‖=  2.292e-03  size(V,2)=   450
iter=    31  rel‖R‖=  2.277e-03  size(V,2)=   600
iter=    32  rel‖R‖=  2.260e-03  size(V,2)=   750
iter=    33  rel‖R‖=  2.242e-03  size(V,2)=   900
iter=    34  rel‖R‖=  2.213e-03  size(V,2)=  1050
iter=    35  rel‖R‖=  2.175e-03  size(V,2)=  1200
iter=    36  rel‖R‖=  2.138e-03  size(V,2)=  1350
iter=    37  rel‖R‖=  2.073e-03  size(V,2)=  1500
iter=    38  rel‖R‖=  2.061e-03  size(V,2)=   300
iter=    39  rel‖R‖=  2.051e-03  size(V,2)=   450
iter=    40  rel‖R‖=  2.041e-03  size(V,2)=   600
iter=    41  rel‖R‖=  2.031e-03  size(V,2)=   750
iter=    42  rel‖R‖=  2.015e-03  size(V,2)=   900
iter=    43  rel‖R‖=  1.993e-03  size(V,2)=  1050
iter=    44  rel‖R‖=  1.965e-03  size(V,2)=  1200
iter=    45  rel‖R‖=  1.924e-03  size(V,2)=  1350
iter=    46  rel‖R‖=  1.866e-03  size(V,2)=  1500
iter=    47  rel‖R‖=  1.856e-03  size(V,2)=   300
iter=    48  rel‖R‖=  1.849e-03  size(V,2)=   450
iter=    49  rel‖R‖=  1.840e-03  size(V,2)=   600
iter=    50  rel‖R‖=  1.827e-03  size(V,2)=   750
iter=    51  rel‖R‖=  1.815e-03  size(V,2)=   900
iter=    52  rel‖R‖=  1.796e-03  size(V,2)=  1050
iter=    53  rel‖R‖=  1.775e-03  size(V,2)=  1200
iter=    54  rel‖R‖=  1.747e-03  size(V,2)=  1350
iter=    55  rel‖R‖=  1.696e-03  size(V,2)=  1500
iter=    56  rel‖R‖=  1.690e-03  size(V,2)=   300
iter=    57  rel‖R‖=  1.680e-03  size(V,2)=   450
iter=    58  rel‖R‖=  1.670e-03  size(V,2)=   600
iter=    59  rel‖R‖=  1.656e-03  size(V,2)=   750
iter=    60  rel‖R‖=  1.643e-03  size(V,2)=   900
iter=    61  rel‖R‖=  1.617e-03  size(V,2)=  1050
iter=    62  rel‖R‖=  1.573e-03  size(V,2)=  1200
iter=    63  rel‖R‖=  1.526e-03  size(V,2)=  1350
iter=    64  rel‖R‖=  1.462e-03  size(V,2)=  1500
iter=    65  rel‖R‖=  1.456e-03  size(V,2)=   300
iter=    66  rel‖R‖=  1.446e-03  size(V,2)=   450
iter=    67  rel‖R‖=  1.433e-03  size(V,2)=   600
iter=    68  rel‖R‖=  1.423e-03  size(V,2)=   750
iter=    69  rel‖R‖=  1.412e-03  size(V,2)=   900
iter=    70  rel‖R‖=  1.392e-03  size(V,2)=  1050
iter=    71  rel‖R‖=  1.368e-03  size(V,2)=  1200
iter=    72  rel‖R‖=  1.339e-03  size(V,2)=  1350
iter=    73  rel‖R‖=  1.296e-03  size(V,2)=  1500
iter=    74  rel‖R‖=  1.290e-03  size(V,2)=   300
iter=    75  rel‖R‖=  1.284e-03  size(V,2)=   450
iter=    76  rel‖R‖=  1.277e-03  size(V,2)=   600
iter=    77  rel‖R‖=  1.265e-03  size(V,2)=   750
iter=    78  rel‖R‖=  1.253e-03  size(V,2)=   900
iter=    79  rel‖R‖=  1.237e-03  size(V,2)=  1050
iter=    80  rel‖R‖=  1.209e-03  size(V,2)=  1200
iter=    81  rel‖R‖=  1.187e-03  size(V,2)=  1350
iter=    82  rel‖R‖=  1.139e-03  size(V,2)=  1500
iter=    83  rel‖R‖=  1.130e-03  size(V,2)=   300
iter=    84  rel‖R‖=  1.122e-03  size(V,2)=   450
iter=    85  rel‖R‖=  1.118e-03  size(V,2)=   600
iter=    86  rel‖R‖=  1.107e-03  size(V,2)=   750
iter=    87  rel‖R‖=  1.090e-03  size(V,2)=   900
iter=    88  rel‖R‖=  1.077e-03  size(V,2)=  1050
iter=    89  rel‖R‖=  1.060e-03  size(V,2)=  1200
iter=    90  rel‖R‖=  1.037e-03  size(V,2)=  1350
iter=    91  rel‖R‖=  1.001e-03  size(V,2)=  1500
iter=    92  rel‖R‖=  9.983e-04  size(V,2)=   300
iter=    93  rel‖R‖=  9.931e-04  size(V,2)=   450
iter=    94  rel‖R‖=  9.871e-04  size(V,2)=   600
iter=    95  rel‖R‖=  9.801e-04  size(V,2)=   750
iter=    96  rel‖R‖=  9.667e-04  size(V,2)=   900
iter=    97  rel‖R‖=  9.535e-04  size(V,2)=  1050
iter=    98  rel‖R‖=  9.342e-04  size(V,2)=  1200
iter=    99  rel‖R‖=  9.057e-04  size(V,2)=  1350
iter=   100  rel‖R‖=  8.569e-04  size(V,2)=  1500
iter=   101  rel‖R‖=  8.520e-04  size(V,2)=   300
iter=   102  rel‖R‖=  8.449e-04  size(V,2)=   450
iter=   103  rel‖R‖=  8.390e-04  size(V,2)=   600
iter=   104  rel‖R‖=  8.278e-04  size(V,2)=   750
iter=   105  rel‖R‖=  8.184e-04  size(V,2)=   900
iter=   106  rel‖R‖=  8.082e-04  size(V,2)=  1050
iter=   107  rel‖R‖=  7.973e-04  size(V,2)=  1200
iter=   108  rel‖R‖=  7.815e-04  size(V,2)=  1350
iter=   109  rel‖R‖=  7.615e-04  size(V,2)=  1500
iter=   110  rel‖R‖=  7.585e-04  size(V,2)=   300
iter=   111  rel‖R‖=  7.534e-04  size(V,2)=   450
iter=   112  rel‖R‖=  7.507e-04  size(V,2)=   600
iter=   113  rel‖R‖=  7.466e-04  size(V,2)=   750
iter=   114  rel‖R‖=  7.382e-04  size(V,2)=   900
iter=   115  rel‖R‖=  7.325e-04  size(V,2)=  1050
iter=   116  rel‖R‖=  7.199e-04  size(V,2)=  1200
iter=   117  rel‖R‖=  7.052e-04  size(V,2)=  1350
iter=   118  rel‖R‖=  6.863e-04  size(V,2)=  1500
iter=   119  rel‖R‖=  6.840e-04  size(V,2)=   300
iter=   120  rel‖R‖=  6.811e-04  size(V,2)=   450
iter=   121  rel‖R‖=  6.783e-04  size(V,2)=   600
iter=   122  rel‖R‖=  6.733e-04  size(V,2)=   750
iter=   123  rel‖R‖=  6.636e-04  size(V,2)=   900
iter=   124  rel‖R‖=  6.584e-04  size(V,2)=  1050
iter=   125  rel‖R‖=  6.453e-04  size(V,2)=  1200
iter=   126  rel‖R‖=  6.283e-04  size(V,2)=  1350
iter=   127  rel‖R‖=  6.103e-04  size(V,2)=  1500
iter=   128  rel‖R‖=  6.087e-04  size(V,2)=   300
iter=   129  rel‖R‖=  6.045e-04  size(V,2)=   450
iter=   130  rel‖R‖=  6.007e-04  size(V,2)=   600
iter=   131  rel‖R‖=  5.963e-04  size(V,2)=   750
iter=   132  rel‖R‖=  5.897e-04  size(V,2)=   900
iter=   133  rel‖R‖=  5.821e-04  size(V,2)=  1050
iter=   134  rel‖R‖=  5.767e-04  size(V,2)=  1200
iter=   135  rel‖R‖=  5.712e-04  size(V,2)=  1350
iter=   136  rel‖R‖=  5.599e-04  size(V,2)=  1500
iter=   137  rel‖R‖=  5.582e-04  size(V,2)=   300
iter=   138  rel‖R‖=  5.560e-04  size(V,2)=   450
iter=   139  rel‖R‖=  5.531e-04  size(V,2)=   600
iter=   140  rel‖R‖=  5.505e-04  size(V,2)=   750
iter=   141  rel‖R‖=  5.470e-04  size(V,2)=   900
iter=   142  rel‖R‖=  5.413e-04  size(V,2)=  1050
iter=   143  rel‖R‖=  5.357e-04  size(V,2)=  1200
iter=   144  rel‖R‖=  5.259e-04  size(V,2)=  1350
iter=   145  rel‖R‖=  5.150e-04  size(V,2)=  1500
iter=   146  rel‖R‖=  5.140e-04  size(V,2)=   300
iter=   147  rel‖R‖=  5.120e-04  size(V,2)=   450
iter=   148  rel‖R‖=  5.099e-04  size(V,2)=   600
iter=   149  rel‖R‖=  5.074e-04  size(V,2)=   750
iter=   150  rel‖R‖=  5.044e-04  size(V,2)=   900
iter=   151  rel‖R‖=  5.014e-04  size(V,2)=  1050
iter=   152  rel‖R‖=  4.967e-04  size(V,2)=  1200
iter=   153  rel‖R‖=  4.887e-04  size(V,2)=  1350
iter=   154  rel‖R‖=  4.773e-04  size(V,2)=  1500
iter=   155  rel‖R‖=  4.762e-04  size(V,2)=   300
iter=   156  rel‖R‖=  4.736e-04  size(V,2)=   450
iter=   157  rel‖R‖=  4.713e-04  size(V,2)=   600
iter=   158  rel‖R‖=  4.666e-04  size(V,2)=   750
iter=   159  rel‖R‖=  4.616e-04  size(V,2)=   900
iter=   160  rel‖R‖=  4.573e-04  size(V,2)=  1050
iter=   161  rel‖R‖=  4.477e-04  size(V,2)=  1200
iter=   162  rel‖R‖=  4.385e-04  size(V,2)=  1350
iter=   163  rel‖R‖=  4.234e-04  size(V,2)=  1500
iter=   164  rel‖R‖=  4.222e-04  size(V,2)=   300
iter=   165  rel‖R‖=  4.181e-04  size(V,2)=   450
iter=   166  rel‖R‖=  4.136e-04  size(V,2)=   600
iter=   167  rel‖R‖=  4.110e-04  size(V,2)=   750
iter=   168  rel‖R‖=  4.075e-04  size(V,2)=   900
iter=   169  rel‖R‖=  4.050e-04  size(V,2)=  1050
iter=   170  rel‖R‖=  3.997e-04  size(V,2)=  1200
iter=   171  rel‖R‖=  3.929e-04  size(V,2)=  1350
iter=   172  rel‖R‖=  3.834e-04  size(V,2)=  1500
iter=   173  rel‖R‖=  3.825e-04  size(V,2)=   300
iter=   174  rel‖R‖=  3.811e-04  size(V,2)=   450
iter=   175  rel‖R‖=  3.792e-04  size(V,2)=   600
iter=   176  rel‖R‖=  3.766e-04  size(V,2)=   750
iter=   177  rel‖R‖=  3.746e-04  size(V,2)=   900
iter=   178  rel‖R‖=  3.720e-04  size(V,2)=  1050
iter=   179  rel‖R‖=  3.646e-04  size(V,2)=  1200
iter=   180  rel‖R‖=  3.566e-04  size(V,2)=  1350
iter=   181  rel‖R‖=  3.460e-04  size(V,2)=  1500
iter=   182  rel‖R‖=  3.450e-04  size(V,2)=   300
iter=   183  rel‖R‖=  3.421e-04  size(V,2)=   450
iter=   184  rel‖R‖=  3.404e-04  size(V,2)=   600
iter=   185  rel‖R‖=  3.378e-04  size(V,2)=   750
iter=   186  rel‖R‖=  3.336e-04  size(V,2)=   900
iter=   187  rel‖R‖=  3.281e-04  size(V,2)=  1050
iter=   188  rel‖R‖=  3.251e-04  size(V,2)=  1200
iter=   189  rel‖R‖=  3.169e-04  size(V,2)=  1350
iter=   190  rel‖R‖=  3.066e-04  size(V,2)=  1500
iter=   191  rel‖R‖=  3.050e-04  size(V,2)=   300
iter=   192  rel‖R‖=  3.038e-04  size(V,2)=   450
iter=   193  rel‖R‖=  3.006e-04  size(V,2)=   600
iter=   194  rel‖R‖=  2.982e-04  size(V,2)=   750
iter=   195  rel‖R‖=  2.959e-04  size(V,2)=   900
iter=   196  rel‖R‖=  2.933e-04  size(V,2)=  1050
iter=   197  rel‖R‖=  2.902e-04  size(V,2)=  1200
iter=   198  rel‖R‖=  2.814e-04  size(V,2)=  1350
iter=   199  rel‖R‖=  2.708e-04  size(V,2)=  1500
iter=   200  rel‖R‖=  2.694e-04  size(V,2)=   300
iter=   201  rel‖R‖=  2.679e-04  size(V,2)=   450
iter=   202  rel‖R‖=  2.666e-04  size(V,2)=   600
iter=   203  rel‖R‖=  2.645e-04  size(V,2)=   750
iter=   204  rel‖R‖=  2.608e-04  size(V,2)=   900
iter=   205  rel‖R‖=  2.578e-04  size(V,2)=  1050
iter=   206  rel‖R‖=  2.553e-04  size(V,2)=  1200
iter=   207  rel‖R‖=  2.511e-04  size(V,2)=  1350
iter=   208  rel‖R‖=  2.396e-04  size(V,2)=  1500
iter=   209  rel‖R‖=  2.375e-04  size(V,2)=   300
iter=   210  rel‖R‖=  2.365e-04  size(V,2)=   450
iter=   211  rel‖R‖=  2.352e-04  size(V,2)=   600
iter=   212  rel‖R‖=  2.337e-04  size(V,2)=   750
iter=   213  rel‖R‖=  2.308e-04  size(V,2)=   900
iter=   214  rel‖R‖=  2.257e-04  size(V,2)=  1050
iter=   215  rel‖R‖=  2.211e-04  size(V,2)=  1200
iter=   216  rel‖R‖=  2.163e-04  size(V,2)=  1350
iter=   217  rel‖R‖=  2.052e-04  size(V,2)=  1500
iter=   218  rel‖R‖=  2.033e-04  size(V,2)=   300
iter=   219  rel‖R‖=  2.023e-04  size(V,2)=   450
iter=   220  rel‖R‖=  2.011e-04  size(V,2)=   600
iter=   221  rel‖R‖=  1.984e-04  size(V,2)=   750
iter=   222  rel‖R‖=  1.962e-04  size(V,2)=   900
iter=   223  rel‖R‖=  1.939e-04  size(V,2)=  1050
iter=   224  rel‖R‖=  1.912e-04  size(V,2)=  1200
iter=   225  rel‖R‖=  1.884e-04  size(V,2)=  1350
iter=   226  rel‖R‖=  1.829e-04  size(V,2)=  1500
iter=   227  rel‖R‖=  1.820e-04  size(V,2)=   300
iter=   228  rel‖R‖=  1.814e-04  size(V,2)=   450
iter=   229  rel‖R‖=  1.801e-04  size(V,2)=   600
iter=   230  rel‖R‖=  1.787e-04  size(V,2)=   750
iter=   231  rel‖R‖=  1.779e-04  size(V,2)=   900
iter=   232  rel‖R‖=  1.755e-04  size(V,2)=  1050
iter=   233  rel‖R‖=  1.729e-04  size(V,2)=  1200
iter=   234  rel‖R‖=  1.704e-04  size(V,2)=  1350
iter=   235  rel‖R‖=  1.657e-04  size(V,2)=  1500
iter=   236  rel‖R‖=  1.650e-04  size(V,2)=   300
iter=   237  rel‖R‖=  1.642e-04  size(V,2)=   450
iter=   238  rel‖R‖=  1.632e-04  size(V,2)=   600
iter=   239  rel‖R‖=  1.620e-04  size(V,2)=   750
iter=   240  rel‖R‖=  1.598e-04  size(V,2)=   900
iter=   241  rel‖R‖=  1.578e-04  size(V,2)=  1050
iter=   242  rel‖R‖=  1.555e-04  size(V,2)=  1200
iter=   243  rel‖R‖=  1.534e-04  size(V,2)=  1350
iter=   244  rel‖R‖=  1.489e-04  size(V,2)=  1500
iter=   245  rel‖R‖=  1.482e-04  size(V,2)=   300
iter=   246  rel‖R‖=  1.474e-04  size(V,2)=   450
iter=   247  rel‖R‖=  1.453e-04  size(V,2)=   600
iter=   248  rel‖R‖=  1.446e-04  size(V,2)=   750
iter=   249  rel‖R‖=  1.439e-04  size(V,2)=   900
iter=   250  rel‖R‖=  1.426e-04  size(V,2)=  1050
iter=   251  rel‖R‖=  1.409e-04  size(V,2)=  1200
iter=   252  rel‖R‖=  1.376e-04  size(V,2)=  1350
iter=   253  rel‖R‖=  1.338e-04  size(V,2)=  1500
iter=   254  rel‖R‖=  1.335e-04  size(V,2)=   300
iter=   255  rel‖R‖=  1.327e-04  size(V,2)=   450
iter=   256  rel‖R‖=  1.322e-04  size(V,2)=   600
iter=   257  rel‖R‖=  1.310e-04  size(V,2)=   750
iter=   258  rel‖R‖=  1.288e-04  size(V,2)=   900
iter=   259  rel‖R‖=  1.272e-04  size(V,2)=  1050
iter=   260  rel‖R‖=  1.261e-04  size(V,2)=  1200
iter=   261  rel‖R‖=  1.236e-04  size(V,2)=  1350
iter=   262  rel‖R‖=  1.202e-04  size(V,2)=  1500
iter=   263  rel‖R‖=  1.198e-04  size(V,2)=   300
iter=   264  rel‖R‖=  1.188e-04  size(V,2)=   450
iter=   265  rel‖R‖=  1.178e-04  size(V,2)=   600
iter=   266  rel‖R‖=  1.171e-04  size(V,2)=   750
iter=   267  rel‖R‖=  1.162e-04  size(V,2)=   900
iter=   268  rel‖R‖=  1.152e-04  size(V,2)=  1050
iter=   269  rel‖R‖=  1.129e-04  size(V,2)=  1200
iter=   270  rel‖R‖=  1.115e-04  size(V,2)=  1350
iter=   271  rel‖R‖=  1.088e-04  size(V,2)=  1500
iter=   272  rel‖R‖=  1.085e-04  size(V,2)=   300
iter=   273  rel‖R‖=  1.081e-04  size(V,2)=   450
iter=   274  rel‖R‖=  1.076e-04  size(V,2)=   600
iter=   275  rel‖R‖=  1.070e-04  size(V,2)=   750
iter=   276  rel‖R‖=  1.061e-04  size(V,2)=   900
iter=   277  rel‖R‖=  1.052e-04  size(V,2)=  1050
iter=   278  rel‖R‖=  1.042e-04  size(V,2)=  1200
iter=   279  rel‖R‖=  1.026e-04  size(V,2)=  1350
iter=   280  rel‖R‖=  9.990e-05  size(V,2)=  1500
iter=   281  rel‖R‖=  9.967e-05  size(V,2)=   300
iter=   282  rel‖R‖=  9.921e-05  size(V,2)=   450
iter=   283  rel‖R‖=  9.878e-05  size(V,2)=   600
iter=   284  rel‖R‖=  9.808e-05  size(V,2)=   750
iter=   285  rel‖R‖=  9.617e-05  size(V,2)=   900
iter=   286  rel‖R‖=  9.459e-05  size(V,2)=  1050
iter=   287  rel‖R‖=  9.361e-05  size(V,2)=  1200
iter=   288  rel‖R‖=  9.078e-05  size(V,2)=  1350
iter=   289  rel‖R‖=  8.756e-05  size(V,2)=  1500
iter=   290  rel‖R‖=  8.717e-05  size(V,2)=   300
iter=   291  rel‖R‖=  8.667e-05  size(V,2)=   450
iter=   292  rel‖R‖=  8.618e-05  size(V,2)=   600
iter=   293  rel‖R‖=  8.556e-05  size(V,2)=   750
iter=   294  rel‖R‖=  8.366e-05  size(V,2)=   900
iter=   295  rel‖R‖=  8.275e-05  size(V,2)=  1050
iter=   296  rel‖R‖=  8.082e-05  size(V,2)=  1200
iter=   297  rel‖R‖=  7.860e-05  size(V,2)=  1350
converged!
8934.834208 seconds (692.00 k allocations: 292.150 GiB, 0.13% gc time)
Total estimated FLOPs: 514689504128550

Reading exact Eigenvalues...
Reading eigenvalues from ../Eigenvalues_folder/eigenres_formaldehyde_RNDbasis1.jld2

Difference between Davidson and exact eigenvalues:
1×150 adjoint(::Vector{Float64}) with eltype Float64:
 1.06581e-14  0.0  7.10543e-15  5.32907e-15  -3.55271e-15  -5.32907e-15  5.32907e-15  -8.88178e-15  -5.32907e-15  1.77636e-15  -5.32907e-15  4.44089e-15  0.0  -4.44089e-15  -3.55271e-15  0.0  0.0  8.88178e-16  1.77636e-15  6.21725e-15  8.88178e-16  -9.76996e-15  6.21725e-15  8.88178e-16  7.99361e-15  -1.77636e-15  -2.22045e-15  4.44089e-16  4.44089e-16  3.10862e-15  3.10862e-15  2.22045e-15  -1.77636e-15  5.77316e-15  -2.22045e-15  6.21725e-15  -5.32907e-15  1.33227e-15  0.0  8.88178e-16  2.66454e-15  4.44089e-15  7.99361e-15  -4.88498e-15  -4.44089e-15  -8.88178e-16  6.21725e-15  3.9968e-15  -1.73195e-14  -1.77636e-15  1.33227e-15  2.66454e-15  -1.90958e-14  -6.21725e-15  -5.77316e-15  1.06581e-14  -1.86517e-14  -9.76996e-15  3.55271e-15  6.43929e-15  9.76996e-15  -1.9984e-15  1.04361e-14  -4.44089e-15  6.43929e-15  -9.76996e-15  2.35367e-14  9.10383e-15  -7.10543e-15  -8.65974e-15  -1.31006e-14  2.44249e-15  -6.43929e-15  4.66294e-15  -6.21725e-15  1.13243e-14  -8.65974e-15  -1.39888e-14  -8.88178e-16  -1.33227e-14  1.9984e-15  -1.13243e-14  8.21565e-15  3.10862e-14  1.68754e-14  -8.88178e-15  -1.5099e-14  -2.13163e-14  -3.28626e-14  -1.93179e-14  -4.44089e-15  -1.90958e-14  2.57572e-14  3.15303e-14  1.04361e-14  -3.19744e-14  1.28786e-14  3.37508e-14  -4.44089e-16  3.24185e-14  7.77156e-15  -3.5083e-14  -1.08802e-14  5.32907e-15  -3.77476e-14  1.4877e-14  -3.33067e-14  -1.24345e-14  1.08802e-14  -1.9984e-15  3.57492e-14  -1.28786e-14  3.41949e-14  -2.17604e-14  -3.75255e-14  8.21565e-15  2.06501e-14  -3.81917e-14  1.86517e-14  -2.81997e-14  -1.33227e-14  1.69864e-14  1.03251e-14  1.92069e-14  3.20854e-14  3.25295e-14  -8.88178e-16  -3.66374e-14  -4.58522e-14  -5.14033e-14  -1.11022e-16  -1.54321e-14  2.91989e-14  -3.86358e-14  4.38538e-14  -2.73115e-14  -1.06581e-14  -3.44169e-15  -4.41869e-14  1.43219e-14  -4.77396e-14  2.34257e-14  3.33067e-16  -5.39568e-14  -2.03948e-13  -1.82077e-14  -4.19533e-8  -6.06336e-7  -2.67378e-7  -1.91823e-7
150 Eigenvalues converges, out of 150 requested.
Finished processing molecule: formaldehyde
