Processing molecule: H2
Running with alpha = 6
Running with l = 10
Davidson
iter=     1  rel‖R‖=  1.059e+00  size(V,2)=    10
iter=     2  rel‖R‖=  3.781e-01  size(V,2)=    20
iter=     3  rel‖R‖=  3.515e-02  size(V,2)=    30
iter=     4  rel‖R‖=  1.534e-02  size(V,2)=    40
iter=     5  rel‖R‖=  9.103e-04  size(V,2)=    50
iter=     6  rel‖R‖=  4.537e-05  size(V,2)=    60
converged!
  3.429329 seconds (1.25 k allocations: 111.415 MiB)
Total estimated FLOPs: 78181993860

Reading exact Eigenvalues...
Reading eigenvalues from ../Eigenvalues_folder/eigenres_H2_RNDbasis1.jld2

Difference between Davidson and exact eigenvalues:
1×10 adjoint(::Vector{Float64}) with eltype Float64:
 5.68434e-14  3.90799e-14  -1.77636e-15  -1.42109e-14  7.99361e-15  5.24381e-12  3.2685e-13  3.55538e-12  2.1716e-13  9.69552e-9
Running with l = 50
Davidson
iter=     1  rel‖R‖=  1.060e-01  size(V,2)=    50
iter=     2  rel‖R‖=  1.746e-02  size(V,2)=   100
iter=     3  rel‖R‖=  2.150e-03  size(V,2)=   150
iter=     4  rel‖R‖=  2.711e-04  size(V,2)=   200
iter=     5  rel‖R‖=  2.644e-05  size(V,2)=   250
converged!
  6.243708 seconds (3.43 k allocations: 417.220 MiB, 1.49% gc time)
Total estimated FLOPs: 295787013900

Reading exact Eigenvalues...
Reading eigenvalues from ../Eigenvalues_folder/eigenres_H2_RNDbasis1.jld2

Difference between Davidson and exact eigenvalues:
1×50 adjoint(::Vector{Float64}) with eltype Float64:
 5.68434e-14  1.77636e-14  0.0  -1.06581e-14  8.88178e-15  -2.22045e-15  -4.88498e-15  -6.66134e-15  -3.55271e-15  1.33227e-15  -4.88498e-15  4.44089e-15  -3.55271e-15  6.66134e-15  -1.33227e-15  -1.33227e-15  4.44089e-16  1.77636e-15  7.66054e-15  5.9952e-15  7.68274e-14  4.84501e-13  1.48215e-13  1.14686e-13  1.2883e-12  4.0995e-13  2.84661e-13  9.27813e-13  6.95166e-13  1.56147e-12  3.26011e-12  7.70978e-12  3.74611e-12  3.2806e-12  4.447e-11  3.214e-11  4.27997e-11  2.22592e-10  2.45367e-10  1.11012e-9  1.02271e-9  1.52307e-9  1.54094e-9  2.00562e-9  9.12544e-9  3.54922e-8  1.5054e-8  5.18252e-8  6.00358e-8  4.36269e-8
Running with l = 100
Davidson
iter=     1  rel‖R‖=  2.400e-02  size(V,2)=   100
iter=     2  rel‖R‖=  4.584e-03  size(V,2)=   200
iter=     3  rel‖R‖=  2.014e-03  size(V,2)=   300
iter=     4  rel‖R‖=  1.253e-03  size(V,2)=   400
iter=     5  rel‖R‖=  9.367e-04  size(V,2)=   500
iter=     6  rel‖R‖=  7.294e-04  size(V,2)=   600
iter=     7  rel‖R‖=  6.800e-04  size(V,2)=   200
iter=     8  rel‖R‖=  6.560e-04  size(V,2)=   300
iter=     9  rel‖R‖=  6.346e-04  size(V,2)=   400
iter=    10  rel‖R‖=  6.068e-04  size(V,2)=   500
iter=    11  rel‖R‖=  5.630e-04  size(V,2)=   600
iter=    12  rel‖R‖=  5.476e-04  size(V,2)=   200
iter=    13  rel‖R‖=  5.340e-04  size(V,2)=   300
iter=    14  rel‖R‖=  5.222e-04  size(V,2)=   400
iter=    15  rel‖R‖=  5.099e-04  size(V,2)=   500
iter=    16  rel‖R‖=  4.938e-04  size(V,2)=   600
iter=    17  rel‖R‖=  4.871e-04  size(V,2)=   200
iter=    18  rel‖R‖=  4.804e-04  size(V,2)=   300
iter=    19  rel‖R‖=  4.751e-04  size(V,2)=   400
iter=    20  rel‖R‖=  4.671e-04  size(V,2)=   500
iter=    21  rel‖R‖=  4.553e-04  size(V,2)=   600
iter=    22  rel‖R‖=  4.518e-04  size(V,2)=   200
iter=    23  rel‖R‖=  4.478e-04  size(V,2)=   300
iter=    24  rel‖R‖=  4.430e-04  size(V,2)=   400
iter=    25  rel‖R‖=  4.363e-04  size(V,2)=   500
iter=    26  rel‖R‖=  4.289e-04  size(V,2)=   600
iter=    27  rel‖R‖=  4.266e-04  size(V,2)=   200
iter=    28  rel‖R‖=  4.232e-04  size(V,2)=   300
iter=    29  rel‖R‖=  4.194e-04  size(V,2)=   400
iter=    30  rel‖R‖=  4.155e-04  size(V,2)=   500
iter=    31  rel‖R‖=  4.088e-04  size(V,2)=   600
iter=    32  rel‖R‖=  4.069e-04  size(V,2)=   200
iter=    33  rel‖R‖=  4.041e-04  size(V,2)=   300
iter=    34  rel‖R‖=  4.011e-04  size(V,2)=   400
iter=    35  rel‖R‖=  3.968e-04  size(V,2)=   500
iter=    36  rel‖R‖=  3.902e-04  size(V,2)=   600
iter=    37  rel‖R‖=  3.882e-04  size(V,2)=   200
iter=    38  rel‖R‖=  3.848e-04  size(V,2)=   300
iter=    39  rel‖R‖=  3.814e-04  size(V,2)=   400
iter=    40  rel‖R‖=  3.773e-04  size(V,2)=   500
iter=    41  rel‖R‖=  3.714e-04  size(V,2)=   600
iter=    42  rel‖R‖=  3.693e-04  size(V,2)=   200
iter=    43  rel‖R‖=  3.666e-04  size(V,2)=   300
iter=    44  rel‖R‖=  3.636e-04  size(V,2)=   400
iter=    45  rel‖R‖=  3.600e-04  size(V,2)=   500
iter=    46  rel‖R‖=  3.552e-04  size(V,2)=   600
iter=    47  rel‖R‖=  3.539e-04  size(V,2)=   200
iter=    48  rel‖R‖=  3.514e-04  size(V,2)=   300
iter=    49  rel‖R‖=  3.483e-04  size(V,2)=   400
iter=    50  rel‖R‖=  3.453e-04  size(V,2)=   500
iter=    51  rel‖R‖=  3.410e-04  size(V,2)=   600
iter=    52  rel‖R‖=  3.397e-04  size(V,2)=   200
iter=    53  rel‖R‖=  3.376e-04  size(V,2)=   300
iter=    54  rel‖R‖=  3.353e-04  size(V,2)=   400
iter=    55  rel‖R‖=  3.325e-04  size(V,2)=   500
iter=    56  rel‖R‖=  3.288e-04  size(V,2)=   600
iter=    57  rel‖R‖=  3.278e-04  size(V,2)=   200
iter=    58  rel‖R‖=  3.255e-04  size(V,2)=   300
iter=    59  rel‖R‖=  3.236e-04  size(V,2)=   400
iter=    60  rel‖R‖=  3.210e-04  size(V,2)=   500
iter=    61  rel‖R‖=  3.163e-04  size(V,2)=   600
iter=    62  rel‖R‖=  3.150e-04  size(V,2)=   200
iter=    63  rel‖R‖=  3.132e-04  size(V,2)=   300
iter=    64  rel‖R‖=  3.111e-04  size(V,2)=   400
iter=    65  rel‖R‖=  3.087e-04  size(V,2)=   500
iter=    66  rel‖R‖=  3.058e-04  size(V,2)=   600
iter=    67  rel‖R‖=  3.050e-04  size(V,2)=   200
iter=    68  rel‖R‖=  3.033e-04  size(V,2)=   300
iter=    69  rel‖R‖=  3.011e-04  size(V,2)=   400
iter=    70  rel‖R‖=  2.989e-04  size(V,2)=   500
iter=    71  rel‖R‖=  2.952e-04  size(V,2)=   600
iter=    72  rel‖R‖=  2.940e-04  size(V,2)=   200
iter=    73  rel‖R‖=  2.924e-04  size(V,2)=   300
iter=    74  rel‖R‖=  2.907e-04  size(V,2)=   400
iter=    75  rel‖R‖=  2.887e-04  size(V,2)=   500
iter=    76  rel‖R‖=  2.859e-04  size(V,2)=   600
iter=    77  rel‖R‖=  2.850e-04  size(V,2)=   200
iter=    78  rel‖R‖=  2.835e-04  size(V,2)=   300
iter=    79  rel‖R‖=  2.820e-04  size(V,2)=   400
iter=    80  rel‖R‖=  2.801e-04  size(V,2)=   500
iter=    81  rel‖R‖=  2.777e-04  size(V,2)=   600
iter=    82  rel‖R‖=  2.768e-04  size(V,2)=   200
iter=    83  rel‖R‖=  2.754e-04  size(V,2)=   300
iter=    84  rel‖R‖=  2.739e-04  size(V,2)=   400
iter=    85  rel‖R‖=  2.718e-04  size(V,2)=   500
iter=    86  rel‖R‖=  2.692e-04  size(V,2)=   600
iter=    87  rel‖R‖=  2.684e-04  size(V,2)=   200
iter=    88  rel‖R‖=  2.669e-04  size(V,2)=   300
iter=    89  rel‖R‖=  2.654e-04  size(V,2)=   400
iter=    90  rel‖R‖=  2.633e-04  size(V,2)=   500
iter=    91  rel‖R‖=  2.605e-04  size(V,2)=   600
iter=    92  rel‖R‖=  2.596e-04  size(V,2)=   200
iter=    93  rel‖R‖=  2.582e-04  size(V,2)=   300
iter=    94  rel‖R‖=  2.567e-04  size(V,2)=   400
iter=    95  rel‖R‖=  2.548e-04  size(V,2)=   500
iter=    96  rel‖R‖=  2.528e-04  size(V,2)=   600
iter=    97  rel‖R‖=  2.522e-04  size(V,2)=   200
iter=    98  rel‖R‖=  2.510e-04  size(V,2)=   300
iter=    99  rel‖R‖=  2.494e-04  size(V,2)=   400
iter=   100  rel‖R‖=  2.473e-04  size(V,2)=   500
iter=   101  rel‖R‖=  2.447e-04  size(V,2)=   600
iter=   102  rel‖R‖=  2.440e-04  size(V,2)=   200
iter=   103  rel‖R‖=  2.427e-04  size(V,2)=   300
iter=   104  rel‖R‖=  2.414e-04  size(V,2)=   400
iter=   105  rel‖R‖=  2.399e-04  size(V,2)=   500
iter=   106  rel‖R‖=  2.379e-04  size(V,2)=   600
iter=   107  rel‖R‖=  2.373e-04  size(V,2)=   200
iter=   108  rel‖R‖=  2.362e-04  size(V,2)=   300
iter=   109  rel‖R‖=  2.348e-04  size(V,2)=   400
iter=   110  rel‖R‖=  2.335e-04  size(V,2)=   500
iter=   111  rel‖R‖=  2.317e-04  size(V,2)=   600
iter=   112  rel‖R‖=  2.311e-04  size(V,2)=   200
iter=   113  rel‖R‖=  2.300e-04  size(V,2)=   300
iter=   114  rel‖R‖=  2.288e-04  size(V,2)=   400
iter=   115  rel‖R‖=  2.270e-04  size(V,2)=   500
iter=   116  rel‖R‖=  2.243e-04  size(V,2)=   600
iter=   117  rel‖R‖=  2.235e-04  size(V,2)=   200
iter=   118  rel‖R‖=  2.224e-04  size(V,2)=   300
iter=   119  rel‖R‖=  2.212e-04  size(V,2)=   400
iter=   120  rel‖R‖=  2.194e-04  size(V,2)=   500
iter=   121  rel‖R‖=  2.176e-04  size(V,2)=   600
iter=   122  rel‖R‖=  2.170e-04  size(V,2)=   200
iter=   123  rel‖R‖=  2.157e-04  size(V,2)=   300
iter=   124  rel‖R‖=  2.146e-04  size(V,2)=   400
iter=   125  rel‖R‖=  2.135e-04  size(V,2)=   500
iter=   126  rel‖R‖=  2.120e-04  size(V,2)=   600
iter=   127  rel‖R‖=  2.115e-04  size(V,2)=   200
iter=   128  rel‖R‖=  2.105e-04  size(V,2)=   300
iter=   129  rel‖R‖=  2.095e-04  size(V,2)=   400
iter=   130  rel‖R‖=  2.081e-04  size(V,2)=   500
iter=   131  rel‖R‖=  2.064e-04  size(V,2)=   600
iter=   132  rel‖R‖=  2.059e-04  size(V,2)=   200
iter=   133  rel‖R‖=  2.050e-04  size(V,2)=   300
iter=   134  rel‖R‖=  2.040e-04  size(V,2)=   400
iter=   135  rel‖R‖=  2.025e-04  size(V,2)=   500
iter=   136  rel‖R‖=  2.009e-04  size(V,2)=   600
iter=   137  rel‖R‖=  2.004e-04  size(V,2)=   200
iter=   138  rel‖R‖=  1.994e-04  size(V,2)=   300
iter=   139  rel‖R‖=  1.982e-04  size(V,2)=   400
iter=   140  rel‖R‖=  1.971e-04  size(V,2)=   500
iter=   141  rel‖R‖=  1.953e-04  size(V,2)=   600
iter=   142  rel‖R‖=  1.948e-04  size(V,2)=   200
iter=   143  rel‖R‖=  1.938e-04  size(V,2)=   300
iter=   144  rel‖R‖=  1.929e-04  size(V,2)=   400
iter=   145  rel‖R‖=  1.917e-04  size(V,2)=   500
iter=   146  rel‖R‖=  1.899e-04  size(V,2)=   600
iter=   147  rel‖R‖=  1.894e-04  size(V,2)=   200
iter=   148  rel‖R‖=  1.884e-04  size(V,2)=   300
iter=   149  rel‖R‖=  1.874e-04  size(V,2)=   400
iter=   150  rel‖R‖=  1.863e-04  size(V,2)=   500
iter=   151  rel‖R‖=  1.851e-04  size(V,2)=   600
iter=   152  rel‖R‖=  1.847e-04  size(V,2)=   200
iter=   153  rel‖R‖=  1.838e-04  size(V,2)=   300
iter=   154  rel‖R‖=  1.830e-04  size(V,2)=   400
iter=   155  rel‖R‖=  1.820e-04  size(V,2)=   500
iter=   156  rel‖R‖=  1.807e-04  size(V,2)=   600
iter=   157  rel‖R‖=  1.804e-04  size(V,2)=   200
iter=   158  rel‖R‖=  1.796e-04  size(V,2)=   300
iter=   159  rel‖R‖=  1.785e-04  size(V,2)=   400
iter=   160  rel‖R‖=  1.775e-04  size(V,2)=   500
iter=   161  rel‖R‖=  1.761e-04  size(V,2)=   600
iter=   162  rel‖R‖=  1.756e-04  size(V,2)=   200
iter=   163  rel‖R‖=  1.748e-04  size(V,2)=   300
iter=   164  rel‖R‖=  1.740e-04  size(V,2)=   400
iter=   165  rel‖R‖=  1.731e-04  size(V,2)=   500
iter=   166  rel‖R‖=  1.720e-04  size(V,2)=   600
iter=   167  rel‖R‖=  1.716e-04  size(V,2)=   200
iter=   168  rel‖R‖=  1.709e-04  size(V,2)=   300
iter=   169  rel‖R‖=  1.700e-04  size(V,2)=   400
iter=   170  rel‖R‖=  1.691e-04  size(V,2)=   500
iter=   171  rel‖R‖=  1.681e-04  size(V,2)=   600
iter=   172  rel‖R‖=  1.678e-04  size(V,2)=   200
iter=   173  rel‖R‖=  1.671e-04  size(V,2)=   300
iter=   174  rel‖R‖=  1.663e-04  size(V,2)=   400
iter=   175  rel‖R‖=  1.655e-04  size(V,2)=   500
iter=   176  rel‖R‖=  1.645e-04  size(V,2)=   600
iter=   177  rel‖R‖=  1.642e-04  size(V,2)=   200
iter=   178  rel‖R‖=  1.635e-04  size(V,2)=   300
iter=   179  rel‖R‖=  1.628e-04  size(V,2)=   400
iter=   180  rel‖R‖=  1.619e-04  size(V,2)=   500
iter=   181  rel‖R‖=  1.607e-04  size(V,2)=   600
iter=   182  rel‖R‖=  1.603e-04  size(V,2)=   200
iter=   183  rel‖R‖=  1.597e-04  size(V,2)=   300
iter=   184  rel‖R‖=  1.590e-04  size(V,2)=   400
iter=   185  rel‖R‖=  1.582e-04  size(V,2)=   500
iter=   186  rel‖R‖=  1.569e-04  size(V,2)=   600
iter=   187  rel‖R‖=  1.565e-04  size(V,2)=   200
iter=   188  rel‖R‖=  1.558e-04  size(V,2)=   300
iter=   189  rel‖R‖=  1.551e-04  size(V,2)=   400
iter=   190  rel‖R‖=  1.543e-04  size(V,2)=   500
iter=   191  rel‖R‖=  1.534e-04  size(V,2)=   600
iter=   192  rel‖R‖=  1.532e-04  size(V,2)=   200
iter=   193  rel‖R‖=  1.526e-04  size(V,2)=   300
iter=   194  rel‖R‖=  1.519e-04  size(V,2)=   400
iter=   195  rel‖R‖=  1.512e-04  size(V,2)=   500
iter=   196  rel‖R‖=  1.500e-04  size(V,2)=   600
iter=   197  rel‖R‖=  1.497e-04  size(V,2)=   200
iter=   198  rel‖R‖=  1.491e-04  size(V,2)=   300
iter=   199  rel‖R‖=  1.485e-04  size(V,2)=   400
iter=   200  rel‖R‖=  1.476e-04  size(V,2)=   500
iter=   201  rel‖R‖=  1.469e-04  size(V,2)=   600
iter=   202  rel‖R‖=  1.467e-04  size(V,2)=   200
iter=   203  rel‖R‖=  1.460e-04  size(V,2)=   300
iter=   204  rel‖R‖=  1.454e-04  size(V,2)=   400
iter=   205  rel‖R‖=  1.447e-04  size(V,2)=   500
iter=   206  rel‖R‖=  1.439e-04  size(V,2)=   600
iter=   207  rel‖R‖=  1.436e-04  size(V,2)=   200
iter=   208  rel‖R‖=  1.430e-04  size(V,2)=   300
iter=   209  rel‖R‖=  1.424e-04  size(V,2)=   400
iter=   210  rel‖R‖=  1.417e-04  size(V,2)=   500
iter=   211  rel‖R‖=  1.408e-04  size(V,2)=   600
iter=   212  rel‖R‖=  1.405e-04  size(V,2)=   200
iter=   213  rel‖R‖=  1.399e-04  size(V,2)=   300
iter=   214  rel‖R‖=  1.393e-04  size(V,2)=   400
iter=   215  rel‖R‖=  1.386e-04  size(V,2)=   500
iter=   216  rel‖R‖=  1.379e-04  size(V,2)=   600
iter=   217  rel‖R‖=  1.377e-04  size(V,2)=   200
iter=   218  rel‖R‖=  1.372e-04  size(V,2)=   300
iter=   219  rel‖R‖=  1.366e-04  size(V,2)=   400
iter=   220  rel‖R‖=  1.359e-04  size(V,2)=   500
iter=   221  rel‖R‖=  1.352e-04  size(V,2)=   600
iter=   222  rel‖R‖=  1.349e-04  size(V,2)=   200
iter=   223  rel‖R‖=  1.344e-04  size(V,2)=   300
iter=   224  rel‖R‖=  1.338e-04  size(V,2)=   400
iter=   225  rel‖R‖=  1.331e-04  size(V,2)=   500
iter=   226  rel‖R‖=  1.319e-04  size(V,2)=   600
iter=   227  rel‖R‖=  1.315e-04  size(V,2)=   200
iter=   228  rel‖R‖=  1.310e-04  size(V,2)=   300
iter=   229  rel‖R‖=  1.304e-04  size(V,2)=   400
iter=   230  rel‖R‖=  1.295e-04  size(V,2)=   500
iter=   231  rel‖R‖=  1.288e-04  size(V,2)=   600
iter=   232  rel‖R‖=  1.285e-04  size(V,2)=   200
iter=   233  rel‖R‖=  1.280e-04  size(V,2)=   300
iter=   234  rel‖R‖=  1.274e-04  size(V,2)=   400
iter=   235  rel‖R‖=  1.267e-04  size(V,2)=   500
iter=   236  rel‖R‖=  1.258e-04  size(V,2)=   600
iter=   237  rel‖R‖=  1.255e-04  size(V,2)=   200
iter=   238  rel‖R‖=  1.250e-04  size(V,2)=   300
iter=   239  rel‖R‖=  1.244e-04  size(V,2)=   400
iter=   240  rel‖R‖=  1.238e-04  size(V,2)=   500
iter=   241  rel‖R‖=  1.231e-04  size(V,2)=   600
iter=   242  rel‖R‖=  1.229e-04  size(V,2)=   200
iter=   243  rel‖R‖=  1.224e-04  size(V,2)=   300
iter=   244  rel‖R‖=  1.219e-04  size(V,2)=   400
iter=   245  rel‖R‖=  1.215e-04  size(V,2)=   500
iter=   246  rel‖R‖=  1.208e-04  size(V,2)=   600
iter=   247  rel‖R‖=  1.206e-04  size(V,2)=   200
iter=   248  rel‖R‖=  1.201e-04  size(V,2)=   300
iter=   249  rel‖R‖=  1.196e-04  size(V,2)=   400
iter=   250  rel‖R‖=  1.192e-04  size(V,2)=   500
iter=   251  rel‖R‖=  1.185e-04  size(V,2)=   600
iter=   252  rel‖R‖=  1.183e-04  size(V,2)=   200
iter=   253  rel‖R‖=  1.179e-04  size(V,2)=   300
iter=   254  rel‖R‖=  1.174e-04  size(V,2)=   400
iter=   255  rel‖R‖=  1.168e-04  size(V,2)=   500
iter=   256  rel‖R‖=  1.161e-04  size(V,2)=   600
iter=   257  rel‖R‖=  1.158e-04  size(V,2)=   200
iter=   258  rel‖R‖=  1.154e-04  size(V,2)=   300
iter=   259  rel‖R‖=  1.149e-04  size(V,2)=   400
iter=   260  rel‖R‖=  1.144e-04  size(V,2)=   500
iter=   261  rel‖R‖=  1.138e-04  size(V,2)=   600
iter=   262  rel‖R‖=  1.136e-04  size(V,2)=   200
iter=   263  rel‖R‖=  1.133e-04  size(V,2)=   300
iter=   264  rel‖R‖=  1.129e-04  size(V,2)=   400
iter=   265  rel‖R‖=  1.124e-04  size(V,2)=   500
iter=   266  rel‖R‖=  1.118e-04  size(V,2)=   600
iter=   267  rel‖R‖=  1.116e-04  size(V,2)=   200
iter=   268  rel‖R‖=  1.112e-04  size(V,2)=   300
iter=   269  rel‖R‖=  1.108e-04  size(V,2)=   400
iter=   270  rel‖R‖=  1.103e-04  size(V,2)=   500
iter=   271  rel‖R‖=  1.098e-04  size(V,2)=   600
iter=   272  rel‖R‖=  1.097e-04  size(V,2)=   200
iter=   273  rel‖R‖=  1.093e-04  size(V,2)=   300
iter=   274  rel‖R‖=  1.089e-04  size(V,2)=   400
iter=   275  rel‖R‖=  1.086e-04  size(V,2)=   500
iter=   276  rel‖R‖=  1.081e-04  size(V,2)=   600
iter=   277  rel‖R‖=  1.079e-04  size(V,2)=   200
iter=   278  rel‖R‖=  1.076e-04  size(V,2)=   300
iter=   279  rel‖R‖=  1.071e-04  size(V,2)=   400
iter=   280  rel‖R‖=  1.068e-04  size(V,2)=   500
iter=   281  rel‖R‖=  1.062e-04  size(V,2)=   600
iter=   282  rel‖R‖=  1.060e-04  size(V,2)=   200
iter=   283  rel‖R‖=  1.057e-04  size(V,2)=   300
iter=   284  rel‖R‖=  1.053e-04  size(V,2)=   400
iter=   285  rel‖R‖=  1.050e-04  size(V,2)=   500
iter=   286  rel‖R‖=  1.043e-04  size(V,2)=   600
iter=   287  rel‖R‖=  1.041e-04  size(V,2)=   200
iter=   288  rel‖R‖=  1.036e-04  size(V,2)=   300
iter=   289  rel‖R‖=  1.033e-04  size(V,2)=   400
iter=   290  rel‖R‖=  1.027e-04  size(V,2)=   500
iter=   291  rel‖R‖=  1.022e-04  size(V,2)=   600
iter=   292  rel‖R‖=  1.021e-04  size(V,2)=   200
iter=   293  rel‖R‖=  1.018e-04  size(V,2)=   300
iter=   294  rel‖R‖=  1.014e-04  size(V,2)=   400
iter=   295  rel‖R‖=  1.011e-04  size(V,2)=   500
iter=   296  rel‖R‖=  1.007e-04  size(V,2)=   600
iter=   297  rel‖R‖=  1.005e-04  size(V,2)=   200
iter=   298  rel‖R‖=  1.002e-04  size(V,2)=   300
iter=   299  rel‖R‖=  9.985e-05  size(V,2)=   400
converged!
847.869203 seconds (472.77 k allocations: 62.993 GiB, 0.87% gc time)
Total estimated FLOPs: 46211051246200

Reading exact Eigenvalues...
Reading eigenvalues from ../Eigenvalues_folder/eigenres_H2_RNDbasis1.jld2

Difference between Davidson and exact eigenvalues:
1×100 adjoint(::Vector{Float64}) with eltype Float64:
 1.42109e-14  2.13163e-14  -8.88178e-15  -3.55271e-15  4.44089e-15  -2.22045e-15  4.44089e-16  -5.77316e-15  1.77636e-15  -2.22045e-15  -8.43769e-15  2.22045e-15  3.9968e-15  5.32907e-15  2.22045e-15  -1.55431e-15  -5.77316e-15  3.33067e-15  3.21965e-15  -4.88498e-15  5.32907e-15  -4.88498e-15  3.44169e-15  -2.77556e-15  -1.83187e-15  2.33147e-15  -4.996e-15  -5.16254e-15  -2.94209e-15  3.60822e-15  -2.27596e-15  2.66454e-15  -8.88178e-16  -2.33147e-15  -4.4964e-15  2.16493e-15  -4.55191e-15  -4.10783e-15  2.91434e-15  1.47105e-15  -3.35842e-15  4.57967e-15  1.7486e-15  -5.27356e-16  8.32667e-17  1.52656e-15  6.10623e-16  1.249e-15  -5.82867e-16  5.35683e-15  -1.66533e-15  -2.60902e-15  -8.88178e-16  -5.13478e-15  -2.55351e-15  -4.69069e-15  2.52576e-15  -5.05151e-15  4.71845e-16  -1.66533e-15  5.1209e-15  -1.66533e-16  -4.51028e-15  -1.41553e-15  2.06779e-15  -2.56739e-15  2.35922e-15  1.11022e-15  5.50948e-15  4.19109e-15  -5.39846e-15  2.84495e-15  -3.42781e-15  -1.72085e-15  -1.02002e-15  -1.23512e-15  5.21111e-15  2.69923e-15  2.99066e-15  -1.70003e-15  5.39152e-15  -6.45317e-16  -1.45023e-15  2.94903e-15  -3.56659e-15  5.25274e-15  7.07767e-16  5.68295e-15  1.80633e-11  9.53543e-14  5.58206e-7  6.99133e-7  6.40826e-6  9.46502e-7  1.18608e-6  9.37003e-7  5.10854e-7  4.18787e-7  4.55591e-7  2.10829e-5
Running with l = 200
Davidson
iter=     1  rel‖R‖=  3.437e-03  size(V,2)=   200
iter=     2  rel‖R‖=  1.080e-03  size(V,2)=   400
iter=     3  rel‖R‖=  8.491e-04  size(V,2)=   600
iter=     4  rel‖R‖=  7.837e-04  size(V,2)=   800
iter=     5  rel‖R‖=  7.309e-04  size(V,2)=  1000
iter=     6  rel‖R‖=  6.906e-04  size(V,2)=  1200
iter=     7  rel‖R‖=  6.759e-04  size(V,2)=   400
iter=     8  rel‖R‖=  6.690e-04  size(V,2)=   600
iter=     9  rel‖R‖=  6.614e-04  size(V,2)=   800
iter=    10  rel‖R‖=  6.543e-04  size(V,2)=  1000
iter=    11  rel‖R‖=  6.456e-04  size(V,2)=  1200
iter=    12  rel‖R‖=  6.408e-04  size(V,2)=   400
iter=    13  rel‖R‖=  6.367e-04  size(V,2)=   600
iter=    14  rel‖R‖=  6.321e-04  size(V,2)=   800
iter=    15  rel‖R‖=  6.269e-04  size(V,2)=  1000
iter=    16  rel‖R‖=  6.205e-04  size(V,2)=  1200
iter=    17  rel‖R‖=  6.177e-04  size(V,2)=   400
iter=    18  rel‖R‖=  6.144e-04  size(V,2)=   600
iter=    19  rel‖R‖=  6.105e-04  size(V,2)=   800
iter=    20  rel‖R‖=  6.060e-04  size(V,2)=  1000
iter=    21  rel‖R‖=  6.013e-04  size(V,2)=  1200
iter=    22  rel‖R‖=  5.992e-04  size(V,2)=   400
iter=    23  rel‖R‖=  5.963e-04  size(V,2)=   600
iter=    24  rel‖R‖=  5.928e-04  size(V,2)=   800
iter=    25  rel‖R‖=  5.888e-04  size(V,2)=  1000
iter=    26  rel‖R‖=  5.834e-04  size(V,2)=  1200
iter=    27  rel‖R‖=  5.816e-04  size(V,2)=   400
iter=    28  rel‖R‖=  5.789e-04  size(V,2)=   600
iter=    29  rel‖R‖=  5.756e-04  size(V,2)=   800
iter=    30  rel‖R‖=  5.719e-04  size(V,2)=  1000
iter=    31  rel‖R‖=  5.675e-04  size(V,2)=  1200
iter=    32  rel‖R‖=  5.658e-04  size(V,2)=   400
iter=    33  rel‖R‖=  5.631e-04  size(V,2)=   600
iter=    34  rel‖R‖=  5.601e-04  size(V,2)=   800
iter=    35  rel‖R‖=  5.567e-04  size(V,2)=  1000
iter=    36  rel‖R‖=  5.523e-04  size(V,2)=  1200
iter=    37  rel‖R‖=  5.506e-04  size(V,2)=   400
iter=    38  rel‖R‖=  5.480e-04  size(V,2)=   600
iter=    39  rel‖R‖=  5.452e-04  size(V,2)=   800
iter=    40  rel‖R‖=  5.419e-04  size(V,2)=  1000
iter=    41  rel‖R‖=  5.381e-04  size(V,2)=  1200
iter=    42  rel‖R‖=  5.367e-04  size(V,2)=   400
iter=    43  rel‖R‖=  5.343e-04  size(V,2)=   600
iter=    44  rel‖R‖=  5.316e-04  size(V,2)=   800
iter=    45  rel‖R‖=  5.285e-04  size(V,2)=  1000
iter=    46  rel‖R‖=  5.247e-04  size(V,2)=  1200
iter=    47  rel‖R‖=  5.232e-04  size(V,2)=   400
iter=    48  rel‖R‖=  5.210e-04  size(V,2)=   600
iter=    49  rel‖R‖=  5.184e-04  size(V,2)=   800
iter=    50  rel‖R‖=  5.155e-04  size(V,2)=  1000
iter=    51  rel‖R‖=  5.118e-04  size(V,2)=  1200
iter=    52  rel‖R‖=  5.104e-04  size(V,2)=   400
iter=    53  rel‖R‖=  5.084e-04  size(V,2)=   600
iter=    54  rel‖R‖=  5.060e-04  size(V,2)=   800
iter=    55  rel‖R‖=  5.032e-04  size(V,2)=  1000
iter=    56  rel‖R‖=  4.999e-04  size(V,2)=  1200
iter=    57  rel‖R‖=  4.987e-04  size(V,2)=   400
iter=    58  rel‖R‖=  4.966e-04  size(V,2)=   600
iter=    59  rel‖R‖=  4.943e-04  size(V,2)=   800
iter=    60  rel‖R‖=  4.918e-04  size(V,2)=  1000
iter=    61  rel‖R‖=  4.888e-04  size(V,2)=  1200
iter=    62  rel‖R‖=  4.876e-04  size(V,2)=   400
iter=    63  rel‖R‖=  4.859e-04  size(V,2)=   600
iter=    64  rel‖R‖=  4.836e-04  size(V,2)=   800
iter=    65  rel‖R‖=  4.811e-04  size(V,2)=  1000
iter=    66  rel‖R‖=  4.780e-04  size(V,2)=  1200
iter=    67  rel‖R‖=  4.769e-04  size(V,2)=   400
iter=    68  rel‖R‖=  4.751e-04  size(V,2)=   600
iter=    69  rel‖R‖=  4.730e-04  size(V,2)=   800
iter=    70  rel‖R‖=  4.706e-04  size(V,2)=  1000
iter=    71  rel‖R‖=  4.676e-04  size(V,2)=  1200
iter=    72  rel‖R‖=  4.665e-04  size(V,2)=   400
iter=    73  rel‖R‖=  4.647e-04  size(V,2)=   600
iter=    74  rel‖R‖=  4.626e-04  size(V,2)=   800
iter=    75  rel‖R‖=  4.603e-04  size(V,2)=  1000
iter=    76  rel‖R‖=  4.576e-04  size(V,2)=  1200
iter=    77  rel‖R‖=  4.566e-04  size(V,2)=   400
iter=    78  rel‖R‖=  4.550e-04  size(V,2)=   600
iter=    79  rel‖R‖=  4.532e-04  size(V,2)=   800
iter=    80  rel‖R‖=  4.509e-04  size(V,2)=  1000
iter=    81  rel‖R‖=  4.483e-04  size(V,2)=  1200
iter=    82  rel‖R‖=  4.472e-04  size(V,2)=   400
iter=    83  rel‖R‖=  4.456e-04  size(V,2)=   600
iter=    84  rel‖R‖=  4.436e-04  size(V,2)=   800
iter=    85  rel‖R‖=  4.415e-04  size(V,2)=  1000
iter=    86  rel‖R‖=  4.389e-04  size(V,2)=  1200
iter=    87  rel‖R‖=  4.380e-04  size(V,2)=   400
iter=    88  rel‖R‖=  4.365e-04  size(V,2)=   600
iter=    89  rel‖R‖=  4.345e-04  size(V,2)=   800
iter=    90  rel‖R‖=  4.324e-04  size(V,2)=  1000
iter=    91  rel‖R‖=  4.297e-04  size(V,2)=  1200
iter=    92  rel‖R‖=  4.285e-04  size(V,2)=   400
iter=    93  rel‖R‖=  4.270e-04  size(V,2)=   600
iter=    94  rel‖R‖=  4.251e-04  size(V,2)=   800
iter=    95  rel‖R‖=  4.231e-04  size(V,2)=  1000
iter=    96  rel‖R‖=  4.206e-04  size(V,2)=  1200
iter=    97  rel‖R‖=  4.197e-04  size(V,2)=   400
iter=    98  rel‖R‖=  4.182e-04  size(V,2)=   600
iter=    99  rel‖R‖=  4.165e-04  size(V,2)=   800
iter=   100  rel‖R‖=  4.145e-04  size(V,2)=  1000
iter=   101  rel‖R‖=  4.123e-04  size(V,2)=  1200
iter=   102  rel‖R‖=  4.113e-04  size(V,2)=   400
iter=   103  rel‖R‖=  4.099e-04  size(V,2)=   600
iter=   104  rel‖R‖=  4.083e-04  size(V,2)=   800
iter=   105  rel‖R‖=  4.065e-04  size(V,2)=  1000
iter=   106  rel‖R‖=  4.043e-04  size(V,2)=  1200
iter=   107  rel‖R‖=  4.035e-04  size(V,2)=   400
iter=   108  rel‖R‖=  4.022e-04  size(V,2)=   600
iter=   109  rel‖R‖=  4.006e-04  size(V,2)=   800
iter=   110  rel‖R‖=  3.987e-04  size(V,2)=  1000
iter=   111  rel‖R‖=  3.966e-04  size(V,2)=  1200
iter=   112  rel‖R‖=  3.959e-04  size(V,2)=   400
iter=   113  rel‖R‖=  3.945e-04  size(V,2)=   600
iter=   114  rel‖R‖=  3.930e-04  size(V,2)=   800
iter=   115  rel‖R‖=  3.912e-04  size(V,2)=  1000
iter=   116  rel‖R‖=  3.892e-04  size(V,2)=  1200
iter=   117  rel‖R‖=  3.884e-04  size(V,2)=   400
iter=   118  rel‖R‖=  3.871e-04  size(V,2)=   600
iter=   119  rel‖R‖=  3.855e-04  size(V,2)=   800
iter=   120  rel‖R‖=  3.838e-04  size(V,2)=  1000
iter=   121  rel‖R‖=  3.818e-04  size(V,2)=  1200
iter=   122  rel‖R‖=  3.811e-04  size(V,2)=   400
iter=   123  rel‖R‖=  3.798e-04  size(V,2)=   600
iter=   124  rel‖R‖=  3.783e-04  size(V,2)=   800
iter=   125  rel‖R‖=  3.766e-04  size(V,2)=  1000
iter=   126  rel‖R‖=  3.746e-04  size(V,2)=  1200
iter=   127  rel‖R‖=  3.740e-04  size(V,2)=   400
iter=   128  rel‖R‖=  3.727e-04  size(V,2)=   600
iter=   129  rel‖R‖=  3.713e-04  size(V,2)=   800
iter=   130  rel‖R‖=  3.697e-04  size(V,2)=  1000
iter=   131  rel‖R‖=  3.678e-04  size(V,2)=  1200
iter=   132  rel‖R‖=  3.671e-04  size(V,2)=   400
iter=   133  rel‖R‖=  3.659e-04  size(V,2)=   600
iter=   134  rel‖R‖=  3.646e-04  size(V,2)=   800
iter=   135  rel‖R‖=  3.630e-04  size(V,2)=  1000
iter=   136  rel‖R‖=  3.612e-04  size(V,2)=  1200
iter=   137  rel‖R‖=  3.606e-04  size(V,2)=   400
iter=   138  rel‖R‖=  3.595e-04  size(V,2)=   600
iter=   139  rel‖R‖=  3.582e-04  size(V,2)=   800
iter=   140  rel‖R‖=  3.565e-04  size(V,2)=  1000
iter=   141  rel‖R‖=  3.547e-04  size(V,2)=  1200
iter=   142  rel‖R‖=  3.540e-04  size(V,2)=   400
iter=   143  rel‖R‖=  3.529e-04  size(V,2)=   600
iter=   144  rel‖R‖=  3.516e-04  size(V,2)=   800
iter=   145  rel‖R‖=  3.501e-04  size(V,2)=  1000
iter=   146  rel‖R‖=  3.483e-04  size(V,2)=  1200
iter=   147  rel‖R‖=  3.477e-04  size(V,2)=   400
iter=   148  rel‖R‖=  3.467e-04  size(V,2)=   600
iter=   149  rel‖R‖=  3.453e-04  size(V,2)=   800
iter=   150  rel‖R‖=  3.438e-04  size(V,2)=  1000
iter=   151  rel‖R‖=  3.420e-04  size(V,2)=  1200
iter=   152  rel‖R‖=  3.414e-04  size(V,2)=   400
iter=   153  rel‖R‖=  3.404e-04  size(V,2)=   600
iter=   154  rel‖R‖=  3.391e-04  size(V,2)=   800
iter=   155  rel‖R‖=  3.377e-04  size(V,2)=  1000
iter=   156  rel‖R‖=  3.361e-04  size(V,2)=  1200
iter=   157  rel‖R‖=  3.354e-04  size(V,2)=   400
iter=   158  rel‖R‖=  3.345e-04  size(V,2)=   600
iter=   159  rel‖R‖=  3.333e-04  size(V,2)=   800
iter=   160  rel‖R‖=  3.319e-04  size(V,2)=  1000
iter=   161  rel‖R‖=  3.303e-04  size(V,2)=  1200
iter=   162  rel‖R‖=  3.297e-04  size(V,2)=   400
iter=   163  rel‖R‖=  3.287e-04  size(V,2)=   600
iter=   164  rel‖R‖=  3.276e-04  size(V,2)=   800
iter=   165  rel‖R‖=  3.262e-04  size(V,2)=  1000
iter=   166  rel‖R‖=  3.247e-04  size(V,2)=  1200
iter=   167  rel‖R‖=  3.241e-04  size(V,2)=   400
iter=   168  rel‖R‖=  3.231e-04  size(V,2)=   600
iter=   169  rel‖R‖=  3.219e-04  size(V,2)=   800
iter=   170  rel‖R‖=  3.206e-04  size(V,2)=  1000
iter=   171  rel‖R‖=  3.191e-04  size(V,2)=  1200
iter=   172  rel‖R‖=  3.186e-04  size(V,2)=   400
iter=   173  rel‖R‖=  3.177e-04  size(V,2)=   600
iter=   174  rel‖R‖=  3.166e-04  size(V,2)=   800
iter=   175  rel‖R‖=  3.153e-04  size(V,2)=  1000
iter=   176  rel‖R‖=  3.138e-04  size(V,2)=  1200
iter=   177  rel‖R‖=  3.133e-04  size(V,2)=   400
iter=   178  rel‖R‖=  3.124e-04  size(V,2)=   600
iter=   179  rel‖R‖=  3.114e-04  size(V,2)=   800
iter=   180  rel‖R‖=  3.102e-04  size(V,2)=  1000
iter=   181  rel‖R‖=  3.087e-04  size(V,2)=  1200
iter=   182  rel‖R‖=  3.082e-04  size(V,2)=   400
iter=   183  rel‖R‖=  3.073e-04  size(V,2)=   600
iter=   184  rel‖R‖=  3.063e-04  size(V,2)=   800
iter=   185  rel‖R‖=  3.050e-04  size(V,2)=  1000
iter=   186  rel‖R‖=  3.035e-04  size(V,2)=  1200
iter=   187  rel‖R‖=  3.030e-04  size(V,2)=   400
iter=   188  rel‖R‖=  3.022e-04  size(V,2)=   600
iter=   189  rel‖R‖=  3.011e-04  size(V,2)=   800
iter=   190  rel‖R‖=  2.998e-04  size(V,2)=  1000
iter=   191  rel‖R‖=  2.984e-04  size(V,2)=  1200
iter=   192  rel‖R‖=  2.980e-04  size(V,2)=   400
iter=   193  rel‖R‖=  2.971e-04  size(V,2)=   600
iter=   194  rel‖R‖=  2.961e-04  size(V,2)=   800
iter=   195  rel‖R‖=  2.949e-04  size(V,2)=  1000
iter=   196  rel‖R‖=  2.935e-04  size(V,2)=  1200
iter=   197  rel‖R‖=  2.930e-04  size(V,2)=   400
iter=   198  rel‖R‖=  2.922e-04  size(V,2)=   600
iter=   199  rel‖R‖=  2.911e-04  size(V,2)=   800
iter=   200  rel‖R‖=  2.900e-04  size(V,2)=  1000
iter=   201  rel‖R‖=  2.886e-04  size(V,2)=  1200
iter=   202  rel‖R‖=  2.882e-04  size(V,2)=   400
iter=   203  rel‖R‖=  2.873e-04  size(V,2)=   600
iter=   204  rel‖R‖=  2.864e-04  size(V,2)=   800
iter=   205  rel‖R‖=  2.853e-04  size(V,2)=  1000
iter=   206  rel‖R‖=  2.839e-04  size(V,2)=  1200
iter=   207  rel‖R‖=  2.834e-04  size(V,2)=   400
iter=   208  rel‖R‖=  2.827e-04  size(V,2)=   600
iter=   209  rel‖R‖=  2.817e-04  size(V,2)=   800
iter=   210  rel‖R‖=  2.806e-04  size(V,2)=  1000
iter=   211  rel‖R‖=  2.793e-04  size(V,2)=  1200
iter=   212  rel‖R‖=  2.789e-04  size(V,2)=   400
iter=   213  rel‖R‖=  2.781e-04  size(V,2)=   600
iter=   214  rel‖R‖=  2.772e-04  size(V,2)=   800
iter=   215  rel‖R‖=  2.761e-04  size(V,2)=  1000
iter=   216  rel‖R‖=  2.748e-04  size(V,2)=  1200
iter=   217  rel‖R‖=  2.744e-04  size(V,2)=   400
iter=   218  rel‖R‖=  2.737e-04  size(V,2)=   600
iter=   219  rel‖R‖=  2.728e-04  size(V,2)=   800
iter=   220  rel‖R‖=  2.717e-04  size(V,2)=  1000
iter=   221  rel‖R‖=  2.704e-04  size(V,2)=  1200
iter=   222  rel‖R‖=  2.700e-04  size(V,2)=   400
iter=   223  rel‖R‖=  2.693e-04  size(V,2)=   600
iter=   224  rel‖R‖=  2.684e-04  size(V,2)=   800
iter=   225  rel‖R‖=  2.673e-04  size(V,2)=  1000
iter=   226  rel‖R‖=  2.662e-04  size(V,2)=  1200
iter=   227  rel‖R‖=  2.657e-04  size(V,2)=   400
iter=   228  rel‖R‖=  2.650e-04  size(V,2)=   600
iter=   229  rel‖R‖=  2.641e-04  size(V,2)=   800
iter=   230  rel‖R‖=  2.632e-04  size(V,2)=  1000
iter=   231  rel‖R‖=  2.620e-04  size(V,2)=  1200
iter=   232  rel‖R‖=  2.616e-04  size(V,2)=   400
iter=   233  rel‖R‖=  2.608e-04  size(V,2)=   600
iter=   234  rel‖R‖=  2.600e-04  size(V,2)=   800
iter=   235  rel‖R‖=  2.590e-04  size(V,2)=  1000
iter=   236  rel‖R‖=  2.578e-04  size(V,2)=  1200
iter=   237  rel‖R‖=  2.574e-04  size(V,2)=   400
