Processing molecule: formaldehyde
Running with beta = 25
Running with l = 60
Starting Davidson with n_aux = 400, l_buffer = 117, thresh = 1.5000000000000002e-5, max_iter = 5000
Iter 1: V_size = 32, Converged = 0, ‖r‖ (largest λ) = 0.8656922926223112
Iter 2: V_size = 64, Converged = 0, ‖r‖ (largest λ) = 0.18084421183679666
Iter 3: V_size = 128, Converged = 0, ‖r‖ (largest λ) = 0.060623910912410116
Iter 4: V_size = 245, Converged = 0, ‖r‖ (largest λ) = 0.0362095401088783
Iter 5: V_size = 362, Converged = 0, ‖r‖ (largest λ) = 0.4011084621124774
Iter 6: V_size = 234, Converged = 0, ‖r‖ (largest λ) = 0.20121843578863496
EV   1 converged λ = -735.4153437081, ‖r‖ = 7.37e-13, stable for 3 iters
EV   2 converged λ = -611.6773615864, ‖r‖ = 7.55e-13, stable for 3 iters
EV   3 converged λ = -594.7742412739, ‖r‖ = 9.74e-13, stable for 3 iters
EV   4 converged λ = -178.9518495502, ‖r‖ = 1.34e-10, stable for 3 iters
EV   5 converged λ = -167.9280307310, ‖r‖ = 3.35e-10, stable for 3 iters
Iter 7: V_size = 346, Converged = 5, ‖r‖ (largest λ) = 0.043745528899561056
Iter 8: V_size = 224, Converged = 5, ‖r‖ (largest λ) = 0.02138982120214002
Iter 9: V_size = 336, Converged = 5, ‖r‖ (largest λ) = 0.3161341454863022
Iter 10: V_size = 224, Converged = 5, ‖r‖ (largest λ) = 0.15772003052605216
EV   6 converged λ = -139.8613654990, ‖r‖ = 1.65e-13, stable for 3 iters
EV   7 converged λ = -134.6090002247, ‖r‖ = 1.35e-13, stable for 3 iters
EV   8 converged λ = -131.6601989757, ‖r‖ = 1.35e-13, stable for 3 iters
EV   9 converged λ = -89.1246093928, ‖r‖ = 1.12e-13, stable for 3 iters
EV  10 converged λ = -85.0975968389, ‖r‖ = 8.04e-14, stable for 3 iters
EV  11 converged λ = -63.1374088909, ‖r‖ = 1.00e-13, stable for 3 iters
EV  12 converged λ = -46.3616597076, ‖r‖ = 5.02e-14, stable for 3 iters
EV  13 converged λ = -45.8340340820, ‖r‖ = 4.26e-14, stable for 3 iters
EV  14 converged λ = -45.3851815451, ‖r‖ = 2.02e-13, stable for 3 iters
EV  15 converged λ = -36.3324001585, ‖r‖ = 1.17e-13, stable for 3 iters
EV  16 converged λ = -31.1572242298, ‖r‖ = 7.04e-14, stable for 3 iters
EV  17 converged λ = -27.4351946096, ‖r‖ = 9.69e-14, stable for 3 iters
EV  18 converged λ = -25.6627957975, ‖r‖ = 6.74e-14, stable for 3 iters
EV  19 converged λ = -24.7580637576, ‖r‖ = 5.94e-14, stable for 3 iters
EV  20 converged λ = -19.9884918895, ‖r‖ = 3.54e-13, stable for 3 iters
EV  21 converged λ = -19.4865336759, ‖r‖ = 1.65e-13, stable for 3 iters
EV  22 converged λ = -18.1142002056, ‖r‖ = 5.10e-13, stable for 3 iters
EV  23 converged λ = -17.2609173950, ‖r‖ = 2.08e-12, stable for 3 iters
EV  24 converged λ = -16.3526879910, ‖r‖ = 2.97e-13, stable for 3 iters
EV  25 converged λ = -16.2829937153, ‖r‖ = 1.20e-12, stable for 3 iters
EV  26 converged λ = -16.1152499782, ‖r‖ = 8.47e-13, stable for 3 iters
EV  27 converged λ = -15.4658967762, ‖r‖ = 4.26e-12, stable for 3 iters
EV  28 converged λ = -14.3190661649, ‖r‖ = 4.79e-12, stable for 3 iters
EV  29 converged λ = -13.7222574537, ‖r‖ = 3.86e-12, stable for 3 iters
EV  30 converged λ = -13.6825129287, ‖r‖ = 2.85e-12, stable for 3 iters
EV  31 converged λ = -13.5269622006, ‖r‖ = 3.93e-12, stable for 3 iters
EV  32 converged λ = -12.8445327967, ‖r‖ = 5.71e-12, stable for 3 iters
EV  33 converged λ = -12.7590433135, ‖r‖ = 1.10e-11, stable for 3 iters
EV  34 converged λ = -11.9681742753, ‖r‖ = 1.36e-11, stable for 3 iters
EV  35 converged λ = -11.8045444347, ‖r‖ = 2.75e-11, stable for 3 iters
EV  36 converged λ = -11.7043630519, ‖r‖ = 9.37e-12, stable for 3 iters
EV  37 converged λ = -9.8477604663, ‖r‖ = 7.29e-11, stable for 3 iters
EV  38 converged λ = -9.7475907440, ‖r‖ = 4.32e-11, stable for 3 iters
EV  39 converged λ = -9.6326196688, ‖r‖ = 3.42e-11, stable for 3 iters
EV  40 converged λ = -9.4947928788, ‖r‖ = 1.18e-10, stable for 3 iters
EV  41 converged λ = -9.4656609716, ‖r‖ = 1.13e-10, stable for 3 iters
EV  42 converged λ = -7.7273393554, ‖r‖ = 5.83e-10, stable for 3 iters
EV  43 converged λ = -6.8329402410, ‖r‖ = 2.43e-09, stable for 3 iters
EV  44 converged λ = -6.6283479163, ‖r‖ = 1.84e-09, stable for 3 iters
EV  45 converged λ = -6.5857751728, ‖r‖ = 1.22e-09, stable for 3 iters
EV  46 converged λ = -6.5384346765, ‖r‖ = 2.25e-09, stable for 3 iters
EV  47 converged λ = -6.2223720999, ‖r‖ = 2.69e-09, stable for 3 iters
EV  48 converged λ = -5.7891716333, ‖r‖ = 3.83e-09, stable for 3 iters
EV  49 converged λ = -5.7190116271, ‖r‖ = 4.50e-09, stable for 3 iters
EV  50 converged λ = -5.2281211943, ‖r‖ = 6.63e-09, stable for 3 iters
EV  51 converged λ = -5.0399288323, ‖r‖ = 8.46e-09, stable for 3 iters
EV  52 converged λ = -4.7875655256, ‖r‖ = 1.69e-08, stable for 3 iters
EV  53 converged λ = -4.7814412997, ‖r‖ = 3.21e-08, stable for 3 iters
EV  54 converged λ = -4.6652046289, ‖r‖ = 1.18e-08, stable for 3 iters
EV  55 converged λ = -4.6211801649, ‖r‖ = 3.90e-08, stable for 3 iters
EV  56 converged λ = -4.5200151779, ‖r‖ = 4.15e-08, stable for 3 iters
EV  57 converged λ = -4.4887209643, ‖r‖ = 6.84e-08, stable for 3 iters
EV  58 converged λ = -4.0926204594, ‖r‖ = 9.94e-08, stable for 3 iters
EV  59 converged λ = -4.0016558086, ‖r‖ = 9.55e-08, stable for 3 iters
EV  60 converged λ = -3.8956052658, ‖r‖ = 7.15e-08, stable for 3 iters
EV  61 converged λ = -3.6818135644, ‖r‖ = 1.23e-07, stable for 3 iters
EV  62 converged λ = -3.5017397078, ‖r‖ = 1.19e-07, stable for 3 iters
EV  63 converged λ = -3.4639860049, ‖r‖ = 7.30e-08, stable for 3 iters
EV  64 converged λ = -3.4531110699, ‖r‖ = 2.61e-07, stable for 3 iters
EV  65 converged λ = -3.3992914116, ‖r‖ = 2.40e-07, stable for 3 iters
EV  66 converged λ = -3.2422680056, ‖r‖ = 3.10e-07, stable for 3 iters
EV  67 converged λ = -3.2166850239, ‖r‖ = 2.68e-07, stable for 3 iters
EV  68 converged λ = -3.1850934965, ‖r‖ = 3.64e-07, stable for 3 iters
Iter 11: V_size = 273, Converged = 68, ‖r‖ (largest λ) = 0.06056381415167806
Iter 12: V_size = 322, Converged = 68, ‖r‖ (largest λ) = 7.852016091772748
Lowest 60 eigenvalues are isolated and converged. Stopping.
292.503197 seconds (3.63 M allocations: 244.900 GiB, 0.51% gc time, 0.30% compilation time)
Number of FLOPs: 6139456358587

Reading exact Eigenvalues...
Reading eigenvalues from ../Eigenvalues_folder/eigenres_formaldehyde_RNDbasis1.jld2

Compute the difference between computed and exact eigenvalues:
  1: 27.1185424333 (computed) - 27.1185424333 (exact) = -7.1054e-15
  2: 24.7321119516 (computed) - 24.7321119516 (exact) = -1.0658e-14
  3: 24.3879937935 (computed) - 24.3879937935 (exact) =  1.4211e-14
  4: 13.3772885724 (computed) - 13.3772885724 (exact) = -3.5527e-15
  5: 12.9587048246 (computed) - 12.9587048246 (exact) = -5.3291e-15
  6: 11.8262997383 (computed) - 11.8262997383 (exact) =  0.0000e+00
  7: 11.6021118864 (computed) - 11.6021118864 (exact) =  7.1054e-15
  8: 11.4743278224 (computed) - 11.4743278224 (exact) = -1.2434e-14
  9: 9.4405831066 (computed) - 9.4405831066 (exact) =  1.7764e-15
 10: 9.2248358706 (computed) - 9.2248358706 (exact) =  1.7764e-15
 11: 7.9459051650 (computed) - 7.9459051650 (exact) = -4.4409e-15
 12: 6.8089396904 (computed) - 6.8089396904 (exact) = -8.8818e-16
 13: 6.7700837574 (computed) - 6.7700837574 (exact) =  0.0000e+00
 14: 6.7368524954 (computed) - 6.7368524954 (exact) =  2.6645e-15
 15: 6.0276363658 (computed) - 6.0276363658 (exact) = -2.6645e-15
 16: 5.5818656585 (computed) - 5.5818656585 (exact) =  8.8818e-16
 17: 5.2378616448 (computed) - 5.2378616448 (exact) =  1.7764e-15
 18: 5.0658460100 (computed) - 5.0658460100 (exact) =  1.7764e-15
 19: 4.9757475577 (computed) - 4.9757475577 (exact) =  0.0000e+00
 20: 4.4708491240 (computed) - 4.4708491240 (exact) =  0.0000e+00
 21: 4.4143554089 (computed) - 4.4143554089 (exact) =  2.6645e-15
 22: 4.2560780310 (computed) - 4.2560780310 (exact) =  0.0000e+00
 23: 4.1546260235 (computed) - 4.1546260235 (exact) =  0.0000e+00
 24: 4.0438456933 (computed) - 4.0438456933 (exact) = -2.6645e-15
 25: 4.0352191657 (computed) - 4.0352191657 (exact) =  1.7764e-15
 26: 4.0143803978 (computed) - 4.0143803978 (exact) = -8.8818e-16
 27: 3.9326704383 (computed) - 3.9326704383 (exact) =  1.7764e-15
 28: 3.7840541969 (computed) - 3.7840541969 (exact) = -4.4409e-16
 29: 3.7043565506 (computed) - 3.7043565506 (exact) =  1.7764e-15
 30: 3.6989880952 (computed) - 3.6989880952 (exact) =  2.2204e-15
 31: 3.6779018748 (computed) - 3.6779018748 (exact) = -3.1086e-15
 32: 3.5839270077 (computed) - 3.5839270077 (exact) = -8.8818e-16
 33: 3.5719803070 (computed) - 3.5719803070 (exact) =  4.4409e-16
 34: 3.4595049177 (computed) - 3.4595049177 (exact) = -8.8818e-16
 35: 3.4357742118 (computed) - 3.4357742118 (exact) = -1.7764e-15
 36: 3.4211639908 (computed) - 3.4211639908 (exact) =  0.0000e+00
 37: 3.1381141576 (computed) - 3.1381141576 (exact) = -1.3323e-15
 38: 3.1221131856 (computed) - 3.1221131856 (exact) =  0.0000e+00
 39: 3.1036461894 (computed) - 3.1036461894 (exact) = -1.3323e-15
 40: 3.0813621791 (computed) - 3.0813621791 (exact) =  4.4409e-15
 41: 3.0766314325 (computed) - 3.0766314325 (exact) = -8.8818e-16
 42: 2.7798092300 (computed) - 2.7798092300 (exact) = -2.6645e-15
 43: 2.6139893345 (computed) - 2.6139893345 (exact) = -4.4409e-15
 44: 2.5745578099 (computed) - 2.5745578099 (exact) =  1.3323e-15
 45: 2.5662765192 (computed) - 2.5662765192 (exact) =  2.2204e-15
 46: 2.5570363072 (computed) - 2.5570363072 (exact) =  4.4409e-16
 47: 2.4944683000 (computed) - 2.4944683000 (exact) =  8.8818e-16
 48: 2.4060697482 (computed) - 2.4060697482 (exact) =  2.2204e-15
 49: 2.3914455100 (computed) - 2.3914455100 (exact) = -8.8818e-16
 50: 2.2865085161 (computed) - 2.2865085161 (exact) =  0.0000e+00
 51: 2.2449785817 (computed) - 2.2449785817 (exact) =  0.0000e+00
 52: 2.1880506223 (computed) - 2.1880506223 (exact) = -4.4409e-16
 53: 2.1866507036 (computed) - 2.1866507036 (exact) = -1.7764e-15
 54: 2.1599084770 (computed) - 2.1599084770 (exact) =  4.4409e-16
 55: 2.1496930397 (computed) - 2.1496930397 (exact) = -4.4409e-16
 56: 2.1260327321 (computed) - 2.1260327321 (exact) =  1.3323e-15
 57: 2.1186601814 (computed) - 2.1186601814 (exact) =  2.6645e-15
 58: 2.0230226048 (computed) - 2.0230226048 (exact) = -4.4409e-16
 59: 2.0004139093 (computed) - 2.0004139093 (exact) =  4.4409e-16
 60: 1.9737287721 (computed) - 1.9737287721 (exact) = -8.8818e-16
60 Eigenvalues converges, out of 60 requested.
Running with l = 300
Starting Davidson with n_aux = 750, l_buffer = 585, thresh = 2.0e-5, max_iter = 5000
Iter 1: V_size = 60, Converged = 0, ‖r‖ (largest λ) = 0.26486861963827185
Iter 2: V_size = 120, Converged = 0, ‖r‖ (largest λ) = 0.06605965136343936
Iter 3: V_size = 240, Converged = 0, ‖r‖ (largest λ) = 0.024614027791462368
Iter 4: V_size = 480, Converged = 0, ‖r‖ (largest λ) = 0.005532686722171159
Iter 5: V_size = 750, Converged = 0, ‖r‖ (largest λ) = 0.0006166304238302248
EV   1 converged λ = -735.4153437081, ‖r‖ = 1.08e-12, stable for 3 iters
EV   2 converged λ = -611.6773615864, ‖r‖ = 2.16e-12, stable for 3 iters
EV   3 converged λ = -594.7742412739, ‖r‖ = 1.11e-12, stable for 3 iters
Iter 6: V_size = 750, Converged = 3, ‖r‖ (largest λ) = 0.0005883106126457644
Iter 7: V_size = 750, Converged = 3, ‖r‖ (largest λ) = 0.0007522034954392954
Iter 8: V_size = 750, Converged = 3, ‖r‖ (largest λ) = 0.0011560382911865973
EV   4 converged λ = -178.9518495502, ‖r‖ = 1.70e-13, stable for 3 iters
EV   5 converged λ = -167.9280307310, ‖r‖ = 1.17e-13, stable for 3 iters
EV   6 converged λ = -139.8613654990, ‖r‖ = 1.30e-13, stable for 3 iters
EV   7 converged λ = -134.6090002247, ‖r‖ = 1.14e-13, stable for 3 iters
EV   8 converged λ = -131.6601989757, ‖r‖ = 1.70e-13, stable for 3 iters
EV   9 converged λ = -89.1246093928, ‖r‖ = 1.02e-13, stable for 3 iters
EV  10 converged λ = -85.0975968389, ‖r‖ = 1.08e-13, stable for 3 iters
EV  11 converged λ = -63.1374088909, ‖r‖ = 9.83e-14, stable for 3 iters
EV  12 converged λ = -46.3616597076, ‖r‖ = 7.68e-14, stable for 3 iters
EV  13 converged λ = -45.8340340820, ‖r‖ = 4.96e-14, stable for 3 iters
EV  14 converged λ = -45.3851815451, ‖r‖ = 2.02e-13, stable for 3 iters
EV  15 converged λ = -36.3324001585, ‖r‖ = 1.48e-13, stable for 3 iters
EV  16 converged λ = -31.1572242298, ‖r‖ = 6.17e-14, stable for 3 iters
EV  17 converged λ = -27.4351946096, ‖r‖ = 7.38e-14, stable for 3 iters
EV  18 converged λ = -25.6627957975, ‖r‖ = 5.12e-14, stable for 3 iters
EV  19 converged λ = -24.7580637576, ‖r‖ = 5.50e-14, stable for 3 iters
EV  20 converged λ = -19.9884918895, ‖r‖ = 1.56e-13, stable for 3 iters
EV  21 converged λ = -19.4865336759, ‖r‖ = 9.20e-14, stable for 3 iters
EV  22 converged λ = -18.1142002056, ‖r‖ = 3.86e-14, stable for 3 iters
EV  23 converged λ = -17.2609173950, ‖r‖ = 5.37e-14, stable for 3 iters
EV  24 converged λ = -16.3526879910, ‖r‖ = 4.25e-14, stable for 3 iters
EV  25 converged λ = -16.2829937153, ‖r‖ = 4.02e-14, stable for 3 iters
EV  26 converged λ = -16.1152499782, ‖r‖ = 9.58e-14, stable for 3 iters
EV  27 converged λ = -15.4658967762, ‖r‖ = 5.91e-14, stable for 3 iters
EV  28 converged λ = -14.3190661649, ‖r‖ = 5.53e-14, stable for 3 iters
EV  29 converged λ = -13.7222574537, ‖r‖ = 3.81e-14, stable for 3 iters
EV  30 converged λ = -13.6825129287, ‖r‖ = 2.80e-14, stable for 3 iters
EV  31 converged λ = -13.5269622006, ‖r‖ = 5.37e-14, stable for 3 iters
EV  32 converged λ = -12.8445327967, ‖r‖ = 5.84e-14, stable for 3 iters
EV  33 converged λ = -12.7590433135, ‖r‖ = 9.01e-14, stable for 3 iters
EV  34 converged λ = -11.9681742753, ‖r‖ = 3.39e-14, stable for 3 iters
EV  35 converged λ = -11.8045444347, ‖r‖ = 4.39e-14, stable for 3 iters
EV  36 converged λ = -11.7043630519, ‖r‖ = 3.05e-14, stable for 3 iters
EV  37 converged λ = -9.8477604663, ‖r‖ = 4.43e-14, stable for 3 iters
EV  38 converged λ = -9.7475907440, ‖r‖ = 3.81e-14, stable for 3 iters
EV  39 converged λ = -9.6326196688, ‖r‖ = 4.44e-14, stable for 3 iters
EV  40 converged λ = -9.4947928788, ‖r‖ = 3.76e-14, stable for 3 iters
EV  41 converged λ = -9.4656609716, ‖r‖ = 5.57e-14, stable for 3 iters
EV  42 converged λ = -7.7273393554, ‖r‖ = 6.88e-14, stable for 3 iters
EV  43 converged λ = -6.8329402410, ‖r‖ = 1.20e-13, stable for 3 iters
EV  44 converged λ = -6.6283479163, ‖r‖ = 2.04e-13, stable for 3 iters
EV  45 converged λ = -6.5857751728, ‖r‖ = 2.74e-13, stable for 3 iters
EV  46 converged λ = -6.5384346765, ‖r‖ = 1.50e-13, stable for 3 iters
EV  47 converged λ = -6.2223720999, ‖r‖ = 3.83e-13, stable for 3 iters
EV  48 converged λ = -5.7891716333, ‖r‖ = 4.16e-13, stable for 3 iters
EV  49 converged λ = -5.7190116271, ‖r‖ = 5.03e-13, stable for 3 iters
EV  50 converged λ = -5.2281211943, ‖r‖ = 7.30e-13, stable for 3 iters
EV  51 converged λ = -5.0399288323, ‖r‖ = 6.09e-13, stable for 3 iters
EV  52 converged λ = -4.7875655256, ‖r‖ = 1.71e-12, stable for 3 iters
EV  53 converged λ = -4.7814412997, ‖r‖ = 7.18e-13, stable for 3 iters
EV  54 converged λ = -4.6652046289, ‖r‖ = 8.81e-13, stable for 3 iters
EV  55 converged λ = -4.6211801649, ‖r‖ = 1.88e-12, stable for 3 iters
EV  56 converged λ = -4.5200151779, ‖r‖ = 9.93e-13, stable for 3 iters
EV  57 converged λ = -4.4887209643, ‖r‖ = 1.64e-12, stable for 3 iters
EV  58 converged λ = -4.0926204594, ‖r‖ = 2.33e-12, stable for 3 iters
EV  59 converged λ = -4.0016558086, ‖r‖ = 2.24e-12, stable for 3 iters
EV  60 converged λ = -3.8956052658, ‖r‖ = 2.92e-12, stable for 3 iters
EV  61 converged λ = -3.6818135644, ‖r‖ = 3.09e-12, stable for 3 iters
EV  62 converged λ = -3.5017397078, ‖r‖ = 8.59e-12, stable for 3 iters
EV  63 converged λ = -3.4639860049, ‖r‖ = 1.06e-11, stable for 3 iters
EV  64 converged λ = -3.4531110699, ‖r‖ = 9.06e-12, stable for 3 iters
EV  65 converged λ = -3.3992914116, ‖r‖ = 5.59e-12, stable for 3 iters
EV  66 converged λ = -3.2422680056, ‖r‖ = 8.59e-12, stable for 3 iters
EV  67 converged λ = -3.2166850239, ‖r‖ = 1.18e-11, stable for 3 iters
EV  68 converged λ = -3.2059831946, ‖r‖ = 1.10e-11, stable for 3 iters
EV  69 converged λ = -3.1850934965, ‖r‖ = 9.61e-12, stable for 3 iters
EV  70 converged λ = -2.9940284524, ‖r‖ = 1.16e-11, stable for 3 iters
EV  71 converged λ = -2.9546436079, ‖r‖ = 1.76e-11, stable for 3 iters
EV  72 converged λ = -2.7989965422, ‖r‖ = 2.80e-11, stable for 3 iters
EV  73 converged λ = -2.5911054675, ‖r‖ = 3.04e-11, stable for 3 iters
EV  74 converged λ = -2.5874491556, ‖r‖ = 2.98e-11, stable for 3 iters
EV  75 converged λ = -2.5841064740, ‖r‖ = 3.27e-11, stable for 3 iters
EV  76 converged λ = -2.5791171034, ‖r‖ = 3.96e-11, stable for 3 iters
EV  77 converged λ = -2.4400418247, ‖r‖ = 4.67e-11, stable for 3 iters
EV  78 converged λ = -2.4160896954, ‖r‖ = 3.13e-11, stable for 3 iters
EV  79 converged λ = -2.3103853971, ‖r‖ = 7.95e-11, stable for 3 iters
EV  80 converged λ = -2.3085424805, ‖r‖ = 6.55e-11, stable for 3 iters
EV  81 converged λ = -2.2988237692, ‖r‖ = 8.55e-11, stable for 3 iters
EV  82 converged λ = -2.2323334282, ‖r‖ = 7.79e-11, stable for 3 iters
EV  83 converged λ = -2.1395482969, ‖r‖ = 7.32e-10, stable for 3 iters
EV  84 converged λ = -2.0592220407, ‖r‖ = 8.91e-10, stable for 3 iters
EV  85 converged λ = -2.0457552827, ‖r‖ = 2.27e-09, stable for 3 iters
EV  86 converged λ = -2.0143000912, ‖r‖ = 2.57e-09, stable for 3 iters
EV  87 converged λ = -1.9846028434, ‖r‖ = 1.21e-09, stable for 3 iters
EV  88 converged λ = -1.9648320507, ‖r‖ = 3.05e-09, stable for 3 iters
EV  89 converged λ = -1.8894883747, ‖r‖ = 4.92e-09, stable for 3 iters
EV  90 converged λ = -1.8834034052, ‖r‖ = 2.63e-09, stable for 3 iters
EV  91 converged λ = -1.8609860247, ‖r‖ = 1.05e-09, stable for 3 iters
EV  92 converged λ = -1.8469613688, ‖r‖ = 6.57e-09, stable for 3 iters
EV  93 converged λ = -1.8218892034, ‖r‖ = 1.95e-09, stable for 3 iters
EV  94 converged λ = -1.7440793966, ‖r‖ = 3.41e-09, stable for 3 iters
EV  95 converged λ = -1.7109197497, ‖r‖ = 5.77e-09, stable for 3 iters
EV  96 converged λ = -1.7080984095, ‖r‖ = 5.77e-09, stable for 3 iters
EV  97 converged λ = -1.6989800034, ‖r‖ = 5.59e-09, stable for 3 iters
EV  98 converged λ = -1.5798655759, ‖r‖ = 1.21e-08, stable for 3 iters
EV  99 converged λ = -1.5333450950, ‖r‖ = 7.30e-09, stable for 3 iters
Iter 9: V_size = 750, Converged = 99, ‖r‖ (largest λ) = 0.002360192378915152
Iter 10: V_size = 750, Converged = 99, ‖r‖ (largest λ) = 0.002630390422377448
Iter 11: V_size = 750, Converged = 99, ‖r‖ (largest λ) = 0.002222430438600303
EV 100 converged λ = -1.5019950325, ‖r‖ = 3.05e-09, stable for 3 iters
EV 101 converged λ = -1.4349463721, ‖r‖ = 6.36e-09, stable for 3 iters
EV 102 converged λ = -1.4278863880, ‖r‖ = 2.98e-09, stable for 3 iters
EV 103 converged λ = -1.3913870881, ‖r‖ = 1.11e-08, stable for 3 iters
EV 104 converged λ = -1.3724487695, ‖r‖ = 1.00e-08, stable for 3 iters
EV 105 converged λ = -1.3225678602, ‖r‖ = 8.45e-09, stable for 3 iters
EV 106 converged λ = -1.3075266837, ‖r‖ = 8.75e-09, stable for 3 iters
EV 107 converged λ = -1.3068113409, ‖r‖ = 5.85e-09, stable for 3 iters
EV 108 converged λ = -1.3039428406, ‖r‖ = 8.49e-09, stable for 3 iters
EV 109 converged λ = -1.2912509441, ‖r‖ = 8.37e-09, stable for 3 iters
EV 110 converged λ = -1.2327042760, ‖r‖ = 2.62e-08, stable for 3 iters
EV 111 converged λ = -1.2021270203, ‖r‖ = 1.65e-07, stable for 3 iters
EV 112 converged λ = -1.1809464847, ‖r‖ = 7.70e-08, stable for 3 iters
EV 113 converged λ = -1.1444944994, ‖r‖ = 1.31e-07, stable for 3 iters
EV 114 converged λ = -1.1341477277, ‖r‖ = 6.26e-07, stable for 3 iters
EV 115 converged λ = -1.1080548267, ‖r‖ = 5.90e-07, stable for 3 iters
EV 116 converged λ = -1.0882254514, ‖r‖ = 1.82e-06, stable for 3 iters
EV 117 converged λ = -1.0854995363, ‖r‖ = 2.23e-06, stable for 3 iters
EV 118 converged λ = -1.0815813324, ‖r‖ = 3.08e-07, stable for 3 iters
EV 119 converged λ = -1.0453063721, ‖r‖ = 1.82e-06, stable for 3 iters
EV 120 converged λ = -1.0099053653, ‖r‖ = 4.84e-06, stable for 3 iters
EV 121 converged λ = -1.0017667977, ‖r‖ = 6.75e-06, stable for 3 iters
EV 122 converged λ = -0.9949906608, ‖r‖ = 6.67e-06, stable for 3 iters
EV 123 converged λ = -0.9811878378, ‖r‖ = 6.28e-06, stable for 3 iters
EV 124 converged λ = -0.9558483393, ‖r‖ = 7.91e-06, stable for 3 iters
EV 125 converged λ = -0.9491566539, ‖r‖ = 5.98e-06, stable for 3 iters
EV 126 converged λ = -0.9457814275, ‖r‖ = 7.66e-06, stable for 3 iters
EV 127 converged λ = -0.9093255856, ‖r‖ = 1.01e-05, stable for 3 iters
EV 128 converged λ = -0.8894285197, ‖r‖ = 1.36e-05, stable for 3 iters
EV 129 converged λ = -0.8618417495, ‖r‖ = 1.41e-05, stable for 3 iters
EV 130 converged λ = -0.8598145981, ‖r‖ = 1.45e-05, stable for 3 iters
EV 131 converged λ = -0.8595760832, ‖r‖ = 1.64e-05, stable for 3 iters
EV 132 converged λ = -0.8084311453, ‖r‖ = 1.52e-05, stable for 3 iters
Iter 12: V_size = 750, Converged = 132, ‖r‖ (largest λ) = 0.0020921900339008793
Iter 13: V_size = 750, Converged = 132, ‖r‖ (largest λ) = 0.0020124272401715023
Iter 14: V_size = 750, Converged = 132, ‖r‖ (largest λ) = 0.00196194912445053
EV 133 converged λ = -0.8007151160, ‖r‖ = 1.33e-05, stable for 3 iters
EV 134 converged λ = -0.7796579004, ‖r‖ = 1.73e-05, stable for 3 iters
EV 135 converged λ = -0.7720179258, ‖r‖ = 1.28e-05, stable for 3 iters
EV 136 converged λ = -0.7694789878, ‖r‖ = 1.57e-05, stable for 3 iters
EV 137 converged λ = -0.7505396652, ‖r‖ = 1.55e-05, stable for 3 iters
EV 138 converged λ = -0.7384357404, ‖r‖ = 1.77e-05, stable for 3 iters
EV 139 converged λ = -0.7370373773, ‖r‖ = 1.81e-05, stable for 3 iters
EV 140 converged λ = -0.7303359829, ‖r‖ = 1.91e-05, stable for 3 iters
EV 141 converged λ = -0.7175510712, ‖r‖ = 1.97e-05, stable for 3 iters
EV 142 converged λ = -0.7040438777, ‖r‖ = 1.99e-05, stable for 3 iters
EV 143 converged λ = -0.6876630224, ‖r‖ = 2.01e-05, stable for 3 iters
EV 144 converged λ = -0.6841181411, ‖r‖ = 2.06e-05, stable for 3 iters
EV 145 converged λ = -0.6226055267, ‖r‖ = 2.15e-05, stable for 3 iters
Iter 15: V_size = 750, Converged = 145, ‖r‖ (largest λ) = 0.0019209220503999627
Iter 16: V_size = 750, Converged = 145, ‖r‖ (largest λ) = 0.0018234083811621818
Iter 17: V_size = 750, Converged = 145, ‖r‖ (largest λ) = 0.0017056949322794253
EV 146 converged λ = -0.6974086799, ‖r‖ = 1.67e-05, stable for 3 iters
EV 147 converged λ = -0.6797779227, ‖r‖ = 1.66e-05, stable for 3 iters
EV 148 converged λ = -0.6718548153, ‖r‖ = 1.68e-05, stable for 3 iters
EV 149 converged λ = -0.6428981974, ‖r‖ = 1.66e-05, stable for 3 iters
EV 150 converged λ = -0.6145449489, ‖r‖ = 1.71e-05, stable for 3 iters
EV 151 converged λ = -0.6089057486, ‖r‖ = 2.43e-05, stable for 3 iters
EV 152 converged λ = -0.5877839422, ‖r‖ = 2.41e-05, stable for 3 iters
Iter 18: V_size = 750, Converged = 152, ‖r‖ (largest λ) = 0.00169282333698866
Iter 19: V_size = 750, Converged = 152, ‖r‖ (largest λ) = 0.0016403448850908413
Iter 20: V_size = 750, Converged = 152, ‖r‖ (largest λ) = 0.001599318981570949
EV 153 converged λ = -0.6452263775, ‖r‖ = 2.01e-05, stable for 3 iters
EV 154 converged λ = -0.6372624213, ‖r‖ = 1.80e-05, stable for 3 iters
EV 155 converged λ = -0.6293186864, ‖r‖ = 2.01e-05, stable for 3 iters
EV 156 converged λ = -0.5664833404, ‖r‖ = 2.37e-05, stable for 3 iters
EV 157 converged λ = -0.5152168031, ‖r‖ = 2.36e-05, stable for 3 iters
EV 158 converged λ = -0.5010358271, ‖r‖ = 2.38e-05, stable for 3 iters
Iter 21: V_size = 750, Converged = 158, ‖r‖ (largest λ) = 0.0015681403430699414
Iter 22: V_size = 750, Converged = 158, ‖r‖ (largest λ) = 0.0014963556757408355
Iter 23: V_size = 750, Converged = 158, ‖r‖ (largest λ) = 0.0014622453433581508
EV 159 converged λ = -0.5199981512, ‖r‖ = 2.01e-05, stable for 3 iters
EV 160 converged λ = -0.5140595438, ‖r‖ = 2.28e-05, stable for 3 iters
Iter 24: V_size = 750, Converged = 160, ‖r‖ (largest λ) = 0.0014412333065842292
Iter 25: V_size = 750, Converged = 160, ‖r‖ (largest λ) = 0.0014027535379371307
Iter 26: V_size = 750, Converged = 160, ‖r‖ (largest λ) = 0.0013763417589910249
EV 161 converged λ = -0.4839660108, ‖r‖ = 2.16e-05, stable for 3 iters
EV 162 converged λ = -0.4836385021, ‖r‖ = 2.11e-05, stable for 3 iters
EV 163 converged λ = -0.4828996771, ‖r‖ = 2.55e-05, stable for 3 iters
EV 164 converged λ = -0.4617989665, ‖r‖ = 2.29e-05, stable for 3 iters
Iter 27: V_size = 750, Converged = 164, ‖r‖ (largest λ) = 0.0013538800387723894
EV 165 converged λ = -0.4957454770, ‖r‖ = 2.24e-05, stable for 3 iters
Iter 28: V_size = 750, Converged = 165, ‖r‖ (largest λ) = 0.0013168972959767388
Iter 29: V_size = 750, Converged = 165, ‖r‖ (largest λ) = 0.0012874036585738238
Iter 30: V_size = 750, Converged = 165, ‖r‖ (largest λ) = 0.0012681295896308706
EV 166 converged λ = -0.4884206003, ‖r‖ = 2.41e-05, stable for 3 iters
EV 167 converged λ = -0.4725360142, ‖r‖ = 2.08e-05, stable for 3 iters
EV 168 converged λ = -0.4692613299, ‖r‖ = 2.19e-05, stable for 3 iters
EV 169 converged λ = -0.4319264925, ‖r‖ = 2.46e-05, stable for 3 iters
EV 170 converged λ = -0.4309956978, ‖r‖ = 2.18e-05, stable for 3 iters
Iter 31: V_size = 750, Converged = 170, ‖r‖ (largest λ) = 0.001253988273910085
Iter 32: V_size = 750, Converged = 170, ‖r‖ (largest λ) = 0.0012166789543031425
Iter 33: V_size = 750, Converged = 170, ‖r‖ (largest λ) = 0.0011925065009019934
EV 171 converged λ = -0.4479910787, ‖r‖ = 2.31e-05, stable for 3 iters
EV 172 converged λ = -0.4453002977, ‖r‖ = 2.19e-05, stable for 3 iters
Iter 34: V_size = 750, Converged = 172, ‖r‖ (largest λ) = 0.0011813519535642009
Iter 35: V_size = 750, Converged = 172, ‖r‖ (largest λ) = 0.0011596668829480627
Iter 36: V_size = 750, Converged = 172, ‖r‖ (largest λ) = 0.0011507664389475863
EV 173 converged λ = -0.4497614982, ‖r‖ = 2.35e-05, stable for 3 iters
EV 174 converged λ = -0.0200311956, ‖r‖ = 3.24e-06, stable for 3 iters
EV 175 converged λ = -0.0198142519, ‖r‖ = 3.18e-06, stable for 3 iters
EV 176 converged λ = -0.0195390750, ‖r‖ = 3.18e-06, stable for 3 iters
EV 177 converged λ = -0.0190004788, ‖r‖ = 2.60e-06, stable for 3 iters
EV 178 converged λ = -0.0188704478, ‖r‖ = 2.95e-06, stable for 3 iters
Iter 37: V_size = 750, Converged = 178, ‖r‖ (largest λ) = 0.001142691926997129
Iter 38: V_size = 750, Converged = 178, ‖r‖ (largest λ) = 0.0011137212795808854
Iter 39: V_size = 750, Converged = 178, ‖r‖ (largest λ) = 0.001101348339498178
EV 179 converged λ = -0.4001679096, ‖r‖ = 2.23e-05, stable for 3 iters
EV 180 converged λ = -0.0262051784, ‖r‖ = 4.42e-06, stable for 3 iters
EV 181 converged λ = -0.0261661666, ‖r‖ = 4.39e-06, stable for 3 iters
EV 182 converged λ = -0.0261120252, ‖r‖ = 3.66e-06, stable for 3 iters
EV 183 converged λ = -0.0258522680, ‖r‖ = 3.44e-06, stable for 3 iters
EV 184 converged λ = -0.0257366914, ‖r‖ = 3.52e-06, stable for 3 iters
EV 185 converged λ = -0.0255783399, ‖r‖ = 3.97e-06, stable for 3 iters
EV 186 converged λ = -0.0254644458, ‖r‖ = 3.26e-06, stable for 3 iters
EV 187 converged λ = -0.0253214181, ‖r‖ = 4.19e-06, stable for 3 iters
EV 188 converged λ = -0.0248801128, ‖r‖ = 2.53e-06, stable for 3 iters
EV 189 converged λ = -0.0247791132, ‖r‖ = 3.28e-06, stable for 3 iters
EV 190 converged λ = -0.0244516365, ‖r‖ = 2.51e-06, stable for 3 iters
EV 191 converged λ = -0.0241168736, ‖r‖ = 3.54e-06, stable for 3 iters
EV 192 converged λ = -0.0240432635, ‖r‖ = 3.30e-06, stable for 3 iters
EV 193 converged λ = -0.0238884820, ‖r‖ = 3.57e-06, stable for 3 iters
EV 194 converged λ = -0.0234976258, ‖r‖ = 2.57e-06, stable for 3 iters
EV 195 converged λ = -0.0230623222, ‖r‖ = 2.98e-06, stable for 3 iters
EV 196 converged λ = -0.0230445892, ‖r‖ = 2.70e-06, stable for 3 iters
EV 197 converged λ = -0.0228622031, ‖r‖ = 2.97e-06, stable for 3 iters
EV 198 converged λ = -0.0227195169, ‖r‖ = 2.22e-06, stable for 3 iters
EV 199 converged λ = -0.0224773491, ‖r‖ = 2.48e-06, stable for 3 iters
EV 200 converged λ = -0.0223468074, ‖r‖ = 3.01e-06, stable for 3 iters
EV 201 converged λ = -0.0218876656, ‖r‖ = 2.07e-06, stable for 3 iters
EV 202 converged λ = -0.0216812283, ‖r‖ = 2.76e-06, stable for 3 iters
EV 203 converged λ = -0.0213444359, ‖r‖ = 2.42e-06, stable for 3 iters
EV 204 converged λ = -0.0212658336, ‖r‖ = 2.32e-06, stable for 3 iters
EV 205 converged λ = -0.0211700077, ‖r‖ = 2.19e-06, stable for 3 iters
EV 206 converged λ = -0.0205187330, ‖r‖ = 1.76e-06, stable for 3 iters
EV 207 converged λ = -0.0202182881, ‖r‖ = 1.54e-06, stable for 3 iters
EV 208 converged λ = -0.0200074788, ‖r‖ = 1.74e-06, stable for 3 iters
EV 209 converged λ = -0.0198992135, ‖r‖ = 1.91e-06, stable for 3 iters
EV 210 converged λ = -0.0197392245, ‖r‖ = 1.99e-06, stable for 3 iters
EV 211 converged λ = -0.0192719045, ‖r‖ = 1.78e-06, stable for 3 iters
EV 212 converged λ = -0.0192353124, ‖r‖ = 1.59e-06, stable for 3 iters
EV 213 converged λ = -0.0185397526, ‖r‖ = 2.02e-06, stable for 3 iters
EV 214 converged λ = -0.0185082785, ‖r‖ = 2.89e-06, stable for 3 iters
EV 215 converged λ = -0.0184748560, ‖r‖ = 1.98e-06, stable for 3 iters
EV 216 converged λ = -0.0183396202, ‖r‖ = 1.63e-06, stable for 3 iters
EV 217 converged λ = -0.0183011801, ‖r‖ = 2.49e-06, stable for 3 iters
EV 218 converged λ = -0.0181774338, ‖r‖ = 1.83e-06, stable for 3 iters
EV 219 converged λ = -0.0177720614, ‖r‖ = 1.80e-06, stable for 3 iters
EV 220 converged λ = -0.0176849957, ‖r‖ = 1.71e-06, stable for 3 iters
EV 221 converged λ = -0.0175349934, ‖r‖ = 2.12e-06, stable for 3 iters
EV 222 converged λ = -0.0173969864, ‖r‖ = 2.36e-06, stable for 3 iters
EV 223 converged λ = -0.0171146973, ‖r‖ = 1.75e-06, stable for 3 iters
EV 224 converged λ = -0.0170989957, ‖r‖ = 1.69e-06, stable for 3 iters
EV 225 converged λ = -0.0170344581, ‖r‖ = 1.59e-06, stable for 3 iters
EV 226 converged λ = -0.0167676047, ‖r‖ = 2.21e-06, stable for 3 iters
EV 227 converged λ = -0.0167280506, ‖r‖ = 2.70e-06, stable for 3 iters
EV 228 converged λ = -0.0164518620, ‖r‖ = 3.00e-06, stable for 3 iters
EV 229 converged λ = -0.0163665437, ‖r‖ = 2.71e-06, stable for 3 iters
EV 230 converged λ = -0.0163388831, ‖r‖ = 2.40e-06, stable for 3 iters
EV 231 converged λ = -0.0162500989, ‖r‖ = 3.53e-06, stable for 3 iters
EV 232 converged λ = -0.0162094099, ‖r‖ = 3.24e-06, stable for 3 iters
EV 233 converged λ = -0.0161583648, ‖r‖ = 2.63e-06, stable for 3 iters
EV 234 converged λ = -0.0159213251, ‖r‖ = 2.35e-06, stable for 3 iters
EV 235 converged λ = -0.0159127091, ‖r‖ = 2.43e-06, stable for 3 iters
Iter 40: V_size = 700, Converged = 235, ‖r‖ (largest λ) = 0.0010940064772065185
EV 236 converged λ = -0.4160593062, ‖r‖ = 2.36e-05, stable for 3 iters
Iter 41: V_size = 698, Converged = 236, ‖r‖ (largest λ) = 0.0007199198725795612
Iter 42: V_size = 698, Converged = 236, ‖r‖ (largest λ) = 0.000525409861024455
Iter 43: V_size = 698, Converged = 236, ‖r‖ (largest λ) = 0.00042839914278604784
EV 237 converged λ = -0.3974122853, ‖r‖ = 2.21e-05, stable for 3 iters
EV 238 converged λ = -0.3875415766, ‖r‖ = 2.13e-05, stable for 3 iters
EV 239 converged λ = -0.3819837216, ‖r‖ = 2.28e-05, stable for 3 iters
EV 240 converged λ = -0.3795492799, ‖r‖ = 2.13e-05, stable for 3 iters
EV 241 converged λ = -0.0265908409, ‖r‖ = 2.51e-06, stable for 3 iters
EV 242 converged λ = -0.0157903524, ‖r‖ = 1.06e-06, stable for 3 iters
EV 243 converged λ = -0.0155236088, ‖r‖ = 1.08e-06, stable for 3 iters
EV 244 converged λ = -0.0153103058, ‖r‖ = 1.41e-06, stable for 3 iters
EV 245 converged λ = -0.0153040217, ‖r‖ = 1.33e-06, stable for 3 iters
EV 246 converged λ = -0.0150540479, ‖r‖ = 1.17e-06, stable for 3 iters
EV 247 converged λ = -0.0149391019, ‖r‖ = 1.53e-06, stable for 3 iters
EV 248 converged λ = -0.0147792030, ‖r‖ = 1.51e-06, stable for 3 iters
EV 249 converged λ = -0.0146789362, ‖r‖ = 2.79e-06, stable for 3 iters
EV 250 converged λ = -0.0145755448, ‖r‖ = 2.60e-06, stable for 3 iters
EV 251 converged λ = -0.0144892641, ‖r‖ = 2.45e-06, stable for 3 iters
EV 252 converged λ = -0.0144000617, ‖r‖ = 2.54e-06, stable for 3 iters
EV 253 converged λ = -0.0141630457, ‖r‖ = 2.37e-06, stable for 3 iters
EV 254 converged λ = -0.0139282456, ‖r‖ = 2.63e-06, stable for 3 iters
Iter 44: V_size = 662, Converged = 254, ‖r‖ (largest λ) = 0.00036402073518772217
Iter 45: V_size = 662, Converged = 254, ‖r‖ (largest λ) = 0.000326966954174835
Iter 46: V_size = 662, Converged = 254, ‖r‖ (largest λ) = 0.00030060058892664507
EV 255 converged λ = -0.3908181876, ‖r‖ = 2.22e-05, stable for 3 iters
EV 256 converged λ = -0.3660853137, ‖r‖ = 2.29e-05, stable for 3 iters
EV 257 converged λ = -0.3618223202, ‖r‖ = 2.28e-05, stable for 3 iters
EV 258 converged λ = -0.0287817934, ‖r‖ = 4.39e-06, stable for 3 iters
EV 259 converged λ = -0.0145077854, ‖r‖ = 1.32e-06, stable for 3 iters
EV 260 converged λ = -0.0137906933, ‖r‖ = 1.25e-06, stable for 3 iters
EV 261 converged λ = -0.0137526152, ‖r‖ = 1.37e-06, stable for 3 iters
EV 262 converged λ = -0.0136652604, ‖r‖ = 1.62e-06, stable for 3 iters
EV 263 converged λ = -0.0134350851, ‖r‖ = 2.41e-06, stable for 3 iters
Iter 47: V_size = 644, Converged = 263, ‖r‖ (largest λ) = 0.00028808435340182167
Iter 48: V_size = 644, Converged = 263, ‖r‖ (largest λ) = 0.00027757354488096634
Iter 49: V_size = 644, Converged = 263, ‖r‖ (largest λ) = 0.0002736398506797347
EV 264 converged λ = -0.0131798212, ‖r‖ = 1.47e-06, stable for 3 iters
EV 265 converged λ = -0.0131475602, ‖r‖ = 1.54e-06, stable for 3 iters
EV 266 converged λ = -0.0131175338, ‖r‖ = 1.39e-06, stable for 3 iters
EV 267 converged λ = -0.0130508305, ‖r‖ = 1.40e-06, stable for 3 iters
EV 268 converged λ = -0.0129334247, ‖r‖ = 1.39e-06, stable for 3 iters
EV 269 converged λ = -0.0129030525, ‖r‖ = 1.12e-06, stable for 3 iters
EV 270 converged λ = -0.0127514976, ‖r‖ = 1.40e-06, stable for 3 iters
EV 271 converged λ = -0.0127284703, ‖r‖ = 1.47e-06, stable for 3 iters
EV 272 converged λ = -0.0126163652, ‖r‖ = 1.35e-06, stable for 3 iters
EV 273 converged λ = -0.0125476464, ‖r‖ = 2.94e-06, stable for 3 iters
EV 274 converged λ = -0.0124987442, ‖r‖ = 3.00e-06, stable for 3 iters
EV 275 converged λ = -0.0124735906, ‖r‖ = 2.77e-06, stable for 3 iters
EV 276 converged λ = -0.0124006894, ‖r‖ = 2.84e-06, stable for 3 iters
Iter 50: V_size = 618, Converged = 276, ‖r‖ (largest λ) = 0.00026811432672538466
EV 277 converged λ = -0.3194454116, ‖r‖ = 2.15e-05, stable for 3 iters
Iter 51: V_size = 616, Converged = 277, ‖r‖ (largest λ) = 0.0002650702253235277
Iter 52: V_size = 616, Converged = 277, ‖r‖ (largest λ) = 0.00025984327740575624
EV 278 converged λ = -0.3363551302, ‖r‖ = 2.20e-05, stable for 3 iters
Iter 53: V_size = 614, Converged = 278, ‖r‖ (largest λ) = 0.00025576672458371236
Iter 54: V_size = 614, Converged = 278, ‖r‖ (largest λ) = 0.00024968906918780776
Iter 55: V_size = 614, Converged = 278, ‖r‖ (largest λ) = 0.00024387338369133543
EV 279 converged λ = -0.3395278872, ‖r‖ = 2.27e-05, stable for 3 iters
EV 280 converged λ = -0.0121406017, ‖r‖ = 1.01e-06, stable for 3 iters
EV 281 converged λ = -0.0120113963, ‖r‖ = 1.11e-06, stable for 3 iters
EV 282 converged λ = -0.0119753287, ‖r‖ = 1.21e-06, stable for 3 iters
EV 283 converged λ = -0.0117303370, ‖r‖ = 1.05e-06, stable for 3 iters
EV 284 converged λ = -0.0117000176, ‖r‖ = 9.40e-07, stable for 3 iters
EV 285 converged λ = -0.0115665409, ‖r‖ = 1.05e-06, stable for 3 iters
EV 286 converged λ = -0.0115019645, ‖r‖ = 1.07e-06, stable for 3 iters
EV 287 converged λ = -0.0113631043, ‖r‖ = 1.07e-06, stable for 3 iters
EV 288 converged λ = -0.0113226255, ‖r‖ = 1.29e-06, stable for 3 iters
EV 289 converged λ = -0.0112442944, ‖r‖ = 1.17e-06, stable for 3 iters
EV 290 converged λ = -0.0111624391, ‖r‖ = 1.14e-06, stable for 3 iters
EV 291 converged λ = -0.0110544680, ‖r‖ = 9.44e-07, stable for 3 iters
EV 292 converged λ = -0.0109901246, ‖r‖ = 2.23e-06, stable for 3 iters
EV 293 converged λ = -0.0109495040, ‖r‖ = 1.75e-06, stable for 3 iters
EV 294 converged λ = -0.0108279002, ‖r‖ = 2.31e-06, stable for 3 iters
EV 295 converged λ = -0.0107141756, ‖r‖ = 2.15e-06, stable for 3 iters
EV 296 converged λ = -0.0103438613, ‖r‖ = 2.35e-06, stable for 3 iters
EV 297 converged λ = -0.0102888853, ‖r‖ = 2.04e-06, stable for 3 iters
EV 298 converged λ = -0.0102654715, ‖r‖ = 2.18e-06, stable for 3 iters
EV 299 converged λ = -0.0101773092, ‖r‖ = 2.22e-06, stable for 3 iters
EV 300 converged λ = -0.0100835333, ‖r‖ = 1.97e-06, stable for 3 iters
EV 301 converged λ = -0.0099616085, ‖r‖ = 2.71e-06, stable for 3 iters
EV 302 converged λ = -0.0097568393, ‖r‖ = 2.67e-06, stable for 3 iters
EV 303 converged λ = -0.0094480941, ‖r‖ = 2.10e-06, stable for 3 iters
Iter 56: V_size = 564, Converged = 303, ‖r‖ (largest λ) = 0.0002354995649033103
EV 304 converged λ = -0.3468616376, ‖r‖ = 2.27e-05, stable for 3 iters
Iter 57: V_size = 562, Converged = 304, ‖r‖ (largest λ) = 0.0002272845608321956
Iter 58: V_size = 562, Converged = 304, ‖r‖ (largest λ) = 0.00021802669956431597
Iter 59: V_size = 562, Converged = 304, ‖r‖ (largest λ) = 0.0002093115993647392
EV 305 converged λ = -0.3254761341, ‖r‖ = 2.22e-05, stable for 3 iters
EV 306 converged λ = -0.0291205422, ‖r‖ = 3.01e-06, stable for 3 iters
EV 307 converged λ = -0.0109017503, ‖r‖ = 8.39e-07, stable for 3 iters
EV 308 converged λ = -0.0101112217, ‖r‖ = 9.06e-07, stable for 3 iters
EV 309 converged λ = -0.0100112163, ‖r‖ = 1.14e-06, stable for 3 iters
EV 310 converged λ = -0.0099669384, ‖r‖ = 1.00e-06, stable for 3 iters
EV 311 converged λ = -0.0094120192, ‖r‖ = 9.42e-07, stable for 3 iters
EV 312 converged λ = -0.0092701954, ‖r‖ = 1.05e-06, stable for 3 iters
EV 313 converged λ = -0.0092369102, ‖r‖ = 1.00e-06, stable for 3 iters
EV 314 converged λ = -0.0092332153, ‖r‖ = 1.03e-06, stable for 3 iters
EV 315 converged λ = -0.0091682439, ‖r‖ = 8.70e-07, stable for 3 iters
EV 316 converged λ = -0.0091334131, ‖r‖ = 9.67e-07, stable for 3 iters
EV 317 converged λ = -0.0090635952, ‖r‖ = 9.95e-07, stable for 3 iters
EV 318 converged λ = -0.0090225558, ‖r‖ = 1.26e-06, stable for 3 iters
EV 319 converged λ = -0.0089080313, ‖r‖ = 1.18e-06, stable for 3 iters
EV 320 converged λ = -0.0089057335, ‖r‖ = 9.83e-07, stable for 3 iters
EV 321 converged λ = -0.0088513755, ‖r‖ = 1.08e-06, stable for 3 iters
EV 322 converged λ = -0.0088224251, ‖r‖ = 1.09e-06, stable for 3 iters
EV 323 converged λ = -0.0086632421, ‖r‖ = 1.14e-06, stable for 3 iters
EV 324 converged λ = -0.0086455215, ‖r‖ = 9.89e-07, stable for 3 iters
EV 325 converged λ = -0.0085810099, ‖r‖ = 1.04e-06, stable for 3 iters
EV 326 converged λ = -0.0083781414, ‖r‖ = 1.33e-06, stable for 3 iters
EV 327 converged λ = -0.0083643826, ‖r‖ = 1.36e-06, stable for 3 iters
EV 328 converged λ = -0.0083449920, ‖r‖ = 1.40e-06, stable for 3 iters
EV 329 converged λ = -0.0082104478, ‖r‖ = 1.06e-06, stable for 3 iters
EV 330 converged λ = -0.0081604884, ‖r‖ = 1.29e-06, stable for 3 iters
EV 331 converged λ = -0.0081123264, ‖r‖ = 1.24e-06, stable for 3 iters
EV 332 converged λ = -0.0080947761, ‖r‖ = 1.42e-06, stable for 3 iters
EV 333 converged λ = -0.0080783741, ‖r‖ = 1.31e-06, stable for 3 iters
EV 334 converged λ = -0.0080231791, ‖r‖ = 1.51e-06, stable for 3 iters
EV 335 converged λ = -0.0080035904, ‖r‖ = 1.91e-06, stable for 3 iters
EV 336 converged λ = -0.0078916539, ‖r‖ = 1.60e-06, stable for 3 iters
EV 337 converged λ = -0.0078521695, ‖r‖ = 2.44e-06, stable for 3 iters
EV 338 converged λ = -0.0077184289, ‖r‖ = 1.85e-06, stable for 3 iters
Iter 60: V_size = 494, Converged = 338, ‖r‖ (largest λ) = 0.0001999670254036269
Iter 61: V_size = 741, Converged = 338, ‖r‖ (largest λ) = 0.00019114333292776886
Iter 62: V_size = 494, Converged = 338, ‖r‖ (largest λ) = 0.0005132680170239125
EV 339 converged λ = -0.0293207591, ‖r‖ = 4.73e-06, stable for 3 iters
EV 340 converged λ = -0.0291346900, ‖r‖ = 4.54e-06, stable for 3 iters
EV 341 converged λ = -0.0279725834, ‖r‖ = 3.48e-06, stable for 3 iters
EV 342 converged λ = -0.0277991861, ‖r‖ = 2.14e-06, stable for 3 iters
EV 343 converged λ = -0.0276051589, ‖r‖ = 2.56e-06, stable for 3 iters
EV 344 converged λ = -0.0272490520, ‖r‖ = 3.89e-06, stable for 3 iters
EV 345 converged λ = -0.0268323976, ‖r‖ = 3.34e-06, stable for 3 iters
EV 346 converged λ = -0.0076603253, ‖r‖ = 1.64e-06, stable for 3 iters
EV 347 converged λ = -0.0076490494, ‖r‖ = 1.28e-06, stable for 3 iters
EV 348 converged λ = -0.0075683492, ‖r‖ = 1.69e-06, stable for 3 iters
EV 349 converged λ = -0.0075447305, ‖r‖ = 1.52e-06, stable for 3 iters
Iter 63: V_size = 730, Converged = 349, ‖r‖ (largest λ) = 0.00029383018279510324
Iter 64: V_size = 472, Converged = 349, ‖r‖ (largest λ) = 5.856297935953452e-6
Iter 65: V_size = 708, Converged = 349, ‖r‖ (largest λ) = 0.001116361682996707
Iter 66: V_size = 472, Converged = 349, ‖r‖ (largest λ) = 0.002032238292221707
EV 350 converged λ = -0.3273366875, ‖r‖ = 2.22e-05, stable for 3 iters
EV 351 converged λ = -0.0281932993, ‖r‖ = 3.76e-06, stable for 3 iters
EV 352 converged λ = -0.0074074483, ‖r‖ = 1.31e-06, stable for 3 iters
EV 353 converged λ = -0.0073781920, ‖r‖ = 1.42e-06, stable for 3 iters
EV 354 converged λ = -0.0073396525, ‖r‖ = 1.22e-06, stable for 3 iters
Iter 67: V_size = 703, Converged = 354, ‖r‖ (largest λ) = 0.0014453987979542698
EV 355 converged λ = -0.0072429052, ‖r‖ = 2.05e-06, stable for 3 iters
Iter 68: V_size = 460, Converged = 355, ‖r‖ (largest λ) = 0.0008852187700117067
Iter 69: V_size = 690, Converged = 355, ‖r‖ (largest λ) = 0.0018208693032903134
Iter 70: V_size = 460, Converged = 355, ‖r‖ (largest λ) = 0.001932346579671943
EV 356 converged λ = -0.3509081865, ‖r‖ = 2.27e-05, stable for 3 iters
EV 357 converged λ = -0.0072494193, ‖r‖ = 1.36e-06, stable for 3 iters
Iter 71: V_size = 688, Converged = 357, ‖r‖ (largest λ) = 0.0012989390087328294
Iter 72: V_size = 456, Converged = 357, ‖r‖ (largest λ) = 0.0010901475706875752
Iter 73: V_size = 684, Converged = 357, ‖r‖ (largest λ) = 0.0026501221687399872
Iter 74: V_size = 456, Converged = 357, ‖r‖ (largest λ) = 0.0019096788156686252
EV 358 converged λ = -0.3514084569, ‖r‖ = 2.30e-05, stable for 3 iters
EV 359 converged λ = -0.3117591673, ‖r‖ = 2.21e-05, stable for 3 iters
Iter 75: V_size = 682, Converged = 359, ‖r‖ (largest λ) = 0.0010391019509656408
Iter 76: V_size = 452, Converged = 359, ‖r‖ (largest λ) = 0.0007124983986273671
Iter 77: V_size = 678, Converged = 359, ‖r‖ (largest λ) = 0.002637959082472361
Iter 78: V_size = 452, Converged = 359, ‖r‖ (largest λ) = 0.002187294968303908
EV 360 converged λ = -0.0292861912, ‖r‖ = 4.56e-06, stable for 3 iters
Iter 79: V_size = 677, Converged = 360, ‖r‖ (largest λ) = 0.0012715509786361081
Iter 80: V_size = 450, Converged = 360, ‖r‖ (largest λ) = 0.0002817642181169684
Iter 81: V_size = 675, Converged = 360, ‖r‖ (largest λ) = 0.002794727693324365
Iter 82: V_size = 450, Converged = 360, ‖r‖ (largest λ) = 0.002277800232471353
EV 361 converged λ = -0.0311246072, ‖r‖ = 5.52e-06, stable for 3 iters
EV 362 converged λ = -0.0308773641, ‖r‖ = 6.01e-06, stable for 3 iters
EV 363 converged λ = -0.0297031706, ‖r‖ = 4.95e-06, stable for 3 iters
Iter 83: V_size = 672, Converged = 363, ‖r‖ (largest λ) = 0.00048116717085167147
Iter 84: V_size = 444, Converged = 363, ‖r‖ (largest λ) = 0.00019885483776244526
Iter 85: V_size = 666, Converged = 363, ‖r‖ (largest λ) = 0.002634158710048685
Iter 86: V_size = 444, Converged = 363, ‖r‖ (largest λ) = 0.002054649197208326
EV 364 converged λ = -0.0310311499, ‖r‖ = 5.21e-06, stable for 3 iters
Iter 87: V_size = 665, Converged = 364, ‖r‖ (largest λ) = 0.0010904687693262121
Iter 88: V_size = 442, Converged = 364, ‖r‖ (largest λ) = 0.0005056087867009104
Iter 89: V_size = 663, Converged = 364, ‖r‖ (largest λ) = 0.002636603382634129
EV 365 converged λ = -0.2720489141, ‖r‖ = 2.08e-05, stable for 3 iters
Iter 90: V_size = 440, Converged = 365, ‖r‖ (largest λ) = 0.002260957937298871
Iter 91: V_size = 660, Converged = 365, ‖r‖ (largest λ) = 0.0012714848705767205
Iter 92: V_size = 440, Converged = 365, ‖r‖ (largest λ) = 0.0009402604371158543
EV 366 converged λ = -0.0312801493, ‖r‖ = 6.65e-06, stable for 3 iters
Iter 93: V_size = 659, Converged = 366, ‖r‖ (largest λ) = 5.157221521854034e-5
Iter 94: V_size = 438, Converged = 366, ‖r‖ (largest λ) = 8.740894017441604e-5
Iter 95: V_size = 657, Converged = 366, ‖r‖ (largest λ) = 0.0028871451057589513
Iter 96: V_size = 438, Converged = 366, ‖r‖ (largest λ) = 0.002019298134003622
Iter 97: V_size = 657, Converged = 366, ‖r‖ (largest λ) = 0.001016966986845889
Iter 98: V_size = 438, Converged = 366, ‖r‖ (largest λ) = 0.00011731636996429973
Iter 99: V_size = 657, Converged = 366, ‖r‖ (largest λ) = 5.553937020774095e-5
Iter 100: V_size = 438, Converged = 366, ‖r‖ (largest λ) = 6.0956268737592486e-5
Iter 101: V_size = 657, Converged = 366, ‖r‖ (largest λ) = 4.2357289975478614e-5
Iter 102: V_size = 438, Converged = 366, ‖r‖ (largest λ) = 5.654802013302944e-5
Iter 103: V_size = 657, Converged = 366, ‖r‖ (largest λ) = 3.960439205452943e-5
Iter 104: V_size = 438, Converged = 366, ‖r‖ (largest λ) = 5.6977764198204866e-5
Iter 105: V_size = 657, Converged = 366, ‖r‖ (largest λ) = 3.973323824006727e-5
Iter 106: V_size = 438, Converged = 366, ‖r‖ (largest λ) = 5.831191887499161e-5
Iter 107: V_size = 657, Converged = 366, ‖r‖ (largest λ) = 4.028044552354678e-5
Iter 108: V_size = 438, Converged = 366, ‖r‖ (largest λ) = 6.0284219834984825e-5
Iter 109: V_size = 657, Converged = 366, ‖r‖ (largest λ) = 4.169679943261509e-5
Iter 110: V_size = 438, Converged = 366, ‖r‖ (largest λ) = 6.054255588478979e-5
Iter 111: V_size = 657, Converged = 366, ‖r‖ (largest λ) = 4.196116040374532e-5
EV 367 converged λ = -0.0072129814, ‖r‖ = 3.32e-06, stable for 3 iters
Iter 112: V_size = 436, Converged = 367, ‖r‖ (largest λ) = 6.462620825337402e-5
Iter 113: V_size = 654, Converged = 367, ‖r‖ (largest λ) = 4.430685677471257e-5
Iter 114: V_size = 436, Converged = 367, ‖r‖ (largest λ) = 6.391601602225312e-5
Iter 115: V_size = 654, Converged = 367, ‖r‖ (largest λ) = 4.5269848488103145e-5
Iter 116: V_size = 436, Converged = 367, ‖r‖ (largest λ) = 6.665324944098515e-5
EV 368 converged λ = -0.0070637190, ‖r‖ = 2.02e-06, stable for 3 iters
Iter 117: V_size = 653, Converged = 368, ‖r‖ (largest λ) = 4.666475042688186e-5
Iter 118: V_size = 434, Converged = 368, ‖r‖ (largest λ) = 1.7220636876544284e-5
Iter 119: V_size = 651, Converged = 368, ‖r‖ (largest λ) = 0.002798320514472175
Iter 120: V_size = 434, Converged = 368, ‖r‖ (largest λ) = 0.0019329500556582186
EV 369 converged λ = -0.0071235748, ‖r‖ = 1.85e-06, stable for 3 iters
EV 370 converged λ = -0.0070452837, ‖r‖ = 2.30e-06, stable for 3 iters
Iter 121: V_size = 649, Converged = 370, ‖r‖ (largest λ) = 0.0009741707584711688
Iter 122: V_size = 430, Converged = 370, ‖r‖ (largest λ) = 5.4146496175587704e-5
Iter 123: V_size = 645, Converged = 370, ‖r‖ (largest λ) = 0.002703110425783284
Iter 124: V_size = 430, Converged = 370, ‖r‖ (largest λ) = 0.002003903867111209
Iter 125: V_size = 645, Converged = 370, ‖r‖ (largest λ) = 0.0010075901417643514
Iter 126: V_size = 430, Converged = 370, ‖r‖ (largest λ) = 0.0006090779255192989
Iter 127: V_size = 645, Converged = 370, ‖r‖ (largest λ) = 0.00037559145145414635
Iter 128: V_size = 430, Converged = 370, ‖r‖ (largest λ) = 0.0002810572326070236
Iter 129: V_size = 645, Converged = 370, ‖r‖ (largest λ) = 0.00019117607228036866
Iter 130: V_size = 430, Converged = 370, ‖r‖ (largest λ) = 0.00018259207565231962
Iter 131: V_size = 645, Converged = 370, ‖r‖ (largest λ) = 0.00012503394444612814
Iter 132: V_size = 430, Converged = 370, ‖r‖ (largest λ) = 0.00013757543570334238
Iter 133: V_size = 645, Converged = 370, ‖r‖ (largest λ) = 9.803277335188393e-5
Iter 134: V_size = 430, Converged = 370, ‖r‖ (largest λ) = 0.00012711194215880904
Iter 135: V_size = 645, Converged = 370, ‖r‖ (largest λ) = 8.630479563318895e-5
Iter 136: V_size = 430, Converged = 370, ‖r‖ (largest λ) = 0.00010516345497091206
Iter 137: V_size = 645, Converged = 370, ‖r‖ (largest λ) = 7.565108079734651e-5
Iter 138: V_size = 430, Converged = 370, ‖r‖ (largest λ) = 0.00010050298519833143
Iter 139: V_size = 645, Converged = 370, ‖r‖ (largest λ) = 7.015524288222946e-5
EV 371 converged λ = -0.0069414686, ‖r‖ = 2.77e-06, stable for 3 iters
EV 372 converged λ = -0.0068448889, ‖r‖ = 3.29e-06, stable for 3 iters
Iter 140: V_size = 426, Converged = 372, ‖r‖ (largest λ) = 8.926553612366984e-5
Iter 141: V_size = 639, Converged = 372, ‖r‖ (largest λ) = 6.512754297926828e-5
Iter 142: V_size = 426, Converged = 372, ‖r‖ (largest λ) = 8.698365162846158e-5
Iter 143: V_size = 639, Converged = 372, ‖r‖ (largest λ) = 6.1802917892123e-5
EV 373 converged λ = -0.0069244348, ‖r‖ = 3.03e-06, stable for 3 iters
Iter 144: V_size = 424, Converged = 373, ‖r‖ (largest λ) = 7.984806992940435e-5
Iter 145: V_size = 636, Converged = 373, ‖r‖ (largest λ) = 5.915257956748993e-5
Iter 146: V_size = 424, Converged = 373, ‖r‖ (largest λ) = 7.819971711228362e-5
Iter 147: V_size = 636, Converged = 373, ‖r‖ (largest λ) = 5.7338524405565134e-5
Iter 148: V_size = 424, Converged = 373, ‖r‖ (largest λ) = 7.387357605027914e-5
Iter 149: V_size = 636, Converged = 373, ‖r‖ (largest λ) = 5.5502805004637756e-5
Iter 150: V_size = 424, Converged = 373, ‖r‖ (largest λ) = 7.505220410044598e-5
Iter 151: V_size = 636, Converged = 373, ‖r‖ (largest λ) = 5.439706056960189e-5
Iter 152: V_size = 424, Converged = 373, ‖r‖ (largest λ) = 7.012241595986898e-5
Iter 153: V_size = 636, Converged = 373, ‖r‖ (largest λ) = 5.3300384872466546e-5
Iter 154: V_size = 424, Converged = 373, ‖r‖ (largest λ) = 7.238654261946728e-5
Iter 155: V_size = 636, Converged = 373, ‖r‖ (largest λ) = 5.30220670651727e-5
EV 374 converged λ = -0.3347076451, ‖r‖ = 2.31e-05, stable for 3 iters
EV 375 converged λ = -0.3149561786, ‖r‖ = 2.24e-05, stable for 3 iters
Iter 156: V_size = 420, Converged = 375, ‖r‖ (largest λ) = 6.924314370209444e-5
Iter 157: V_size = 630, Converged = 375, ‖r‖ (largest λ) = 5.2729900987462e-5
Iter 158: V_size = 420, Converged = 375, ‖r‖ (largest λ) = 7.175941744233629e-5
Iter 159: V_size = 630, Converged = 375, ‖r‖ (largest λ) = 5.3235463894081576e-5
Iter 160: V_size = 420, Converged = 375, ‖r‖ (largest λ) = 7.282064236866118e-5
EV 376 converged λ = -0.2959424197, ‖r‖ = 2.17e-05, stable for 3 iters
Iter 161: V_size = 629, Converged = 376, ‖r‖ (largest λ) = 5.377025433219628e-5
Iter 162: V_size = 418, Converged = 376, ‖r‖ (largest λ) = 8.532164266702415e-5
Iter 163: V_size = 627, Converged = 376, ‖r‖ (largest λ) = 0.002856022895047624
Iter 164: V_size = 418, Converged = 376, ‖r‖ (largest λ) = 0.0019159429135382274
Iter 165: V_size = 627, Converged = 376, ‖r‖ (largest λ) = 0.0009354976742969514
Iter 166: V_size = 418, Converged = 376, ‖r‖ (largest λ) = 0.0005250697455142382
Iter 167: V_size = 627, Converged = 376, ‖r‖ (largest λ) = 0.00030146942081078125
Iter 168: V_size = 418, Converged = 376, ‖r‖ (largest λ) = 0.00019191142890662388
Iter 169: V_size = 627, Converged = 376, ‖r‖ (largest λ) = 0.00012658051737393297
Iter 170: V_size = 418, Converged = 376, ‖r‖ (largest λ) = 9.873527257833757e-5
EV 377 converged λ = -0.0067817079, ‖r‖ = 2.10e-06, stable for 3 iters
EV 378 converged λ = -0.0067718403, ‖r‖ = 2.51e-06, stable for 3 iters
Iter 171: V_size = 625, Converged = 378, ‖r‖ (largest λ) = 6.986048609644004e-5
Iter 172: V_size = 414, Converged = 378, ‖r‖ (largest λ) = 1.2455616431845191e-5
Iter 173: V_size = 621, Converged = 378, ‖r‖ (largest λ) = 0.0014886441520562622
Iter 174: V_size = 414, Converged = 378, ‖r‖ (largest λ) = 0.002302673937623328
Iter 175: V_size = 621, Converged = 378, ‖r‖ (largest λ) = 0.001379114403979603
Iter 176: V_size = 414, Converged = 378, ‖r‖ (largest λ) = 0.0008863539884880486
Iter 177: V_size = 621, Converged = 378, ‖r‖ (largest λ) = 0.000580987793843045
Iter 178: V_size = 414, Converged = 378, ‖r‖ (largest λ) = 0.00043341377788330644
Iter 179: V_size = 621, Converged = 378, ‖r‖ (largest λ) = 0.00030317780001368146
Iter 180: V_size = 414, Converged = 378, ‖r‖ (largest λ) = 0.00026927731450176817
Iter 181: V_size = 621, Converged = 378, ‖r‖ (largest λ) = 0.00018562394822646362
Iter 182: V_size = 414, Converged = 378, ‖r‖ (largest λ) = 0.00019810713949257108
Iter 183: V_size = 621, Converged = 378, ‖r‖ (largest λ) = 0.000140899406368719
Iter 184: V_size = 414, Converged = 378, ‖r‖ (largest λ) = 0.0001647634230536177
Iter 185: V_size = 621, Converged = 378, ‖r‖ (largest λ) = 0.00011709989818776364
Iter 186: V_size = 414, Converged = 378, ‖r‖ (largest λ) = 0.00014932286392466671
Iter 187: V_size = 621, Converged = 378, ‖r‖ (largest λ) = 0.00010930497466320973
Iter 188: V_size = 414, Converged = 378, ‖r‖ (largest λ) = 0.0001480716507267598
Iter 189: V_size = 621, Converged = 378, ‖r‖ (largest λ) = 0.0001075888907216753
Iter 190: V_size = 414, Converged = 378, ‖r‖ (largest λ) = 0.00014829994701980482
EV 379 converged λ = -0.0314219041, ‖r‖ = 7.06e-06, stable for 3 iters
Iter 191: V_size = 620, Converged = 379, ‖r‖ (largest λ) = 0.00010876306837258053
Iter 192: V_size = 412, Converged = 379, ‖r‖ (largest λ) = 8.311117600005036e-5
Iter 193: V_size = 618, Converged = 379, ‖r‖ (largest λ) = 0.0027347210380131797
Iter 194: V_size = 412, Converged = 379, ‖r‖ (largest λ) = 0.0019958167048110915
Iter 195: V_size = 618, Converged = 379, ‖r‖ (largest λ) = 0.0010384961082861516
Iter 196: V_size = 412, Converged = 379, ‖r‖ (largest λ) = 0.0005864969896003609
EV 380 converged λ = -0.3106281653, ‖r‖ = 2.22e-05, stable for 3 iters
Iter 197: V_size = 617, Converged = 380, ‖r‖ (largest λ) = 0.00034726860676913946
Iter 198: V_size = 410, Converged = 380, ‖r‖ (largest λ) = 5.630372330581475e-5
Iter 199: V_size = 615, Converged = 380, ‖r‖ (largest λ) = 0.0026040539467923696
Iter 200: V_size = 410, Converged = 380, ‖r‖ (largest λ) = 0.002219527456590638
Iter 201: V_size = 615, Converged = 380, ‖r‖ (largest λ) = 0.001366096019563562
Iter 202: V_size = 410, Converged = 380, ‖r‖ (largest λ) = 0.0008940023940846592
Iter 203: V_size = 615, Converged = 380, ‖r‖ (largest λ) = 0.0005814731350023959
Iter 204: V_size = 410, Converged = 380, ‖r‖ (largest λ) = 0.0004485181182333391
Iter 205: V_size = 615, Converged = 380, ‖r‖ (largest λ) = 0.000318551807003429
Iter 206: V_size = 410, Converged = 380, ‖r‖ (largest λ) = 0.00029599801326697704
Iter 207: V_size = 615, Converged = 380, ‖r‖ (largest λ) = 0.00020167459658995094
Iter 208: V_size = 410, Converged = 380, ‖r‖ (largest λ) = 0.00021925184608496804
Iter 209: V_size = 615, Converged = 380, ‖r‖ (largest λ) = 0.00015660799851796779
Iter 210: V_size = 410, Converged = 380, ‖r‖ (largest λ) = 0.00017719744978493055
Iter 211: V_size = 615, Converged = 380, ‖r‖ (largest λ) = 0.00012380958601914562
Iter 212: V_size = 410, Converged = 380, ‖r‖ (largest λ) = 0.00014662011356455568
Iter 213: V_size = 615, Converged = 380, ‖r‖ (largest λ) = 0.00010414920756511463
Iter 214: V_size = 410, Converged = 380, ‖r‖ (largest λ) = 0.00012697645765731363
Iter 215: V_size = 615, Converged = 380, ‖r‖ (largest λ) = 8.996913437147826e-5
Iter 216: V_size = 410, Converged = 380, ‖r‖ (largest λ) = 0.0001088610527538795
Iter 217: V_size = 615, Converged = 380, ‖r‖ (largest λ) = 7.859767868821166e-5
Iter 218: V_size = 410, Converged = 380, ‖r‖ (largest λ) = 9.768748010026644e-5
Iter 219: V_size = 615, Converged = 380, ‖r‖ (largest λ) = 7.145038442867959e-5
Iter 220: V_size = 410, Converged = 380, ‖r‖ (largest λ) = 8.753214768000179e-5
Iter 221: V_size = 615, Converged = 380, ‖r‖ (largest λ) = 6.38115637570862e-5
Iter 222: V_size = 410, Converged = 380, ‖r‖ (largest λ) = 8.063513604132126e-5
Iter 223: V_size = 615, Converged = 380, ‖r‖ (largest λ) = 5.8842068189415706e-5
Iter 224: V_size = 410, Converged = 380, ‖r‖ (largest λ) = 7.297729983017336e-5
Iter 225: V_size = 615, Converged = 380, ‖r‖ (largest λ) = 5.4381328987635365e-5
EV 381 converged λ = -0.3036850273, ‖r‖ = 2.20e-05, stable for 3 iters
Iter 226: V_size = 408, Converged = 381, ‖r‖ (largest λ) = 6.782621152276058e-5
Iter 227: V_size = 612, Converged = 381, ‖r‖ (largest λ) = 4.97285915725588e-5
Iter 228: V_size = 408, Converged = 381, ‖r‖ (largest λ) = 6.347880112067031e-5
Iter 229: V_size = 612, Converged = 381, ‖r‖ (largest λ) = 4.67273299383215e-5
Iter 230: V_size = 408, Converged = 381, ‖r‖ (largest λ) = 5.880300753219966e-5
Iter 231: V_size = 612, Converged = 381, ‖r‖ (largest λ) = 4.4055944827865804e-5
Iter 232: V_size = 408, Converged = 381, ‖r‖ (largest λ) = 5.834002189148185e-5
Iter 233: V_size = 612, Converged = 381, ‖r‖ (largest λ) = 4.1750451560914845e-5
Iter 234: V_size = 408, Converged = 381, ‖r‖ (largest λ) = 5.298425548124695e-5
Iter 235: V_size = 612, Converged = 381, ‖r‖ (largest λ) = 4.066199064805329e-5
Iter 236: V_size = 408, Converged = 381, ‖r‖ (largest λ) = 5.391642857443489e-5
Iter 237: V_size = 612, Converged = 381, ‖r‖ (largest λ) = 3.956112194849444e-5
Iter 238: V_size = 408, Converged = 381, ‖r‖ (largest λ) = 5.1254196371483975e-5
Iter 239: V_size = 612, Converged = 381, ‖r‖ (largest λ) = 3.8937443594321625e-5
Iter 240: V_size = 408, Converged = 381, ‖r‖ (largest λ) = 5.2365374158009755e-5
Iter 241: V_size = 612, Converged = 381, ‖r‖ (largest λ) = 3.847663051704843e-5
EV 382 converged λ = -0.3331307631, ‖r‖ = 2.30e-05, stable for 3 iters
EV 383 converged λ = -0.0066688684, ‖r‖ = 3.09e-06, stable for 3 iters
Iter 242: V_size = 404, Converged = 383, ‖r‖ (largest λ) = 4.9863355574963415e-5
Iter 243: V_size = 606, Converged = 383, ‖r‖ (largest λ) = 3.817462080653893e-5
Iter 244: V_size = 404, Converged = 383, ‖r‖ (largest λ) = 5.32331775575164e-5
Iter 245: V_size = 606, Converged = 383, ‖r‖ (largest λ) = 3.886126544091378e-5
Iter 246: V_size = 404, Converged = 383, ‖r‖ (largest λ) = 4.910236550493969e-5
Iter 247: V_size = 606, Converged = 383, ‖r‖ (largest λ) = 3.925775599380699e-5
Iter 248: V_size = 404, Converged = 383, ‖r‖ (largest λ) = 5.3620313177246836e-5
Iter 249: V_size = 606, Converged = 383, ‖r‖ (largest λ) = 3.9661071419272804e-5
Iter 250: V_size = 404, Converged = 383, ‖r‖ (largest λ) = 5.045911485788334e-5
Iter 251: V_size = 606, Converged = 383, ‖r‖ (largest λ) = 4.0235993574773464e-5
Iter 252: V_size = 404, Converged = 383, ‖r‖ (largest λ) = 5.744135231232531e-5
Iter 253: V_size = 606, Converged = 383, ‖r‖ (largest λ) = 4.099694600957368e-5
Iter 254: V_size = 404, Converged = 383, ‖r‖ (largest λ) = 5.295820326402084e-5
Iter 255: V_size = 606, Converged = 383, ‖r‖ (largest λ) = 4.1915028999041044e-5
Iter 256: V_size = 404, Converged = 383, ‖r‖ (largest λ) = 6.0725566868615435e-5
Iter 257: V_size = 606, Converged = 383, ‖r‖ (largest λ) = 4.305454915459316e-5
Iter 258: V_size = 404, Converged = 383, ‖r‖ (largest λ) = 5.5263537662961986e-5
Iter 259: V_size = 606, Converged = 383, ‖r‖ (largest λ) = 4.399679669626114e-5
Iter 260: V_size = 404, Converged = 383, ‖r‖ (largest λ) = 6.41966673511353e-5
Iter 261: V_size = 606, Converged = 383, ‖r‖ (largest λ) = 4.529494738361712e-5
Iter 262: V_size = 404, Converged = 383, ‖r‖ (largest λ) = 5.8501742993419164e-5
Iter 263: V_size = 606, Converged = 383, ‖r‖ (largest λ) = 4.637451443833329e-5
Iter 264: V_size = 404, Converged = 383, ‖r‖ (largest λ) = 6.62844632272909e-5
Iter 265: V_size = 606, Converged = 383, ‖r‖ (largest λ) = 4.751263309649657e-5
Iter 266: V_size = 404, Converged = 383, ‖r‖ (largest λ) = 6.251825459136035e-5
Iter 267: V_size = 606, Converged = 383, ‖r‖ (largest λ) = 4.872821189877772e-5
Iter 268: V_size = 404, Converged = 383, ‖r‖ (largest λ) = 6.76986487747813e-5
Iter 269: V_size = 606, Converged = 383, ‖r‖ (largest λ) = 5.0225672431884535e-5
Iter 270: V_size = 404, Converged = 383, ‖r‖ (largest λ) = 6.665490515977874e-5
Iter 271: V_size = 606, Converged = 383, ‖r‖ (largest λ) = 5.1053528475854394e-5
Iter 272: V_size = 404, Converged = 383, ‖r‖ (largest λ) = 7.062468026680076e-5
Iter 273: V_size = 606, Converged = 383, ‖r‖ (largest λ) = 5.1725978221053636e-5
Iter 274: V_size = 404, Converged = 383, ‖r‖ (largest λ) = 6.946828418950401e-5
Iter 275: V_size = 606, Converged = 383, ‖r‖ (largest λ) = 5.307913799662607e-5
Iter 276: V_size = 404, Converged = 383, ‖r‖ (largest λ) = 7.355342451233818e-5
Iter 277: V_size = 606, Converged = 383, ‖r‖ (largest λ) = 5.407416966964489e-5
Iter 278: V_size = 404, Converged = 383, ‖r‖ (largest λ) = 7.15833815949113e-5
Iter 279: V_size = 606, Converged = 383, ‖r‖ (largest λ) = 5.495622051431356e-5
Iter 280: V_size = 404, Converged = 383, ‖r‖ (largest λ) = 7.662623656419181e-5
Iter 281: V_size = 606, Converged = 383, ‖r‖ (largest λ) = 5.615264086302089e-5
Iter 282: V_size = 404, Converged = 383, ‖r‖ (largest λ) = 7.27976344505707e-5
Iter 283: V_size = 606, Converged = 383, ‖r‖ (largest λ) = 5.669021230579311e-5
Iter 284: V_size = 404, Converged = 383, ‖r‖ (largest λ) = 7.848118692105146e-5
Iter 285: V_size = 606, Converged = 383, ‖r‖ (largest λ) = 5.7437392282382826e-5
Iter 286: V_size = 404, Converged = 383, ‖r‖ (largest λ) = 7.440720800723368e-5
Iter 287: V_size = 606, Converged = 383, ‖r‖ (largest λ) = 5.7570849795110426e-5
Iter 288: V_size = 404, Converged = 383, ‖r‖ (largest λ) = 8.005400984295046e-5
Iter 289: V_size = 606, Converged = 383, ‖r‖ (largest λ) = 5.8363545258958315e-5
Iter 290: V_size = 404, Converged = 383, ‖r‖ (largest λ) = 7.460412864289083e-5
Iter 291: V_size = 606, Converged = 383, ‖r‖ (largest λ) = 5.860120443659695e-5
Iter 292: V_size = 404, Converged = 383, ‖r‖ (largest λ) = 7.912998968452878e-5
Iter 293: V_size = 606, Converged = 383, ‖r‖ (largest λ) = 5.915617587236948e-5
Iter 294: V_size = 404, Converged = 383, ‖r‖ (largest λ) = 7.583837586871593e-5
Iter 295: V_size = 606, Converged = 383, ‖r‖ (largest λ) = 5.8820514900966966e-5
Iter 296: V_size = 404, Converged = 383, ‖r‖ (largest λ) = 7.945009758334694e-5
Iter 297: V_size = 606, Converged = 383, ‖r‖ (largest λ) = 5.872301073840567e-5
Iter 298: V_size = 404, Converged = 383, ‖r‖ (largest λ) = 7.664360428344792e-5
Iter 299: V_size = 606, Converged = 383, ‖r‖ (largest λ) = 5.861992556178844e-5
Iter 300: V_size = 404, Converged = 383, ‖r‖ (largest λ) = 7.999031602519612e-5
Iter 301: V_size = 606, Converged = 383, ‖r‖ (largest λ) = 5.851798131923685e-5
Iter 302: V_size = 404, Converged = 383, ‖r‖ (largest λ) = 7.593100617844109e-5
Iter 303: V_size = 606, Converged = 383, ‖r‖ (largest λ) = 5.787816443115602e-5
Iter 304: V_size = 404, Converged = 383, ‖r‖ (largest λ) = 7.868731814292428e-5
Iter 305: V_size = 606, Converged = 383, ‖r‖ (largest λ) = 5.767048748498575e-5
Iter 306: V_size = 404, Converged = 383, ‖r‖ (largest λ) = 7.331955419010626e-5
Iter 307: V_size = 606, Converged = 383, ‖r‖ (largest λ) = 5.701988970621136e-5
Iter 308: V_size = 404, Converged = 383, ‖r‖ (largest λ) = 7.762986740920102e-5
Iter 309: V_size = 606, Converged = 383, ‖r‖ (largest λ) = 5.62983803126012e-5
Iter 310: V_size = 404, Converged = 383, ‖r‖ (largest λ) = 7.183471586129188e-5
Iter 311: V_size = 606, Converged = 383, ‖r‖ (largest λ) = 5.573259434241241e-5
Iter 312: V_size = 404, Converged = 383, ‖r‖ (largest λ) = 7.499354830347351e-5
Iter 313: V_size = 606, Converged = 383, ‖r‖ (largest λ) = 5.5312695726958915e-5
Iter 314: V_size = 404, Converged = 383, ‖r‖ (largest λ) = 6.945731153589968e-5
Iter 315: V_size = 606, Converged = 383, ‖r‖ (largest λ) = 5.437368971552297e-5
Iter 316: V_size = 404, Converged = 383, ‖r‖ (largest λ) = 7.233632062321021e-5
Iter 317: V_size = 606, Converged = 383, ‖r‖ (largest λ) = 5.321444357853406e-5
EV 384 converged λ = -0.2925887502, ‖r‖ = 2.16e-05, stable for 3 iters
Iter 318: V_size = 402, Converged = 384, ‖r‖ (largest λ) = 6.684835223325411e-5
Iter 319: V_size = 603, Converged = 384, ‖r‖ (largest λ) = 5.170445855856701e-5
Iter 320: V_size = 402, Converged = 384, ‖r‖ (largest λ) = 7.022033067524806e-5
Iter 321: V_size = 603, Converged = 384, ‖r‖ (largest λ) = 5.073111248735977e-5
Iter 322: V_size = 402, Converged = 384, ‖r‖ (largest λ) = 6.376489619148849e-5
Iter 323: V_size = 603, Converged = 384, ‖r‖ (largest λ) = 4.937632308064594e-5
Iter 324: V_size = 402, Converged = 384, ‖r‖ (largest λ) = 6.680561330803475e-5
Iter 325: V_size = 603, Converged = 384, ‖r‖ (largest λ) = 4.8212850259810474e-5
Iter 326: V_size = 402, Converged = 384, ‖r‖ (largest λ) = 6.089173703359749e-5
Iter 327: V_size = 603, Converged = 384, ‖r‖ (largest λ) = 4.696410523274885e-5
Iter 328: V_size = 402, Converged = 384, ‖r‖ (largest λ) = 6.40187626463692e-5
Iter 329: V_size = 603, Converged = 384, ‖r‖ (largest λ) = 4.5865280926120246e-5
Iter 330: V_size = 402, Converged = 384, ‖r‖ (largest λ) = 5.6341489750074745e-5
Iter 331: V_size = 603, Converged = 384, ‖r‖ (largest λ) = 4.460054890947814e-5
Iter 332: V_size = 402, Converged = 384, ‖r‖ (largest λ) = 6.0683004113077536e-5
Iter 333: V_size = 603, Converged = 384, ‖r‖ (largest λ) = 4.365277608272786e-5
Iter 334: V_size = 402, Converged = 384, ‖r‖ (largest λ) = 5.2032494686335365e-5
Iter 335: V_size = 603, Converged = 384, ‖r‖ (largest λ) = 4.2558611094817545e-5
Iter 336: V_size = 402, Converged = 384, ‖r‖ (largest λ) = 5.827462544857459e-5
Iter 337: V_size = 603, Converged = 384, ‖r‖ (largest λ) = 4.10981804528999e-5
Iter 338: V_size = 402, Converged = 384, ‖r‖ (largest λ) = 4.957107466529938e-5
Iter 339: V_size = 603, Converged = 384, ‖r‖ (largest λ) = 3.972309177988364e-5
Iter 340: V_size = 402, Converged = 384, ‖r‖ (largest λ) = 5.499949882435722e-5
Iter 341: V_size = 603, Converged = 384, ‖r‖ (largest λ) = 3.821080835075321e-5
Iter 342: V_size = 402, Converged = 384, ‖r‖ (largest λ) = 4.666011139019735e-5
Iter 343: V_size = 603, Converged = 384, ‖r‖ (largest λ) = 3.6943565764438264e-5
Iter 344: V_size = 402, Converged = 384, ‖r‖ (largest λ) = 5.0994507320831706e-5
Iter 345: V_size = 603, Converged = 384, ‖r‖ (largest λ) = 3.576156192083968e-5
Iter 346: V_size = 402, Converged = 384, ‖r‖ (largest λ) = 4.282994253577775e-5
Iter 347: V_size = 603, Converged = 384, ‖r‖ (largest λ) = 3.460390621774148e-5
Iter 348: V_size = 402, Converged = 384, ‖r‖ (largest λ) = 4.6622755378591954e-5
Iter 349: V_size = 603, Converged = 384, ‖r‖ (largest λ) = 3.3270289253669185e-5
Iter 350: V_size = 402, Converged = 384, ‖r‖ (largest λ) = 4.085594897383493e-5
Iter 351: V_size = 603, Converged = 384, ‖r‖ (largest λ) = 3.1868075405973e-5
Iter 352: V_size = 402, Converged = 384, ‖r‖ (largest λ) = 4.4170612860677184e-5
Iter 353: V_size = 603, Converged = 384, ‖r‖ (largest λ) = 3.0669905272043255e-5
Iter 354: V_size = 402, Converged = 384, ‖r‖ (largest λ) = 3.8500909240208895e-5
Iter 355: V_size = 603, Converged = 384, ‖r‖ (largest λ) = 2.9566327966826048e-5
Iter 356: V_size = 402, Converged = 384, ‖r‖ (largest λ) = 4.0067645157371815e-5
Iter 357: V_size = 603, Converged = 384, ‖r‖ (largest λ) = 2.8474105129712938e-5
EV 385 converged λ = -0.3050658430, ‖r‖ = 2.19e-05, stable for 3 iters
Iter 358: V_size = 400, Converged = 385, ‖r‖ (largest λ) = 3.5313713626243716e-5
Iter 359: V_size = 600, Converged = 385, ‖r‖ (largest λ) = 2.7291425289793054e-5
Iter 360: V_size = 400, Converged = 385, ‖r‖ (largest λ) = 3.677436467299673e-5
Iter 361: V_size = 600, Converged = 385, ‖r‖ (largest λ) = 2.6288885745826226e-5
Iter 362: V_size = 400, Converged = 385, ‖r‖ (largest λ) = 3.314842432820766e-5
Iter 363: V_size = 600, Converged = 385, ‖r‖ (largest λ) = 2.5318731289775687e-5
Iter 364: V_size = 400, Converged = 385, ‖r‖ (largest λ) = 3.382960280997376e-5
Iter 365: V_size = 600, Converged = 385, ‖r‖ (largest λ) = 2.434339822677545e-5
Iter 366: V_size = 400, Converged = 385, ‖r‖ (largest λ) = 3.036592850856551e-5
Iter 367: V_size = 600, Converged = 385, ‖r‖ (largest λ) = 2.331947871937348e-5
Iter 368: V_size = 400, Converged = 385, ‖r‖ (largest λ) = 3.110155923386382e-5
Iter 369: V_size = 600, Converged = 385, ‖r‖ (largest λ) = 2.2291752656971325e-5
Iter 370: V_size = 400, Converged = 385, ‖r‖ (largest λ) = 2.802533621842091e-5
Iter 371: V_size = 600, Converged = 385, ‖r‖ (largest λ) = 2.1559293455082467e-5
Iter 372: V_size = 400, Converged = 385, ‖r‖ (largest λ) = 2.8327577607041012e-5
Iter 373: V_size = 600, Converged = 385, ‖r‖ (largest λ) = 2.0570162654783412e-5
Iter 374: V_size = 400, Converged = 385, ‖r‖ (largest λ) = 2.571460356332994e-5
Iter 375: V_size = 600, Converged = 385, ‖r‖ (largest λ) = 1.9876115158331802e-5
Iter 376: V_size = 400, Converged = 385, ‖r‖ (largest λ) = 2.5827465116919346e-5
Iter 377: V_size = 600, Converged = 385, ‖r‖ (largest λ) = 1.89811623413736e-5
Iter 378: V_size = 400, Converged = 385, ‖r‖ (largest λ) = 2.3556500301622212e-5
Iter 379: V_size = 600, Converged = 385, ‖r‖ (largest λ) = 1.8299391894533313e-5
Iter 380: V_size = 400, Converged = 385, ‖r‖ (largest λ) = 2.437985720882604e-5
Iter 381: V_size = 600, Converged = 385, ‖r‖ (largest λ) = 1.759807624520552e-5
Iter 382: V_size = 400, Converged = 385, ‖r‖ (largest λ) = 2.1837432784040814e-5
Iter 383: V_size = 600, Converged = 385, ‖r‖ (largest λ) = 1.6929047322389375e-5
Iter 384: V_size = 400, Converged = 385, ‖r‖ (largest λ) = 2.202210426467811e-5
Iter 385: V_size = 600, Converged = 385, ‖r‖ (largest λ) = 1.6275953314890884e-5
Iter 386: V_size = 400, Converged = 385, ‖r‖ (largest λ) = 2.0218196130137263e-5
Iter 387: V_size = 600, Converged = 385, ‖r‖ (largest λ) = 1.5528438754650556e-5
Iter 388: V_size = 400, Converged = 385, ‖r‖ (largest λ) = 2.045258694946634e-5
Iter 389: V_size = 600, Converged = 385, ‖r‖ (largest λ) = 1.489727908540455e-5
Iter 390: V_size = 400, Converged = 385, ‖r‖ (largest λ) = 1.8368831865176238e-5
Iter 391: V_size = 600, Converged = 385, ‖r‖ (largest λ) = 1.4412825530143794e-5
Iter 392: V_size = 400, Converged = 385, ‖r‖ (largest λ) = 1.882855949549608e-5
Iter 393: V_size = 600, Converged = 385, ‖r‖ (largest λ) = 1.373563197117415e-5
Iter 394: V_size = 400, Converged = 385, ‖r‖ (largest λ) = 1.736329809576051e-5
Iter 395: V_size = 600, Converged = 385, ‖r‖ (largest λ) = 1.3230533250449874e-5
Iter 396: V_size = 400, Converged = 385, ‖r‖ (largest λ) = 1.70685055684382e-5
Iter 397: V_size = 600, Converged = 385, ‖r‖ (largest λ) = 1.2723530121473644e-5
Iter 398: V_size = 400, Converged = 385, ‖r‖ (largest λ) = 1.5987721119904517e-5
Iter 399: V_size = 600, Converged = 385, ‖r‖ (largest λ) = 1.2181303570684846e-5
Iter 400: V_size = 400, Converged = 385, ‖r‖ (largest λ) = 1.5844253368397988e-5
Iter 401: V_size = 600, Converged = 385, ‖r‖ (largest λ) = 1.172218028878094e-5
Iter 402: V_size = 400, Converged = 385, ‖r‖ (largest λ) = 1.4801362844790625e-5
Iter 403: V_size = 600, Converged = 385, ‖r‖ (largest λ) = 1.1229086611226507e-5
Iter 404: V_size = 400, Converged = 385, ‖r‖ (largest λ) = 1.4215746217961756e-5
Iter 405: V_size = 600, Converged = 385, ‖r‖ (largest λ) = 1.0829259107377387e-5
Iter 406: V_size = 400, Converged = 385, ‖r‖ (largest λ) = 1.3738274529828898e-5
Iter 407: V_size = 600, Converged = 385, ‖r‖ (largest λ) = 1.044555446458651e-5
Iter 408: V_size = 400, Converged = 385, ‖r‖ (largest λ) = 1.3023158249146426e-5
Iter 409: V_size = 600, Converged = 385, ‖r‖ (largest λ) = 9.998948179578947e-6
Iter 410: V_size = 400, Converged = 385, ‖r‖ (largest λ) = 1.2551403603086106e-5
Iter 411: V_size = 600, Converged = 385, ‖r‖ (largest λ) = 9.529834994025025e-6
Iter 412: V_size = 400, Converged = 385, ‖r‖ (largest λ) = 1.2326677047626581e-5
EV 386 converged λ = -0.2724163697, ‖r‖ = 2.08e-05, stable for 3 iters
Iter 413: V_size = 599, Converged = 386, ‖r‖ (largest λ) = 9.166922881170219e-6
Iter 414: V_size = 398, Converged = 386, ‖r‖ (largest λ) = 8.586106415626796e-6
Iter 415: V_size = 597, Converged = 386, ‖r‖ (largest λ) = 0.0013873899022505151
Iter 416: V_size = 398, Converged = 386, ‖r‖ (largest λ) = 0.002399195960938746
Iter 417: V_size = 597, Converged = 386, ‖r‖ (largest λ) = 0.001405377655390077
Iter 418: V_size = 398, Converged = 386, ‖r‖ (largest λ) = 0.0008818720034724133
EV 387 converged λ = -0.2948169539, ‖r‖ = 2.16e-05, stable for 3 iters
Iter 419: V_size = 596, Converged = 387, ‖r‖ (largest λ) = 0.0005490174698583384
Iter 420: V_size = 396, Converged = 387, ‖r‖ (largest λ) = 8.483733488934343e-6
Iter 421: V_size = 594, Converged = 387, ‖r‖ (largest λ) = 0.0014229710956024687
Iter 422: V_size = 396, Converged = 387, ‖r‖ (largest λ) = 0.0019391176470261347
Iter 423: V_size = 594, Converged = 387, ‖r‖ (largest λ) = 0.001342716307720772
Iter 424: V_size = 396, Converged = 387, ‖r‖ (largest λ) = 0.0010942603646930229
Iter 425: V_size = 594, Converged = 387, ‖r‖ (largest λ) = 0.0008042417803957475
Iter 426: V_size = 396, Converged = 387, ‖r‖ (largest λ) = 0.0009342801111142527
Iter 427: V_size = 594, Converged = 387, ‖r‖ (largest λ) = 0.0006591509362526315
EV 388 converged λ = -0.2864954367, ‖r‖ = 2.14e-05, stable for 3 iters
Iter 428: V_size = 394, Converged = 388, ‖r‖ (largest λ) = 0.0008351326682183403
Iter 429: V_size = 591, Converged = 388, ‖r‖ (largest λ) = 0.0005856775092815998
Iter 430: V_size = 394, Converged = 388, ‖r‖ (largest λ) = 0.0007001246913686066
Iter 431: V_size = 591, Converged = 388, ‖r‖ (largest λ) = 0.0004747610737099678
Iter 432: V_size = 394, Converged = 388, ‖r‖ (largest λ) = 0.0005220872584791572
Iter 433: V_size = 591, Converged = 388, ‖r‖ (largest λ) = 0.0003563414701500352
Iter 434: V_size = 394, Converged = 388, ‖r‖ (largest λ) = 0.00037784847236272485
Iter 435: V_size = 591, Converged = 388, ‖r‖ (largest λ) = 0.0002655004836565244
Iter 436: V_size = 394, Converged = 388, ‖r‖ (largest λ) = 0.0002779503793307778
Iter 437: V_size = 591, Converged = 388, ‖r‖ (largest λ) = 0.0001936227007635154
Iter 438: V_size = 394, Converged = 388, ‖r‖ (largest λ) = 0.0002058623985532488
Iter 439: V_size = 591, Converged = 388, ‖r‖ (largest λ) = 0.00014284062001159126
Iter 440: V_size = 394, Converged = 388, ‖r‖ (largest λ) = 0.00015639560256278202
Iter 441: V_size = 591, Converged = 388, ‖r‖ (largest λ) = 0.00011072044012728206
Iter 442: V_size = 394, Converged = 388, ‖r‖ (largest λ) = 0.00012348563474027507
Iter 443: V_size = 591, Converged = 388, ‖r‖ (largest λ) = 8.714156223476327e-5
Iter 444: V_size = 394, Converged = 388, ‖r‖ (largest λ) = 0.00010277032510740802
Iter 445: V_size = 591, Converged = 388, ‖r‖ (largest λ) = 7.216716503759525e-5
Iter 446: V_size = 394, Converged = 388, ‖r‖ (largest λ) = 8.618654307986683e-5
Iter 447: V_size = 591, Converged = 388, ‖r‖ (largest λ) = 6.202910557544292e-5
Iter 448: V_size = 394, Converged = 388, ‖r‖ (largest λ) = 7.402306577431618e-5
Iter 449: V_size = 591, Converged = 388, ‖r‖ (largest λ) = 5.433346972303407e-5
Iter 450: V_size = 394, Converged = 388, ‖r‖ (largest λ) = 6.850171804267762e-5
Iter 451: V_size = 591, Converged = 388, ‖r‖ (largest λ) = 4.7685792359268606e-5
Iter 452: V_size = 394, Converged = 388, ‖r‖ (largest λ) = 5.946580704835095e-5
Iter 453: V_size = 591, Converged = 388, ‖r‖ (largest λ) = 4.327963574594047e-5
Iter 454: V_size = 394, Converged = 388, ‖r‖ (largest λ) = 5.393081310912613e-5
Iter 455: V_size = 591, Converged = 388, ‖r‖ (largest λ) = 3.998877873379837e-5
Iter 456: V_size = 394, Converged = 388, ‖r‖ (largest λ) = 4.932641888058101e-5
Iter 457: V_size = 591, Converged = 388, ‖r‖ (largest λ) = 3.650663751496621e-5
Iter 458: V_size = 394, Converged = 388, ‖r‖ (largest λ) = 4.527253729440694e-5
EV 389 converged λ = -0.2973046326, ‖r‖ = 2.17e-05, stable for 3 iters
Iter 459: V_size = 590, Converged = 389, ‖r‖ (largest λ) = 3.377887279049275e-5
Iter 460: V_size = 392, Converged = 389, ‖r‖ (largest λ) = 8.070979503006915e-6
Iter 461: V_size = 588, Converged = 389, ‖r‖ (largest λ) = 0.0016737418948950587
Iter 462: V_size = 392, Converged = 389, ‖r‖ (largest λ) = 0.0022689261781196836
Iter 463: V_size = 588, Converged = 389, ‖r‖ (largest λ) = 0.0013147139852463779
Iter 464: V_size = 392, Converged = 389, ‖r‖ (largest λ) = 0.0008077587468431718
Iter 465: V_size = 588, Converged = 389, ‖r‖ (largest λ) = 0.0005097971577670322
Iter 466: V_size = 392, Converged = 389, ‖r‖ (largest λ) = 0.0003632064174776845
Iter 467: V_size = 588, Converged = 389, ‖r‖ (largest λ) = 0.0002591614577073003
Iter 468: V_size = 392, Converged = 389, ‖r‖ (largest λ) = 0.000232144243945966
Iter 469: V_size = 588, Converged = 389, ‖r‖ (largest λ) = 0.00016621189718356384
Iter 470: V_size = 392, Converged = 389, ‖r‖ (largest λ) = 0.00018761031776356468
Iter 471: V_size = 588, Converged = 389, ‖r‖ (largest λ) = 0.0001343738715342728
Iter 472: V_size = 392, Converged = 389, ‖r‖ (largest λ) = 0.00017810752890850987
Iter 473: V_size = 588, Converged = 389, ‖r‖ (largest λ) = 0.00012278745151547756
Iter 474: V_size = 392, Converged = 389, ‖r‖ (largest λ) = 0.00016420486104812423
Iter 475: V_size = 588, Converged = 389, ‖r‖ (largest λ) = 0.00011814368794303084
Iter 476: V_size = 392, Converged = 389, ‖r‖ (largest λ) = 0.00015972715890331832
Iter 477: V_size = 588, Converged = 389, ‖r‖ (largest λ) = 0.00011291688848627544
Iter 478: V_size = 392, Converged = 389, ‖r‖ (largest λ) = 0.00015336616053170828
Iter 479: V_size = 588, Converged = 389, ‖r‖ (largest λ) = 0.00011017326988905559
Iter 480: V_size = 392, Converged = 389, ‖r‖ (largest λ) = 0.00015168510429187443
Iter 481: V_size = 588, Converged = 389, ‖r‖ (largest λ) = 0.00010777605739693598
Iter 482: V_size = 392, Converged = 389, ‖r‖ (largest λ) = 0.0001452546451884504
Iter 483: V_size = 588, Converged = 389, ‖r‖ (largest λ) = 0.00010598665836479245
Iter 484: V_size = 392, Converged = 389, ‖r‖ (largest λ) = 0.00014526606504245278
Iter 485: V_size = 588, Converged = 389, ‖r‖ (largest λ) = 0.00010500793529986163
Iter 486: V_size = 392, Converged = 389, ‖r‖ (largest λ) = 0.00013885510560675867
Iter 487: V_size = 588, Converged = 389, ‖r‖ (largest λ) = 0.00010434211305155099
Iter 488: V_size = 392, Converged = 389, ‖r‖ (largest λ) = 0.0001365772295060168
Iter 489: V_size = 588, Converged = 389, ‖r‖ (largest λ) = 0.00010144469029650366
Iter 490: V_size = 392, Converged = 389, ‖r‖ (largest λ) = 0.00013575457034317227
Iter 491: V_size = 588, Converged = 389, ‖r‖ (largest λ) = 0.00010007398834510379
Iter 492: V_size = 392, Converged = 389, ‖r‖ (largest λ) = 0.00013304490564721035
Iter 493: V_size = 588, Converged = 389, ‖r‖ (largest λ) = 9.833568163501101e-5
Iter 494: V_size = 392, Converged = 389, ‖r‖ (largest λ) = 0.00012980553657196487
Iter 495: V_size = 588, Converged = 389, ‖r‖ (largest λ) = 9.71599494046722e-5
Iter 496: V_size = 392, Converged = 389, ‖r‖ (largest λ) = 0.00013212303193767605
Iter 497: V_size = 588, Converged = 389, ‖r‖ (largest λ) = 9.673169596904037e-5
Iter 498: V_size = 392, Converged = 389, ‖r‖ (largest λ) = 0.00012958197090446883
Iter 499: V_size = 588, Converged = 389, ‖r‖ (largest λ) = 9.571918958318922e-5
Iter 500: V_size = 392, Converged = 389, ‖r‖ (largest λ) = 0.0001308577932020413
Iter 501: V_size = 588, Converged = 389, ‖r‖ (largest λ) = 9.624186930200587e-5
Iter 502: V_size = 392, Converged = 389, ‖r‖ (largest λ) = 0.00012814156540450286
Iter 503: V_size = 588, Converged = 389, ‖r‖ (largest λ) = 9.571370991430006e-5
Iter 504: V_size = 392, Converged = 389, ‖r‖ (largest λ) = 0.00012558256156507038
Iter 505: V_size = 588, Converged = 389, ‖r‖ (largest λ) = 9.620949843294341e-5
Iter 506: V_size = 392, Converged = 389, ‖r‖ (largest λ) = 0.00012733444760228236
Iter 507: V_size = 588, Converged = 389, ‖r‖ (largest λ) = 9.521778665232499e-5
Iter 508: V_size = 392, Converged = 389, ‖r‖ (largest λ) = 0.00012454874045520202
Iter 509: V_size = 588, Converged = 389, ‖r‖ (largest λ) = 9.492352181731885e-5
Iter 510: V_size = 392, Converged = 389, ‖r‖ (largest λ) = 0.0001267951096093109
Iter 511: V_size = 588, Converged = 389, ‖r‖ (largest λ) = 9.486932142128831e-5
Iter 512: V_size = 392, Converged = 389, ‖r‖ (largest λ) = 0.00012511921285977113
Iter 513: V_size = 588, Converged = 389, ‖r‖ (largest λ) = 9.516895144917464e-5
Iter 514: V_size = 392, Converged = 389, ‖r‖ (largest λ) = 0.00012242915824941188
Iter 515: V_size = 588, Converged = 389, ‖r‖ (largest λ) = 9.37915314250869e-5
Iter 516: V_size = 392, Converged = 389, ‖r‖ (largest λ) = 0.00012023491989641487
Iter 517: V_size = 588, Converged = 389, ‖r‖ (largest λ) = 9.181085872036682e-5
Iter 518: V_size = 392, Converged = 389, ‖r‖ (largest λ) = 0.00012622060186605682
Iter 519: V_size = 588, Converged = 389, ‖r‖ (largest λ) = 9.098391671367728e-5
EV 390 converged λ = -0.2827605303, ‖r‖ = 2.11e-05, stable for 3 iters
Iter 520: V_size = 390, Converged = 390, ‖r‖ (largest λ) = 0.00011768818983896353
Iter 521: V_size = 585, Converged = 390, ‖r‖ (largest λ) = 8.863448040897667e-5
Iter 522: V_size = 390, Converged = 390, ‖r‖ (largest λ) = 0.00012147356910952507
Iter 523: V_size = 585, Converged = 390, ‖r‖ (largest λ) = 8.784307302789698e-5
Iter 524: V_size = 390, Converged = 390, ‖r‖ (largest λ) = 0.00011356835446824769
Iter 525: V_size = 585, Converged = 390, ‖r‖ (largest λ) = 8.539424695183343e-5
Iter 526: V_size = 390, Converged = 390, ‖r‖ (largest λ) = 0.00011510738726072976
Iter 527: V_size = 585, Converged = 390, ‖r‖ (largest λ) = 8.301008790686438e-5
Iter 528: V_size = 390, Converged = 390, ‖r‖ (largest λ) = 0.00010878288395124441
Iter 529: V_size = 585, Converged = 390, ‖r‖ (largest λ) = 8.070390024188164e-5
Iter 530: V_size = 390, Converged = 390, ‖r‖ (largest λ) = 0.00010825975708678208
Iter 531: V_size = 585, Converged = 390, ‖r‖ (largest λ) = 7.916380576074013e-5
Iter 532: V_size = 390, Converged = 390, ‖r‖ (largest λ) = 0.00010086009689275659
Iter 533: V_size = 585, Converged = 390, ‖r‖ (largest λ) = 7.649188179309608e-5
Iter 534: V_size = 390, Converged = 390, ‖r‖ (largest λ) = 0.00010218869593304175
Iter 535: V_size = 585, Converged = 390, ‖r‖ (largest λ) = 7.456299260206057e-5
Iter 536: V_size = 390, Converged = 390, ‖r‖ (largest λ) = 9.5529800201049e-5
Iter 537: V_size = 585, Converged = 390, ‖r‖ (largest λ) = 7.172804337668469e-5
Iter 538: V_size = 390, Converged = 390, ‖r‖ (largest λ) = 9.407806896900901e-5
Iter 539: V_size = 585, Converged = 390, ‖r‖ (largest λ) = 6.916484024526641e-5
Iter 540: V_size = 390, Converged = 390, ‖r‖ (largest λ) = 8.937298752332941e-5
Iter 541: V_size = 585, Converged = 390, ‖r‖ (largest λ) = 6.681527499737612e-5
Iter 542: V_size = 390, Converged = 390, ‖r‖ (largest λ) = 8.648687240133498e-5
Iter 543: V_size = 585, Converged = 390, ‖r‖ (largest λ) = 6.381675232176625e-5
Iter 544: V_size = 390, Converged = 390, ‖r‖ (largest λ) = 8.266618557573833e-5
Iter 545: V_size = 585, Converged = 390, ‖r‖ (largest λ) = 6.140860339675687e-5
Iter 546: V_size = 390, Converged = 390, ‖r‖ (largest λ) = 7.874010674463054e-5
Iter 547: V_size = 585, Converged = 390, ‖r‖ (largest λ) = 5.914384873151616e-5
Iter 548: V_size = 390, Converged = 390, ‖r‖ (largest λ) = 7.739051046446786e-5
Iter 549: V_size = 585, Converged = 390, ‖r‖ (largest λ) = 5.629782111964766e-5
Iter 550: V_size = 390, Converged = 390, ‖r‖ (largest λ) = 7.1864254487694e-5
Iter 551: V_size = 585, Converged = 390, ‖r‖ (largest λ) = 5.3906332785961814e-5
EV 391 converged λ = -0.2576269837, ‖r‖ = 2.03e-05, stable for 3 iters
Iter 552: V_size = 388, Converged = 391, ‖r‖ (largest λ) = 6.808190670360723e-5
Iter 553: V_size = 582, Converged = 391, ‖r‖ (largest λ) = 5.116445508888305e-5
Iter 554: V_size = 388, Converged = 391, ‖r‖ (largest λ) = 6.798772965483796e-5
Iter 555: V_size = 582, Converged = 391, ‖r‖ (largest λ) = 4.941206792804455e-5
Iter 556: V_size = 388, Converged = 391, ‖r‖ (largest λ) = 6.18347072962835e-5
Iter 557: V_size = 582, Converged = 391, ‖r‖ (largest λ) = 4.668794305424885e-5
Iter 558: V_size = 388, Converged = 391, ‖r‖ (largest λ) = 6.124397167816365e-5
Iter 559: V_size = 582, Converged = 391, ‖r‖ (largest λ) = 4.444152654128373e-5
Iter 560: V_size = 388, Converged = 391, ‖r‖ (largest λ) = 5.618511624426906e-5
Iter 561: V_size = 582, Converged = 391, ‖r‖ (largest λ) = 4.232433186643253e-5
Iter 562: V_size = 388, Converged = 391, ‖r‖ (largest λ) = 5.564943416142302e-5
Iter 563: V_size = 582, Converged = 391, ‖r‖ (largest λ) = 4.0478683774906766e-5
Iter 564: V_size = 388, Converged = 391, ‖r‖ (largest λ) = 5.158091550805047e-5
Iter 565: V_size = 582, Converged = 391, ‖r‖ (largest λ) = 3.8565347755409654e-5
Iter 566: V_size = 388, Converged = 391, ‖r‖ (largest λ) = 4.884525656785593e-5
Iter 567: V_size = 582, Converged = 391, ‖r‖ (largest λ) = 3.684795209534946e-5
Iter 568: V_size = 388, Converged = 391, ‖r‖ (largest λ) = 4.6412830995256685e-5
Iter 569: V_size = 582, Converged = 391, ‖r‖ (largest λ) = 3.513814306709034e-5
Iter 570: V_size = 388, Converged = 391, ‖r‖ (largest λ) = 4.582086674728947e-5
Iter 571: V_size = 582, Converged = 391, ‖r‖ (largest λ) = 3.34511663064621e-5
Iter 572: V_size = 388, Converged = 391, ‖r‖ (largest λ) = 4.1899824671825504e-5
Iter 573: V_size = 582, Converged = 391, ‖r‖ (largest λ) = 3.200180870671023e-5
Iter 574: V_size = 388, Converged = 391, ‖r‖ (largest λ) = 4.129779886968981e-5
Iter 575: V_size = 582, Converged = 391, ‖r‖ (largest λ) = 3.0299775620077356e-5
Iter 576: V_size = 388, Converged = 391, ‖r‖ (largest λ) = 3.8684340014735074e-5
Iter 577: V_size = 582, Converged = 391, ‖r‖ (largest λ) = 2.8738898973437617e-5
Iter 578: V_size = 388, Converged = 391, ‖r‖ (largest λ) = 3.6740263197593606e-5
Iter 579: V_size = 582, Converged = 391, ‖r‖ (largest λ) = 2.7575889183182508e-5
Iter 580: V_size = 388, Converged = 391, ‖r‖ (largest λ) = 3.5521881476446e-5
Iter 581: V_size = 582, Converged = 391, ‖r‖ (largest λ) = 2.61173523162022e-5
Iter 582: V_size = 388, Converged = 391, ‖r‖ (largest λ) = 3.396273509257823e-5
Iter 583: V_size = 582, Converged = 391, ‖r‖ (largest λ) = 2.4780189882085478e-5
Iter 584: V_size = 388, Converged = 391, ‖r‖ (largest λ) = 3.2208967303574385e-5
Iter 585: V_size = 582, Converged = 391, ‖r‖ (largest λ) = 2.3665195255375465e-5
Iter 586: V_size = 388, Converged = 391, ‖r‖ (largest λ) = 2.9848469170284274e-5
Iter 587: V_size = 582, Converged = 391, ‖r‖ (largest λ) = 2.245088476955758e-5
Iter 588: V_size = 388, Converged = 391, ‖r‖ (largest λ) = 2.913325556619924e-5
Iter 589: V_size = 582, Converged = 391, ‖r‖ (largest λ) = 2.1548554443949703e-5
Iter 590: V_size = 388, Converged = 391, ‖r‖ (largest λ) = 2.7018894534556594e-5
EV 392 converged λ = -0.2619914426, ‖r‖ = 2.03e-05, stable for 3 iters
Iter 591: V_size = 581, Converged = 392, ‖r‖ (largest λ) = 2.0581676149011446e-5
Iter 592: V_size = 386, Converged = 392, ‖r‖ (largest λ) = 6.9897202307498944e-6
Iter 593: V_size = 579, Converged = 392, ‖r‖ (largest λ) = 0.001489365972456958
Iter 594: V_size = 386, Converged = 392, ‖r‖ (largest λ) = 0.0023217227524813255
EV 393 converged λ = -0.0306665625, ‖r‖ = 6.97e-06, stable for 3 iters
Iter 595: V_size = 578, Converged = 393, ‖r‖ (largest λ) = 0.001340375984970459
Iter 596: V_size = 384, Converged = 393, ‖r‖ (largest λ) = 4.7619349992054455e-5
Iter 597: V_size = 576, Converged = 393, ‖r‖ (largest λ) = 0.0010518299349600373
Iter 598: V_size = 384, Converged = 393, ‖r‖ (largest λ) = 0.002505132820111288
EV 394 converged λ = -0.2552699004, ‖r‖ = 2.01e-05, stable for 3 iters
Iter 599: V_size = 575, Converged = 394, ‖r‖ (largest λ) = 0.0015615435539228183
Iter 600: V_size = 382, Converged = 394, ‖r‖ (largest λ) = 4.746867357451969e-5
Iter 601: V_size = 573, Converged = 394, ‖r‖ (largest λ) = 0.0016195055345377529
Iter 602: V_size = 382, Converged = 394, ‖r‖ (largest λ) = 0.0023734772314692085
Iter 603: V_size = 573, Converged = 394, ‖r‖ (largest λ) = 0.001383438159505429
Iter 604: V_size = 382, Converged = 394, ‖r‖ (largest λ) = 0.0008544629406302752
Iter 605: V_size = 573, Converged = 394, ‖r‖ (largest λ) = 0.0005292391813239887
Iter 606: V_size = 382, Converged = 394, ‖r‖ (largest λ) = 0.00036483531230989207
Iter 607: V_size = 573, Converged = 394, ‖r‖ (largest λ) = 0.0002477609687412768
Iter 608: V_size = 382, Converged = 394, ‖r‖ (largest λ) = 0.0001854446834644589
Iter 609: V_size = 573, Converged = 394, ‖r‖ (largest λ) = 0.0001255778950002945
Iter 610: V_size = 382, Converged = 394, ‖r‖ (largest λ) = 0.00011365723819904821
Iter 611: V_size = 573, Converged = 394, ‖r‖ (largest λ) = 7.833834490512465e-5
Iter 612: V_size = 382, Converged = 394, ‖r‖ (largest λ) = 8.858052172569133e-5
Iter 613: V_size = 573, Converged = 394, ‖r‖ (largest λ) = 6.290062103647027e-5
Iter 614: V_size = 382, Converged = 394, ‖r‖ (largest λ) = 8.323481870883381e-5
Iter 615: V_size = 573, Converged = 394, ‖r‖ (largest λ) = 5.87564942045991e-5
Iter 616: V_size = 382, Converged = 394, ‖r‖ (largest λ) = 8.168017920938155e-5
Iter 617: V_size = 573, Converged = 394, ‖r‖ (largest λ) = 5.815544105214263e-5
Iter 618: V_size = 382, Converged = 394, ‖r‖ (largest λ) = 7.768104424453705e-5
Iter 619: V_size = 573, Converged = 394, ‖r‖ (largest λ) = 5.721065459750449e-5
Iter 620: V_size = 382, Converged = 394, ‖r‖ (largest λ) = 8.171556879695536e-5
Iter 621: V_size = 573, Converged = 394, ‖r‖ (largest λ) = 5.811885980498272e-5
Iter 622: V_size = 382, Converged = 394, ‖r‖ (largest λ) = 7.948054047324699e-5
Iter 623: V_size = 573, Converged = 394, ‖r‖ (largest λ) = 5.920965786046113e-5
Iter 624: V_size = 382, Converged = 394, ‖r‖ (largest λ) = 8.418628286082616e-5
Iter 625: V_size = 573, Converged = 394, ‖r‖ (largest λ) = 6.0605998689881105e-5
Iter 626: V_size = 382, Converged = 394, ‖r‖ (largest λ) = 8.028930703417566e-5
Iter 627: V_size = 573, Converged = 394, ‖r‖ (largest λ) = 6.028432422637771e-5
Iter 628: V_size = 382, Converged = 394, ‖r‖ (largest λ) = 8.488616250944251e-5
Iter 629: V_size = 573, Converged = 394, ‖r‖ (largest λ) = 6.169521312915915e-5
Iter 630: V_size = 382, Converged = 394, ‖r‖ (largest λ) = 7.966663477048622e-5
Iter 631: V_size = 573, Converged = 394, ‖r‖ (largest λ) = 6.193503277318336e-5
Iter 632: V_size = 382, Converged = 394, ‖r‖ (largest λ) = 8.602917378937953e-5
Iter 633: V_size = 573, Converged = 394, ‖r‖ (largest λ) = 6.329817323391224e-5
Iter 634: V_size = 382, Converged = 394, ‖r‖ (largest λ) = 8.281223294389057e-5
Iter 635: V_size = 573, Converged = 394, ‖r‖ (largest λ) = 6.302503794215861e-5
Iter 636: V_size = 382, Converged = 394, ‖r‖ (largest λ) = 8.873377729821305e-5
Iter 637: V_size = 573, Converged = 394, ‖r‖ (largest λ) = 6.379237944035148e-5
Iter 638: V_size = 382, Converged = 394, ‖r‖ (largest λ) = 8.018590068726524e-5
Iter 639: V_size = 573, Converged = 394, ‖r‖ (largest λ) = 6.368838208679438e-5
Iter 640: V_size = 382, Converged = 394, ‖r‖ (largest λ) = 8.89334663762949e-5
Iter 641: V_size = 573, Converged = 394, ‖r‖ (largest λ) = 6.477661675817953e-5
Iter 642: V_size = 382, Converged = 394, ‖r‖ (largest λ) = 8.044024016941815e-5
Iter 643: V_size = 573, Converged = 394, ‖r‖ (largest λ) = 6.438972615633542e-5
Iter 644: V_size = 382, Converged = 394, ‖r‖ (largest λ) = 8.931442887343653e-5
Iter 645: V_size = 573, Converged = 394, ‖r‖ (largest λ) = 6.451230876708931e-5
Iter 646: V_size = 382, Converged = 394, ‖r‖ (largest λ) = 8.228057650591918e-5
Iter 647: V_size = 573, Converged = 394, ‖r‖ (largest λ) = 6.375238572086788e-5
Iter 648: V_size = 382, Converged = 394, ‖r‖ (largest λ) = 8.891010232587951e-5
Iter 649: V_size = 573, Converged = 394, ‖r‖ (largest λ) = 6.436185105634142e-5
Iter 650: V_size = 382, Converged = 394, ‖r‖ (largest λ) = 8.119720914349397e-5
Iter 651: V_size = 573, Converged = 394, ‖r‖ (largest λ) = 6.304848187866895e-5
Iter 652: V_size = 382, Converged = 394, ‖r‖ (largest λ) = 8.61996014589606e-5
Iter 653: V_size = 573, Converged = 394, ‖r‖ (largest λ) = 6.288402354180364e-5
Iter 654: V_size = 382, Converged = 394, ‖r‖ (largest λ) = 8.065396361121361e-5
Iter 655: V_size = 573, Converged = 394, ‖r‖ (largest λ) = 6.222215372509076e-5
Iter 656: V_size = 382, Converged = 394, ‖r‖ (largest λ) = 8.78872047743532e-5
Iter 657: V_size = 573, Converged = 394, ‖r‖ (largest λ) = 6.273627514414337e-5
Iter 658: V_size = 382, Converged = 394, ‖r‖ (largest λ) = 7.735267111843748e-5
Iter 659: V_size = 573, Converged = 394, ‖r‖ (largest λ) = 6.148369625619682e-5
Iter 660: V_size = 382, Converged = 394, ‖r‖ (largest λ) = 8.217106246107377e-5
Iter 661: V_size = 573, Converged = 394, ‖r‖ (largest λ) = 6.0651983783258984e-5
Iter 662: V_size = 382, Converged = 394, ‖r‖ (largest λ) = 7.908097127599828e-5
Iter 663: V_size = 573, Converged = 394, ‖r‖ (largest λ) = 5.9887593844535765e-5
Iter 664: V_size = 382, Converged = 394, ‖r‖ (largest λ) = 7.913756624193044e-5
Iter 665: V_size = 573, Converged = 394, ‖r‖ (largest λ) = 5.9269879802140366e-5
Iter 666: V_size = 382, Converged = 394, ‖r‖ (largest λ) = 7.688569278332713e-5
Iter 667: V_size = 573, Converged = 394, ‖r‖ (largest λ) = 5.8120469753959546e-5
EV 395 converged λ = -0.2570018980, ‖r‖ = 2.02e-05, stable for 3 iters
Iter 668: V_size = 380, Converged = 395, ‖r‖ (largest λ) = 7.80974899922608e-5
Iter 669: V_size = 570, Converged = 395, ‖r‖ (largest λ) = 5.68622181132138e-5
Iter 670: V_size = 380, Converged = 395, ‖r‖ (largest λ) = 7.312275566410773e-5
Iter 671: V_size = 570, Converged = 395, ‖r‖ (largest λ) = 5.599457792743017e-5
