Processing molecule: 3
Running with beta = 30
Running with l = 1000
Starting Davidson with n_aux = 3000, l_buffer = 1300, lc = 1010, thresh = 0.0015, max_iter = 100
Iter 1: V_size = 200, Converged = 0, ‖r‖ (largest λ) = 0.3351832288879593
Iter 2: V_size = 400, Converged = 0, ‖r‖ (largest λ) = 0.3298875920397203
Iter 3: V_size = 800, Converged = 0, ‖r‖ (largest λ) = 0.22005464037352684
Iter 4: V_size = 1600, Converged = 0, ‖r‖ (largest λ) = 0.15060182862151572
Iter 5: V_size = 2853, Converged = 47, ‖r‖ (largest λ) = 0.2154593618418808
Iter 6: V_size = 2504, Converged = 48, ‖r‖ (largest λ) = 0.23665269692226035
Iter 7: V_size = 2504, Converged = 48, ‖r‖ (largest λ) = 0.18290911654770572
Iter 8: V_size = 2504, Converged = 48, ‖r‖ (largest λ) = 0.1205924181508725
Iter 9: V_size = 2360, Converged = 120, ‖r‖ (largest λ) = 0.09611608932148423
Hybrid Davidson-JD corrections at iteration 10
Iter 10: V_size = 2360, Converged = 120, ‖r‖ (largest λ) = 0.08173520933066798
Hybrid Davidson-JD corrections at iteration 11
Iter 11: V_size = 2360, Converged = 120, ‖r‖ (largest λ) = 0.07664437341585009
Hybrid Davidson-JD corrections at iteration 12
Iter 12: V_size = 2246, Converged = 177, ‖r‖ (largest λ) = 0.05893059297198911
Hybrid Davidson-JD corrections at iteration 13
Iter 13: V_size = 2246, Converged = 177, ‖r‖ (largest λ) = 0.055130146950135336
Hybrid Davidson-JD corrections at iteration 14
Iter 14: V_size = 2246, Converged = 177, ‖r‖ (largest λ) = 0.04519817169547924
Hybrid Davidson-JD corrections at iteration 15
Iter 15: V_size = 2154, Converged = 223, ‖r‖ (largest λ) = 0.04523676955511852
Hybrid Davidson-JD corrections at iteration 16
Iter 16: V_size = 2154, Converged = 223, ‖r‖ (largest λ) = 0.03729686101076124
Hybrid Davidson-JD corrections at iteration 17
Iter 17: V_size = 2154, Converged = 223, ‖r‖ (largest λ) = 0.037663166640680826
Hybrid Davidson-JD corrections at iteration 18
Iter 18: V_size = 2040, Converged = 280, ‖r‖ (largest λ) = 0.031018703272199428
Hybrid Davidson-JD corrections at iteration 19
Iter 19: V_size = 2040, Converged = 280, ‖r‖ (largest λ) = 0.031407938910032095
Hybrid Davidson-JD corrections at iteration 20
Iter 20: V_size = 2040, Converged = 280, ‖r‖ (largest λ) = 0.026162197141853763
Hybrid Davidson-JD corrections at iteration 21
Iter 21: V_size = 2929, Converged = 411, ‖r‖ (largest λ) = 0.026168934146639993
Hybrid Davidson-JD corrections at iteration 22
Iter 22: V_size = 1778, Converged = 411, ‖r‖ (largest λ) = 0.022166257046066083
Hybrid Davidson-JD corrections at iteration 23
Iter 23: V_size = 2667, Converged = 411, ‖r‖ (largest λ) = 0.16312772886495977
Hybrid Davidson-JD corrections at iteration 24
Iter 24: V_size = 1778, Converged = 411, ‖r‖ (largest λ) = 0.09516963269783607
Hybrid Davidson-JD corrections at iteration 25
Iter 25: V_size = 2073, Converged = 1005, ‖r‖ (largest λ) = 0.06616596141124148
Hybrid Davidson-JD corrections at iteration 26
Iter 26: V_size = 2368, Converged = 1005, ‖r‖ (largest λ) = 0.4018881554173372
Hybrid Davidson-JD corrections at iteration 27
Iter 27: V_size = 2663, Converged = 1005, ‖r‖ (largest λ) = 0.07195695099091845
Hybrid Davidson-JD corrections at iteration 28
Iter 28: V_size = 2958, Converged = 1005, ‖r‖ (largest λ) = 0.04926254632495057
Converged all required eigenvalues.
28229.655106 seconds (882.56 M allocations: 21.432 TiB, 2.83% gc time, 0.01% compilation time)
Number of FLOPs: 103243812008660

Reading exact Eigenvalues...
Reading eigenvalues from ../../test/Eigenvalues_folder/eigenresults_matrix_3.jld2

Compute the difference between computed and exact eigenvalues:
1×1000 adjoint(::Vector{Float64}) with eltype Float64:
 -3.55271e-15  -1.15463e-14  7.10543e-15  -4.44089e-15  -4.44089e-16  -7.99361e-15  -1.06581e-14  -1.68754e-14  -2.53131e-14  -2.9754e-14  -4.4853e-14  -6.92779e-14  -9.01501e-14  -1.24789e-13  -1.76303e-13  -2.43361e-13  -3.04201e-13  -4.06786e-13  -5.32463e-13  -6.98108e-13  -8.1446e-13  -1.21991e-12  -1.47038e-12  -1.98153e-12  -2.30882e-12  -3.13705e-12  -3.6855e-12  -4.90008e-12  -6.22968e-12  -7.01572e-12  -8.69971e-12  -1.09983e-11  -1.16143e-11  -1.7339e-11  -2.13767e-11  -2.3515e-11  -2.87819e-11  -3.2943e-11  -5.0524e-11  -5.80931e-11  -6.18663e-11  -8.94693e-11  -8.81673e-11  -1.16277e-10  -1.30363e-10  -1.47427e-10  -1.51215e-10  4.44089e-16  -2.44147e-10  2.44249e-15  -1.11022e-15  2.22045e-16  -1.11022e-15  1.11022e-15  1.9984e-15  2.22045e-16  -1.11022e-15  -4.44089e-16  -1.9984e-15  -6.66134e-16  3.10862e-15  4.44089e-16  -8.88178e-16  -1.9984e-15  4.44089e-16  2.22045e-16  -8.88178e-16  -1.9984e-15  -4.21885e-15  -2.22045e-15  -5.10703e-15  -5.32907e-15  -7.99361e-15  -1.04361e-14  -1.11022e-14  -1.5099e-14  -1.93179e-14  -2.9976e-14  -3.15303e-14  -5.4623e-14  -5.17364e-14  -7.34968e-14  -8.68194e-14  -1.21014e-13  -2.85993e-13  -3.53273e-13  -3.38618e-13  -7.31193e-13  -6.38378e-13  -1.0576e-12  -1.42975e-12  -1.49147e-12  -1.43263e-12  -4.31166e-12  -3.4297e-12  -1.0532e-11  -9.19842e-12  -1.57163e-11  -1.52722e-11  -4.65685e-11  -1.68963e-10  -3.75551e-9  -5.94098e-9  -5.23081e-9  -6.91912e-9  -8.69973e-9  -9.39474e-9  -1.02193e-8  -1.2169e-8  -1.45041e-8  -1.55612e-8  -2.10432e-8  -2.3302e-8  -2.45657e-8  -2.88834e-8  -3.35028e-8  -3.75351e-8  -3.85753e-8  -4.17876e-8  -1.0366e-10  -5.19015e-8  -1.25514e-10  -1.72136e-10  -1.49518e-10  -1.89027e-10  -2.41976e-10  -2.63569e-10  -3.57922e-10  -4.57051e-10  -4.58134e-10  -5.8119e-10  -6.76349e-10  -8.42563e-10  -1.13903e-9  -1.04598e-9  -1.57676e-9  -1.44362e-9  -2.15047e-9  -1.79046e-9  -2.69762e-9  -2.18815e-9  -3.02044e-9  -3.89499e-9  -4.41999e-9  -4.95125e-9  -5.07975e-9  -6.89158e-9  -7.9173e-9  -1.04088e-8  -1.11204e-8  -1.02242e-8  -1.38743e-8  -1.40299e-8  -1.88955e-8  -2.04235e-8  -4.10114e-8  -3.19211e-8  -3.2394e-8  -3.11631e-8  -4.61756e-8  -4.56953e-8  -5.82844e-8  -7.2923e-8  -7.21878e-8  -8.59338e-8  -9.57373e-8  -1.01521e-7  -1.17738e-7  -1.59921e-7  -1.57245e-7  -1.85849e-7  -1.63943e-7  -2.3773e-7  -2.8616e-7  -3.01011e-7  -3.65018e-7  -9.53169e-9  -1.04143e-8  -4.67967e-7  -1.15341e-8  -1.09723e-8  -1.29962e-8  -1.73728e-8  -2.42292e-8  -2.30067e-8  -2.58197e-8  -2.84428e-8  -3.29839e-8  -2.97818e-8  -4.02791e-8  -3.73976e-8  -4.6466e-8  -5.35997e-8  -5.08586e-8  -6.03567e-8  -6.67341e-8  -9.07021e-8  -6.65532e-8  -8.38239e-8  -1.04144e-7  -1.06823e-7  -1.48859e-7  -1.81125e-7  -2.16768e-7  -2.8953e-7  -2.67992e-7  -2.4093e-7  -2.67989e-7  -2.9014e-7  -2.81303e-7  -3.46144e-7  -4.68011e-7  -4.45153e-7  -5.63603e-7  -6.67321e-7  -7.95813e-7  -6.21375e-7  -9.38045e-7  -8.52281e-7  -1.0535e-6  -1.02562e-6  -1.03364e-6  -1.07528e-6  -8.68941e-8  -1.00317e-7  -8.47345e-8  -1.11225e-7  -9.78077e-8  -9.47424e-8  -1.3441e-7  -1.78183e-7  -1.8132e-7  -1.61218e-7  -1.66103e-7  -1.6797e-7  -1.84689e-7  -1.71169e-7  -2.36586e-7  -2.21976e-7  -3.11211e-7  -2.3989e-7  -2.54452e-7  -3.28874e-7  -4.93061e-7  -4.48468e-7  -3.65299e-7  -4.19137e-7  -5.4303e-7  -4.77107e-7  -5.14116e-7  -6.93642e-7  -5.53807e-7  -6.60049e-7  -1.02954e-6  -8.42171e-7  -9.23111e-7  -9.28605e-7  -1.03097e-6  -8.71007e-7  -9.09242e-7  -9.47924e-7  -1.25632e-6  -1.30892e-6  -1.10889e-6  -1.13228e-6  -1.15649e-6  -1.61358e-6  -1.65227e-6  -1.38746e-6  -1.21099e-6  -2.16345e-6  -1.81126e-6  -2.17573e-6  -2.01024e-6  -1.89632e-6  -1.73824e-6  -1.86786e-6  -2.35343e-6  -2.30149e-6  -2.03794e-6  -2.59507e-7  -2.60904e-7  -3.64033e-7  -2.85994e-7  -3.17668e-7  -3.62665e-7  -3.59757e-7  -3.02831e-7  -4.22763e-7  -3.84335e-7  -4.06912e-7  -3.15461e-7  -3.40592e-7  -2.91635e-7  -3.36357e-7  -4.13237e-7  -4.66154e-7  -4.15412e-7  -3.79755e-7  -4.42955e-7  -4.1757e-7  -5.09072e-7  -6.43335e-7  -5.43374e-7  -6.72276e-7  -4.20201e-7  -4.29784e-7  -5.17503e-7  -6.82549e-7  -6.44829e-7  -7.10405e-7  -6.83913e-7  -5.84328e-7  -6.21675e-7  -8.86797e-7  -6.03736e-7  -5.24551e-7  -7.1923e-7  -6.68475e-7  -7.9498e-7  -7.67524e-7  -6.75282e-7  -6.7937e-7  -7.9403e-7  -6.52556e-7  -8.07454e-7  -8.39686e-7  -9.82735e-7  -1.02248e-6  -1.05798e-6  -9.84805e-7  -9.19284e-7  -8.5092e-7  -9.91994e-7  -1.0757e-6  -1.07074e-6  -9.73508e-7  -9.23171e-7  -9.80446e-7  -1.02984e-6  -1.17493e-6  -1.38472e-6  -1.10406e-6  -1.42825e-6  -1.13211e-6  -9.9911e-7  -1.14639e-6  -1.04051e-6  -1.32072e-6  -1.30074e-6  -1.51384e-6  -1.6598e-6  -1.56851e-6  -1.5493e-6  -1.73068e-6  -1.76971e-6  -1.34301e-6  -1.76736e-6  -1.28569e-6  -1.85373e-6  -2.04123e-6  -1.71084e-6  -1.53159e-6  -1.84021e-6  -1.5081e-6  -1.81449e-6  -1.84527e-6  -1.67072e-6  -1.71211e-6  -1.26365e-6  -1.95036e-6  -2.26055e-6  -1.80668e-6  -2.31879e-6  -1.6062e-6  -2.01314e-6  -2.36214e-6  -2.49965e-6  -1.95894e-6  -2.21074e-6  -2.27722e-6  -2.53819e-6  -2.41886e-6  -2.10744e-6  -2.69116e-6  -2.84186e-6  -1.9568e-6  -3.02629e-6  -2.73464e-6  -2.09493e-6  -2.11198e-6  -2.50137e-6  -2.79573e-6  -2.84341e-6  -2.41243e-6  -2.94962e-6  -3.63439e-6  -2.51136e-6  -3.59373e-6  -3.39023e-6  -3.16244e-6  -3.19269e-6  -2.52161e-6  -3.45771e-6  -3.04007e-6  -3.65405e-6  -3.22633e-6  -3.5755e-6  4.02117e-9  1.36545e-9  1.7052e-9  1.92808e-9  4.21359e-10  -3.98734e-6  6.23098e-10  -3.28313e-6  3.67159e-9  3.22645e-9  2.77578e-9  1.91059e-9  4.53711e-10  -3.49053e-6  3.86299e-9  2.53046e-9  4.20694e-9  2.66281e-9  5.38319e-9  1.73919e-9  1.37201e-9  2.0795e-9  3.21917e-9  2.11012e-9  2.43537e-9  1.61271e-9  3.044e-9  1.64259e-9  3.29967e-9  1.99001e-9  1.63215e-9  1.38039e-9  1.87085e-9  1.90241e-9  1.60175e-9  1.84742e-9  2.22221e-9  1.61725e-9  1.81053e-9  1.0827e-9  1.92653e-9  2.00088e-9  2.1516e-9  2.08273e-9  2.15215e-9  9.25248e-10  1.92177e-9  1.36133e-9  1.31082e-9  1.26643e-9  2.22541e-9  1.18907e-9  1.88857e-9  1.00973e-9  1.51724e-9  1.63514e-9  1.38258e-9  1.5273e-9  2.06945e-9  1.39178e-9  1.24362e-9  1.42948e-9  1.52321e-9  1.56028e-9  2.00427e-9  1.08649e-9  1.82213e-9  1.48755e-9  2.59825e-9  2.17216e-9  2.21418e-9  1.64754e-9  1.63017e-9  1.83879e-9  1.78174e-9  1.88299e-9  1.0015e-9  1.74775e-9  1.32505e-9  1.08768e-9  1.79662e-9  1.92221e-9  8.28596e-10  1.99651e-9  1.43839e-9  1.75474e-9  1.28302e-9  2.02703e-9  9.51198e-10  1.27104e-9  3.42486e-9  2.0701e-9  1.44744e-9  1.74131e-9  1.66416e-9  1.44359e-9  1.07073e-9  1.94129e-9  1.56756e-9  2.21632e-10  1.99803e-9  1.06922e-9  1.92455e-9  1.89034e-9  1.06153e-9  1.56098e-9  1.41963e-9  1.72331e-9  1.69914e-9  1.13013e-9  3.37048e-10  1.55188e-9  7.16917e-10  1.87851e-9  2.12586e-9  1.33865e-9  1.03815e-9  3.12276e-9  2.74617e-10  7.38399e-10  6.1876e-10  9.25198e-10  1.0087e-9  1.2992e-9  1.66762e-9  1.7466e-9  4.17712e-10  4.93014e-10  1.2079e-9  9.51033e-10  5.84049e-10  1.13013e-10  7.93185e-10  5.61269e-10  7.09251e-10  8.5749e-10  1.93877e-9  3.1881e-10  3.10534e-9  3.04562e-9  -8.27783e-11  2.55075e-11  -2.24523e-10  1.70887e-9  -3.5046e-10  1.2854e-9  1.30427e-9  8.22198e-11  7.55592e-10  1.99259e-9  2.26665e-10  1.16686e-10  2.19533e-9  -5.04123e-10  -7.4163e-10  1.15774e-9  4.65592e-10  1.47166e-10  -5.25715e-10  -3.77801e-10  3.90152e-10  2.56573e-13  -4.16152e-10  -9.20539e-10  -9.92473e-10  -4.94227e-10  -5.02915e-10  -1.49877e-9  1.75365e-10  -1.11383e-9  -1.85566e-9  -1.7211e-9  -2.99954e-10  5.93363e-10  -1.28843e-9  -1.20287e-9  -1.71653e-9  -5.8758e-10  -2.05633e-9  1.49043e-10  4.16418e-10  -3.92258e-9  1.50314e-10  -1.47045e-9  -2.0405e-9  -3.66625e-9  -2.57537e-9  1.22137e-9  -3.413e-9  -1.84225e-9  -1.36904e-9  -2.20012e-9  -9.91928e-10  -3.04515e-9  -3.79213e-9  -1.01459e-9  -1.88226e-9  -3.41967e-9  -3.21779e-9  -3.30452e-9  -4.6468e-10  -3.51207e-9  -1.25974e-9  -7.0148e-9  -6.12768e-9  -8.86899e-10  -6.10438e-9  -3.72582e-9  -5.21145e-9  -4.03818e-9  -5.74746e-9  -4.39752e-9  -3.64795e-9  -5.81397e-10  -3.5283e-9  -2.25559e-9  -8.7991e-9  -3.3834e-9  -3.90151e-9  -3.35797e-9  -6.40668e-9  -3.63916e-9  -4.69574e-9  -5.69656e-9  -7.97182e-9  -7.56439e-9  -6.73183e-9  -3.01294e-9  -8.44273e-9  -5.39969e-9  -6.49423e-9  -7.77105e-9  -8.59712e-9  -7.67784e-9  -8.23195e-9  -1.13754e-8  -1.02265e-8  -9.06007e-9  -1.07796e-8  -6.98988e-9  -8.35633e-9  -1.24964e-8  -1.20101e-8  -8.19597e-9  -1.35541e-8  -9.19398e-9  -9.01467e-9  -1.37017e-8  -1.04684e-8  -1.33341e-8  -8.44199e-9  -8.0394e-9  -8.33286e-9  -1.11349e-8  -1.34664e-8  -1.41827e-8  -1.10627e-8  -1.69643e-8  -2.1151e-8  -1.25248e-8  -1.31247e-8  -1.17831e-8  -1.33763e-8  -1.62611e-8  -9.69993e-9  -2.46606e-8  -2.03582e-8  -1.55767e-8  -2.34963e-8  -1.31852e-8  -2.51185e-8  1.39351e-8  -1.68655e-8  -1.21182e-8  -2.08933e-8  -2.27565e-8  -2.12276e-8  -2.40888e-8  -1.99077e-8  -1.41595e-8  -2.62047e-8  -1.66582e-8  -3.02414e-8  -3.57816e-8  -2.48679e-8  -2.11398e-8  -2.37566e-8  -3.44065e-8  -4.09666e-8  -2.03557e-8  -2.17517e-8  -1.59567e-8  -2.02386e-8  -3.80461e-8  -1.89932e-8  -3.32236e-8  -2.20953e-8  -3.72455e-8  -3.4204e-8  -3.089e-8  -4.04197e-8  -2.75694e-8  -3.49462e-8  -4.3657e-8  -3.35424e-8  -2.48375e-8  1.22356e-8  -3.12717e-8  -3.45939e-8  -4.77076e-8  -3.77398e-8  -2.9653e-8  -5.90855e-8  -3.14581e-8  -5.42418e-8  -4.55979e-8  -4.47148e-8  -3.83943e-8  -4.29423e-8  -4.3465e-8  -4.51257e-8  -3.28775e-8  -4.40703e-8  -4.12715e-8  -5.04679e-8  -4.75334e-8  -5.11419e-8  -5.59439e-8  -4.22414e-8  -6.51203e-8  -5.95628e-8  -6.45145e-8  -6.4239e-8  -4.89881e-8  -5.16558e-8  2.45591e-9  -4.24803e-8  -5.29302e-8  -5.97757e-8  -5.42631e-8  -6.68104e-8  -3.93534e-8  -5.13336e-8  4.46315e-9  -4.34843e-8  -7.3279e-8  -6.93447e-8  -8.61114e-8  -5.91166e-8  -8.15929e-8  -6.97919e-8  -6.45078e-8  -7.13628e-8  -7.62467e-8  -9.41382e-8  -8.49314e-8  -7.02093e-8  -6.74078e-8  -8.29143e-8  -1.10583e-7  -8.44941e-8  -7.74514e-8  -9.46882e-8  -8.25702e-8  -9.45598e-8  -9.03114e-8  -8.27747e-8  -8.06941e-8  -9.6756e-8  -1.19271e-7  7.44114e-9  -9.61777e-8  -9.90411e-8  -9.94925e-8  -1.19112e-7  -9.60752e-8  2.28474e-9  -9.71851e-8  9.30926e-9  -1.28034e-7  -1.20345e-7  -1.35569e-7  -1.32774e-7  -1.50509e-7  -1.71565e-7  -1.7021e-7  -1.31027e-7  -1.1876e-7  -1.36513e-7  -1.4909e-7  2.20244e-8  -1.37959e-7  -5.77957e-8  -7.40685e-8  -7.33379e-9  -1.21301e-7  -1.40182e-7  -1.02458e-7  -2.22759e-9  -1.31905e-8  -1.93039e-7  -1.71196e-7  -9.2174e-9  -1.74042e-7  -1.6582e-7  -1.33325e-8  -1.6428e-7  -2.0945e-7  -9.67164e-8  -2.20373e-7  -7.67108e-8  -1.97194e-7  -2.88667e-9  -2.2262e-7  -1.6209e-7  -3.96681e-8  -8.83245e-8  2.83108e-9  -2.05476e-7  -1.97338e-7  -1.752e-8  -2.6179e-7  -2.64817e-8  -1.76655e-7  -1.92967e-7  -2.1785e-8  -4.3355e-7  -3.11184e-8  -1.78505e-7  -2.00654e-7  -2.63459e-7  -1.54974e-7  -9.49074e-8  -1.49557e-7  -1.1655e-7  -2.11714e-8  -2.4088e-8  -1.45056e-7  -1.49893e-8  -4.33446e-8  -2.39694e-7  -1.66423e-7  -1.00375e-7  -1.23766e-7  -1.72699e-7  -2.47511e-8  -2.33573e-8  -1.24146e-8  -7.53173e-9  -2.25257e-8  -1.10629e-8  -4.7031e-8  -1.91616e-7  -3.77418e-8  -1.4333e-8  -5.99115e-8  -1.48614e-7  -2.57674e-7  -4.00732e-8  -4.20571e-8  -3.73745e-8  -7.8385e-8  -2.40467e-8  -2.5111e-8  -1.82892e-7  -2.59786e-8  -5.78351e-8  -2.49747e-8  -2.72113e-7  -2.66525e-7  -3.37846e-8  -2.7865e-8  -3.19299e-8  -3.53066e-8  -8.15047e-8  -1.93908e-7  -7.79625e-8  -4.60657e-8  -8.0127e-8  -7.73713e-8  -5.35292e-8  -5.18402e-8  -6.60562e-8  -4.7616e-8  -7.81893e-8  -5.10698e-8  -6.75547e-8  -4.72972e-8  -5.67277e-8  -5.6975e-8  -3.52615e-7  -5.74185e-8  -8.15635e-8  -8.40175e-8  -6.97604e-8  -8.7387e-8  -1.13014e-7  -1.07711e-7  -6.07417e-8  -1.0158e-7  -8.27484e-8  -8.75612e-8  -7.62517e-8  -1.33786e-7  -7.72951e-8  -1.16599e-7  -7.95132e-8  -1.5905e-7  -1.17291e-7  -7.17835e-8  -9.12331e-8  -9.28263e-8  -1.42209e-7  -1.62359e-7  -1.62039e-7  -1.59308e-7  -1.58905e-7  -1.8443e-7  -6.97385e-8  -1.47618e-7  -1.29275e-7  -1.53607e-7  -9.98036e-8  -2.37151e-7  -2.1464e-7  -1.29322e-7  -2.46238e-7  -1.81797e-7  -1.68674e-7  -2.08901e-7  -1.83219e-7  -2.10293e-7  -2.11479e-7  -2.46215e-7  -2.24507e-7  -2.13559e-7  -2.23098e-7  -2.12824e-7  -2.17756e-7  -2.65258e-7  -2.6493e-7  -2.73613e-7  -2.92043e-7  -3.69575e-7  -2.35162e-7  -2.76761e-7  -3.52978e-7  -3.16918e-7  -4.04352e-7  -2.83015e-7  -3.04014e-7  -3.89324e-7  -4.68903e-7  -5.16086e-7  -3.48922e-7  -3.91301e-7  -4.97534e-7  -2.8126e-7  -3.46883e-7  -3.85324e-7  -4.53419e-7  -4.38734e-7  -6.05293e-7  -7.19213e-7  -5.06438e-7  -5.34202e-7  -6.95039e-7  -6.30464e-7  -6.36918e-7  -6.0692e-7  -6.72606e-7  -6.07727e-7  -5.64105e-7  -7.20032e-7  -6.03864e-7  -7.10545e-7  -6.15197e-7  -6.03009e-7  -7.79672e-7  -9.01865e-7  -6.97659e-7  -9.88338e-7  -1.11047e-6  -7.50715e-7  -1.00509e-6  -1.23218e-6  -1.18186e-6  -1.31029e-6  -1.29538e-6  -1.0343e-6  -7.39175e-7  -1.26517e-6
1000 Eigenvalues converges, out of 1000 requested.
