Processing molecule: 5
Running with beta = 30
Running with l = 1000
Starting Davidson with n_aux = 3000, l_buffer = 1300, lc = 1010, thresh = 0.0015, max_iter = 100
Iter 1: V_size = 200, Converged = 0, ‖r‖ (largest λ) = 3.3065373266641234
Iter 2: V_size = 400, Converged = 0, ‖r‖ (largest λ) = 2.512409136678668
Iter 3: V_size = 800, Converged = 0, ‖r‖ (largest λ) = 1.8225853846226998
Iter 4: V_size = 1600, Converged = 0, ‖r‖ (largest λ) = 1.309006562832748
Iter 5: V_size = 2900, Converged = 0, ‖r‖ (largest λ) = 2.044806289257934
Iter 6: V_size = 2596, Converged = 2, ‖r‖ (largest λ) = 2.289049844866831
Iter 7: V_size = 2596, Converged = 2, ‖r‖ (largest λ) = 1.6483008275907587
Iter 8: V_size = 2596, Converged = 2, ‖r‖ (largest λ) = 1.1892911450894823
Iter 9: V_size = 2570, Converged = 15, ‖r‖ (largest λ) = 1.035733810455785
Hybrid Davidson-JD corrections at iteration 10
Iter 10: V_size = 2570, Converged = 15, ‖r‖ (largest λ) = 0.8842793983026537
Hybrid Davidson-JD corrections at iteration 11
Iter 11: V_size = 2570, Converged = 15, ‖r‖ (largest λ) = 1.0664014259164196
Hybrid Davidson-JD corrections at iteration 12
Iter 12: V_size = 2552, Converged = 24, ‖r‖ (largest λ) = 0.5993403726568289
Hybrid Davidson-JD corrections at iteration 13
Iter 13: V_size = 2552, Converged = 24, ‖r‖ (largest λ) = 0.5797476706965496
Hybrid Davidson-JD corrections at iteration 14
Iter 14: V_size = 2552, Converged = 24, ‖r‖ (largest λ) = 0.4384267761681255
Hybrid Davidson-JD corrections at iteration 15
Iter 15: V_size = 2532, Converged = 34, ‖r‖ (largest λ) = 0.4421060054363455
Hybrid Davidson-JD corrections at iteration 16
Iter 16: V_size = 2532, Converged = 34, ‖r‖ (largest λ) = 0.3433783910873537
Hybrid Davidson-JD corrections at iteration 17
Iter 17: V_size = 2532, Converged = 34, ‖r‖ (largest λ) = 0.33783700096779057
Hybrid Davidson-JD corrections at iteration 18
Iter 18: V_size = 2514, Converged = 43, ‖r‖ (largest λ) = 0.27009815045627866
Hybrid Davidson-JD corrections at iteration 19
Iter 19: V_size = 2514, Converged = 43, ‖r‖ (largest λ) = 0.2842343154879451
Hybrid Davidson-JD corrections at iteration 20
Iter 20: V_size = 2514, Converged = 43, ‖r‖ (largest λ) = 0.23707289804163695
Hybrid Davidson-JD corrections at iteration 21
Iter 21: V_size = 2402, Converged = 99, ‖r‖ (largest λ) = 0.25435785910433606
Hybrid Davidson-JD corrections at iteration 22
Iter 22: V_size = 2402, Converged = 99, ‖r‖ (largest λ) = 0.21516301322863585
Hybrid Davidson-JD corrections at iteration 23
Iter 23: V_size = 2402, Converged = 99, ‖r‖ (largest λ) = 0.23266246388645626
Hybrid Davidson-JD corrections at iteration 24
Iter 24: V_size = 2074, Converged = 263, ‖r‖ (largest λ) = 0.19802783158342505
Hybrid Davidson-JD corrections at iteration 25
Iter 25: V_size = 2074, Converged = 263, ‖r‖ (largest λ) = 0.21395175424057847
Hybrid Davidson-JD corrections at iteration 26
Iter 26: V_size = 2074, Converged = 263, ‖r‖ (largest λ) = 0.18203928211226736
Hybrid Davidson-JD corrections at iteration 27
Iter 27: V_size = 2947, Converged = 427, ‖r‖ (largest λ) = 0.19430092604761257
Hybrid Davidson-JD corrections at iteration 28
Iter 28: V_size = 1746, Converged = 427, ‖r‖ (largest λ) = 0.15818544397078055
Hybrid Davidson-JD corrections at iteration 29
Iter 29: V_size = 2619, Converged = 427, ‖r‖ (largest λ) = 2.070941846316728
Hybrid Davidson-JD corrections at iteration 30
Iter 30: V_size = 1746, Converged = 427, ‖r‖ (largest λ) = 0.9529679343293561
Hybrid Davidson-JD corrections at iteration 31
Iter 31: V_size = 2037, Converged = 1009, ‖r‖ (largest λ) = 0.591273231287353
Hybrid Davidson-JD corrections at iteration 32
Iter 32: V_size = 2328, Converged = 1009, ‖r‖ (largest λ) = 0.03999135444036454
Hybrid Davidson-JD corrections at iteration 33
Iter 33: V_size = 2619, Converged = 1009, ‖r‖ (largest λ) = 0.7282009844519785
Hybrid Davidson-JD corrections at iteration 34
Iter 34: V_size = 2910, Converged = 1009, ‖r‖ (largest λ) = 0.5094770246889267
Converged all required eigenvalues.
38908.936318 seconds (1.16 G allocations: 28.117 TiB, 2.64% gc time, 0.01% compilation time)
Number of FLOPs: 171401308803640

Reading exact Eigenvalues...
Reading eigenvalues from ../../test/Eigenvalues_folder/eigenresults_matrix_5.jld2

Compute the difference between computed and exact eigenvalues:
1×1000 adjoint(::Vector{Float64}) with eltype Float64:
 -2.66454e-14  -6.63469e-11  -1.68754e-14  -2.41585e-13  -1.3749e-12  -6.80833e-12  -2.49347e-11  -7.5441e-11  -2.27921e-10  -6.4809e-10  -1.56297e-9  -3.72663e-9  -7.35875e-9  -1.50415e-8  -3.32748e-8  -5.45449e-10  -1.09493e-9  -2.40201e-9  -4.23923e-9  -8.50753e-9  -1.58431e-8  -3.05885e-8  -4.99029e-8  -1.04311e-7  -4.2022e-9  -7.78951e-9  -1.44973e-8  -2.36753e-8  -3.49181e-8  -6.15326e-8  -9.12477e-8  -1.9657e-7  -2.56477e-7  -3.19762e-7  -3.6553e-8  -4.88008e-8  -8.26703e-8  -7.89771e-8  -1.55373e-7  -1.18831e-7  -1.30787e-7  -3.72666e-7  -3.98922e-7  -3.80769e-8  -4.06851e-8  -3.27388e-8  -6.23255e-8  -6.76913e-8  -1.01904e-7  -5.05032e-8  -1.03929e-7  -9.25378e-8  -9.13137e-8  -9.08737e-8  -1.52219e-7  -1.23261e-7  -8.11715e-8  -1.41733e-7  -2.12927e-7  -1.28307e-7  -2.47941e-7  -1.45577e-7  -1.33715e-7  -2.14215e-7  -2.40432e-7  -1.60637e-7  -1.70723e-7  -1.81574e-7  -2.61977e-7  -2.00568e-7  -2.74486e-7  -2.29174e-7  -1.70436e-7  -2.88748e-7  -1.98268e-7  -2.33152e-7  -3.61202e-7  -2.62454e-7  -2.40666e-7  -3.07576e-7  -2.7914e-7  -2.63551e-7  -3.37048e-7  -4.63804e-7  -3.28811e-7  -3.50679e-7  -3.9695e-7  -4.25257e-7  -4.15779e-7  -4.11244e-7  -3.64584e-7  -4.62182e-7  -4.0881e-7  -5.01171e-8  -4.34555e-7  -4.3521e-7  -4.74644e-8  -4.29392e-7  -4.35579e-7  -5.7803e-8  -7.3268e-8  -5.45012e-7  -4.65134e-7  -6.37763e-8  -6.157e-8  -6.54826e-8  -6.24722e-8  -7.52073e-8  -6.55412e-8  -8.16204e-8  -5.02833e-8  -6.96382e-8  -5.97885e-8  -7.94511e-8  -5.81746e-8  -8.12617e-8  -7.42657e-8  -7.77636e-8  -7.21867e-8  -7.22393e-8  -8.71348e-8  -8.67314e-8  -6.95179e-8  -8.07139e-8  -1.05726e-7  -7.48859e-8  -8.45689e-8  -9.98384e-8  -8.15226e-8  -9.14552e-8  -9.84186e-8  -7.80206e-8  -1.39132e-7  -1.30964e-7  -1.45255e-7  -1.15235e-7  -1.33624e-7  -1.25429e-7  -1.27908e-7  -1.27812e-7  -9.5072e-8  -1.62662e-7  -1.63242e-7  -1.05479e-7  -1.20371e-7  -1.3498e-7  -1.69677e-7  -1.26867e-7  -1.4441e-7  -1.22467e-7  -1.34231e-7  -1.28564e-7  -1.4071e-7  -1.19188e-7  -1.7688e-7  -1.63158e-7  -1.65527e-7  -1.32395e-7  -1.56952e-7  -2.49916e-7  -1.63883e-7  -1.77882e-7  -1.35442e-7  -1.61932e-7  -1.98585e-7  -2.02865e-7  -1.60569e-7  -1.78982e-7  -2.10186e-7  -2.3295e-7  -2.47617e-7  -1.67903e-7  -1.69666e-7  -2.10412e-7  -2.13115e-7  -2.58741e-7  -2.18779e-7  -2.09255e-7  -2.7537e-7  -2.37321e-7  -2.31661e-7  -2.90235e-7  -3.13759e-7  -3.13047e-7  -3.36135e-7  -3.09444e-7  -2.37837e-7  -3.1961e-7  -3.0506e-7  -3.08991e-7  -3.48254e-7  -3.6498e-7  -4.81284e-7  -3.55184e-7  -3.77528e-7  -3.95734e-7  -2.82072e-7  -4.13243e-7  -4.16643e-7  -2.96682e-7  -2.84006e-7  -3.70403e-7  -4.19712e-7  -3.56675e-7  -3.94899e-7  -3.88209e-7  -3.37916e-7  -4.28812e-7  -4.1354e-7  -5.03454e-7  -4.08291e-7  -4.40338e-7  -4.58036e-7  -4.95565e-7  -6.26361e-7  -4.57619e-7  -5.68676e-7  -5.44711e-7  -4.19647e-7  -4.11891e-7  -4.85932e-7  -4.53125e-7  -5.77724e-7  -4.71165e-7  -5.79493e-7  -4.53301e-7  -6.12734e-7  -5.14603e-7  -6.20159e-7  -6.7358e-7  -6.86326e-7  -6.94095e-7  -5.5385e-7  -8.23168e-7  -6.4189e-7  -5.83318e-7  -7.64582e-7  -8.03435e-7  -6.92174e-7  -7.45054e-7  -6.89024e-7  -6.84535e-7  -6.00064e-7  -7.99728e-7  -6.18322e-7  -9.84352e-7  -7.50809e-7  -7.74232e-7  -9.17551e-7  -6.73288e-7  -7.76151e-7  -9.36743e-7  -9.25633e-7  -8.40686e-7  -7.4019e-7  -9.60249e-7  -6.73993e-7  -8.88663e-7  -1.56491e-7  -6.91357e-7  -9.61473e-7  -1.4031e-7  -9.69344e-7  -8.95959e-7  -1.66482e-7  -1.44175e-7  -1.30568e-7  -1.49263e-7  -1.2352e-7  -1.40901e-7  -2.09135e-7  -1.33805e-7  -1.66385e-7  -1.33325e-7  -1.33123e-7  -1.73071e-7  -9.16302e-7  -1.36306e-7  -1.65975e-7  -2.27441e-7  -1.25672e-7  -1.39185e-7  -1.79565e-7  -1.38479e-7  -2.51908e-7  -2.29401e-7  -2.43175e-7  -2.85773e-7  -1.88633e-7  -1.48746e-7  -2.33889e-7  -1.56151e-7  -2.05162e-7  -2.60944e-7  -1.93333e-7  -2.35573e-7  -1.67388e-7  -2.18703e-7  -2.4305e-7  -2.51352e-7  -2.27557e-7  -2.44575e-7  -2.27401e-7  -3.0519e-7  -2.14593e-7  -3.22389e-7  -2.21038e-7  -2.19942e-7  -2.49731e-7  -2.59817e-7  -3.69273e-7  -2.88461e-7  -2.81856e-7  -3.04539e-7  -4.28375e-7  -2.83531e-7  -2.84825e-7  -3.13384e-7  -3.35441e-7  -3.82807e-7  -2.42376e-7  -2.95267e-7  -4.16692e-7  -2.76816e-7  -2.81258e-7  -4.00132e-7  -3.16578e-7  -3.09536e-7  -3.22124e-7  -4.39735e-7  -3.46183e-7  -4.00305e-7  -4.55434e-7  -3.47375e-7  -3.48579e-7  -4.05971e-7  -4.30315e-7  -3.6776e-7  -3.71704e-7  -3.07565e-7  -4.54413e-7  -4.51482e-7  -3.55462e-7  -5.24178e-7  -5.78613e-7  -4.48234e-7  -4.14447e-7  -6.19641e-7  -4.46641e-7  -3.96255e-7  -4.15104e-7  -4.50585e-7  -6.46206e-7  -5.96762e-7  -5.88575e-7  -4.66047e-7  -4.07935e-7  -6.54928e-7  -6.12161e-7  -5.17306e-7  -5.725e-7  -5.40829e-7  -6.65578e-7  -6.49347e-7  -5.50899e-7  -7.81595e-7  -7.35676e-7  -7.3568e-7  -6.61141e-7  -4.76945e-7  -6.44198e-7  -5.70237e-7  -6.47365e-7  -6.04191e-7  -5.71976e-7  -6.3869e-7  -6.67116e-7  -6.95284e-7  -7.36599e-7  -8.10419e-7  -8.38966e-7  -6.59028e-7  -8.57679e-7  -7.12817e-7  -1.00988e-6  -9.62031e-7  -9.56334e-7  -7.95763e-7  -1.03679e-6  -1.01558e-6  -7.03557e-7  -7.01657e-7  -9.80775e-7  -8.23159e-7  -1.01993e-6  -1.0824e-6  -8.95891e-7  -8.9995e-7  -9.90522e-7  -8.65489e-7  -9.80301e-7  -1.17646e-6  -1.08099e-6  -1.06917e-6  4.10866e-10  -8.36662e-7  -1.05002e-6  -1.1182e-6  2.108e-10  -1.13284e-6  2.96288e-10  -8.8538e-7  2.84703e-10  1.80663e-10  1.43276e-10  -1.22625e-6  -1.17643e-6  -9.91262e-7  2.80585e-10  1.23304e-10  2.69244e-10  2.06508e-10  -1.61608e-6  -1.22834e-6  2.27621e-10  -1.60722e-6  -1.15376e-6  2.88186e-10  -1.4037e-6  -1.33123e-6  -1.34053e-6  -1.16107e-6  -1.58991e-6  -1.65971e-6  -1.60103e-10  -1.60855e-6  2.97643e-10  -1.25318e-6  7.16437e-10  3.61167e-10  3.79699e-10  -3.58505e-10  -1.52576e-6  -1.47322e-6  -2.07923e-12  4.0565e-10  -1.61083e-6  4.06463e-10  4.92217e-10  5.17166e-10  4.14146e-10  4.87504e-10  4.96425e-10  2.09464e-10  3.21565e-10  6.14634e-10  3.75463e-10  2.83011e-10  3.51112e-10  2.28818e-10  2.49172e-10  2.79676e-10  3.11462e-10  3.73114e-10  3.43237e-10  3.00779e-10  2.84341e-10  4.30241e-10  3.38364e-10  2.24781e-10  3.62034e-10  3.52323e-10  3.73207e-10  3.31059e-10  6.02213e-10  4.74297e-10  6.69067e-10  2.47322e-10  7.58753e-10  2.86494e-10  4.19564e-10  3.73707e-10  4.10937e-10  1.93133e-10  2.62685e-10  6.17996e-10  3.88129e-10  3.45743e-10  2.0632e-10  2.46529e-10  3.05176e-10  3.04712e-10  5.34406e-10  3.46688e-10  4.72197e-10  3.04042e-10  2.55351e-10  5.47173e-10  2.8753e-10  4.7733e-10  2.67294e-10  1.19557e-10  3.36422e-10  3.63309e-10  3.57542e-10  4.54139e-10  4.27142e-10  3.55197e-10  6.05417e-10  5.43517e-10  4.67775e-10  4.70093e-10  4.29888e-10  6.1262e-10  4.65676e-10  4.22129e-10  5.72109e-10  4.20365e-10  4.06481e-10  2.72427e-10  4.97195e-10  5.55734e-10  5.58472e-10  4.07388e-10  3.58887e-10  3.8297e-10  5.69735e-10  3.5322e-10  3.52662e-10  3.96027e-10  6.08562e-10  4.15637e-10  4.67966e-10  3.21473e-10  4.28167e-10  4.31059e-10  2.35339e-10  6.75493e-10  2.89346e-10  6.50911e-10  4.78205e-10  4.42959e-10  2.81324e-10  4.18383e-10  6.10203e-10  4.07529e-10  7.44456e-10  4.40801e-10  3.19648e-10  4.57261e-10  6.24663e-10  5.03011e-10  3.72758e-10  6.58636e-10  7.59447e-10  3.48658e-10  3.74429e-10  4.1237e-10  3.96492e-10  7.01387e-10  8.51246e-10  4.30505e-10  6.96081e-10  6.35137e-10  4.1926e-10  5.4831e-10  4.36499e-10  6.01505e-10  9.23055e-10  5.81184e-10  6.10787e-10  9.62285e-10  9.58862e-10  8.72864e-10  8.03251e-10  5.51525e-10  6.90114e-10  9.18662e-10  4.73924e-10  9.58735e-10  1.26077e-9  9.45948e-10  8.50361e-10  7.24288e-10  8.57677e-10  8.3085e-10  5.95685e-10  5.58527e-10  6.85345e-10  1.07732e-9  8.16452e-10  3.4656e-10  9.73454e-10  8.68617e-10  5.63193e-10  7.94802e-10  9.15208e-10  8.01219e-10  9.47262e-10  6.1167e-10  6.5506e-10  7.54499e-10  5.24151e-10  9.0626e-10  1.32855e-9  7.80259e-10  1.58688e-9  9.52707e-10  1.80254e-9  9.5151e-10  4.6215e-10  7.35103e-10  7.82987e-10  9.27387e-10  8.39975e-10  8.62033e-10  1.02979e-9  1.4095e-9  8.91193e-10  6.66426e-10  1.23935e-9  1.24829e-9  6.96079e-10  1.38941e-9  1.28926e-9  8.06313e-10  8.71887e-10  9.81947e-10  1.47723e-9  8.62614e-10  1.36573e-9  1.51442e-9  8.35336e-10  9.404e-10  1.02496e-9  1.08736e-9  1.1527e-9  6.22504e-10  1.1374e-9  1.72489e-9  1.31618e-9  2.19223e-9  1.61947e-9  5.9723e-10  1.47614e-9  1.32079e-9  1.34498e-9  1.41883e-9  1.19081e-9  1.32513e-9  1.54982e-9  1.26978e-9  9.39692e-10  9.26079e-10  1.01099e-9  9.1756e-10  7.35743e-10  1.19837e-9  1.76951e-9  1.5277e-9  1.0616e-9  1.66372e-9  1.31338e-9  1.15748e-9  8.49066e-10  1.34073e-9  1.03851e-9  1.22582e-9  1.20058e-9  9.95628e-10  1.58246e-9  9.76291e-10  1.63479e-9  1.62584e-9  1.03522e-9  1.78397e-9  1.55231e-9  1.44386e-9  2.24043e-9  1.00611e-9  2.776e-9  1.02435e-9  1.22149e-9  1.6424e-9  2.08556e-9  1.45275e-9  1.39538e-9  1.615e-9  1.60492e-9  1.27739e-9  1.36137e-9  2.59626e-9  1.45558e-9  2.97846e-9  2.38729e-9  1.64568e-9  2.73072e-9  1.35483e-9  1.20777e-9  1.9229e-9  1.7987e-9  1.15507e-9  1.08735e-9  2.07468e-9  2.51133e-9  9.4164e-10  2.02277e-9  1.97066e-9  2.27267e-9  1.28154e-9  1.9232e-9  1.24307e-9  1.64776e-9  1.2444e-9  1.29274e-9  2.24704e-9  2.95873e-9  2.4878e-9  9.84553e-10  1.80978e-9  1.16247e-9  1.6862e-9  3.13496e-9  3.07607e-9  1.4894e-9  1.8723e-9  1.34986e-9  1.76038e-9  1.61055e-9  1.86278e-9  2.13245e-9  1.81364e-9  1.14336e-9  3.01574e-9  1.74168e-9  3.11557e-9  1.98496e-9  1.24739e-9  1.96205e-9  1.46669e-9  4.05047e-9  3.29772e-9  1.52936e-9  1.9242e-9  1.87942e-9  3.07514e-9  1.59244e-9  2.96825e-9  3.29088e-9  1.89371e-9  9.7797e-10  3.373e-9  1.46698e-9  1.66502e-9  2.43044e-9  1.7753e-9  2.09517e-9  2.68163e-9  2.35375e-9  3.56727e-9  1.39912e-9  1.92272e-9  3.43171e-9  3.47663e-9  2.02816e-9  3.65075e-9  2.17964e-9  6.87604e-10  1.67447e-9  3.44667e-9  2.00038e-9  1.78771e-9  2.14439e-9  2.39544e-9  5.48415e-9  4.05368e-9  4.32767e-9  1.12002e-9  3.61117e-9  2.64433e-9  4.86694e-9  2.5685e-9  3.21479e-9  5.02971e-9  2.74391e-9  3.16991e-9  2.42795e-9  4.25985e-9  2.45897e-9  3.08675e-9  3.91548e-9  2.29441e-9  5.13889e-9  3.21821e-9  1.79827e-9  3.35762e-9  5.8873e-9  3.50754e-9  2.02544e-9  4.31818e-9  4.41306e-9  1.31733e-9  3.45314e-9  3.39957e-9  4.9196e-9  4.71212e-9  3.72856e-9  4.34201e-9  4.44111e-9  3.28403e-9  4.97293e-9  2.99356e-9  2.47385e-9  3.18468e-9  3.5816e-9  3.36374e-9  5.26387e-9  4.85398e-9  4.75819e-9  5.88592e-9  4.22901e-9  3.37928e-9  8.3551e-9  5.75092e-9  3.18893e-9  5.28798e-9  4.33983e-9  9.94163e-9  5.08441e-9  4.66899e-9  3.42478e-9  3.41736e-9  5.01064e-9  9.68013e-10  1.02953e-8  4.41574e-9  6.97777e-9  4.40238e-9  5.55271e-9  4.29023e-9  4.88348e-9  6.11599e-9  3.92215e-9  9.34299e-9  8.31069e-9  4.62631e-9  8.6113e-9  4.92561e-9  2.36676e-9  7.72025e-9  4.40702e-9  2.70086e-9  7.46896e-9  5.46527e-9  5.29994e-9  4.62515e-9  3.0618e-9  4.27435e-9  5.99615e-9  6.52601e-9  3.4149e-9  6.26416e-9  4.81686e-9  6.48838e-9  5.76531e-9  8.30755e-9  7.28409e-9  5.51128e-9  4.82538e-9  9.13495e-9  5.16049e-9  8.01416e-9  6.83359e-9  4.68818e-9  1.08513e-8  3.56223e-9  4.15219e-9  9.55944e-9  1.15299e-8  9.56288e-9  6.68266e-9  7.03961e-9  1.43702e-8  8.59725e-9  8.68006e-9  1.00609e-8  1.55276e-8  1.22978e-8  1.13541e-8  3.05124e-9  6.88106e-9  1.01172e-8  8.48216e-9  4.3309e-9  1.34281e-8  8.88269e-9  8.54159e-9  9.00292e-9  1.01465e-8  7.21719e-9  8.62244e-9  7.63259e-9  1.42048e-8  1.24689e-8  1.1246e-8  1.31999e-8  1.00094e-8  7.07945e-9  9.09956e-9  1.08826e-8  5.92118e-9  1.7644e-8  4.92227e-9  1.42018e-8  7.86904e-9  5.31755e-9  4.14095e-9  4.9661e-9  9.34003e-9  6.80797e-9  1.26175e-8  4.20225e-9  1.23752e-8  9.28992e-9  8.10919e-9  1.10687e-8  6.7191e-9  5.42932e-9  1.18257e-8  1.25477e-8  6.75064e-9  1.0622e-8  7.21741e-9  1.27294e-8  1.50853e-8  7.41326e-9  5.55434e-9  6.01571e-9  1.37619e-8  2.66698e-8  1.30581e-8  1.04056e-8  8.51864e-9  2.114e-8  1.4766e-8  2.34626e-8  1.17939e-8  9.76657e-9  1.13456e-8  7.09594e-9  1.01175e-8  4.27709e-9  7.07704e-9  2.99933e-8  2.93836e-9  1.53282e-8  5.22395e-9  4.80467e-9  9.50018e-9  1.04004e-8  6.65301e-9  4.94111e-9  4.73226e-9  1.49115e-8  6.8687e-9  1.21156e-8  -1.33414e-9  4.5562e-9  8.38077e-9  1.0365e-8  8.63224e-9  4.35066e-9  2.75881e-9  1.02209e-8  -1.09358e-10  3.35637e-9  9.30853e-9  2.04888e-9  2.75125e-9  -1.14792e-9  3.9869e-9  1.05827e-8  1.10304e-8  5.51009e-9  -1.22896e-8  3.24939e-9  -5.28944e-10  -3.69342e-9  -1.2402e-8  -2.10709e-9  1.01872e-8  -2.59139e-9  -7.02162e-9  -6.52023e-9  -7.52565e-9  -1.25612e-8  -6.69479e-9  -1.67476e-8  -1.1677e-8  -3.29997e-8
1000 Eigenvalues converges, out of 1000 requested.
