Processing molecule: uracil
Running with beta = 25
Running with l = 210
Using solver: minres
Starting Davidson with n_aux = 525, l_buffer = 273, lc = 211, thresh = 0.0015, max_iter = 100
Iter 1: V_size = 42, Converged = 0, ‖r‖ (largest λ) = 1.4440469943908738
Iter 2: V_size = 84, Converged = 0, ‖r‖ (largest λ) = 0.3472672833475846
Iter 3: V_size = 168, Converged = 0, ‖r‖ (largest λ) = 0.1630019671042047
Iter 4: V_size = 336, Converged = 0, ‖r‖ (largest λ) = 0.042939359637024006
Iter 5: V_size = 525, Converged = 0, ‖r‖ (largest λ) = 0.2600799401361963
Iter 6: V_size = 525, Converged = 0, ‖r‖ (largest λ) = 0.8568001749187003
Iter 7: V_size = 525, Converged = 10, ‖r‖ (largest λ) = 0.5677023520574754
Iter 8: V_size = 525, Converged = 10, ‖r‖ (largest λ) = 0.18794069899073484
Iter 9: V_size = 525, Converged = 10, ‖r‖ (largest λ) = 0.16305888960271114
Hybrid Davidson-JD corrections at iteration 10
Total MINRES iterations: 50
Iter 10: V_size = 328, Converged = 109, ‖r‖ (largest λ) = 0.1023062860128886
Hybrid Davidson-JD corrections at iteration 11
Total MINRES iterations: 0
Iter 11: V_size = 492, Converged = 109, ‖r‖ (largest λ) = 0.1028603770034239
Hybrid Davidson-JD corrections at iteration 12
Total MINRES iterations: 0
Iter 12: V_size = 328, Converged = 109, ‖r‖ (largest λ) = 0.07375924509984103
Hybrid Davidson-JD corrections at iteration 13
Total MINRES iterations: 0
Iter 13: V_size = 404, Converged = 197, ‖r‖ (largest λ) = 0.01030442624841349
Hybrid Davidson-JD corrections at iteration 14
Total MINRES iterations: 221
Iter 14: V_size = 480, Converged = 197, ‖r‖ (largest λ) = 12.701746327276059
Hybrid Davidson-JD corrections at iteration 15
Total MINRES iterations: 0
Iter 15: V_size = 152, Converged = 197, ‖r‖ (largest λ) = 0.003376433928619675
Hybrid Davidson-JD corrections at iteration 16
Total MINRES iterations: 0
Iter 16: V_size = 228, Converged = 197, ‖r‖ (largest λ) = 0.00212805689881015
Converged all required eigenvalues.
887.585977 seconds (17.20 M allocations: 1.348 TiB, 0.56% gc time, 0.06% compilation time)
Number of FLOPs: 18788731019928

Reading exact Eigenvalues...
Reading eigenvalues from ../../Eigenvalues_folder/eigenres_uracil_RNDbasis1.jld2

Compute the difference between computed and exact eigenvalues:
1×210 adjoint(::Vector{Float64}) with eltype Float64:
 -1.42109e-14  7.10543e-15  2.13163e-14  -2.4869e-14  7.10543e-15  -3.55271e-15  -7.10543e-15  0.0  7.10543e-15  0.0  0.0  0.0  1.77636e-15  0.0  1.77636e-15  1.77636e-15  1.77636e-15  1.77636e-15  -7.10543e-15  5.32907e-15  -1.77636e-15  1.77636e-15  3.55271e-15  5.32907e-15  3.55271e-15  -1.77636e-15  1.77636e-15  -3.55271e-15  5.32907e-15  0.0  3.55271e-15  -5.32907e-15  3.55271e-15  3.55271e-15  1.77636e-15  -1.77636e-15  -3.55271e-15  -3.55271e-15  0.0  -1.77636e-15  1.77636e-15  -3.55271e-15  1.77636e-15  -5.32907e-15  8.88178e-16  -2.66454e-15  -2.66454e-15  -1.77636e-15  -1.77636e-15  0.0  1.77636e-15  -2.66454e-15  8.88178e-16  -1.77636e-15  -4.44089e-15  -6.21725e-15  2.66454e-15  -8.88178e-16  -1.77636e-15  -8.88178e-16  4.44089e-15  -3.55271e-15  -1.77636e-15  3.55271e-15  1.77636e-15  4.44089e-15  -1.77636e-15  -8.88178e-16  -7.10543e-15  -6.21725e-15  -2.66454e-15  -8.88178e-15  -1.06581e-14  -2.39808e-14  -3.10862e-14  -7.99361e-15  -4.44089e-14  -6.39488e-14  -5.77316e-14  -3.55271e-14  -4.88498e-14  -4.20108e-13  -2.35367e-13  -2.13163e-13  -1.81188e-13  -3.62377e-13  -3.33067e-13  -1.61648e-13  -2.39808e-13  -2.70006e-13  -4.65405e-13  -4.81393e-13  -4.45866e-13  -8.16236e-13  -1.22569e-12  -1.52989e-12  -1.14397e-12  -2.56595e-12  -1.97131e-12  -7.78932e-13  1.33227e-15  -2.46825e-12  -3.7339e-12  -4.17666e-12  -3.26805e-12  4.44089e-16  -4.47598e-12  -3.02647e-12  -3.27072e-12  -4.44844e-12  -4.44089e-16  -4.44089e-16  -1.33227e-15  -1.33227e-15  -6.69065e-12  4.44089e-16  1.77636e-15  -1.33227e-15  0.0  1.33227e-15  8.88178e-16  4.44089e-16  -8.88178e-16  0.0  1.77636e-15  1.33227e-15  -8.88178e-16  3.10862e-15  8.88178e-16  4.44089e-16  2.22045e-15  4.44089e-16  1.33227e-15  0.0  -4.44089e-16  8.88178e-16  -1.33227e-15  -4.44089e-16  0.0  -4.44089e-16  4.44089e-16  -4.44089e-16  -3.10862e-15  4.44089e-16  -1.33227e-15  4.44089e-16  -1.33227e-15  8.88178e-16  -8.88178e-16  4.44089e-16  -4.44089e-16  4.44089e-16  4.44089e-16  -4.44089e-16  -4.44089e-16  4.44089e-16  -1.33227e-15  -3.10862e-15  -3.55271e-15  -3.55271e-15  -6.21725e-15  -9.32587e-15  -8.88178e-15  -5.77316e-15  -6.66134e-15  -9.76996e-15  -1.59872e-14  -2.30926e-14  -3.73035e-14  -6.43929e-14  -1.64313e-14  -2.35367e-14  -5.90639e-14  -1.26121e-13  -1.00364e-13  -1.02585e-13  -9.10383e-14  -1.42109e-13  -6.52811e-14  -2.03837e-13  -1.89182e-13  -3.13971e-13  -5.973e-13  -5.48894e-13  -7.29194e-13  -6.66134e-13  -1.01208e-12  -8.79741e-13  -5.00044e-13  -1.33937e-12  -1.57385e-12  -1.77636e-15  -1.14575e-12  -1.49614e-12  -4.44089e-16  -2.22045e-15  -1.95133e-12  4.44089e-16  0.0  -1.77369e-12  -4.44089e-16  -2.60814e-12  8.88178e-16  0.0  -3.34577e-12  -4.44089e-16  -8.88178e-16  1.33227e-15  -3.10862e-15  4.44089e-16
210 Eigenvalues converges, out of 210 requested.
Running with l = 1050
Using solver: minres
Starting Davidson with n_aux = 2625, l_buffer = 1365, lc = 1055, thresh = 0.002, max_iter = 100
Iter 1: V_size = 210, Converged = 0, ‖r‖ (largest λ) = 0.1516315241105587
Iter 2: V_size = 420, Converged = 0, ‖r‖ (largest λ) = 0.03270368987561489
Iter 3: V_size = 840, Converged = 0, ‖r‖ (largest λ) = 0.009779089027487775
Iter 4: V_size = 1680, Converged = 0, ‖r‖ (largest λ) = 0.0025810782883984172
Iter 5: V_size = 2625, Converged = 0, ‖r‖ (largest λ) = 0.0058616684806025955
Iter 6: V_size = 2625, Converged = 28, ‖r‖ (largest λ) = 0.015665332907968548
Iter 7: V_size = 2625, Converged = 28, ‖r‖ (largest λ) = 0.013196450939489342
Iter 8: V_size = 2625, Converged = 28, ‖r‖ (largest λ) = 0.0051711814064049205
Iter 9: V_size = 1902, Converged = 414, ‖r‖ (largest λ) = 0.0042246866493531226
Hybrid Davidson-JD corrections at iteration 10
Total MINRES iterations: 725
Iter 10: V_size = 1902, Converged = 414, ‖r‖ (largest λ) = 0.002788631042612067
Hybrid Davidson-JD corrections at iteration 11
Total MINRES iterations: 0
Iter 11: V_size = 1902, Converged = 414, ‖r‖ (largest λ) = 0.002495600875251183
Hybrid Davidson-JD corrections at iteration 12
Total MINRES iterations: 0
Iter 12: V_size = 2607, Converged = 660, ‖r‖ (largest λ) = 0.0020585960862555862
Hybrid Davidson-JD corrections at iteration 13
Total MINRES iterations: 6348
Iter 13: V_size = 1410, Converged = 660, ‖r‖ (largest λ) = 0.00798990821711805
Hybrid Davidson-JD corrections at iteration 14
Total MINRES iterations: 0
Iter 14: V_size = 2115, Converged = 660, ‖r‖ (largest λ) = 0.0027080805938633685
Hybrid Davidson-JD corrections at iteration 15
Total MINRES iterations: 6602
Iter 15: V_size = 1410, Converged = 660, ‖r‖ (largest λ) = 0.005627473346771334
Hybrid Davidson-JD corrections at iteration 16
Total MINRES iterations: 100
Iter 16: V_size = 1747, Converged = 1028, ‖r‖ (largest λ) = 0.00871749719863739
Hybrid Davidson-JD corrections at iteration 17
Total MINRES iterations: 419
Iter 17: V_size = 2084, Converged = 1028, ‖r‖ (largest λ) = 0.0005986097350949422
Hybrid Davidson-JD corrections at iteration 18
Total MINRES iterations: 0
Iter 18: V_size = 2421, Converged = 1028, ‖r‖ (largest λ) = 0.009016483672185592
Hybrid Davidson-JD corrections at iteration 19
Total MINRES iterations: 75
Iter 19: V_size = 674, Converged = 1028, ‖r‖ (largest λ) = 0.008739174003060537
Hybrid Davidson-JD corrections at iteration 20
Total MINRES iterations: 0
Iter 20: V_size = 985, Converged = 1054, ‖r‖ (largest λ) = 0.0034290633624376736
Hybrid Davidson-JD corrections at iteration 21
Total MINRES iterations: 4
Iter 21: V_size = 1296, Converged = 1054, ‖r‖ (largest λ) = 0.0061960857345021245
Hybrid Davidson-JD corrections at iteration 22
Total MINRES iterations: 0
Iter 22: V_size = 1607, Converged = 1054, ‖r‖ (largest λ) = 0.006217866418125013
Hybrid Davidson-JD corrections at iteration 23
Total MINRES iterations: 25
Iter 23: V_size = 1918, Converged = 1054, ‖r‖ (largest λ) = 0.0046320704098770414
Converged all required eigenvalues.
18480.716327 seconds (605.23 M allocations: 47.898 TiB, 1.10% gc time)
Number of FLOPs: 169714930218796

Reading exact Eigenvalues...
Reading eigenvalues from ../../Eigenvalues_folder/eigenres_uracil_RNDbasis1.jld2

Compute the difference between computed and exact eigenvalues:
1×1050 adjoint(::Vector{Float64}) with eltype Float64:
 -3.55271e-15  -3.55271e-15  -7.10543e-15  -1.42109e-14  3.55271e-15  1.42109e-14  1.06581e-14  1.42109e-14  7.10543e-15  -1.06581e-14  -1.06581e-14  -7.10543e-15  0.0  -3.55271e-15  -1.06581e-14  1.24345e-14  -5.32907e-15  5.32907e-15  0.0  -1.77636e-15  -3.55271e-15  -3.55271e-15  3.55271e-15  1.77636e-15  1.59872e-14  -3.55271e-15  1.77636e-15  -1.77636e-15  7.10543e-15  5.32907e-15  1.77636e-15  -5.32907e-15  1.77636e-15  7.10543e-15  5.32907e-15  -1.77636e-15  -7.10543e-15  1.77636e-15  8.88178e-15  0.0  8.88178e-16  -4.44089e-15  -3.55271e-15  -8.88178e-16  1.77636e-15  -2.66454e-15  8.88178e-16  -1.77636e-15  -3.55271e-15  1.77636e-15  8.88178e-16  -1.77636e-15  2.66454e-15  -8.88178e-16  0.0  -5.32907e-15  1.77636e-15  -1.77636e-15  1.77636e-15  -2.66454e-15  8.88178e-16  1.77636e-15  -8.88178e-16  -8.88178e-16  2.66454e-15  0.0  -1.77636e-15  -2.66454e-15  -1.77636e-15  -1.77636e-15  1.77636e-15  -8.88178e-16  -8.88178e-16  8.88178e-16  -4.44089e-15  -2.66454e-15  0.0  -1.77636e-15  0.0  8.88178e-16  1.77636e-15  8.88178e-16  2.66454e-15  0.0  -1.77636e-15  -8.88178e-16  3.55271e-15  0.0  -8.88178e-16  1.77636e-15  -8.88178e-16  -8.88178e-16  1.77636e-15  8.88178e-16  -1.77636e-15  -4.88498e-15  -8.88178e-16  -2.22045e-15  -4.44089e-16  -1.77636e-15  2.66454e-15  1.33227e-15  -4.44089e-16  8.88178e-16  1.33227e-15  8.88178e-16  1.77636e-15  8.88178e-16  -8.88178e-16  3.55271e-15  1.77636e-15  -2.22045e-15  1.33227e-15  4.44089e-16  -4.44089e-16  4.44089e-16  1.77636e-15  4.44089e-16  -1.33227e-15  -4.44089e-16  0.0  8.88178e-16  2.22045e-15  8.88178e-16  0.0  -8.88178e-16  -1.33227e-15  8.88178e-16  1.33227e-15  -1.33227e-15  -4.44089e-16  -4.44089e-16  2.22045e-15  -1.33227e-15  -1.33227e-15  8.88178e-16  -2.22045e-15  -1.33227e-15  1.77636e-15  8.88178e-16  3.10862e-15  2.22045e-15  -3.9968e-15  1.33227e-15  -2.66454e-15  0.0  0.0  0.0  -8.88178e-16  2.22045e-15  8.88178e-16  -8.88178e-16  1.77636e-15  -1.33227e-15  -1.77636e-15  1.77636e-15  1.77636e-15  4.44089e-16  -1.33227e-15  -4.44089e-16  -1.77636e-15  -8.88178e-16  8.88178e-16  8.88178e-16  2.22045e-15  1.33227e-15  1.33227e-15  -4.44089e-16  0.0  4.44089e-16  1.33227e-15  -1.77636e-15  -4.44089e-16  -1.33227e-15  2.22045e-15  0.0  8.88178e-16  1.33227e-15  1.33227e-15  -2.22045e-15  -2.66454e-15  -4.44089e-16  -4.44089e-16  -8.88178e-16  1.33227e-15  -4.44089e-16  8.88178e-16  1.33227e-15  -4.44089e-16  -4.44089e-16  4.44089e-16  1.77636e-15  -3.55271e-15  -1.77636e-15  -1.33227e-15  -8.88178e-16  8.88178e-16  8.88178e-16  3.10862e-15  0.0  4.44089e-16  3.10862e-15  3.10862e-15  8.88178e-16  1.77636e-15  4.44089e-16  4.44089e-16  1.33227e-15  -3.10862e-15  0.0  0.0  -2.22045e-15  4.44089e-16  4.44089e-16  -4.44089e-16  2.66454e-15  8.88178e-16  -4.44089e-16  -4.44089e-16  4.44089e-16  -4.44089e-16  -4.44089e-16  -1.9984e-15  -1.77636e-15  1.9984e-15  1.33227e-15  2.44249e-15  6.66134e-16  6.66134e-16  1.55431e-15  6.66134e-16  -2.66454e-15  -1.55431e-15  6.66134e-16  0.0  8.88178e-16  -4.44089e-16  -2.22045e-15  1.77636e-15  -6.66134e-16  -4.44089e-16  6.66134e-16  2.44249e-15  2.22045e-16  0.0  4.44089e-16  1.55431e-15  8.88178e-16  8.88178e-16  -1.9984e-15  6.66134e-16  2.22045e-15  1.55431e-15  1.33227e-15  -2.22045e-16  -6.66134e-16  0.0  -1.77636e-15  -2.44249e-15  -4.44089e-16  -1.9984e-15  -2.22045e-16  8.88178e-16  -4.44089e-16  1.77636e-15  1.33227e-15  -8.88178e-16  2.22045e-15  -4.44089e-16  -4.44089e-16  -1.11022e-15  -6.66134e-16  -1.11022e-15  2.44249e-15  3.10862e-15  4.44089e-16  2.88658e-15  -6.66134e-16  -3.10862e-15  -1.11022e-15  0.0  -4.44089e-16  -1.55431e-15  -6.66134e-16  -6.66134e-16  -1.9984e-15  -6.66134e-16  4.44089e-16  -1.11022e-15  0.0  -1.55431e-15  3.10862e-15  2.44249e-15  1.55431e-15  -1.77636e-15  -1.33227e-15  -4.44089e-15  -3.55271e-15  -8.88178e-16  -2.10942e-14  -2.22045e-14  -4.68514e-14  -1.11022e-14  -2.39142e-13  -3.35287e-13  -7.21645e-14  -5.74651e-13  -3.11307e-13  -7.6783e-13  -4.94271e-13  -5.45342e-13  -4.44311e-13  -1.03739e-12  -1.20592e-12  -3.51053e-13  -4.54525e-13  -6.38378e-13  -3.15081e-13  -4.59632e-13  -4.91829e-13  -2.70739e-12  -1.12244e-12  -2.85327e-12  -3.25717e-12  -4.42713e-12  -3.69016e-12  -1.11611e-11  -9.11848e-12  -1.44362e-11  -7.10143e-12  -3.46949e-11  -3.39946e-11  -4.8227e-11  -2.13225e-11  -1.34253e-10  -6.87648e-11  -9.48441e-11  -6.13991e-11  -1.25813e-10  -1.4528e-10  -1.73248e-10  -2.28106e-10  -1.42226e-10  -1.65772e-10  -2.04354e-10  -3.25932e-10  -1.4633e-10  -3.03615e-10  -2.0015e-10  -2.63642e-10  -3.37618e-10  -5.37636e-10  -5.58666e-10  -8.02731e-10  -5.79235e-10  -7.61212e-10  -8.07078e-10  -4.54172e-10  -1.1189e-9  -8.53686e-10  -6.54538e-10  -1.43266e-9  -8.43916e-10  -1.86175e-9  -1.97928e-9  -9.81654e-10  -9.66309e-10  -2.24605e-9  -2.1669e-9  -2.03297e-9  -2.46785e-9  -2.6207e-9  -2.49214e-9  -2.86212e-9  -2.06997e-9  -1.91477e-9  -3.31385e-9  -2.74442e-9  -4.03116e-9  -3.48762e-9  -2.76417e-9  -4.65908e-9  -3.23947e-9  -5.14965e-9  -4.01164e-9  -5.9924e-9  -5.70675e-9  -6.91247e-9  -5.1413e-9  -5.08349e-9  -8.76207e-9  -4.73592e-9  -5.46081e-9  -7.34597e-9  -6.20261e-9  -6.74599e-9  -7.79567e-9  -1.0055e-8  -9.3333e-9  -6.17209e-9  -1.26541e-8  -1.09946e-8  -1.21778e-8  -1.00204e-8  -1.56649e-8  -1.30214e-8  -1.10246e-8  -1.60829e-8  -2.11803e-9  -1.09968e-8  -1.20821e-8  -2.10833e-9  -2.70399e-9  -2.57513e-9  -3.33402e-9  -3.8013e-9  -1.82379e-8  -1.71697e-8  -4.18383e-9  -1.20957e-8  -1.89238e-8  -4.53923e-9  -3.87653e-9  -3.17899e-9  -4.18407e-9  -4.67619e-9  -4.81019e-9  -4.74466e-9  -4.4756e-9  -3.68299e-9  -4.56524e-9  -3.33699e-9  -6.19142e-9  -5.80335e-9  -6.3443e-9  -5.16464e-9  -5.19298e-9  -7.15765e-9  -5.17018e-9  -8.54651e-9  -6.09832e-9  -6.45397e-9  -8.14765e-9  -5.71043e-9  -8.72303e-9  -7.31823e-9  -9.28013e-9  -1.38695e-8  -9.76992e-9  -8.42834e-9  -9.6864e-9  -7.54119e-9  -1.23361e-8  -1.00373e-8  -1.19941e-8  -8.76848e-9  -1.32734e-8  -1.79762e-8  -1.56932e-8  -1.11283e-8  -1.07109e-8  -1.76937e-8  -1.7764e-8  -1.17881e-8  -1.71856e-8  -2.1748e-8  -1.678e-8  -1.80248e-8  -1.57284e-8  -1.42793e-8  -1.73631e-8  -2.27432e-8  -2.10836e-8  -1.88888e-8  -1.944e-8  -2.05142e-8  -1.90304e-8  -2.21215e-8  -2.40777e-8  -1.81122e-8  -2.36061e-8  -2.34302e-8  -3.54313e-8  -3.17136e-8  -2.92577e-8  -3.63524e-8  -3.2259e-8  -3.4356e-8  -4.33393e-8  -3.07972e-8  -2.54934e-8  -2.85638e-8  -3.50617e-8  -3.80961e-8  -4.47574e-8  -4.12212e-8  -4.35152e-8  -4.27159e-8  -4.72885e-8  -4.57378e-8  -4.67772e-8  -5.83116e-8  -3.77806e-8  -4.4107e-8  -3.81917e-8  -3.96685e-8  -6.21585e-8  -5.46069e-8  -5.83119e-8  -6.98588e-8  -5.2962e-8  -3.66655e-8  -6.0236e-8  -6.16672e-8  -5.2526e-8  -5.06868e-8  -5.53145e-8  -6.44245e-8  -5.79107e-8  -6.50021e-8  -5.61681e-8  -8.15061e-8  -5.77831e-8  -6.43551e-8  -8.6533e-8  -6.4753e-8  -8.04393e-8  -9.79736e-8  -7.68357e-8  -9.67492e-8  -1.0142e-7  -9.62364e-8  -1.11626e-7  -1.02612e-7  -8.18446e-8  -1.19492e-7  -1.2908e-7  -1.09984e-7  -8.30659e-8  -1.51208e-7  -9.69167e-8  -9.69856e-8  -1.24096e-7  -9.9833e-8  -1.06117e-7  -1.04016e-7  -1.10329e-7  -9.4366e-8  -1.19043e-7  -1.23814e-7  -1.21548e-7  -9.19876e-8  -1.31347e-7  -1.49383e-7  -1.21038e-7  -1.68209e-7  -1.45607e-7  -1.40701e-7  -1.13414e-7  -1.31781e-7  -1.52609e-7  -1.51893e-7  -1.9873e-7  -2.11741e-7  -1.66633e-7  -1.67103e-7  -1.77321e-7  -1.77604e-7  -2.49151e-7  -2.06338e-7  -1.61645e-7  -1.8353e-7  -2.30111e-7  -2.39728e-7  -2.66644e-7  -1.9359e-7  -2.08257e-7  -2.44414e-7  -2.11708e-7  -2.31945e-7  -3.29232e-7  -3.22047e-7  -2.4285e-7  -2.42269e-7  -2.03942e-7  -3.43971e-7  -2.28573e-7  -2.32726e-7  -2.71816e-7  -2.84394e-7  -2.96744e-7  -2.82603e-7  -3.21642e-7  -4.61786e-7  -3.22333e-7  -3.67868e-7  -3.924e-7  -3.82908e-7  -3.72756e-7  -2.72195e-7  -3.47568e-7  -3.8379e-7  -4.0252e-7  -3.37127e-7  -3.61947e-7  -3.61047e-7  -4.62201e-7  -4.28479e-7  -4.15421e-7  -4.04679e-7  -4.3855e-7  -3.89487e-7  -3.86106e-7  -4.03334e-7  -3.65985e-7  -4.72717e-7  -4.90963e-7  -5.68948e-7  -4.61871e-7  -4.22931e-7  -4.11962e-7  -4.37975e-7  -4.33204e-7  -4.11257e-7  -4.20862e-7  -5.12208e-7  -5.02754e-7  -5.37506e-7  -5.40673e-7  -5.35705e-7  -6.43958e-7  -5.42774e-7  -5.84762e-7  -6.01149e-7  -6.15383e-7  -5.96385e-7  -5.63563e-7  -7.33836e-7  -7.35853e-7  -6.77083e-7  -6.15519e-7  -7.2119e-7  -6.10291e-7  -6.07031e-7  -7.29014e-7  -7.45876e-7  -7.95275e-7  -7.03844e-7  -7.20208e-7  -6.90875e-7  -4.5292e-7  -4.71752e-7  -5.05385e-7  -7.31763e-7  -8.72484e-7  -8.31622e-7  -6.27462e-7  -4.60406e-7  -7.85171e-7  -5.43985e-7  -7.20056e-7  -6.61424e-7  -8.2389e-7  -6.01328e-7  -6.37589e-7  -8.36341e-7  -6.79803e-7  -5.71946e-7  -7.55064e-7  -5.88434e-7  -6.46046e-7  -9.0252e-7  -9.00462e-7  -6.13831e-7  -8.45051e-7  -6.5098e-7  -6.16201e-7  -5.57855e-7  -6.64653e-7  -5.30996e-7  -6.22952e-7  -6.81278e-7  -6.75449e-7  -6.99359e-7  -5.63979e-7  -6.53506e-7  -8.27793e-7  -6.96028e-7  -6.94031e-7  -6.8545e-7  -6.70251e-7  -8.14297e-7  -8.19437e-7  -1.05909e-6  -8.67887e-7  -7.12052e-7  -8.86319e-7  -8.46248e-7  -8.61238e-7  -8.69612e-7  -9.26181e-7  -1.06892e-6  -7.81375e-7  -7.70356e-7  -6.86304e-7  -8.30648e-7  -8.80857e-7  -1.10765e-6  -1.03061e-6  -8.36678e-7  -9.00868e-7  -1.16009e-6  -1.02366e-6  -1.08313e-6  -8.81871e-7  -1.17805e-6  -9.43456e-7  -1.07705e-6  -9.78125e-7  -1.15299e-6  -1.01437e-6  -1.356e-6  -9.76274e-7  -9.22201e-7  -1.18427e-6  -9.17303e-7  -1.07412e-6  -1.29541e-6  -1.30514e-6  -1.12302e-6  -1.14343e-6  -1.42556e-6  -1.21752e-6  -1.4501e-6  -1.38767e-6  -1.40266e-6  -1.33414e-6  -1.09678e-6  -1.38255e-6  -1.52484e-6  -1.47506e-6  -1.4084e-6  -1.47318e-6  -1.77369e-6  -1.44618e-6  -1.62444e-6  -1.69354e-6  -1.33963e-6  -1.49504e-6  -1.38303e-6  -1.38552e-6  -1.74289e-6  -1.65262e-6  -1.6354e-6  -1.77113e-6  -1.83368e-6  -1.97506e-6  -1.98286e-6  -1.64521e-6  -1.8039e-6  -2.15815e-6  -1.86832e-6  -1.83183e-6  -1.78724e-6  -2.03554e-6  -1.77388e-6  -2.19798e-6  -1.99683e-6  -2.0266e-6  -2.08592e-6  -1.56528e-6  -2.01731e-6  -2.43034e-6  -2.33413e-6  -2.15409e-6  -2.08525e-6  -1.76348e-6  -2.47625e-6  -1.89925e-6  -2.48166e-6  -2.24763e-6  -2.26981e-6  -2.46727e-6  -2.55042e-6  -2.30253e-6  -2.61285e-6  -2.535e-6  -2.7539e-6  -2.78754e-6  -2.11199e-6  -2.16306e-6  -1.82969e-6  -2.65038e-6  -2.5519e-6  -2.54745e-6  -2.42338e-6  -2.68476e-6  -2.29704e-6  -2.48974e-6  -2.86502e-6  -2.9013e-6  -3.17124e-6  -2.75945e-6  -2.79499e-6  -3.06201e-6  -3.02388e-6  -3.74911e-6  -3.92812e-6  -2.5524e-6  -3.067e-6  -2.88407e-6  -3.0822e-6  -2.93871e-6  -3.69003e-6  -3.20605e-6  -2.9427e-6  -3.06725e-6  -3.36847e-6  -3.28841e-6  -4.0746e-6  -3.63982e-6  -2.74352e-6  -4.35684e-6  -3.90626e-6  -3.54891e-6  -3.40281e-6  -3.06042e-6  -4.61422e-6  -3.3286e-6  -4.03228e-6  -3.82239e-6  -4.1322e-6  -4.77021e-6  -3.18052e-6  -4.08546e-6  -3.36936e-6  -4.36428e-6  -4.65305e-6  -4.51253e-6  -4.05767e-6  -3.91949e-6  -3.62779e-6  -4.99389e-6  -4.67446e-6  -3.90843e-6  -4.43156e-6  -5.64577e-6  -4.77062e-6  -4.53343e-6  -3.77975e-6  -4.97005e-6  -4.53854e-6  -4.44708e-6  -5.50845e-6  -3.98893e-6  -5.55522e-6  -5.23767e-6  -5.00659e-6  -5.92957e-6  -4.96714e-6  -5.14939e-6  -5.6528e-6  -5.56495e-6  -5.55563e-6  -5.02474e-6  -5.59719e-6  -5.6934e-6  -5.7578e-6  -4.89082e-6  -4.76636e-6  -5.9293e-6  -7.69106e-6  -5.32255e-6  -6.27017e-6  -5.67791e-6  -6.0095e-6  -4.8047e-6  -6.91635e-6  -6.12289e-6  -6.56054e-6  -6.89486e-6  -5.71446e-6  -5.20636e-6  -6.48707e-6  -5.63624e-6  -6.56643e-6  -6.64893e-6  -6.38292e-6  -5.61489e-6  -6.56241e-6  -6.93898e-6  -6.96252e-6  -7.31173e-6  -8.42545e-6  -7.79296e-6  -6.6685e-6  -8.10005e-6  -7.17525e-6  -7.1497e-6  -6.15383e-6  -6.2283e-6  -7.76192e-6  -7.70268e-6  -6.51691e-6  -7.00136e-6  -9.00305e-6  -6.36705e-6  -7.21786e-6  -8.76037e-6  -7.02298e-6  -7.01057e-6  -8.40756e-6  -8.04815e-6  -7.80769e-6  -6.88201e-6  -7.91027e-6  -1.02673e-5  -7.80388e-6  -4.8816e-6  -9.53771e-6  -9.12519e-6  -8.07017e-6  -5.32485e-6  -1.05302e-5  -7.27917e-6  -1.00472e-5  -2.0829e-6  -2.13873e-6  -1.79902e-6  -2.15406e-6  -1.53489e-6  -1.07852e-6  -1.13758e-6  -8.56903e-7  -8.14781e-7  -5.28467e-7  -7.1858e-7  -7.4459e-7  -8.46426e-7  -6.51976e-7  -6.01119e-7  -6.33491e-7  -5.70264e-7  -5.00618e-7  -6.45613e-7  -5.6714e-7  -4.98022e-7  -3.53332e-7  -7.91202e-7  -1.88929e-7  -1.17716e-6  -6.63722e-7  -8.46065e-7  -7.67028e-7  -6.81278e-7  -1.1158e-6  -5.80211e-7  -1.58555e-7  -6.97294e-7  -6.12042e-7  -3.91666e-7  -4.43777e-7  -4.39697e-7  -3.23167e-7  -3.16487e-7  -3.42144e-7  -3.45939e-7  -3.74812e-7  -3.03756e-7  -3.12222e-7  -3.0247e-7  -2.41848e-7  -2.56323e-7  -2.58014e-7  -2.59754e-7  -2.23636e-7  -2.14257e-7  -2.53299e-7  -2.486e-7  -2.32314e-7  -1.55489e-7  -1.83269e-7  -1.97887e-7  -2.3007e-7  -1.7002e-7  -1.9828e-7  -1.78973e-7  -1.58129e-7  -1.59543e-7  -1.92849e-7  -1.67186e-7  -1.73219e-7  -1.7198e-7  -1.48619e-7  -1.63395e-7  -1.78339e-7  -1.58309e-7  -1.47073e-7  -1.64807e-7  -1.42042e-7  -1.52152e-7  -1.47854e-7  -1.52359e-7  -1.2815e-7  -1.55351e-7  -1.50107e-7  -1.17202e-7  -1.37989e-7  -1.44419e-7  -1.32667e-7  -1.30762e-7  -1.17698e-7  -1.18178e-7  -1.51383e-7  -1.40924e-7  -1.22192e-7  -9.24396e-8  -1.54517e-7  -1.25649e-7  -1.11529e-7  -1.04225e-7  -1.29294e-7  -1.03881e-7  -1.21251e-7  -9.86111e-8  -1.11631e-7  -1.13348e-7  -9.40113e-8  -1.16171e-7  -1.09638e-7  -8.43063e-8  -1.20672e-7  -9.87625e-8  -1.0459e-7  -9.39165e-8  -7.67178e-8  -8.53112e-8  -1.01602e-7  -9.23268e-8  -6.82085e-8  -8.59942e-8  -7.63378e-8  -8.11569e-8  -1.12433e-7  -9.07817e-8  -7.70588e-8  -5.53444e-8  -8.6446e-8  -7.43512e-8  -7.50974e-8
1050 Eigenvalues converges, out of 1050 requested.
Running with l = 2100
Using solver: minres
Starting Davidson with n_aux = 5250, l_buffer = 2730, lc = 2110, thresh = 0.0025, max_iter = 100
Iter 1: V_size = 420, Converged = 0, ‖r‖ (largest λ) = 0.05009456722285485
Iter 2: V_size = 840, Converged = 0, ‖r‖ (largest λ) = 0.00974895232376983
Iter 3: V_size = 1680, Converged = 0, ‖r‖ (largest λ) = 0.002621504589096449
Iter 4: V_size = 3360, Converged = 0, ‖r‖ (largest λ) = 0.00037949040280745277
Iter 5: V_size = 5250, Converged = 6, ‖r‖ (largest λ) = 0.0001979692051019184
Iter 6: V_size = 5250, Converged = 6, ‖r‖ (largest λ) = 0.000348619782398191
Iter 7: V_size = 5250, Converged = 6, ‖r‖ (largest λ) = 0.00038356312572160225
Iter 8: V_size = 4688, Converged = 386, ‖r‖ (largest λ) = 0.00021242941910605675
Iter 9: V_size = 4688, Converged = 386, ‖r‖ (largest λ) = 9.96644532775367e-5
Hybrid Davidson-JD corrections at iteration 10
Total MINRES iterations: 0
Iter 10: V_size = 4688, Converged = 386, ‖r‖ (largest λ) = 6.73999517083985e-5
Converged all required eigenvalues.
18455.671851 seconds (976.71 M allocations: 77.913 TiB, 1.45% gc time)
Number of FLOPs: 171273403890816

Reading exact Eigenvalues...
Reading eigenvalues from ../../Eigenvalues_folder/eigenres_uracil_RNDbasis1.jld2

Compute the difference between computed and exact eigenvalues:
1×2100 adjoint(::Vector{Float64}) with eltype Float64:
 -2.84217e-14  -1.06581e-14  1.77636e-14  -3.55271e-15  -3.55271e-15  -1.42109e-14  -1.06581e-14  3.55271e-15  7.10543e-15  -1.06581e-14  -1.42109e-14  0.0  -7.10543e-15  3.55271e-15  -1.77636e-15  0.0  -1.77636e-15  -3.55271e-15  -1.06581e-14  -8.88178e-15  0.0  5.32907e-15  0.0  8.88178e-15  7.10543e-15  1.77636e-15  -1.77636e-15  -5.32907e-15  1.77636e-15  0.0  -1.77636e-15  -5.32907e-15  -1.06581e-14  -7.10543e-15  1.77636e-15  1.06581e-14  0.0  7.10543e-15  -1.77636e-15  1.77636e-15  -8.88178e-16  -9.76996e-15  7.10543e-15  -3.55271e-15  3.55271e-15  2.66454e-15  -8.88178e-15  -1.77636e-15  8.88178e-16  -4.44089e-15  0.0  -2.66454e-15  7.99361e-15  3.55271e-15  1.77636e-15  -8.88178e-16  8.88178e-16  1.77636e-15  -8.88178e-16  -2.66454e-15  2.66454e-15  4.44089e-15  -2.66454e-15  1.77636e-15  -8.88178e-16  2.66454e-15  -4.44089e-15  -4.44089e-15  7.10543e-15  0.0  4.44089e-15  8.88178e-16  -8.88178e-16  4.44089e-15  -7.10543e-15  -8.88178e-16  -7.10543e-15  2.66454e-15  1.77636e-15  -2.66454e-15  -2.66454e-15  -8.88178e-16  -5.32907e-15  3.55271e-15  -2.66454e-15  -1.77636e-15  1.77636e-15  0.0  -1.77636e-15  -2.66454e-15  5.32907e-15  0.0  7.10543e-15  5.32907e-15  -1.33227e-15  8.88178e-16  -4.44089e-16  3.9968e-15  4.44089e-15  -1.77636e-15  -2.22045e-15  2.66454e-15  3.10862e-15  -1.77636e-15  8.88178e-16  3.9968e-15  4.44089e-16  -2.22045e-15  -4.88498e-15  -1.77636e-15  2.66454e-15  -1.33227e-15  -6.66134e-15  1.33227e-15  3.10862e-15  -5.32907e-15  0.0  -1.77636e-15  -8.88178e-16  0.0  2.22045e-15  4.88498e-15  5.77316e-15  -3.55271e-15  1.77636e-15  1.33227e-15  3.9968e-15  8.88178e-16  3.55271e-15  -4.44089e-15  -4.44089e-15  5.32907e-15  6.21725e-15  8.88178e-16  -7.10543e-15  5.77316e-15  -2.22045e-15  0.0  1.33227e-15  2.22045e-15  -1.77636e-15  -7.10543e-15  -2.66454e-15  7.99361e-15  3.55271e-15  2.22045e-15  -1.77636e-15  6.66134e-15  4.44089e-16  1.33227e-15  -1.33227e-15  1.77636e-15  8.88178e-16  -5.32907e-15  -2.22045e-15  -2.66454e-15  -8.88178e-16  6.66134e-15  -1.33227e-15  -4.44089e-16  -2.66454e-15  8.88178e-16  2.22045e-15  -8.88178e-16  2.66454e-15  7.99361e-15  -4.44089e-16  -2.66454e-15  -7.10543e-15  -4.44089e-15  6.66134e-15  -2.66454e-15  9.32587e-15  3.9968e-15  -6.66134e-15  -2.22045e-15  -7.10543e-15  3.10862e-15  -7.54952e-15  6.21725e-15  -2.22045e-15  1.33227e-15  7.10543e-15  3.55271e-15  -3.55271e-15  7.54952e-15  1.77636e-15  0.0  -3.10862e-15  4.44089e-16  7.54952e-15  8.88178e-16  -5.32907e-15  -2.66454e-15  8.88178e-15  5.77316e-15  -7.99361e-15  -1.33227e-15  -4.44089e-16  2.22045e-15  1.11022e-14  3.9968e-15  -1.77636e-15  3.10862e-15  9.32587e-15  8.88178e-16  3.55271e-15  -3.10862e-15  -6.66134e-15  4.88498e-15  7.54952e-15  -2.22045e-15  -2.22045e-15  1.02141e-14  1.33227e-15  3.9968e-15  -2.66454e-15  -2.22045e-15  1.77636e-15  6.21725e-15  -3.55271e-15  -9.32587e-15  -4.88498e-15  -1.77636e-15  8.21565e-15  -1.77636e-15  -2.66454e-15  -4.21885e-15  6.66134e-15  -2.22045e-15  2.22045e-16  -5.32907e-15  -2.22045e-15  4.44089e-16  -9.76996e-15  4.66294e-15  1.33227e-15  -1.9984e-15  -5.77316e-15  -8.21565e-15  1.9984e-15  8.88178e-15  8.88178e-16  5.32907e-15  -1.13243e-14  4.88498e-15  7.77156e-15  -5.9952e-15  -1.9984e-15  2.44249e-15  -4.88498e-15  -1.31006e-14  8.65974e-15  2.22045e-16  -5.55112e-15  -7.10543e-15  4.88498e-15  -3.77476e-15  -4.44089e-15  1.33227e-15  -5.32907e-15  -6.66134e-15  -9.54792e-15  9.76996e-15  2.66454e-15  2.88658e-15  2.88658e-15  1.26565e-14  7.54952e-15  -3.77476e-15  -5.55112e-15  -8.21565e-15  -4.88498e-15  -9.99201e-15  0.0  3.10862e-15  -7.10543e-15  8.43769e-15  3.77476e-15  6.88338e-15  1.31006e-14  -5.55112e-15  -4.66294e-15  -5.32907e-15  4.44089e-15  -2.44249e-15  2.44249e-15  1.33227e-15  2.22045e-16  -1.55431e-15  -5.9952e-15  -3.55271e-15  1.19904e-14  2.22045e-16  -1.13243e-14  -8.43769e-15  0.0  2.88658e-15  1.33227e-14  -4.44089e-15  -6.21725e-15  -5.77316e-15  6.66134e-16  -2.22045e-15  0.0  8.88178e-16  -2.66454e-15  5.9952e-15  -5.10703e-15  5.77316e-15  -7.99361e-15  -2.22045e-15  2.66454e-15  -6.66134e-15  -5.32907e-15  -6.88338e-15  4.44089e-15  5.55112e-15  3.33067e-15  -4.44089e-16  -6.43929e-15  4.88498e-15  -2.22045e-15  1.11022e-14  -1.39888e-14  -1.26565e-14  -3.33067e-15  1.33227e-15  9.99201e-15  -1.55431e-15  -8.88178e-15  -4.88498e-15  2.22045e-15  1.42109e-14  -1.04361e-14  -1.24345e-14  1.15463e-14  5.55112e-15  1.04361e-14  9.10383e-15  -5.32907e-15  -2.5091e-14  -1.15463e-14  -1.15463e-14  -5.21805e-14  -5.79536e-14  -1.08802e-14  -4.69624e-13  -4.78728e-13  -3.47056e-13  -2.19114e-12  -7.6783e-13  -6.03428e-12  -1.68272e-11  -3.35987e-11  -6.58051e-12  -1.80373e-11  -4.93268e-11  -4.53479e-11  -2.76521e-11  -1.32249e-10  -7.00606e-11  -2.27045e-10  -3.04483e-10  -2.64138e-10  -2.43681e-10  -3.44244e-10  -5.01267e-10  -6.83368e-10  -4.26116e-10  -4.96513e-10  -6.45176e-10  -5.26042e-10  -5.52953e-10  -5.11419e-10  -4.26354e-10  -6.92911e-10  -7.76254e-10  -6.64892e-10  -8.46947e-10  -9.87158e-10  -8.19657e-10  -6.96312e-10  -7.87658e-10  -8.31477e-10  -2.47431e-11  -4.53872e-11  -3.47655e-11  -3.26892e-11  -4.61662e-11  -6.97492e-10  -4.09226e-11  -4.77078e-11  -3.24245e-11  -3.84617e-11  -4.08145e-11  -4.03448e-11  -4.14131e-11  -5.689e-11  -4.74583e-11  -4.18259e-11  -5.76268e-11  -4.4128e-11  -5.17557e-11  -3.996e-11  -7.69178e-11  -5.54701e-11  -4.81719e-11  -6.07203e-11  -4.7176e-11  -6.09952e-11  -7.20677e-11  -7.64775e-11  -5.30063e-11  -7.37486e-11  -7.19407e-11  -5.92861e-11  -5.72775e-11  -8.58558e-11  -1.06058e-10  -5.25466e-11  -6.25475e-11  -8.2661e-11  -6.80858e-11  -7.23499e-11  -8.60372e-11  -9.92395e-11  -7.41598e-11  -8.55065e-11  -7.41289e-11  -9.22173e-11  -8.70635e-11  -9.60272e-11  -1.28758e-10  -1.08387e-10  -1.07689e-10  -9.39679e-11  -9.81637e-11  -1.18273e-10  -1.18737e-10  -9.86913e-11  -1.28831e-10  -1.37363e-10  -1.13847e-10  -1.23293e-10  -1.827e-10  -1.27037e-10  -1.09006e-10  -1.45227e-10  -1.22537e-10  -1.12447e-10  -1.28935e-10  -1.55781e-10  -1.29065e-10  -1.37717e-10  -1.12349e-10  -1.46515e-10  -1.63135e-10  -1.7711e-10  -1.44352e-10  -1.65459e-10  -1.5381e-10  -1.79316e-10  -1.63993e-10  -1.64066e-10  -1.89122e-10  -1.47586e-10  -1.86923e-10  -1.83e-10  -1.69243e-10  -1.38986e-10  -1.93372e-10  -1.35996e-10  -2.06241e-10  -1.96426e-10  -2.41765e-10  -1.91703e-10  -2.125e-10  -2.2412e-10  -2.52992e-10  -1.80134e-10  -2.15838e-10  -2.55667e-10  -2.65873e-10  -1.99834e-10  -2.50729e-10  -2.30667e-10  -2.16617e-10  -2.4752e-10  -2.44345e-10  -3.21802e-10  -3.01628e-10  -2.4412e-10  -2.77177e-10  -2.36067e-10  -2.71738e-10  -3.03432e-10  -3.08036e-10  -2.60518e-10  -2.89914e-10  -3.5191e-10  -3.17839e-10  -3.49834e-10  -3.08433e-10  -2.70698e-10  -3.07255e-10  -3.31523e-10  -2.96209e-10  -3.64686e-10  -3.4141e-10  -3.1846e-10  -3.72937e-10  -2.83519e-10  -3.44449e-10  -3.99434e-10  -3.4072e-10  -3.8532e-10  -2.70938e-10  -3.46749e-10  -3.98023e-10  -3.41086e-10  -3.8923e-10  -3.6313e-10  -4.24438e-10  -3.95968e-10  -3.65841e-10  -4.41357e-10  -3.94881e-10  -4.4535e-10  -5.22541e-10  -5.20512e-10  -4.29661e-10  -4.51127e-10  -5.23665e-10  -4.92468e-10  -6.22163e-10  -5.17128e-10  -5.07557e-10  -4.42882e-10  -5.04472e-10  -6.11226e-10  -4.47911e-10  -4.55102e-10  -5.60695e-10  -5.19482e-10  -4.77068e-10  -5.15277e-10  -5.71557e-10  -6.09606e-10  -4.29409e-10  -6.30096e-10  -5.67978e-10  -6.35279e-10  -6.24015e-10  -4.88336e-10  -6.20256e-10  -5.49193e-10  -6.61033e-10  -6.51937e-10  -7.19978e-10  -5.64881e-10  -7.41836e-10  -5.67346e-10  -6.89481e-10  -8.10408e-10  -6.99327e-10  -6.17003e-10  -7.20666e-10  -8.2634e-10  -6.74214e-10  -8.20037e-10  -7.61282e-10  -9.72225e-10  -7.16282e-10  -7.68316e-10  -9.94177e-10  -7.8922e-10  -1.13142e-9  -8.00265e-10  -8.26693e-10  -9.26779e-10  -9.65317e-10  -8.26624e-10  -1.03296e-9  -8.45125e-10  -1.01351e-9  -1.0977e-9  -7.82982e-10  -1.01356e-9  -1.02198e-9  -1.35617e-9  -1.13964e-9  -1.01817e-9  -1.27517e-9  -1.47256e-9  -1.15666e-9  -1.35576e-9  -8.96047e-10  -1.15595e-9  -1.11865e-9  -1.20237e-9  -1.25342e-9  -1.14817e-9  -1.31884e-9  -1.37637e-9  -1.36568e-9  -1.53443e-9  -1.30671e-9  -1.20317e-9  -1.37248e-9  -1.23807e-9  -1.34448e-9  -1.35414e-9  -1.48162e-9  -1.31176e-9  -1.51339e-9  -1.61836e-9  -1.56302e-9  -1.36654e-9  -1.26066e-9  -1.46429e-9  -1.83274e-9  -1.78501e-9  -1.37316e-9  -1.90421e-9  -1.86296e-9  -1.60916e-9  -1.53892e-9  -1.63404e-9  -1.42966e-9  -1.42807e-9  -1.82446e-9  -1.42429e-9  -1.69799e-9  -1.86201e-9  -2.0252e-9  -1.83282e-9  -1.69415e-9  -2.03994e-9  -1.92723e-9  -1.78208e-9  -2.12683e-9  -1.69721e-9  -1.83105e-9  -2.47518e-9  -2.26505e-9  -1.91455e-9  -2.01653e-9  -2.02398e-9  -2.12093e-9  -2.53886e-9  -2.30578e-9  -2.1283e-9  -2.22883e-9  -2.34402e-9  -2.07684e-9  -2.47225e-9  -3.31016e-9  -2.33547e-9  -2.0984e-9  -2.10663e-9  -2.01123e-9  -2.51368e-9  -2.5504e-9  -2.94525e-9  -2.43158e-9  -2.4628e-9  -2.83767e-9  -3.46706e-9  -2.67009e-9  -2.61354e-9  -2.78411e-9  -2.32971e-9  -2.79492e-9  -2.57243e-9  -2.55563e-9  -2.71213e-9  -2.65683e-9  