Processing molecule: H2
Running with beta = 12
Running with l = 10
Starting Davidson with n_aux = 192, l_buffer = 15, lc = 10, thresh = 0.0015, max_iter = 100
Iter 1: V_size = 31, Converged = 0, ‖r‖ (largest λ) = 0.01243789060943334
Iter 2: V_size = 46, Converged = 0, ‖r‖ (largest λ) = 0.11315308260894438
Iter 3: V_size = 61, Converged = 0, ‖r‖ (largest λ) = 0.3002636384995543
Iter 4: V_size = 76, Converged = 0, ‖r‖ (largest λ) = 0.11591571344466559
Iter 5: V_size = 91, Converged = 0, ‖r‖ (largest λ) = 0.041060893021033454
Iter 6: V_size = 102, Converged = 4, ‖r‖ (largest λ) = 0.0024799177545540684
Iter 7: V_size = 113, Converged = 4, ‖r‖ (largest λ) = 1.6358707101087032e-5
Iter 8: V_size = 124, Converged = 4, ‖r‖ (largest λ) = 2.970638047101994e-5
Iter 9: V_size = 135, Converged = 4, ‖r‖ (largest λ) = 1.966947043381721e-5
Converged all required eigenvalues.
 26.694608 seconds (445.10 k allocations: 4.076 GiB, 2.03% gc time, 18.47% compilation time)
Number of FLOPs: 274706911194

Reading exact Eigenvalues...
Reading eigenvalues from ../../Eigenvalues_folder/eigenres_H2_RNDbasis1.jld2

Compute the difference between computed and exact eigenvalues:
1×10 adjoint(::Vector{Float64}) with eltype Float64:
 -3.55271e-15  -3.55271e-15  0.0  0.0  -8.88178e-16  1.11022e-15  0.0  -2.22045e-16  6.66134e-16  8.88178e-16
10 Eigenvalues converges, out of 10 requested.
Running with l = 50
Starting Davidson with n_aux = 192, l_buffer = 75, lc = 50, thresh = 0.002, max_iter = 100
Iter 1: V_size = 32, Converged = 0, ‖r‖ (largest λ) = 0.01243789060943334
Iter 2: V_size = 64, Converged = 0, ‖r‖ (largest λ) = 0.0031033434797851376
Iter 3: V_size = 128, Converged = 0, ‖r‖ (largest λ) = 0.0007541059972443483
Iter 4: V_size = 150, Converged = 0, ‖r‖ (largest λ) = 0.005338944067445293
Iter 5: V_size = 148, Converged = 1, ‖r‖ (largest λ) = 0.014598499594203375
Iter 6: V_size = 148, Converged = 1, ‖r‖ (largest λ) = 0.0037678640166375404
Iter 7: V_size = 148, Converged = 1, ‖r‖ (largest λ) = 0.001481751755216684
Iter 8: V_size = 179, Converged = 44, ‖r‖ (largest λ) = 0.0008477652183135525
Iter 9: V_size = 62, Converged = 44, ‖r‖ (largest λ) = 1.4515567297912457e-5
Hybrid Davidson-JD corrections at iteration 10
Iter 10: V_size = 93, Converged = 44, ‖r‖ (largest λ) = 0.00797449841105661
Hybrid Davidson-JD corrections at iteration 11
Total MINRES iterations: 75
Iter 11: V_size = 124, Converged = 44, ‖r‖ (largest λ) = 0.009848199016616004
Converged all required eigenvalues.
 62.507761 seconds (1.66 M allocations: 31.433 GiB, 3.56% gc time, 6.82% compilation time)
Number of FLOPs: 581718129046

Reading exact Eigenvalues...
Reading eigenvalues from ../../Eigenvalues_folder/eigenres_H2_RNDbasis1.jld2

Compute the difference between computed and exact eigenvalues:
1×50 adjoint(::Vector{Float64}) with eltype Float64:
 -2.66454e-15  -3.55271e-15  8.88178e-16  1.33227e-15  -1.77636e-15  6.66134e-16  4.44089e-16  6.66134e-16  -4.44089e-16  -4.44089e-16  1.9984e-15  -1.33227e-15  4.44089e-16  0.0  -1.55431e-15  6.66134e-16  1.33227e-15  -1.11022e-15  -1.11022e-15  1.55431e-15  -2.9976e-15  -1.11022e-15  -2.66454e-15  -9.10383e-15  -8.80407e-14  -6.4837e-14  -4.4964e-14  -1.14242e-13  -2.82663e-13  -1.04039e-12  -3.8316e-12  -3.63398e-12  -3.21609e-12  -1.10856e-12  -3.84965e-11  -6.81766e-12  -1.63986e-10  -1.01963e-10  -1.93946e-10  -1.92011e-10  -3.95063e-10  -6.22762e-10  -1.53593e-9  -9.6201e-10  2.55351e-15  6.66134e-16  -2.22045e-16  1.66533e-16  1.66533e-16  3.88578e-15
50 Eigenvalues converges, out of 50 requested.
Running with l = 100
Starting Davidson with n_aux = 192, l_buffer = 150, lc = 101, thresh = 0.0025, max_iter = 100
Iter 1: V_size = 32, Converged = 0, ‖r‖ (largest λ) = 0.01243789060943334
Iter 2: V_size = 64, Converged = 0, ‖r‖ (largest λ) = 0.0031033434797851376
Iter 3: V_size = 128, Converged = 0, ‖r‖ (largest λ) = 0.0007541059972443483
Iter 4: V_size = 192, Converged = 0, ‖r‖ (largest λ) = 0.00020989139304042372
Iter 5: V_size = 192, Converged = 1, ‖r‖ (largest λ) = 0.000657710191460396
Iter 6: V_size = 192, Converged = 1, ‖r‖ (largest λ) = 0.002420495062110027
Iter 7: V_size = 192, Converged = 1, ‖r‖ (largest λ) = 0.002880249119930352
Iter 8: V_size = 192, Converged = 52, ‖r‖ (largest λ) = 0.0010295995881065792
Iter 9: V_size = 192, Converged = 52, ‖r‖ (largest λ) = 0.0005899298093767255
Hybrid Davidson-JD corrections at iteration 10
Total MINRES iterations: 1200
Iter 10: V_size = 192, Converged = 52, ‖r‖ (largest λ) = 0.0004537573304504882
Converged all required eigenvalues.
168.849362 seconds (2.68 M allocations: 73.469 GiB, 2.43% gc time, 0.07% compilation time)
Number of FLOPs: 1155390802800

Reading exact Eigenvalues...
Reading eigenvalues from ../../Eigenvalues_folder/eigenres_H2_RNDbasis1.jld2

Compute the difference between computed and exact eigenvalues:
1×100 adjoint(::Vector{Float64}) with eltype Float64:
 -1.77636e-15  -8.88178e-16  4.44089e-16  2.22045e-15  -1.33227e-15  2.22045e-16  1.11022e-15  0.0  1.11022e-15  4.44089e-16  2.22045e-15  2.22045e-16  -6.66134e-16  8.88178e-16  -1.55431e-15  -1.11022e-15  1.55431e-15  -1.44329e-15  8.88178e-16  2.33147e-15  1.44329e-15  2.10942e-15  5.55112e-16  5.55112e-16  1.11022e-16  9.99201e-16  2.22045e-16  -2.10942e-15  -2.66454e-15  -8.88178e-16  1.11022e-15  -7.77156e-16  -4.44089e-16  -1.22125e-15  -3.55271e-15  1.11022e-15  -7.77156e-15  -3.94129e-15  -1.4877e-14  -2.48135e-14  -4.53526e-14  -2.05391e-13  -1.08247e-13  -3.20521e-13  -1.03499e-8  -1.64411e-9  -4.72916e-9  -1.17129e-12  -8.67412e-9  -7.39765e-8  -8.17398e-8  -4.11265e-8  6.77774e-10  -9.31089e-13  -1.06526e-13  -2.71633e-11  -8.79413e-12  -9.50467e-12  -2.27612e-12  -2.47558e-12  -5.74872e-8  -6.43833e-11  -2.97729e-12  -6.72212e-12  -1.84262e-11  -4.0041e-11  -4.92839e-12  -3.97932e-12  -1.44922e-10  -3.41116e-12  -9.32809e-12  -3.91931e-12  -1.30523e-10  5.42649e-12  -1.00633e-11  -1.83857e-11  -7.76942e-12  -2.12922e-10  -8.84181e-10  -6.62937e-10  -1.9359e-10  -3.1567e-10  -7.71478e-10  -2.54772e-9  -2.19717e-9  -2.05549e-9  -2.21358e-9  -3.02019e-10  -7.32789e-9  -9.96773e-9  -2.73193e-8  -3.07631e-8  -2.76318e-8  -4.77917e-8  -2.08255e-8  -6.00027e-8  -5.15104e-8  -4.78843e-8  -6.06425e-8  -1.17879e-8
100 Eigenvalues converges, out of 100 requested.
Running with l = 200
Starting Davidson with n_aux = 240, l_buffer = 300, lc = 202, thresh = 0.003, max_iter = 100
Iter 1: V_size = 40, Converged = 0, ‖r‖ (largest λ) = 0.011480073599996846
Iter 2: V_size = 80, Converged = 0, ‖r‖ (largest λ) = 0.002280189232841786
Iter 3: V_size = 160, Converged = 0, ‖r‖ (largest λ) = 0.0005393068856438539
Iter 4: V_size = 240, Converged = 0, ‖r‖ (largest λ) = 0.00011256860785194907
Iter 5: V_size = 240, Converged = 2, ‖r‖ (largest λ) = 3.612465579421133e-5
Iter 6: V_size = 240, Converged = 2, ‖r‖ (largest λ) = 3.499707919728739e-5
Iter 7: V_size = 240, Converged = 2, ‖r‖ (largest λ) = 3.4997079197287993e-5
Iter 8: V_size = 240, Converged = 40, ‖r‖ (largest λ) = 3.4997079197286266e-5
Iter 9: V_size = 240, Converged = 40, ‖r‖ (largest λ) = 4.121623007485989e-5
Hybrid Davidson-JD corrections at iteration 10
Total MINRES iterations: 878
Iter 10: V_size = 240, Converged = 40, ‖r‖ (largest λ) = 4.121623007441187e-5
Hybrid Davidson-JD corrections at iteration 11
Total MINRES iterations: 878
Iter 11: V_size = 240, Converged = 76, ‖r‖ (largest λ) = 4.121623007441507e-5
Hybrid Davidson-JD corrections at iteration 12
Total MINRES iterations: 2158
Iter 12: V_size = 240, Converged = 76, ‖r‖ (largest λ) = 9.711569685963706e-5
Hybrid Davidson-JD corrections at iteration 13
Total MINRES iterations: 2475
Iter 13: V_size = 240, Converged = 76, ‖r‖ (largest λ) = 0.0001797016347234707
Hybrid Davidson-JD corrections at iteration 14
Total MINRES iterations: 2361
Iter 14: V_size = 240, Converged = 92, ‖r‖ (largest λ) = 0.00031318395053392216
Hybrid Davidson-JD corrections at iteration 15
Total MINRES iterations: 2471
Iter 15: V_size = 240, Converged = 92, ‖r‖ (largest λ) = 0.0001751348443852522
Hybrid Davidson-JD corrections at iteration 16
Total MINRES iterations: 2455
Iter 16: V_size = 240, Converged = 92, ‖r‖ (largest λ) = 0.0002598616948336993
Hybrid Davidson-JD corrections at iteration 17
Total MINRES iterations: 2412
Iter 17: V_size = 240, Converged = 102, ‖r‖ (largest λ) = 0.0002850384112466359
Hybrid Davidson-JD corrections at iteration 18
Total MINRES iterations: 2386
Iter 18: V_size = 240, Converged = 102, ‖r‖ (largest λ) = 0.0002521183937192272
Hybrid Davidson-JD corrections at iteration 19
Total MINRES iterations: 2400
Iter 19: V_size = 240, Converged = 102, ‖r‖ (largest λ) = 0.0002890128678927472
Hybrid Davidson-JD corrections at iteration 20
Total MINRES iterations: 2312
Iter 20: V_size = 240, Converged = 104, ‖r‖ (largest λ) = 0.00026832629855918735
Hybrid Davidson-JD corrections at iteration 21
Total MINRES iterations: 2338
Iter 21: V_size = 240, Converged = 104, ‖r‖ (largest λ) = 0.0002968528761259025
Hybrid Davidson-JD corrections at iteration 22
Total MINRES iterations: 2278
Iter 22: V_size = 240, Converged = 104, ‖r‖ (largest λ) = 0.000329272557954442
Hybrid Davidson-JD corrections at iteration 23
Total MINRES iterations: 2338
Iter 23: V_size = 240, Converged = 104, ‖r‖ (largest λ) = 0.00035887077664260186
Hybrid Davidson-JD corrections at iteration 24
Total MINRES iterations: 2324
Iter 24: V_size = 240, Converged = 104, ‖r‖ (largest λ) = 0.00035411717769034067
Hybrid Davidson-JD corrections at iteration 25
Total MINRES iterations: 2296
Iter 25: V_size = 240, Converged = 104, ‖r‖ (largest λ) = 0.0003563605292576914
Hybrid Davidson-JD corrections at iteration 26
Total MINRES iterations: 2326
Iter 26: V_size = 240, Converged = 104, ‖r‖ (largest λ) = 0.0003323568645384673
Hybrid Davidson-JD corrections at iteration 27
Total MINRES iterations: 2344
Iter 27: V_size = 240, Converged = 104, ‖r‖ (largest λ) = 0.0003406969407460328
Hybrid Davidson-JD corrections at iteration 28
Total MINRES iterations: 2296
Iter 28: V_size = 240, Converged = 104, ‖r‖ (largest λ) = 0.00038414614393126554
Hybrid Davidson-JD corrections at iteration 29
Total MINRES iterations: 2318
Iter 29: V_size = 240, Converged = 104, ‖r‖ (largest λ) = 0.0004211265607651277
Hybrid Davidson-JD corrections at iteration 30
Total MINRES iterations: 2305
Iter 30: V_size = 240, Converged = 104, ‖r‖ (largest λ) = 0.00043991676968014573
Hybrid Davidson-JD corrections at iteration 31
Total MINRES iterations: 2297
Iter 31: V_size = 240, Converged = 104, ‖r‖ (largest λ) = 0.00042338205115506427
Hybrid Davidson-JD corrections at iteration 32
Total MINRES iterations: 2348
Iter 32: V_size = 240, Converged = 104, ‖r‖ (largest λ) = 0.0004212094420989954
Hybrid Davidson-JD corrections at iteration 33
Total MINRES iterations: 2314
Iter 33: V_size = 240, Converged = 104, ‖r‖ (largest λ) = 0.0004246978444486552
Hybrid Davidson-JD corrections at iteration 34
Total MINRES iterations: 2350
Iter 34: V_size = 240, Converged = 104, ‖r‖ (largest λ) = 0.00042431596355137734
Hybrid Davidson-JD corrections at iteration 35
Total MINRES iterations: 2319
Iter 35: V_size = 240, Converged = 104, ‖r‖ (largest λ) = 0.0004120412022337089
Hybrid Davidson-JD corrections at iteration 36
Total MINRES iterations: 2314
Iter 36: V_size = 240, Converged = 104, ‖r‖ (largest λ) = 0.0004146732297538592
Hybrid Davidson-JD corrections at iteration 37
Total MINRES iterations: 2342
Iter 37: V_size = 240, Converged = 104, ‖r‖ (largest λ) = 0.0004194872868671376
Hybrid Davidson-JD corrections at iteration 38
Total MINRES iterations: 2325
Iter 38: V_size = 240, Converged = 104, ‖r‖ (largest λ) = 0.0004159356233006012
Hybrid Davidson-JD corrections at iteration 39
Total MINRES iterations: 2306
Iter 39: V_size = 240, Converged = 104, ‖r‖ (largest λ) = 0.0004191969599961016
Hybrid Davidson-JD corrections at iteration 40
Total MINRES iterations: 2319
Iter 40: V_size = 240, Converged = 104, ‖r‖ (largest λ) = 0.00042544803809559795
Hybrid Davidson-JD corrections at iteration 41
Total MINRES iterations: 2336
Iter 41: V_size = 240, Converged = 104, ‖r‖ (largest λ) = 0.0004231258394749777
Hybrid Davidson-JD corrections at iteration 42
Total MINRES iterations: 2350
Iter 42: V_size = 240, Converged = 104, ‖r‖ (largest λ) = 0.00042429292748612647
Hybrid Davidson-JD corrections at iteration 43
Total MINRES iterations: 2350
Iter 43: V_size = 240, Converged = 104, ‖r‖ (largest λ) = 0.0004194998632131293
Hybrid Davidson-JD corrections at iteration 44
Total MINRES iterations: 2341
Iter 44: V_size = 240, Converged = 104, ‖r‖ (largest λ) = 0.0004182127483720228
Hybrid Davidson-JD corrections at iteration 45
Total MINRES iterations: 2312
Iter 45: V_size = 240, Converged = 104, ‖r‖ (largest λ) = 0.0004162016611916396
Hybrid Davidson-JD corrections at iteration 46
Total MINRES iterations: 2288
Iter 46: V_size = 240, Converged = 104, ‖r‖ (largest λ) = 0.00041521624101499246
Hybrid Davidson-JD corrections at iteration 47
Total MINRES iterations: 2334
Iter 47: V_size = 240, Converged = 104, ‖r‖ (largest λ) = 0.00041914550501168405
Hybrid Davidson-JD corrections at iteration 48
Total MINRES iterations: 2324
Iter 48: V_size = 240, Converged = 104, ‖r‖ (largest λ) = 0.0004139244488085015
Hybrid Davidson-JD corrections at iteration 49
Total MINRES iterations: 2335
Iter 49: V_size = 240, Converged = 104, ‖r‖ (largest λ) = 0.00041799936482383353
Hybrid Davidson-JD corrections at iteration 50
Total MINRES iterations: 2350
Iter 50: V_size = 240, Converged = 104, ‖r‖ (largest λ) = 0.0004181289354041853
Hybrid Davidson-JD corrections at iteration 51
Total MINRES iterations: 2316
Iter 51: V_size = 240, Converged = 104, ‖r‖ (largest λ) = 0.00041272732151976935
Hybrid Davidson-JD corrections at iteration 52
Total MINRES iterations: 2340
Iter 52: V_size = 240, Converged = 104, ‖r‖ (largest λ) = 0.0004142970896410658
Hybrid Davidson-JD corrections at iteration 53
Total MINRES iterations: 2319
Iter 53: V_size = 240, Converged = 104, ‖r‖ (largest λ) = 0.000422852936823242
Hybrid Davidson-JD corrections at iteration 54
Total MINRES iterations: 2310
Iter 54: V_size = 240, Converged = 104, ‖r‖ (largest λ) = 0.0004275677803587204
Hybrid Davidson-JD corrections at iteration 55
Total MINRES iterations: 2350
Iter 55: V_size = 240, Converged = 104, ‖r‖ (largest λ) = 0.0004298882278931831
Hybrid Davidson-JD corrections at iteration 56
Total MINRES iterations: 2350
Iter 56: V_size = 240, Converged = 104, ‖r‖ (largest λ) = 0.0004295710679876838
Hybrid Davidson-JD corrections at iteration 57
Total MINRES iterations: 2318
Iter 57: V_size = 240, Converged = 104, ‖r‖ (largest λ) = 0.0004308382461314621
Hybrid Davidson-JD corrections at iteration 58
Total MINRES iterations: 2331
Iter 58: V_size = 240, Converged = 104, ‖r‖ (largest λ) = 0.0004331371030677881
Hybrid Davidson-JD corrections at iteration 59
Total MINRES iterations: 2284
Iter 59: V_size = 240, Converged = 104, ‖r‖ (largest λ) = 0.00043253434973117283
Hybrid Davidson-JD corrections at iteration 60
Total MINRES iterations: 2295
Iter 60: V_size = 240, Converged = 104, ‖r‖ (largest λ) = 0.00043463196174175296
Hybrid Davidson-JD corrections at iteration 61
Total MINRES iterations: 2304
Iter 61: V_size = 240, Converged = 104, ‖r‖ (largest λ) = 0.00043416597088176184
Hybrid Davidson-JD corrections at iteration 62
Total MINRES iterations: 2326
Iter 62: V_size = 240, Converged = 104, ‖r‖ (largest λ) = 0.000433944268747949
Hybrid Davidson-JD corrections at iteration 63
Total MINRES iterations: 2350
Iter 63: V_size = 240, Converged = 104, ‖r‖ (largest λ) = 0.00043146171073087694
Hybrid Davidson-JD corrections at iteration 64
Total MINRES iterations: 2276
Iter 64: V_size = 240, Converged = 104, ‖r‖ (largest λ) = 0.00042829868991424636
Hybrid Davidson-JD corrections at iteration 65
Total MINRES iterations: 2329
Iter 65: V_size = 240, Converged = 104, ‖r‖ (largest λ) = 0.00042758926512554443
Hybrid Davidson-JD corrections at iteration 66
Total MINRES iterations: 2342
Iter 66: V_size = 240, Converged = 104, ‖r‖ (largest λ) = 0.0004282067477654933
Hybrid Davidson-JD corrections at iteration 67
Total MINRES iterations: 2332
Iter 67: V_size = 240, Converged = 104, ‖r‖ (largest λ) = 0.00042786726830558675
Hybrid Davidson-JD corrections at iteration 68
Total MINRES iterations: 2346
Iter 68: V_size = 240, Converged = 104, ‖r‖ (largest λ) = 0.00042673598615614175
Hybrid Davidson-JD corrections at iteration 69
Total MINRES iterations: 2350
Iter 69: V_size = 240, Converged = 104, ‖r‖ (largest λ) = 0.00042857596960870663
Hybrid Davidson-JD corrections at iteration 70
Total MINRES iterations: 2336
Iter 70: V_size = 240, Converged = 104, ‖r‖ (largest λ) = 0.00042988741539693305
Hybrid Davidson-JD corrections at iteration 71
Total MINRES iterations: 2314
Iter 71: V_size = 240, Converged = 104, ‖r‖ (largest λ) = 0.0004293433064691203
Hybrid Davidson-JD corrections at iteration 72
Total MINRES iterations: 2348
Iter 72: V_size = 240, Converged = 104, ‖r‖ (largest λ) = 0.0004303619695420443
Hybrid Davidson-JD corrections at iteration 73
Total MINRES iterations: 2350
Iter 73: V_size = 240, Converged = 104, ‖r‖ (largest λ) = 0.00042875701621014064
Hybrid Davidson-JD corrections at iteration 74
Total MINRES iterations: 2314
Iter 74: V_size = 240, Converged = 104, ‖r‖ (largest λ) = 0.0004274734592755881
Hybrid Davidson-JD corrections at iteration 75
Total MINRES iterations: 2328
Iter 75: V_size = 240, Converged = 104, ‖r‖ (largest λ) = 0.00042748230643124184
Hybrid Davidson-JD corrections at iteration 76
Total MINRES iterations: 2308
Iter 76: V_size = 240, Converged = 104, ‖r‖ (largest λ) = 0.0004284812529978833
Hybrid Davidson-JD corrections at iteration 77
Total MINRES iterations: 2324
Iter 77: V_size = 240, Converged = 104, ‖r‖ (largest λ) = 0.00042747056316470004
Hybrid Davidson-JD corrections at iteration 78
Total MINRES iterations: 2341
Iter 78: V_size = 240, Converged = 104, ‖r‖ (largest λ) = 0.0004277896728502234
Hybrid Davidson-JD corrections at iteration 79
Total MINRES iterations: 2328
Iter 79: V_size = 240, Converged = 104, ‖r‖ (largest λ) = 0.00042686208865497374
Hybrid Davidson-JD corrections at iteration 80
Total MINRES iterations: 2326
Iter 80: V_size = 240, Converged = 104, ‖r‖ (largest λ) = 0.0004271689182279356
Hybrid Davidson-JD corrections at iteration 81
Total MINRES iterations: 2350
Iter 81: V_size = 240, Converged = 104, ‖r‖ (largest λ) = 0.0004290445217305285
Hybrid Davidson-JD corrections at iteration 82
Total MINRES iterations: 2342
Iter 82: V_size = 240, Converged = 104, ‖r‖ (largest λ) = 0.0004283707606609279
Hybrid Davidson-JD corrections at iteration 83
Total MINRES iterations: 2350
Iter 83: V_size = 240, Converged = 104, ‖r‖ (largest λ) = 0.00042824260593299715
Hybrid Davidson-JD corrections at iteration 84
Total MINRES iterations: 2321
Iter 84: V_size = 240, Converged = 104, ‖r‖ (largest λ) = 0.0004284785176040286
Hybrid Davidson-JD corrections at iteration 85
Total MINRES iterations: 2321
Iter 85: V_size = 240, Converged = 104, ‖r‖ (largest λ) = 0.0004283073756119291
Hybrid Davidson-JD corrections at iteration 86
Total MINRES iterations: 2308
Iter 86: V_size = 240, Converged = 104, ‖r‖ (largest λ) = 0.0004285977442915807
Hybrid Davidson-JD corrections at iteration 87
Total MINRES iterations: 2303
Iter 87: V_size = 240, Converged = 104, ‖r‖ (largest λ) = 0.0004274399612369224
Hybrid Davidson-JD corrections at iteration 88
Total MINRES iterations: 2335
Iter 88: V_size = 240, Converged = 104, ‖r‖ (largest λ) = 0.00042618675652807326
Hybrid Davidson-JD corrections at iteration 89
Total MINRES iterations: 2296
Iter 89: V_size = 240, Converged = 104, ‖r‖ (largest λ) = 0.000427276581000529
Hybrid Davidson-JD corrections at iteration 90
Total MINRES iterations: 2321
Iter 90: V_size = 240, Converged = 104, ‖r‖ (largest λ) = 0.0004270057796772632
Hybrid Davidson-JD corrections at iteration 91
Total MINRES iterations: 2346
Iter 91: V_size = 240, Converged = 104, ‖r‖ (largest λ) = 0.00042770593404837734
Hybrid Davidson-JD corrections at iteration 92
Total MINRES iterations: 2350
Iter 92: V_size = 240, Converged = 104, ‖r‖ (largest λ) = 0.00042817435438397754
Hybrid Davidson-JD corrections at iteration 93
Total MINRES iterations: 2350
Iter 93: V_size = 240, Converged = 104, ‖r‖ (largest λ) = 0.0004276858888517815
Hybrid Davidson-JD corrections at iteration 94
Total MINRES iterations: 2332
Iter 94: V_size = 240, Converged = 104, ‖r‖ (largest λ) = 0.00042806124171486983
Hybrid Davidson-JD corrections at iteration 95
Total MINRES iterations: 2286
Iter 95: V_size = 240, Converged = 104, ‖r‖ (largest λ) = 0.0004282665013252402
Hybrid Davidson-JD corrections at iteration 96
Total MINRES iterations: 2271
Iter 96: V_size = 240, Converged = 104, ‖r‖ (largest λ) = 0.00042825825486647785
Hybrid Davidson-JD corrections at iteration 97
Total MINRES iterations: 2286
Iter 97: V_size = 240, Converged = 104, ‖r‖ (largest λ) = 0.0004277658128838642
Hybrid Davidson-JD corrections at iteration 98
Total MINRES iterations: 2291
Iter 98: V_size = 240, Converged = 104, ‖r‖ (largest λ) = 0.00042841212102193925
Hybrid Davidson-JD corrections at iteration 99
Total MINRES iterations: 2310
Iter 99: V_size = 240, Converged = 104, ‖r‖ (largest λ) = 0.00042893682977172056
Hybrid Davidson-JD corrections at iteration 100
Total MINRES iterations: 2336
Iter 100: V_size = 240, Converged = 104, ‖r‖ (largest λ) = 0.00042930488436793704
Max iterations (100) reached without convergence. Skipping this case.
20978.285353 seconds (104.71 M allocations: 2.593 TiB, 0.49% gc time, 0.03% compilation time)
Number of FLOPs: 74092865415312

Reading exact Eigenvalues...
Reading eigenvalues from ../../Eigenvalues_folder/eigenres_H2_RNDbasis1.jld2

Compute the difference between computed and exact eigenvalues:
1×104 adjoint(::Vector{Float64}) with eltype Float64:
 1.77636e-15  -5.32907e-15  1.33227e-15  2.66454e-15  -3.95239e-14  -2.53308e-12  -1.63292e-12  -1.98264e-12  -2.69007e-12  -2.18354e-11  -1.11638e-10  -8.84803e-12  -3.37439e-11  -1.80587e-9  -1.21624e-9  -6.64523e-9  -7.69429e-9  -3.87379e-8  -1.76736e-8  -4.29528e-8  -1.91525e-7  -1.33217e-7  -5.71324e-7  -8.46785e-7  -1.80796e-6  -4.9101e-6  -4.14508e-6  -6.11061e-6  -3.24941e-6  -3.74764e-6  -6.47276e-6  -6.25297e-6  -1.87035e-6  -1.54247e-6  -8.35935e-6  -1.95186e-5  -3.72686e-8  -3.31437e-5  -3.95344e-5  -3.23554e-5  7.84408e-9  1.61904e-7  7.25312e-9  -2.72444e-5  -8.43252e-8  -1.49155e-7  -1.12071e-7  -1.66021e-7  -2.90764e-7  -3.50426e-7  -2.12974e-7  -9.0717e-8  -2.14137e-7  -4.48861e-7  -8.2705e-7  -8.60429e-7  -1.64419e-6  -7.23035e-6  -2.22138e-6  -3.48957e-6  -1.42568e-6  -8.99735e-6  -1.53601e-5  -1.08885e-5  -9.25812e-6  -2.33838e-5  -3.81875e-5  -4.18684e-6  -1.59255e-5  -2.84913e-5  -5.24746e-5  -2.97429e-5  -6.49952e-5  -6.26484e-5  1.39296e-5  -1.04678e-5  -4.13545e-5  2.36671e-6  3.55306e-6  3.4772e-6  1.70019e-6  2.03087e-6  2.28308e-6  1.53542e-6  4.26413e-6  4.50731e-6  8.43716e-6  1.63106e-6  2.38577e-6  2.47052e-6  5.22747e-6  7.20783e-6  1.70272e-6  3.98131e-6  1.18928e-6  -0.000246234  -3.01923e-5  -0.000391528  -0.0075125  -0.00575937  -0.00281373  -0.00295427  -0.00501001  -0.00997862
104 Eigenvalues converges, out of 200 requested.
Running with beta = 16
Running with l = 10
Starting Davidson with n_aux = 256, l_buffer = 15, lc = 10, thresh = 0.0015, max_iter = 100
Iter 1: V_size = 31, Converged = 0, ‖r‖ (largest λ) = 0.01243789060943334
Iter 2: V_size = 46, Converged = 0, ‖r‖ (largest λ) = 0.11315308260894438
Iter 3: V_size = 61, Converged = 0, ‖r‖ (largest λ) = 0.3002636384995543
Iter 4: V_size = 76, Converged = 0, ‖r‖ (largest λ) = 0.11591571344466559
Iter 5: V_size = 91, Converged = 0, ‖r‖ (largest λ) = 0.041060893021033454
Iter 6: V_size = 102, Converged = 4, ‖r‖ (largest λ) = 0.0024799177545540684
Iter 7: V_size = 113, Converged = 4, ‖r‖ (largest λ) = 1.6358707101087032e-5
Iter 8: V_size = 124, Converged = 4, ‖r‖ (largest λ) = 2.970638047101994e-5
Iter 9: V_size = 135, Converged = 4, ‖r‖ (largest λ) = 1.966947043381721e-5
Converged all required eigenvalues.
 25.573744 seconds (140.78 k allocations: 4.065 GiB, 1.73% gc time)
Number of FLOPs: 274706911194

Reading exact Eigenvalues...
Reading eigenvalues from ../../Eigenvalues_folder/eigenres_H2_RNDbasis1.jld2

Compute the difference between computed and exact eigenvalues:
1×10 adjoint(::Vector{Float64}) with eltype Float64:
 -3.55271e-15  -3.55271e-15  0.0  0.0  -8.88178e-16  1.11022e-15  0.0  -2.22045e-16  6.66134e-16  8.88178e-16
10 Eigenvalues converges, out of 10 requested.
Running with l = 50
Starting Davidson with n_aux = 256, l_buffer = 75, lc = 50, thresh = 0.002, max_iter = 100
Iter 1: V_size = 32, Converged = 0, ‖r‖ (largest λ) = 0.01243789060943334
Iter 2: V_size = 64, Converged = 0, ‖r‖ (largest λ) = 0.0031033434797851376
Iter 3: V_size = 128, Converged = 0, ‖r‖ (largest λ) = 0.0007541059972443483
Iter 4: V_size = 203, Converged = 0, ‖r‖ (largest λ) = 0.005338944067445293
Iter 5: V_size = 148, Converged = 1, ‖r‖ (largest λ) = 0.014402957379957318
Iter 6: V_size = 222, Converged = 1, ‖r‖ (largest λ) = 0.003500525008701157
Iter 7: V_size = 148, Converged = 1, ‖r‖ (largest λ) = 0.00507228686383935
Iter 8: V_size = 179, Converged = 44, ‖r‖ (largest λ) = 0.0007364153948369696
Iter 9: V_size = 210, Converged = 44, ‖r‖ (largest λ) = 2.0655427503514948e-6
Hybrid Davidson-JD corrections at iteration 10
Iter 10: V_size = 241, Converged = 44, ‖r‖ (largest λ) = 0.0008663953186472585
Hybrid Davidson-JD corrections at iteration 11
Iter 11: V_size = 62, Converged = 44, ‖r‖ (largest λ) = 0.0003178942953768454
Converged all required eigenvalues.
 53.642458 seconds (1.57 M allocations: 41.829 GiB, 2.60% gc time)
Number of FLOPs: 672060692166

Reading exact Eigenvalues...
Reading eigenvalues from ../../Eigenvalues_folder/eigenres_H2_RNDbasis1.jld2

Compute the difference between computed and exact eigenvalues:
1×50 adjoint(::Vector{Float64}) with eltype Float64:
 -2.66454e-15  -2.66454e-15  8.88178e-16  1.33227e-15  -2.22045e-15  4.44089e-16  2.22045e-16  6.66134e-16  6.66134e-16  4.44089e-16  2.88658e-15  0.0  6.66134e-16  6.66134e-16  -1.11022e-15  -4.44089e-16  4.44089e-16  3.33067e-16  -8.88178e-16  1.11022e-16  0.0  3.33067e-16  -8.88178e-16  -1.77636e-15  -2.55351e-15  -1.22125e-15  -2.88658e-15  -2.77556e-15  -7.66054e-15  -2.44249e-14  -5.17364e-14  -7.62723e-14  -1.14464e-13  -4.4853e-14  -1.07048e-12  -3.25517e-13  -3.43636e-12  -3.15342e-12  -5.9151e-12  -9.41763e-12  -1.82094e-11  -1.66931e-11  -2.15427e-11  -9.94754e-12  -5.55112e-17  1.11022e-16  -2.77556e-16  -1.11022e-16  1.66533e-16  -1.11022e-16
50 Eigenvalues converges, out of 50 requested.
Running with l = 100
Starting Davidson with n_aux = 256, l_buffer = 150, lc = 101, thresh = 0.0025, max_iter = 100
Iter 1: V_size = 32, Converged = 0, ‖r‖ (largest λ) = 0.01243789060943334
Iter 2: V_size = 64, Converged = 0, ‖r‖ (largest λ) = 0.0031033434797851376
Iter 3: V_size = 128, Converged = 0, ‖r‖ (largest λ) = 0.0007541059972443483
Iter 4: V_size = 256, Converged = 0, ‖r‖ (largest λ) = 0.00020989139304042372
Iter 5: V_size = 256, Converged = 1, ‖r‖ (largest λ) = 0.001135942318273829
Iter 6: V_size = 256, Converged = 1, ‖r‖ (largest λ) = 0.0031158980008647403
Iter 7: V_size = 256, Converged = 1, ‖r‖ (largest λ) = 0.0010975191444090647
Iter 8: V_size = 174, Converged = 63, ‖r‖ (largest λ) = 0.0005803659632106989
Iter 9: V_size = 174, Converged = 63, ‖r‖ (largest λ) = 0.0004947997061967113
Hybrid Davidson-JD corrections at iteration 10
Total MINRES iterations: 920
Iter 10: V_size = 174, Converged = 63, ‖r‖ (largest λ) = 0.00041965847199167773
Converged all required eigenvalues.
130.552424 seconds (3.03 M allocations: 83.256 GiB, 1.95% gc time, 0.07% compilation time)
Number of FLOPs: 1129238901536

Reading exact Eigenvalues...
Reading eigenvalues from ../../Eigenvalues_folder/eigenres_H2_RNDbasis1.jld2

Compute the difference between computed and exact eigenvalues:
1×100 adjoint(::Vector{Float64}) with eltype Float64:
 -1.77636e-15  -2.66454e-15  1.33227e-15  8.88178e-16  -2.22045e-15  -2.22045e-16  1.11022e-15  8.88178e-16  4.44089e-16  8.88178e-16  2.44249e-15  0.0  8.88178e-16  -8.88178e-16  -6.66134e-16  0.0  -8.88178e-16  -9.99201e-16  -9.99201e-16  0.0  -6.66134e-16  1.44329e-15  1.11022e-16  5.55112e-16  -5.55112e-16  3.33067e-16  -1.33227e-15  5.55112e-16  8.88178e-16  -7.77156e-16  -1.11022e-15  8.88178e-16  -2.22045e-16  -4.44089e-16  -1.44329e-15  -1.44329e-15  -2.22045e-16  -9.4369e-16  -3.66374e-15  -2.72005e-15  -4.71845e-15  -3.38618e-15  -8.88178e-15  -4.71845e-15  -8.06577e-14  -9.99201e-14  -7.98805e-14  -3.95295e-13  -2.97262e-13  -5.16143e-13  -1.64591e-13  -1.20015e-13  -1.04172e-12  -1.07564e-12  -6.43097e-13  -3.59685e-12  -5.38275e-12  -1.09388e-11  -1.83457e-11  -2.77556e-16  -4.6641e-12  -2.60902e-15  -3.20677e-11  -1.66533e-16  -2.55351e-15  -3.21965e-15  -4.27401e-11  -9.36982e-11  -1.11022e-14  -4.27436e-15  -1.51545e-14  -1.62093e-14  -2.79776e-14  -3.53051e-14  -4.04954e-14  -1.53488e-14  -5.38458e-15  -1.99882e-12  -1.78441e-12  -1.06365e-12  -6.24667e-13  -5.94104e-11  -7.02308e-12  -9.71683e-11  -2.66804e-10  -1.27e-10  -4.35233e-11  -1.68173e-11  -2.69903e-10  -6.38841e-10  -1.65796e-9  -1.48784e-9  -1.53883e-9  -2.73384e-9  -8.0176e-10  -9.35266e-9  -4.65183e-9  -2.74313e-9  -6.1146e-9  -6.25212e-10
100 Eigenvalues converges, out of 100 requested.
Running with l = 200
Starting Davidson with n_aux = 320, l_buffer = 300, lc = 202, thresh = 0.003, max_iter = 100
Iter 1: V_size = 40, Converged = 0, ‖r‖ (largest λ) = 0.011480073599996846
Iter 2: V_size = 80, Converged = 0, ‖r‖ (largest λ) = 0.002280189232841786
Iter 3: V_size = 160, Converged = 0, ‖r‖ (largest λ) = 0.0005393068856438539
Iter 4: V_size = 320, Converged = 0, ‖r‖ (largest λ) = 0.00011256860785194907
Iter 5: V_size = 320, Converged = 2, ‖r‖ (largest λ) = 7.451145686299318e-5
Iter 6: V_size = 320, Converged = 2, ‖r‖ (largest λ) = 8.018613871170877e-5
Iter 7: V_size = 320, Converged = 2, ‖r‖ (largest λ) = 9.011672744511989e-5
Iter 8: V_size = 320, Converged = 56, ‖r‖ (largest λ) = 9.485506802754626e-5
Iter 9: V_size = 320, Converged = 56, ‖r‖ (largest λ) = 0.00017409315671810112
Hybrid Davidson-JD corrections at iteration 10
Total MINRES iterations: 2971
Iter 10: V_size = 320, Converged = 56, ‖r‖ (largest λ) = 0.0002987371521460151
Hybrid Davidson-JD corrections at iteration 11
Total MINRES iterations: 2393
Iter 11: V_size = 320, Converged = 103, ‖r‖ (largest λ) = 0.00043167563350104645
Hybrid Davidson-JD corrections at iteration 12
Total MINRES iterations: 2453
Iter 12: V_size = 320, Converged = 103, ‖r‖ (largest λ) = 0.00038904816832810554
Hybrid Davidson-JD corrections at iteration 13
Total MINRES iterations: 2441
Iter 13: V_size = 320, Converged = 103, ‖r‖ (largest λ) = 0.0002973442835914322
Hybrid Davidson-JD corrections at iteration 14
Total MINRES iterations: 775
Iter 14: V_size = 258, Converged = 171, ‖r‖ (largest λ) = 0.00026426597756101626
Hybrid Davidson-JD corrections at iteration 15
Total MINRES iterations: 775
Iter 15: V_size = 258, Converged = 171, ‖r‖ (largest λ) = 0.00027119728171530856
Hybrid Davidson-JD corrections at iteration 16
Total MINRES iterations: 775
Iter 16: V_size = 258, Converged = 171, ‖r‖ (largest λ) = 0.0002624999329967359
Hybrid Davidson-JD corrections at iteration 17
Total MINRES iterations: 550
Iter 17: V_size = 240, Converged = 180, ‖r‖ (largest λ) = 0.00016570646337328652
Hybrid Davidson-JD corrections at iteration 18
Total MINRES iterations: 550
Iter 18: V_size = 240, Converged = 180, ‖r‖ (largest λ) = 0.00012968588676518308
Hybrid Davidson-JD corrections at iteration 19
Total MINRES iterations: 526
Iter 19: V_size = 240, Converged = 180, ‖r‖ (largest λ) = 0.00012411102868010497
Hybrid Davidson-JD corrections at iteration 20
Total MINRES iterations: 400
Iter 20: V_size = 228, Converged = 186, ‖r‖ (largest λ) = 0.0001215738989325574
Hybrid Davidson-JD corrections at iteration 21
Total MINRES iterations: 400
Iter 21: V_size = 228, Converged = 186, ‖r‖ (largest λ) = 0.00012201788664841998
Hybrid Davidson-JD corrections at iteration 22
Total MINRES iterations: 400
Iter 22: V_size = 228, Converged = 186, ‖r‖ (largest λ) = 0.00012302209072247847
Hybrid Davidson-JD corrections at iteration 23
Total MINRES iterations: 350
Iter 23: V_size = 224, Converged = 188, ‖r‖ (largest λ) = 0.00012507788466719285
Hybrid Davidson-JD corrections at iteration 24
Total MINRES iterations: 325
Iter 24: V_size = 222, Converged = 189, ‖r‖ (largest λ) = 0.0001268960820696647
Hybrid Davidson-JD corrections at iteration 25
Total MINRES iterations: 325
Iter 25: V_size = 222, Converged = 189, ‖r‖ (largest λ) = 0.00012927609675789548
Hybrid Davidson-JD corrections at iteration 26
Total MINRES iterations: 325
Iter 26: V_size = 222, Converged = 189, ‖r‖ (largest λ) = 0.0001319446674536566
Hybrid Davidson-JD corrections at iteration 27
Total MINRES iterations: 325
Iter 27: V_size = 222, Converged = 189, ‖r‖ (largest λ) = 0.00013381838505651826
Hybrid Davidson-JD corrections at iteration 28
Total MINRES iterations: 325
Iter 28: V_size = 222, Converged = 189, ‖r‖ (largest λ) = 0.00013640365438084316
Hybrid Davidson-JD corrections at iteration 29
Total MINRES iterations: 325
Iter 29: V_size = 222, Converged = 189, ‖r‖ (largest λ) = 0.00013834022321292498
Hybrid Davidson-JD corrections at iteration 30
Total MINRES iterations: 325
Iter 30: V_size = 222, Converged = 189, ‖r‖ (largest λ) = 0.0001404668427615413
Hybrid Davidson-JD corrections at iteration 31
Total MINRES iterations: 325
Iter 31: V_size = 222, Converged = 189, ‖r‖ (largest λ) = 0.00014210949561051716
Hybrid Davidson-JD corrections at iteration 32
Total MINRES iterations: 312
Iter 32: V_size = 222, Converged = 189, ‖r‖ (largest λ) = 0.00014368578533570405
Hybrid Davidson-JD corrections at iteration 33
Total MINRES iterations: 325
Iter 33: V_size = 222, Converged = 189, ‖r‖ (largest λ) = 0.00014494471093870595
Hybrid Davidson-JD corrections at iteration 34
Total MINRES iterations: 325
Iter 34: V_size = 222, Converged = 189, ‖r‖ (largest λ) = 0.00014600839189775916
Hybrid Davidson-JD corrections at iteration 35
Total MINRES iterations: 305
Iter 35: V_size = 222, Converged = 189, ‖r‖ (largest λ) = 0.00014663076675165378
Hybrid Davidson-JD corrections at iteration 36
Total MINRES iterations: 325
Iter 36: V_size = 222, Converged = 189, ‖r‖ (largest λ) = 0.00014760180394757748
Hybrid Davidson-JD corrections at iteration 37
Total MINRES iterations: 325
Iter 37: V_size = 222, Converged = 189, ‖r‖ (largest λ) = 0.00014802340754468612
Hybrid Davidson-JD corrections at iteration 38
Total MINRES iterations: 313
Iter 38: V_size = 222, Converged = 189, ‖r‖ (largest λ) = 0.00014867611266935902
Hybrid Davidson-JD corrections at iteration 39
Total MINRES iterations: 325
Iter 39: V_size = 222, Converged = 189, ‖r‖ (largest λ) = 0.0001487095674454166
Hybrid Davidson-JD corrections at iteration 40
Total MINRES iterations: 325
Iter 40: V_size = 222, Converged = 189, ‖r‖ (largest λ) = 0.0001490809924256378
Hybrid Davidson-JD corrections at iteration 41
Total MINRES iterations: 307
Iter 41: V_size = 222, Converged = 189, ‖r‖ (largest λ) = 0.00014916397391084014
Hybrid Davidson-JD corrections at iteration 42
Total MINRES iterations: 325
Iter 42: V_size = 222, Converged = 189, ‖r‖ (largest λ) = 0.0001491877234432816
Hybrid Davidson-JD corrections at iteration 43
Total MINRES iterations: 325
Iter 43: V_size = 222, Converged = 189, ‖r‖ (largest λ) = 0.00014918964652455718
Hybrid Davidson-JD corrections at iteration 44
Total MINRES iterations: 325
Iter 44: V_size = 222, Converged = 189, ‖r‖ (largest λ) = 0.0001491070412215046
Hybrid Davidson-JD corrections at iteration 45
Total MINRES iterations: 300
Iter 45: V_size = 220, Converged = 190, ‖r‖ (largest λ) = 0.00014878439982929985
Hybrid Davidson-JD corrections at iteration 46
Total MINRES iterations: 300
Iter 46: V_size = 220, Converged = 190, ‖r‖ (largest λ) = 0.00014844809097817825
Hybrid Davidson-JD corrections at iteration 47
Total MINRES iterations: 288
Iter 47: V_size = 220, Converged = 190, ‖r‖ (largest λ) = 0.00014792834199039786
Hybrid Davidson-JD corrections at iteration 48
Total MINRES iterations: 300
Iter 48: V_size = 220, Converged = 190, ‖r‖ (largest λ) = 0.0001475311765734883
Hybrid Davidson-JD corrections at iteration 49
Total MINRES iterations: 300
Iter 49: V_size = 220, Converged = 190, ‖r‖ (largest λ) = 0.00014687187348046217
Hybrid Davidson-JD corrections at iteration 50
Total MINRES iterations: 300
Iter 50: V_size = 220, Converged = 190, ‖r‖ (largest λ) = 0.000146396842208166
Hybrid Davidson-JD corrections at iteration 51
Total MINRES iterations: 300
Iter 51: V_size = 220, Converged = 190, ‖r‖ (largest λ) = 0.00014563157259290055
Hybrid Davidson-JD corrections at iteration 52
Total MINRES iterations: 300
Iter 52: V_size = 220, Converged = 190, ‖r‖ (largest λ) = 0.00014503864243346827
Hybrid Davidson-JD corrections at iteration 53
Total MINRES iterations: 300
Iter 53: V_size = 220, Converged = 190, ‖r‖ (largest λ) = 0.00014424343199045045
Hybrid Davidson-JD corrections at iteration 54
Total MINRES iterations: 300
Iter 54: V_size = 220, Converged = 190, ‖r‖ (largest λ) = 0.00014350494519481413
Hybrid Davidson-JD corrections at iteration 55
Total MINRES iterations: 275
Iter 55: V_size = 218, Converged = 191, ‖r‖ (largest λ) = 0.00014259877699333896
Hybrid Davidson-JD corrections at iteration 56
Total MINRES iterations: 275
Iter 56: V_size = 218, Converged = 191, ‖r‖ (largest λ) = 0.00014187472857791065
Hybrid Davidson-JD corrections at iteration 57
Total MINRES iterations: 275
Iter 57: V_size = 218, Converged = 191, ‖r‖ (largest λ) = 0.0001410186047128311
Hybrid Davidson-JD corrections at iteration 58
Total MINRES iterations: 275
Iter 58: V_size = 218, Converged = 191, ‖r‖ (largest λ) = 0.00014037890264890872
Hybrid Davidson-JD corrections at iteration 59
Total MINRES iterations: 275
Iter 59: V_size = 218, Converged = 191, ‖r‖ (largest λ) = 0.00013968639844836824
Hybrid Davidson-JD corrections at iteration 60
Total MINRES iterations: 275
Iter 60: V_size = 218, Converged = 191, ‖r‖ (largest λ) = 0.00013894540860426993
Hybrid Davidson-JD corrections at iteration 61
Total MINRES iterations: 275
Iter 61: V_size = 218, Converged = 191, ‖r‖ (largest λ) = 0.00013819482091727243
Hybrid Davidson-JD corrections at iteration 62
Total MINRES iterations: 275
Iter 62: V_size = 218, Converged = 191, ‖r‖ (largest λ) = 0.00013743975955449344
Hybrid Davidson-JD corrections at iteration 63
Total MINRES iterations: 275
Iter 63: V_size = 218, Converged = 191, ‖r‖ (largest λ) = 0.00013673883296353963
Hybrid Davidson-JD corrections at iteration 64
Total MINRES iterations: 275
Iter 64: V_size = 218, Converged = 191, ‖r‖ (largest λ) = 0.00013607600566191996
Hybrid Davidson-JD corrections at iteration 65
Total MINRES iterations: 275
Iter 65: V_size = 218, Converged = 191, ‖r‖ (largest λ) = 0.00013538621890265388
Hybrid Davidson-JD corrections at iteration 66
Total MINRES iterations: 275
Iter 66: V_size = 218, Converged = 191, ‖r‖ (largest λ) = 0.00013481063660202548
Hybrid Davidson-JD corrections at iteration 67
Total MINRES iterations: 275
Iter 67: V_size = 218, Converged = 191, ‖r‖ (largest λ) = 0.00013423955525754022
Hybrid Davidson-JD corrections at iteration 68
Total MINRES iterations: 275
Iter 68: V_size = 218, Converged = 191, ‖r‖ (largest λ) = 0.00013367373028941738
Hybrid Davidson-JD corrections at iteration 69
Total MINRES iterations: 255
Iter 69: V_size = 218, Converged = 191, ‖r‖ (largest λ) = 0.00013316688589840774
Hybrid Davidson-JD corrections at iteration 70
Total MINRES iterations: 275
Iter 70: V_size = 218, Converged = 191, ‖r‖ (largest λ) = 0.00013261551571302826
Hybrid Davidson-JD corrections at iteration 71
Total MINRES iterations: 250
Iter 71: V_size = 216, Converged = 192, ‖r‖ (largest λ) = 0.00013195822804782853
Hybrid Davidson-JD corrections at iteration 72
Total MINRES iterations: 250
Iter 72: V_size = 216, Converged = 192, ‖r‖ (largest λ) = 0.00013135264787903514
Hybrid Davidson-JD corrections at iteration 73
Total MINRES iterations: 250
Iter 73: V_size = 216, Converged = 192, ‖r‖ (largest λ) = 0.00013083238261569143
Hybrid Davidson-JD corrections at iteration 74
Total MINRES iterations: 250
Iter 74: V_size = 216, Converged = 192, ‖r‖ (largest λ) = 0.00013025475363949383
Hybrid Davidson-JD corrections at iteration 75
Total MINRES iterations: 250
Iter 75: V_size = 216, Converged = 192, ‖r‖ (largest λ) = 0.00012970381183934795
Hybrid Davidson-JD corrections at iteration 76
Total MINRES iterations: 242
Iter 76: V_size = 216, Converged = 192, ‖r‖ (largest λ) = 0.00012918043261405128
Hybrid Davidson-JD corrections at iteration 77
Total MINRES iterations: 236
Iter 77: V_size = 216, Converged = 192, ‖r‖ (largest λ) = 0.00012867390306898623
Hybrid Davidson-JD corrections at iteration 78
Total MINRES iterations: 238
Iter 78: V_size = 216, Converged = 192, ‖r‖ (largest λ) = 0.0001281207962914831
Hybrid Davidson-JD corrections at iteration 79
Total MINRES iterations: 250
Iter 79: V_size = 216, Converged = 192, ‖r‖ (largest λ) = 0.00012761085054674787
Hybrid Davidson-JD corrections at iteration 80
Total MINRES iterations: 250
Iter 80: V_size = 216, Converged = 192, ‖r‖ (largest λ) = 0.0001271047845618863
Hybrid Davidson-JD corrections at iteration 81
Total MINRES iterations: 250
Iter 81: V_size = 216, Converged = 192, ‖r‖ (largest λ) = 0.00012665663662866892
Hybrid Davidson-JD corrections at iteration 82
Total MINRES iterations: 250
Iter 82: V_size = 216, Converged = 192, ‖r‖ (largest λ) = 0.0001261790823321246
Hybrid Davidson-JD corrections at iteration 83
Total MINRES iterations: 250
Iter 83: V_size = 216, Converged = 192, ‖r‖ (largest λ) = 0.00012571923251326463
Hybrid Davidson-JD corrections at iteration 84
Total MINRES iterations: 250
Iter 84: V_size = 216, Converged = 192, ‖r‖ (largest λ) = 0.00012522784699092824
Hybrid Davidson-JD corrections at iteration 85
Total MINRES iterations: 250
Iter 85: V_size = 216, Converged = 192, ‖r‖ (largest λ) = 0.0001247944903543254
Hybrid Davidson-JD corrections at iteration 86
Total MINRES iterations: 250
Iter 86: V_size = 216, Converged = 192, ‖r‖ (largest λ) = 0.00012440372554040578
Hybrid Davidson-JD corrections at iteration 87
Total MINRES iterations: 248
Iter 87: V_size = 216, Converged = 192, ‖r‖ (largest λ) = 0.00012401151820566088
Hybrid Davidson-JD corrections at iteration 88
Total MINRES iterations: 248
Iter 88: V_size = 216, Converged = 192, ‖r‖ (largest λ) = 0.0001236195950038148
Hybrid Davidson-JD corrections at iteration 89
Total MINRES iterations: 250
Iter 89: V_size = 216, Converged = 192, ‖r‖ (largest λ) = 0.00012321340939900594
Hybrid Davidson-JD corrections at iteration 90
Total MINRES iterations: 250
Iter 90: V_size = 216, Converged = 192, ‖r‖ (largest λ) = 0.0001227914669206897
Hybrid Davidson-JD corrections at iteration 91
Total MINRES iterations: 250
Iter 91: V_size = 216, Converged = 192, ‖r‖ (largest λ) = 0.0001224070988846811
Hybrid Davidson-JD corrections at iteration 92
Total MINRES iterations: 250
Iter 92: V_size = 216, Converged = 192, ‖r‖ (largest λ) = 0.00012200924533295549
Hybrid Davidson-JD corrections at iteration 93
Total MINRES iterations: 250
Iter 93: V_size = 216, Converged = 192, ‖r‖ (largest λ) = 0.00012170403173044761
Hybrid Davidson-JD corrections at iteration 94
Total MINRES iterations: 236
Iter 94: V_size = 216, Converged = 192, ‖r‖ (largest λ) = 0.00012135220096640056
Hybrid Davidson-JD corrections at iteration 95
Total MINRES iterations: 250
Iter 95: V_size = 216, Converged = 192, ‖r‖ (largest λ) = 0.00012100512055045456
Hybrid Davidson-JD corrections at iteration 96
Total MINRES iterations: 250
Iter 96: V_size = 216, Converged = 192, ‖r‖ (largest λ) = 0.00012057765773837435
Hybrid Davidson-JD corrections at iteration 97
Total MINRES iterations: 250
Iter 97: V_size = 216, Converged = 192, ‖r‖ (largest λ) = 0.00012022295654777011
Hybrid Davidson-JD corrections at iteration 98
Total MINRES iterations: 250
Iter 98: V_size = 216, Converged = 192, ‖r‖ (largest λ) = 0.00011984108144558947
Hybrid Davidson-JD corrections at iteration 99
Total MINRES iterations: 225
Iter 99: V_size = 214, Converged = 193, ‖r‖ (largest λ) = 0.00011949996337730207
Hybrid Davidson-JD corrections at iteration 100
Total MINRES iterations: 225
Iter 100: V_size = 214, Converged = 193, ‖r‖ (largest λ) = 0.0001191464653881144
Max iterations (100) reached without convergence. Skipping this case.
4072.762651 seconds (104.31 M allocations: 2.379 TiB, 1.47% gc time, 0.01% compilation time)
Number of FLOPs: 21410325037222

Reading exact Eigenvalues...
Reading eigenvalues from ../../Eigenvalues_folder/eigenres_H2_RNDbasis1.jld2

Compute the difference between computed and exact eigenvalues:
1×193 adjoint(::Vector{Float64}) with eltype Float64:
 -3.55271e-15  -8.88178e-16  1.77636e-15  2.22045e-15  -8.88178e-16  8.88178e-16  4.44089e-16  8.88178e-16  8.88178e-16  4.44089e-16  1.9984e-15  -4.44089e-16  -2.22045e-16  -6.66134e-16  -6.66134e-16  0.0  6.66134e-16  -8.88178e-16  -1.11022e-15  5.55112e-16  -1.33227e-15  -6.66134e-16  8.88178e-16  -1.11022e-16  -2.31086e-9  -2.60883e-9  -2.32404e-9  -2.89644e-9  -7.93133e-9  -7.27862e-9  -2.6655e-8  -5.55585e-9  -1.48675e-9  -1.42515e-9  -3.51529e-8  -2.33509e-8  -8.58867e-8  -4.73161e-8  -9.33133e-8  -1.89905e-7  -2.72491e-7  -4.70687e-7  -2.55658e-7  -4.2296e-7  -2.60515e-6  -1.00151e-5  -3.94739e-6  -2.79559e-6  -6.02661e-6  -4.09235e-6  -3.45385e-6  -1.49308e-6  -5.83907e-6  -1.04674e-5  1.36539e-8  1.34303e-9  -1.2528e-5  -1.63145e-8  6.07642e-9  -1.34727e-8  -1.38888e-5  5.72762e-8  1.64582e-8  1.64038e-8  2.62513e-8  3.32908e-8  7.30609e-8  4.55856e-9  3.02662e-8  2.36664e-8  3.87441e-8  1.10214e-8  3.63432e-8  1.5316e-8  4.0501e-8  1.69218e-8  2.77361e-8  -9.58104e-9  9.48148e-8  6.05192e-8  3.21116e-8  -1.00362e-7  9.57166e-8  -4.01462e-8  5.3741e-8  -2.70074e-7  -2.69711e-7  -7.62998e-8  -2.85825e-7  -7.24561e-7  -1.08573e-6  -1.44543e-6  -1.95541e-6  -2.11515e-6  -1.05484e-6  -2.31732e-6  -2.78639e-6  -2.64946e-6  -5.22738e-6  -7.96231e-7  -2.93498e-6  -6.50897e-6  -5.17748e-6  -8.06482e-6  -5.89525e-6  -7.11843e-6  -5.40396e-6  -7.87822e-6  -1.04239e-5  -1.0263e-5  -8.13133e-6  -4.89329e-6  -1.08451e-5  -1.48355e-5  -7.67319e-6  -1.11824e-5  -2.03255e-5  -9.35441e-6  -1.66575e-5  -1.9312e-5  -1.46243e-5  -1.2757e-5  -2.20706e-5  -1.5195e-5  -2.41548e-5  -2.53777e-5  -2.52346e-5  -2.1137e-5  -3.10717e-5  -3.06481e-5  -2.60637e-5  -1.38486e-5  -3.42671e-5  -3.72344e-5  -6.65323e-5  -3.84194e-5  -5.91212e-5  -6.25382e-5  -5.17916e-5  -4.72815e-5  -6.73477e-5  -7.72043e-5  -3.90818e-5  -5.82208e-5  -1.33123e-5  -5.70473e-5  -8.24134e-5  -6.18085e-5  -9.54312e-5  -4.17697e-5  -5.54745e-5  -0.000125195  -0.000117195  -0.000124679  -4.50424e-5  -4.73477e-5  -0.000148208  -0.000115765  -0.000108783  -7.20521e-5  -0.000110677  -0.000169878  -0.000125672  -0.000135537  -0.000117472  -0.000140481  -0.000145541  -0.000128141  -0.000153125  -0.00017316  -0.000100162  -0.000121908  -0.000153005  -0.000110908  -0.000113354  -0.000180266  -0.000211497  -0.000122548  -0.000196114  -0.000189746  -0.000186544  -0.000177873  -0.000157377  -0.000246217  -0.00075995  -0.000278642  -0.00035045  -0.00119601  -0.00139622  -0.00217059  -0.00443143  -0.00300422  -0.00481804
193 Eigenvalues converges, out of 200 requested.
Running with beta = 20
Running with l = 10
Starting Davidson with n_aux = 320, l_buffer = 15, lc = 10, thresh = 0.0015, max_iter = 100
Iter 1: V_size = 31, Converged = 0, ‖r‖ (largest λ) = 0.01243789060943334
Iter 2: V_size = 46, Converged = 0, ‖r‖ (largest λ) = 0.11315308260894438
Iter 3: V_size = 61, Converged = 0, ‖r‖ (largest λ) = 0.3002636384995543
Iter 4: V_size = 76, Converged = 0, ‖r‖ (largest λ) = 0.11591571344466559
Iter 5: V_size = 91, Converged = 0, ‖r‖ (largest λ) = 0.041060893021033454
Iter 6: V_size = 102, Converged = 4, ‖r‖ (largest λ) = 0.0024799177545540684
Iter 7: V_size = 113, Converged = 4, ‖r‖ (largest λ) = 1.6358707101087032e-5
Iter 8: V_size = 124, Converged = 4, ‖r‖ (largest λ) = 2.970638047101994e-5
Iter 9: V_size = 135, Converged = 4, ‖r‖ (largest λ) = 1.966947043381721e-5
Converged all required eigenvalues.
 28.489091 seconds (140.78 k allocations: 4.065 GiB, 1.86% gc time)
Number of FLOPs: 274706911194

Reading exact Eigenvalues...
Reading eigenvalues from ../../Eigenvalues_folder/eigenres_H2_RNDbasis1.jld2

Compute the difference between computed and exact eigenvalues:
1×10 adjoint(::Vector{Float64}) with eltype Float64:
 -3.55271e-15  -3.55271e-15  0.0  0.0  -8.88178e-16  1.11022e-15  0.0  -2.22045e-16  6.66134e-16  8.88178e-16
10 Eigenvalues converges, out of 10 requested.
Running with l = 50
Starting Davidson with n_aux = 320, l_buffer = 75, lc = 50, thresh = 0.002, max_iter = 100
Iter 1: V_size = 32, Converged = 0, ‖r‖ (largest λ) = 0.01243789060943334
Iter 2: V_size = 64, Converged = 0, ‖r‖ (largest λ) = 0.0031033434797851376
Iter 3: V_size = 128, Converged = 0, ‖r‖ (largest λ) = 0.0007541059972443483
Iter 4: V_size = 203, Converged = 0, ‖r‖ (largest λ) = 0.005338944067445293
Iter 5: V_size = 277, Converged = 1, ‖r‖ (largest λ) = 0.014402957379957318
Iter 6: V_size = 148, Converged = 1, ‖r‖ (largest λ) = 0.002237567560018296
Iter 7: V_size = 222, Converged = 1, ‖r‖ (largest λ) = 0.014497663243860788
Iter 8: V_size = 276, Converged = 21, ‖r‖ (largest λ) = 0.015395728586345764
Iter 9: V_size = 108, Converged = 21, ‖r‖ (largest λ) = 2.350876670123152e-6
Hybrid Davidson-JD corrections at iteration 10
Iter 10: V_size = 162, Converged = 21, ‖r‖ (largest λ) = 0.01353336943714495
Hybrid Davidson-JD corrections at iteration 11
Iter 11: V_size = 216, Converged = 21, ‖r‖ (largest λ) = 0.009306750780795592
Converged all required eigenvalues.
 63.624156 seconds (1.64 M allocations: 44.567 GiB, 2.37% gc time, 0.19% compilation time)
Number of FLOPs: 760980185540

Reading exact Eigenvalues...
Reading eigenvalues from ../../Eigenvalues_folder/eigenres_H2_RNDbasis1.jld2

Compute the difference between computed and exact eigenvalues:
1×50 adjoint(::Vector{Float64}) with eltype Float64:
 -2.66454e-15  -8.88178e-16  1.77636e-15  8.88178e-16  -1.33227e-15  -4.44089e-16  -2.22045e-16  8.88178e-16  6.66134e-16  1.11022e-15  2.22045e-15  0.0  -2.22045e-16  -1.55431e-15  -4.44089e-16  0.0  -2.22045e-16  -1.11022e-16  1.11022e-16  5.55112e-16  -1.88738e-15  7.77156e-16  -2.22045e-16  0.0  4.44089e-16  2.22045e-16  0.0  1.11022e-16  0.0  -3.33067e-16  1.11022e-16  -5.55112e-16  1.11022e-16  1.11022e-16  -2.22045e-16  -1.11022e-16  1.11022e-16  1.11022e-16  -1.66533e-16  0.0  5.55112e-17  -5.55112e-17  -1.66533e-16  -2.22045e-16  0.0  -1.11022e-16  -5.55112e-16  0.0  -5.55112e-17  -1.11022e-16
50 Eigenvalues converges, out of 50 requested.
Running with l = 100
Starting Davidson with n_aux = 320, l_buffer = 150, lc = 101, thresh = 0.0025, max_iter = 100
Iter 1: V_size = 32, Converged = 0, ‖r‖ (largest λ) = 0.01243789060943334
Iter 2: V_size = 64, Converged = 0, ‖r‖ (largest λ) = 0.0031033434797851376
Iter 3: V_size = 128, Converged = 0, ‖r‖ (largest λ) = 0.0007541059972443483
Iter 4: V_size = 256, Converged = 0, ‖r‖ (largest λ) = 0.00020989139304042372
Iter 5: V_size = 298, Converged = 1, ‖r‖ (largest λ) = 0.001135942318273829
Iter 6: V_size = 298, Converged = 1, ‖r‖ (largest λ) = 0.002862828618656125
Iter 7: V_size = 298, Converged = 1, ‖r‖ (largest λ) = 0.0008550723888226027
Iter 8: V_size = 170, Converged = 65, ‖r‖ (largest λ) = 0.0005269459640176228
Iter 9: V_size = 255, Converged = 65, ‖r‖ (largest λ) = 0.0004029029369125179
Hybrid Davidson-JD corrections at iteration 10
Total MINRES iterations: 900
Iter 10: V_size = 170, Converged = 65, ‖r‖ (largest λ) = 0.0008539825447644365
Converged all required eigenvalues.
148.192856 seconds (3.32 M allocations: 93.089 GiB, 1.64% gc time)
Number of FLOPs: 1186124537932

Reading exact Eigenvalues...
Reading eigenvalues from ../../Eigenvalues_folder/eigenres_H2_RNDbasis1.jld2

Compute the difference between computed and exact eigenvalues:
1×100 adjoint(::Vector{Float64}) with eltype Float64:
 -1.77636e-15  -1.77636e-15  4.44089e-16  8.88178e-16  -8.88178e-16  4.44089e-16  6.66134e-16  6.66134e-16  6.66134e-16  1.33227e-15  1.77636e-15  -1.33227e-15  -2.22045e-16  -6.66134e-16  -1.55431e-15  6.66134e-16  -1.33227e-15  -1.9984e-15  0.0  3.33067e-16  0.0  -1.11022e-15  1.55431e-15  1.11022e-16  -6.66134e-16  4.44089e-16  -9.99201e-16  1.33227e-15  1.11022e-15  2.22045e-16  -3.33067e-16  -1.44329e-15  -6.66134e-16  -1.11022e-15  -1.33227e-15  7.77156e-16  -1.22125e-15  -7.21645e-16  -4.16334e-15  1.9984e-15  -1.77636e-15  -1.27676e-15  -7.32747e-15  -6.27276e-15  -5.72875e-14  -7.29417e-14  -7.73825e-14  -2.20546e-13  -2.25209e-13  -3.40616e-13  -1.30673e-13  -9.77551e-14  -7.46625e-13  -6.54088e-13  -7.19091e-13  -2.33041e-12  -3.50403e-12  -7.88836e-12  -1.06153e-11  -2.77556e-16  -3.44075e-12  -6.10623e-16  -1.3274e-11  -5.55112e-17  -3.78825e-11  -3.88578e-16  -4.38932e-11  -4.59077e-11  -7.24467e-11  -2.16493e-15  -4.38538e-15  -1.4988e-15  -1.02696e-14  -1.23235e-14  -1.55986e-14  -4.38538e-15  -9.4369e-16  -1.03245e-12  -9.51988e-13  -1.96759e-13  -1.14322e-12  -8.29062e-12  -2.6589e-12  -2.39011e-11  -2.48058e-10  -1.62789e-10  -3.50128e-11  -1.0255e-11  -2.45862e-10  -6.3414e-10  -2.41624e-9  -1.80915e-9  -1.10918e-9  -2.23964e-9  -6.40431e-10  -9.25971e-9  -6.65459e-9  -5.04478e-9  -9.00475e-9  -7.8348e-10
100 Eigenvalues converges, out of 100 requested.
Running with l = 200
Starting Davidson with n_aux = 400, l_buffer = 300, lc = 202, thresh = 0.003, max_iter = 100
Iter 1: V_size = 40, Converged = 0, ‖r‖ (largest λ) = 0.011480073599996846
Iter 2: V_size = 80, Converged = 0, ‖r‖ (largest λ) = 0.002280189232841786
Iter 3: V_size = 160, Converged = 0, ‖r‖ (largest λ) = 0.0005393068856438539
Iter 4: V_size = 320, Converged = 0, ‖r‖ (largest λ) = 0.00011256860785194907
Iter 5: V_size = 400, Converged = 2, ‖r‖ (largest λ) = 7.451145686299318e-5
Iter 6: V_size = 400, Converged = 2, ‖r‖ (largest λ) = 0.00011468174674404814
Iter 7: V_size = 400, Converged = 2, ‖r‖ (largest λ) = 0.00023031091592152817
Iter 8: V_size = 400, Converged = 88, ‖r‖ (largest λ) = 0.00037325837699619046
Iter 9: V_size = 400, Converged = 88, ‖r‖ (largest λ) = 0.0002740724797449173
Hybrid Davidson-JD corrections at iteration 10
Total MINRES iterations: 2821
Iter 10: V_size = 400, Converged = 88, ‖r‖ (largest λ) = 0.00023095839147355165
Converged all required eigenvalues.
405.062801 seconds (9.62 M allocations: 270.940 GiB, 1.59% gc time)
Number of FLOPs: 2414154727384

Reading exact Eigenvalues...
Reading eigenvalues from ../../Eigenvalues_folder/eigenres_H2_RNDbasis1.jld2

Compute the difference between computed and exact eigenvalues:
1×200 adjoint(::Vector{Float64}) with eltype Float64:
 -3.55271e-15  -8.88178e-16  8.88178e-16  1.33227e-15  -2.22045e-15  6.66134e-16  2.22045e-16  8.88178e-16  8.88178e-16  1.11022e-15  2.22045e-15  -4.44089e-16  4.44089e-16  0.0  -6.66134e-16  -8.88178e-16  -2.22045e-16  -2.22045e-16  -2.22045e-16  7.77156e-16  -9.99201e-16  -4.44089e-16  -7.77156e-16  -9.99201e-16  1.55431e-15  -5.55112e-16  -5.55112e-16  -1.11022e-16  -2.22045e-16  3.33067e-16  -3.33067e-16  7.77156e-16  -8.88178e-16  5.55112e-16  3.33067e-16  -8.88178e-16  -4.44089e-16  -3.33067e-16  4.996e-16  1.11022e-16  7.77156e-16  -4.44089e-16  5.55112e-16  -6.10623e-16  -2.22045e-16  0.0  1.66533e-16  -1.16573e-15  -8.88178e-16  1.05471e-15  -1.11022e-16  -2.10942e-15  9.99201e-16  2.16493e-15  -2.05391e-15  -1.27676e-15  -2.77556e-16  2.60902e-15  -4.996e-16  9.99201e-16  1.33227e-15  -4.05231e-15  -1.38778e-15  -2.60902e-15  -1.60982e-15  -8.27116e-15  -1.77636e-15  -4.996e-16  -6.38378e-15  -1.16018e-14  -1.87628e-14  -2.41474e-14  -1.91513e-14  -6.98608e-14  -9.73666e-14  -1.55154e-14  -2.44027e-13  -1.03934e-11  -9.30608e-12  -2.82158e-12  -6.00081e-12  -1.65577e-10  -6.0578e-11  -3.48992e-10  -6.55331e-10  -9.99539e-11  -8.17545e-11  -2.21915e-10  -3.41614e-9  -2.36717e-10  -8.88591e-10  -1.07526e-9  -3.84666e-10  -3.9882e-10  -1.17254e-9  -1.91004e-9  -8.51024e-10  -1.49238e-9  -2.45932e-9  -2.03402e-10  -3.55352e-9  -1.4305e-8  -7.49894e-9  -2.10723e-8  -5.38362e-9  -2.28105e-8  -1.89091e-8  -2.0968e-8  -1.68307e-8  -1.31507e-8  -1.39835e-8  -1.48335e-8  -2.57177e-8  -2.20978e-8  -4.75824e-8  -1.88481e-8  -9.82087e-8  -5.08331e-8  -4.92987e-8  -1.03576e-7  -6.39284e-8  -7.98725e-8  -1.77134e-7  -6.43321e-8  -1.22579e-7  -1.12338e-7  -1.2612e-7  -1.12374e-7  -2.50592e-7  -1.46265e-7  -1.55648e-7  -1.99973e-8  -2.1598e-7  -1.36807e-7  -2.21872e-7  -1.71087e-7  -2.1709e-7  -2.93263e-7  -4.60595e-7  -3.62151e-7  -4.89708e-7  -2.06213e-7  -5.71679e-7  -3.72654e-7  -1.02887e-7  -3.64853e-7  -7.07829e-7  -3.48609e-7  -5.81486e-7  -3.68756e-7  -2.72803e-7  -1.09828e-6  -9.49162e-7  -6.53461e-7  -2.27481e-7  -3.13971e-7  -1.8468e-6  -4.96447e-7  -9.69463e-7  -7.91854e-7  -9.84354e-7  -1.26669e-6  -1.68919e-6  -1.19181e-6  -9.56439e-7  -2.72095e-6  -1.87181e-6  -1.42337e-6  -1.7744e-6  -2.03353e-6  -1.2203e-6  -1.34793e-6  -2.28636e-6  -1.70985e-6  -2.13212e-6  -1.46784e-6  -2.09398e-6  -2.71251e-6  -5.51383e-6  -2.34422e-6  -2.84108e-6  -4.10276e-6  -4.0988e-6  -4.69006e-6  -4.38281e-6  -4.13021e-6  -5.55869e-6  -3.91573e-6  -5.14975e-6  -8.07522e-6  -1.16683e-5  -7.81769e-6  -9.16041e-6  -9.99611e-6  -1.30521e-5  -1.11429e-5  -1.85805e-6  -1.4867e-5  -1.78807e-5  -1.52796e-5
200 Eigenvalues converges, out of 200 requested.
Finished processing molecule: H2
