Processing molecule: formaldehyde
Running with beta = 36
Running with l = 60
Starting Davidson with n_aux = 576, l_buffer = 90, lc = 61, thresh = 0.0015, max_iter = 100
Iter 1: V_size = 32, Converged = 0, ‖r‖ (largest λ) = 0.8656922926223112
Iter 2: V_size = 64, Converged = 0, ‖r‖ (largest λ) = 0.18084421183679666
Iter 3: V_size = 128, Converged = 0, ‖r‖ (largest λ) = 0.060623910912410116
Iter 4: V_size = 218, Converged = 0, ‖r‖ (largest λ) = 0.09164873999488632
Iter 5: V_size = 308, Converged = 0, ‖r‖ (largest λ) = 0.49834366829223853
Iter 6: V_size = 394, Converged = 4, ‖r‖ (largest λ) = 0.11034496814644347
Iter 7: V_size = 480, Converged = 4, ‖r‖ (largest λ) = 0.007484730182962817
Iter 8: V_size = 566, Converged = 4, ‖r‖ (largest λ) = 0.00011806341109952234
Iter 9: V_size = 172, Converged = 4, ‖r‖ (largest λ) = 1.098672578425054e-6
Converged all required eigenvalues.
606.337285 seconds (2.70 M allocations: 164.080 GiB, 0.67% gc time, 3.08% compilation time)
Number of FLOPs: 4878703645662

Reading exact Eigenvalues...
Reading eigenvalues from ../../Eigenvalues_folder/eigenres_formaldehyde_RNDbasis1.jld2

Compute the difference between computed and exact eigenvalues:
1×60 adjoint(::Vector{Float64}) with eltype Float64:
 -3.55271e-15  7.10543e-15  0.0  5.32907e-15  1.77636e-15  -5.32907e-15  8.88178e-15  -7.10543e-15  1.77636e-15  7.10543e-15  1.77636e-15  8.88178e-16  8.88178e-16  1.77636e-15  -3.55271e-15  0.0  1.77636e-15  3.55271e-15  1.77636e-15  -4.44089e-15  8.88178e-16  2.66454e-15  2.66454e-15  0.0  -8.88178e-16  8.88178e-16  -4.44089e-16  -1.33227e-15  0.0  4.44089e-16  8.88178e-16  -2.66454e-15  -2.22045e-15  -3.55271e-15  4.44089e-16  -1.77636e-15  8.88178e-16  -1.77636e-15  -8.88178e-16  1.33227e-15  3.10862e-15  -4.44089e-15  4.44089e-16  4.44089e-16  -8.88178e-16  1.33227e-15  -3.55271e-15  0.0  2.22045e-15  1.33227e-15  4.44089e-16  -2.22045e-15  -1.77636e-15  -3.55271e-15  -2.66454e-15  4.44089e-15  4.44089e-16  1.77636e-15  -3.55271e-15  1.11022e-15
60 Eigenvalues converges, out of 60 requested.
Running with l = 300
Starting Davidson with n_aux = 1080, l_buffer = 450, lc = 303, thresh = 0.002, max_iter = 100
Iter 1: V_size = 60, Converged = 0, ‖r‖ (largest λ) = 0.26486861963827185
Iter 2: V_size = 120, Converged = 0, ‖r‖ (largest λ) = 0.06605965136343936
Iter 3: V_size = 240, Converged = 0, ‖r‖ (largest λ) = 0.024614027791462368
Iter 4: V_size = 480, Converged = 0, ‖r‖ (largest λ) = 0.005532686722171159
Iter 5: V_size = 929, Converged = 1, ‖r‖ (largest λ) = 0.0012823894690469453
Iter 6: V_size = 882, Converged = 9, ‖r‖ (largest λ) = 0.006959442605831579
Iter 7: V_size = 882, Converged = 9, ‖r‖ (largest λ) = 0.007446652446262207
Iter 8: V_size = 878, Converged = 11, ‖r‖ (largest λ) = 0.003944300837591246
Iter 9: V_size = 878, Converged = 11, ‖r‖ (largest λ) = 0.002790537558587821
Hybrid Davidson-JD corrections at iteration 10
Total MINRES iterations: 199
Iter 10: V_size = 878, Converged = 11, ‖r‖ (largest λ) = 0.002077002426359225
Hybrid Davidson-JD corrections at iteration 11
Total MINRES iterations: 37
Iter 11: V_size = 1075, Converged = 253, ‖r‖ (largest λ) = 0.0014807677969722983
Hybrid Davidson-JD corrections at iteration 12
Total MINRES iterations: 1015
Iter 12: V_size = 394, Converged = 253, ‖r‖ (largest λ) = 3.463881162372648e-6
Hybrid Davidson-JD corrections at iteration 13
Total MINRES iterations: 64
Iter 13: V_size = 591, Converged = 253, ‖r‖ (largest λ) = 0.0005231071070918759
Hybrid Davidson-JD corrections at iteration 14
Total MINRES iterations: 722
Iter 14: V_size = 788, Converged = 253, ‖r‖ (largest λ) = 0.004345595993103594
Hybrid Davidson-JD corrections at iteration 15
Total MINRES iterations: 450
Iter 15: V_size = 953, Converged = 285, ‖r‖ (largest λ) = 0.007281933039886467
Hybrid Davidson-JD corrections at iteration 16
Total MINRES iterations: 107
Iter 16: V_size = 330, Converged = 285, ‖r‖ (largest λ) = 0.006602257075313103
Hybrid Davidson-JD corrections at iteration 17
Total MINRES iterations: 388
Iter 17: V_size = 495, Converged = 285, ‖r‖ (largest λ) = 0.007906426043533758
Hybrid Davidson-JD corrections at iteration 18
Total MINRES iterations: 351
Iter 18: V_size = 660, Converged = 285, ‖r‖ (largest λ) = 0.005468448697610806
Hybrid Davidson-JD corrections at iteration 19
Total MINRES iterations: 142
Iter 19: V_size = 825, Converged = 285, ‖r‖ (largest λ) = 0.007319102030655417
Hybrid Davidson-JD corrections at iteration 20
Total MINRES iterations: 139
Iter 20: V_size = 990, Converged = 285, ‖r‖ (largest λ) = 0.0027675112264345103
Hybrid Davidson-JD corrections at iteration 21
Total MINRES iterations: 82
Iter 21: V_size = 312, Converged = 294, ‖r‖ (largest λ) = 0.002398868271619802
Hybrid Davidson-JD corrections at iteration 22
Total MINRES iterations: 123
Iter 22: V_size = 468, Converged = 294, ‖r‖ (largest λ) = 0.001312201516884466
Hybrid Davidson-JD corrections at iteration 23
Total MINRES iterations: 225
Iter 23: V_size = 624, Converged = 294, ‖r‖ (largest λ) = 0.0013568247746131139
Converged all required eigenvalues.
10705.605858 seconds (93.32 M allocations: 5.043 TiB, 1.07% gc time, 0.21% compilation time)
Number of FLOPs: 46032697777503

Reading exact Eigenvalues...
Reading eigenvalues from ../../Eigenvalues_folder/eigenres_formaldehyde_RNDbasis1.jld2

Compute the difference between computed and exact eigenvalues:
1×300 adjoint(::Vector{Float64}) with eltype Float64:
 7.10543e-15  -3.55271e-15  7.10543e-15  3.55271e-15  -8.88178e-15  0.0  5.32907e-15  -1.59872e-14  0.0  0.0  -4.44089e-15  -8.88178e-16  8.88178e-16  8.88178e-16  -1.77636e-15  0.0  8.88178e-16  2.66454e-15  3.55271e-15  -1.77636e-15  8.88178e-16  8.88178e-16  8.88178e-16  -3.55271e-15  -2.66454e-15  -1.77636e-15  3.10862e-15  -1.33227e-15  -8.88178e-16  1.33227e-15  0.0  -8.88178e-16  -1.77636e-15  1.33227e-15  1.77636e-15  4.44089e-16  -4.44089e-16  0.0  1.77636e-15  4.44089e-16  0.0  -1.33227e-15  0.0  0.0  -8.88178e-16  -8.88178e-16  8.88178e-16  4.44089e-16  8.88178e-16  0.0  -1.77636e-15  8.88178e-16  4.44089e-16  1.77636e-15  0.0  2.22045e-15  8.88178e-16  8.88178e-16  1.33227e-15  1.11022e-15  1.77636e-15  8.88178e-16  -1.11022e-15  2.22045e-16  2.22045e-16  -6.66134e-16  1.9984e-15  0.0  -4.44089e-16  2.22045e-16  0.0  -2.22045e-16  -1.55431e-15  -2.22045e-16  -2.88658e-15  -4.44089e-16  8.88178e-16  -1.11022e-15  -4.44089e-16  1.33227e-15  0.0  -4.44089e-16  1.55431e-15  4.44089e-16  2.22045e-15  0.0  1.33227e-15  0.0  -1.33227e-15  1.11022e-15  0.0  -6.66134e-16  -2.22045e-15  1.11022e-15  1.11022e-15  2.22045e-16  -2.22045e-16  4.44089e-16  -6.66134e-16  8.88178e-16  2.88658e-15  1.33227e-15  -2.22045e-15  -8.88178e-16  1.55431e-15  -1.11022e-15  0.0  2.88658e-15  -8.88178e-16  1.11022e-15  -1.11022e-15  -2.22045e-16  2.66454e-15  0.0  2.22045e-16  1.77636e-15  0.0  2.22045e-16  -1.9984e-15  -2.22045e-16  4.44089e-16  -4.44089e-16  -2.22045e-15  1.88738e-15  -3.66374e-15  3.33067e-16  -3.33067e-16  -3.44169e-15  -1.88738e-15  -5.10703e-15  -3.44169e-15  -5.77316e-15  -1.29896e-14  -1.5099e-14  -2.08722e-14  -1.4877e-14  -1.78746e-14  -2.22045e-14  -2.38698e-14  -1.45439e-14  -1.55431e-14  -2.80886e-14  -3.95239e-14  -2.26485e-14  -2.52021e-14  -6.09512e-14  -5.55112e-14  -7.69385e-14  -3.29736e-14  -7.01661e-14  -7.81597e-14  -4.11893e-14  -9.13714e-14  -1.06248e-13  -1.25455e-13  -2.29261e-13  -2.54019e-13  -2.11942e-13  -4.39426e-13  -2.4547e-13  -6.67244e-13  -6.88782e-13  -7.43072e-13  -3.57159e-13  -4.12337e-13  -6.97331e-13  -5.55778e-13  -7.06102e-13  -1.42963e-12  -1.34537e-12  -1.03006e-12  -1.52056e-12  -9.79661e-13  -2.46569e-12  -1.88938e-12  -2.99383e-12  -3.13782e-12  -3.45057e-12  -1.99141e-12  -2.62546e-12  -3.0681e-12  -3.28093e-12  -6.46072e-12  -7.28151e-12  -8.40428e-12  -7.56462e-12  -7.1394e-12  -1.1748e-11  -1.35429e-11  -8.67406e-12  -1.1689e-11  -5.98321e-12  -1.23854e-11  -8.89822e-12  -1.47449e-11  -1.88061e-11  -1.13002e-11  -1.79902e-11  -1.02434e-11  -1.99104e-11  -1.36049e-11  -1.75794e-11  -2.5052e-11  -2.18807e-11  -1.95129e-11  -2.60652e-11  -5.41417e-11  -5.06082e-11  -2.98147e-11  -4.91788e-11  -6.14948e-11  -3.81168e-11  -3.36099e-11  -7.13756e-11  -7.88182e-11  -6.47999e-11  -1.00266e-10  -7.12958e-11  -7.35284e-11  -6.54681e-11  -9.3002e-11  -1.18592e-10  -8.20098e-11  -9.80907e-11  -1.08909e-10  -1.69069e-10  -1.24932e-10  -1.6431e-10  -1.40918e-10  -1.9015e-10  -1.99146e-10  -2.34857e-10  -1.85313e-10  -2.8705e-10  -3.13054e-10  -2.75514e-10  -5.42304e-10  -4.17261e-10  -3.6233e-10  -4.47021e-10  -6.44112e-10  -7.17862e-10  -8.36192e-10  -6.73632e-10  -4.56053e-10  -8.92413e-10  -1.25322e-9  -8.8923e-10  -1.44956e-9  -1.28987e-9  -8.16014e-15  -1.28392e-9  -1.68753e-9  -1.28786e-14  -1.63632e-9  5.55112e-16  -1.11022e-16  -6.10623e-16  -4.996e-16  -6.66134e-16  -9.99201e-16  1.9984e-15  -5.55112e-17  -3.88578e-16  0.0  1.11022e-16  5.55112e-17  -2.05391e-15  -3.33067e-16  -1.66533e-16  -6.66134e-16  -2.55351e-15  -1.88738e-15  -1.27676e-15  -3.60822e-15  -3.44169e-15  -3.27516e-15  6.10623e-16  -5.4956e-15  0.0  4.996e-16  5.55112e-17  1.11022e-16  9.99201e-16  1.11022e-16  -7.77156e-15  -2.10387e-14  -1.54154e-13  -2.11942e-13  -1.34004e-13  -1.65257e-13  -1.73483e-12  -4.54636e-13  3.88578e-16  -2.367e-12  2.66454e-15  1.05471e-15  2.38698e-15  8.88178e-16  1.55431e-15
300 Eigenvalues converges, out of 300 requested.
Running with l = 600
Starting Davidson with n_aux = 2160, l_buffer = 900, lc = 606, thresh = 0.0025, max_iter = 100
Iter 1: V_size = 120, Converged = 0, ‖r‖ (largest λ) = 0.10358086508213564
Iter 2: V_size = 240, Converged = 0, ‖r‖ (largest λ) = 0.025588054618247306
Iter 3: V_size = 480, Converged = 0, ‖r‖ (largest λ) = 0.005422886881735896
Iter 4: V_size = 960, Converged = 0, ‖r‖ (largest λ) = 0.0006278081963591829
Iter 5: V_size = 1857, Converged = 3, ‖r‖ (largest λ) = 7.638828250977523e-5
Iter 6: V_size = 1794, Converged = 3, ‖r‖ (largest λ) = 0.000309542107819557
Iter 7: V_size = 1794, Converged = 3, ‖r‖ (largest λ) = 0.000432750921079079
Iter 8: V_size = 1794, Converged = 3, ‖r‖ (largest λ) = 0.00019612600253548308
Iter 9: V_size = 1302, Converged = 249, ‖r‖ (largest λ) = 0.0001402100988637185
Hybrid Davidson-JD corrections at iteration 10
Total MINRES iterations: 835
Iter 10: V_size = 1953, Converged = 249, ‖r‖ (largest λ) = 0.00011264657211560328
Hybrid Davidson-JD corrections at iteration 11
Total MINRES iterations: 4000
Iter 11: V_size = 1302, Converged = 249, ‖r‖ (largest λ) = 9.964535833436079e-5
Converged all required eigenvalues.
13688.190666 seconds (137.83 M allocations: 8.583 TiB, 1.42% gc time, 0.06% compilation time)
Number of FLOPs: 51788719785990

Reading exact Eigenvalues...
Reading eigenvalues from ../../Eigenvalues_folder/eigenres_formaldehyde_RNDbasis1.jld2

Compute the difference between computed and exact eigenvalues:
1×600 adjoint(::Vector{Float64}) with eltype Float64:
 -1.06581e-14  0.0  2.84217e-14  1.77636e-15  -1.77636e-15  0.0  5.32907e-15  -1.24345e-14  0.0  5.32907e-15  -8.88178e-16  -8.88178e-16  8.88178e-16  0.0  0.0  1.77636e-15  8.88178e-16  8.88178e-16  1.77636e-15  -8.88178e-16  3.55271e-15  0.0  -2.66454e-15  -1.77636e-15  4.44089e-15  -3.55271e-15  0.0  1.77636e-15  0.0  1.33227e-15  -1.33227e-15  0.0  3.55271e-15  2.22045e-15  -1.33227e-15  4.44089e-16  4.88498e-15  3.9968e-15  3.10862e-15  8.88178e-16  2.22045e-15  8.88178e-16  -5.77316e-15  8.88178e-16  1.33227e-15  -1.33227e-15  0.0  -4.44089e-15  0.0  -2.22045e-15  -4.44089e-16  -1.33227e-15  4.44089e-16  1.33227e-15  -5.32907e-15  -4.44089e-15  -4.44089e-16  -2.66454e-15  -2.66454e-15  1.77636e-15  -5.10703e-15  2.44249e-15  1.9984e-15  1.9984e-15  5.77316e-15  6.66134e-16  2.88658e-15  6.66134e-16  -1.9984e-15  1.77636e-15  -3.9968e-15  1.77636e-15  -3.55271e-15  -3.77476e-15  2.22045e-15  -4.44089e-15  7.10543e-15  5.10703e-15  -1.77636e-15  -4.44089e-16  -3.10862e-15  -2.66454e-15  3.55271e-15  1.33227e-15  1.11022e-15  5.10703e-15  5.55112e-15  4.21885e-15  -7.99361e-15  4.88498e-15  -7.77156e-15  -8.88178e-16  -4.44089e-16  -2.44249e-15  8.43769e-15  -4.44089e-16  6.43929e-15  4.44089e-15  3.10862e-15  7.99361e-15  3.33067e-15  4.88498e-15  4.66294e-15  -5.10703e-15  -9.32587e-15  -4.21885e-15  -5.55112e-15  -9.32587e-15  6.66134e-16  5.77316e-15  8.88178e-16  -2.66454e-15  -9.76996e-15  -6.21725e-15  -1.11022e-15  -1.13243e-14  -1.02141e-14  5.77316e-15  -9.99201e-15  -1.08802e-14  -2.34257e-13  -5.10703e-14  -4.9194e-13  -2.28706e-13  -1.1614e-12  -1.20104e-12  -1.12682e-10  -1.99314e-10  -2.80519e-10  -2.80353e-10  -2.72364e-10  -2.71917e-10  -2.54376e-10  -6.92526e-10  -3.40319e-10  -4.74479e-10  -7.07516e-10  -1.22141e-9  -1.03609e-9  -6.95477e-10  -6.59421e-10  -9.3878e-10  -7.84542e-10  -1.90058e-9  -6.99386e-10  -1.01592e-9  -1.83343e-9  -2.30301e-9  -1.10728e-9  -1.25289e-9  -2.46382e-9  -2.42548e-9  -1.31176e-9  -2.42021e-9  -3.23178e-9  -3.61816e-9  -4.53212e-9  -4.12461e-9  -4.43288e-9  -8.31373e-9  -7.56675e-9  -7.36178e-9  -7.74814e-9  -8.43879e-9  -8.82275e-9  -7.38049e-9  -1.01994e-8  -1.26983e-8  -1.1293e-8  -9.70188e-9  -1.21636e-8  -6.0104e-9  -1.34334e-8  -2.0499e-8  -1.50431e-8  -2.2948e-8  -2.78896e-8  -2.18015e-8  -2.03655e-8  -1.96583e-8  -2.67922e-8  -3.05514e-8  -3.08249e-8  -2.08898e-8  -3.72765e-8  -2.755e-8  -2.72901e-8  -3.73836e-8  -2.51927e-8  -2.54578e-8  -4.61653e-8  -2.96695e-8  -3.22455e-8  -2.45094e-8  -4.78168e-8  -3.99675e-8  -4.84683e-8  -4.1491e-8  -5.08993e-8  -7.25852e-8  -3.80678e-8  -4.3289e-8  -4.5521e-8  -5.38288e-8  -4.92564e-8  -5.80889e-8  -8.04841e-8  -8.42254e-8  -6.87905e-8  -6.12907e-8  -1.10048e-7  -8.34618e-8  -8.62471e-8  -9.6895e-8  -6.08742e-8  -7.85559e-8  -6.11336e-8  -8.63366e-8  -7.65742e-8  -9.57934e-8  -9.17331e-8  -1.07821e-7  -9.67851e-8  -7.36956e-8  -1.36328e-7  -8.76073e-8  -1.42861e-7  -1.32297e-7  -1.6731e-7  -9.08281e-8  -1.28375e-7  -1.57613e-7  -1.30722e-7  -1.32371e-7  -1.61578e-7  -1.98096e-7  -2.33348e-7  -1.50232e-7  -2.16059e-7  -1.81502e-7  -2.42499e-7  -2.31184e-7  -2.03941e-7  -1.94444e-7  -2.5231e-7  1.14914e-12  8.86735e-13  7.61058e-13  3.47999e-13  5.6416e-13  -2.05869e-7  -1.52005e-7  -2.37745e-7  -2.50264e-7  5.99848e-12  2.18864e-12  2.89074e-12  2.54607e-12  4.96214e-13  5.83089e-13  6.70963e-13  6.72074e-13  7.94642e-13  1.20703e-12  5.4512e-13  9.78051e-13  9.64895e-13  1.69942e-12  6.86728e-13  4.48475e-13  8.36053e-13  1.39305e-12  1.37101e-12  1.45456e-12  2.71677e-12  9.62563e-13  1.50902e-12  1.19826e-12  1.29347e-12  1.62115e-12  1.77541e-12  1.13404e-12  1.64202e-12  1.12632e-12  1.13287e-12  2.93204e-12  1.14275e-12  1.38639e-12  1.50246e-12  1.13315e-12  1.54898e-12  1.7133e-12  1.4625e-12  1.20226e-12  1.31334e-12  1.35331e-12  9.79994e-13  9.00224e-13  1.69015e-12  1.71757e-12  2.35428e-12  1.89881e-12  2.83185e-12  1.81055e-12  2.33186e-12  4.20119e-12  1.78113e-12  2.77478e-12  3.13832e-12  1.90009e-12  2.68802e-12  4.95876e-12  4.15423e-12  1.83126e-12  2.83662e-12  2.0185e-12  2.54963e-12  2.2638e-12  3.46861e-12  1.32594e-12  5.40945e-12  5.34967e-12  3.78825e-12  2.16133e-12  3.51147e-12  2.93304e-12  2.70423e-12  4.07741e-12  4.63835e-12  3.6573e-12  4.05972e-12  2.38826e-12  6.01902e-12  4.32676e-12  4.8653e-12  4.11968e-12  4.03799e-12  3.40558e-12  3.87218e-12  7.48282e-12  4.70118e-12  4.62236e-12  3.9424e-12  3.01109e-12  1.47218e-11  6.0921e-12  8.72294e-12  1.26313e-11  5.38772e-12  1.35525e-11  5.50612e-12  1.18051e-11  9.63668e-12  7.24754e-12  9.30736e-12  9.50048e-12  6.44115e-12  5.72947e-12  1.34111e-11  8.63642e-12  2.15531e-11  1.95116e-11  1.07239e-11  1.13501e-11  9.05886e-12  2.28033e-11  2.1552e-11  1.22513e-11  1.57882e-11  2.12317e-11  1.0611e-11  1.24995e-11  1.92269e-11  1.66244e-11  1.02471e-11  1.03957e-11  1.53486e-11  1.7301e-11  3.05923e-11  2.02246e-11  2.83578e-11  1.05526e-11  1.47546e-11  2.65197e-11  1.9145e-11  1.41893e-11  1.30748e-11  2.71995e-11  2.26264e-11  3.276e-11  2.64827e-11  4.14855e-11  1.7838e-11  5.31334e-11  2.30506e-11  3.66608e-11  4.01587e-11  3.04971e-11  3.4836e-11  7.21087e-11  4.28692e-11  4.62472e-11  4.84258e-11  3.00182e-11  2.72091e-11  5.69935e-11  3.9795e-11  5.49858e-11  4.11001e-11  4.48783e-11  7.9661e-11  6.89366e-11  5.1608e-11  5.888e-11  3.1667e-11  7.56452e-11  5.67595e-11  4.83045e-11  5.33072e-11  7.55007e-11  1.17924e-10  8.4788e-11  6.13704e-11  5.88765e-11  6.50065e-11  8.75435e-11  3.84107e-11  9.57504e-11  1.68811e-10  4.65637e-11  9.9534e-11  1.05738e-10  1.27575e-10  7.31514e-11  7.87498e-11  5.48378e-11  8.99371e-11  6.4946e-11  8.6278e-11  8.00022e-11  1.25368e-10  8.13823e-11  7.947e-11  6.57315e-11  1.35406e-10  7.90606e-11  1.00212e-10  1.33096e-10  6.3121e-11  7.89784e-11  8.33991e-11  8.8192e-11  8.04234e-11  1.00958e-10  1.00549e-10  1.26226e-10  1.32224e-10  1.64522e-10  1.20231e-10  1.01693e-10  1.04741e-10  9.96248e-11  2.28063e-10  1.18561e-10  1.5103e-10  1.31478e-10  1.51354e-10  1.29175e-10  1.7458e-10  1.85377e-10  1.86041e-10  2.08883e-10  2.09487e-10  9.12013e-11  1.61055e-10  1.2603e-10  3.93043e-11  1.0037e-10  1.29051e-10  1.10899e-10  1.82017e-10  1.98883e-10  1.69914e-10  9.15907e-11  2.34919e-10  2.302e-10  5.76291e-11  1.31598e-10  1.90556e-10  1.56753e-10  1.64281e-10  2.23363e-10  5.10441e-11  1.01525e-10  1.54205e-10  2.30704e-10  2.1424e-10  1.6239e-10  8.9103e-11  1.15753e-10  1.52279e-10  2.51921e-10  2.79019e-10  2.88206e-10  1.48053e-10  1.55781e-10  1.09244e-10  1.80008e-10  2.76624e-10  2.32632e-10  1.95974e-10  1.425e-10  1.46282e-10  3.05019e-10  1.10952e-10  1.40218e-10  1.40232e-10  2.26373e-10  2.22256e-10  1.15273e-10  1.45871e-10  1.21736e-10  2.32594e-10  1.76464e-10  1.63406e-10  1.2639e-10  1.41939e-10  1.9727e-10  2.3194e-10  2.49487e-10  1.0595e-10  1.70963e-10  1.42034e-10  1.066e-10  1.68128e-10  2.00568e-10  1.93116e-10  2.12867e-10  2.56255e-10  1.46598e-10  2.32024e-10  2.33524e-10  1.35774e-10  2.04403e-10  4.30285e-11  1.6539e-10  1.9946e-10  1.46312e-10  1.29788e-10  1.37144e-10  1.40842e-10  2.7099e-10  4.34134e-10  1.10514e-10  2.28991e-10  1.54694e-10  2.84926e-10  2.29641e-10  1.39178e-10  1.42316e-10  2.81944e-10  4.65985e-11  1.63336e-10  1.31945e-10  2.08668e-10  1.93026e-10  8.35342e-11  2.00439e-10  8.97204e-11  1.15743e-10  1.59079e-10  2.09432e-10  4.91099e-12  8.27798e-11  5.71321e-11  1.5774e-10  3.24699e-11  1.42858e-10  1.14911e-10  7.28246e-11  5.14798e-11  7.52505e-11  9.307e-11  1.74997e-11  7.3025e-11  4.6983e-11  1.67049e-11  6.68637e-11  8.71193e-11  -4.66101e-11  4.44278e-11  3.13402e-11  -3.94548e-12  1.08154e-11  -1.07791e-10  1.07703e-10  1.72553e-11  -2.68186e-11  -1.21706e-10  4.67289e-11
600 Eigenvalues converges, out of 600 requested.
Running with l = 1200
Starting Davidson with n_aux = 4320, l_buffer = 1800, lc = 1212, thresh = 0.003, max_iter = 100
Iter 1: V_size = 240, Converged = 0, ‖r‖ (largest λ) = 0.032488483234252935
Iter 2: V_size = 480, Converged = 0, ‖r‖ (largest λ) = 0.005894022566926656
Iter 3: V_size = 960, Converged = 0, ‖r‖ (largest λ) = 0.0006631194141480979
Iter 4: V_size = 1920, Converged = 0, ‖r‖ (largest λ) = 3.7134725888781206e-5
Iter 5: V_size = 3710, Converged = 10, ‖r‖ (largest λ) = 1.9791358956528203e-6
Iter 6: V_size = 3562, Converged = 19, ‖r‖ (largest λ) = 5.935506079909337e-6
Iter 7: V_size = 3562, Converged = 19, ‖r‖ (largest λ) = 8.288820578675107e-6
Iter 8: V_size = 3410, Converged = 95, ‖r‖ (largest λ) = 3.261749837839128e-6
Iter 9: V_size = 2324, Converged = 638, ‖r‖ (largest λ) = 2.2957256912670975e-6
Hybrid Davidson-JD corrections at iteration 10
Total MINRES iterations: 8456
Iter 10: V_size = 3486, Converged = 638, ‖r‖ (largest λ) = 2.2601957531369416e-6
Hybrid Davidson-JD corrections at iteration 11
Total MINRES iterations: 1475
Iter 11: V_size = 2324, Converged = 638, ‖r‖ (largest λ) = 3.5008644728994885e-6
Converged all required eigenvalues.
43727.887160 seconds (540.77 M allocations: 32.710 TiB, 1.53% gc time, 0.07% compilation time)
Number of FLOPs: 112901999750963

Reading exact Eigenvalues...
Reading eigenvalues from ../../Eigenvalues_folder/eigenres_formaldehyde_RNDbasis1.jld2

Compute the difference between computed and exact eigenvalues:
1×1200 adjoint(::Vector{Float64}) with eltype Float64:
 -3.55271e-15  1.77636e-14  -7.10543e-15  7.10543e-15  1.77636e-15  -7.10543e-15  5.32907e-15  -2.13163e-14  0.0  -5.32907e-15  -2.66454e-15  1.77636e-15  3.55271e-15  1.77636e-15  -1.77636e-15  -8.88178e-16  2.66454e-15  2.66454e-15  0.0  -1.77636e-15  1.77636e-15  0.0  3.55271e-15  -4.44089e-15  -8.88178e-16  -2.66454e-15  8.88178e-16  -8.88178e-16  -1.33227e-15  2.66454e-15  -3.9968e-15  3.10862e-15  1.77636e-15  0.0  4.44089e-15  4.44089e-16  8.88178e-16  3.55271e-15  1.77636e-15  2.66454e-15  -2.22045e-15  -4.44089e-16  -8.88178e-16  -3.55271e-15  3.10862e-15  -1.77636e-15  2.22045e-15  2.66454e-15  -1.33227e-15  0.0  -3.10862e-15  4.44089e-16  8.88178e-16  1.77636e-15  0.0  -4.44089e-16  8.88178e-16  8.88178e-16  -2.22045e-15  2.22045e-15  -6.66134e-16  6.66134e-16  1.9984e-15  2.22045e-16  4.44089e-16  -4.44089e-16  2.22045e-16  1.33227e-15  -8.88178e-16  4.44089e-16  1.55431e-15  2.22045e-15  2.44249e-15  7.32747e-15  -8.43769e-15  -7.54952e-15  -4.44089e-15  -6.21725e-15  5.32907e-15  -2.44249e-15  -3.77476e-15  -7.99361e-15  1.9984e-15  1.9984e-15  3.33067e-15  2.66454e-15  1.77636e-15  -2.44249e-15  6.66134e-16  -3.10862e-15  -3.55271e-15  -1.33227e-15  -1.11022e-15  -1.55431e-15  1.11022e-15  -2.44249e-15  -3.33067e-15  -3.55271e-15  -2.66454e-15  8.88178e-16  1.55431e-15  8.88178e-16  -3.10862e-15  -6.66134e-16  6.66134e-16  -2.66454e-15  -8.88178e-16  6.66134e-16  0.0  -3.55271e-15  -1.11022e-15  -4.21885e-15  -3.33067e-15  3.9968e-15  -3.10862e-15  -8.88178e-16  8.88178e-16  -2.88658e-15  3.33067e-15  1.55431e-15  -1.9984e-15  1.77636e-15  9.99201e-16  4.44089e-15  -6.66134e-16  -3.33067e-15  -7.1233e-12  -2.06926e-11  -1.85225e-11  -2.41811e-11  -4.07137e-11  -4.76947e-11  -9.73402e-11  -1.89655e-10  -7.61957e-11  -1.1008e-10  -2.97627e-10  -2.72755e-10  -1.14779e-10  -2.57673e-10  -3.38707e-10  -2.55977e-10  -2.6781e-10  -2.53006e-10  -3.22013e-10  -3.65911e-10  -3.54355e-10  -7.48346e-10  -4.80603e-10  -5.10793e-10  -4.13923e-10  -8.92607e-10  -6.72402e-10  -5.67553e-10  -5.26172e-10  -1.38988e-9  -8.31862e-10  -1.43782e-9  -1.21854e-9  -1.09909e-9  -1.21663e-9  -1.69899e-9  -2.00164e-9  -3.19197e-9  -2.3031e-9  -1.97575e-9  -1.38217e-9  -2.10994e-9  -3.25267e-9  -1.88669e-9  -1.53739e-9  -2.24405e-9  -3.0317e-9  -3.87765e-9  -2.29255e-9  -4.60988e-9  -4.17185e-9  -4.93226e-9  -3.53162e-9  -3.04671e-9  -5.13517e-9  -4.62047e-9  -6.48952e-9  -4.60446e-9  -4.45776e-9  -4.22454e-9  -4.587e-9  -4.2763e-9  -5.58738e-9  -4.60641e-9  -5.64912e-9  -7.42517e-9  -5.26378e-9  -5.78206e-9  -8.46927e-9  -5.84483e-9  -6.12761e-9  -5.66349e-9  -7.97458e-9  -7.51483e-9  -5.69011e-9  -6.83725e-9  -7.41833e-9  -9.57905e-9  -6.97924e-9  -8.17847e-9  -1.41814e-8  -1.19181e-8  -9.17071e-9  -1.39013e-8  -8.83865e-9  -1.18143e-8  -1.29555e-8  -8.20006e-9  -1.05987e-8  -1.48853e-8  -1.28587e-8  -9.44965e-9  -9.30534e-9  -1.23311e-8  -1.24612e-8  -9.40819e-9  -9.55227e-9  -1.08233e-8  -9.80558e-9  -1.48678e-8  -1.16644e-8  -1.11423e-8  -9.84007e-9  -1.4325e-8  -1.42637e-8  -1.08621e-8  -1.4105e-8  -1.39982e-8  -1.71733e-8  -1.58795e-8  -1.40188e-8  -1.71863e-8  -1.4764e-8  -1.61584e-8  -2.41172e-8  -1.8134e-8  -1.98458e-8  -1.74535e-8  -2.96388e-8  -2.23334e-8  -1.93217e-8  -2.27151e-8  -1.60696e-8  -2.30109e-8  -1.77628e-8  -1.80698e-8  -2.72208e-8  -2.44991e-8  -2.76959e-8  -3.3739e-8  -2.14619e-8  -3.03816e-8  -3.58428e-8  -3.08002e-8  -3.33058e-8  -3.58326e-8  -2.66546e-8  -3.14512e-8  -3.97522e-8  -3.73268e-8  -2.985e-8  -4.20463e-8  -4.06935e-8  -3.4389e-8  -3.42217e-8  -3.75251e-8  -3.89089e-8  -4.29602e-8  -3.10572e-8  -4.51813e-8  -4.11967e-8  -3.23691e-8  -3.26919e-8  -7.01049e-8  -5.40929e-8  -4.71563e-8  -6.08512e-8  -3.92693e-8  -4.79924e-8  -5.26858e-8  -4.80437e-8  -5.65057e-8  -5.87049e-8  -5.2987e-8  -6.68673e-8  -8.60258e-8  -5.06747e-8  -7.01285e-8  -4.07573e-8  -5.16727e-8  -7.41071e-8  -6.35984e-8  -5.45741e-8  -5.69943e-8  -6.84839e-8  -8.78266e-8  -9.32782e-8  -6.85021e-8  -5.89943e-8  -6.46265e-8  -7.63972e-8  -6.2604e-8  -6.81116e-8  -7.6384e-8  -7.63033e-8  -6.52814e-8  -5.10474e-8  -8.31961e-8  -1.0022e-7  -8.51042e-8  -1.18098e-7  -1.01209e-7  -1.39619e-7  -1.10112e-7  -1.32638e-7  -1.11695e-7  -1.02867e-7  -1.00776e-7  -1.17157e-7  -1.09355e-7  -1.05104e-7  -1.04594e-7  -1.57161e-7  -1.15051e-7  -1.37222e-7  -1.20971e-7  -1.24187e-7  -1.63318e-7  -1.38329e-7  -1.97317e-7  -1.27891e-7  -1.54844e-7  -1.51127e-7  -1.33529e-7  -1.71962e-7  -2.16552e-7  -1.24878e-7  -2.39063e-7  -1.86346e-7  -2.05494e-7  -1.47277e-7  -2.08239e-7  5.19046e-12  -1.61558e-7  -2.39241e-7  -1.9831e-7  -2.22836e-7  -2.42738e-7  -1.37616e-7  -2.63545e-7  -2.72769e-7  -2.49591e-7  -3.12582e-7  -2.37506e-7  -2.63956e-7  7.65721e-13  -2.47148e-7  -2.36941e-7  -2.81397e-7  1.52384e-12  -3.5461e-7  -3.06438e-7  6.4351e-12  4.5135e-12  -3.18659e-7  -4.05784e-7  -2.88447e-7  9.03852e-12  4.3788e-12  3.6087e-12  7.66762e-12  1.14984e-11  5.53846e-12  7.16466e-12  5.81873e-12  7.21762e-12  5.10711e-12  3.57037e-12  2.76043e-12  2.09571e-12  6.49047e-12  6.71171e-12  4.20033e-12  6.77042e-12  5.95085e-12  6.22011e-12  5.55964e-12  5.52508e-12  8.93177e-12  7.394e-12  6.81025e-12  5.22432e-12  5.24294e-12  6.16798e-12  5.78923e-12  9.82109e-12  3.35065e-12  5.62686e-12  6.7796e-12  4.15457e-12  8.76701e-12  7.76601e-12  4.29334e-12  3.42051e-12  3.92611e-12  7.57888e-12  3.97235e-12  5.84846e-12  5.318e-12  1.09815e-11  8.55399e-12  5.55689e-12  4.70349e-12  4.05151e-12  7.87528e-12  8.08584e-12  8.51413e-12  9.04349e-12  1.46471e-11  5.85607e-12  9.65972e-12  7.5438e-12  1.19863e-11  5.3357e-12  8.93544e-12  9.45041e-12  1.16792e-11  6.57363e-12  9.64953e-12  1.04182e-11  6.91752e-12  8.46154e-12  1.29402e-11  6.67028e-12  1.19055e-11  1.51504e-11  1.06433e-11  1.5065e-11  1.74118e-11  1.43703e-11  2.39148e-11  9.46138e-12  1.62819e-11  1.04589e-11  1.1814e-11  2.3163e-11  1.6698e-11  1.58389e-11  1.38681e-11  1.59366e-11  1.68138e-11  1.63821e-11  1.97165e-11  1.01136e-11  1.32466e-11  2.10369e-11  2.62758e-11  1.79552e-11  1.8332e-11  1.97237e-11  2.54398e-11  1.36416e-11  2.55368e-11  1.96964e-11  2.91633e-11  2.64649e-11  1.56408e-11  2.77812e-11  2.92668e-11  2.37071e-11  2.11866e-11  1.85745e-11  1.979e-11  2.14592e-11  1.67604e-11  2.35156e-11  2.90507e-11  1.29557e-11  2.13692e-11  3.3045e-11  2.93374e-11  1.89343e-11  3.14055e-11  1.68215e-11  2.88588e-11  2.6459e-11  2.31854e-11  3.47157e-11  2.65394e-11  3.9768e-11  3.3538e-11  3.13641e-11  1.67933e-11  2.07992e-11  2.8756e-11  3.44566e-11  2.1673e-11  2.70929e-11  1.96042e-11  3.00439e-11  2.55996e-11  3.05601e-11  4.53588e-11  3.28336e-11  3.1869e-11  2.39155e-11  3.31214e-11  1.57628e-11  2.91678e-11  2.66663e-11  3.10203e-11  3.56205e-11  3.64334e-11  4.48606e-11  5.27505e-11  3.37538e-11  3.61619e-11  4.34281e-11  3.36117e-11  3.06836e-11  2.92563e-11  1.93121e-11  3.67108e-11  2.91221e-11  6.75756e-11  4.73579e-11  4.22022e-11  3.50599e-11  4.85143e-11  3.20337e-11  3.32749e-11  3.29703e-11  2.28434e-11  2.60752e-11  2.6438e-11  6.35391e-11  2.5501e-11  5.12708e-11  2.82643e-11  2.47886e-11  2.12159e-11  3.98658e-11  3.74326e-11  2.77688e-11  4.09415e-11  4.50786e-11  3.19956e-11  3.71402e-11  4.65845e-11  2.61679e-11  3.30447e-11  3.87785e-11  3.46458e-11  2.78489e-11  2.55947e-11  3.08797e-11  2.74317e-11  3.66265e-11  2.89237e-11  1.70472e-11  3.39876e-11  3.68015e-11  3.13652e-11  3.67165e-11  2.36461e-11  2.53104e-11  3.83855e-11  2.11449e-11  3.44281e-11  3.8412e-11  2.53231e-11  2.38576e-11  1.96706e-11  3.19659e-11  2.87423e-11  2.04612e-11  5.21475e-11  3.48941e-11  2.58523e-11  2.15296e-11  9.75986e-12  3.5263e-11  4.46498e-11  4.56127e-11  8.94028e-12  2.04376e-11  3.38386e-11  2.29361e-11  2.34037e-11  1.14453e-11  1.44736e-11  3.22544e-11  3.30994e-11  1.65582e-11  1.64822e-11  7.23029e-12  1.55221e-11  2.90662e-11  2.2871e-11  5.74772e-12  1.03975e-11  1.57388e-11  1.92268e-12  1.78262e-11  1.83926e-11  1.77607e-11  2.07365e-11  2.30039e-11  4.20112e-11  2.62049e-11  6.9148e-12  5.10865e-12  1.26428e-11  1.3368e-11  -3.13632e-12  -9.32074e-12  9.1816e-12  1.2664e-11  1.81229e-11  2.98715e-12  1.90969e-11  -1.96047e-11  9.01844e-12  1.78242e-11  3.74054e-12  1.96389e-11  -8.2722e-12  5.6373e-12  -1.36074e-11  1.32558e-12  5.32593e-12  -1.71874e-11  1.79376e-12  -3.27139e-11  -2.50905e-11  1.42884e-11  -7.02172e-12  -2.5309e-11  -3.95925e-11  5.52793e-12  -1.80437e-11  -2.33661e-11  -2.6956e-11  -2.98633e-11  -4.10179e-11  -2.74449e-11  -2.37494e-11  -1.7463e-11  -2.28552e-11  -5.37607e-11  -2.19234e-11  -2.20126e-11  -3.35465e-11  -2.12856e-11  -2.12622e-11  -4.60083e-11  1.08491e-11  -3.09022e-11  -2.59861e-11  -3.6501e-11  -5.55494e-11  -5.0206e-11  -5.23646e-11  -7.85469e-11  -7.56596e-11  -6.35314e-11  -5.2058e-11  -5.64394e-11  -5.05394e-11  -8.46252e-11  -9.90889e-11  -7.60817e-11  -6.2044e-11  -8.19162e-11  -8.2097e-11  -7.51104e-11  -8.1399e-11  -8.7656e-11  -1.13469e-10  -7.34503e-11  -2.93775e-11  -7.6756e-11  -7.86641e-11  -9.04516e-11  -1.0932e-10  -1.2261e-10  -8.1595e-11  -8.14357e-11  -9.96193e-11  -1.16209e-10  -9.36839e-11  -1.05733e-10  -9.7044e-11  -1.36194e-10  -1.24253e-10  -8.13633e-11  -1.04615e-10  -1.2946e-10  -1.36439e-10  -1.32454e-10  -1.48405e-10  -1.40904e-10  -1.53618e-10  -1.24728e-10  -1.42441e-10  -2.06553e-10  -1.70884e-10  -9.46528e-11  -1.50813e-10  -2.15227e-10  -1.716e-10  -1.56684e-10  -2.54281e-10  -2.15205e-10  -1.81381e-10  -2.25579e-10  -1.88495e-10  -1.71659e-10  -2.45348e-10  -2.04822e-10  -1.92838e-10  -1.28494e-10  -2.04546e-10  -1.60882e-10  -2.10786e-10  -1.65422e-10  -2.07155e-10  -2.17953e-10  -1.93637e-10  -2.55745e-10  -1.85007e-10  -2.30905e-10  -2.78274e-10  -2.41229e-10  -3.34584e-10  -3.08656e-10  -3.49303e-10  -2.7859e-10  -3.38339e-10  -2.93584e-10  -2.98226e-10  -2.87667e-10  -3.09683e-10  -3.09345e-10  -3.38456e-10  -2.99927e-10  -3.80582e-10  -2.97061e-10  -3.00968e-10  -2.95968e-10  -3.32883e-10  -4.25976e-10  -3.62356e-10  -3.15626e-10  -2.86554e-10  -3.92493e-10  -3.53279e-10  -3.76801e-10  -5.10696e-10  -3.28769e-10  -3.94351e-10  -3.45735e-10  -3.49258e-10  -4.42011e-10  -4.83254e-10  -4.06634e-10  -3.73496e-10  -5.88708e-10  -4.56207e-10  -4.66466e-10  -6.2378e-10  -6.45215e-10  -5.97699e-10  -5.60991e-10  -6.13928e-10  -6.25679e-10  -5.98569e-10  -6.0161e-10  -3.78506e-10  -6.80435e-10  -5.92355e-10  -5.99617e-10  -6.46979e-10  -7.31762e-10  -5.94195e-10  -8.87418e-10  -5.58197e-10  -7.16889e-10  -6.60842e-10  -7.69269e-10  -5.41291e-10  -8.47097e-10  -6.90921e-10  -7.72318e-10  -9.93123e-10  -6.32981e-10  -7.71744e-10  -7.64805e-10  -8.18946e-10  -7.12852e-10  -8.95889e-10  -9.22441e-10  -8.59026e-10  -9.41176e-10  -6.54483e-10  -1.13844e-9  -9.48348e-10  -9.36125e-10  -1.24471e-9  -1.23633e-9  -1.02116e-9  -8.91018e-10  -1.06519e-9  -9.1045e-10  -1.11895e-9  -9.85033e-10  -1.4452e-9  -1.07756e-9  -1.38558e-9  -1.36125e-9  -1.35915e-9  -1.12336e-9  -1.23289e-9  -1.17745e-9  -1.49529e-9  -8.00901e-10  -1.14847e-9  -1.12278e-9  -1.34816e-9  -1.30756e-9  -1.47444e-9  -1.12367e-9  -1.49844e-9  -1.51389e-9  -1.7182e-9  -1.6914e-9  -1.82641e-9  -1.35791e-9  -1.54091e-9  -1.95899e-9  -1.79307e-9  -1.78326e-9  -2.20804e-9  -1.77593e-9  -2.08506e-9  -2.11423e-9  -2.48415e-9  -1.89943e-9  -2.18141e-9  -2.45625e-9  -2.01595e-9  -2.37409e-9  -2.04173e-9  -2.03567e-9  -1.83824e-9  -2.69435e-9  -2.03167e-9  -2.48704e-9  -2.30413e-9  -2.16626e-9  -2.2273e-9  -2.0651e-9  -1.85525e-9  -2.02427e-9  -2.61422e-9  -2.5876e-9  -2.84285e-9  -3.00822e-9  -3.2261e-9  -2.97451e-9  -2.64532e-9  -3.20886e-9  -3.19228e-9  -2.99785e-9  -2.95411e-9  -3.21173e-9  -3.2579e-9  -3.71604e-9  -3.25413e-9  -2.97069e-9  -3.42506e-9  -3.57467e-9  -4.0375e-9  -4.09186e-9  -3.49871e-9  -4.21413e-9  -4.78873e-9  -3.72923e-9  -4.52257e-9  -4.03433e-9  -4.51669e-9  -4.2396e-9  -4.96664e-9  -4.79134e-9  -4.17447e-9  -4.51295e-9  -4.5463e-9  -3.71213e-9  -4.86023e-9  -5.37038e-9  -5.78961e-9  -6.37779e-9  -5.28666e-9  -5.17355e-9  -5.68429e-9  -5.72326e-9  -6.0039e-9  -7.15936e-9  -9.67196e-9  -6.7714e-9  -9.42414e-9  -8.11393e-9  -1.02405e-8  -7.66743e-9  -1.17464e-8  -1.26099e-5  -8.81766e-9  -1.25853e-5  -1.28043e-5  -4.25769e-10  -1.44243e-8  -1.32527e-5  -1.27582e-8  -1.39299e-5  -1.25488e-5  -1.41555e-5  -1.37076e-5  -7.29023e-9  -8.54485e-9  -1.22901e-6  -1.14925e-5  -4.4657e-9  -1.2978e-8  -1.23831e-5  -1.34228e-5  -6.00977e-9  -1.33601e-5  2.08701e-8  -6.38757e-6  -5.82834e-6  -1.20102e-8  -1.265e-8  -4.89271e-9  -1.23013e-5  -1.3622e-5  -1.54702e-9  -1.1184e-5  -3.35879e-6  -1.43411e-5  -1.33459e-5  -1.30572e-5  -1.3278e-5  -1.36092e-5  1.25057e-8  -1.4004e-5  -1.41591e-5  -1.34325e-5  -1.36649e-5  -1.31071e-5  -1.38265e-5  -1.37705e-5  -1.39872e-5  -1.38425e-5  -1.32737e-5  -1.28905e-5  -1.35191e-5  -1.31772e-5  -1.37296e-5  -1.44153e-5  -1.2999e-5  -1.28776e-5  -1.33877e-5  -1.40197e-5  -1.37099e-5  -1.37127e-5  -1.41084e-5  -1.33911e-5  -1.32941e-5  -1.43693e-5  -1.32706e-5  -1.29757e-5  -1.32037e-5  -1.41751e-5  -1.42099e-5  -1.31581e-5  -1.32269e-5  -1.35982e-5  -1.27881e-5  -1.41329e-5  -1.44737e-5  -1.47676e-5  -1.35477e-5  -1.41721e-5  -1.28913e-5  -1.47573e-5  -1.32355e-5  -1.42446e-5  -1.32654e-5  -1.32618e-5  -1.42673e-5  -1.49601e-5  -1.36157e-5  -1.3649e-5  -1.27887e-5  -1.44276e-5  -1.369e-5  -1.38841e-5  -1.39846e-5  -1.35185e-5  -1.27981e-5  -1.24219e-5  -1.2663e-5  -1.26525e-5  -1.30981e-5  -1.31109e-5  -1.32222e-5  -1.2864e-5  -1.30217e-5  -1.32387e-5  -1.42158e-5  -1.31967e-5  -1.353e-5  -1.25502e-5  -1.41095e-5  -1.42348e-5  -1.39908e-5  -1.36528e-5  -1.37661e-5  -1.32609e-5  -1.24979e-5  -1.30216e-5  -1.38767e-5  -1.30153e-5  -1.33987e-5  -1.32932e-5  -1.42309e-5  -1.28956e-5  -1.34764e-5  -1.37184e-5  -1.25152e-5  -1.23931e-5  -1.33981e-5  -1.50607e-5  -1.22053e-5  -1.38126e-5  -1.30499e-5  -1.19759e-5  -1.18364e-5  -1.25464e-5  -1.46878e-5  -1.3046e-5  -1.24005e-5  -1.28997e-5  -1.38287e-5  -1.29096e-5  -1.30619e-5  -1.3116e-5  -1.24967e-5  -1.27639e-5  -1.28077e-5  -1.36061e-5  -1.31213e-5  -1.25393e-5  -1.3531e-5  -1.34391e-5  -1.32388e-5  -1.3215e-5  -1.30499e-5  -1.34192e-5  -1.28006e-5  -1.26712e-5  -1.25652e-5  -1.25379e-5  -1.17377e-5  -1.24276e-5  -1.26231e-5  -1.28637e-5  -1.20362e-5  -1.36514e-5  -1.25455e-5  -1.27853e-5  -1.28815e-5  -1.28009e-5  -1.33619e-5  -1.23307e-5  -1.32056e-5  -1.29856e-5  -1.21959e-5  -1.22048e-5  -1.21549e-5  -1.34001e-5  -1.22996e-5  -1.29379e-5  -1.22905e-5  -1.27071e-5  -1.21443e-5  -1.233e-5  -1.31114e-5  -1.19872e-5  -1.35935e-5  -1.31139e-5  -1.1424e-5  -1.21166e-5  -1.1938e-5  -1.33983e-5  -1.3385e-5  -1.26264e-5  -1.26297e-5  -1.30146e-5  -1.21685e-5  -1.23125e-5  -1.2673e-5  -1.24086e-5  -1.14958e-5  -1.25174e-5  -1.15081e-5  -1.18623e-5  -1.22601e-5  -1.24956e-5  -1.21494e-5  -1.18678e-5  -1.18056e-5  -1.20277e-5  -1.20185e-5  -1.27936e-5  -1.1947e-5  -4.07289e-6  -4.2854e-5  -5.29155e-5  -5.20372e-5  -1.26277e-5  -3.58797e-7  -5.06981e-5  -4.82527e-5  -5.10275e-5  -4.91059e-5  -4.97364e-5  -5.13737e-5  -4.06876e-5  -2.27988e-5  -3.43714e-5  -4.78122e-5  -5.15545e-5  -4.79892e-5  -4.93124e-5  -4.62456e-5  -4.90598e-5  -4.84427e-5  -5.0137e-5  -4.76548e-5  -4.99253e-5  -4.75372e-5  -4.84699e-5  -4.84101e-5  -4.84704e-5  -5.02486e-5  -4.48458e-5  -4.48136e-5  -4.62935e-5  -4.88388e-5  -4.80198e-5  -4.62277e-5  -4.73703e-5  -4.57017e-5  -4.58908e-5  -4.76352e-5  -5.00013e-5  -4.77284e-5  -4.67209e-5  -4.81911e-5  -4.67844e-5  -4.7138e-5  -4.40266e-5  -4.75611e-5  -4.77163e-5  -4.79807e-5  -4.74527e-5  -4.51316e-5  -4.79397e-5  -4.64106e-5  -4.90822e-5  -4.73455e-5  -4.41144e-5  -4.91247e-5  -4.574e-5  -4.6112e-5  -4.92709e-5  -4.66235e-5  -4.54602e-5  -4.33051e-5  -4.59289e-5  -4.64369e-5  -4.29682e-5  -4.62298e-5
1200 Eigenvalues converges, out of 1200 requested.
Running with beta = 40
Running with l = 60
Starting Davidson with n_aux = 640, l_buffer = 90, lc = 61, thresh = 0.0015, max_iter = 100
Iter 1: V_size = 32, Converged = 0, ‖r‖ (largest λ) = 0.8656922926223112
Iter 2: V_size = 64, Converged = 0, ‖r‖ (largest λ) = 0.18084421183679666
Iter 3: V_size = 128, Converged = 0, ‖r‖ (largest λ) = 0.060623910912410116
Iter 4: V_size = 218, Converged = 0, ‖r‖ (largest λ) = 0.09164873999488632
Iter 5: V_size = 308, Converged = 0, ‖r‖ (largest λ) = 0.49834366829223853
Iter 6: V_size = 394, Converged = 4, ‖r‖ (largest λ) = 0.11034496814644347
Iter 7: V_size = 480, Converged = 4, ‖r‖ (largest λ) = 0.007484730182962817
Iter 8: V_size = 566, Converged = 4, ‖r‖ (largest λ) = 0.00011806341109952234
Iter 9: V_size = 172, Converged = 4, ‖r‖ (largest λ) = 1.098672578425054e-6
Converged all required eigenvalues.
605.522982 seconds (2.40 M allocations: 164.069 GiB, 0.79% gc time)
Number of FLOPs: 4878703645662

Reading exact Eigenvalues...
Reading eigenvalues from ../../Eigenvalues_folder/eigenres_formaldehyde_RNDbasis1.jld2

Compute the difference between computed and exact eigenvalues:
1×60 adjoint(::Vector{Float64}) with eltype Float64:
 -3.55271e-15  7.10543e-15  0.0  5.32907e-15  1.77636e-15  -5.32907e-15  8.88178e-15  -7.10543e-15  1.77636e-15  7.10543e-15  1.77636e-15  8.88178e-16  8.88178e-16  1.77636e-15  -3.55271e-15  0.0  1.77636e-15  3.55271e-15  1.77636e-15  -4.44089e-15  8.88178e-16  2.66454e-15  2.66454e-15  0.0  -8.88178e-16  8.88178e-16  -4.44089e-16  -1.33227e-15  0.0  4.44089e-16  8.88178e-16  -2.66454e-15  -2.22045e-15  -3.55271e-15  4.44089e-16  -1.77636e-15  8.88178e-16  -1.77636e-15  -8.88178e-16  1.33227e-15  3.10862e-15  -4.44089e-15  4.44089e-16  4.44089e-16  -8.88178e-16  1.33227e-15  -3.55271e-15  0.0  2.22045e-15  1.33227e-15  4.44089e-16  -2.22045e-15  -1.77636e-15  -3.55271e-15  -2.66454e-15  4.44089e-15  4.44089e-16  1.77636e-15  -3.55271e-15  1.11022e-15
60 Eigenvalues converges, out of 60 requested.
Running with l = 300
Starting Davidson with n_aux = 1200, l_buffer = 450, lc = 303, thresh = 0.002, max_iter = 100
Iter 1: V_size = 60, Converged = 0, ‖r‖ (largest λ) = 0.26486861963827185
Iter 2: V_size = 120, Converged = 0, ‖r‖ (largest λ) = 0.06605965136343936
Iter 3: V_size = 240, Converged = 0, ‖r‖ (largest λ) = 0.024614027791462368
Iter 4: V_size = 480, Converged = 0, ‖r‖ (largest λ) = 0.005532686722171159
Iter 5: V_size = 929, Converged = 1, ‖r‖ (largest λ) = 0.0012823894690469453
Iter 6: V_size = 882, Converged = 9, ‖r‖ (largest λ) = 0.006959442605831579
Iter 7: V_size = 882, Converged = 9, ‖r‖ (largest λ) = 0.007446652446262207
Iter 8: V_size = 878, Converged = 11, ‖r‖ (largest λ) = 0.003944300837591246
Iter 9: V_size = 878, Converged = 11, ‖r‖ (largest λ) = 0.002790537558587821
Hybrid Davidson-JD corrections at iteration 10
Total MINRES iterations: 199
Iter 10: V_size = 878, Converged = 11, ‖r‖ (largest λ) = 0.002077002426359225
Hybrid Davidson-JD corrections at iteration 11
Total MINRES iterations: 37
Iter 11: V_size = 1075, Converged = 253, ‖r‖ (largest λ) = 0.0014807677969722983
Hybrid Davidson-JD corrections at iteration 12
Total MINRES iterations: 1015
Iter 12: V_size = 394, Converged = 253, ‖r‖ (largest λ) = 3.463881162372648e-6
Hybrid Davidson-JD corrections at iteration 13
Total MINRES iterations: 64
Iter 13: V_size = 591, Converged = 253, ‖r‖ (largest λ) = 0.0005231071070918759
Hybrid Davidson-JD corrections at iteration 14
Total MINRES iterations: 722
Iter 14: V_size = 788, Converged = 253, ‖r‖ (largest λ) = 0.004345595993103594
Hybrid Davidson-JD corrections at iteration 15
Total MINRES iterations: 450
Iter 15: V_size = 953, Converged = 285, ‖r‖ (largest λ) = 0.007281933039886467
Hybrid Davidson-JD corrections at iteration 16
Total MINRES iterations: 107
Iter 16: V_size = 1118, Converged = 285, ‖r‖ (largest λ) = 0.006602257075313103
Hybrid Davidson-JD corrections at iteration 17
Total MINRES iterations: 382
Iter 17: V_size = 330, Converged = 285, ‖r‖ (largest λ) = 0.006048099359879639
Hybrid Davidson-JD corrections at iteration 18
Total MINRES iterations: 308
Iter 18: V_size = 495, Converged = 285, ‖r‖ (largest λ) = 0.002351241074560362
Hybrid Davidson-JD corrections at iteration 19
Total MINRES iterations: 226
Iter 19: V_size = 660, Converged = 285, ‖r‖ (largest λ) = 0.006367173534252172
Hybrid Davidson-JD corrections at iteration 20
Total MINRES iterations: 130
Iter 20: V_size = 825, Converged = 285, ‖r‖ (largest λ) = 0.003450404791576293
Hybrid Davidson-JD corrections at iteration 21
Total MINRES iterations: 81
Iter 21: V_size = 981, Converged = 294, ‖r‖ (largest λ) = 0.003861993873402816
Hybrid Davidson-JD corrections at iteration 22
Total MINRES iterations: 100
Iter 22: V_size = 1137, Converged = 294, ‖r‖ (largest λ) = 0.0036718075771008463
Hybrid Davidson-JD corrections at iteration 23
Total MINRES iterations: 183
Iter 23: V_size = 312, Converged = 294, ‖r‖ (largest λ) = 0.0021218977167362803
Hybrid Davidson-JD corrections at iteration 24
Total MINRES iterations: 225
Iter 24: V_size = 468, Converged = 294, ‖r‖ (largest λ) = 0.001350217475462505
Converged all required eigenvalues.
10228.416938 seconds (106.43 M allocations: 5.668 TiB, 0.90% gc time)
Number of FLOPs: 49682476666673

Reading exact Eigenvalues...
Reading eigenvalues from ../../Eigenvalues_folder/eigenres_formaldehyde_RNDbasis1.jld2

Compute the difference between computed and exact eigenvalues:
1×300 adjoint(::Vector{Float64}) with eltype Float64:
 7.10543e-15  -3.55271e-15  7.10543e-15  3.55271e-15  -8.88178e-15  0.0  5.32907e-15  -1.59872e-14  0.0  0.0  -4.44089e-15  -8.88178e-16  8.88178e-16  8.88178e-16  -1.77636e-15  0.0  8.88178e-16  2.66454e-15  3.55271e-15  -1.77636e-15  8.88178e-16  8.88178e-16  8.88178e-16  -3.55271e-15  -2.66454e-15  -1.77636e-15  3.10862e-15  -1.33227e-15  -8.88178e-16  1.33227e-15  0.0  -8.88178e-16  -1.77636e-15  1.33227e-15  1.77636e-15  4.44089e-16  -4.44089e-16  0.0  1.77636e-15  4.44089e-16  0.0  -1.33227e-15  0.0  0.0  -8.88178e-16  -8.88178e-16  8.88178e-16  4.44089e-16  8.88178e-16  0.0  -1.77636e-15  8.88178e-16  4.44089e-16  1.77636e-15  0.0  2.22045e-15  8.88178e-16  8.88178e-16  1.33227e-15  1.11022e-15  1.77636e-15  8.88178e-16  -1.11022e-15  2.22045e-16  2.22045e-16  -6.66134e-16  1.9984e-15  0.0  -4.44089e-16  2.22045e-16  0.0  -2.22045e-16  -1.55431e-15  -2.22045e-16  -2.88658e-15  -4.44089e-16  8.88178e-16  -1.11022e-15  -4.44089e-16  1.33227e-15  0.0  -4.44089e-16  1.55431e-15  4.44089e-16  2.22045e-15  0.0  1.33227e-15  0.0  -1.33227e-15  1.11022e-15  0.0  -6.66134e-16  -2.22045e-15  1.11022e-15  1.11022e-15  2.22045e-16  -2.22045e-16  4.44089e-16  -6.66134e-16  8.88178e-16  2.88658e-15  1.33227e-15  -2.22045e-15  -8.88178e-16  1.55431e-15  -1.11022e-15  0.0  2.88658e-15  -8.88178e-16  1.11022e-15  -1.11022e-15  -2.22045e-16  2.66454e-15  0.0  2.22045e-16  1.77636e-15  0.0  2.22045e-16  -1.9984e-15  -2.22045e-16  4.44089e-16  -4.44089e-16  -2.22045e-15  1.88738e-15  -3.66374e-15  3.33067e-16  -3.33067e-16  -3.44169e-15  -1.88738e-15  -5.10703e-15  -3.44169e-15  -5.77316e-15  -1.29896e-14  -1.5099e-14  -2.08722e-14  -1.4877e-14  -1.78746e-14  -2.22045e-14  -2.38698e-14  -1.45439e-14  -1.55431e-14  -2.80886e-14  -3.95239e-14  -2.26485e-14  -2.52021e-14  -6.09512e-14  -5.55112e-14  -7.69385e-14  -3.29736e-14  -7.01661e-14  -7.81597e-14  -4.11893e-14  -9.13714e-14  -1.06248e-13  -1.25455e-13  -2.29261e-13  -2.54019e-13  -2.11942e-13  -4.39426e-13  -2.4547e-13  -6.67244e-13  -6.88782e-13  -7.43072e-13  -3.57159e-13  -4.12337e-13  -6.97331e-13  -5.55778e-13  -7.06102e-13  -1.42963e-12  -1.34537e-12  -1.03006e-12  -1.52056e-12  -9.79661e-13  -2.46569e-12  -1.88938e-12  -2.99383e-12  -3.13782e-12  -3.45057e-12  -1.99141e-12  -2.62546e-12  -3.0681e-12  -3.28093e-12  -6.46072e-12  -7.28151e-12  -8.40428e-12  -7.56462e-12  -7.1394e-12  -1.1748e-11  -1.35429e-11  -8.67406e-12  -1.1689e-11  -5.98321e-12  -1.23854e-11  -8.89822e-12  -1.47449e-11  -1.88061e-11  -1.13002e-11  -1.79902e-11  -1.02434e-11  -1.99104e-11  -1.36049e-11  -1.75794e-11  -2.5052e-11  -2.18807e-11  -1.95129e-11  -2.60652e-11  -5.41417e-11  -5.06082e-11  -2.98147e-11  -4.91788e-11  -6.14948e-11  -3.81168e-11  -3.36099e-11  -7.13756e-11  -7.88182e-11  -6.47999e-11  -1.00266e-10  -7.12958e-11  -7.35284e-11  -6.54681e-11  -9.3002e-11  -1.18592e-10  -8.20098e-11  -9.80907e-11  -1.08909e-10  -1.69069e-10  -1.24932e-10  -1.6431e-10  -1.40918e-10  -1.9015e-10  -1.99146e-10  -2.34857e-10  -1.85313e-10  -2.8705e-10  -3.13054e-10  -2.75514e-10  -5.42304e-10  -4.17261e-10  -3.6233e-10  -4.47021e-10  -6.44112e-10  -7.17862e-10  -8.36192e-10  -6.73632e-10  -4.56053e-10  -8.92413e-10  -1.25322e-9  -8.8923e-10  -1.44956e-9  -1.28987e-9  -8.16014e-15  -1.28392e-9  -1.68753e-9  -1.28786e-14  -1.63632e-9  5.55112e-16  -1.11022e-16  -6.10623e-16  -4.996e-16  -6.66134e-16  -9.99201e-16  1.9984e-15  -5.55112e-17  -3.88578e-16  0.0  1.11022e-16  5.55112e-17  -2.05391e-15  -3.33067e-16  -1.66533e-16  -6.66134e-16  -2.55351e-15  -1.88738e-15  -1.27676e-15  -3.60822e-15  -3.44169e-15  -3.27516e-15  6.10623e-16  -5.4956e-15  0.0  4.996e-16  5.55112e-17  1.11022e-16  9.99201e-16  1.11022e-16  -1.97953e-13  -5.65104e-14  -5.35405e-13  -1.08152e-12  -1.37779e-13  -5.36682e-13  -3.03008e-12  -4.84668e-13  4.44089e-16  -7.02166e-12  2.72005e-15  9.4369e-16  2.22045e-15  8.32667e-16  1.38778e-15
300 Eigenvalues converges, out of 300 requested.
Running with l = 600
Starting Davidson with n_aux = 2400, l_buffer = 900, lc = 606, thresh = 0.0025, max_iter = 100
Iter 1: V_size = 120, Converged = 0, ‖r‖ (largest λ) = 0.10358086508213564
Iter 2: V_size = 240, Converged = 0, ‖r‖ (largest λ) = 0.025588054618247306
Iter 3: V_size = 480, Converged = 0, ‖r‖ (largest λ) = 0.005422886881735896
Iter 4: V_size = 960, Converged = 0, ‖r‖ (largest λ) = 0.0006278081963591829
Iter 5: V_size = 1857, Converged = 3, ‖r‖ (largest λ) = 7.638828250977523e-5
Iter 6: V_size = 1794, Converged = 3, ‖r‖ (largest λ) = 0.000309542107819557
Iter 7: V_size = 1794, Converged = 3, ‖r‖ (largest λ) = 0.000432750921079079
Iter 8: V_size = 1794, Converged = 3, ‖r‖ (largest λ) = 0.00019612600253548308
Iter 9: V_size = 1302, Converged = 249, ‖r‖ (largest λ) = 0.0001402100988637185
Hybrid Davidson-JD corrections at iteration 10
Total MINRES iterations: 835
Iter 10: V_size = 1953, Converged = 249, ‖r‖ (largest λ) = 0.00011264657211560328
Hybrid Davidson-JD corrections at iteration 11
Total MINRES iterations: 4000
Iter 11: V_size = 1302, Converged = 249, ‖r‖ (largest λ) = 9.964535833436079e-5
Converged all required eigenvalues.
10723.258431 seconds (137.70 M allocations: 8.583 TiB, 1.20% gc time)
Number of FLOPs: 51788719785990

Reading exact Eigenvalues...
Reading eigenvalues from ../../Eigenvalues_folder/eigenres_formaldehyde_RNDbasis1.jld2

Compute the difference between computed and exact eigenvalues:
1×600 adjoint(::Vector{Float64}) with eltype Float64:
 -1.06581e-14  0.0  2.84217e-14  1.77636e-15  -1.77636e-15  0.0  5.32907e-15  -1.24345e-14  0.0  5.32907e-15  -8.88178e-16  -8.88178e-16  8.88178e-16  0.0  0.0  1.77636e-15  8.88178e-16  8.88178e-16  1.77636e-15  -8.88178e-16  3.55271e-15  0.0  -2.66454e-15  -1.77636e-15  4.44089e-15  -3.55271e-15  0.0  1.77636e-15  0.0  1.33227e-15  -1.33227e-15  0.0  3.55271e-15  2.22045e-15  -1.33227e-15  4.44089e-16  4.88498e-15  3.9968e-15  3.10862e-15  8.88178e-16  2.22045e-15  8.88178e-16  -5.77316e-15  8.88178e-16  1.33227e-15  -1.33227e-15  0.0  -4.44089e-15  0.0  -2.22045e-15  -4.44089e-16  -1.33227e-15  4.44089e-16  1.33227e-15  -5.32907e-15  -4.44089e-15  -4.44089e-16  -2.66454e-15  -2.66454e-15  1.77636e-15  -5.10703e-15  2.44249e-15  1.9984e-15  1.9984e-15  5.77316e-15  6.66134e-16  2.88658e-15  6.66134e-16  -1.9984e-15  1.77636e-15  -3.9968e-15  1.77636e-15  -3.55271e-15  -3.77476e-15  2.22045e-15  -4.44089e-15  7.10543e-15  5.10703e-15  -1.77636e-15  -4.44089e-16  -3.10862e-15  -2.66454e-15  3.55271e-15  1.33227e-15  1.11022e-15  5.10703e-15  5.55112e-15  4.21885e-15  -7.99361e-15  4.88498e-15  -7.77156e-15  -8.88178e-16  -4.44089e-16  -2.44249e-15  8.43769e-15  -4.44089e-16  6.43929e-15  4.44089e-15  3.10862e-15  7.99361e-15  3.33067e-15  4.88498e-15  4.66294e-15  -5.10703e-15  -9.32587e-15  -4.21885e-15  -5.55112e-15  -9.32587e-15  6.66134e-16  5.77316e-15  8.88178e-16  -2.66454e-15  -9.76996e-15  -6.21725e-15  -1.11022e-15  -1.13243e-14  -1.02141e-14  5.77316e-15  -9.99201e-15  -1.08802e-14  -2.34257e-13  -5.10703e-14  -4.9194e-13  -2.28706e-13  -1.1614e-12  -1.20104e-12  -1.12682e-10  -1.99314e-10  -2.80519e-10  -2.80353e-10  -2.72364e-10  -2.71917e-10  -2.54376e-10  -6.92526e-10  -3.40319e-10  -4.74479e-10  -7.07516e-10  -1.22141e-9  -1.03609e-9  -6.95477e-10  -6.59421e-10  -9.3878e-10  -7.84542e-10  -1.90058e-9  -6.99386e-10  -1.01592e-9  -1.83343e-9  -2.30301e-9  -1.10728e-9  -1.25289e-9  -2.46382e-9  -2.42548e-9  -1.31176e-9  -2.42021e-9  -3.23178e-9  -3.61816e-9  -4.53212e-9  -4.12461e-9  -4.43288e-9  -8.31373e-9  -7.56675e-9  -7.36178e-9  -7.74814e-9  -8.43879e-9  -8.82275e-9  -7.38049e-9  -1.01994e-8  -1.26983e-8  -1.1293e-8  -9.70188e-9  -1.21636e-8  -6.0104e-9  -1.34334e-8  -2.0499e-8  -1.50431e-8  -2.2948e-8  -2.78896e-8  -2.18015e-8  -2.03655e-8  -1.96583e-8  -2.67922e-8  -3.05514e-8  -3.08249e-8  -2.08898e-8  -3.72765e-8  -2.755e-8  -2.72901e-8  -3.73836e-8  -2.51927e-8  -2.54578e-8  -4.61653e-8  -2.96695e-8  -3.22455e-8  -2.45094e-8  -4.78168e-8  -3.99675e-8  -4.84683e-8  -4.1491e-8  -5.08993e-8  -7.25852e-8  -3.80678e-8  -4.3289e-8  -4.5521e-8  -5.38288e-8  -4.92564e-8  -5.80889e-8  -8.04841e-8  -8.42254e-8  -6.87905e-8  -6.12907e-8  -1.10048e-7  -8.34618e-8  -8.62471e-8  -9.6895e-8  -6.08742e-8  -7.85559e-8  -6.11336e-8  -8.63366e-8  -7.65742e-8  -9.57934e-8  -9.17331e-8  -1.07821e-7  -9.67851e-8  -7.36956e-8  -1.36328e-7  -8.76073e-8  -1.42861e-7  -1.32297e-7  -1.6731e-7  -9.08281e-8  -1.28375e-7  -1.57613e-7  -1.30722e-7  -1.32371e-7  -1.61578e-7  -1.98096e-7  -2.33348e-7  -1.50232e-7  -2.16059e-7  -1.81502e-7  -2.42499e-7  -2.31184e-7  -2.03941e-7  -1.94444e-7  -2.5231e-7  1.14914e-12  8.86735e-13  7.61058e-13  3.47999e-13  5.6416e-13  -2.05869e-7  -1.52005e-7  -2.37745e-7  -2.50264e-7  5.99848e-12  2.18864e-12  2.89074e-12  2.54607e-12  4.96214e-13  5.83089e-13  6.70963e-13  6.72074e-13  7.94642e-13  1.20703e-12  5.4512e-13  9.78051e-13  9.64895e-13  1.69942e-12  6.86728e-13  4.48475e-13  8.36053e-13  1.39305e-12  1.37101e-12  1.45456e-12  2.71677e-12  9.62563e-13  1.50902e-12  1.19826e-12  1.29347e-12  1.62115e-12  1.77541e-12  1.13404e-12  1.64202e-12  1.12632e-12  1.13287e-12  2.93204e-12  1.14275e-12  1.38639e-12  1.50246e-12  1.13315e-12  1.54898e-12  1.7133e-12  1.4625e-12  1.20226e-12  1.31334e-12  1.35331e-12  9.79994e-13  9.00224e-13  1.69015e-12  1.71757e-12  2.35428e-12  1.89881e-12  2.83185e-12  1.81055e-12  2.33186e-12  4.20119e-12  1.78113e-12  2.77478e-12  3.13832e-12  1.90009e-12  2.68802e-12  4.95876e-12  4.15423e-12  1.83126e-12  2.83662e-12  2.0185e-12  2.54963e-12  2.2638e-12  3.46861e-12  1.32594e-12  5.40945e-12  5.34967e-12  3.78825e-12  2.16133e-12  3.51147e-12  2.93304e-12  2.70423e-12  4.07741e-12  4.63835e-12  3.6573e-12  4.05972e-12  2.38826e-12  6.01902e-12  4.32676e-12  4.8653e-12  4.11968e-12  4.03799e-12  3.40558e-12  3.87218e-12  7.48282e-12  4.70118e-12  4.62236e-12  3.9424e-12  3.01109e-12  1.47218e-11  6.0921e-12  8.72294e-12  1.26313e-11  5.38772e-12  1.35525e-11  5.50612e-12  1.18051e-11  9.63668e-12  7.24754e-12  9.30736e-12  9.50048e-12  6.44115e-12  5.72947e-12  1.34111e-11  8.63642e-12  2.15531e-11  1.95116e-11  1.07239e-11  1.13501e-11  9.05886e-12  2.28033e-11  2.1552e-11  1.22513e-11  1.57882e-11  2.12317e-11  1.0611e-11  1.24995e-11  1.92269e-11  1.66244e-11  1.02471e-11  1.03957e-11  1.53486e-11  1.7301e-11  3.05923e-11  2.02246e-11  2.83578e-11  1.05526e-11  1.47546e-11  2.65197e-11  1.9145e-11  1.41893e-11  1.30748e-11  2.71995e-11  2.26264e-11  3.276e-11  2.64827e-11  4.14855e-11  1.7838e-11  5.31334e-11  2.30506e-11  3.66608e-11  4.01587e-11  3.04971e-11  3.4836e-11  7.21087e-11  4.28692e-11  4.62472e-11  4.84258e-11  3.00182e-11  2.72091e-11  5.69935e-11  3.9795e-11  5.49858e-11  4.11001e-11  4.48783e-11  7.9661e-11  6.89366e-11  5.1608e-11  5.888e-11  3.1667e-11  7.56452e-11  5.67595e-11  4.83045e-11  5.33072e-11  7.55007e-11  1.17924e-10  8.4788e-11  6.13704e-11  5.88765e-11  6.50065e-11  8.75435e-11  3.84107e-11  9.57504e-11  1.68811e-10  4.65637e-11  9.9534e-11  1.05738e-10  1.27575e-10  7.31514e-11  7.87498e-11  5.48378e-11  8.99371e-11  6.4946e-11  8.6278e-11  8.00022e-11  1.25368e-10  8.13823e-11  7.947e-11  6.57315e-11  1.35406e-10  7.90606e-11  1.00212e-10  1.33096e-10  6.3121e-11  7.89784e-11  8.33991e-11  8.8192e-11  8.04234e-11  1.00958e-10  1.00549e-10  1.26226e-10  1.32224e-10  1.64522e-10  1.20231e-10  1.01693e-10  1.04741e-10  9.96248e-11  2.28063e-10  1.18561e-10  1.5103e-10  1.31478e-10  1.51354e-10  1.29175e-10  1.7458e-10  1.85377e-10  1.86041e-10  2.08883e-10  2.09487e-10  9.12013e-11  1.61055e-10  1.2603e-10  3.93043e-11  1.0037e-10  1.29051e-10  1.10899e-10  1.82017e-10  1.98883e-10  1.69914e-10  9.15907e-11  2.34919e-10  2.302e-10  5.76291e-11  1.31598e-10  1.90556e-10  1.56753e-10  1.64281e-10  2.23363e-10  5.10441e-11  1.01525e-10  1.54205e-10  2.30704e-10  2.1424e-10  1.6239e-10  8.9103e-11  1.15753e-10  1.52279e-10  2.51921e-10  2.79019e-10  2.88206e-10  1.48053e-10  1.55781e-10  1.09244e-10  1.80008e-10  2.76624e-10  2.32632e-10  1.95974e-10  1.425e-10  1.46282e-10  3.05019e-10  1.10952e-10  1.40218e-10  1.40232e-10  2.26373e-10  2.22256e-10  1.15273e-10  1.45871e-10  1.21736e-10  2.32594e-10  1.76464e-10  1.63406e-10  1.2639e-10  1.41939e-10  1.9727e-10  2.3194e-10  2.49487e-10  1.0595e-10  1.70963e-10  1.42034e-10  1.066e-10  1.68128e-10  2.00568e-10  1.93116e-10  2.12867e-10  2.56255e-10  1.46598e-10  2.32024e-10  2.33524e-10  1.35774e-10  2.04403e-10  4.30285e-11  1.6539e-10  1.9946e-10  1.46312e-10  1.29788e-10  1.37144e-10  1.40842e-10  2.7099e-10  4.34134e-10  1.10514e-10  2.28991e-10  1.54694e-10  2.84926e-10  2.29641e-10  1.39178e-10  1.42316e-10  2.81944e-10  4.65985e-11  1.63336e-10  1.31945e-10  2.08668e-10  1.93026e-10  8.35342e-11  2.00439e-10  8.97204e-11  1.15743e-10  1.59079e-10  2.09432e-10  4.91099e-12  8.27798e-11  5.71321e-11  1.5774e-10  3.24699e-11  1.42858e-10  1.14911e-10  7.28246e-11  5.14798e-11  7.52505e-11  9.307e-11  1.74997e-11  7.3025e-11  4.6983e-11  1.67049e-11  6.68637e-11  8.71193e-11  -4.66101e-11  4.44278e-11  3.13402e-11  -3.94548e-12  1.08154e-11  -1.07791e-10  1.07703e-10  1.72553e-11  -2.68186e-11  -1.21706e-10  4.67289e-11
600 Eigenvalues converges, out of 600 requested.
Running with l = 1200
Starting Davidson with n_aux = 4800, l_buffer = 1800, lc = 1212, thresh = 0.003, max_iter = 100
Iter 1: V_size = 240, Converged = 0, ‖r‖ (largest λ) = 0.032488483234252935
Iter 2: V_size = 480, Converged = 0, ‖r‖ (largest λ) = 0.005894022566926656
Iter 3: V_size = 960, Converged = 0, ‖r‖ (largest λ) = 0.0006631194141480979
Iter 4: V_size = 1920, Converged = 0, ‖r‖ (largest λ) = 3.7134725888781206e-5
Iter 5: V_size = 3710, Converged = 10, ‖r‖ (largest λ) = 1.9791358956528203e-6
Iter 6: V_size = 3562, Converged = 19, ‖r‖ (largest λ) = 5.935506079909337e-6
Iter 7: V_size = 3562, Converged = 19, ‖r‖ (largest λ) = 8.288820578675107e-6
Iter 8: V_size = 3410, Converged = 95, ‖r‖ (largest λ) = 3.261749837839128e-6
Iter 9: V_size = 4572, Converged = 638, ‖r‖ (largest λ) = 2.2957256912670975e-6
Hybrid Davidson-JD corrections at iteration 10
Total MINRES iterations: 9701
Iter 10: V_size = 2324, Converged = 638, ‖r‖ (largest λ) = 1.0893459720565702e-5
Hybrid Davidson-JD corrections at iteration 11
Total MINRES iterations: 13215
Iter 11: V_size = 3486, Converged = 638, ‖r‖ (largest λ) = 2.6713280578926344e-5
Hybrid Davidson-JD corrections at iteration 12
Total MINRES iterations: 1475
Iter 12: V_size = 4648, Converged = 638, ‖r‖ (largest λ) = 2.5228296165830287e-5
Converged all required eigenvalues.
36860.056163 seconds (704.89 M allocations: 40.560 TiB, 1.40% gc time, 0.01% compilation time)
Number of FLOPs: 180568730548159

Reading exact Eigenvalues...
Reading eigenvalues from ../../Eigenvalues_folder/eigenres_formaldehyde_RNDbasis1.jld2

Compute the difference between computed and exact eigenvalues:
1×1200 adjoint(::Vector{Float64}) with eltype Float64:
 -3.55271e-15  1.77636e-14  -7.10543e-15  7.10543e-15  1.77636e-15  -7.10543e-15  5.32907e-15  -2.13163e-14  0.0  -5.32907e-15  -2.66454e-15  1.77636e-15  3.55271e-15  1.77636e-15  -1.77636e-15  -8.88178e-16  2.66454e-15  2.66454e-15  0.0  -1.77636e-15  1.77636e-15  0.0  3.55271e-15  -4.44089e-15  -8.88178e-16  -2.66454e-15  8.88178e-16  -8.88178e-16  -1.33227e-15  2.66454e-15  -3.9968e-15  3.10862e-15  1.77636e-15  0.0  4.44089e-15  4.44089e-16  8.88178e-16  3.55271e-15  1.77636e-15  2.66454e-15  -2.22045e-15  -4.44089e-16  -8.88178e-16  -3.55271e-15  3.10862e-15  -1.77636e-15  2.22045e-15  2.66454e-15  -1.33227e-15  0.0  -3.10862e-15  4.44089e-16  8.88178e-16  1.77636e-15  0.0  -4.44089e-16  8.88178e-16  8.88178e-16  -2.22045e-15  2.22045e-15  -6.66134e-16  6.66134e-16  1.9984e-15  2.22045e-16  4.44089e-16  -4.44089e-16  2.22045e-16  1.33227e-15  -8.88178e-16  4.44089e-16  1.55431e-15  2.22045e-15  2.44249e-15  7.32747e-15  -8.43769e-15  -7.54952e-15  -4.44089e-15  -6.21725e-15  5.32907e-15  -2.44249e-15  -3.77476e-15  -7.99361e-15  1.9984e-15  1.9984e-15  3.33067e-15  2.66454e-15  1.77636e-15  -2.44249e-15  6.66134e-16  -3.10862e-15  -3.55271e-15  -1.33227e-15  -1.11022e-15  -1.55431e-15  1.11022e-15  -2.44249e-15  -3.33067e-15  -3.55271e-15  -2.66454e-15  8.88178e-16  1.55431e-15  8.88178e-16  -3.10862e-15  -6.66134e-16  6.66134e-16  -2.66454e-15  -8.88178e-16  6.66134e-16  0.0  -3.55271e-15  -1.11022e-15  -4.21885e-15  -3.33067e-15  3.9968e-15  -3.10862e-15  -8.88178e-16  8.88178e-16  -2.88658e-15  3.33067e-15  1.55431e-15  -1.9984e-15  1.77636e-15  9.99201e-16  4.44089e-15  -6.66134e-16  -3.33067e-15  -7.1233e-12  -2.06926e-11  -1.85225e-11  -2.41811e-11  -4.07137e-11  -4.76947e-11  -9.73402e-11  -1.89655e-10  -7.61957e-11  -1.1008e-10  -2.97627e-10  -2.72755e-10  -1.14779e-10  -2.57673e-10  -3.38707e-10  -2.55977e-10  -2.6781e-10  -2.53006e-10  -3.22013e-10  -3.65911e-10  -3.54355e-10  -7.48346e-10  -4.80603e-10  -5.10793e-10  -4.13923e-10  -8.92607e-10  -6.72402e-10  -5.67553e-10  -5.26172e-10  -1.38988e-9  -8.31862e-10  -1.43782e-9  -1.21854e-9  -1.09909e-9  -1.21663e-9  -1.69899e-9  -2.00164e-9  -3.19197e-9  -2.3031e-9  -1.97575e-9  -1.38217e-9  -2.10994e-9  -3.25267e-9  -1.88669e-9  -1.53739e-9  -2.24405e-9  -3.0317e-9  -3.87765e-9  -2.29255e-9  -4.60988e-9  -4.17185e-9  -4.93226e-9  -3.53162e-9  -3.04671e-9  -5.13517e-9  -4.62047e-9  -6.48952e-9  -4.60446e-9  -4.45776e-9  -4.22454e-9  -4.587e-9  -4.2763e-9  -5.58738e-9  -4.60641e-9  -5.64912e-9  -7.42517e-9  -5.26378e-9  -5.78206e-9  -8.46927e-9  -5.84483e-9  -6.12761e-9  -5.66349e-9  -7.97458e-9  -7.51483e-9  -5.69011e-9  -6.83725e-9  -7.41833e-9  -9.57905e-9  -6.97924e-9  -8.17847e-9  -1.41814e-8  -1.19181e-8  -9.17071e-9  -1.39013e-8  -8.83865e-9  -1.18143e-8  -1.29555e-8  -8.20006e-9  -1.05987e-8  -1.48853e-8  -1.28587e-8  -9.44965e-9  -9.30534e-9  -1.23311e-8  -1.24612e-8  -9.40819e-9  -9.55227e-9  -1.08233e-8  -9.80558e-9  -1.48678e-8  -1.16644e-8  -1.11423e-8  -9.84007e-9  -1.4325e-8  -1.42637e-8  -1.08621e-8  -1.4105e-8  -1.39982e-8  -1.71733e-8  -1.58795e-8  -1.40188e-8  -1.71863e-8  -1.4764e-8  -1.61584e-8  -2.41172e-8  -1.8134e-8  -1.98458e-8  -1.74535e-8  -2.96388e-8  -2.23334e-8  -1.93217e-8  -2.27151e-8  -1.60696e-8  -2.30109e-8  -1.77628e-8  -1.80698e-8  -2.72208e-8  -2.44991e-8  -2.76959e-8  -3.3739e-8  -2.14619e-8  -3.03816e-8  -3.58428e-8  -3.08002e-8  -3.33058e-8  -3.58326e-8  -2.66546e-8  -3.14512e-8  -3.97522e-8  -3.73268e-8  -2.985e-8  -4.20463e-8  -4.06935e-8  -3.4389e-8  -3.42217e-8  -3.75251e-8  -3.89089e-8  -4.29602e-8  -3.10572e-8  -4.51813e-8  -4.11967e-8  -3.23691e-8  -3.26919e-8  -7.01049e-8  -5.40929e-8  -4.71563e-8  -6.08512e-8  -3.92693e-8  -4.79924e-8  -5.26858e-8  -4.80437e-8  -5.65057e-8  -5.87049e-8  -5.2987e-8  -6.68673e-8  -8.60258e-8  -5.06747e-8  -7.01285e-8  -4.07573e-8  -5.16727e-8  -7.41071e-8  -6.35984e-8  -5.45741e-8  -5.69943e-8  -6.84839e-8  -8.78266e-8  -9.32782e-8  -6.85021e-8  -5.89943e-8  -6.46265e-8  -7.63972e-8  -6.2604e-8  -6.81116e-8  -7.6384e-8  -7.63033e-8  -6.52814e-8  -5.10474e-8  -8.31961e-8  -1.0022e-7  -8.51042e-8  -1.18098e-7  -1.01209e-7  -1.39619e-7  -1.10112e-7  -1.32638e-7  -1.11695e-7  -1.02867e-7  -1.00776e-7  -1.17157e-7  -1.09355e-7  -1.05104e-7  -1.04594e-7  -1.57161e-7  -1.15051e-7  -1.37222e-7  -1.20971e-7  -1.24187e-7  -1.63318e-7  -1.38329e-7  -1.97317e-7  -1.27891e-7  -1.54844e-7  -1.51127e-7  -1.33529e-7  -1.71962e-7  -2.16552e-7  -1.24878e-7  -2.39063e-7  -1.86346e-7  -2.05494e-7  -1.47277e-7  -2.08239e-7  5.19043e-12  -1.61558e-7  -2.39241e-7  -1.9831e-7  -2.22836e-7  -2.42738e-7  -1.37616e-7  -2.63545e-7  -2.72769e-7  -2.49591e-7  -3.12582e-7  -2.37506e-7  -2.63956e-7  7.65832e-13  -2.47148e-7  -2.36941e-7  -2.81397e-7  1.52395e-12  -3.5461e-7  -3.06438e-7  6.43527e-12  4.51336e-12  -3.18659e-7  -4.05784e-7  -2.88447e-7  9.0373e-12  4.37883e-12  3.6087e-12  7.66753e-12  1.14987e-11  5.53796e-12  7.16491e-12  5.81873e-12  7.21762e-12  5.10719e-12  3.57114e-12  2.76063e-12  2.09496e-12  6.49042e-12  6.71058e-12  4.20025e-12  6.77036e-12  5.95088e-12  6.22022e-12  5.55966e-12  5.5253e-12  8.93172e-12  7.39397e-12  6.81019e-12  5.22432e-12  5.24294e-12  6.1679e-12  5.78926e-12  9.82123e-12  3.35065e-12  5.62678e-12  6.77985e-12  4.15454e-12  8.76726e-12  7.76609e-12  4.29337e-12  3.41749e-12  3.92594e-12  7.57891e-12  3.97218e-12  5.84835e-12  5.31819e-12  1.09813e-11  8.55416e-12  5.557e-12  4.70343e-12  4.05154e-12  7.87478e-12  8.086e-12  8.51402e-12  9.0434e-12  1.46432e-11  5.85609e-12  9.65975e-12  7.54413e-12  1.19869e-11  5.33604e-12  8.93577e-12  9.45055e-12  1.16794e-11  6.57369e-12  9.65023e-12  1.04186e-11  6.91791e-12  8.46226e-12  1.29406e-11  6.67072e-12  1.19064e-11  1.51507e-11  1.06443e-11  1.50658e-11  1.74122e-11  1.43693e-11  2.39159e-11  9.4624e-12  1.62828e-11  1.04601e-11  1.18145e-11  2.31641e-11  1.66986e-11  1.584e-11  1.38687e-11  1.5938e-11  1.68147e-11  1.63826e-11  1.97176e-11  1.01144e-11  1.32481e-11  2.10383e-11  2.62775e-11  1.7957e-11  1.83334e-11  1.97254e-11  2.5442e-11  1.36402e-11  2.55395e-11  1.96983e-11  2.91658e-11  2.64668e-11  1.56429e-11  2.77833e-11  2.92688e-11  2.37093e-11  2.11884e-11  1.8576e-11  1.97916e-11  2.14599e-11  1.67626e-11  2.35179e-11  2.90525e-11  1.29566e-11  2.13711e-11  3.30488e-11  2.93408e-11  1.89367e-11  3.1408e-11  1.68254e-11  2.88629e-11  2.64622e-11  2.31888e-11  3.47204e-11  2.65443e-11  3.97714e-11  3.35419e-11  3.13686e-11  1.67981e-11  2.08027e-11  2.87613e-11  3.44624e-11  2.16767e-11  2.70975e-11  1.96073e-11  3.00486e-11  2.56041e-11  3.0566e-11  4.53641e-11  3.2839e-11  3.18738e-11  2.39207e-11  3.31269e-11  1.57683e-11  2.91748e-11  2.66741e-11  3.10272e-11  3.56268e-11  3.64399e-11  4.48694e-11  5.27605e-11  3.37607e-11  3.61687e-11  4.34363e-11  3.36198e-11  3.06925e-11  2.92651e-11  1.93198e-11  3.67218e-11  2.91313e-11  6.7586e-11  4.737e-11  4.22127e-11  3.50712e-11  4.85268e-11  3.20435e-11  3.32862e-11  3.29817e-11  2.28559e-11  2.60884e-11  2.64542e-11  6.35529e-11  2.55125e-11  5.12839e-11  2.82771e-11  2.47994e-11  2.12288e-11  3.9879e-11  3.74439e-11  2.77818e-11  4.09596e-11  4.50966e-11  3.20145e-11  3.71556e-11  4.6603e-11  2.61898e-11  3.30647e-11  3.87998e-11  3.46702e-11  2.78631e-11  2.56167e-11  3.08978e-11  2.74458e-11  3.66509e-11  2.89445e-11  1.70717e-11  3.39998e-11  3.68222e-11  3.13899e-11  3.67366e-11  2.36688e-11  2.53354e-11  3.84095e-11  2.1175e-11  3.44503e-11  3.84432e-11  2.53571e-11  2.38858e-11  1.97066e-11  3.19913e-11  2.87705e-11  2.04857e-11  5.21801e-11  3.49305e-11  2.58821e-11  2.15673e-11  9.79213e-12  3.52918e-11  4.46903e-11  4.56602e-11  8.96903e-12  2.04703e-11  3.38711e-11  2.29725e-11  2.34547e-11  1.14893e-11  1.45118e-11  3.23019e-11  3.31494e-11  1.66078e-11  1.65277e-11  7.27389e-12  1.55672e-11  2.91048e-11  2.29189e-11  5.79015e-12  1.04404e-11  1.57984e-11  1.97035e-12  1.78803e-11  1.84429e-11  1.78141e-11  2.07782e-11  2.30545e-11  4.20759e-11  2.62538e-11  6.97965e-12  5.18033e-12  1.27055e-11  1.34258e-11  -3.08335e-12  -9.26219e-12  9.2276e-12  1.27206e-11  1.81831e-11  3.06152e-12  1.91529e-11  -1.95346e-11  9.09271e-12  1.78974e-11  3.8174e-12  1.97133e-11  -8.19354e-12  5.70803e-12  -1.35368e-11  1.39207e-12  5.40533e-12  -1.70941e-11  1.89188e-12  -3.26256e-11  -2.50081e-11  1.43753e-11  -6.93301e-12  -2.51949e-11  -3.94979e-11  5.61112e-12  -1.79298e-11  -2.32581e-11  -2.68782e-11  -2.97686e-11  -4.08934e-11  -2.73355e-11  -2.36294e-11  -1.73532e-11  -2.27393e-11  -5.36526e-11  -2.18257e-11  -2.19241e-11  -3.34392e-11  -2.11589e-11  -2.11647e-11  -4.58729e-11  1.09702e-11  -3.08003e-11  -2.58681e-11  -3.639e-11  -5.54175e-11  -5.00913e-11  -5.2234e-11  -7.84355e-11  -7.55162e-11  -6.33862e-11  -5.19423e-11  -5.62851e-11  -5.04153e-11  -8.44637e-11  -9.89251e-11  -7.59211e-11  -6.1902e-11  -8.17695e-11  -8.19473e-11  -7.49763e-11  -8.12436e-11  -8.7479e-11  -1.13299e-10  -7.32959e-11  -2.92339e-11  -7.6598e-11  -7.85062e-11  -9.02878e-11  -1.09108e-10  -1.22454e-10  -8.13856e-11  -8.1282e-11  -9.94544e-11  -1.16012e-10  -9.35143e-11  -1.05503e-10  -9.6834e-11  -1.35987e-10  -1.24062e-10  -8.11748e-11  -1.04407e-10  -1.2926e-10  -1.36215e-10  -1.32267e-10  -1.48202e-10  -1.40687e-10  -1.53393e-10  -1.24536e-10  -1.42219e-10  -2.06315e-10  -1.70691e-10  -9.43977e-11  -1.50588e-10  -2.14937e-10  -1.71374e-10  -1.56459e-10  -2.54021e-10  -2.14964e-10  -1.81155e-10  -2.25347e-10  -1.8824e-10  -1.71372e-10  -2.4502e-10  -2.04541e-10  -1.92592e-10  -1.28238e-10  -2.04277e-10  -1.60622e-10  -2.10467e-10  -1.65155e-10  -2.06896e-10  -2.17666e-10  -1.93375e-10  -2.55445e-10  -1.8468e-10  -2.3059e-10  -2.77928e-10  -2.40888e-10  -3.34208e-10  -3.08361e-10  -3.48975e-10  -2.78279e-10  -3.37897e-10  -2.932e-10  -2.97879e-10  -2.87297e-10  -3.09361e-10  -3.0903e-10  -3.38131e-10  -2.99578e-10  -3.80241e-10  -2.96694e-10  -3.00591e-10  -2.95553e-10  -3.3245e-10  -4.25521e-10  -3.61939e-10  -3.15262e-10  -2.8608e-10  -3.92112e-10  -3.528e-10  -3.7641e-10  -5.10265e-10  -3.28398e-10  -3.93929e-10  -3.45373e-10  -3.48801e-10  -4.41568e-10  -4.82783e-10  -4.06163e-10  -3.73094e-10  -5.88199e-10  -4.55711e-10  -4.66039e-10  -6.23245e-10  -6.44699e-10  -5.97166e-10  -5.60406e-10  -6.13351e-10  -6.252e-10  -5.98098e-10  -6.01082e-10  -3.78054e-10  -6.79961e-10  -5.91789e-10  -5.99015e-10  -6.46436e-10  -7.3111e-10  -5.93741e-10  -8.86864e-10  -5.5769e-10  -7.16289e-10  -6.6026e-10  -7.68572e-10  -5.4077e-10  -8.46471e-10  -6.90123e-10  -7.71746e-10  -9.925e-10  -6.32382e-10  -7.71173e-10  -7.64198e-10  -8.1834e-10  -7.12175e-10  -8.95202e-10  -9.21548e-10  -8.58313e-10  -9.40455e-10  -6.53826e-10  -1.13769e-9  -9.47586e-10  -9.35437e-10  -1.24398e-9  -1.23554e-9  -1.02037e-9  -8.90192e-10  -1.06445e-9  -9.09708e-10  -1.11816e-9  -9.84084e-10  -1.44439e-9  -1.07676e-9  -1.38452e-9  -1.36029e-9  -1.35821e-9  -1.12246e-9  -1.23192e-9  -1.17657e-9  -1.49427e-9  -8.00078e-10  -1.14766e-9  -1.12176e-9  -1.34727e-9  -1.3067e-9  -1.47335e-9  -1.12273e-9  -1.49751e-9  -1.51282e-9  -1.71708e-9  -1.6903e-9  -1.82519e-9  -1.35696e-9  -1.53997e-9  -1.9579e-9  -1.79198e-9  -1.78218e-9  -2.2068e-9  -1.77487e-9  -2.08382e-9  -2.11317e-9  -2.48291e-9  -1.89815e-9  -2.18004e-9  -2.45486e-9  -2.01477e-9  -2.37251e-9  -2.04073e-9  -2.0344e-9  -1.83703e-9  -2.69285e-9  -2.03041e-9  -2.48589e-9  -2.30288e-9  -2.16498e-9  -2.22609e-9  -2.06382e-9  -1.85393e-9  -2.02295e-9  -2.6127e-9  -2.58605e-9  -2.84128e-9  -3.00675e-9  -3.22465e-9  -2.97278e-9  -2.64357e-9  -3.20704e-9  -3.1907e-9  -2.99642e-9  -2.95242e-9  -3.21002e-9  -3.25633e-9  -3.71428e-9  -3.25245e-9  -2.96905e-9  -3.42319e-9  -3.57281e-9  -4.03551e-9  -4.08988e-9  -3.49696e-9  -4.21236e-9  -4.78635e-9  -3.72764e-9  -4.52062e-9  -4.03271e-9  -4.51488e-9  -4.23773e-9  -4.96486e-9  -4.7897e-9  -4.17247e-9  -4.51087e-9  -4.54445e-9  -3.71018e-9  -4.8581e-9  -5.36804e-9  -5.78759e-9  -6.37597e-9  -5.28451e-9  -5.17086e-9  -5.68215e-9  -5.72118e-9  -6.00163e-9  -7.15706e-9  -9.6699e-9  -6.7689e-9  -9.42161e-9  -8.11159e-9  -1.02378e-8  -7.66495e-9  -1.17439e-8  -1.26099e-5  -8.81506e-9  -1.25853e-5  -1.28043e-5  -4.22918e-10  -1.44214e-8  -1.32527e-5  -1.27551e-8  -1.39299e-5  -1.25488e-5  -1.41555e-5  -1.37076e-5  -7.28754e-9  -8.54206e-9  -1.22901e-6  -1.14925e-5  -4.46237e-9  -1.2975e-8  -1.23831e-5  -1.34228e-5  -6.00622e-9  -1.33601e-5  2.08701e-8  -6.38757e-6  -5.82834e-6  -1.20063e-8  -1.26465e-8  -4.88897e-9  -1.23013e-5  -1.3622e-5  -1.54373e-9  -1.1184e-5  -3.35879e-6  -1.43411e-5  -1.33459e-5  -1.30572e-5  -1.3278e-5  -1.36092e-5  1.251e-8  -1.4004e-5  -1.41591e-5  -1.34325e-5  -1.36649e-5  -1.31071e-5  -1.38265e-5  -1.37705e-5  -1.39872e-5  -1.38425e-5  -1.32737e-5  -1.28905e-5  -1.35191e-5  -1.31772e-5  -1.37296e-5  -1.44153e-5  -1.2999e-5  -1.28776e-5  -1.33877e-5  -1.40197e-5  -1.37099e-5  -1.37127e-5  -1.41084e-5  -1.33911e-5  -1.32941e-5  -1.43693e-5  -1.32706e-5  -1.29757e-5  -1.32037e-5  -1.41751e-5  -1.42099e-5  -1.31581e-5  -1.32269e-5  -1.35982e-5  -1.27881e-5  -1.41329e-5  -1.44737e-5  -1.47676e-5  -1.35477e-5  -1.41721e-5  -1.28913e-5  -1.47573e-5  -1.32355e-5  -1.42446e-5  -1.32654e-5  -1.32618e-5  -1.42673e-5  -1.49601e-5  -1.36157e-5  -1.3649e-5  -1.27887e-5  -1.44276e-5  -1.369e-5  -1.38841e-5  -1.39846e-5  -1.35185e-5  -1.27981e-5  -1.24219e-5  -1.2663e-5  -1.26525e-5  -1.30981e-5  -1.31109e-5  -1.32222e-5  -1.2864e-5  -1.30217e-5  -1.32387e-5  -1.42158e-5  -1.31967e-5  -1.353e-5  -1.25502e-5  -1.41095e-5  -1.42348e-5  -1.39908e-5  -1.36528e-5  -1.37661e-5  -1.32609e-5  -1.24979e-5  -1.30216e-5  -1.38767e-5  -1.30153e-5  -1.33987e-5  -1.32932e-5  -1.42309e-5  -1.28956e-5  -1.34764e-5  -1.37184e-5  -1.25152e-5  -1.23931e-5  -1.33981e-5  -1.50607e-5  -1.22053e-5  -1.38126e-5  -1.30499e-5  -1.19759e-5  -1.18364e-5  -1.25464e-5  -1.46878e-5  -1.3046e-5  -1.24005e-5  -1.28997e-5  -1.38287e-5  -1.29096e-5  -1.30619e-5  -1.3116e-5  -1.24967e-5  -1.27639e-5  -1.28077e-5  -1.36061e-5  -1.31213e-5  -1.25393e-5  -1.3531e-5  -1.34391e-5  -1.32388e-5  -1.3215e-5  -1.30499e-5  -1.34192e-5  -1.28006e-5  -1.26712e-5  -1.25652e-5  -1.25379e-5  -1.17377e-5  -1.24276e-5  -1.26231e-5  -1.28637e-5  -1.20362e-5  -1.36514e-5  -1.25455e-5  -1.27853e-5  -1.28815e-5  -1.28009e-5  -1.33619e-5  -1.23307e-5  -1.32056e-5  -1.29856e-5  -1.21959e-5  -1.22048e-5  -1.21549e-5  -1.34001e-5  -1.22996e-5  -1.29379e-5  -1.22905e-5  -1.27071e-5  -1.21443e-5  -1.233e-5  -1.31114e-5  -1.19872e-5  -1.35935e-5  -1.31139e-5  -1.1424e-5  -1.21166e-5  -1.1938e-5  -1.33983e-5  -1.3385e-5  -1.26264e-5  -1.26297e-5  -1.30146e-5  -1.21685e-5  -1.23125e-5  -1.2673e-5  -1.24086e-5  -1.14958e-5  -1.25174e-5  -1.15081e-5  -1.18623e-5  -1.22601e-5  -1.24956e-5  -1.21494e-5  -1.18678e-5  -1.18056e-5  -1.20277e-5  -1.20185e-5  -1.27936e-5  -1.1947e-5  -4.07287e-6  -4.2854e-5  -5.29155e-5  -5.20372e-5  -1.26277e-5  -3.58778e-7  -5.06981e-5  -4.82527e-5  -5.10275e-5  -4.91059e-5  -4.97364e-5  -5.13737e-5  -4.07168e-5  -2.27988e-5  -3.43714e-5  -4.78122e-5  -5.15545e-5  -4.79892e-5  -4.93124e-5  -4.62456e-5  -4.90598e-5  -4.84427e-5  -5.0137e-5  -4.76548e-5  -4.99253e-5  -4.75372e-5  -4.84699e-5  -4.84101e-5  -4.84704e-5  -5.02486e-5  -4.48458e-5  -4.48136e-5  -4.62935e-5  -4.88388e-5  -4.80198e-5  -4.62277e-5  -4.73703e-5  -4.57017e-5  -4.58908e-5  -4.76352e-5  -5.00013e-5  -4.77284e-5  -4.67209e-5  -4.81911e-5  -4.67844e-5  -4.7138e-5  -4.40266e-5  -4.75611e-5  -4.77163e-5  -4.79807e-5  -4.74527e-5  -4.51316e-5  -4.79397e-5  -4.64106e-5  -4.90822e-5  -4.73455e-5  -4.41144e-5  -4.91247e-5  -4.574e-5  -4.6112e-5  -4.92709e-5  -4.66235e-5  -4.54602e-5  -4.33051e-5  -4.59289e-5  -4.64369e-5  -4.29682e-5  -4.62298e-5
1200 Eigenvalues converges, out of 1200 requested.
Finished processing molecule: formaldehyde
