Processing molecule: H2
Running with beta = 16
Running with l = 10
Starting Davidson with n_aux = 256, l_buffer = 15, lc = 10, thresh = 0.0015, max_iter = 100
Iter 1: V_size = 31, Converged = 0, ‖r‖ (largest λ) = 0.01243789060943334
Iter 2: V_size = 46, Converged = 0, ‖r‖ (largest λ) = 0.11315308260894438
Iter 3: V_size = 61, Converged = 0, ‖r‖ (largest λ) = 0.3002636384995543
Iter 4: V_size = 76, Converged = 0, ‖r‖ (largest λ) = 0.11591571344466559
Iter 5: V_size = 91, Converged = 0, ‖r‖ (largest λ) = 0.041060893021033454
Iter 6: V_size = 102, Converged = 4, ‖r‖ (largest λ) = 0.0024799177545540684
Iter 7: V_size = 113, Converged = 4, ‖r‖ (largest λ) = 1.6358707101087032e-5
Iter 8: V_size = 124, Converged = 4, ‖r‖ (largest λ) = 2.970638047101994e-5
Iter 9: V_size = 135, Converged = 4, ‖r‖ (largest λ) = 1.966947043381721e-5
Converged all required eigenvalues.
 53.521922 seconds (445.10 k allocations: 4.076 GiB, 1.82% gc time, 23.56% compilation time)
Number of FLOPs: 274706911194

Reading exact Eigenvalues...
Reading eigenvalues from ../../Eigenvalues_folder/eigenres_H2_RNDbasis1.jld2

Compute the difference between computed and exact eigenvalues:
1×10 adjoint(::Vector{Float64}) with eltype Float64:
 -3.55271e-15  -3.55271e-15  0.0  0.0  -8.88178e-16  1.11022e-15  0.0  -2.22045e-16  6.66134e-16  8.88178e-16
10 Eigenvalues converges, out of 10 requested.
Running with l = 50
Starting Davidson with n_aux = 256, l_buffer = 75, lc = 50, thresh = 0.002, max_iter = 100
Iter 1: V_size = 32, Converged = 0, ‖r‖ (largest λ) = 0.01243789060943334
Iter 2: V_size = 64, Converged = 0, ‖r‖ (largest λ) = 0.0031033434797851376
Iter 3: V_size = 128, Converged = 0, ‖r‖ (largest λ) = 0.0007541059972443483
Iter 4: V_size = 203, Converged = 0, ‖r‖ (largest λ) = 0.005338944067445293
Iter 5: V_size = 148, Converged = 1, ‖r‖ (largest λ) = 0.014402957379957318
Iter 6: V_size = 222, Converged = 1, ‖r‖ (largest λ) = 0.003500525008701157
Iter 7: V_size = 148, Converged = 1, ‖r‖ (largest λ) = 0.00507228686383935
Iter 8: V_size = 179, Converged = 44, ‖r‖ (largest λ) = 0.0007364153948369696
Iter 9: V_size = 210, Converged = 44, ‖r‖ (largest λ) = 2.0655427503514948e-6
Hybrid Davidson-JD corrections at iteration 10
Iter 10: V_size = 241, Converged = 44, ‖r‖ (largest λ) = 0.0008663953186472585
Hybrid Davidson-JD corrections at iteration 11
Iter 11: V_size = 62, Converged = 44, ‖r‖ (largest λ) = 0.0003178942953768454
Converged all required eigenvalues.
104.362025 seconds (1.69 M allocations: 41.835 GiB, 4.80% gc time, 0.64% compilation time)
Number of FLOPs: 672060692166

Reading exact Eigenvalues...
Reading eigenvalues from ../../Eigenvalues_folder/eigenres_H2_RNDbasis1.jld2

Compute the difference between computed and exact eigenvalues:
1×50 adjoint(::Vector{Float64}) with eltype Float64:
 -2.66454e-15  -2.66454e-15  8.88178e-16  1.33227e-15  -2.22045e-15  4.44089e-16  2.22045e-16  6.66134e-16  6.66134e-16  4.44089e-16  2.88658e-15  0.0  6.66134e-16  6.66134e-16  -1.11022e-15  -4.44089e-16  4.44089e-16  3.33067e-16  -8.88178e-16  1.11022e-16  0.0  3.33067e-16  -8.88178e-16  -1.77636e-15  -2.55351e-15  -1.22125e-15  -2.88658e-15  -2.77556e-15  -7.66054e-15  -2.44249e-14  -5.17364e-14  -7.62723e-14  -1.14464e-13  -4.4853e-14  -1.07048e-12  -3.25517e-13  -3.43636e-12  -3.15342e-12  -5.9151e-12  -9.41763e-12  -1.82094e-11  -1.66931e-11  -2.15427e-11  -9.94754e-12  -5.55112e-17  1.11022e-16  -2.77556e-16  -1.11022e-16  1.66533e-16  -1.11022e-16
50 Eigenvalues converges, out of 50 requested.
Running with l = 100
Starting Davidson with n_aux = 256, l_buffer = 150, lc = 101, thresh = 0.0025, max_iter = 100
Iter 1: V_size = 32, Converged = 0, ‖r‖ (largest λ) = 0.01243789060943334
Iter 2: V_size = 64, Converged = 0, ‖r‖ (largest λ) = 0.0031033434797851376
Iter 3: V_size = 128, Converged = 0, ‖r‖ (largest λ) = 0.0007541059972443483
Iter 4: V_size = 256, Converged = 0, ‖r‖ (largest λ) = 0.00020989139304042372
Iter 5: V_size = 256, Converged = 1, ‖r‖ (largest λ) = 0.001135942318273829
Iter 6: V_size = 256, Converged = 1, ‖r‖ (largest λ) = 0.0031158980008647403
Iter 7: V_size = 256, Converged = 1, ‖r‖ (largest λ) = 0.0010975191444090647
Iter 8: V_size = 174, Converged = 63, ‖r‖ (largest λ) = 0.0005803659632106989
Iter 9: V_size = 174, Converged = 63, ‖r‖ (largest λ) = 0.0004947997061967113
Hybrid Davidson-JD corrections at iteration 10
Total MINRES iterations: 62
Iter 10: V_size = 174, Converged = 63, ‖r‖ (largest λ) = 0.00041965847199167773
Converged all required eigenvalues.
121.787364 seconds (3.30 M allocations: 82.630 GiB, 4.99% gc time, 4.54% compilation time)
Number of FLOPs: 899024842148

Reading exact Eigenvalues...
Reading eigenvalues from ../../Eigenvalues_folder/eigenres_H2_RNDbasis1.jld2

Compute the difference between computed and exact eigenvalues:
1×100 adjoint(::Vector{Float64}) with eltype Float64:
 -1.77636e-15  -2.66454e-15  1.33227e-15  8.88178e-16  -2.22045e-15  -2.22045e-16  1.11022e-15  8.88178e-16  4.44089e-16  8.88178e-16  2.44249e-15  0.0  8.88178e-16  -8.88178e-16  -6.66134e-16  0.0  -8.88178e-16  -9.99201e-16  -9.99201e-16  0.0  -6.66134e-16  1.44329e-15  1.11022e-16  5.55112e-16  -5.55112e-16  3.33067e-16  -1.33227e-15  5.55112e-16  8.88178e-16  -7.77156e-16  -1.11022e-15  8.88178e-16  -2.22045e-16  -4.44089e-16  -1.44329e-15  -1.44329e-15  -2.22045e-16  -9.4369e-16  -3.66374e-15  -2.72005e-15  -4.71845e-15  -3.38618e-15  -8.88178e-15  -4.71845e-15  -8.06577e-14  -9.99201e-14  -7.98805e-14  -3.95295e-13  -2.97262e-13  -5.16143e-13  -1.64591e-13  -1.20015e-13  -1.04172e-12  -1.07564e-12  -6.43097e-13  -3.59685e-12  -5.38275e-12  -1.09388e-11  -1.83457e-11  5.55112e-17  -4.6641e-12  0.0  -3.20677e-11  -1.11022e-16  -5.55112e-17  1.11022e-16  -4.27401e-11  -9.36982e-11  -1.11022e-16  0.0  -3.33067e-16  0.0  -1.66533e-16  -8.88178e-16  -2.77556e-16  -4.71845e-16  -5.55112e-17  -4.69069e-15  -5.66214e-15  -5.7454e-15  -2.47025e-15  -6.14508e-14  -1.13243e-14  -1.22069e-13  -1.8921e-13  -1.82854e-13  -5.90084e-14  -9.07607e-14  -4.86833e-13  -8.12739e-13  -2.16771e-12  -1.97048e-12  -3.27732e-12  -1.08452e-11  -2.9268e-12  -1.51923e-11  -9.44833e-12  -7.12702e-12  -3.01723e-11  -3.49082e-12
100 Eigenvalues converges, out of 100 requested.
Running with l = 200
Starting Davidson with n_aux = 320, l_buffer = 300, lc = 202, thresh = 0.003, max_iter = 100
Iter 1: V_size = 40, Converged = 0, ‖r‖ (largest λ) = 0.011480073599996846
Iter 2: V_size = 80, Converged = 0, ‖r‖ (largest λ) = 0.002280189232841786
Iter 3: V_size = 160, Converged = 0, ‖r‖ (largest λ) = 0.0005393068856438539
Iter 4: V_size = 320, Converged = 0, ‖r‖ (largest λ) = 0.00011256860785194907
Iter 5: V_size = 320, Converged = 2, ‖r‖ (largest λ) = 7.451145686299318e-5
Iter 6: V_size = 320, Converged = 2, ‖r‖ (largest λ) = 8.018613871170877e-5
Iter 7: V_size = 320, Converged = 2, ‖r‖ (largest λ) = 9.011672744511989e-5
Iter 8: V_size = 320, Converged = 56, ‖r‖ (largest λ) = 9.485506802754626e-5
Iter 9: V_size = 320, Converged = 56, ‖r‖ (largest λ) = 0.00017409315671810112
Hybrid Davidson-JD corrections at iteration 10
Total MINRES iterations: 1793
Iter 10: V_size = 320, Converged = 56, ‖r‖ (largest λ) = 0.0002987371521460151
Hybrid Davidson-JD corrections at iteration 11
Total MINRES iterations: 1500
Iter 11: V_size = 320, Converged = 103, ‖r‖ (largest λ) = 0.0004511851415285336
Hybrid Davidson-JD corrections at iteration 12
Total MINRES iterations: 1200
Iter 12: V_size = 320, Converged = 103, ‖r‖ (largest λ) = 0.00034629088494242177
Hybrid Davidson-JD corrections at iteration 13
Total MINRES iterations: 1018
Iter 13: V_size = 320, Converged = 103, ‖r‖ (largest λ) = 0.00029382416418080766
Hybrid Davidson-JD corrections at iteration 14
Total MINRES iterations: 466
Iter 14: V_size = 240, Converged = 180, ‖r‖ (largest λ) = 0.0002472227007621743
Hybrid Davidson-JD corrections at iteration 15
Total MINRES iterations: 480
Iter 15: V_size = 240, Converged = 180, ‖r‖ (largest λ) = 0.0002534512687961635
Hybrid Davidson-JD corrections at iteration 16
Total MINRES iterations: 207
Iter 16: V_size = 240, Converged = 180, ‖r‖ (largest λ) = 0.0002554615401833268
Hybrid Davidson-JD corrections at iteration 17
Total MINRES iterations: 4
Iter 17: V_size = 198, Converged = 201, ‖r‖ (largest λ) = 0.0002343335570469224
Hybrid Davidson-JD corrections at iteration 18
Total MINRES iterations: 4
Iter 18: V_size = 297, Converged = 201, ‖r‖ (largest λ) = 0.00021924481682218883
Hybrid Davidson-JD corrections at iteration 19
Total MINRES iterations: 4
Iter 19: V_size = 198, Converged = 201, ‖r‖ (largest λ) = 0.0001905233542184563
Converged all required eigenvalues.
1607.728833 seconds (19.33 M allocations: 493.644 GiB, 2.20% gc time, 0.19% compilation time)
Number of FLOPs: 6488142268786

Reading exact Eigenvalues...
Reading eigenvalues from ../../Eigenvalues_folder/eigenres_H2_RNDbasis1.jld2

Compute the difference between computed and exact eigenvalues:
1×200 adjoint(::Vector{Float64}) with eltype Float64:
 -3.55271e-15  -8.88178e-16  1.77636e-15  2.22045e-15  -8.88178e-16  8.88178e-16  4.44089e-16  8.88178e-16  8.88178e-16  4.44089e-16  1.9984e-15  -4.44089e-16  -2.22045e-16  -6.66134e-16  -6.66134e-16  0.0  6.66134e-16  -8.88178e-16  -1.11022e-15  5.55112e-16  -1.33227e-15  -6.66134e-16  8.88178e-16  -1.11022e-16  -2.31086e-9  -2.60883e-9  -2.32404e-9  -2.89644e-9  -7.93133e-9  -7.27862e-9  -2.6655e-8  -5.55585e-9  -1.48675e-9  -1.42515e-9  -3.51529e-8  -2.33509e-8  -8.58867e-8  -4.73161e-8  -9.33133e-8  -1.89905e-7  -2.72491e-7  -4.70687e-7  -2.55658e-7  -4.2296e-7  -2.60515e-6  -1.00151e-5  -3.94739e-6  -2.79559e-6  -6.02661e-6  -4.09235e-6  -3.45385e-6  -1.49308e-6  -5.83907e-6  -1.04674e-5  1.36539e-8  1.34304e-9  -1.2528e-5  -1.63145e-8  6.07642e-9  -1.34727e-8  -1.38888e-5  5.72762e-8  1.64582e-8  1.64038e-8  2.62513e-8  3.32908e-8  7.30609e-8  4.55856e-9  3.02662e-8  2.36664e-8  3.87441e-8  1.10214e-8  3.63432e-8  1.53168e-8  4.05008e-8  1.69219e-8  2.77367e-8  -1.77868e-8  9.48152e-8  6.04756e-8  3.20361e-8  -1.02842e-7  2.4682e-8  -4.56152e-8  -9.44605e-10  -2.86503e-7  -3.16218e-7  -7.67395e-8  -3.0593e-7  -7.77423e-7  -1.0843e-6  -1.50693e-6  -1.99169e-6  -2.26119e-6  -1.12694e-6  -2.40029e-6  -2.93943e-6  -2.77074e-6  -5.32291e-6  -7.97644e-7  -2.93053e-6  2.4707e-7  -5.16344e-6  -8.05879e-6  2.73464e-7  1.39525e-7  1.0701e-7  4.92213e-7  3.21701e-7  8.4189e-8  1.95438e-7  1.66403e-7  2.23058e-7  3.95823e-7  2.2728e-7  3.7107e-7  4.4684e-7  2.01148e-7  9.53933e-8  4.20306e-7  1.55931e-7  1.13945e-7  6.26683e-7  1.77282e-7  6.33218e-7  1.70122e-7  4.75128e-7  1.98905e-7  -1.03352e-5  -1.10803e-5  -8.32209e-6  -2.73675e-6  -8.89132e-6  -1.19063e-5  -2.26539e-5  -9.46967e-6  -1.48882e-5  -1.90009e-5  -2.03239e-5  -1.60673e-5  -2.49729e-5  -9.25838e-6  -1.833e-5  -1.1074e-5  -2.61625e-6  -1.66459e-5  -2.82669e-5  -1.1783e-5  -2.98257e-5  -1.19785e-5  -1.359e-5  -3.6192e-5  -5.39613e-5  -3.05937e-5  -1.04576e-5  -1.55468e-5  -5.15229e-5  -2.38784e-5  -3.44347e-5  -3.01252e-5  -5.27527e-5  -3.45615e-5  -5.5172e-5  -3.42725e-5  -2.11243e-5  -7.37313e-5  -5.39812e-5  -5.7678e-5  -5.02018e-5  -8.17101e-5  -4.12043e-5  -4.07985e-5  2.68891e-6  -5.98801e-5  -4.88428e-5  -5.99475e-5  9.40318e-6  -5.44752e-5  2.85515e-6  2.63015e-6  -8.87279e-5  3.21228e-6  -2.38039e-5  -3.02097e-5  3.3585e-6  -7.38159e-5  3.12394e-6  3.84498e-6  5.3882e-6  2.32623e-6  2.90498e-6  4.08237e-6  2.11929e-6  2.10627e-6  4.21949e-6  7.29941e-7  -8.85449e-5  3.27033e-6  7.61636e-6  3.16165e-6
200 Eigenvalues converges, out of 200 requested.
Running with beta = 20
Running with l = 10
Starting Davidson with n_aux = 320, l_buffer = 15, lc = 10, thresh = 0.0015, max_iter = 100
Iter 1: V_size = 31, Converged = 0, ‖r‖ (largest λ) = 0.01243789060943334
Iter 2: V_size = 46, Converged = 0, ‖r‖ (largest λ) = 0.11315308260894438
Iter 3: V_size = 61, Converged = 0, ‖r‖ (largest λ) = 0.3002636384995543
Iter 4: V_size = 76, Converged = 0, ‖r‖ (largest λ) = 0.11591571344466559
Iter 5: V_size = 91, Converged = 0, ‖r‖ (largest λ) = 0.041060893021033454
Iter 6: V_size = 102, Converged = 4, ‖r‖ (largest λ) = 0.0024799177545540684
Iter 7: V_size = 113, Converged = 4, ‖r‖ (largest λ) = 1.6358707101087032e-5
Iter 8: V_size = 124, Converged = 4, ‖r‖ (largest λ) = 2.970638047101994e-5
Iter 9: V_size = 135, Converged = 4, ‖r‖ (largest λ) = 1.966947043381721e-5
Converged all required eigenvalues.
 60.828312 seconds (140.78 k allocations: 4.065 GiB, 2.23% gc time)
Number of FLOPs: 274706911194

Reading exact Eigenvalues...
Reading eigenvalues from ../../Eigenvalues_folder/eigenres_H2_RNDbasis1.jld2

Compute the difference between computed and exact eigenvalues:
1×10 adjoint(::Vector{Float64}) with eltype Float64:
 -3.55271e-15  -3.55271e-15  0.0  0.0  -8.88178e-16  1.11022e-15  0.0  -2.22045e-16  6.66134e-16  8.88178e-16
10 Eigenvalues converges, out of 10 requested.
Running with l = 50
Starting Davidson with n_aux = 320, l_buffer = 75, lc = 50, thresh = 0.002, max_iter = 100
Iter 1: V_size = 32, Converged = 0, ‖r‖ (largest λ) = 0.01243789060943334
Iter 2: V_size = 64, Converged = 0, ‖r‖ (largest λ) = 0.0031033434797851376
Iter 3: V_size = 128, Converged = 0, ‖r‖ (largest λ) = 0.0007541059972443483
Iter 4: V_size = 203, Converged = 0, ‖r‖ (largest λ) = 0.005338944067445293
Iter 5: V_size = 277, Converged = 1, ‖r‖ (largest λ) = 0.014402957379957318
Iter 6: V_size = 148, Converged = 1, ‖r‖ (largest λ) = 0.002237567560018296
Iter 7: V_size = 222, Converged = 1, ‖r‖ (largest λ) = 0.014497663243860788
Iter 8: V_size = 276, Converged = 21, ‖r‖ (largest λ) = 0.015395728586345764
Iter 9: V_size = 108, Converged = 21, ‖r‖ (largest λ) = 2.350876670123152e-6
Hybrid Davidson-JD corrections at iteration 10
Iter 10: V_size = 162, Converged = 21, ‖r‖ (largest λ) = 0.01353336943714495
Hybrid Davidson-JD corrections at iteration 11
Iter 11: V_size = 216, Converged = 21, ‖r‖ (largest λ) = 0.009306750780795592
Converged all required eigenvalues.
123.350934 seconds (1.64 M allocations: 44.567 GiB, 3.19% gc time, 0.29% compilation time)
Number of FLOPs: 760980185540

Reading exact Eigenvalues...
Reading eigenvalues from ../../Eigenvalues_folder/eigenres_H2_RNDbasis1.jld2

Compute the difference between computed and exact eigenvalues:
1×50 adjoint(::Vector{Float64}) with eltype Float64:
 -2.66454e-15  -8.88178e-16  1.77636e-15  8.88178e-16  -1.33227e-15  -4.44089e-16  -2.22045e-16  8.88178e-16  6.66134e-16  1.11022e-15  2.22045e-15  0.0  -2.22045e-16  -1.55431e-15  -4.44089e-16  0.0  -2.22045e-16  -1.11022e-16  1.11022e-16  5.55112e-16  -1.88738e-15  7.77156e-16  -2.22045e-16  0.0  4.44089e-16  2.22045e-16  0.0  1.11022e-16  0.0  -3.33067e-16  1.11022e-16  -5.55112e-16  1.11022e-16  1.11022e-16  -2.22045e-16  -1.11022e-16  1.11022e-16  1.11022e-16  -1.66533e-16  0.0  5.55112e-17  -5.55112e-17  -1.66533e-16  -2.22045e-16  0.0  -1.11022e-16  -5.55112e-16  0.0  -5.55112e-17  -1.11022e-16
50 Eigenvalues converges, out of 50 requested.
Running with l = 100
Starting Davidson with n_aux = 320, l_buffer = 150, lc = 101, thresh = 0.0025, max_iter = 100
Iter 1: V_size = 32, Converged = 0, ‖r‖ (largest λ) = 0.01243789060943334
Iter 2: V_size = 64, Converged = 0, ‖r‖ (largest λ) = 0.0031033434797851376
Iter 3: V_size = 128, Converged = 0, ‖r‖ (largest λ) = 0.0007541059972443483
Iter 4: V_size = 256, Converged = 0, ‖r‖ (largest λ) = 0.00020989139304042372
Iter 5: V_size = 298, Converged = 1, ‖r‖ (largest λ) = 0.001135942318273829
Iter 6: V_size = 298, Converged = 1, ‖r‖ (largest λ) = 0.002862828618656125
Iter 7: V_size = 298, Converged = 1, ‖r‖ (largest λ) = 0.0008550723888226027
Iter 8: V_size = 170, Converged = 65, ‖r‖ (largest λ) = 0.0005269459640176228
Iter 9: V_size = 255, Converged = 65, ‖r‖ (largest λ) = 0.0004029029369125179
Hybrid Davidson-JD corrections at iteration 10
Total MINRES iterations: 56
Iter 10: V_size = 170, Converged = 65, ‖r‖ (largest λ) = 0.0008539825447644365
Converged all required eigenvalues.
201.802535 seconds (3.30 M allocations: 92.460 GiB, 4.10% gc time)
Number of FLOPs: 958271497444

Reading exact Eigenvalues...
Reading eigenvalues from ../../Eigenvalues_folder/eigenres_H2_RNDbasis1.jld2

Compute the difference between computed and exact eigenvalues:
1×100 adjoint(::Vector{Float64}) with eltype Float64:
 -1.77636e-15  -1.77636e-15  4.44089e-16  8.88178e-16  -8.88178e-16  4.44089e-16  6.66134e-16  6.66134e-16  6.66134e-16  1.33227e-15  1.77636e-15  -1.33227e-15  -2.22045e-16  -6.66134e-16  -1.55431e-15  6.66134e-16  -1.33227e-15  -1.9984e-15  0.0  3.33067e-16  0.0  -1.11022e-15  1.55431e-15  1.11022e-16  -6.66134e-16  4.44089e-16  -9.99201e-16  1.33227e-15  1.11022e-15  2.22045e-16  -3.33067e-16  -1.44329e-15  -6.66134e-16  -1.11022e-15  -1.33227e-15  7.77156e-16  -1.22125e-15  -7.21645e-16  -4.16334e-15  1.9984e-15  -1.77636e-15  -1.27676e-15  -7.32747e-15  -6.27276e-15  -5.72875e-14  -7.29417e-14  -7.73825e-14  -2.20546e-13  -2.25209e-13  -3.40616e-13  -1.30673e-13  -9.77551e-14  -7.46625e-13  -6.54088e-13  -7.19091e-13  -2.33041e-12  -3.50403e-12  -7.88836e-12  -1.06153e-11  -5.55112e-17  -3.44075e-12  -5.55112e-17  -1.3274e-11  -1.11022e-16  -3.78825e-11  1.66533e-16  -4.38932e-11  -4.59077e-11  -7.24467e-11  1.11022e-16  -5.55112e-17  0.0  -1.11022e-16  -2.22045e-16  -1.38778e-16  -5.55112e-17  2.77556e-17  -2.83107e-15  -4.35763e-15  -6.245e-15  -3.55271e-15  -2.69507e-14  -3.77476e-15  -4.82392e-14  -1.11272e-13  -1.32866e-13  -2.27596e-14  -2.16771e-14  -2.39975e-13  -6.27831e-13  -1.69675e-12  -2.01636e-12  -1.39427e-12  -4.10177e-12  -1.69356e-12  -1.26053e-11  -1.08869e-11  -5.95748e-12  -1.36286e-11  -1.89646e-12
100 Eigenvalues converges, out of 100 requested.
Running with l = 200
Starting Davidson with n_aux = 400, l_buffer = 300, lc = 202, thresh = 0.003, max_iter = 100
Iter 1: V_size = 40, Converged = 0, ‖r‖ (largest λ) = 0.011480073599996846
Iter 2: V_size = 80, Converged = 0, ‖r‖ (largest λ) = 0.002280189232841786
Iter 3: V_size = 160, Converged = 0, ‖r‖ (largest λ) = 0.0005393068856438539
Iter 4: V_size = 320, Converged = 0, ‖r‖ (largest λ) = 0.00011256860785194907
Iter 5: V_size = 400, Converged = 2, ‖r‖ (largest λ) = 7.451145686299318e-5
Iter 6: V_size = 400, Converged = 2, ‖r‖ (largest λ) = 0.00011468174674404814
Iter 7: V_size = 400, Converged = 2, ‖r‖ (largest λ) = 0.00023031091592152817
Iter 8: V_size = 400, Converged = 88, ‖r‖ (largest λ) = 0.00037325837699619046
Iter 9: V_size = 400, Converged = 88, ‖r‖ (largest λ) = 0.0002740724797449173
Hybrid Davidson-JD corrections at iteration 10
Total MINRES iterations: 118
Iter 10: V_size = 400, Converged = 88, ‖r‖ (largest λ) = 0.00023095839147355165
Converged all required eigenvalues.
320.432651 seconds (9.54 M allocations: 268.929 GiB, 5.11% gc time)
Number of FLOPs: 1658183102284

Reading exact Eigenvalues...
Reading eigenvalues from ../../Eigenvalues_folder/eigenres_H2_RNDbasis1.jld2

Compute the difference between computed and exact eigenvalues:
1×200 adjoint(::Vector{Float64}) with eltype Float64:
 -3.55271e-15  -8.88178e-16  8.88178e-16  1.33227e-15  -2.22045e-15  6.66134e-16  2.22045e-16  8.88178e-16  8.88178e-16  1.11022e-15  2.22045e-15  -4.44089e-16  4.44089e-16  0.0  -6.66134e-16  -8.88178e-16  -2.22045e-16  -2.22045e-16  -2.22045e-16  7.77156e-16  -9.99201e-16  -4.44089e-16  -7.77156e-16  -9.99201e-16  1.55431e-15  -5.55112e-16  -5.55112e-16  -1.11022e-16  -2.22045e-16  3.33067e-16  -3.33067e-16  7.77156e-16  -8.88178e-16  5.55112e-16  3.33067e-16  -8.88178e-16  -4.44089e-16  -3.33067e-16  4.996e-16  1.11022e-16  7.77156e-16  -4.44089e-16  5.55112e-16  -6.10623e-16  -2.22045e-16  0.0  1.66533e-16  -1.16573e-15  -8.88178e-16  1.05471e-15  -1.11022e-16  -2.10942e-15  9.99201e-16  2.16493e-15  -2.05391e-15  -1.27676e-15  -2.77556e-16  2.60902e-15  -4.996e-16  9.99201e-16  1.33227e-15  -4.05231e-15  -1.38778e-15  -2.60902e-15  -1.60982e-15  -8.27116e-15  -1.77636e-15  -4.996e-16  -6.38378e-15  -1.16018e-14  -1.87628e-14  -2.41474e-14  -1.91513e-14  -6.98608e-14  -9.73666e-14  -1.55154e-14  -2.44027e-13  -1.03934e-11  -9.30608e-12  -2.82158e-12  -6.00081e-12  -1.65577e-10  -6.0578e-11  -3.48992e-10  -6.55331e-10  -7.21645e-16  -8.17545e-11  -2.21915e-10  -3.41614e-9  -8.88178e-16  -4.80171e-15  -1.2268e-14  -3.44169e-15  -5.07927e-15  -2.53964e-14  -2.87825e-14  -1.67921e-14  -2.40086e-14  -3.83582e-14  -3.85803e-15  -9.21763e-14  -3.61572e-13  -1.90487e-13  -3.69094e-13  -1.07553e-13  -5.24081e-13  -4.16694e-13  -6.47038e-13  -4.03899e-13  -3.82444e-13  -3.46057e-13  -3.76754e-13  -9.06691e-13  -6.86645e-13  -1.93745e-12  -6.96387e-13  -3.78161e-12  -2.21678e-12  -2.3381e-12  -6.16812e-12  -3.43273e-12  -4.99717e-12  -1.21911e-11  -4.50245e-12  -1.05122e-11  -1.05153e-11  -5.76747e-12  -1.02623e-11  -3.13096e-11  -1.59831e-11  -2.18887e-11  -2.25824e-12  -3.40285e-11  -1.59487e-11  -5.08966e-11  -2.91133e-11  -3.47666e-11  -6.55876e-11  -1.05109e-10  -7.8716e-11  -8.9739e-11  -4.05881e-11  -2.62927e-10  -9.92022e-11  -4.23021e-11  -1.22386e-10  -2.43047e-10  -1.50409e-10  -2.27997e-10  -1.08316e-10  -1.27414e-10  -3.74289e-10  -4.68186e-10  -2.89783e-10  -8.74459e-11  -1.01061e-10  -5.50445e-10  -2.63646e-10  -5.94084e-10  -3.8463e-10  -3.95339e-10  -8.58078e-10  -1.01478e-9  -9.89776e-10  -6.19285e-10  -2.42676e-9  -1.75659e-9  -2.35453e-9  -2.02594e-9  -2.29143e-9  -1.81682e-9  -2.16203e-9  -3.80675e-9  -2.99348e-9  -2.93563e-9  -2.01897e-9  -3.28948e-9  -5.13241e-9  -1.73349e-7  -1.41398e-7  -2.77643e-7  -2.53478e-7  -2.68416e-7  -4.01447e-7  -3.42994e-7  -3.6159e-7  -4.89128e-7  -2.52746e-7  -2.5551e-7  -6.07879e-7  -1.01066e-6  -6.86502e-7  -9.92506e-7  -1.14319e-6  -1.08228e-6  -1.26242e-6  -2.73777e-7  -1.32816e-6  -1.62452e-6  -1.80484e-6
200 Eigenvalues converges, out of 200 requested.
Running with beta = 25
Running with l = 10
Starting Davidson with n_aux = 400, l_buffer = 15, lc = 10, thresh = 0.0015, max_iter = 100
Iter 1: V_size = 31, Converged = 0, ‖r‖ (largest λ) = 0.01243789060943334
Iter 2: V_size = 46, Converged = 0, ‖r‖ (largest λ) = 0.11315308260894438
Iter 3: V_size = 61, Converged = 0, ‖r‖ (largest λ) = 0.3002636384995543
Iter 4: V_size = 76, Converged = 0, ‖r‖ (largest λ) = 0.11591571344466559
Iter 5: V_size = 91, Converged = 0, ‖r‖ (largest λ) = 0.041060893021033454
Iter 6: V_size = 102, Converged = 4, ‖r‖ (largest λ) = 0.0024799177545540684
Iter 7: V_size = 113, Converged = 4, ‖r‖ (largest λ) = 1.6358707101087032e-5
Iter 8: V_size = 124, Converged = 4, ‖r‖ (largest λ) = 2.970638047101994e-5
Iter 9: V_size = 135, Converged = 4, ‖r‖ (largest λ) = 1.966947043381721e-5
Converged all required eigenvalues.
 49.986474 seconds (140.78 k allocations: 4.065 GiB, 2.17% gc time)
Number of FLOPs: 274706911194

Reading exact Eigenvalues...
Reading eigenvalues from ../../Eigenvalues_folder/eigenres_H2_RNDbasis1.jld2

Compute the difference between computed and exact eigenvalues:
1×10 adjoint(::Vector{Float64}) with eltype Float64:
 -3.55271e-15  -3.55271e-15  0.0  0.0  -8.88178e-16  1.11022e-15  0.0  -2.22045e-16  6.66134e-16  8.88178e-16
10 Eigenvalues converges, out of 10 requested.
Running with l = 50
Starting Davidson with n_aux = 400, l_buffer = 75, lc = 50, thresh = 0.002, max_iter = 100
Iter 1: V_size = 32, Converged = 0, ‖r‖ (largest λ) = 0.01243789060943334
Iter 2: V_size = 64, Converged = 0, ‖r‖ (largest λ) = 0.0031033434797851376
Iter 3: V_size = 128, Converged = 0, ‖r‖ (largest λ) = 0.0007541059972443483
Iter 4: V_size = 203, Converged = 0, ‖r‖ (largest λ) = 0.005338944067445293
Iter 5: V_size = 277, Converged = 1, ‖r‖ (largest λ) = 0.014402957379957318
Iter 6: V_size = 351, Converged = 1, ‖r‖ (largest λ) = 0.002237567560018296
Iter 7: V_size = 148, Converged = 1, ‖r‖ (largest λ) = 7.777764153946059e-5
Iter 8: V_size = 202, Converged = 21, ‖r‖ (largest λ) = 3.693377525773733e-6
Iter 9: V_size = 256, Converged = 21, ‖r‖ (largest λ) = 4.359574636884659e-8
Hybrid Davidson-JD corrections at iteration 10
Iter 10: V_size = 310, Converged = 21, ‖r‖ (largest λ) = 1.264936352036415e-7
Hybrid Davidson-JD corrections at iteration 11
Iter 11: V_size = 364, Converged = 21, ‖r‖ (largest λ) = 7.629826835409506e-8
Converged all required eigenvalues.
166.963996 seconds (1.99 M allocations: 55.808 GiB, 2.97% gc time)
Number of FLOPs: 920247123190

Reading exact Eigenvalues...
Reading eigenvalues from ../../Eigenvalues_folder/eigenres_H2_RNDbasis1.jld2

Compute the difference between computed and exact eigenvalues:
1×50 adjoint(::Vector{Float64}) with eltype Float64:
 -2.66454e-15  -8.88178e-16  8.88178e-16  2.66454e-15  -2.66454e-15  8.88178e-16  4.44089e-16  6.66134e-16  6.66134e-16  2.22045e-16  2.44249e-15  -8.88178e-16  1.33227e-15  -1.33227e-15  4.44089e-16  -1.9984e-15  1.11022e-15  0.0  -4.44089e-16  1.11022e-16  -4.44089e-16  5.55112e-16  -1.11022e-15  -3.33067e-16  -2.22045e-16  3.33067e-16  -2.22045e-16  -1.11022e-16  2.22045e-16  -2.22045e-16  1.11022e-16  -6.66134e-16  -1.11022e-16  0.0  -1.11022e-16  -1.11022e-16  1.11022e-16  2.22045e-16  -1.11022e-16  1.66533e-16  5.55112e-17  -5.55112e-17  -5.55112e-17  -2.22045e-16  1.11022e-16  5.55112e-17  -3.33067e-16  -2.22045e-16  1.66533e-16  -1.11022e-16
50 Eigenvalues converges, out of 50 requested.
Running with l = 100
Starting Davidson with n_aux = 400, l_buffer = 150, lc = 101, thresh = 0.0025, max_iter = 100
Iter 1: V_size = 32, Converged = 0, ‖r‖ (largest λ) = 0.01243789060943334
Iter 2: V_size = 64, Converged = 0, ‖r‖ (largest λ) = 0.0031033434797851376
Iter 3: V_size = 128, Converged = 0, ‖r‖ (largest λ) = 0.0007541059972443483
Iter 4: V_size = 256, Converged = 0, ‖r‖ (largest λ) = 0.00020989139304042372
Iter 5: V_size = 298, Converged = 1, ‖r‖ (largest λ) = 0.001135942318273829
Iter 6: V_size = 298, Converged = 1, ‖r‖ (largest λ) = 0.002862828618656125
Iter 7: V_size = 298, Converged = 1, ‖r‖ (largest λ) = 0.0008550723888226027
Iter 8: V_size = 383, Converged = 65, ‖r‖ (largest λ) = 0.0005269459640176228
Iter 9: V_size = 170, Converged = 65, ‖r‖ (largest λ) = 4.1982000736497064e-5
Hybrid Davidson-JD corrections at iteration 10
Total MINRES iterations: 30
Iter 10: V_size = 255, Converged = 65, ‖r‖ (largest λ) = 0.0013064243175410128
Hybrid Davidson-JD corrections at iteration 11
Total MINRES iterations: 29
Iter 11: V_size = 340, Converged = 65, ‖r‖ (largest λ) = 0.0015632748756756686
Converged all required eigenvalues.
207.350419 seconds (4.47 M allocations: 117.291 GiB, 4.10% gc time, 0.48% compilation time)
Number of FLOPs: 1159901867748

Reading exact Eigenvalues...
Reading eigenvalues from ../../Eigenvalues_folder/eigenres_H2_RNDbasis1.jld2

Compute the difference between computed and exact eigenvalues:
1×100 adjoint(::Vector{Float64}) with eltype Float64:
 -1.77636e-15  -1.77636e-15  4.44089e-16  8.88178e-16  -8.88178e-16  4.44089e-16  6.66134e-16  6.66134e-16  6.66134e-16  1.33227e-15  1.77636e-15  -1.33227e-15  -2.22045e-16  -6.66134e-16  -1.55431e-15  6.66134e-16  -1.33227e-15  -1.9984e-15  0.0  3.33067e-16  0.0  -1.11022e-15  1.55431e-15  1.11022e-16  -6.66134e-16  4.44089e-16  -9.99201e-16  1.33227e-15  1.11022e-15  2.22045e-16  -3.33067e-16  -1.44329e-15  -6.66134e-16  -1.11022e-15  -1.33227e-15  7.77156e-16  -1.22125e-15  -7.21645e-16  -4.16334e-15  1.9984e-15  -1.77636e-15  -1.27676e-15  -7.32747e-15  -6.27276e-15  -5.72875e-14  -7.29417e-14  -7.73825e-14  -2.20546e-13  -2.25209e-13  -3.40616e-13  -1.30673e-13  -9.77551e-14  -7.46625e-13  -6.54088e-13  -7.19091e-13  -2.33041e-12  -3.50403e-12  -7.88836e-12  -1.06153e-11  5.55112e-17  -3.44075e-12  5.55112e-17  -1.3274e-11  -5.55112e-17  -3.78825e-11  1.66533e-16  -4.38932e-11  -4.59077e-11  -7.24467e-11  1.11022e-16  -2.22045e-16  -5.55112e-17  -1.11022e-16  -8.32667e-17  -1.11022e-16  -2.77556e-17  5.55112e-17  1.38778e-16  2.77556e-17  1.11022e-16  -2.77556e-17  0.0  8.32667e-17  -2.77556e-17  -2.498e-16  -5.82867e-16  2.498e-16  1.38778e-16  -6.10623e-16  -2.33147e-15  -1.19904e-14  -1.10745e-14  -1.68754e-14  -4.52693e-14  -1.63758e-14  -1.64535e-13  -1.52933e-13  -9.03444e-14  -2.11581e-13  -3.66929e-14
100 Eigenvalues converges, out of 100 requested.
Running with l = 200
Starting Davidson with n_aux = 500, l_buffer = 300, lc = 202, thresh = 0.003, max_iter = 100
Iter 1: V_size = 40, Converged = 0, ‖r‖ (largest λ) = 0.011480073599996846
Iter 2: V_size = 80, Converged = 0, ‖r‖ (largest λ) = 0.002280189232841786
Iter 3: V_size = 160, Converged = 0, ‖r‖ (largest λ) = 0.0005393068856438539
Iter 4: V_size = 320, Converged = 0, ‖r‖ (largest λ) = 0.00011256860785194907
Iter 5: V_size = 500, Converged = 2, ‖r‖ (largest λ) = 7.451145686299318e-5
Iter 6: V_size = 500, Converged = 2, ‖r‖ (largest λ) = 0.0001572199469267288
Iter 7: V_size = 500, Converged = 2, ‖r‖ (largest λ) = 0.0004205076319800525
Iter 8: V_size = 420, Converged = 90, ‖r‖ (largest λ) = 0.00035721297707380005
Iter 9: V_size = 420, Converged = 90, ‖r‖ (largest λ) = 0.00021548157515411076
Hybrid Davidson-JD corrections at iteration 10
Total MINRES iterations: 113
Iter 10: V_size = 420, Converged = 90, ‖r‖ (largest λ) = 0.00013053709404832597
Converged all required eigenvalues.
478.657069 seconds (10.73 M allocations: 303.086 GiB, 4.61% gc time)
Number of FLOPs: 1782383704624

Reading exact Eigenvalues...
Reading eigenvalues from ../../Eigenvalues_folder/eigenres_H2_RNDbasis1.jld2

Compute the difference between computed and exact eigenvalues:
1×200 adjoint(::Vector{Float64}) with eltype Float64:
 -3.55271e-15  -8.88178e-16  1.33227e-15  8.88178e-16  -1.33227e-15  6.66134e-16  8.88178e-16  8.88178e-16  1.55431e-15  4.44089e-16  1.11022e-15  -6.66134e-16  4.44089e-16  -6.66134e-16  -4.44089e-16  -4.44089e-16  0.0  -1.55431e-15  -1.22125e-15  5.55112e-16  -7.77156e-16  4.44089e-16  8.88178e-16  -1.11022e-16  2.22045e-16  1.77636e-15  -2.22045e-16  1.88738e-15  -3.33067e-16  7.77156e-16  6.66134e-16  -6.66134e-16  -5.55112e-16  -2.22045e-16  1.11022e-15  -2.22045e-16  2.22045e-16  7.21645e-16  2.77556e-16  -1.66533e-16  4.996e-16  -2.22045e-16  2.77556e-16  -2.05391e-15  1.11022e-16  -1.66533e-16  -1.11022e-16  8.32667e-16  -3.88578e-16  -6.10623e-16  2.22045e-16  -2.22045e-16  -9.99201e-16  -1.66533e-16  0.0  -9.4369e-16  -4.44089e-16  -1.33227e-15  1.44329e-15  3.88578e-16  1.16573e-15  4.44089e-16  -2.9976e-15  -2.10942e-15  -4.996e-16  -4.4964e-15  -5.93969e-15  2.60902e-15  -2.33147e-15  -4.05231e-15  -3.05311e-15  -7.43849e-15  -5.71765e-15  -8.38218e-15  -1.35614e-13  -5.66214e-15  -1.14658e-13  -1.17478e-11  -1.19675e-11  -7.06629e-13  -1.63783e-12  -1.57212e-10  -7.03177e-11  -3.74321e-10  -5.72791e-10  -7.49401e-16  -5.3381e-11  -1.78366e-10  -2.21658e-9  -2.79333e-9  -7.79932e-15  -6.21725e-15  -3.94129e-15  -6.60583e-15  -1.15741e-14  -2.15383e-14  -1.04083e-14  -2.31759e-14  -3.57769e-14  -1.49506e-9  -1.34365e-13  -3.2796e-13  -1.37113e-13  -4.35402e-13  -1.40388e-13  -5.23276e-13  -3.67428e-13  -6.04544e-13  -4.9194e-13  -4.05925e-13  -4.46365e-13  -5.54029e-13  -9.12243e-13  -5.62883e-13  -1.92876e-12  -7.00523e-13  -2.77053e-12  -3.22833e-12  -3.05192e-12  -9.70646e-12  -4.98962e-12  -4.60501e-12  -8.37005e-12  -5.16162e-12  -6.72121e-12  -1.39863e-11  -1.18397e-11  -8.89369e-12  -3.59509e-11  -2.05193e-11  -4.36079e-11  -2.94378e-12  -2.50882e-11  -2.18559e-11  -6.71533e-11  -4.55095e-11  -4.05349e-11  -6.69034e-11  -1.11595e-10  -8.95814e-11  -1.21767e-10  -8.73513e-11  -3.71533e-10  -1.11499e-10  -6.53653e-11  -2.84287e-10  -3.68965e-10  -2.55508e-10  -2.00501e-10  -1.92833e-10  -1.89908e-10  -5.83403e-10  -8.31583e-10  -4.27875e-10  -1.1275e-10  -8.30259e-11  -6.73893e-10  -6.49329e-10  -7.35471e-10  -8.60007e-10  -1.31214e-9  -2.19696e-9  -2.25926e-9  -2.39541e-9  -6.12691e-10  -4.85265e-9  -1.9235e-9  -1.86368e-9  -2.5124e-9  -4.20729e-9  -1.65015e-9  -2.14776e-9  -4.434e-9  -3.55813e-9  -3.18292e-9  -5.36545e-9  -6.4875e-9  -1.0436e-8  -9.12083e-9  -8.51647e-9  -1.68802e-8  -1.40942e-8  -2.56336e-8  -1.20588e-8  -2.44124e-8  -2.51283e-8  -1.23738e-8  -2.26992e-8  -2.27971e-8  -2.74616e-8  -2.8651e-8  -5.14303e-8  -3.42492e-8  -7.49305e-8  -7.42639e-8  -4.95209e-8  -1.26496e-8  -7.92411e-8  -6.53421e-8  -5.99444e-8
200 Eigenvalues converges, out of 200 requested.
Finished processing molecule: H2
