Processing molecule: uracil
Running with beta = 16
Running with l = 1050
Starting Davidson with n_aux = 1680, l_buffer = 1155, lc = 1055, thresh = 0.0015, max_iter = 100
Iter 1: V_size = 210, Converged = 0, ‖r‖ (largest λ) = 0.1516315241105587
Iter 2: V_size = 420, Converged = 0, ‖r‖ (largest λ) = 0.03270368987561489
Iter 3: V_size = 840, Converged = 0, ‖r‖ (largest λ) = 0.009779089027487775
Iter 4: V_size = 1680, Converged = 0, ‖r‖ (largest λ) = 0.0025810782883984172
Iter 5: V_size = 1680, Converged = 1, ‖r‖ (largest λ) = 0.014387564384808225
Iter 6: V_size = 1680, Converged = 2, ‖r‖ (largest λ) = 0.02587013347587186
Iter 7: V_size = 1680, Converged = 2, ‖r‖ (largest λ) = 0.0217873273851887
Iter 8: V_size = 1680, Converged = 2, ‖r‖ (largest λ) = 0.012251552346420138
Iter 9: V_size = 1444, Converged = 433, ‖r‖ (largest λ) = 0.00761014588253177
Hybrid Davidson-JD corrections at iteration 10
Total MINRES iterations: 167
Iter 10: V_size = 1444, Converged = 433, ‖r‖ (largest λ) = 0.005077694242912956
Hybrid Davidson-JD corrections at iteration 11
Total MINRES iterations: 0
Iter 11: V_size = 1444, Converged = 433, ‖r‖ (largest λ) = 0.004093554121312479
Hybrid Davidson-JD corrections at iteration 12
Total MINRES iterations: 0
Iter 12: V_size = 1058, Converged = 626, ‖r‖ (largest λ) = 0.003563127567503768
Hybrid Davidson-JD corrections at iteration 13
Total MINRES iterations: 56
Iter 13: V_size = 1587, Converged = 626, ‖r‖ (largest λ) = 0.0031174422979264853
Hybrid Davidson-JD corrections at iteration 14
Total MINRES iterations: 0
Iter 14: V_size = 1058, Converged = 626, ‖r‖ (largest λ) = 0.005294276631663886
Hybrid Davidson-JD corrections at iteration 15
Total MINRES iterations: 1144
Iter 15: V_size = 1419, Converged = 794, ‖r‖ (largest λ) = 0.002507270556848689
Hybrid Davidson-JD corrections at iteration 16
Total MINRES iterations: 1696
Iter 16: V_size = 720, Converged = 795, ‖r‖ (largest λ) = 0.002588677312413024
Hybrid Davidson-JD corrections at iteration 17
Total MINRES iterations: 911
Iter 17: V_size = 1080, Converged = 795, ‖r‖ (largest λ) = 0.009221053865184927
Hybrid Davidson-JD corrections at iteration 18
Total MINRES iterations: 2367
Iter 18: V_size = 1440, Converged = 795, ‖r‖ (largest λ) = 0.012687677276903038
Hybrid Davidson-JD corrections at iteration 19
Total MINRES iterations: 50
Iter 19: V_size = 1576, Converged = 1019, ‖r‖ (largest λ) = 0.013615420770397228
Hybrid Davidson-JD corrections at iteration 20
Total MINRES iterations: 173
Iter 20: V_size = 272, Converged = 1019, ‖r‖ (largest λ) = 1.063920422926834
Hybrid Davidson-JD corrections at iteration 21
Total MINRES iterations: 900
Iter 21: V_size = 408, Converged = 1019, ‖r‖ (largest λ) = 0.004271976794106127
Hybrid Davidson-JD corrections at iteration 22
Total MINRES iterations: 900
Iter 22: V_size = 544, Converged = 1019, ‖r‖ (largest λ) = 0.014175868080191148
Hybrid Davidson-JD corrections at iteration 23
Total MINRES iterations: 200
Iter 23: V_size = 680, Converged = 1019, ‖r‖ (largest λ) = 0.02073913483211274
Hybrid Davidson-JD corrections at iteration 24
Total MINRES iterations: 125
Iter 24: V_size = 816, Converged = 1019, ‖r‖ (largest λ) = 0.02127517844313074
Hybrid Davidson-JD corrections at iteration 25
Total MINRES iterations: 0
Iter 25: V_size = 952, Converged = 1019, ‖r‖ (largest λ) = 0.009585753693411851
Hybrid Davidson-JD corrections at iteration 26
Total MINRES iterations: 0
Iter 26: V_size = 1088, Converged = 1019, ‖r‖ (largest λ) = 0.005013319851433547
Hybrid Davidson-JD corrections at iteration 27
Total MINRES iterations: 0
Iter 27: V_size = 1223, Converged = 1020, ‖r‖ (largest λ) = 0.0033131695188029645
Hybrid Davidson-JD corrections at iteration 28
Total MINRES iterations: 40
Iter 28: V_size = 1356, Converged = 1022, ‖r‖ (largest λ) = 0.002566403298849366
Hybrid Davidson-JD corrections at iteration 29
Total MINRES iterations: 95
Iter 29: V_size = 1489, Converged = 1022, ‖r‖ (largest λ) = 0.0025399870697233634
Hybrid Davidson-JD corrections at iteration 30
Total MINRES iterations: 41
Iter 30: V_size = 1622, Converged = 1022, ‖r‖ (largest λ) = 0.0019202116611654052
Hybrid Davidson-JD corrections at iteration 31
Total MINRES iterations: 0
Iter 31: V_size = 266, Converged = 1022, ‖r‖ (largest λ) = 0.003292606428246336
Hybrid Davidson-JD corrections at iteration 32
Total MINRES iterations: 0
Iter 32: V_size = 399, Converged = 1022, ‖r‖ (largest λ) = 0.0020264415842445598
Converged all required eigenvalues.
26742.020548 seconds (462.09 M allocations: 36.603 TiB, 1.43% gc time, 0.01% compilation time)
Number of FLOPs: 154546089399384

Reading exact Eigenvalues...
Reading eigenvalues from ../../Eigenvalues_folder/eigenres_uracil_RNDbasis1.jld2

Compute the difference between computed and exact eigenvalues:
1×1050 adjoint(::Vector{Float64}) with eltype Float64:
 0.0  -3.55271e-15  7.10543e-15  1.06581e-14  7.10543e-15  0.0  -7.10543e-15  1.77636e-14  7.10543e-15  -1.06581e-14  -7.10543e-15  0.0  0.0  3.55271e-15  1.77636e-15  3.55271e-15  -1.77636e-15  5.32907e-15  0.0  -5.32907e-15  3.55271e-15  1.77636e-15  1.77636e-15  3.55271e-15  5.32907e-15  1.77636e-15  -5.32907e-15  -1.24345e-14  5.32907e-15  8.88178e-15  3.55271e-15  -5.32907e-15  -5.32907e-15  5.32907e-15  0.0  -3.55271e-15  -1.24345e-14  0.0  5.32907e-15  1.77636e-15  -8.88178e-16  0.0  4.44089e-15  -8.88178e-16  6.21725e-15  2.66454e-15  -7.99361e-15  -8.88178e-16  8.88178e-16  2.66454e-15  -4.44089e-15  -8.88178e-16  -4.44089e-15  -1.77636e-15  2.66454e-15  2.66454e-15  6.21725e-15  -1.77636e-15  1.77636e-15  -4.44089e-15  -3.55271e-15  -3.55271e-15  -4.44089e-15  -8.88178e-16  2.66454e-15  6.21725e-15  2.66454e-15  0.0  -4.44089e-15  -7.10543e-15  -8.88178e-16  8.88178e-16  -5.32907e-15  8.88178e-16  -5.32907e-15  7.10543e-15  -1.77636e-15  0.0  6.21725e-15  -4.44089e-15  -8.88178e-16  1.77636e-15  5.32907e-15  1.15463e-14  6.21725e-15  8.88178e-15  3.55271e-15  -2.66454e-15  -7.99361e-15  -4.44089e-15  4.44089e-15  4.44089e-15  -8.88178e-16  1.77636e-15  1.77636e-15  -1.33227e-15  -5.32907e-15  -3.55271e-15  -8.88178e-16  2.22045e-15  7.10543e-15  -3.10862e-15  -1.33227e-15  -3.10862e-15  -2.66454e-15  0.0  1.77636e-15  0.0  -4.44089e-16  -8.88178e-16  4.44089e-16  -1.33227e-15  -5.32907e-15  5.32907e-15  8.88178e-16  -1.33227e-15  -3.10862e-15  -2.66454e-15  4.44089e-15  3.55271e-15  -1.33227e-15  2.66454e-15  3.55271e-15  0.0  1.77636e-15  -3.10862e-15  -2.22045e-15  -3.55271e-15  4.44089e-15  -3.9968e-15  0.0  -2.66454e-15  2.22045e-15  -2.22045e-15  5.32907e-15  8.88178e-16  -4.44089e-15  4.88498e-15  -4.44089e-15  -5.32907e-15  -6.66134e-15  3.9968e-15  4.44089e-16  3.10862e-15  -8.43769e-15  -3.10862e-15  -3.55271e-15  7.54952e-15  6.66134e-15  5.77316e-15  3.9968e-15  8.88178e-16  5.77316e-15  -6.21725e-15  -4.44089e-16  -2.66454e-15  6.66134e-15  -7.54952e-15  -6.66134e-15  3.9968e-15  6.66134e-15  -6.21725e-15  0.0  -7.10543e-15  -5.32907e-15  1.46549e-14  4.44089e-16  1.55431e-14  0.0  7.10543e-15  4.44089e-15  1.33227e-15  4.44089e-15  7.99361e-15  1.77636e-14  -4.44089e-16  8.43769e-15  1.77636e-15  3.10862e-15  -7.99361e-15  5.77316e-15  -6.66134e-15  7.99361e-15  5.32907e-15  -7.10543e-15  -6.66134e-15  4.88498e-15  3.9968e-15  4.44089e-16  1.77636e-15  -3.10862e-15  4.44089e-15  3.10862e-15  -5.77316e-15  0.0  -3.10862e-15  7.99361e-15  8.88178e-15  1.33227e-15  -4.44089e-15  1.33227e-15  4.44089e-15  -6.21725e-15  -1.06581e-14  1.33227e-15  3.10862e-15  6.66134e-15  -6.21725e-15  1.77636e-15  -1.33227e-15  -1.02141e-14  2.66454e-15  -1.33227e-15  6.66134e-15  2.66454e-15  -4.44089e-15  -7.54952e-15  3.10862e-15  -7.10543e-15  7.54952e-15  9.32587e-15  1.77636e-15  9.76996e-15  -4.21885e-15  1.04361e-14  9.76996e-15  7.54952e-15  1.42109e-14  -3.33067e-15  9.32587e-15  1.17684e-14  -1.55431e-15  -1.13243e-14  3.77476e-15  -5.77316e-15  -9.10383e-15  -8.88178e-15  -2.22045e-14  -2.22045e-15  7.54952e-15  3.55271e-15  -4.44089e-16  -9.99201e-15  -6.43929e-15  9.76996e-15  -6.88338e-15  1.9984e-15  -7.54952e-15  8.43769e-15  -7.77156e-15  -1.02141e-14  9.32587e-15  -8.88178e-15  -7.10543e-15  -1.9984e-15  0.0  -7.54952e-15  -1.17684e-14  -4.88498e-15  -1.9984e-15  -3.10862e-15  -1.24345e-14  -5.32907e-15  6.43929e-15  1.46549e-14  1.13243e-14  -4.21885e-15  1.28786e-14  9.99201e-15  3.10862e-15  3.9968e-15  1.13243e-14  -2.22045e-16  2.88658e-15  1.33227e-15  -1.08802e-14  -1.06581e-14  4.44089e-15  1.06581e-14  9.54792e-15  7.32747e-15  -1.55431e-15  -2.44249e-15  -6.43929e-15  -1.04361e-14  -1.46549e-14  -6.66134e-15  8.43769e-15  7.10543e-15  -1.73195e-14  -2.66454e-15  4.44089e-15  1.15463e-14  6.43929e-15  -6.66134e-15  -1.39888e-14  -4.04121e-14  -1.06581e-14  -5.81757e-14  -4.55413e-13  -8.65974e-15  -2.59792e-14  -1.02585e-13  -4.19886e-13  -4.41869e-13  -1.39222e-13  -6.5814e-13  -1.51368e-12  -2.77334e-13  -6.76348e-13  -2.52287e-12  -1.22058e-12  -1.60738e-12  -2.58393e-12  -1.32405e-12  -6.48148e-13  -1.05427e-12  -2.8455e-12  -2.0226e-12  -2.33635e-12  -1.58025e-11  -6.86895e-12  -5.57772e-11  -2.45195e-11  -1.45526e-11  -3.69671e-11  -7.04405e-11  -4.80518e-11  -1.38082e-10  -7.25358e-11  -1.45668e-10  -3.40737e-10  -4.07277e-10  -2.36594e-10  -6.07465e-10  -6.13887e-10  -4.12044e-10  -4.61056e-10  -6.14826e-10  -7.05211e-10  -7.8644e-10  -1.01244e-9  -1.05271e-9  -9.06641e-10  -1.44836e-9  -1.47562e-9  -7.08309e-10  -1.68998e-9  -1.05943e-9  -1.78596e-9  -2.12962e-9  -3.56196e-9  -2.18022e-9  -2.74975e-9  -2.65897e-9  -3.5277e-9  -3.66607e-9  -2.6403e-9  -4.35971e-9  -3.98457e-9  -3.7273e-9  -5.82771e-9  -2.82435e-9  -8.00906e-9  -9.78629e-9  -5.33775e-9  -3.7206e-9  -9.75282e-9  -9.0163e-9  -9.65906e-9  -1.04161e-8  -1.09594e-8  -9.85494e-9  -1.28837e-8  -1.04985e-8  -8.42627e-9  -1.22989e-8  -1.23411e-8  -1.92904e-8  -1.67049e-8  -1.24783e-8  -2.32245e-8  -1.97202e-8  -1.92055e-8  -1.8583e-8  -2.54022e-8  -2.40112e-8  -2.86383e-8  -2.45172e-8  -2.66428e-8  -3.71738e-8  -2.51964e-8  -2.49068e-8  -3.3498e-8  -2.96467e-8  -3.39475e-8  -3.52874e-8  -4.39573e-8  -4.10186e-8  -3.05048e-8  -5.67907e-8  -4.23625e-8  -5.47859e-8  -4.6296e-8  -5.77381e-8  -5.97746e-8  -4.30095e-8  -7.06258e-8  -5.49363e-8  -5.9203e-8  -5.40849e-8  -6.53131e-8  -8.36725e-8  -7.18263e-8  -8.91254e-8  -1.00528e-7  -7.76362e-8  -7.98073e-8  -1.31511e-7  -5.66295e-8  -8.41704e-8  -1.21618e-7  -1.07889e-7  -8.31892e-8  -1.26878e-7  -1.24584e-7  -2.77735e-8  -1.25406e-7  -1.03306e-7  -9.00328e-8  -1.19089e-7  -9.94254e-8  -3.84057e-8  -1.50239e-7  -4.69816e-8  -2.92403e-8  -1.13349e-7  -4.71361e-8  -3.57399e-8  -5.63055e-8  -4.00418e-8  -3.87055e-8  -4.98122e-8  -3.64359e-8  -4.90248e-8  -4.71715e-8  -5.09997e-8  -7.97132e-8  -5.2061e-8  -5.02914e-8  -6.64507e-8  -4.94828e-8  -7.94472e-8  -7.21284e-8  -7.3333e-8  -5.55808e-8  -8.8784e-8  -9.65565e-8  -8.33264e-8  -6.56589e-8  -5.86793e-8  -1.0062e-7  -8.9316e-8  -6.82711e-8  -1.14502e-7  -1.18063e-7  -1.01533e-7  -1.06684e-7  -1.04018e-7  -9.72465e-8  -9.87818e-8  -1.36204e-7  -1.4018e-7  -1.16139e-7  -1.31378e-7  -1.2381e-7  -9.98584e-8  -1.51576e-7  -1.57619e-7  -1.262e-7  -1.34334e-7  -1.54439e-7  -2.22759e-7  -1.72008e-7  -1.70205e-7  -2.36041e-7  -1.82679e-7  -1.91987e-7  -2.72836e-7  -1.83157e-7  -1.6857e-7  -1.75898e-7  -2.32482e-7  -2.36033e-7  -2.58924e-7  -2.40956e-7  -2.27411e-7  -3.08824e-7  -2.5551e-7  -2.60643e-7  -3.20205e-7  -3.60873e-7  -2.55078e-7  -2.68732e-7  -2.31038e-7  -2.36742e-7  -4.00835e-7  -3.91472e-7  -3.66418e-7  -4.57851e-7  -3.48245e-7  -2.16696e-7  -4.1115e-7  -3.74959e-7  -3.02112e-7  -3.05625e-7  -3.13416e-7  -4.26592e-7  -3.38168e-7  -3.40223e-7  -3.46728e-7  -5.10594e-7  -3.79785e-7  -3.76843e-7  -5.19963e-7  -3.95437e-7  -4.78991e-7  -5.42835e-7  -4.68242e-7  -6.75464e-7  -6.86415e-7  -6.30563e-7  -8.38635e-7  -6.91387e-7  -5.48226e-7  -7.80296e-7  -8.70523e-7  -7.73563e-7  -6.12023e-7  -1.01705e-6  -7.59659e-7  -6.95695e-7  -8.1871e-7  -6.49428e-7  -7.0864e-7  -7.91892e-7  -8.09003e-7  -7.1182e-7  -7.89714e-7  -9.15267e-7  -7.72943e-7  -6.34138e-7  -8.59457e-7  -9.5907e-7  -7.82388e-7  -1.12686e-6  -1.03818e-6  -8.19706e-7  -7.91195e-7  -1.00555e-6  -1.178e-6  -9.45834e-7  -1.17603e-6  -1.40622e-6  -1.17399e-6  -1.11383e-6  -1.22186e-6  -1.11415e-6  -1.45365e-6  -1.45405e-6  -1.12931e-6  -1.1367e-6  -1.23918e-6  -1.74773e-6  -1.84041e-6  -1.3698e-6  -1.44557e-6  -1.63981e-6  -1.47923e-6  -1.55111e-6  -2.21568e-6  -1.95838e-6  -1.58532e-6  -1.50282e-6  -1.55164e-6  -2.14588e-6  -1.52003e-6  -1.57075e-6  -2.05707e-6  -1.59634e-6  -1.85765e-6  -1.7777e-6  -1.98214e-6  -2.69491e-6  -1.97955e-6  -2.28561e-6  -2.41862e-6  -2.42366e-6  -2.15613e-6  -1.74208e-6  -2.0148e-6  -2.55673e-6  -2.3222e-6  -2.24636e-6  -2.20207e-6  -2.35873e-6  -2.78725e-6  -2.40197e-6  -2.4934e-6  -2.71792e-6  -2.6639e-6  -2.08758e-6  -2.51643e-6  -2.42278e-6  -2.22736e-6  -2.59418e-6  -2.95422e-6  -1.46817e-6  -3.02146e-6  -2.58753e-6  -2.54105e-6  -2.6212e-6  -2.6665e-6  -2.66727e-6  -2.80628e-6  -2.96593e-6  -1.33432e-6  -1.5098e-6  -1.43885e-6  -1.29318e-6  -1.29239e-6  -1.50471e-6  -1.67438e-6  -1.65709e-6  -1.50651e-6  -3.15318e-6  -1.60564e-6  -1.85213e-6  -1.89165e-6  -1.84956e-6  -1.72735e-6  -1.96006e-6  -1.68304e-6  -1.72565e-6  -1.74939e-6  -1.92086e-6  -1.7013e-6  -1.89177e-6  -1.81516e-6  -1.78804e-6  -2.01568e-6  -2.49656e-6  -2.17358e-6  -1.85955e-6  -2.11429e-6  -2.24107e-6  -2.33443e-6  -2.27896e-6  -1.94459e-6  -2.65177e-6  -1.63963e-6  -2.37174e-6  -2.66379e-6  -2.43137e-6  -2.39266e-6  -2.24658e-6  -2.61617e-6  -2.77453e-6  -3.51001e-6  -3.15903e-6  -2.75724e-6  -2.36104e-6  -2.33078e-6  -2.57763e-6  -1.92239e-6  -2.78699e-6  -2.82546e-6  -2.13914e-6  -2.90091e-6  -2.29525e-6  -2.72098e-6  -2.45946e-6  -2.84056e-6  -2.81068e-6  -2.54216e-6  -2.99345e-6  -3.34433e-6  -2.87246e-6  -2.96152e-6  -2.84177e-6  -2.77595e-6  -3.07645e-6  -3.36259e-6  -3.72215e-6  -3.51229e-6  -3.29052e-6  -3.89959e-6  -3.79291e-6  -2.98014e-6  -2.99843e-6  -3.56485e-6  -3.58815e-6  -3.00215e-6  -3.4179e-6  -2.95609e-6  -3.31707e-6  -3.87964e-6  -4.47172e-6  -3.47121e-6  -2.98652e-6  -4.12694e-6  -2.58278e-10  -4.0292e-6  -3.93769e-6  -3.68078e-6  -4.01507e-6  -3.57566e-6  -4.01975e-6  -3.78333e-6  -4.04978e-6  -4.31763e-6  6.58056e-10  -3.83241e-6  -3.49941e-6  -3.79679e-6  -3.72436e-6  -4.10094e-6  5.42555e-10  -8.32947e-10  -3.9168e-6  -4.36458e-6  -4.87884e-6  -3.8376e-6  3.69668e-10  6.77878e-10  -5.4552e-10  -5.20492e-6  -3.32169e-6  -4.85972e-6  9.54409e-11  -2.81096e-10  -3.2949e-10  -5.12585e-6  5.26748e-11  -3.26831e-10  -3.85755e-10  -5.2333e-10  -4.37064e-6  -1.495e-10  -6.7241e-11  -2.46191e-10  -3.62577e-10  -4.40669e-10  -5.32976e-10  3.78646e-10  -4.52899e-10  -6.67732e-10  -5.35712e-10  -4.99816e-10  -7.01486e-10  -6.83599e-10  4.50839e-10  -7.51575e-10  -8.67274e-10  -1.00797e-9  -9.08032e-10  -1.006e-9  -9.12685e-10  -1.07618e-9  -7.83495e-10  -1.06634e-9  -1.03395e-9  -1.03004e-9  -1.33002e-9  8.88752e-11  -1.38034e-9  -1.11988e-9  3.27109e-10  9.89249e-11  -1.51727e-9  -1.61361e-9  -1.59062e-9  -1.62902e-9  -1.78492e-9  -1.80845e-9  -2.39815e-9  1.07702e-10  -2.0388e-9  -2.30984e-9  9.17871e-11  2.97839e-10  -2.17291e-9  -2.26208e-9  -2.11432e-9  -2.50785e-9  -2.49171e-9  1.00608e-10  -2.5059e-9  -2.73566e-9  1.01815e-10  -3.00398e-9  4.29173e-10  4.10305e-11  5.01647e-11  -3.07456e-9  4.8686e-11  -4.78815e-9  -3.51425e-9  7.47854e-11  2.64045e-11  -7.64717e-6  5.28675e-11  -3.901e-9  -4.20046e-9  -4.60962e-9  4.53053e-10  -5.79455e-9  -5.05443e-9  5.28316e-11  -5.86603e-9  -7.99584e-6  -8.16864e-6  4.09873e-10  -6.72189e-9  -4.44969e-9  -5.21153e-9  -8.15933e-6  -6.0093e-9  -6.88376e-9  -6.33109e-9  -5.66125e-9  -8.42096e-9  -6.07474e-9  -7.84892e-6  -6.96757e-9  -7.6959e-9  9.96299e-10  -7.4184e-9  -8.69626e-9  -8.90279e-9  -7.69823e-9  -7.63305e-9  -8.44459e-9  -9.05979e-9  1.64582e-10  -8.29651e-9  -9.08309e-9  -6.82164e-9  -1.03865e-8  2.06154e-10  -1.05449e-8  -9.79769e-9  -1.08999e-8  -1.3379e-8  1.63668e-10  -1.01848e-8  -1.22904e-8  -1.12624e-8  -1.1915e-8  2.57312e-10  2.5949e-10  -1.46098e-10  2.27211e-10  1.77694e-10  -1.22274e-8  -1.33926e-8  -1.37085e-8  -1.52754e-8  2.49922e-10  -1.67349e-8  -1.70194e-8  -2.28906e-8  -1.2661e-8  -1.59349e-8  -1.60721e-8  2.57484e-10  -1.71395e-8  6.96988e-10  2.337e-10  -1.65923e-8  -1.49144e-8  2.18192e-10  -1.36118e-8  -1.83893e-8  2.11027e-10  2.34867e-10  2.99327e-10  2.18167e-10  -2.30149e-8  3.05499e-10  3.68108e-10  -2.2016e-8  -2.31302e-8  -2.77056e-8  -2.52014e-8  -2.67068e-8  -2.67172e-8  -2.65459e-8  -2.99077e-8  2.79552e-10  3.34776e-10  -2.73415e-8  -2.90811e-8  2.86718e-10  3.07187e-10  -3.13609e-8  3.621e-10  -2.60385e-8  -2.7742e-8  -3.08121e-8  -3.29741e-8  -3.82341e-8  2.934e-10  3.82677e-10  3.87472e-10  -3.19688e-8  -3.99964e-8  -3.66889e-8  -4.15469e-8  -5.39433e-8  -4.77507e-8  3.17857e-10  -3.71509e-8  -5.03732e-8  2.75428e-10  -4.55834e-8  2.90601e-10  -6.16607e-8  -4.37423e-8  -4.28463e-8  -5.39331e-8  3.06621e-10  4.24003e-10  4.59326e-10  4.64964e-10  3.18155e-10  4.7769e-10  4.819e-10  4.65939e-10  -1.17985e-8  -9.38584e-10  3.79767e-10  -1.09828e-8  4.44336e-10  4.35647e-10  -2.2043e-8  4.08515e-10  -2.60006e-9  -1.5629e-6  -3.14392e-9  -1.27815e-9  -9.05622e-7  -1.70098e-9  -9.0688e-7  -9.35381e-7  -5.80121e-7  -5.66473e-7  -7.00123e-7  -6.44835e-7  -3.71201e-6  -3.95654e-7  -5.28612e-7  -2.67293e-6  -2.66406e-6  -2.68479e-6  -2.70162e-6  -3.56146e-7  -3.42338e-7  -2.88545e-6  -3.58053e-7  -4.76256e-9  -2.58228e-6  -2.64141e-6  -2.63562e-6  -1.65524e-7  -2.02717e-6  -1.9712e-9  -3.15051e-7  -3.11488e-7  -2.04094e-6  -2.08822e-6  -2.47396e-6  -2.25919e-6  -2.46072e-6  -2.24122e-6  -2.74608e-6  -2.5124e-6  -2.34602e-6  -2.21143e-6  -2.42265e-6  -2.4933e-6  -2.20809e-6  -1.56944e-6  -2.36099e-6  6.57673e-9  -2.33028e-6  -2.43336e-6  -2.38124e-6  -1.78681e-6  -2.41178e-6  -2.38485e-6  -2.18792e-6  -2.41513e-6  -2.21733e-6  -2.66725e-6  -2.47823e-6  -2.23528e-6  -1.40097e-7  -2.46896e-6  -2.53545e-7  -2.54903e-6  -1.73034e-7  -2.23014e-6  -2.11818e-7  -6.31302e-8  -2.55476e-6  -9.00146e-8  -1.37426e-9  -2.43412e-6  -2.24368e-6  -2.78562e-7  -2.19875e-6  -2.05319e-6  -4.11235e-7  -1.62747e-7  -3.23803e-7  -5.19941e-7  -1.1426e-7  -1.94114e-7  -2.19795e-6  -3.407e-7  -2.11529e-7  -2.38189e-6  -2.11705e-7  -1.96566e-7  -3.19622e-7  -2.15093e-7  -2.25566e-7  -2.4077e-6  -2.37971e-6  -2.06208e-7  -3.93605e-7  -5.01832e-7  -3.69486e-7  -2.51386e-7  -1.48898e-7  -1.71195e-7  -4.33781e-9  -3.40139e-7  -9.53382e-8
1050 Eigenvalues converges, out of 1050 requested.
Running with l = 2100
Starting Davidson with n_aux = 3360, l_buffer = 2310, lc = 2110, thresh = 0.002, max_iter = 100
Iter 1: V_size = 420, Converged = 0, ‖r‖ (largest λ) = 0.05009456722285485
Iter 2: V_size = 840, Converged = 0, ‖r‖ (largest λ) = 0.00974895232376983
Iter 3: V_size = 1680, Converged = 0, ‖r‖ (largest λ) = 0.002621504589096449
Iter 4: V_size = 3360, Converged = 0, ‖r‖ (largest λ) = 0.00037949040280745277
Iter 5: V_size = 3360, Converged = 12, ‖r‖ (largest λ) = 0.0006152914387504029
Iter 6: V_size = 3360, Converged = 12, ‖r‖ (largest λ) = 0.0007569287875811399
Iter 7: V_size = 3360, Converged = 12, ‖r‖ (largest λ) = 0.0008892800024567272
Iter 8: V_size = 3360, Converged = 452, ‖r‖ (largest λ) = 0.0011007739816689091
Iter 9: V_size = 3360, Converged = 452, ‖r‖ (largest λ) = 0.0009018324216422878
Hybrid Davidson-JD corrections at iteration 10
Total MINRES iterations: 0
Iter 10: V_size = 3360, Converged = 452, ‖r‖ (largest λ) = 0.0006017637430026989
Hybrid Davidson-JD corrections at iteration 11
Total MINRES iterations: 0
Iter 11: V_size = 2472, Converged = 1074, ‖r‖ (largest λ) = 0.0005281651316159275
Hybrid Davidson-JD corrections at iteration 12
Total MINRES iterations: 1459
Iter 12: V_size = 2472, Converged = 1074, ‖r‖ (largest λ) = 0.0002744221721536087
Hybrid Davidson-JD corrections at iteration 13
Total MINRES iterations: 0
Iter 13: V_size = 2472, Converged = 1074, ‖r‖ (largest λ) = 0.0001819849572434709
Hybrid Davidson-JD corrections at iteration 14
Total MINRES iterations: 0
Iter 14: V_size = 2728, Converged = 2054, ‖r‖ (largest λ) = 0.00014531028627373316
Hybrid Davidson-JD corrections at iteration 15
Total MINRES iterations: 244
Iter 15: V_size = 2984, Converged = 2054, ‖r‖ (largest λ) = 0.44405076054230874
Hybrid Davidson-JD corrections at iteration 16
Total MINRES iterations: 0
Iter 16: V_size = 3240, Converged = 2054, ‖r‖ (largest λ) = 0.0003059476870209909
Hybrid Davidson-JD corrections at iteration 17
Total MINRES iterations: 1375
Iter 17: V_size = 512, Converged = 2054, ‖r‖ (largest λ) = 0.00017978087118170318
Converged all required eigenvalues.
32765.735352 seconds (1.09 G allocations: 86.993 TiB, 2.06% gc time)
Number of FLOPs: 189796579942176

Reading exact Eigenvalues...
Reading eigenvalues from ../../Eigenvalues_folder/eigenres_uracil_RNDbasis1.jld2

Compute the difference between computed and exact eigenvalues:
1×2100 adjoint(::Vector{Float64}) with eltype Float64:
 -2.84217e-14  -1.06581e-14  2.13163e-14  -3.55271e-15  -3.55271e-15  -1.77636e-14  3.55271e-15  1.42109e-14  7.10543e-15  1.06581e-14  -1.06581e-14  3.55271e-15  -3.55271e-15  0.0  0.0  0.0  3.55271e-15  1.77636e-15  -1.06581e-14  3.55271e-15  -3.55271e-15  1.77636e-15  1.77636e-15  5.32907e-15  3.55271e-15  3.55271e-15  0.0  1.77636e-15  0.0  0.0  3.55271e-15  -1.77636e-15  0.0  3.55271e-15  0.0  -1.06581e-14  7.10543e-15  -1.77636e-15  5.32907e-15  0.0  1.33227e-14  -1.77636e-15  -5.32907e-15  -1.77636e-15  2.66454e-15  -8.88178e-16  8.88178e-16  8.88178e-16  3.55271e-15  8.88178e-16  -8.88178e-16  1.77636e-15  1.77636e-15  -1.77636e-15  2.66454e-15  -8.88178e-16  6.21725e-15  -1.77636e-15  -5.32907e-15  -8.88178e-16  -2.66454e-15  2.66454e-15  -8.88178e-16  3.55271e-15  -1.77636e-15  -8.88178e-16  1.77636e-15  -8.88178e-16  -8.88178e-16  8.88178e-16  3.55271e-15  0.0  2.66454e-15  -1.77636e-15  -8.88178e-16  -1.77636e-15  0.0  0.0  8.88178e-16  -4.44089e-15  0.0  8.88178e-16  -1.77636e-15  1.77636e-15  1.77636e-15  0.0  -1.77636e-15  -8.88178e-16  -2.66454e-15  -8.88178e-16  0.0  -1.77636e-15  8.88178e-16  2.22045e-15  4.44089e-16  -3.10862e-15  0.0  0.0  -8.88178e-16  -1.33227e-15  3.10862e-15  0.0  3.10862e-15  1.33227e-15  -4.44089e-16  1.77636e-15  -1.33227e-15  4.44089e-16  -8.88178e-16  -1.33227e-15  4.44089e-16  0.0  4.44089e-16  8.88178e-16  -8.88178e-16  -3.9968e-15  2.66454e-15  -1.77636e-15  4.44089e-16  -4.44089e-16  3.10862e-15  -2.66454e-15  4.44089e-16  -8.88178e-16  1.33227e-15  2.22045e-15  -1.33227e-15  1.33227e-15  -4.44089e-16  -1.33227e-15  8.88178e-16  1.77636e-15  2.22045e-15  8.88178e-16  -8.88178e-16  3.9968e-15  8.88178e-16  -4.44089e-16  -3.55271e-15  -4.44089e-16  1.33227e-15  8.88178e-16  -4.44089e-16  3.10862e-15  -4.44089e-16  1.33227e-15  -4.44089e-16  0.0  1.33227e-15  3.55271e-15  1.77636e-15  -4.44089e-16  3.10862e-15  2.66454e-15  8.88178e-16  4.44089e-16  2.22045e-15  2.22045e-15  -3.10862e-15  4.44089e-16  -4.44089e-16  -3.10862e-15  2.66454e-15  2.22045e-15  4.44089e-16  -1.33227e-15  8.88178e-16  1.77636e-15  -4.44089e-16  8.88178e-16  -2.66454e-15  0.0  8.88178e-16  1.77636e-15  -1.77636e-15  -1.33227e-15  -1.33227e-15  0.0  0.0  -6.66134e-15  -8.88178e-16  -4.44089e-16  3.10862e-15  2.22045e-15  -4.44089e-16  3.10862e-15  2.22045e-15  -2.66454e-15  -3.10862e-15  3.55271e-15  0.0  -8.88178e-16  -5.77316e-15  -4.88498e-15  8.88178e-16  8.88178e-16  0.0  -1.77636e-15  -2.66454e-15  2.66454e-15  0.0  8.88178e-16  3.10862e-15  -8.88178e-16  2.22045e-15  -4.44089e-16  -3.9968e-15  -4.44089e-16  -5.32907e-15  0.0  -1.33227e-15  -8.88178e-16  1.77636e-15  -4.44089e-16  2.22045e-15  1.77636e-15  1.77636e-15  1.33227e-15  -1.77636e-15  -1.33227e-15  -8.88178e-16  -1.9984e-15  3.9968e-15  -2.22045e-16  3.10862e-15  -2.22045e-16  4.44089e-16  4.44089e-16  -2.22045e-15  2.88658e-15  -2.88658e-15  -1.77636e-15  1.33227e-15  6.66134e-16  2.44249e-15  1.11022e-15  2.66454e-15  -3.33067e-15  1.11022e-15  -2.22045e-16  0.0  2.22045e-16  1.77636e-15  -1.9984e-15  -1.33227e-15  3.33067e-15  6.66134e-16  1.77636e-15  -2.22045e-16  -3.10862e-15  1.9984e-15  -8.88178e-16  2.88658e-15  2.22045e-15  -3.9968e-15  -1.9984e-15  1.9984e-15  2.88658e-15  2.22045e-15  1.11022e-15  6.21725e-15  -1.33227e-15  -2.22045e-16  -1.33227e-15  3.10862e-15  -3.33067e-15  -1.33227e-15  -2.66454e-15  -8.88178e-16  2.44249e-15  1.11022e-15  -1.77636e-15  5.9952e-15  1.11022e-15  -2.66454e-15  5.77316e-15  1.11022e-15  -1.9984e-15  1.77636e-15  2.44249e-15  -1.11022e-15  2.22045e-16  -1.33227e-15  1.9984e-15  -8.88178e-16  -4.44089e-16  -2.66454e-15  -3.55271e-15  2.66454e-15  2.88658e-15  3.33067e-15  -3.9968e-15  -3.9968e-15  3.55271e-15  -4.44089e-15  -1.77636e-15  2.44249e-15  -4.44089e-16  8.88178e-16  1.9984e-15  -3.33067e-15  8.88178e-16  2.22045e-16  1.9984e-15  -2.22045e-16  2.66454e-15  2.22045e-16  -2.44249e-15  1.55431e-15  -2.66454e-15  3.33067e-15  3.10862e-15  -3.33067e-15  3.10862e-15  -1.55431e-15  4.21885e-15  6.43929e-15  6.43929e-15  -1.33227e-15  2.44249e-15  -4.88498e-15  -1.55431e-15  4.66294e-15  3.10862e-15  -3.9968e-15  4.44089e-15  0.0  -2.66454e-15  6.43929e-15  2.22045e-16  3.55271e-15  1.9984e-15  5.10703e-15  3.10862e-15  7.10543e-15  -4.88498e-15  1.11022e-15  -8.21565e-15  -5.21805e-14  -1.34337e-13  -7.9492e-14  -1.8785e-13  -3.41505e-13  -2.33369e-13  -6.68576e-13  -7.2764e-13  -8.83738e-14  -9.32632e-12  -5.419e-12  -4.35429e-12  -2.09772e-11  -7.51132e-12  -5.20557e-11  -9.79663e-11  -2.43456e-10  -4.06033e-11  -1.65777e-10  -3.2314e-10  -3.39862e-10  -2.59206e-10  -9.58487e-10  -4.16312e-10  -2.18252e-9  -2.60881e-9  -2.28595e-9  -2.85535e-9  -3.84819e-9  -4.41999e-9  -7.06315e-9  -3.85394e-9  -4.73379e-9  -7.57013e-9  -6.91496e-9  -6.56674e-9  -5.24768e-9  -6.30335e-9  -7.21312e-9  -9.64321e-9  -9.73465e-9  -1.13868e-8  -1.04807e-8  -9.82624e-9  -9.1319e-9  -1.08887e-8  -1.05404e-8  -1.15399e-8  -2.0585e-8  -1.55318e-8  -1.32896e-8  -1.95994e-8  -1.16829e-8  -1.72641e-8  -2.1406e-8  -1.52815e-8  -2.2073e-8  -2.23045e-8  -2.176e-8  -2.20302e-8  -3.39629e-8  -2.51957e-8  -2.25499e-8  -3.33676e-8  -2.42923e-8  -2.45396e-8  -2.41824e-8  -4.24006e-8  -3.20204e-8  -3.33945e-8  -2.91313e-8  -2.8363e-8  -3.39067e-8  -3.94916e-8  -4.17392e-8  -2.87472e-8  -4.2193e-8  -5.10655e-8  -4.23836e-8  -3.75385e-8  -5.29258e-8  -6.21526e-8  -3.24853e-8  -4.33962e-8  -4.86671e-8  -4.904e-8  -5.20577e-8  -6.04304e-8  -6.65839e-8  -5.60987e-8  -6.02175e-8  -5.54066e-8  -6.12402e-8  -5.4876e-8  -7.52269e-8  -9.20263e-8  -8.09545e-8  -8.42204e-8  -7.89702e-8  -8.07669e-8  -1.05455e-7  -9.25379e-8  -6.89976e-8  -1.09422e-7  -1.13315e-7  -7.96766e-8  -1.09161e-7  -5.88594e-9  -4.85397e-9  -9.21567e-8  -6.61878e-9  -1.21376e-7  -1.15602e-7  -1.14007e-7  -6.258e-9  -1.14526e-7  -5.99172e-9  -1.24923e-7  -6.08374e-9  -7.35748e-9  -7.56471e-9  -1.36787e-7  -7.39092e-9  -6.53862e-9  -7.94938e-9  -7.35182e-9  -7.2923e-9  -8.97914e-9  -7.12978e-9  -7.75805e-9  -7.5919e-9  -7.48986e-9  -6.54082e-9  -8.62448e-9  -6.31739e-9  -9.76877e-9  -7.93083e-9  -1.06635e-8  -8.57701e-9  -9.92401e-9  -1.04212e-8  -1.02789e-8  -8.20051e-9  -9.77233e-9  -1.13442e-8  -1.13659e-8  -9.3027e-9  -1.13455e-8  -1.06462e-8  -1.08529e-8  -1.19874e-8  -1.04367e-8  -1.35648e-8  -1.44107e-8  -1.12242e-8  -1.39538e-8  -1.11035e-8  -1.35563e-8  -1.41651e-8  -1.40439e-8  -1.27411e-8  -1.2466e-8  -1.70165e-8  -1.43864e-8  -1.41099e-8  -1.35647e-8  -1.36601e-8  -1.41006e-8  -1.36568e-8  -1.54454e-8  -1.82828e-8  -1.55188e-8  -1.58616e-8  -1.66392e-8  -1.31381e-8  -1.51577e-8  -1.82212e-8  -1.62968e-8  -1.82609e-8  -1.18114e-8  -1.67236e-8  -1.8703e-8  -1.50016e-8  -1.88321e-8  -1.76943e-8  -1.86408e-8  -1.84525e-8  -1.71695e-8  -1.82298e-8  -1.96676e-8  -2.16533e-8  -2.57981e-8  -2.47512e-8  -2.23555e-8  -2.04213e-8  -2.32498e-8  -2.40879e-8  -2.86782e-8  -2.39811e-8  -2.16213e-8  -2.03988e-8  -2.49373e-8  -2.76815e-8  -2.18269e-8  -2.47248e-8  -2.87465e-8  -2.59842e-8  -2.23927e-8  -2.82847e-8  -3.08111e-8  -2.96505e-8  -1.94631e-8  -2.73503e-8  -2.53684e-8  -3.20623e-8  -3.13044e-8  -2.38356e-8  -3.01872e-8  -2.71093e-8  -3.21319e-8  -2.85315e-8  -3.80842e-8  -2.53962e-8  -3.33864e-8  -2.59322e-8  -3.18348e-8  -3.64413e-8  -3.10423e-8  -3.31806e-8  -3.93671e-8  -4.47624e-8  -3.34332e-8  -3.89438e-8  -3.68948e-8  -5.09024e-8  -3.30161e-8  -3.92092e-8  -4.7813e-8  -3.82159e-8  -5.27254e-8  -3.69971e-8  -4.20906e-8  -4.36853e-8  -4.76163e-8  -4.01336e-8  -4.67188e-8  -3.93751e-8  -4.9081e-8  -5.13993e-8  -3.90749e-8  -4.94215e-8  -5.35198e-8  -6.34852e-8  -5.76351e-8  -5.4222e-8  -5.88041e-8  -6.91099e-8  -5.74564e-8  -6.22302e-8  -4.37625e-8  -5.78021e-8  -5.26436e-8  -5.62892e-8  -6.15155e-8  -5.56545e-8  -6.29203e-8  -6.91988e-8  -6.7834e-8  -6.92372e-8  -6.66297e-8  -5.55492e-8  -6.60823e-8  -5.93653e-8  -6.91004e-8  -6.14616e-8  -7.32334e-8  -6.68216e-8  -7.02425e-8  -7.73992e-8  -7.6528e-8  -7.02026e-8  -6.18585e-8  -6.99762e-8  -8.51356e-8  -8.44236e-8  -6.55075e-8  -8.47737e-8  -8.58461e-8  -7.16494e-8  -7.46692e-8  -7.53564e-8  -7.00175e-8  -7.34223e-8  -8.3608e-8  -6.6402e-8  -7.48953e-8  -8.98546e-8  -1.00945e-7  -9.05362e-8  -7.99385e-8  -1.0096e-7  -1.03945e-7  -8.98918e-8  -1.01621e-7  -8.22997e-8  -9.58877e-8  -1.19302e-7  -1.16183e-7  -9.35491e-8  -9.25659e-8  -9.68806e-8  -9.81426e-8  -1.27857e-7  -1.08805e-7  -9.7697e-8  -1.09838e-7  -1.10393e-7  -1.05023e-7  -1.16128e-7  -1.68665e-7  -1.04572e-7  -1.01688e-7  -1.04613e-7  -1.06996e-7  -1.24277e-7  -1.23434e-7  -1.49748e-7  -1.16124e-7  -1.20077e-7  -1.28928e-7  -1.56053e-7  -1.36006e-7  -1.24238e-7  -1.39444e-7  -1.09376e-7  -1.26819e-7  -1.23302e-7  -1.35172e-7  -1.27517e-7  -1.21998e-7  -1.30098e-7  -1.27086e-7  -1.50049e-7  -1.50729e-7  -1.53878e-7  -1.52695e-7  -1.4097e-7  -1.25594e-7  -1.65033e-7  -1.48427e-7  -1.50187e-7  -1.39043e-7  -1.30073e-7  -1.51361e-7  -1.62756e-7  -1.76327e-7  -1.69261e-7  -1.71744e-7  -1.72532e-7  -1.93762e-7  -1.57344e-7  -1.74999e-7  -1.49769e-7  -1.61818e-7  -1.78595e-7  -1.62135e-7  -1.70204e-7  -1.56171e-7  -1.96002e-7  -1.75827e-7  -1.87946e-7  -1.67587e-7  -2.01651e-7  -1.82995e-7  -1.992e-7  -1.71956e-7  -1.86683e-7  -2.08517e-7  -1.91848e-7  -1.81403e-7  -2.16106e-7  -2.2043e-7  -2.00667e-7  -2.2982e-7  -1.96629e-7  -2.24911e-7  -2.39703e-7  -1.85865e-7  -2.38132e-7  -2.34724e-7  -2.10756e-7  -2.18767e-7  -2.20986e-7  -2.56666e-7  -2.12332e-7  -2.55343e-7  -2.19054e-7  -2.37975e-7  -2.09427e-7  -2.22219e-7  -2.10744e-7  -2.21186e-7  -2.21781e-7  -2.24573e-7  -2.52829e-7  -2.36017e-7  -2.32268e-7  -2.57173e-7  -2.47153e-7  -2.35081e-7  -2.40092e-7  -2.25476e-7  -2.59569e-7  -2.31646e-7  -2.2598e-7  -2.64817e-7  -2.19668e-7  -3.81983e-7  -2.7305e-7  -2.87619e-7  -2.9061e-7  -3.04873e-7  -2.82177e-7  -2.30603e-7  -2.75487e-7  -2.66474e-7  -2.24483e-7  -3.03635e-7  -2.97492e-7  -2.4425e-7  -2.91098e-7  -3.09629e-7  -2.53777e-7  -3.44589e-7  -2.33516e-7  -3.02794e-7  -3.1467e-7  -2.93305e-7  -2.71125e-7  -2.59981e-7  -2.9011e-7  -3.28863e-7  -2.87044e-7  -2.76282e-7  -2.81587e-7  -3.04989e-7  -3.11837e-7  -3.28255e-7  -3.07721e-7  -3.52436e-7  -3.71853e-7  -3.42672e-7  -3.17399e-7  -3.39053e-7  -4.29143e-7  -3.54953e-7  -3.56187e-7  -3.32899e-7  -3.74936e-7  -3.36823e-7  -3.27476e-7  -3.58677e-7  -3.05966e-7  -4.03224e-7  -3.66886e-7  -3.71577e-7  -3.80839e-7  -4.13528e-7  -3.48272e-7  -4.42592e-7  -3.36296e-7  -3.87399e-7  -4.02282e-7  -4.37712e-7  -4.18333e-7  -3.76733e-7  -3.74933e-7  -3.83325e-7  -3.76612e-7  -4.53153e-7  -3.85772e-7  -3.96476e-7  -4.88688e-7  -4.45954e-7  -4.68164e-7  -4.7077e-7  -4.66369e-7  -4.71294e-7  -4.87558e-7  -5.24327e-7  -4.83702e-7  -3.72056e-7  -4.33206e-7  -4.90388e-7  -3.90044e-7  -4.36802e-7  -5.36485e-7  -4.82676e-7  -5.36243e-7  -5.09511e-7  -5.43606e-7  -5.82905e-7  -5.64077e-7  -5.75511e-7  -4.78655e-7  -5.71228e-7  -4.81493e-7  -5.66625e-7  -5.56815e-7  -5.86655e-7  -5.49249e-7  -5.1957e-7  -5.945e-7  -5.51338e-7  -5.62316e-7  -5.77415e-7  -5.90108e-7  -6.03749e-7  -7.00738e-7  -6.01014e-7  -6.3406e-7  -6.72814e-7  -5.4002e-7  -5.98415e-7  -5.82135e-7  -6.2405e-7  -6.20684e-7  -5.48912e-7  -5.14201e-7  -6.7951e-7  -6.1136e-7  -6.05201e-7  -6.73283e-7  -7.20715e-7  -6.39052e-7  -6.44335e-7  -7.14948e-7  -7.19272e-7  -7.279e-7  -8.14221e-7  -7.889e-7  -7.37007e-7  -7.14223e-7  -7.23064e-7  -7.57086e-7  -7.92121e-7  -8.22072e-7  -7.47191e-7  -7.41821e-7  -7.03974e-7  -7.10824e-7  -9.37411e-7  -7.58552e-7  -8.79957e-7  -8.89167e-7  -9.16032e-7  -8.54852e-7  -7.62665e-7  -9.4473e-7  -8.61554e-7  -7.36702e-7  -8.35597e-7  -8.07733e-7  -8.30441e-7  -8.90953e-7  -1.01716e-6  -1.09087e-6  -8.52397e-7  -8.92759e-7  -8.20809e-7  -9.81054e-7  -9.2853e-7  -9.9839e-7  -1.17817e-6  -9.72112e-7  -1.07251e-6  -8.30524e-7  -1.00565e-6  -8.53624e-7  -9.93622e-7  -1.03202e-6  -9.85522e-7  -1.03754e-6  -1.06685e-6  -9.90717e-7  -1.1092e-6  -1.04898e-6  -1.06485e-6  -9.23706e-7  -1.12533e-6  -9.60251e-7  -1.11795e-6  -1.05717e-6  -1.13701e-6  -9.90995e-7  -1.13586e-6  -1.19554e-6  -1.19918e-6  -1.25897e-6  -1.1608e-6  -1.26559e-6  -1.28207e-6  -1.10451e-6  -8.6779e-7  -1.27279e-6  -1.3413e-6  -1.27475e-6  -1.17739e-6  -1.34817e-6  -1.14427e-6  -1.0524e-6  -8.91781e-7  -1.14058e-6  -1.08751e-6  -9.62776e-7  -1.10498e-6  -1.29571e-6  -1.10368e-6  -1.0424e-6  -1.21796e-6  -1.14519e-6  -1.09856e-6  -1.1445e-6  -1.00772e-6  -1.14133e-6  -1.03217e-6  -1.01194e-6  -1.12494e-6  -1.24526e-6  -9.91937e-7  -1.1845e-6  -1.17721e-6  -1.06816e-6  -9.77753e-7  -9.64503e-7  -1.01016e-6  -1.20249e-6  -1.05516e-6  -8.77681e-7  -1.07548e-6  -1.01119e-6  -8.97141e-7  -1.10685e-6  -1.0106e-6  -1.20471e-6  -1.16512e-6  -1.13736e-6  -1.05252e-6  -9.16627e-7  -9.68811e-7  -1.03229e-6  -1.16812e-6  -1.11847e-6  -1.03755e-6  -1.21108e-6  -1.01575e-6  -1.08276e-6  -1.22834e-6  -1.12163e-6  -1.14498e-6  -1.1954e-6  -1.25202e-6  -1.03362e-6  -1.04165e-6  -1.16749e-6  -1.26944e-6  -1.17008e-6  -1.10088e-6  -1.05521e-6  -1.26006e-6  -1.23167e-6  -1.00819e-6  -1.07524e-6  -1.11985e-6  -1.01313e-6  -1.04525e-6  -1.34278e-6  -1.22259e-6  -1.33518e-6  -1.00628e-6  -1.19152e-6  -1.05215e-6  -1.04518e-6  -1.04688e-6  -1.05956e-6  -1.16784e-6  -1.08755e-6  -1.09243e-6  -1.32495e-6  -1.01658e-6  -1.08613e-6  -1.05725e-6  -1.21594e-6  -1.13306e-6  -1.08046e-6  -1.10968e-6  -1.05258e-6  -9.95662e-7  -1.32038e-6  -1.0929e-6  -1.16e-6  -1.13337e-6  -1.21584e-6  -1.14527e-6  -1.15083e-6  -1.32202e-6  -1.34292e-6  -1.03306e-6  -1.09759e-6  -1.27679e-6  -1.0115e-6  -1.13746e-6  -1.01178e-6  -1.08932e-6  -1.20495e-6  -1.27643e-6  -1.08418e-6  -1.16992e-6  -1.24673e-6  -1.28225e-6  -1.16961e-6  -1.22781e-6  -1.18231e-6  -1.18431e-6  -1.27962e-6  -1.2003e-6  -9.77912e-7  -1.20077e-6  -1.28711e-6  -1.04953e-6  -1.1516e-6  -1.21999e-6  -1.202e-6  -1.0982e-6  -1.22022e-6  -1.16864e-6  2.12188e-10  8.17904e-11  7.6555e-11  6.01101e-11  9.64681e-11  8.41148e-11  -6.7573e-8  -6.52605e-8  -7.21948e-8  9.1123e-11  -6.45702e-8  -6.99968e-8  -6.4309e-8  -7.33051e-8  7.47017e-11  7.15445e-11  7.67831e-11  6.76439e-11  -5.64742e-8  -6.87527e-8  6.41357e-11  -6.5111e-8  -5.98983e-8  -5.46601e-8  -7.61842e-8  -6.82672e-8  -7.85606e-8  -6.85285e-8  -6.86541e-8  -7.06034e-8  -7.22679e-8  -6.94786e-8  -7.6516e-8  -8.12507e-8  -7.24657e-8  -6.96074e-8  -7.20476e-8  -7.11393e-8  -6.85693e-8  -6.82546e-8  -6.85126e-8  -7.30646e-8  -7.21589e-8  -6.78689e-8  -5.41864e-8  -7.30274e-8  -6.50771e-8  -6.8856e-8  -7.2489e-8  -6.26617e-8  -6.69497e-8  -7.58815e-8  -7.01651e-8  -7.71299e-8  -8.09411e-8  -7.8655e-8  -6.8248e-8  -8.06745e-8  -6.96346e-8  -7.21067e-8  -7.7902e-8  -7.12323e-8  -7.56904e-8  -7.91325e-8  -6.62931e-8  -7.83333e-8  -6.05963e-8  -6.81206e-8  -7.6337e-8  -7.59789e-8  -8.63837e-8  -7.38752e-8  -6.71742e-8  -7.25663e-8  -7.72359e-8  -5.79496e-8  -6.27787e-8  -8.07134e-8  -5.70695e-8  -7.56135e-8  -8.50292e-8  -6.46726e-8  -6.83076e-8  -7.17866e-8  -7.50252e-8  -6.29626e-8  -7.31255e-8  -6.14157e-8  -7.13629e-8  -7.39433e-8  -7.4027e-8  -7.25845e-8  -6.15419e-8  -7.54713e-8  -6.78041e-8  -6.82221e-8  -6.25053e-8  -7.21553e-8  -7.80418e-8  -7.23233e-8  -7.35982e-8  -6.73894e-8  -7.42316e-8  -7.65568e-8  -8.03134e-8  -7.44854e-8  -7.5524e-8  -7.52566e-8  -7.47086e-8  -7.54482e-8  -6.99515e-8  -7.53026e-8  -7.36406e-8  -7.93826e-8  -8.38214e-8  -7.57374e-8  -6.73022e-8  -6.87015e-8  -6.55666e-8  -7.82613e-8  -7.45007e-8  -7.54635e-8  -6.70041e-8  -6.59908e-8  -6.99949e-8  -7.94776e-8  -7.59749e-8  -6.44394e-8  -8.79944e-8  -8.71375e-8  -8.84936e-8  -7.77586e-8  -7.58542e-8  -6.31699e-8  -7.53032e-8  -7.32913e-8  -7.8232e-8  -7.91558e-8  -6.43456e-8  -8.47934e-8  -7.09792e-8  -7.30378e-8  -8.37508e-8  -7.87468e-8  -6.64551e-8  -8.3539e-8  -8.25754e-8  -7.16666e-8  -8.26788e-8  -7.85763e-8  -8.07139e-8  -7.71343e-8  -6.75057e-8  -7.6366e-8  -7.75067e-8  -8.08339e-8  -6.7901e-8  -7.31757e-8  -7.22875e-8  -7.04057e-8  -7.80703e-8  -7.62124e-8  -7.96865e-8  -7.28022e-8  -7.41114e-8  -7.56676e-8  -7.38093e-8  -6.51151e-8  -7.15573e-8  -7.6846e-8  -7.96473e-8  -6.58968e-8  -7.92096e-8  -7.92277e-8  -7.69012e-8  -6.68574e-8  -6.6789e-8  -6.44502e-8  -6.93145e-8  -7.99094e-8  -7.46353e-8  -8.31048e-8  -8.59313e-8  -8.66134e-8  -6.56731e-8  -8.00196e-8  -7.83768e-8  -7.82792e-8  -7.14957e-8  -8.05007e-8  -7.84384e-8  -6.97647e-8  -7.7444e-8  -7.81705e-8  -6.44462e-8  -6.78162e-8  -7.70002e-8  -8.27857e-8  -6.89559e-8  -7.46794e-8  -8.56759e-8  -7.78198e-8  -7.81315e-8  -8.29702e-8  -7.47305e-8  -7.54613e-8  -7.81211e-8  -7.44231e-8  -8.97783e-8  -7.19041e-8  -8.00918e-8  -7.75187e-8  -7.66575e-8  -7.96961e-8  -7.17783e-8  -8.45029e-8  -8.17865e-8  -7.533e-8  -8.91653e-8  -7.80028e-8  -7.24349e-8  -7.26037e-8  -6.83384e-8  -8.20367e-8  -7.27498e-8  -7.49309e-8  -7.85561e-8  -7.65896e-8  -7.97178e-8  -7.39427e-8  -8.07586e-8  -7.9318e-8  -7.35684e-8  -7.55891e-8  -8.20964e-8  -7.49678e-8  -8.44094e-8  -7.61227e-8  -7.19485e-8  -8.09232e-8  -8.86505e-8  -7.2484e-8  -8.44701e-8  -8.38092e-8  -8.70278e-8  -8.23187e-8  -8.35361e-8  -8.63627e-8  -8.10631e-8  -8.12058e-8  -7.94691e-8  -7.87583e-8  -7.79278e-8  -7.1452e-8  -7.66502e-8  -9.49027e-8  -8.37478e-8  -7.95311e-8  -8.18396e-8  -8.33548e-8  -7.88577e-8  -7.93086e-8  -7.13459e-8  -5.95132e-8  -8.24008e-8  -7.76262e-8  -9.32189e-8  -9.45929e-8  -8.60575e-8  -8.25927e-8  -8.25096e-8  -8.46216e-8  -8.03272e-8  -9.01691e-8  -7.28442e-8  -8.57671e-8  -8.30983e-8  -8.02188e-8  -8.93034e-8  -8.22965e-8  -8.41216e-8  -7.56024e-8  -8.74683e-8  -8.43776e-8  -8.6476e-8  -8.26849e-8  -7.25448e-8  -7.85007e-8  -9.15717e-8  -8.48484e-8  -9.64978e-8  -7.96136e-8  -7.94967e-8  -9.99829e-8  -7.94475e-8  -7.69772e-8  -7.54915e-8  -7.58869e-8  -8.90722e-8  -9.1402e-8  -8.34583e-8  -8.47359e-8  -8.56509e-8  -8.19961e-8  -8.05379e-8  -8.58949e-8  -8.69684e-8  -9.59867e-8  -8.56424e-8  -7.57483e-8  -8.07248e-8  -7.81645e-8  -7.95545e-8  -7.17732e-8  -9.28156e-8  -9.70034e-8  -8.48623e-8  -8.81293e-8  -7.79255e-8  -8.39818e-8  -7.81291e-8  -8.04888e-8  -1.04336e-7  -8.31016e-8  -8.61319e-8  -9.52554e-8  -9.07156e-8  -8.7031e-8  -9.10795e-8  -8.45222e-8  -9.19761e-8  -8.16523e-8  -9.08663e-8  -8.5113e-8  -8.11856e-8  -8.53435e-8  -9.57336e-8  -9.37164e-8  -8.7245e-8  -9.73601e-8  -9.37374e-8  -8.81823e-8  -9.4084e-8  -8.67658e-8  -8.66637e-8  -9.75361e-8  -8.04203e-8  -9.83765e-8  -9.1882e-8  -9.62222e-8  -8.13535e-8  -9.53382e-8  -9.30172e-8  -9.05715e-8  -7.73093e-8  -9.77289e-8  -1.02728e-7  -9.12437e-8  -8.27402e-8  -8.46924e-8  -8.57046e-8  -9.0237e-8  -1.01049e-7  -8.11884e-8  -9.5416e-8  -9.73996e-8  -1.02491e-7  -8.85222e-8  -1.03364e-7  -8.45584e-8  -8.80285e-8  -1.00828e-7  -9.37273e-8  -9.53456e-8  -9.43583e-8  -9.12313e-8  -8.93602e-8  -9.22493e-8  -8.75947e-8  -8.46564e-8  -8.83893e-8  -1.06182e-7  -8.65444e-8  -1.03327e-7  -9.90942e-8  -9.51431e-8  -1.04243e-7  -9.39929e-8  -9.28075e-8  -9.35078e-8  -9.95734e-8  -9.91363e-8  -9.86548e-8  -7.72278e-8  -8.73497e-8  -8.98201e-8  -1.03431e-7  -9.82522e-8  -9.24133e-8  -1.02547e-7  -8.6399e-8  -9.29154e-8  -9.79513e-8  -9.52436e-8  -1.05404e-7  -9.74362e-8  -8.9079e-8  -8.62302e-8  -9.22023e-8  -8.80221e-8  -1.02619e-7  -8.96532e-8  -9.16486e-8  -1.06448e-7  -8.25012e-8  -9.4979e-8  -9.28578e-8  -9.71858e-8  -9.01753e-8  -9.2431e-8  -9.69479e-8  -1.01594e-7  -9.37105e-8  -1.00742e-7  -9.34923e-8  -1.05194e-7  -8.0949e-8  -8.61977e-8  -1.01208e-7  -1.0498e-7  -9.89622e-8  -9.67619e-8  -9.13312e-8  -1.05045e-7  -8.90752e-8  -8.69516e-8  -1.02837e-7  -8.68069e-8  -9.10763e-8  -8.98916e-8  -1.04121e-7  -1.15069e-7  -9.9424e-8  -9.98612e-8  -9.08332e-8  -9.47299e-8  -1.05885e-7  -9.75315e-8  -9.95843e-8  -9.72484e-8  -1.01777e-7  -8.67065e-8  -1.00323e-7  -9.69022e-8  -8.61947e-8  -9.02768e-8  -1.01074e-7  -1.05145e-7  -9.37314e-8  -1.07673e-7  -9.66807e-8  -9.09424e-8  -1.0508e-7  -1.01183e-7  -1.02247e-7  -1.08171e-7  -1.03373e-7  -9.51717e-8  -1.13911e-7  -1.03228e-7  -1.15496e-7  -1.06815e-7  -9.80776e-8  -1.14352e-7  -1.07169e-7  -1.10958e-7  -1.07741e-7  -1.06897e-7  -9.06706e-8  -1.12138e-7  -1.01575e-7  -1.11189e-7  -1.19471e-7  -1.06163e-7  -1.09329e-7  -1.03184e-7  -1.07924e-7  -1.10145e-7  -1.11288e-7  -1.05273e-7  -8.86135e-8  -9.44416e-8  -1.0597e-7  -1.17683e-7  -9.40251e-8  -1.20239e-7  -1.00032e-7  -1.08434e-7  -9.59606e-8  -1.16294e-7  -8.74385e-8  -9.55477e-8  -1.0746e-7  -1.1384e-7  -1.09642e-7  -9.96864e-8  -1.03555e-7  -1.06887e-7  -1.02296e-7  -1.06272e-7  -1.10114e-7  -1.12449e-7  -1.00815e-7  -1.08567e-7  -1.15666e-7  -1.16063e-7  -1.1107e-7  -1.03624e-7  -1.04025e-7  -1.024e-7  -1.24819e-7  -1.12689e-7  -1.00902e-7  -9.93017e-8  -1.04683e-7  -1.17763e-7  -1.22915e-7  -1.00606e-7  -1.08865e-7  -1.16892e-7  -1.00429e-7  -1.11929e-7  -1.12624e-7  -1.13442e-7  -1.0515e-7  -1.08867e-7  -1.35625e-7  -1.24171e-7  -1.18345e-7  -1.13748e-7  -1.11164e-7  -1.16437e-7  -1.00584e-7  -1.15873e-7  -1.30412e-7  -1.12607e-7  -1.40138e-7  -1.27161e-7  -1.24706e-7  -1.22904e-7  -1.08997e-7  -1.22501e-7  -1.34249e-7  -1.13294e-7  -1.12562e-7  -1.10292e-7  -1.45718e-7  -1.24002e-7  -1.25245e-7  -1.16463e-7  -1.13817e-7  -1.11287e-7  -1.23216e-7  -1.16524e-7  -1.24125e-7  -1.18811e-7  -1.26253e-7  -1.1317e-7  -1.07756e-7  -1.23094e-7  -1.21716e-7  -1.28662e-7  -1.38927e-7  -1.27284e-7  -1.24146e-7  -1.19597e-7  -1.26178e-7  -1.10737e-7  -1.33834e-7  -1.21314e-7  -1.12595e-7  -1.20146e-7  -1.13848e-7  -1.24763e-7  -1.13298e-7  -1.30455e-7  -1.24299e-7  -1.13655e-7  -1.49111e-7  -1.26874e-7  -1.29421e-7  -1.30949e-7  -1.21934e-7  -1.03563e-7  -1.16615e-7  -1.38524e-7  -1.51657e-7  -1.45432e-7  -1.18761e-7  -1.25897e-7  -1.14484e-7  -1.35452e-7  -1.41442e-7  -1.36505e-7  -1.23424e-7  -1.35405e-7  -1.39739e-7  -1.17441e-7  -1.40782e-7  -1.44415e-7  -1.38634e-7  -1.33843e-7  -1.27344e-7  -1.30098e-7  -1.46496e-7  -1.26205e-7  -1.36026e-7  -1.2228e-7  -1.35556e-7  -1.25115e-7  -1.39972e-7  -1.36012e-7  -1.25701e-7  -1.33965e-7  -1.54797e-7  -1.26462e-7  -1.5509e-7  -1.50478e-7  -1.39658e-7  -1.67821e-7  -1.49754e-7  -1.44113e-7  -1.43376e-7  -1.66596e-7  -1.49926e-7  -1.37318e-7  -1.65162e-7  -1.45611e-7  -1.45236e-7  -1.41446e-7  -1.35354e-7  -1.62609e-7  -1.53882e-7  -1.71351e-7  -1.34013e-7  -1.39705e-7  -1.48782e-7  -1.59031e-7  -1.45476e-7  -1.52787e-7  -1.60794e-7  -1.51175e-7  -1.56394e-7  -1.56085e-7  -1.58332e-7  -1.49007e-7  -1.53598e-7  -1.91074e-7  -1.68546e-7  -1.53886e-7  -1.63343e-7  -1.536e-7  -1.63637e-7  -1.50464e-7  -1.51252e-7  -1.73061e-7  -1.64081e-7  -1.72136e-7  -1.64109e-7  -1.68909e-7  -1.72333e-7  -1.82953e-7  -1.57312e-7  -1.59958e-7  -1.80571e-7  -1.66998e-7  -1.71155e-7  -1.74745e-7  -1.70848e-7  -1.73889e-7  -1.68758e-7  -1.62483e-7  -1.80474e-7  -1.77124e-7  -1.83159e-7  -1.83554e-7  -1.66686e-7  -1.72627e-7  -1.93745e-7  -1.67368e-7  -1.84638e-7  -1.9809e-7  -1.94901e-7  -1.76186e-7  -2.17177e-7  -1.69429e-7  -2.02437e-7  -1.86955e-7  -1.94601e-7  -1.81662e-7  -2.01199e-7  -1.8988e-7  -1.90375e-7  -1.88854e-7  -1.79412e-7  -2.07839e-7  -2.02407e-7  -1.78518e-7  -1.81822e-7  -1.75852e-7  -2.22338e-7  -1.78349e-7  -1.98353e-7  -1.9284e-7  -2.05808e-7  -2.0479e-7  -1.89998e-7  -1.99489e-7  -1.96809e-7  -2.07336e-7  -2.11519e-7  -1.93577e-7  -1.96586e-7  -1.92927e-7  -2.17362e-7  -1.98431e-7  -2.22144e-7  -2.13237e-7  -2.14304e-7  -1.93159e-7  -2.12524e-7  -1.98976e-7  -1.99842e-7  -2.06918e-7  -2.04743e-7  -2.06254e-7  -2.13615e-7  -2.12235e-7  -2.31565e-7  -2.18846e-7  -2.16526e-7  -2.52868e-7  -2.28939e-7  -2.08243e-7  -2.28356e-7  -2.12538e-7  -1.90699e-7  -1.82811e-7  -2.23984e-7  -2.27653e-7  -2.3051e-7  -2.27269e-7  -2.07431e-7  -2.31492e-7  -2.36469e-7  -2.03969e-7  -1.99246e-7  -2.25482e-7  -2.44426e-7  -2.2092e-7  -2.56777e-7  -2.3818e-7  -2.3199e-7  -2.22363e-7  -2.22467e-7  -2.67941e-7  -2.29341e-7  -2.70677e-7  -2.41944e-7  -2.54293e-7  -2.66111e-7  -2.26307e-7  -2.40165e-7  -2.14128e-7  -2.58176e-7  -2.34055e-7  -2.88257e-7  -2.48829e-7  -2.79133e-7  -2.77683e-7  -2.80691e-7  -2.74944e-7  -2.70895e-7  -2.31773e-7  -2.06323e-7  -2.55797e-7  -2.71102e-7  -2.36529e-7  -2.45886e-7  -2.76496e-7  -2.68876e-7  -2.82312e-7  -2.65144e-7  -2.34e-7  -2.53387e-7  -2.8542e-7  -3.26996e-7  -2.81521e-7  -2.65541e-7  -2.85461e-7  -2.75594e-7  -2.58908e-7  -2.65731e-7  -2.94042e-7  -2.72921e-7  -2.74679e-7  -2.36983e-7  -2.64587e-7  -2.76988e-7  -2.96796e-7  -2.92936e-7  -3.07405e-7  -2.57785e-7  -2.94057e-7  -3.11206e-7  -2.83745e-7  -3.02291e-7  -3.27551e-7  -3.07329e-7  -3.10072e-7  -2.86128e-7  -3.34474e-7  -3.50163e-7  -3.27536e-7  -3.5378e-7  -3.46154e-7  -2.71115e-7  -3.15544e-7  -3.2054e-7  -3.44495e-7  -3.23945e-7  -3.4003e-7  -3.09099e-7  -3.67672e-7  -3.02928e-7  -3.19028e-7  -3.07491e-7  -3.4087e-7  -3.16709e-7  -3.27426e-7  -3.99088e-7  -3.31193e-7  -3.53238e-7  -4.02155e-7  -3.47773e-7  -3.21751e-7  -3.12147e-7  -3.81806e-7  -3.60569e-7  -3.60334e-7  -4.0309e-7  -3.51036e-7  -3.7437e-7  -3.38698e-7  -3.94285e-7  -3.98358e-7  -3.85903e-7  -3.58871e-7  -4.08644e-7  -4.26088e-7  -4.63107e-7  -4.4049e-7  -4.05532e-7  -3.69964e-7  -5.1833e-7  -4.19298e-7  -4.30284e-7  -4.2236e-7  -4.15119e-7  -3.73025e-7  -4.32844e-7  -4.24284e-7  -4.46263e-7  -4.57231e-7  -4.09627e-7  -4.31475e-7  -5.83056e-7  -5.75367e-7  -6.30161e-7  -5.63235e-7  -1.36977e-6  -1.30506e-6  -1.80283e-6  -1.3879e-6  -1.86057e-6  -1.45995e-6  -1.36175e-6  -1.75238e-6  -1.61829e-6  -1.70748e-6  -1.97655e-6  -1.63317e-6  -1.5916e-6  -2.18977e-6  -1.88873e-6  -1.66292e-6  -1.77312e-6  -2.21358e-6  -1.66494e-6  -1.83016e-6  -1.99119e-6  -1.99332e-6  -1.87431e-6  -2.12495e-6  -1.87619e-6  -2.53317e-6  -1.93002e-6  -2.27035e-6  -2.1228e-6  -2.01963e-6  -1.98373e-6  -2.21578e-6  -2.49943e-6  -2.32252e-6  -2.32653e-6  -1.91667e-6  -2.17511e-6  -2.13448e-6  -2.06722e-6  -2.55091e-6  -2.47868e-6  -2.2892e-6  -2.15697e-6  -2.48239e-6  -2.33592e-6  -2.31355e-6  -2.54355e-6  -2.35221e-6  -2.46328e-6  -2.46082e-6  -2.5864e-6  -2.54793e-6  -2.13559e-6  -2.5639e-6  -2.68577e-6  -2.54754e-6  -2.6587e-6  -2.49287e-6  -2.64824e-6  -2.27272e-6  -3.37764e-7  -2.35124e-6  -2.64179e-6  -2.43028e-6  -2.89652e-6  -2.57781e-6  -2.86249e-6  -2.85813e-6  -2.69373e-6  -2.84468e-6  -3.26341e-6  -2.78809e-6  -2.96902e-6  -2.84985e-6  1.95518e-8  -3.09252e-6  -2.4582e-6  -2.7026e-6  -2.98357e-6  -2.74947e-6  -3.25448e-6  -3.00335e-6  -3.08909e-6  -3.30675e-6  -3.47383e-6  1.72878e-8  -3.02292e-6  -3.07727e-6  -3.05572e-6  -2.77203e-6  -3.11856e-6  -3.11738e-6  2.26784e-9  -3.74089e-6  -3.30153e-6  2.14379e-8  1.53526e-8  -3.54115e-6  -3.01486e-6  -4.37282e-7  1.89938e-8  1.91603e-8  2.25833e-8  1.9324e-8  2.41182e-8  1.83604e-8  1.61222e-8  -3.78417e-6  -3.90117e-6  2.32672e-8  -3.90522e-6  -3.39682e-6  2.33941e-8  -3.18602e-6  1.03264e-7  1.99137e-8  2.20098e-8  2.73979e-8  1.85589e-8  2.15729e-8  1.96777e-8  2.21698e-8  2.22066e-8  2.14346e-8  2.15162e-8  2.23644e-8  1.99407e-8  2.13524e-8  2.49658e-8  2.74277e-8  1.96025e-8  2.76801e-8  2.44131e-8  2.63624e-8  2.08935e-8  -1.82687e-7  2.37169e-8  2.07384e-8  1.65014e-8  3.07863e-8  1.99684e-8  2.24755e-8  2.50125e-8  2.58436e-8  2.02343e-8  2.37969e-8
2100 Eigenvalues converges, out of 2100 requested.
Running with beta = 20
Running with l = 1050
Starting Davidson with n_aux = 2100, l_buffer = 1155, lc = 1055, thresh = 0.0015, max_iter = 100
Iter 1: V_size = 210, Converged = 0, ‖r‖ (largest λ) = 0.1516315241105587
Iter 2: V_size = 420, Converged = 0, ‖r‖ (largest λ) = 0.03270368987561489
Iter 3: V_size = 840, Converged = 0, ‖r‖ (largest λ) = 0.009779089027487775
Iter 4: V_size = 1680, Converged = 0, ‖r‖ (largest λ) = 0.0025810782883984172
Iter 5: V_size = 2100, Converged = 1, ‖r‖ (largest λ) = 0.014387564384808225
Iter 6: V_size = 2100, Converged = 2, ‖r‖ (largest λ) = 0.031368793737092275
Iter 7: V_size = 2100, Converged = 2, ‖r‖ (largest λ) = 0.024835625444226735
Iter 8: V_size = 2100, Converged = 2, ‖r‖ (largest λ) = 0.01074758641403372
Iter 9: V_size = 1406, Converged = 452, ‖r‖ (largest λ) = 0.007062868533315701
Hybrid Davidson-JD corrections at iteration 10
Total MINRES iterations: 0
Iter 10: V_size = 1406, Converged = 452, ‖r‖ (largest λ) = 0.004656968841904135
Hybrid Davidson-JD corrections at iteration 11
Total MINRES iterations: 0
Iter 11: V_size = 1406, Converged = 452, ‖r‖ (largest λ) = 0.003810681551246866
Hybrid Davidson-JD corrections at iteration 12
Total MINRES iterations: 0
Iter 12: V_size = 1923, Converged = 638, ‖r‖ (largest λ) = 0.003303322009705966
Hybrid Davidson-JD corrections at iteration 13
Total MINRES iterations: 7227
Iter 13: V_size = 1034, Converged = 638, ‖r‖ (largest λ) = 0.03145355021252306
Hybrid Davidson-JD corrections at iteration 14
Total MINRES iterations: 1950
Iter 14: V_size = 1551, Converged = 638, ‖r‖ (largest λ) = 0.010402041898822703
Hybrid Davidson-JD corrections at iteration 15
Total MINRES iterations: 2018
Iter 15: V_size = 2068, Converged = 638, ‖r‖ (largest λ) = 0.015862085210003752
Hybrid Davidson-JD corrections at iteration 16
Total MINRES iterations: 1907
Iter 16: V_size = 492, Converged = 909, ‖r‖ (largest λ) = 0.014944784222361165
Hybrid Davidson-JD corrections at iteration 17
Total MINRES iterations: 1826
Iter 17: V_size = 738, Converged = 909, ‖r‖ (largest λ) = 0.01696285887057548
Hybrid Davidson-JD corrections at iteration 18
Total MINRES iterations: 2209
Iter 18: V_size = 984, Converged = 909, ‖r‖ (largest λ) = 0.013151238952324368
Hybrid Davidson-JD corrections at iteration 19
Total MINRES iterations: 125
Iter 19: V_size = 1162, Converged = 977, ‖r‖ (largest λ) = 0.010102228255362156
Hybrid Davidson-JD corrections at iteration 20
Total MINRES iterations: 760
Iter 20: V_size = 1340, Converged = 977, ‖r‖ (largest λ) = 0.01928450275823792
Hybrid Davidson-JD corrections at iteration 21
Total MINRES iterations: 0
Iter 21: V_size = 1518, Converged = 977, ‖r‖ (largest λ) = 0.012552547883798214
Hybrid Davidson-JD corrections at iteration 22
Total MINRES iterations: 0
Iter 22: V_size = 1696, Converged = 977, ‖r‖ (largest λ) = 0.0067902859895567404
Hybrid Davidson-JD corrections at iteration 23
Total MINRES iterations: 0
Iter 23: V_size = 1861, Converged = 990, ‖r‖ (largest λ) = 0.005754538702889547
Hybrid Davidson-JD corrections at iteration 24
Total MINRES iterations: 146
Iter 24: V_size = 2025, Converged = 991, ‖r‖ (largest λ) = 0.0037501843014326056
Hybrid Davidson-JD corrections at iteration 25
Total MINRES iterations: 157
Iter 25: V_size = 328, Converged = 991, ‖r‖ (largest λ) = 0.001610130149358428
Hybrid Davidson-JD corrections at iteration 26
Total MINRES iterations: 25
Iter 26: V_size = 492, Converged = 991, ‖r‖ (largest λ) = 0.009715522934252454
Hybrid Davidson-JD corrections at iteration 27
Total MINRES iterations: 175
Iter 27: V_size = 656, Converged = 991, ‖r‖ (largest λ) = 0.010997245918950977
Converged all required eigenvalues.
18599.454536 seconds (462.68 M allocations: 36.651 TiB, 1.06% gc time)
Number of FLOPs: 197879190875188

Reading exact Eigenvalues...
Reading eigenvalues from ../../Eigenvalues_folder/eigenres_uracil_RNDbasis1.jld2

Compute the difference between computed and exact eigenvalues:
1×1050 adjoint(::Vector{Float64}) with eltype Float64:
 -7.10543e-15  -3.55271e-15  1.77636e-14  1.06581e-14  1.42109e-14  0.0  -3.55271e-15  1.06581e-14  3.55271e-15  -1.42109e-14  -7.10543e-15  0.0  0.0  1.77636e-15  -3.55271e-15  7.10543e-15  -1.24345e-14  1.24345e-14  1.06581e-14  -5.32907e-15  -8.88178e-15  1.77636e-15  1.77636e-15  8.88178e-15  1.77636e-14  0.0  -1.77636e-15  1.77636e-15  8.88178e-15  0.0  -3.55271e-15  -7.10543e-15  -7.10543e-15  0.0  -3.55271e-15  -3.55271e-15  0.0  -3.55271e-15  5.32907e-15  -1.77636e-15  2.66454e-15  -6.21725e-15  8.88178e-16  -2.66454e-15  -1.77636e-15  6.21725e-15  -3.55271e-15  -1.77636e-15  0.0  3.55271e-15  3.55271e-15  1.77636e-15  -1.77636e-15  6.21725e-15  0.0  8.88178e-16  6.21725e-15  2.66454e-15  5.32907e-15  -3.55271e-15  -3.55271e-15  0.0  -1.77636e-15  5.32907e-15  -1.77636e-15  7.10543e-15  -7.10543e-15  3.55271e-15  1.77636e-15  -3.55271e-15  1.77636e-15  1.77636e-15  3.55271e-15  -3.55271e-15  8.88178e-16  -6.21725e-15  8.88178e-15  -3.55271e-15  -4.44089e-15  7.99361e-15  -7.10543e-15  -2.66454e-15  8.88178e-16  -4.44089e-15  -4.44089e-15  0.0  -8.88178e-16  -2.66454e-15  -5.32907e-15  -8.88178e-16  8.88178e-16  -7.10543e-15  3.55271e-15  -8.88178e-15  -8.88178e-15  -8.88178e-16  6.21725e-15  1.77636e-15  5.77316e-15  8.43769e-15  4.44089e-15  3.9968e-15  -1.02141e-14  -6.66134e-15  8.88178e-15  -2.66454e-15  -9.76996e-15  1.19904e-14  -8.43769e-15  1.24345e-14  1.77636e-15  -8.43769e-15  -8.88178e-16  -1.19904e-14  8.43769e-15  -3.10862e-15  -3.9968e-15  -4.88498e-15  5.77316e-15  8.88178e-16  3.55271e-15  8.43769e-15  3.10862e-15  -3.10862e-15  1.33227e-15  1.46549e-14  -7.54952e-15  3.9968e-15  8.88178e-15  5.77316e-15  -1.46549e-14  8.88178e-16  -3.55271e-15  1.24345e-14  -7.54952e-15  4.44089e-15  1.77636e-15  -2.66454e-15  -4.44089e-15  1.24345e-14  8.43769e-15  0.0  5.77316e-15  6.66134e-15  -1.77636e-15  8.88178e-15  -8.88178e-16  6.66134e-15  2.22045e-15  8.43769e-15  -7.99361e-15  6.66134e-15  -3.10862e-15  1.59872e-14  -1.19904e-14  1.5099e-14  5.32907e-15  1.33227e-15  3.10862e-15  -1.33227e-14  -1.73195e-14  7.10543e-15  -8.88178e-16  3.55271e-15  -7.10543e-15  6.21725e-15  -3.55271e-15  2.22045e-15  -4.44089e-15  -9.32587e-15  6.21725e-15  6.66134e-15  3.9968e-15  1.90958e-14  6.66134e-15  1.33227e-15  6.66134e-15  1.37668e-14  2.66454e-15  -2.66454e-15  -8.88178e-15  1.46549e-14  -1.02141e-14  -7.99361e-15  -5.77316e-15  -9.76996e-15  -1.5099e-14  3.55271e-15  1.77636e-15  8.88178e-16  5.77316e-15  1.77636e-15  -6.66134e-15  1.33227e-15  -1.68754e-14  1.33227e-15  -6.21725e-15  -6.66134e-15  -1.24345e-14  -1.55431e-14  -2.22045e-15  1.59872e-14  3.10862e-15  -3.55271e-15  -4.44089e-15  -1.02141e-14  -4.88498e-15  9.76996e-15  3.55271e-15  -1.73195e-14  -4.44089e-16  1.24345e-14  4.44089e-16  4.44089e-16  -6.21725e-15  -5.77316e-15  -6.21725e-15  -2.17604e-14  2.30926e-14  -9.76996e-15  -7.10543e-15  -9.76996e-15  -1.55431e-15  -8.88178e-15  -1.42109e-14  1.13243e-14  -5.32907e-15  2.10942e-14  3.9968e-15  2.13163e-14  -8.88178e-15  3.10862e-15  1.55431e-15  1.17684e-14  -2.15383e-14  8.88178e-15  -2.53131e-14  4.66294e-15  -3.10862e-15  -1.95399e-14  -5.9952e-15  -1.70974e-14  2.08722e-14  -5.55112e-15  -1.04361e-14  -9.54792e-15  2.66454e-15  8.43769e-15  9.54792e-15  -1.33227e-15  -1.15463e-14  2.26485e-14  -9.54792e-15  7.54952e-15  6.88338e-15  -3.33067e-15  -2.4647e-14  2.15383e-14  1.26565e-14  -1.28786e-14  -4.44089e-15  1.55431e-15  1.31006e-14  2.33147e-14  -4.21885e-15  -9.99201e-15  1.11022e-15  1.93179e-14  5.9952e-15  -1.33227e-15  2.22045e-15  -6.66134e-16  -1.11022e-14  2.75335e-14  -8.43769e-15  -4.88498e-15  1.33227e-14  5.32907e-15  4.44089e-15  -1.57652e-14  2.66454e-15  -1.39888e-14  -6.66134e-16  9.99201e-15  -2.77556e-14  -8.88178e-16  2.42029e-14  1.9984e-14  -1.26565e-14  2.93099e-14  -1.90958e-14  -7.54952e-15  2.37588e-14  -1.42109e-14  -1.26565e-14  -1.53211e-14  -4.66294e-14  -1.68754e-14  2.22045e-16  -1.77636e-14  -2.44249e-15  -2.26485e-14  -2.11831e-13  -1.5743e-13  -7.07878e-13  -2.29594e-13  -6.28386e-13  -7.68052e-13  -1.11244e-13  -2.14051e-13  -8.55538e-13  -1.44107e-12  -1.40354e-12  -2.20113e-12  -1.17395e-12  -8.75078e-13  -9.65894e-13  -1.90203e-12  -8.65974e-13  -2.06368e-12  -6.46638e-12  -3.7037e-12  -2.07088e-11  -1.30143e-11  -1.34632e-11  -2.14095e-11  -2.85389e-11  -5.68654e-11  -6.66891e-11  -3.16214e-11  -1.00237e-10  -1.87379e-10  -3.23002e-10  -1.49391e-10  -4.33895e-10  -4.0432e-10  -3.0066e-10  -3.20922e-10  -4.36483e-10  -5.29599e-10  -6.51702e-10  -7.63768e-10  -7.46769e-10  -6.36713e-10  -7.64662e-10  -1.21691e-9  -6.23136e-10  -1.29032e-9  -6.6813e-10  -1.30382e-9  -1.45938e-9  -2.28639e-9  -1.65232e-9  -2.45712e-9  -1.94044e-9  -2.80079e-9  -2.78937e-9  -1.86008e-9  -3.50591e-9  -3.20961e-9  -2.69861e-9  -4.44661e-9  -2.34309e-9  -6.01307e-9  -7.0851e-9  -3.66246e-9  -3.03353e-9  -7.72031e-9  -6.79919e-9  -6.51601e-9  -8.72021e-9  -8.40842e-9  -7.1385e-9  -9.23908e-9  -7.70049e-9  -5.91443e-9  -9.96969e-9  -8.75912e-9  -1.42402e-8  -1.12614e-8  -9.5504e-9  -1.64278e-8  -1.20511e-8  -1.38576e-8  -1.36682e-8  -1.76667e-8  -1.69092e-8  -2.08917e-8  -1.78494e-8  -1.81504e-8  -2.69652e-8  -1.69664e-8  -1.70437e-8  -2.20267e-8  -2.13502e-8  -2.3898e-8  -2.70878e-8  -3.37189e-8  -2.93431e-8  -2.03275e-8  -4.36332e-8  -3.20266e-8  -4.01948e-8  -3.37667e-8  -4.56987e-8  -4.66266e-8  -3.29948e-8  -4.77414e-8  -4.06635e-8  -4.15602e-8  -3.6679e-8  -4.96296e-8  -6.60007e-8  -5.24789e-8  -6.45674e-8  -7.0807e-8  -5.83142e-8  -5.41051e-8  -8.88037e-8  -4.1647e-8  -6.18206e-8  -8.90361e-8  -7.21285e-8  -6.05694e-8  -9.28668e-8  -9.36481e-8  -9.50088e-8  -8.17018e-8  -8.23141e-8  -6.97713e-8  -9.27559e-8  -6.93722e-8  -1.0904e-7  -1.06071e-7  -1.31234e-7  -9.5733e-8  -9.02296e-8  -1.49075e-7  -1.04078e-7  -1.64911e-7  -1.23571e-7  -1.28376e-7  -1.4843e-7  -1.05051e-7  -1.60777e-7  -1.26031e-7  -1.48583e-7  -6.19354e-8  -1.70529e-7  -1.38335e-7  -5.98127e-8  -1.33846e-7  -6.45306e-8  -5.64058e-8  -6.3728e-8  -1.55377e-7  -7.17596e-8  -8.18458e-8  -7.18744e-8  -6.4315e-8  -1.5757e-7  -1.00187e-7  -8.44828e-8  -6.72156e-8  -8.88655e-8  -1.11933e-7  -1.03542e-7  -9.20904e-8  -8.61481e-8  -7.87247e-8  -9.23659e-8  -1.13704e-7  -1.17267e-7  -9.7141e-8  -1.19225e-7  -1.04035e-7  -9.21344e-8  -1.29431e-7  -1.50404e-7  -1.16808e-7  -1.20296e-7  -1.16287e-7  -2.04514e-7  -1.6802e-7  -1.49452e-7  -2.00015e-7  -1.72226e-7  -1.65297e-7  -2.42904e-7  -1.5266e-7  -1.57344e-7  -1.70146e-7  -2.10284e-7  -2.07449e-7  -2.39149e-7  -2.50049e-7  -2.12012e-7  -2.78465e-7  -2.63476e-7  -2.40283e-7  -2.73828e-7  -3.45407e-7  -2.24464e-7  -2.56907e-7  -2.08682e-7  -2.43074e-7  -3.6704e-7  -3.37562e-7  -3.28783e-7  -4.20971e-7  -3.30231e-7  -2.20115e-7  -3.28478e-7  -3.37803e-7  -2.69824e-7  -2.60402e-7  -3.04319e-7  -3.99357e-7  -3.02697e-7  -3.34834e-7  -3.13064e-7  -5.0561e-7  -3.4532e-7  -3.68328e-7  -4.83231e-7  -3.91714e-7  -4.86672e-7  -5.28059e-7  -4.28183e-7  -5.23404e-7  -5.34069e-7  -5.19519e-7  -7.16752e-7  -6.07391e-7  -4.58624e-7  -6.94539e-7  -7.06757e-7  -6.43522e-7  -5.22202e-7  -7.89776e-7  -5.92356e-7  -5.42678e-7  -7.68826e-7  -5.29148e-7  -5.57401e-7  -6.28583e-7  -6.72993e-7  -5.73554e-7  -7.04287e-7  -6.81837e-7  -6.86264e-7  -4.69367e-7  -7.84839e-7  -8.51316e-7  -6.73081e-7  -1.09245e-6  -8.0498e-7  -7.53994e-7  -6.38937e-7  -8.97054e-7  -9.33348e-7  -8.0947e-7  -1.05443e-6  -1.33558e-6  -9.5613e-7  -1.00215e-6  -1.0337e-6  -9.62563e-7  -1.35289e-6  -1.25504e-6  -9.34724e-7  -1.00499e-6  -1.17883e-6  -1.49813e-6  -1.64986e-6  -1.06389e-6  -1.24076e-6  -1.40324e-6  -1.26481e-6  -1.36215e-6  -1.85266e-6  -1.81561e-6  -1.29483e-6  -1.45882e-6  -1.29496e-6  -2.01964e-6  -1.30256e-6  -1.30497e-6  -1.79716e-6  -1.4613e-6  -1.6931e-6  -1.55617e-6  -1.55328e-6  -2.38774e-6  -1.8908e-6  -1.89164e-6  -2.09808e-6  -2.14029e-6  -1.91482e-6  -1.52958e-6  -1.95764e-6  -2.17925e-6  -2.326e-6  -1.92424e-6  -2.28302e-6  -2.18999e-6  -2.92722e-6  -2.21095e-6  -2.16679e-6  -2.30828e-6  -2.481e-6  -2.06117e-6  -2.48522e-6  -2.45096e-6  -2.28622e-6  -2.62476e-6  -2.60238e-6  -3.78054e-7  -2.91153e-6  -2.46982e-6  -2.35755e-6  -2.54973e-6  -2.92152e-6  -2.27846e-6  -2.70536e-6  -2.65428e-6  -2.94016e-6  -3.43603e-6  -3.1715e-6  -3.04118e-6  -3.20086e-6  -3.24819e-6  -3.1512e-6  -1.00255e-10  -3.17065e-6  -3.29931e-6  -3.34966e-6  2.13036e-10  -5.2466e-7  4.38458e-11  6.05943e-11  -4.6225e-7  -4.2076e-7  -3.47228e-6  7.23163e-11  8.90553e-11  1.54902e-10  2.72395e-11  -5.55958e-7  2.1309e-11  3.66454e-11  -1.07813e-10  -4.66209e-11  -3.69369e-6  -1.3392e-10  -5.5219e-7  -7.36705e-7  -7.11773e-7  -6.03679e-7  -8.38294e-10  -3.25418e-6  -8.43965e-7  -6.76457e-7  -6.58019e-7  -6.51972e-7  5.83504e-11  -8.45796e-7  -8.58491e-12  -3.82062e-11  -5.31898e-11  7.70384e-12  -6.51983e-11  -6.83808e-7  -3.06776e-11  -6.23743e-11  -8.2889e-7  -6.76972e-7  -8.158e-7  -7.94524e-7  -3.19857e-11  -2.4913e-11  -1.66641e-10  -4.56433e-11  -5.31971e-11  -7.16206e-7  -8.63799e-7  -1.11194e-6  -7.67279e-7  -8.38685e-7  -1.03744e-10  -1.33027e-10  -1.7217e-10  -9.42508e-7  -1.18046e-6  -9.73306e-7  -6.26287e-10  -1.28454e-6  -5.91337e-10  -2.3063e-10  -9.11144e-7  -2.45835e-10  -2.58687e-10  -1.72029e-10  -2.07269e-10  -9.45336e-7  -1.00707e-6  -1.16991e-6  -5.07521e-10  -3.6077e-10  -1.04532e-6  -1.38949e-6  -5.6812e-10  -1.2866e-9  -5.34188e-10  -3.53091e-10  -6.47776e-9  -6.00839e-10  -1.35304e-6  -4.39765e-10  -4.14458e-10  -1.3274e-6  -5.90583e-10  -1.77e-6  -6.9015e-10  -7.20771e-10  -1.34691e-6  -5.68618e-10  -5.71131e-10  -8.51966e-10  -5.87685e-10  -6.93797e-10  -2.06147e-9  -7.93754e-10  -9.92039e-10  -8.20883e-10  -1.13434e-9  -1.11252e-9  -1.46433e-6  -8.38842e-10  -1.62386e-9  -2.09072e-6  -1.95572e-6  -1.82292e-6  -2.06404e-6  -1.67382e-6  -2.11441e-6  -1.92416e-6  -1.71523e-6  -2.39916e-6  -1.80116e-6  -2.06322e-6  -2.07797e-9  -4.70014e-9  -1.70649e-9  -1.63488e-9  -2.03987e-9  -2.37789e-6  -1.95173e-9  -2.58932e-9  -1.72468e-9  -2.53785e-9  -2.08863e-9  -1.98576e-9  -2.25455e-9  -2.83336e-6  -2.17002e-9  -2.9262e-6  -2.61101e-9  -2.88345e-6  -2.59902e-9  -1.8081e-8  -2.62315e-9  -2.55146e-6  -3.24289e-9  -3.04169e-6  -3.38392e-6  -2.6483e-9  -2.84642e-6  -2.1955e-6  -4.45222e-9  -3.24729e-9  -3.11408e-6  -3.24538e-6  -3.73027e-9  -3.39978e-6  -4.54711e-9  -3.0576e-6  -3.48344e-6  -5.35082e-9  -3.82021e-9  -4.64761e-9  -3.74426e-9  -4.83609e-9  -5.64439e-9  -5.26647e-9  -5.89524e-9  -2.94043e-8  -5.55674e-9  -6.12709e-9  -4.58441e-6  -2.89293e-9  -4.05463e-6  -6.48381e-9  -3.84498e-6  -6.72145e-9  -3.53171e-6  -5.05194e-9  -4.68773e-6  -6.60795e-9  -2.66879e-8  -1.04734e-8  -4.49227e-9  -3.75976e-6  1.52678e-10  -8.5891e-9  -6.85854e-9  -1.03224e-8  -9.5427e-9  -9.81853e-9  -7.05296e-9  -8.34639e-9  -4.32078e-6  -1.34413e-8  -1.26569e-8  -1.48003e-8  -4.57797e-9  -9.18573e-9  -8.51578e-9  -1.08602e-8  -1.19281e-8  -1.2636e-8  -5.36627e-6  -1.58876e-8  -9.23701e-9  -1.30344e-8  -1.34078e-8  -1.54143e-8  -1.56333e-8  -1.6814e-8  -1.65977e-8  1.51796e-10  -1.48327e-8  -1.6778e-8  -1.9409e-8  -1.54129e-8  -1.20198e-8  -1.53265e-8  -1.57705e-8  -1.74931e-8  -1.51032e-8  -1.89604e-8  -1.82206e-8  -2.19828e-8  -2.39648e-8  -1.74675e-8  -2.06505e-8  -2.36099e-8  -2.09536e-8  2.45058e-10  -1.1835e-8  1.79283e-10  -1.3929e-8  -2.12206e-8  1.23839e-10  -1.25958e-8  -4.57981e-9  -2.14796e-8  -2.63895e-8  -2.09325e-8  -2.38429e-8  -2.7883e-8  -3.72492e-8  -2.15821e-8  -2.41533e-8  -2.26695e-8  -3.18224e-8  -2.43749e-8  -3.7082e-8  -3.05109e-8  -3.38126e-8  -3.15845e-8  -3.47454e-8  -3.03803e-8  5.47715e-11  -2.83291e-8  2.23926e-10  -3.74004e-8  -3.22602e-8  1.21635e-10  2.38549e-10  1.6422e-10  1.82738e-10  6.89098e-11  3.52352e-10  2.14601e-11  2.07119e-10  2.49612e-10  4.25509e-10  1.43848e-10  8.94654e-11  2.59433e-11  1.00274e-10  8.03441e-11  1.45773e-10  3.61344e-11  1.18047e-10  1.83721e-10  7.18546e-11  1.6372e-10  1.78626e-10  6.19702e-11  2.0031e-10  1.13825e-10  -4.01297e-11  -2.13418e-12  1.7275e-11  -7.01136e-11  7.89741e-11  -9.85323e-14  -4.0598e-11  -1.18264e-10  -2.13548e-11  -1.8796e-10  4.35637e-11  -1.2207e-10  1.90503e-12  -1.76589e-10  -1.39141e-10  -1.10563e-11  -3.07151e-10  -7.08351e-9  -9.53369e-9  -4.71684e-9  1.58613e-11  -5.67861e-9  -5.01552e-9  3.9063e-10  -4.4595e-9  -5.24608e-9  -4.02965e-9  -6.11171e-9  1.48348e-10  2.09988e-10  -4.95217e-9  2.18696e-10  -3.57194e-9  -4.4708e-9  -4.62217e-9  -4.25767e-6  -3.73289e-6  -3.72734e-6  -2.7446e-6  -3.59286e-6  -2.73821e-6  -3.38659e-6  -2.3493e-6  -2.87327e-6  -2.52926e-6  -3.79177e-6  -2.63619e-6  -1.98817e-6  -2.74213e-6  -1.53974e-6  -1.61077e-6  -1.48395e-6  -1.79013e-6  -1.76901e-6  -1.76205e-6  -1.79803e-6  -1.48649e-6  -1.84378e-6  -1.35356e-6  -1.54396e-6  -1.40971e-6  -1.85466e-6  -1.43945e-6  -2.10743e-6  -2.93675e-8  -1.74686e-8  -3.23533e-8  -7.94458e-8  -2.34571e-8  -2.01976e-8  -4.94434e-8  -2.2721e-6  -4.68732e-8  -9.81555e-8  -1.98251e-6  -3.57797e-8  -1.75049e-6  8.43687e-9  -2.25145e-6  -3.60812e-8  -3.60232e-8  -6.39028e-8  -4.2575e-8  1.12675e-8  -7.96576e-7  -8.33016e-8  -1.48237e-7  -2.10178e-6  -7.85842e-8  -7.55233e-8  -8.43625e-8  1.01055e-8  -1.36112e-7  9.26751e-9  -1.35462e-7  -9.86971e-8  1.10174e-8  1.06898e-8  -1.11651e-7  -1.36415e-7  9.21588e-9  -1.66149e-7  -1.51768e-7  -1.24936e-7  -1.58815e-7  -1.86162e-7  -1.78743e-7  -1.46106e-7  -1.54033e-7  -1.4646e-7  -1.70048e-7  -1.41057e-7  -3.16796e-7  -2.25632e-7  -1.287e-7  -2.43642e-7  -2.91388e-7  -2.17801e-7  -1.96255e-7  -3.82259e-7  -2.66491e-7  -3.04661e-7  -1.90104e-7  -3.19072e-7  7.77472e-9  -3.20028e-7  -3.91242e-7  5.24829e-9  -3.59961e-7  -4.39633e-7  -3.72941e-7  -7.27636e-7  -4.77241e-7  -6.98067e-7  -4.81339e-7  2.15175e-9  -7.10964e-7
1050 Eigenvalues converges, out of 1050 requested.
Running with l = 2100
Starting Davidson with n_aux = 4200, l_buffer = 2310, lc = 2110, thresh = 0.002, max_iter = 100
Iter 1: V_size = 420, Converged = 0, ‖r‖ (largest λ) = 0.05009456722285485
Iter 2: V_size = 840, Converged = 0, ‖r‖ (largest λ) = 0.00974895232376983
Iter 3: V_size = 1680, Converged = 0, ‖r‖ (largest λ) = 0.002621504589096449
Iter 4: V_size = 3360, Converged = 0, ‖r‖ (largest λ) = 0.00037949040280745277
Iter 5: V_size = 4200, Converged = 12, ‖r‖ (largest λ) = 0.0006152914387504029
Iter 6: V_size = 4200, Converged = 12, ‖r‖ (largest λ) = 0.0010005376983298064
Iter 7: V_size = 4200, Converged = 12, ‖r‖ (largest λ) = 0.0011176710859159573
Iter 8: V_size = 3630, Converged = 495, ‖r‖ (largest λ) = 0.0006939165548488947
Iter 9: V_size = 3630, Converged = 495, ‖r‖ (largest λ) = 0.00033141998917555934
Hybrid Davidson-JD corrections at iteration 10
Total MINRES iterations: 0
Iter 10: V_size = 3630, Converged = 495, ‖r‖ (largest λ) = 0.00021945069672652968
Hybrid Davidson-JD corrections at iteration 11
Total MINRES iterations: 0
Iter 11: V_size = 3999, Converged = 1941, ‖r‖ (largest λ) = 0.00016737395676588634
Hybrid Davidson-JD corrections at iteration 12
Total MINRES iterations: 2452
Iter 12: V_size = 738, Converged = 1941, ‖r‖ (largest λ) = 0.6269192024349576
Hybrid Davidson-JD corrections at iteration 13
Total MINRES iterations: 0
Iter 13: V_size = 1107, Converged = 1941, ‖r‖ (largest λ) = 0.00011715492207046912
Hybrid Davidson-JD corrections at iteration 14
Total MINRES iterations: 25
Iter 14: V_size = 1476, Converged = 1941, ‖r‖ (largest λ) = 0.00037304801266674646
Hybrid Davidson-JD corrections at iteration 15
Total MINRES iterations: 0
Iter 15: V_size = 1845, Converged = 1941, ‖r‖ (largest λ) = 0.0007018735396839232
Hybrid Davidson-JD corrections at iteration 16
Total MINRES iterations: 350
Iter 16: V_size = 2214, Converged = 1941, ‖r‖ (largest λ) = 0.0006769800349003374
Hybrid Davidson-JD corrections at iteration 17
Total MINRES iterations: 0
Iter 17: V_size = 2583, Converged = 1941, ‖r‖ (largest λ) = 0.000579337564230529
Hybrid Davidson-JD corrections at iteration 18
Total MINRES iterations: 0
Iter 18: V_size = 2952, Converged = 1941, ‖r‖ (largest λ) = 0.0005520950493523337
Hybrid Davidson-JD corrections at iteration 19
Total MINRES iterations: 0
Iter 19: V_size = 3321, Converged = 1941, ‖r‖ (largest λ) = 0.00036680733744652057
Hybrid Davidson-JD corrections at iteration 20
Total MINRES iterations: 0
Iter 20: V_size = 3690, Converged = 1941, ‖r‖ (largest λ) = 0.00030726610516017814
Hybrid Davidson-JD corrections at iteration 21
Total MINRES iterations: 0
Iter 21: V_size = 3937, Converged = 2063, ‖r‖ (largest λ) = 0.0002386462451783501
Hybrid Davidson-JD corrections at iteration 22
Total MINRES iterations: 348
Iter 22: V_size = 4184, Converged = 2063, ‖r‖ (largest λ) = 7.036432840191485e-5
Hybrid Davidson-JD corrections at iteration 23
Total MINRES iterations: 0
Iter 23: V_size = 494, Converged = 2063, ‖r‖ (largest λ) = 0.0001264949133878337
Hybrid Davidson-JD corrections at iteration 24
Total MINRES iterations: 0
Iter 24: V_size = 741, Converged = 2063, ‖r‖ (largest λ) = 5.789535852809756e-5
Converged all required eigenvalues.
34235.103395 seconds (1.62 G allocations: 128.341 TiB, 1.92% gc time)
Number of FLOPs: 253857489121764

Reading exact Eigenvalues...
Reading eigenvalues from ../../Eigenvalues_folder/eigenres_uracil_RNDbasis1.jld2

Compute the difference between computed and exact eigenvalues:
1×2100 adjoint(::Vector{Float64}) with eltype Float64:
 -2.84217e-14  -1.06581e-14  2.13163e-14  -3.55271e-15  -3.55271e-15  -1.77636e-14  3.55271e-15  1.42109e-14  7.10543e-15  1.06581e-14  -1.06581e-14  3.55271e-15  -7.10543e-15  0.0  0.0  3.55271e-15  -1.77636e-15  -1.77636e-15  -3.55271e-15  -8.88178e-15  -7.10543e-15  1.77636e-15  1.77636e-15  3.55271e-15  1.06581e-14  -7.10543e-15  -3.55271e-15  -5.32907e-15  3.55271e-15  5.32907e-15  -3.55271e-15  -5.32907e-15  -1.77636e-15  -3.55271e-15  1.06581e-14  -1.77636e-15  0.0  -3.55271e-15  1.24345e-14  -3.55271e-15  3.55271e-15  -3.55271e-15  0.0  8.88178e-16  3.55271e-15  2.66454e-15  -8.88178e-16  5.32907e-15  -4.44089e-15  -1.77636e-15  -8.88178e-16  8.88178e-16  -1.77636e-15  -2.66454e-15  8.88178e-16  -1.77636e-15  2.66454e-15  -5.32907e-15  3.55271e-15  -2.66454e-15  2.66454e-15  1.77636e-15  -2.66454e-15  0.0  8.88178e-15  1.77636e-15  -8.88178e-16  -6.21725e-15  8.88178e-16  -1.77636e-15  2.66454e-15  -1.77636e-15  0.0  2.66454e-15  -8.88178e-16  -8.88178e-16  8.88178e-16  0.0  0.0  -8.88178e-16  0.0  -8.88178e-16  0.0  -2.66454e-15  -8.88178e-16  -8.88178e-16  0.0  -8.88178e-16  -2.66454e-15  3.55271e-15  8.88178e-16  -4.44089e-15  2.66454e-15  -4.44089e-15  2.66454e-15  0.0  4.44089e-16  -2.66454e-15  1.77636e-15  2.66454e-15  2.22045e-15  2.66454e-15  1.33227e-15  8.88178e-16  0.0  -8.88178e-16  1.33227e-15  2.66454e-15  -4.44089e-16  3.55271e-15  1.33227e-15  3.10862e-15  -1.77636e-15  3.10862e-15  0.0  -3.10862e-15  2.22045e-15  2.22045e-15  8.88178e-16  0.0  1.33227e-15  8.88178e-16  -2.66454e-15  0.0  5.32907e-15  -3.9968e-15  3.9968e-15  1.77636e-15  2.22045e-15  0.0  1.77636e-15  -2.22045e-15  -4.44089e-16  0.0  8.88178e-16  -8.88178e-16  -2.22045e-15  3.10862e-15  -3.10862e-15  4.44089e-16  0.0  -1.77636e-15  -8.88178e-16  -4.44089e-16  -1.33227e-15  1.33227e-15  0.0  1.77636e-15  1.33227e-15  8.88178e-16  4.44089e-16  1.77636e-15  -1.77636e-15  -1.33227e-15  -2.22045e-15  -3.10862e-15  1.33227e-15  1.33227e-15  -2.66454e-15  -4.44089e-16  4.44089e-16  -1.33227e-15  8.88178e-16  -1.33227e-15  0.0  8.88178e-16  4.88498e-15  1.77636e-15  0.0  -8.88178e-16  4.44089e-16  -8.88178e-16  3.10862e-15  -2.22045e-15  1.33227e-15  2.66454e-15  -4.44089e-16  4.88498e-15  2.22045e-15  1.33227e-15  -2.66454e-15  -4.44089e-16  2.66454e-15  -2.66454e-15  2.66454e-15  3.9968e-15  2.66454e-15  6.21725e-15  -1.33227e-15  2.66454e-15  -1.77636e-15  -8.88178e-16  -1.33227e-15  -1.33227e-15  -1.33227e-15  -4.88498e-15  -2.66454e-15  -1.33227e-15  8.88178e-16  -4.44089e-16  1.77636e-15  4.44089e-16  3.10862e-15  8.88178e-16  -1.33227e-15  0.0  4.44089e-16  -4.44089e-16  -3.10862e-15  -5.32907e-15  8.88178e-16  0.0  -5.32907e-15  -2.22045e-15  -4.44089e-16  1.33227e-15  -4.44089e-15  -3.10862e-15  -1.33227e-15  -2.66454e-15  -4.44089e-15  0.0  1.33227e-15  -1.33227e-15  -1.33227e-15  -2.44249e-15  4.66294e-15  4.44089e-16  -4.44089e-16  3.33067e-15  8.88178e-16  2.22045e-16  8.88178e-16  3.33067e-15  2.66454e-15  -4.88498e-15  -6.66134e-15  -3.55271e-15  4.44089e-16  -6.66134e-16  1.33227e-15  2.66454e-15  6.66134e-16  7.32747e-15  -1.9984e-15  2.44249e-15  -8.88178e-16  4.21885e-15  1.11022e-15  -3.9968e-15  6.66134e-16  -1.55431e-15  6.66134e-16  2.22045e-15  -2.88658e-15  1.11022e-15  -1.55431e-15  -3.9968e-15  -1.9984e-15  6.43929e-15  -4.66294e-15  1.55431e-15  3.9968e-15  8.88178e-16  3.33067e-15  -3.10862e-15  -1.11022e-15  1.9984e-15  -1.9984e-15  1.33227e-15  -1.55431e-15  -6.66134e-16  -2.22045e-16  2.22045e-15  -3.33067e-15  2.22045e-15  5.32907e-15  3.77476e-15  0.0  -3.10862e-15  6.66134e-16  2.22045e-15  -1.77636e-15  4.44089e-16  -2.88658e-15  1.9984e-15  -2.88658e-15  -4.44089e-16  4.21885e-15  1.33227e-15  5.10703e-15  2.44249e-15  7.99361e-15  4.44089e-16  0.0  -2.44249e-15  -7.77156e-15  -7.10543e-15  -4.44089e-16  4.88498e-15  1.9984e-15  8.88178e-16  -1.77636e-15  -1.77636e-15  2.44249e-15  6.88338e-15  -1.33227e-15  -6.43929e-15  -1.77636e-15  -7.10543e-15  2.44249e-15  4.88498e-15  -5.55112e-15  2.22045e-15  4.44089e-16  -1.9984e-15  -2.22045e-16  3.10862e-15  -1.55431e-15  -1.55431e-15  -6.66134e-16  -3.9968e-15  -6.88338e-15  -4.44089e-15  -8.88178e-16  3.10862e-15  1.33227e-15  4.44089e-16  -7.10543e-15  2.22045e-16  -2.66454e-15  -1.11022e-15  -1.11022e-15  -4.66294e-15  -4.66294e-15  2.22045e-15  -4.21885e-15  3.33067e-15  -1.9762e-14  -4.4853e-14  -2.28706e-14  -5.41789e-14  -9.19265e-14  -6.17284e-14  -1.78968e-13  -2.18714e-13  -1.57652e-14  -2.35678e-12  -1.76548e-12  -1.49103e-12  -8.93285e-12  -2.71627e-12  -2.21929e-11  -5.12783e-11  -1.09355e-10  -1.95965e-11  -6.78602e-11  -1.50434e-10  -1.49128e-10  -9.75735e-11  -3.99661e-10  -2.13561e-10  -8.31755e-10  -1.00349e-9  -9.71446e-10  -9.24985e-10  -1.31018e-9  -1.75311e-9  -2.53853e-9  -1.46496e-9  -1.69059e-9  -2.31799e-9  -1.99739e-9  -1.98971e-9  -1.73851e-9  -1.72406e-9  -2.44101e-9  -2.73736e-9  -2.526e-9  -3.286e-9  -3.05553e-9  -2.72827e-9  -2.59564e-9  -2.7706e-9  -2.61024e-9  -2.70868e-9  -5.22219e-9  -3.91533e-9  -3.38262e-9  -5.04971e-9  -2.56855e-9  -4.28765e-9  -6.10323e-9  -3.84549e-9  -4.37576e-9  -5.24026e-9  -4.38088e-9  -5.00527e-9  -7.5327e-9  -5.35413e-9  -4.43846e-9  -7.27394e-9  -4.86953e-9  -5.80195e-9  -4.90092e-9  -9.77778e-9  -7.04581e-9  -6.63108e-9  -6.71782e-9  -5.9059e-9  -7.41587e-9  -8.38276e-9  -9.38774e-9  -6.37424e-9  -9.59292e-9  -1.00616e-8  -8.13547e-9  -7.97522e-9  -1.05815e-8  -1.23314e-8  -6.73843e-9  -8.86822e-9  -1.07812e-8  -1.02326e-8  -1.05552e-8  -1.16354e-8  -1.32546e-8  -1.05232e-8  -1.2075e-8  -1.09361e-8  -1.24335e-8  -1.1467e-8  -1.27193e-8  -1.68748e-8  -1.59162e-8  -1.64435e-8  -1.51499e-8  -1.51183e-8  -1.90142e-8  -1.81523e-8  -1.38581e-8  -2.09638e-8  -2.16854e-8  -1.62715e-8  -2.01186e-8  -2.55168e-8  -2.03153e-8  -1.62334e-8  -2.45892e-8  -2.11949e-8  -2.16489e-8  -2.1367e-8  -2.55578e-8  -1.90542e-8  -2.53295e-8  -2.08073e-8  -2.49161e-8  -2.8664e-8  -3.05681e-8  -2.59568e-8  -2.86877e-8  -2.7717e-8  -3.13543e-8  -2.95713e-8  -3.10072e-8  -3.50918e-8  -2.84928e-8  -3.39972e-8  -3.20854e-8  -3.32475e-8  -2.89824e-8  -3.37543e-8  -2.54536e-8  -3.71263e-8  -3.0957e-8  -4.35465e-8  -3.67011e-8  -3.74055e-8  -1.79714e-9  -3.94172e-8  -3.46143e-8  -3.78917e-8  -4.89889e-8  -4.50712e-8  -3.71048e-8  -4.84388e-8  -4.36529e-8  -4.20084e-8  -5.16389e-8  -4.44816e-8  -2.56614e-9  -5.98402e-8  -4.79864e-8  -2.4309e-9  -4.34142e-8  -2.27005e-9  -2.80148e-9  -2.5033e-9  -2.32628e-9  -2.39376e-9  -2.88166e-9  -2.56101e-9  -2.82574e-9  -2.65773e-9  -5.69136e-8  -2.84469e-9  -2.75888e-9  -2.8194e-9  -3.37707e-9  -3.05639e-9  -2.98486e-9  -3.2251e-9  -5.94384e-8  -3.00689e-9  -3.59825e-9  -3.07974e-9  -3.60943e-9  -5.26272e-8  -3.09926e-9  -3.61732e-9  -2.93544e-9  -3.59706e-9  -3.30938e-9  -3.95859e-9  -3.63204e-9  -3.36454e-9  -3.76475e-9  -3.90453e-9  -4.03507e-9  -4.96952e-9  -4.68239e-9  -4.37494e-9  -4.20318e-9  -4.96466e-9  -4.63493e-9  -5.8793e-9  -4.58294e-9  -4.45593e-9  -3.92633e-9  -5.03266e-9  -5.82029e-9  -4.37242e-9  -4.80563e-9  -5.19274e-9  -4.99928e-9  -4.22433e-9  -5.14456e-9  -6.31361e-9  -5.6672e-9  -4.17068e-9  -5.15049e-9  -5.21213e-9  -6.8387e-9  -6.50069e-9  -4.8177e-9  -6.03222e-9  -5.59918e-9  -6.84884e-9  -6.19841e-9  -7.60885e-9  -5.47007e-9  -6.76602e-9  -5.31323e-9  -6.81877e-9  -7.50463e-9  -6.6313e-9  -6.23151e-9  -7.40172e-9  -8.79497e-9  -6.76857e-9  -8.4065e-9  -7.31399e-9  -1.02948e-8  -7.14981e-9  -8.40199e-9  -1.036e-8  -8.23615e-9  -1.17161e-8  -7.34485e-9  -8.76187e-9  -9.34972e-9  -1.02065e-8  -7.4489e-9  -1.05075e-8  -8.5966e-9  -1.02986e-8  -1.10115e-8  -7.64294e-9  -1.03337e-8  -1.12912e-8  -1.25478e-8  -1.19884e-8  -1.10815e-8  -1.3662e-8  -1.43488e-8  -1.20043e-8  -1.41432e-8  -9.45482e-9  -1.32557e-8  -1.1381e-8  -1.24428e-8  -1.31508e-8  -1.18463e-8  -1.35004e-8  -1.53538e-8  -1.39089e-8  -1.54136e-8  -1.3945e-8  -1.28581e-8  -1.43299e-8  -1.24998e-8  -1.38906e-8  -1.40539e-8  -1.52243e-8  -1.46245e-8  -1.62203e-8  -1.62591e-8  -1.63432e-8  -1.50991e-8  -1.2561e-8  -1.57393e-8  -1.8823e-8  -1.81594e-8  -1.45769e-8  -1.98542e-8  -1.97014e-8  -1.63392e-8  -1.64622e-8  -1.68169e-8  -1.48656e-8  -1.51851e-8  -1.94979e-8  -1.55793e-8  -1.75708e-8  -2.04265e-8  -2.3833e-8  -1.97476e-8  -1.81856e-8  -2.17992e-8  -2.06679e-8  -1.94173e-8  -2.42635e-8  -2.00607e-8  -2.16284e-8  -2.63744e-8  -2.53713e-8  -2.1099e-8  -2.13314e-8  -2.2819e-8  -2.12428e-8  -2.5938e-8  -2.42473e-8  -2.20019e-8  -2.44786e-8  -2.4721e-8  -2.14052e-8  -2.62801e-8  -3.69656e-8  -2.396e-8  -2.23533e-8  -2.27489e-8  -2.21751e-8  -2.80361e-8  -2.57509e-8  -3.18713e-8  -2.6351e-8  -2.69016e-8  -2.83596e-8  -3.51834e-8  -2.98145e-8  -2.85444e-8  -3.17728e-8  -2.3487e-8  -3.11891e-8  -2.7146e-8  -2.98374e-8  -2.9276e-8  -2.7101e-8  -3.15343e-8  -2.92192e-8  -3.46453e-8  -3.33541e-8  -3.65743e-8  -3.37686e-8  -3.33202e-8  -2.83337e-8  -3.7927e-8  -3.48738e-8  -3.5458e-8  -3.0598e-8  -3.00085e-8  -3.40022e-8  -3.79948e-8  -4.22018e-8  -3.95958e-8  -3.70902e-8  -3.83204e-8  -4.11725e-8  -3.27389e-8  -3.57225e-8  -3.31763e-8  -3.45361e-8  -3.77184e-8  -3.40811e-8  -3.79044e-8  -3.755e-8  -4.12538e-8  -4.47603e-8  -4.3432e-8  -4.03591e-8  -4.64877e-8  -4.48564e-8  -4.43136e-8  -3.94544e-8  -4.23159e-8  -4.82675e-8  -4.09578e-8  -4.42863e-8  -5.08642e-8  -4.93318e-8  -4.52593e-8  -5.80053e-8  -4.47353e-8  -5.48193e-8  -5.38433e-8  -4.29627e-8  -5.3507e-8  -5.33355e-8  -4.9059e-8  -4.96152e-8  -5.07321e-8  -5.96058e-8  -4.90656e-8  -5.97121e-8  -4.99019e-8  -5.69188e-8  -5.17835e-8  -5.26876e-8  -5.0278e-8  -5.25284e-8  -5.4296e-8  -5.35952e-8  -6.21619e-8  -5.28501e-8  -5.67589e-8  -5.98016e-8  -6.1398e-8  -5.53422e-8  -6.04428e-8  -5.53513e-8  -5.9748e-8  -5.11047e-8  -5.18307e-8  -6.7575e-8  -5.05243e-8  -8.7717e-8  -6.24602e-8  -6.6816e-8  -6.75416e-8  -7.30807e-8  -6.70002e-8  -5.57099e-8  -6.35379e-8  -6.44489e-8  -5.7193e-8  -7.12241e-8  -7.25229e-8  -5.84676e-8  -6.90767e-8  -7.64781e-8  -6.33707e-8  -8.69201e-8  -5.51303e-8  -7.12976e-8  -7.69308e-8  -7.3913e-8  -6.00357e-8  -6.01931e-8  -6.9577e-8  -7.32799e-8  -7.31612e-8  -6.86986e-8  -7.13756e-8  -6.98521e-8  -7.68076e-8  -7.95964e-8  -7.6217e-8  -8.10409e-8  -9.71086e-8  -7.68563e-8  -7.98254e-8  -8.88809e-8  -9.36165e-8  -8.24457e-8  -8.99247e-8  -7.70465e-8  -9.18771e-8  -8.46983e-8  -7.98098e-8  -8.97706e-8  -8.0347e-8  -1.01073e-7  -8.84212e-8  -8.91377e-8  -9.0695e-8  -9.99858e-8  -8.25518e-8  -1.13367e-7  -8.13808e-8  -9.54764e-8  -9.78484e-8  -1.0706e-7  -1.01169e-7  -9.25695e-8  -8.63156e-8  -9.62538e-8  -9.15409e-8  -1.14081e-7  -8.94487e-8  -9.88282e-8  -1.21205e-7  -1.12921e-7  -1.11078e-7  -1.06364e-7  -1.04901e-7  -1.12784e-7  -1.14286e-7  -1.21047e-7  -1.18273e-7  -9.41101e-8  -1.07042e-7  -1.19331e-7  -1.03529e-7  -1.04268e-7  -1.26116e-7  -1.14672e-7  -1.30723e-7  -1.29996e-7  -1.31669e-7  -1.32967e-7  -1.33723e-7  -1.30293e-7  -1.21463e-7  -1.33682e-7  -1.12193e-7  -1.29448e-7  -1.34907e-7  -1.5353e-7  -1.27396e-7  -1.33617e-7  -1.59264e-7  -1.34581e-7  -1.32817e-7  -1.38746e-7  -1.38601e-7  -1.4399e-7  -1.63484e-7  -1.49947e-7  -1.39098e-7  -1.44331e-7  -1.32382e-7  -1.41229e-7  -1.39573e-7  -1.44158e-7  -1.51151e-7  -1.34707e-7  -1.27094e-7  -1.66137e-7  -1.39567e-7  -1.40047e-7  -1.63491e-7  -1.69603e-7  -1.45734e-7  -1.56553e-7  -1.7171e-7  -1.59201e-7  -1.65238e-7  -1.89426e-7  -1.70346e-7  -1.74416e-7  -1.74924e-7  -1.59709e-7  -1.77766e-7  -1.87493e-7  -1.89773e-7  -1.7413e-7  -1.79112e-7  -1.74387e-7  -1.73894e-7  -2.06351e-7  -1.70567e-7  -2.16393e-7  -2.05315e-7  -2.17734e-7  -1.97275e-7  -1.78178e-7  -2.31681e-7  -1.95639e-7  -1.6514e-7  -1.93879e-7  -1.90538e-7  -1.8574e-7  -2.07991e-7  -2.27609e-7  -2.57973e-7  -2.03107e-7  -1.95622e-7  -1.87567e-7  -2.31724e-7  -2.16434e-7  -2.35657e-7  -2.73056e-7  -2.09216e-7  -2.38353e-7  -1.84742e-7  -2.23232e-7  -1.87778e-7  -2.17152e-7  -2.51525e-7  -2.3804e-7  -2.40723e-7  -2.70413e-7  -2.22696e-7  -2.48045e-7  -2.29891e-7  -2.20918e-7  -2.14771e-7  -2.43491e-7  -2.06678e-7  -2.42879e-7  -2.4672e-7  -2.53179e-7  -2.06626e-7  -2.22367e-7  -2.4104e-7  -2.63054e-7  -2.58428e-7  -2.71101e-7  -2.83234e-7  -2.70814e-7  -2.44002e-7  -1.87146e-7  -2.67646e-7  -2.92457e-7  -3.03154e-7  -2.69803e-7  -2.90867e-7  -1.74157e-7  -2.45329e-7  -1.78291e-7  -2.19322e-7  -1.63664e-7  -1.63523e-7  -1.89564e-7  -2.40191e-7  -1.82256e-7  -1.90692e-7  -1.91204e-7  -2.14419e-7  -1.89888e-7  -1.93854e-7  -1.55209e-7  -1.89951e-7  -1.64587e-7  -1.69195e-7  -1.59803e-7  -2.11066e-7  -1.54103e-7  -1.90508e-7  -1.80701e-7  -1.6292e-7  -1.55514e-7  -1.48466e-7  -1.52141e-7  -1.95207e-7  -1.56357e-7  -1.47401e-7  -1.65105e-7  -1.64549e-7  -1.48626e-7  -1.76655e-7  -1.62097e-7  -1.7738e-7  -1.88531e-7  -1.80892e-7  -1.59938e-7  -1.49131e-7  -1.57415e-7  -1.65145e-7  -2.02275e-7  -1.77004e-7  -1.63256e-7  -1.74602e-7  -1.63398e-7  -1.66374e-7  -1.88384e-7  -1.76848e-7  -1.82167e-7  -2.02226e-7  -1.96653e-7  -1.70537e-7  -1.68197e-7  -2.0367e-7  -2.14026e-7  -1.93654e-7  -1.73793e-7  -1.75744e-7  -2.00714e-7  -1.97474e-7  -1.57998e-7  -1.73019e-7  -1.72637e-7  -1.65297e-7  -1.70184e-7  -2.27542e-7  -1.99531e-7  -2.10382e-7  -1.66888e-7  -1.92137e-7  -1.74148e-7  -1.71096e-7  -1.60304e-7  -1.76021e-7  -2.10795e-7  -1.76302e-7  -1.83099e-7  -2.17553e-7  -1.70862e-7  -1.76977e-7  -1.70987e-7  -2.1283e-7  -1.91223e-7  -1.83769e-7  -1.80495e-7  -1.92014e-7  -1.6207e-7  -2.30711e-7  -1.71351e-7  -1.80591e-7  -2.00986e-7  -2.00197e-7  -1.77466e-7  -1.86714e-7  -2.19978e-7  -2.20578e-7  -1.76057e-7  -1.81044e-7  -2.14063e-7  -1.7483e-7  -2.06273e-7  -1.59776e-7  -1.83088e-7  -2.02633e-7  -2.16531e-7  -1.88204e-7  -2.12074e-7  -2.1276e-7  -2.24319e-7  -1.96833e-7  -2.13291e-7  -2.00684e-7  -2.34197e-7  -2.2589e-7  -2.17374e-7  -1.64143e-7  -2.14954e-7  -2.25069e-7  -1.78636e-7  -2.11315e-7  -2.07084e-7  -2.14071e-7  -1.99227e-7  -2.04835e-7  -1.94087e-7  -2.14198e-7  -1.91085e-7  -2.13494e-7  -2.13791e-7  -1.85275e-7  -1.95691e-7  -2.00307e-7  -1.96635e-7  -2.21098e-7  -2.21687e-7  -1.8934e-7  -2.04392e-7  -1.8711e-7  -2.14772e-7  -1.98765e-7  -2.14605e-7  -2.00458e-7  -2.08708e-7  -1.83801e-7  -1.9505e-7  -2.06269e-7  -2.28488e-7  -1.82385e-7  -1.88953e-7  -2.24732e-7  -2.04102e-7  -2.28577e-7  -2.04492e-7  -2.08271e-7  -2.19435e-7  -1.89732e-7  -2.10347e-7  -1.95906e-7  -2.13468e-7  -2.3575e-7  -1.96059e-7  -2.12883e-7  -2.12874e-7  -2.02516e-7  -2.06993e-7  -2.23988e-7  -2.3402e-7  -2.23636e-7  -2.08471e-7  -1.66505e-7  -2.41206e-7  -1.97356e-7  -2.21399e-7  -2.27052e-7  -2.28085e-7  -2.0355e-7  -2.34425e-7  -2.40068e-7  -2.40549e-7  -2.3278e-7  -2.36725e-7  -2.27738e-7  -2.30075e-7  -2.06265e-7  -2.27678e-7  -2.25106e-7  -2.38038e-7  -2.25689e-7  -2.35556e-7  -2.00045e-7  -2.40836e-7  -1.77436e-7  -2.20155e-7  -2.56008e-7  -2.18446e-7  -2.26529e-7  -2.52916e-7  -2.10795e-7  -2.05601e-7  -2.21389e-7  -1.78123e-7  -2.01118e-7  -2.5336e-7  -1.93491e-7  -2.38401e-7  -2.34696e-7  -2.23096e-7  -2.28998e-7  -2.23779e-7  -2.15267e-7  -2.09061e-7  -2.20585e-7  -1.92583e-7  -2.23699e-7  -2.20788e-7  -2.34762e-7  -2.28988e-7  -1.92949e-7  -2.46362e-7  -2.02954e-7  -2.20113e-7  -2.04128e-7  -2.30432e-7  -2.42645e-7  -2.25333e-7  -2.2274e-7  -2.06719e-7  -2.26444e-7  -2.31454e-7  -2.2335e-7  -2.35949e-7  -2.37334e-7  -2.16922e-7  -2.60874e-7  -2.63021e-7  -1.8885e-7  -2.01865e-7  -2.12193e-7  -2.47702e-7  -2.42662e-7  -2.27606e-7  -2.27524e-7  -2.14761e-7  -2.01017e-7  -2.14515e-7  -2.48499e-7  -2.43042e-7  -2.31798e-7  -2.15085e-7  -2.24051e-7  -2.24553e-7  -2.30192e-7  -1.95435e-7  -2.4727e-7  -2.38142e-7  -2.62012e-7  -2.3833e-7  -2.14064e-7  -2.20016e-7  -2.36185e-7  -2.03953e-7  -2.43351e-7  -2.27895e-7  -2.0404e-7  -2.50289e-7  -2.10298e-7  -2.23937e-7  -2.37266e-7  -2.28162e-7  -2.04207e-7  -2.43756e-7  -2.57742e-7  -2.16758e-7  -2.23181e-7  -2.18182e-7  -2.4937e-7  -2.31638e-7  -2.11362e-7  -2.1606e-7  -2.38833e-7  -2.22272e-7  -2.248e-7  -2.22177e-7  -2.20984e-7  -2.26565e-7  -2.01947e-7  -2.41358e-7  -2.16973e-7  -2.05522e-7  -2.26656e-7  -2.17384e-7  -2.29419e-7  -2.12778e-7  -2.21001e-7  -2.13799e-7  -2.1349e-7  -1.9366e-7  -2.38623e-7  -2.4133e-7  -2.21948e-7  -1.96033e-7  -2.09695e-7  -2.04876e-7  -1.99033e-7  -2.32921e-7  -2.39059e-7  -2.36037e-7  -2.42675e-7  -2.64412e-7  -2.02148e-7  -2.61296e-7  -2.36282e-7  -2.18581e-7  -1.98709e-7  -2.43246e-7  -2.28902e-7  -2.16053e-7  -2.2083e-7  -2.28313e-7  -1.87371e-7  -2.04108e-7  -2.20003e-7  -2.4128e-7  -2.06674e-7  -2.24344e-7  -2.428e-7  -2.29133e-7  -2.41552e-7  -2.44122e-7  -2.16086e-7  -2.29755e-7  -2.42315e-7  -2.20229e-7  -2.54847e-7  -2.17461e-7  -1.98447e-7  -2.30413e-7  -2.27348e-7  -2.43292e-7  -2.38201e-7  -2.48116e-7  -2.39839e-7  -2.12491e-7  -2.3972e-7  -2.33845e-7  -2.22537e-7  -2.11234e-7  -1.9982e-7  -2.23853e-7  -2.09105e-7  -2.3187e-7  -2.11505e-7  -1.99176e-7  -2.2269e-7  -2.41539e-7  -2.36404e-7  -2.03789e-7  -2.19342e-7  -2.11863e-7  -2.12001e-7  -1.91734e-7  -2.06056e-7  -2.32092e-7  -2.22941e-7  -2.23258e-7  -2.43742e-7  -1.93442e-7  -2.23458e-7  -2.19684e-7  -2.19453e-7  -2.29424e-7  -2.02962e-7  -2.43236e-7  -2.38763e-7  -2.2174e-7  -2.28802e-7  -2.27571e-7  -2.16574e-7  -2.11158e-7  -2.23115e-7  -2.16078e-7  -2.35852e-7  -2.3094e-7  -2.16373e-7  -2.44331e-7  -2.29054e-7  -2.2801e-7  -2.07546e-7  -2.03899e-7  -2.2913e-7  -2.27162e-7  -2.27933e-7  -2.59619e-7  -2.4165e-7  -2.25227e-7  -2.40523e-7  -2.43738e-7  -2.24496e-7  -2.17985e-7  -2.38242e-7  -2.31511e-7  -2.31363e-7  -2.08745e-7  -2.22795e-7  -2.20567e-7  -2.53887e-7  -2.25795e-7  -2.15647e-7  -2.17602e-7  -2.18978e-7  -2.19085e-7  -2.36895e-7  -2.28396e-7  -2.16631e-7  -2.11962e-7  -2.08868e-7  -2.38253e-7  -2.1448e-7  -2.47106e-7  -2.25937e-7  -2.14859e-7  -2.23962e-7  -2.19259e-7  -2.29695e-7  -2.39088e-7  -2.11672e-7  -2.31299e-7  -2.27768e-7  -2.38044e-7  -2.13096e-7  -2.34605e-7  -2.15689e-7  -2.31997e-7  -2.41484e-7  -2.252e-7  -2.1503e-7  -2.1484e-7  -2.46348e-7  -2.02287e-7  -2.34526e-7  -2.53574e-7  -2.11819e-7  -2.30639e-7  -2.10973e-7  -2.37414e-7  -2.14983e-7  -2.12701e-7  -2.1634e-7  -2.06351e-7  -2.22496e-7  -2.29937e-7  -2.28451e-7  -2.20186e-7  -2.13473e-7  -2.04328e-7  -2.18883e-7  -2.22738e-7  -2.24076e-7  -2.37926e-7  -2.21637e-7  -2.22764e-7  -2.27945e-7  -2.1322e-7  -2.35938e-7  -2.22243e-7  -2.31421e-7  -2.29507e-7  -2.33958e-7  -2.14981e-7  -2.21723e-7  -2.40246e-7  -2.27182e-7  -2.21364e-7  -2.25511e-7  -2.21468e-7  -2.28219e-7  -2.18467e-7  -2.20571e-7  -2.20048e-7  -2.2682e-7  -2.36074e-7  -2.47931e-7  -2.50415e-7  -2.08678e-7  -2.08502e-7  -2.21318e-7  -2.13461e-7  -2.24461e-7  -2.24076e-7  -2.16369e-7  -2.43898e-7  -2.38534e-7  -2.16483e-7  -2.24651e-7  -2.25848e-7  -2.28131e-7  -2.24599e-7  -2.48877e-7  -2.32697e-7  -2.08648e-7  -2.4794e-7  -2.34058e-7  -2.25731e-7  -2.1197e-7  -2.08708e-7  -2.29552e-7  -2.30013e-7  -2.22316e-7  -2.31118e-7  -2.41751e-7  -2.51467e-7  -2.35909e-7  -2.32887e-7  -2.18764e-7  -2.3956e-7  -2.20976e-7  -2.18379e-7  -2.49828e-7  -1.98069e-7  -2.10051e-7  -2.19744e-7  -2.35222e-7  -2.11471e-7  -2.15727e-7  -2.38643e-7  -2.14829e-7  -2.16617e-7  -2.45272e-7  -2.26741e-7  -2.41182e-7  -2.25504e-7  -2.22819e-7  -2.16316e-7  -2.16122e-7  -2.18e-7  -2.21647e-7  -2.57665e-7  -2.08185e-7  -2.28909e-7  -1.98927e-7  -2.092e-7  -2.32732e-7  -2.23454e-7  -2.16292e-7  -2.19936e-7  -1.95888e-7  -2.36265e-7  -2.2131e-7  -2.09943e-7  -2.17077e-7  -2.33136e-7  -2.14399e-7  -2.18394e-7  -2.30762e-7  -2.34837e-7  -2.36413e-7  -2.20621e-7  -2.16315e-7  -2.35616e-7  -2.26222e-7  -2.07497e-7  -2.29836e-7  -2.09778e-7  -2.49773e-7  -2.25951e-7  -2.42277e-7  -2.56492e-7  -2.30522e-7  -2.58276e-7  -2.04309e-7  -2.3095e-7  -2.42337e-7  -2.31806e-7  -2.53627e-7  -2.23461e-7  -2.36981e-7  -2.17641e-7  -2.53148e-7  -2.19782e-7  -2.21492e-7  -2.39796e-7  -2.17649e-7  -2.38601e-7  -2.23112e-7  -2.27922e-7  -2.42677e-7  -2.209e-7  -2.43903e-7  -2.29212e-7  -2.11582e-7  -2.3217e-7  -2.56811e-7  -2.08464e-7  -2.2028e-7  -2.34185e-7  -2.49469e-7  -2.33195e-7  -2.35551e-7  -2.38878e-7  -2.29922e-7  -2.43383e-7  -2.55351e-7  -2.46728e-7  -2.4698e-7  -2.46654e-7  -2.471e-7  -2.36859e-7  -2.63579e-7  -2.66526e-7  -2.38659e-7  -2.43401e-7  -2.68663e-7  -2.39432e-7  -2.4813e-7  -2.17875e-7  -2.72551e-7  -2.52188e-7  -2.67993e-7  -2.57185e-7  -2.58846e-7  -2.54477e-7  -2.30191e-7  -2.36815e-7  -2.42768e-7  -2.65597e-7  -2.23767e-7  -2.4543e-7  -2.54677e-7  -2.45265e-7  -2.39891e-7  -2.57551e-7  -2.42688e-7  -2.51053e-7  -2.44587e-7  -2.32521e-7  -2.57139e-7  -2.79267e-7  -2.47045e-7  -2.41549e-7  -2.50768e-7  -2.62103e-7  -2.546e-7  -2.42871e-7  -2.59542e-7  -2.79086e-7  -2.75011e-7  -2.68697e-7  -2.50175e-7  -2.51147e-7  -2.58957e-7  -2.59531e-7  -2.58117e-7  -2.48239e-7  -2.52628e-7  -2.49017e-7  -2.7915e-7  -2.47632e-7  -2.57571e-7  -2.62686e-7  -2.58289e-7  -2.83324e-7  -2.73169e-7  -3.21796e-7  -2.6326e-7  -2.63679e-7  -2.69498e-7  -2.74159e-7  -2.50427e-7  -2.76841e-7  -2.59159e-7  -2.68438e-7  -2.63375e-7  -2.8395e-7  -2.71975e-7  -2.88388e-7  -2.89735e-7  -2.9581e-7  -2.71982e-7  -2.63831e-7  -2.7755e-7  -3.05966e-7  -2.60922e-7  -2.60816e-7  -2.79787e-7  -2.34462e-7  -2.67737e-7  -2.73241e-7  -2.67426e-7  -2.53159e-7  -3.01577e-7  -2.96065e-7  -2.52111e-7  -2.64771e-7  -2.38242e-7  -2.61168e-7  -2.77235e-7  -2.88609e-7  -3.00053e-7  -2.89895e-7  -2.94849e-7  -3.04972e-7  -2.76171e-7  -2.82761e-7  -2.96792e-7  -2.81966e-7  -3.33203e-7  -2.81809e-7  -2.78633e-7  -2.61662e-7  -2.51398e-7  -2.96684e-7  -2.89167e-7  -2.94036e-7  -2.9256e-7  -2.94946e-7  -2.77363e-7  -2.79272e-7  -3.21831e-7  -2.81378e-7  -2.93534e-7  -3.24642e-7  -2.82007e-7  -3.04476e-7  -2.85097e-7  -2.92821e-7  -2.86399e-7  -3.28329e-7  -2.99482e-7  -3.07246e-7  -3.09561e-7  -3.03044e-7  -3.11197e-7  -3.20483e-7  -2.87384e-7  -3.30307e-7  -3.19193e-7  -3.20385e-7  -2.89953e-7  -2.9282e-7  -3.35844e-7  -2.86078e-7  -3.12425e-7  -3.01038e-7  -3.30463e-7  -3.02653e-7  -3.2567e-7  -3.55375e-7  -3.00668e-7  -3.13987e-7  -3.03042e-7  -2.93556e-7  -3.28048e-7  -3.14238e-7  -3.09005e-7  -3.17631e-7  -3.2461e-7  -3.56682e-7  -3.41557e-7  -3.42242e-7  -3.5699e-7  -3.14286e-7  -3.60952e-7  -3.12218e-7  -3.7072e-7  -3.40841e-7  -3.36848e-7  -3.67594e-7  -3.64958e-7  -3.78813e-7  -3.78726e-7  -3.72618e-7  -3.70647e-7  -3.31848e-7  -3.45531e-7  -3.45329e-7  -3.59171e-7  -3.15533e-7  -3.58779e-7  -3.976e-7  -3.75194e-7  -3.36666e-7  -3.46986e-7  -3.86422e-7  -3.83198e-7  -4.3251e-7  -3.53241e-7  -3.49826e-7  -3.93033e-7  -3.58581e-7  -3.64105e-7  -3.84616e-7  -3.83444e-7  -4.19783e-7  -3.78243e-7  -3.77875e-7  -3.84557e-7  -3.97822e-7  -3.66569e-7  -3.96805e-7  -3.91488e-7  -4.32864e-7  -4.22555e-7  -3.77026e-7  -3.91155e-7  -4.35531e-7  -3.99093e-7  -3.74791e-7  -4.48748e-7  -3.84185e-7  -3.86507e-7  -4.31257e-7  -3.75616e-7  -4.29808e-7  -4.7896e-7  -3.83054e-7  -4.5599e-7  -5.07884e-7  -5.00334e-7  -4.37589e-7  -4.63265e-7  -4.6559e-7  -4.59872e-7  -4.41894e-7  -4.47511e-7  -4.39744e-7  -4.21129e-7  -4.35153e-7  -4.24483e-7  -4.6064e-7  -4.26367e-7  -4.08985e-7  -4.81143e-7  -4.46e-7  -4.82018e-7  -4.19282e-7  -4.57434e-7  -4.25766e-7  -4.36654e-7  -4.46813e-7  -4.52794e-7  -4.7534e-7  -4.69875e-7  -4.82126e-7  -4.53122e-7  -4.85048e-7  -5.12145e-7  -5.00533e-7  -4.64929e-7  -4.9225e-7  -5.04031e-7  -5.27059e-7  -5.78906e-7  -4.73776e-7  -6.1022e-7  -4.5713e-7  -5.44746e-7  -5.53601e-7  -5.12896e-7  -5.59395e-7  -5.18681e-7  -5.19652e-7  -4.82155e-7  -5.40044e-7  -5.08261e-7  -5.77955e-7  -4.90716e-7  -5.39425e-7  -5.55175e-7  -6.21949e-7  -5.51739e-7  -5.18322e-7  -5.33369e-7  -5.61906e-7  -5.55524e-7  -5.29717e-7  -5.55862e-7  -6.35866e-7  -5.88076e-7  -6.09575e-7  -6.29728e-7  -5.85772e-7  -5.70334e-7  -5.30514e-7  -6.60996e-7  -5.76548e-7  -5.58835e-7  -6.65942e-7  -5.88368e-7  -6.16257e-7  -6.0497e-7  -6.69602e-7  -6.21709e-7  -6.35378e-7  -5.5126e-7  -6.38549e-7  -7.01368e-7  -6.16372e-7  -6.76693e-7  -5.83076e-7  -7.00205e-7  -6.91017e-7  -7.06331e-7  -6.78225e-7  -6.77422e-7  -7.50231e-7  -7.17695e-7  -7.18086e-7  -7.50713e-7  -6.57643e-7  -7.14727e-7  -7.33988e-7  -7.43853e-7  -7.71463e-7  -6.7882e-7  -6.62382e-7  -8.17989e-7  -8.46579e-7  -8.22417e-7  -6.78289e-7  -7.21621e-7  -7.63909e-7  -1.07859e-6  -8.40077e-7  -6.65712e-7  -9.02932e-7  -8.47544e-7  -8.38466e-7  -7.9833e-7  -8.87911e-7  -9.44108e-7  -8.33631e-7  -7.88275e-7  -8.68305e-7  -1.01123e-6  -1.00053e-6  -9.21168e-7  -9.81065e-7  -8.94337e-7  -7.60185e-7  -1.09268e-6  -8.35065e-7  -1.17575e-6  -1.08875e-6  -9.88467e-7  -9.68667e-7  -1.13777e-6  -1.08881e-6  -1.06842e-6  -1.15834e-6  -1.05046e-6  -1.02964e-6  -1.33013e-6  -1.17554e-6  -1.05077e-6  -1.59541e-6  -1.24123e-6  -1.37991e-6  -1.60311e-6  -1.58676e-6  -1.15514e-6  -1.40342e-6  -1.74202e-6  -1.44061e-6  -1.25324e-6  -1.43474e-6  -2.03063e-6  -2.25453e-6  -2.02609e-6  -2.5557e-6  -2.40172e-6  -1.96182e-6  -1.96544e-6  -2.43159e-6  -2.26043e-6  -2.23878e-6  -2.27093e-6  -2.31784e-6  -2.20142e-6  -2.36034e-6  -2.83336e-6  -2.79189e-6  -2.76205e-6  -2.60933e-6  -3.30131e-6  -2.541e-6  -4.03788e-6  -4.04248e-6  -3.91143e-6  -2.58458e-6  -3.2657e-6  -3.88508e-6  -2.72507e-6  -3.51236e-6  -2.44326e-6  -2.86498e-6  -3.59094e-6  -2.67031e-6  -2.81697e-6  -4.38506e-6  -3.64304e-6  -3.82776e-6  -2.89674e-6  -3.96239e-6  -4.32176e-6  -3.70286e-6  -3.81486e-6  -3.82838e-6  -3.7016e-6  -4.0719e-6  -3.30767e-6  -3.71513e-6  -2.83199e-6  -4.05643e-6  -3.77341e-6  -3.70882e-6  -3.48709e-6  -3.87664e-6  -3.54855e-6  -3.88982e-6  -3.90399e-6  -3.77705e-6  -3.8433e-6  -4.11645e-6  -3.7518e-6  -3.88094e-6  -3.77839e-6  -3.06676e-6  -2.55699e-6  -3.27506e-6  -2.99338e-6  -3.47761e-6  -3.42748e-6  -3.03797e-6  -2.38717e-6  -2.54761e-6  -2.1259e-6  -2.20112e-6  -2.2145e-6  -3.83932e-6  -2.69994e-6  -3.03864e-6  -2.48772e-6  -2.82817e-6  -3.26109e-6  -2.25427e-6  -3.79729e-6  -3.49911e-6  -3.31126e-6  -3.39882e-6  -3.62751e-6  -4.03595e-6  -3.83239e-6  -4.12679e-6  -4.32076e-6  -3.71343e-6  -4.01637e-6  -4.22988e-6  -4.20636e-6  -4.69448e-6  -4.3656e-6  -4.47862e-6  -4.71341e-6  -4.28048e-6  -4.12858e-6  -4.57859e-6  -4.60538e-6  -4.88331e-6  -5.29334e-6  -4.66722e-6  -4.17457e-6  -4.75592e-6  -5.48447e-6  -4.8328e-6  -4.35699e-6  -5.39491e-6  -4.73772e-6  -4.30611e-6  -5.05869e-6  -4.90653e-6  -4.45164e-6  -4.90951e-6  -5.0108e-6  -4.29982e-6  -4.47849e-6  -4.67836e-6  -5.09249e-6  -5.46534e-6  -5.3331e-6  -5.51684e-6  -5.4943e-6  -5.32127e-6  -5.49906e-6  -4.88255e-6  -3.96638e-8  -5.69514e-6  -5.67109e-6  -6.10842e-6  -4.96726e-6  -5.90714e-6  -5.16661e-6  -4.8998e-6  -6.03337e-6  -5.95334e-6  -3.88329e-8  -3.56396e-8  -5.83683e-6  -5.40935e-6  -5.84475e-6  -5.36143e-6  -5.60411e-6  -5.62565e-6  -1.82413e-8  -3.68636e-8  -5.76278e-6  -4.1235e-8  -5.94437e-6  -5.71056e-6  -5.87199e-6  -3.68611e-8  -4.15501e-8  -4.49037e-8  -6.20384e-6  -3.44033e-8  -5.25032e-8  -4.29092e-8  -5.00382e-8  -4.26162e-8  -3.64681e-8  -4.08573e-8  -4.74019e-8  -5.89875e-6  -4.52366e-8  -4.3779e-8  -3.82608e-8  -4.96467e-8  -4.43941e-8  -5.14912e-8  -4.88454e-8  -6.53589e-8  -3.82591e-8  -5.29458e-8  -5.65317e-8  -5.15101e-8  -4.5358e-8  -5.86812e-8  -5.37395e-8  -5.48049e-8  -5.20342e-8  -6.36265e-8  -4.99303e-8  -4.82986e-8
2100 Eigenvalues converges, out of 2100 requested.
Finished processing molecule: uracil
