Processing molecule: formaldehyde
Running with beta = 25
Running with l = 60
Starting Davidson with n_aux = 400, l_buffer = 90, lc = 61, thresh = 0.0015, max_iter = 100
Iter 1: V_size = 32, Converged = 0, ‖r‖ (largest λ) = 0.8656922926223112
Iter 2: V_size = 64, Converged = 0, ‖r‖ (largest λ) = 0.18084421183679666
Iter 3: V_size = 128, Converged = 0, ‖r‖ (largest λ) = 0.060623910912410116
Iter 4: V_size = 218, Converged = 0, ‖r‖ (largest λ) = 0.09164873999488632
Iter 5: V_size = 308, Converged = 0, ‖r‖ (largest λ) = 0.49834366829223853
Iter 6: V_size = 394, Converged = 4, ‖r‖ (largest λ) = 0.11034496814644347
Iter 7: V_size = 172, Converged = 4, ‖r‖ (largest λ) = 0.007484730182962817
Iter 8: V_size = 258, Converged = 4, ‖r‖ (largest λ) = 0.15582586572258664
Iter 9: V_size = 344, Converged = 4, ‖r‖ (largest λ) = 0.3707425651562896
Converged all required eigenvalues.
276.977355 seconds (1.69 M allocations: 118.563 GiB, 0.65% gc time)
Number of FLOPs: 4148365720086

Reading exact Eigenvalues...
Reading eigenvalues from ../../Eigenvalues_folder/eigenres_formaldehyde_RNDbasis1.jld2

Compute the difference between computed and exact eigenvalues:
1×60 adjoint(::Vector{Float64}) with eltype Float64:
 -3.55271e-15  7.10543e-15  0.0  5.32907e-15  -1.77636e-15  0.0  8.88178e-15  -1.59872e-14  0.0  5.32907e-15  -2.66454e-15  0.0  8.88178e-16  1.77636e-15  -1.77636e-15  -8.88178e-16  2.66454e-15  8.88178e-16  -8.88178e-16  1.77636e-15  -8.88178e-16  2.66454e-15  1.77636e-15  -3.55271e-15  1.77636e-15  -3.55271e-15  1.77636e-15  2.22045e-15  2.22045e-15  4.44089e-16  8.88178e-16  0.0  -3.10862e-15  -4.44089e-16  -1.77636e-15  -4.44089e-16  -2.22045e-15  1.77636e-15  -4.44089e-16  4.44089e-16  -1.77636e-15  -4.44089e-16  -2.22045e-15  -3.55271e-15  0.0  -1.33227e-15  1.33227e-15  -3.9968e-15  2.66454e-15  -2.22045e-15  -5.32907e-15  -3.55271e-15  -2.22045e-15  3.10862e-15  1.33227e-15  -4.44089e-15  -1.02141e-14  -1.06581e-14  -4.88498e-15  -7.77156e-15
60 Eigenvalues converges, out of 60 requested.
Running with l = 300
Starting Davidson with n_aux = 750, l_buffer = 450, lc = 303, thresh = 0.002, max_iter = 100
Iter 1: V_size = 60, Converged = 0, ‖r‖ (largest λ) = 0.26486861963827185
Iter 2: V_size = 120, Converged = 0, ‖r‖ (largest λ) = 0.06605965136343936
Iter 3: V_size = 240, Converged = 0, ‖r‖ (largest λ) = 0.024614027791462368
Iter 4: V_size = 480, Converged = 0, ‖r‖ (largest λ) = 0.005532686722171159
Iter 5: V_size = 750, Converged = 1, ‖r‖ (largest λ) = 0.0012823894690469453
Iter 6: V_size = 750, Converged = 1, ‖r‖ (largest λ) = 0.002464218375912902
Iter 7: V_size = 750, Converged = 1, ‖r‖ (largest λ) = 0.007904275194680323
Iter 8: V_size = 708, Converged = 96, ‖r‖ (largest λ) = 0.00800807367566832
Iter 9: V_size = 708, Converged = 96, ‖r‖ (largest λ) = 0.0044008892467629086
Hybrid Davidson-JD corrections at iteration 10
Total MINRES iterations: 0
Iter 10: V_size = 708, Converged = 96, ‖r‖ (largest λ) = 0.002975759361090781
Hybrid Davidson-JD corrections at iteration 11
Total MINRES iterations: 0
Iter 11: V_size = 396, Converged = 252, ‖r‖ (largest λ) = 0.0022566998456707366
Hybrid Davidson-JD corrections at iteration 12
Total MINRES iterations: 0
Iter 12: V_size = 594, Converged = 252, ‖r‖ (largest λ) = 0.0018726463062407454
Hybrid Davidson-JD corrections at iteration 13
Total MINRES iterations: 51
Iter 13: V_size = 396, Converged = 252, ‖r‖ (largest λ) = 0.0019395978492073363
Hybrid Davidson-JD corrections at iteration 14
Total MINRES iterations: 0
Iter 14: V_size = 582, Converged = 264, ‖r‖ (largest λ) = 0.0013502297983035293
Hybrid Davidson-JD corrections at iteration 15
Total MINRES iterations: 121
Iter 15: V_size = 372, Converged = 264, ‖r‖ (largest λ) = 0.0015076653041018269
Hybrid Davidson-JD corrections at iteration 16
Total MINRES iterations: 25
Iter 16: V_size = 558, Converged = 264, ‖r‖ (largest λ) = 0.00759517427358888
Hybrid Davidson-JD corrections at iteration 17
Total MINRES iterations: 950
Iter 17: V_size = 744, Converged = 264, ‖r‖ (largest λ) = 0.00496777716719092
Converged all required eigenvalues.
2695.690056 seconds (43.54 M allocations: 2.928 TiB, 1.27% gc time, 0.08% compilation time)
Number of FLOPs: 25426240907522

Reading exact Eigenvalues...
Reading eigenvalues from ../../Eigenvalues_folder/eigenres_formaldehyde_RNDbasis1.jld2

Compute the difference between computed and exact eigenvalues:
1×300 adjoint(::Vector{Float64}) with eltype Float64:
 7.10543e-15  0.0  -7.10543e-15  0.0  1.77636e-15  -3.55271e-15  1.06581e-14  -8.88178e-15  1.77636e-15  1.77636e-15  -3.55271e-15  -3.55271e-15  8.88178e-16  3.55271e-15  -8.88178e-16  -5.32907e-15  5.32907e-15  1.24345e-14  0.0  3.55271e-15  -2.66454e-15  -1.06581e-14  4.44089e-15  2.66454e-15  0.0  7.10543e-15  4.88498e-15  6.66134e-15  -5.77316e-15  2.22045e-15  -6.21725e-15  1.33227e-15  -1.77636e-15  -1.11022e-14  -3.55271e-15  -1.77636e-15  0.0  8.88178e-15  5.77316e-15  -5.32907e-15  9.76996e-15  -7.10543e-15  4.44089e-15  -3.10862e-15  5.77316e-15  1.42109e-14  -1.5099e-14  4.44089e-15  6.66134e-15  -9.76996e-15  -5.32907e-15  6.21725e-15  7.99361e-15  3.9968e-15  -4.44089e-15  -5.32907e-15  4.44089e-16  -1.82077e-14  4.88498e-15  9.10383e-15  -3.10862e-15  5.32907e-15  -8.43769e-15  1.08802e-14  8.88178e-16  -1.62093e-14  -1.70974e-14  1.77636e-14  4.44089e-16  -8.21565e-15  -1.37668e-14  1.19904e-14  2.22045e-15  -2.22045e-16  -1.90958e-14  -2.28706e-14  -9.32587e-15  2.22045e-16  2.19824e-14  -1.86517e-14  -1.66533e-14  -2.28706e-14  1.17684e-14  -2.66454e-14  -1.66533e-14  2.22045e-14  1.88738e-14  -2.93099e-14  -1.53211e-14  -4.44089e-15  -3.21965e-14  1.11022e-15  -6.66134e-16  -2.95319e-14  2.22045e-16  7.54952e-15  -5.66214e-14  -3.33067e-15  0.0  -1.93179e-14  -2.44249e-15  -7.32747e-15  -1.68754e-14  -2.66454e-14  -5.64881e-13  -7.68052e-13  -2.27818e-13  -2.08722e-14  -1.81188e-13  -2.06457e-12  -7.39742e-12  -7.68874e-12  -7.3308e-12  -1.12677e-11  -1.3723e-11  -8.1126e-11  -1.07929e-10  -2.93463e-11  -6.56137e-11  -2.62278e-10  -3.58459e-10  -4.39671e-10  -5.00045e-10  -6.64295e-10  -3.03352e-10  -3.49847e-10  -9.03824e-10  -1.62443e-9  -1.64491e-9  -1.4663e-9  -1.76539e-9  -1.68071e-9  -3.18134e-9  -4.2663e-9  -4.25524e-9  -3.55661e-9  -3.48537e-9  -5.53455e-9  -3.64968e-9  -4.35216e-9  -4.34199e-9  -5.63471e-9  -1.00822e-8  -6.77734e-9  -5.72984e-9  -8.81471e-9  -7.88552e-9  -1.94812e-8  -6.24412e-9  -1.51581e-8  -1.47851e-8  -6.81365e-9  -1.33571e-8  -1.77819e-8  -1.84777e-8  -2.90414e-8  -3.47774e-8  -3.31013e-8  -4.36865e-8  -2.30606e-8  -9.45798e-8  -1.0018e-7  -7.53007e-8  -6.91188e-8  -9.58453e-8  -9.32156e-8  -7.79707e-8  -7.04431e-8  -1.63784e-7  -1.8177e-7  -1.21898e-7  -1.58299e-7  -1.08506e-7  -2.27827e-7  -1.42328e-7  -2.47239e-7  -3.04167e-7  -3.00568e-7  -1.91967e-7  -1.64431e-7  -2.45504e-7  -3.33021e-7  -5.52682e-7  -4.87412e-7  -5.14017e-7  -4.33884e-7  -3.60401e-7  -6.54599e-7  -7.66994e-7  -6.65512e-7  -5.69231e-7  -3.7306e-7  -6.44026e-7  -4.9196e-7  -8.86178e-7  -9.8881e-7  -5.86236e-7  -1.12075e-6  -6.74741e-7  -1.27261e-6  -4.94292e-7  -8.39687e-7  -1.06767e-6  -6.15893e-7  -4.45324e-7  -1.13742e-6  -1.53168e-6  -1.36369e-6  -1.19897e-6  -1.83887e-6  -1.93703e-6  -1.53536e-6  -1.19364e-6  -1.94749e-6  -2.18695e-6  -1.67575e-6  -2.6159e-6  -2.29743e-6  -2.21195e-6  -1.86917e-6  -2.0478e-6  -2.63438e-6  -2.32176e-6  -2.5715e-6  -1.64358e-6  -2.87163e-6  -3.7885e-6  -3.16373e-6  -3.80139e-6  -4.30513e-6  -3.02423e-6  -3.97701e-6  -4.07413e-6  -3.27349e-6  -5.38689e-6  -3.07398e-6  -6.9663e-6  -5.98645e-6  -5.14084e-6  -3.89227e-6  -7.70252e-6  -8.09743e-6  -8.33958e-6  -6.40348e-6  -5.01485e-6  -1.92851e-9  -7.76239e-9  -9.62299e-6  -8.18966e-6  -1.0934e-5  -9.42376e-6  -8.39941e-6  7.72138e-10  -1.56604e-8  -9.09265e-6  -8.43555e-10  -9.65892e-10  -1.49701e-9  2.77876e-9  -4.32002e-9  -4.17246e-9  1.53155e-9  1.74453e-9  -1.51189e-9  2.5663e-9  1.96128e-9  -3.90517e-9  9.26227e-10  2.82175e-9  -1.04899e-5  -6.05974e-9  3.7143e-9  3.41799e-9  3.80265e-9  3.42679e-9  1.53996e-9  2.16966e-9  2.25416e-9  3.5743e-9  6.13911e-9  2.75289e-9  2.05016e-9  5.50131e-9  3.18011e-9  2.06963e-9  1.17191e-9  5.95551e-9  2.6843e-9  2.68717e-9  6.81822e-9  4.5823e-9  3.65744e-9  3.92128e-9  4.36242e-9  4.82325e-9  2.80658e-9  1.99527e-9  2.15136e-9  2.31094e-9  3.18651e-9
300 Eigenvalues converges, out of 300 requested.
Running with l = 600
Starting Davidson with n_aux = 1500, l_buffer = 900, lc = 606, thresh = 0.0025, max_iter = 100
Iter 1: V_size = 120, Converged = 0, ‖r‖ (largest λ) = 0.10358086508213564
Iter 2: V_size = 240, Converged = 0, ‖r‖ (largest λ) = 0.025588054618247306
Iter 3: V_size = 480, Converged = 0, ‖r‖ (largest λ) = 0.005422886881735896
Iter 4: V_size = 960, Converged = 0, ‖r‖ (largest λ) = 0.0006278081963591829
Iter 5: V_size = 1500, Converged = 3, ‖r‖ (largest λ) = 7.638828250977523e-5
Iter 6: V_size = 1500, Converged = 3, ‖r‖ (largest λ) = 0.0001446429091986693
Iter 7: V_size = 1500, Converged = 3, ‖r‖ (largest λ) = 0.00019570991201205688
Iter 8: V_size = 1494, Converged = 153, ‖r‖ (largest λ) = 0.0002735882206894893
Iter 9: V_size = 1494, Converged = 153, ‖r‖ (largest λ) = 0.00032566483247013203
Hybrid Davidson-JD corrections at iteration 10
Total MINRES iterations: 0
Iter 10: V_size = 1494, Converged = 153, ‖r‖ (largest λ) = 0.00018653771764155506
Hybrid Davidson-JD corrections at iteration 11
Total MINRES iterations: 0
Iter 11: V_size = 1086, Converged = 357, ‖r‖ (largest λ) = 0.00011681937788035954
Hybrid Davidson-JD corrections at iteration 12
Total MINRES iterations: 46
Iter 12: V_size = 1086, Converged = 357, ‖r‖ (largest λ) = 8.57764658781467e-5
Hybrid Davidson-JD corrections at iteration 13
Total MINRES iterations: 0
Iter 13: V_size = 1086, Converged = 357, ‖r‖ (largest λ) = 7.160307583844826e-5
Converged all required eigenvalues.
4900.229516 seconds (133.06 M allocations: 9.016 TiB, 1.91% gc time)
Number of FLOPs: 38471656220710

Reading exact Eigenvalues...
Reading eigenvalues from ../../Eigenvalues_folder/eigenres_formaldehyde_RNDbasis1.jld2

Compute the difference between computed and exact eigenvalues:
1×600 adjoint(::Vector{Float64}) with eltype Float64:
 -1.06581e-14  0.0  2.84217e-14  8.88178e-15  -7.10543e-15  0.0  8.88178e-15  -1.24345e-14  0.0  5.32907e-15  0.0  0.0  8.88178e-16  -8.88178e-16  -8.88178e-16  0.0  8.88178e-16  2.66454e-15  -3.55271e-15  -8.88178e-16  1.77636e-15  0.0  0.0  -3.55271e-15  0.0  -2.66454e-15  1.33227e-15  2.22045e-15  4.44089e-16  2.66454e-15  1.77636e-15  3.55271e-15  -4.44089e-16  4.44089e-16  8.88178e-16  4.44089e-16  8.88178e-16  1.33227e-15  8.88178e-16  8.88178e-16  1.77636e-15  -4.44089e-15  -2.22045e-15  -4.44089e-16  3.9968e-15  0.0  2.66454e-15  -2.22045e-15  -4.44089e-16  1.33227e-15  -4.44089e-16  -1.77636e-15  -1.77636e-15  8.88178e-16  1.77636e-15  3.10862e-15  -8.88178e-16  2.66454e-15  3.55271e-15  3.55271e-15  -8.88178e-16  1.77636e-15  8.88178e-16  2.88658e-15  2.66454e-15  1.33227e-15  1.9984e-15  4.44089e-16  1.55431e-15  2.22045e-16  -2.88658e-15  -3.10862e-15  -2.22045e-16  -5.10703e-15  -3.55271e-15  1.9984e-15  -1.11022e-15  2.22045e-15  8.88178e-16  -1.77636e-15  2.66454e-15  -4.88498e-15  -3.10862e-15  -2.44249e-15  -1.9984e-15  -2.66454e-15  -4.44089e-16  3.9968e-15  -1.11022e-15  3.10862e-15  2.22045e-15  -3.9968e-15  -3.9968e-15  5.55112e-15  -1.9984e-15  -2.22045e-16  -2.66454e-15  -2.66454e-15  8.43769e-15  4.66294e-15  1.11022e-15  -1.77636e-15  -4.21885e-15  0.0  5.55112e-15  7.77156e-15  -2.44249e-15  1.9984e-15  -3.9968e-15  8.88178e-15  -2.55596e-12  -1.26033e-12  -1.59073e-12  -6.64824e-12  -5.8975e-12  -2.07108e-11  -1.84486e-11  -2.00773e-12  -1.36711e-11  -4.68858e-11  -2.89151e-11  -7.39112e-11  -7.22127e-11  -1.81225e-10  -1.04643e-10  -3.62994e-10  -8.51211e-10  -1.21312e-9  -3.00582e-9  -2.18037e-9  -1.9111e-9  -4.08422e-9  -2.0659e-9  -7.54415e-9  -4.42759e-9  -4.73382e-9  -7.17083e-9  -1.3451e-8  -1.14778e-8  -1.0267e-8  -1.52739e-8  -1.22282e-8  -1.23329e-8  -2.37406e-8  -1.08146e-8  -1.39796e-8  -2.91022e-8  -2.85418e-8  -1.91135e-8  -1.55656e-8  -3.29285e-9  -3.1857e-8  -1.59826e-8  -2.86738e-9  -3.56081e-8  -4.48285e-9  -6.29777e-9  -5.05964e-9  -5.30202e-9  -9.36819e-9  -8.77176e-9  -8.58188e-9  -1.1129e-8  -9.34844e-9  -1.15212e-8  -9.21712e-9  -1.29519e-8  -1.68157e-8  -1.50106e-8  -1.17353e-8  -1.82315e-8  -7.87539e-9  -2.1952e-8  -2.27296e-8  -1.9167e-8  -2.80738e-8  -2.7636e-8  -2.52365e-8  -2.22724e-8  -2.04983e-8  -3.10041e-8  -4.51248e-8  -3.48445e-8  -2.73174e-8  -4.05674e-8  -3.84751e-8  -3.51463e-8  -4.33458e-8  -2.94579e-8  -2.8392e-8  -5.76835e-8  -3.05112e-8  -3.61959e-8  -2.97197e-8  -4.97759e-8  -5.04464e-8  -5.69279e-8  -3.77427e-8  -6.25861e-8  -7.42804e-8  -3.83312e-8  -5.23609e-8  -6.00292e-8  -5.34669e-8  -5.22637e-8  -7.02824e-8  -8.67401e-8  -6.38095e-8  -7.19643e-8  -6.4527e-8  -1.2142e-7  -1.00704e-7  -1.14007e-7  -9.87405e-8  -8.39031e-8  -6.68141e-8  -6.46038e-8  -1.02641e-7  -1.06337e-7  -1.15248e-7  -8.99578e-8  -1.16005e-7  -9.1559e-8  -6.83967e-8  -1.07697e-7  -1.10363e-7  -1.56259e-7  -1.54718e-7  -2.09795e-7  -8.98378e-8  -1.3527e-7  -1.5604e-7  -1.24468e-7  -1.67027e-7  -2.22657e-7  -2.23683e-7  -2.2728e-7  -2.03974e-7  -2.10007e-7  -2.29144e-7  -2.63896e-7  -2.06446e-7  -2.16987e-7  -2.07964e-7  -2.88689e-7  -3.52867e-7  -2.59794e-7  -3.15981e-7  -2.42558e-7  -3.14568e-7  -2.11537e-7  -1.78522e-7  -2.14145e-7  -2.23729e-7  -2.8939e-7  -4.25159e-7  -4.10938e-7  -4.9135e-7  -2.96416e-7  -2.99925e-7  -3.42099e-7  -3.51613e-7  -4.70801e-7  -3.62104e-7  -4.46813e-7  -5.60139e-7  -6.53998e-7  -6.27416e-7  -3.77465e-7  -3.91447e-7  -4.03604e-7  -6.43723e-7  -6.94651e-7  -4.88692e-7  -5.63178e-7  -7.3091e-7  -7.43972e-7  -6.77628e-7  -4.41227e-7  -8.57524e-7  -7.28297e-7  -8.43112e-7  -7.94743e-7  -8.33749e-7  -6.19603e-7  -7.66255e-7  -7.47864e-7  -8.58059e-7  -9.1439e-7  -9.00674e-7  -1.07209e-6  -9.62094e-7  -7.48125e-7  -8.70454e-7  -8.47632e-7  -1.04889e-6  -9.86158e-7  -1.02946e-6  -1.39171e-6  -1.21342e-6  -1.29691e-6  -1.11068e-6  -1.86907e-6  -1.26722e-6  -1.25834e-6  -1.62566e-6  -1.27361e-6  -1.13726e-6  -1.43609e-6  -1.3297e-6  -1.45289e-6  -1.60635e-6  -1.70844e-6  -1.41816e-6  -1.99492e-6  -1.33764e-6  -1.78296e-6  -2.17247e-6  -2.22444e-6  -1.68016e-6  -2.38782e-6  -2.09152e-6  -2.2836e-6  -2.4039e-6  -1.91182e-6  -2.71159e-6  -1.30623e-6  -3.1549e-6  -2.83562e-6  -2.18382e-6  -2.25025e-6  -2.46465e-6  -2.78781e-6  -2.78594e-6  -2.61468e-6  -3.72901e-6  -2.49097e-6  -3.02235e-6  -2.82348e-6  -3.40428e-6  -2.45224e-6  -3.52739e-6  -3.22911e-6  -3.58531e-6  -3.29212e-6  -4.02623e-6  -4.14245e-6  -4.71346e-6  -4.31555e-6  -5.25223e-6  -3.88088e-6  -1.41478e-6  -4.99196e-6  -4.68518e-6  -4.15957e-6  -1.31098e-6  -5.08722e-6  -4.35719e-6  -1.42931e-6  -4.55354e-6  -1.76033e-6  -1.81067e-6  -1.98586e-6  -1.34239e-6  -1.76783e-6  -1.94743e-6  -1.95782e-6  -1.96195e-6  -1.94366e-6  -2.39962e-6  -1.79432e-6  -2.22399e-6  -1.6616e-6  -2.14978e-6  -1.94708e-6  -2.14391e-6  -2.28954e-6  -2.51917e-6  -1.78428e-6  -2.43656e-6  -2.35983e-6  -1.91208e-6  -2.694e-6  -2.48996e-6  -2.54343e-6  -1.92962e-6  -2.34962e-6  -3.38425e-6  -1.82916e-6  -2.78733e-6  -3.56703e-6  -3.60112e-6  -2.46769e-6  -4.87828e-6  -3.02586e-6  -3.53728e-6  -4.57727e-6  -4.20297e-6  -4.38495e-6  -5.29593e-6  -3.35799e-6  -4.30242e-6  -3.55937e-6  -3.88434e-6  -3.73739e-6  -4.66342e-6  -2.80921e-6  -2.91151e-6  -3.17852e-6  -2.05306e-6  -2.34358e-6  -2.73256e-6  -2.51158e-6  -2.61203e-6  -3.01916e-6  -2.79229e-6  -3.03683e-6  -2.23881e-6  -2.11731e-6  -3.32113e-6  -2.3319e-6  -3.10851e-6  -2.55236e-6  -2.19059e-6  -3.06219e-6  -2.27549e-6  -2.18842e-6  -2.90962e-6  -3.42904e-6  -2.18212e-6  1.28878e-9  -3.26263e-6  -1.62538e-9  -2.62789e-6  -2.4744e-6  5.22684e-10  -2.4039e-6  1.08609e-9  7.93984e-10  7.98382e-10  7.30579e-10  6.8007e-10  7.89719e-10  9.98469e-10  -2.40206e-6  6.40656e-10  7.28746e-10  6.24045e-10  -2.10039e-6  -2.39024e-6  -2.22875e-6  -1.96563e-6  -2.00567e-6  -2.59041e-6  6.21404e-10  6.39007e-11  -3.0004e-6  6.27469e-10  -2.20561e-6  -2.25679e-6  -2.39378e-6  -2.1931e-6  -2.22909e-6  -2.0451e-6  -2.36914e-6  -2.10093e-6  -1.81285e-6  -2.01482e-6  -2.20108e-6  -2.27569e-6  -2.43322e-6  -2.14519e-6  -1.89728e-6  -2.07552e-6  -2.20827e-6  -1.82961e-6  -1.59039e-6  -2.09673e-6  -2.34658e-6  -1.85063e-6  -2.0023e-6  -1.76584e-6  -2.19307e-6  -1.54403e-6  -1.66865e-6  -2.07373e-6  -1.90866e-6  -1.87993e-6  -2.23975e-6  -1.77425e-6  -1.96593e-6  -2.10504e-6  -1.69795e-6  -1.9687e-6  -2.09109e-6  -1.90223e-6  -1.73824e-6  -1.53673e-6  -2.10045e-6  -1.70076e-6  -1.55488e-6  -2.0231e-6  -2.00077e-6  -1.93279e-6  -1.88396e-6  -1.65913e-6  -1.81181e-6  -1.83245e-6  -1.78554e-6  -1.90337e-6  -1.81983e-6  -1.50187e-6  -1.44047e-6  -1.59725e-6  -1.79354e-6  -1.65447e-6  -1.46193e-6  -1.71756e-6  -1.79725e-6  -1.60683e-6  -1.67419e-6  -1.53438e-6  -1.85448e-6  -1.78126e-6  -1.68554e-6  -1.63424e-6  -1.88439e-6  -1.55015e-6  -1.69611e-6  -1.81011e-6  -1.72466e-6  -1.86111e-6  -1.68751e-6  -1.44554e-6  -1.72155e-6  -1.81489e-6  -1.5585e-6  -1.4678e-6  -1.7082e-6  -1.48153e-6  -1.70436e-6  -1.51602e-6  -1.89225e-6  -1.61194e-6  -1.42617e-6  -1.42312e-6  -1.49668e-6  -1.70949e-6  -1.54912e-6  -1.5939e-6  -1.82338e-6  -1.77072e-6  -1.72906e-6  -1.78391e-6  -1.49991e-6  -1.61992e-6  -1.67434e-6  -1.8161e-6  -1.91577e-6  -1.43259e-6  -1.87906e-6  -1.8247e-6  -1.50544e-6  -1.73022e-6  -1.58897e-6  -1.54284e-6  -1.67244e-6  -1.72872e-6  -1.64809e-6  -1.70252e-6  -1.71065e-6  -1.68859e-6  -2.02106e-6  -2.18656e-6  -2.41292e-6  -1.82034e-6  -1.65001e-6  -1.99588e-6  -1.89647e-6  -1.76286e-6  -1.87284e-6  -2.33218e-6  -2.53445e-6  -2.07744e-6  -2.22741e-6  -2.09947e-6  -1.82784e-6  -1.85975e-6  -2.12461e-6  -2.73523e-6  -2.03197e-6  -1.90983e-6  -2.0194e-6  -2.44176e-6  -2.74385e-6  -2.34238e-6  -2.18087e-6  -2.7165e-6  -2.87345e-6  -2.40854e-6
600 Eigenvalues converges, out of 600 requested.
Running with l = 1200
Starting Davidson with n_aux = 3000, l_buffer = 1800, lc = 1212, thresh = 0.003, max_iter = 100
Iter 1: V_size = 240, Converged = 0, ‖r‖ (largest λ) = 0.032488483234252935
Iter 2: V_size = 480, Converged = 0, ‖r‖ (largest λ) = 0.005894022566926656
Iter 3: V_size = 960, Converged = 0, ‖r‖ (largest λ) = 0.0006631194141480979
Iter 4: V_size = 1920, Converged = 0, ‖r‖ (largest λ) = 3.7134725888781206e-5
Iter 5: V_size = 3000, Converged = 10, ‖r‖ (largest λ) = 1.9791358956528203e-6
Iter 6: V_size = 3000, Converged = 10, ‖r‖ (largest λ) = 3.925538691916078e-6
Iter 7: V_size = 3000, Converged = 10, ‖r‖ (largest λ) = 4.703239915501878e-6
Iter 8: V_size = 3000, Converged = 181, ‖r‖ (largest λ) = 5.162703111183009e-6
Iter 9: V_size = 3000, Converged = 181, ‖r‖ (largest λ) = 1.0273932735380348e-5
Hybrid Davidson-JD corrections at iteration 10
Total MINRES iterations: 0
Iter 10: V_size = 3000, Converged = 181, ‖r‖ (largest λ) = 1.144952791857593e-5
Converged all required eigenvalues.
11170.603652 seconds (380.76 M allocations: 25.863 TiB, 1.83% gc time)
Number of FLOPs: 68828434376950

Reading exact Eigenvalues...
Reading eigenvalues from ../../Eigenvalues_folder/eigenres_formaldehyde_RNDbasis1.jld2

Compute the difference between computed and exact eigenvalues:
1×1200 adjoint(::Vector{Float64}) with eltype Float64:
 -3.55271e-15  1.77636e-14  -7.10543e-15  7.10543e-15  1.77636e-15  -7.10543e-15  5.32907e-15  -2.13163e-14  0.0  -5.32907e-15  -8.88178e-16  1.77636e-15  2.66454e-15  -8.88178e-16  8.88178e-16  0.0  2.66454e-15  3.55271e-15  1.77636e-15  -1.77636e-15  0.0  0.0  -1.77636e-15  2.66454e-15  1.77636e-15  -4.44089e-15  4.44089e-16  -1.77636e-15  -4.88498e-15  -4.44089e-16  -1.77636e-15  4.44089e-16  8.88178e-16  4.44089e-16  3.10862e-15  -4.44089e-16  2.66454e-15  0.0  4.44089e-16  3.9968e-15  8.88178e-16  -2.66454e-15  -4.44089e-16  0.0  0.0  -1.77636e-15  1.77636e-15  0.0  -8.88178e-16  8.88178e-16  -1.33227e-15  -1.77636e-15  -2.22045e-15  4.44089e-16  0.0  0.0  0.0  4.44089e-16  4.44089e-16  8.88178e-16  1.33227e-15  4.44089e-16  0.0  -1.33227e-15  4.44089e-16  1.11022e-15  -4.44089e-16  -6.66134e-16  -2.22045e-16  -1.55431e-15  2.88658e-15  -4.44089e-16  -2.22045e-16  4.44089e-16  -1.55431e-15  1.9984e-15  0.0  1.55431e-15  -1.55431e-15  -1.55431e-15  1.33227e-15  2.22045e-16  2.44249e-15  0.0  1.9984e-15  4.44089e-16  3.77476e-15  -4.44089e-16  2.22045e-16  2.22045e-16  1.11022e-15  4.44089e-16  -1.9984e-15  -2.22045e-16  -2.22045e-16  1.33227e-15  -1.11022e-15  -4.44089e-16  -2.66454e-15  3.55271e-15  1.55431e-15  -2.22045e-16  8.88178e-16  -6.66134e-16  -1.11022e-15  -1.55431e-15  -8.88178e-16  6.66134e-16  -1.11022e-15  2.66454e-15  1.11022e-15  1.55431e-15  3.10862e-15  -1.77636e-15  2.22045e-15  2.22045e-16  -2.22045e-16  -8.88178e-16  -6.9722e-14  -1.34337e-13  -9.05942e-14  -1.69864e-14  -9.60343e-14  -9.09273e-14  -6.51257e-13  -7.91589e-14  -3.92129e-11  -1.26998e-10  -1.34921e-10  -1.85314e-10  -3.28371e-10  -3.3301e-10  -9.06838e-10  -1.07227e-9  -5.36852e-10  -8.08224e-10  -1.98014e-9  -2.32856e-9  -9.11307e-10  -2.00066e-9  -2.85547e-9  -2.46032e-9  -1.87685e-9  -1.84587e-9  -2.28371e-9  -3.80719e-9  -4.02939e-9  -5.53175e-9  -4.89921e-9  -4.29999e-9  -4.00178e-9  -1.03113e-8  -6.92858e-9  -4.07199e-9  -5.85915e-9  -1.39145e-8  -7.67251e-9  -1.30569e-8  -1.2509e-8  -1.01201e-8  -1.22547e-8  -1.73073e-8  -1.57863e-8  -3.11725e-8  -2.33153e-8  -1.6968e-8  -1.73199e-8  -2.13444e-8  -3.23145e-8  -2.17628e-8  -1.51388e-8  -2.63348e-8  -3.77104e-8  -4.42441e-8  -3.03014e-8  -1.45544e-9  -5.42263e-8  -1.42184e-9  -4.18909e-8  -2.92699e-8  -5.73022e-8  -4.54455e-8  -1.63684e-9  -4.81804e-8  -1.29341e-9  -1.08995e-9  -1.07938e-9  -1.07654e-9  -1.57817e-9  -1.31513e-9  -1.58833e-9  -2.03652e-9  -1.35866e-9  -1.44185e-9  -2.35882e-9  -1.57264e-9  -1.49469e-9  -1.69257e-9  -2.23579e-9  -2.36619e-9  -1.41381e-9  -2.17756e-9  -1.84244e-9  -2.54262e-9  -2.05208e-9  -2.26874e-9  -4.22931e-9  -3.43016e-9  -2.71799e-9  -3.53859e-9  -2.49853e-9  -2.93997e-9  -3.1758e-9  -2.04911e-9  -2.60324e-9  -3.83841e-9  -3.65704e-9  -2.36826e-9  -2.77111e-9  -4.33685e-9  -4.05075e-9  -2.84052e-9  -2.87641e-9  -3.248e-9  -2.49357e-9  -5.15286e-9  -2.90984e-9  -3.02417e-9  -3.12575e-9  -4.22096e-9  -3.5097e-9  -2.68549e-9  -3.99317e-9  -3.36625e-9  -5.35453e-9  -4.34778e-9  -4.56591e-9  -5.34553e-9  -3.53697e-9  -4.03042e-9  -6.43276e-9  -4.00307e-9  -5.2823e-9  -4.51148e-9  -8.91492e-9  -5.13927e-9  -5.21281e-9  -5.77483e-9  -4.48101e-9  -6.8107e-9  -4.64624e-9  -4.62291e-9  -6.62499e-9  -7.61768e-9  -6.34092e-9  -9.81273e-9  -6.09224e-9  -7.3528e-9  -8.27905e-9  -9.5158e-9  -9.30709e-9  -8.75295e-9  -7.3875e-9  -8.79218e-9  -1.08292e-8  -9.89702e-9  -7.81466e-9  -9.26107e-9  -1.21971e-8  -8.38263e-9  -8.72466e-9  -1.30327e-8  -1.08217e-8  -1.17293e-8  -8.19097e-9  -1.49589e-8  -1.08212e-8  -7.90214e-9  -9.48316e-9  -1.92722e-8  -1.30945e-8  -1.37853e-8  -1.31454e-8  -1.32189e-8  -1.29315e-8  -1.0278e-8  -1.41503e-8  -1.16477e-8  -1.39292e-8  -1.27128e-8  -1.63132e-8  -2.31894e-8  -1.21092e-8  -1.73215e-8  -1.02343e-8  -1.59364e-8  -2.00085e-8  -1.39078e-8  -1.73525e-8  -1.37665e-8  -1.72088e-8  -1.79307e-8  -2.10948e-8  -1.49728e-8  -1.59875e-8  -1.63445e-8  -1.80813e-8  -1.42915e-8  -1.93261e-8  -2.0665e-8  -1.67653e-8  -1.71012e-8  -1.47568e-8  -1.789e-8  -2.43145e-8  -2.35018e-8  -2.72698e-8  -2.42531e-8  -3.12965e-8  -2.77687e-8  -1.92301e-8  -2.82078e-8  -2.84428e-8  -2.12704e-8  -2.53874e-8  -2.66563e-8  -2.24354e-8  -3.16541e-8  -3.48556e-8  -2.95864e-8  -3.16023e-8  -2.94304e-8  -3.25707e-8  -3.70558e-8  -3.54989e-8  -3.63085e-8  -3.51395e-8  -3.03291e-8  -3.54437e-8  -3.51255e-8  -4.41144e-8  -5.23198e-8  -3.67519e-8  -4.68334e-8  -4.15808e-8  -4.5694e-8  -3.38945e-8  -4.51406e-8  -6.47759e-8  -4.01377e-8  -5.25901e-8  -4.11342e-8  -5.85235e-8  -4.7771e-8  -4.67457e-8  -6.37656e-8  -5.344e-8  -7.26498e-8  -7.15398e-8  -6.48976e-8  -6.72556e-8  -7.77837e-8  -5.18662e-8  -5.93997e-8  -7.01039e-8  -9.6629e-8  -6.96481e-8  -7.1225e-8  -1.22957e-7  -9.88582e-8  -9.36715e-8  -1.11371e-7  -6.69884e-8  -1.27501e-7  -1.27511e-7  -1.17658e-7  -1.32641e-7  -1.87555e-7  -1.06089e-7  -1.04812e-7  -1.61697e-7  -1.68003e-7  -1.54816e-7  -2.07737e-7  -1.43895e-7  -1.30392e-7  -2.47606e-7  -2.38177e-7  -1.79406e-7  -2.20457e-7  -2.68052e-7  -2.54871e-7  -1.94935e-7  -2.66415e-7  -2.81324e-7  -2.28443e-7  -2.76706e-7  -2.10645e-7  -2.83213e-7  -2.88314e-7  -2.7411e-7  -3.26095e-7  -3.10604e-7  -2.44314e-7  -2.78425e-7  -2.84569e-7  -2.75335e-7  -2.96866e-7  -2.67402e-7  -2.61991e-7  -2.55735e-7  -3.36921e-7  -2.70061e-7  -3.1367e-7  -3.65885e-7  -3.52364e-7  -3.9433e-7  -3.1191e-7  -2.76229e-7  -2.71097e-7  -4.60891e-7  -3.38869e-7  -3.99298e-7  -4.40723e-7  -5.87468e-7  -2.91241e-7  -4.57872e-7  -4.31724e-7  -4.73119e-7  -4.30994e-7  -4.42418e-7  -4.85198e-7  -5.71799e-7  -3.56778e-7  -5.15784e-7  -5.51123e-7  -4.28974e-7  -6.75478e-7  -4.87241e-7  -5.23156e-7  -6.54894e-7  -6.45324e-7  -5.42793e-7  -6.7221e-7  -7.40364e-7  -6.69987e-7  -7.47335e-7  -7.04402e-7  -7.04173e-7  -6.60841e-7  -5.54283e-7  -6.51561e-7  -7.36899e-7  -7.87862e-7  -7.53229e-7  -5.58276e-7  -7.66007e-7  -8.67696e-7  -7.1509e-7  -6.50715e-7  -6.21883e-7  -8.95856e-7  -7.94094e-7  -8.03998e-7  -6.45802e-7  -8.4613e-7  -9.93747e-7  -6.34785e-7  -8.19269e-7  -8.85807e-7  -9.09714e-7  -8.28527e-7  -8.06442e-7  -9.00314e-7  -9.41852e-7  -7.57297e-7  -7.22877e-7  -7.70473e-7  -7.88973e-7  -7.20754e-7  -6.83023e-7  -1.02071e-6  -7.94029e-7  -6.80538e-7  -8.31776e-7  -1.12042e-6  -1.05699e-6  -1.02989e-6  -9.42132e-7  -1.02431e-6  -9.5414e-7  -8.4976e-7  -8.77877e-7  -9.74861e-7  -1.07817e-6  -9.66445e-7  -1.09286e-6  -1.12083e-6  -1.05224e-6  -8.90372e-7  -1.11385e-6  -1.10276e-6  -9.57621e-7  -1.11687e-6  -8.98818e-7  -1.08921e-6  -1.00222e-6  -1.39296e-6  -9.32499e-7  -1.14557e-6  -1.13978e-6  -1.00515e-6  -9.37933e-7  -1.11903e-6  -1.25449e-6  -1.24189e-6  -1.42928e-6  -1.14291e-6  -1.33983e-6  -1.37454e-6  -1.54773e-6  -1.19726e-6  -1.27952e-6  -1.30818e-6  -1.26823e-6  -1.3598e-6  -1.47503e-6  -1.05511e-6  -1.37374e-6  -1.14559e-6  -1.46799e-6  -1.37342e-6  -1.37537e-6  -1.09488e-6  -1.33548e-6  -1.28909e-6  -1.18183e-6  -1.31171e-6  -1.3575e-6  -1.41141e-6  -1.40707e-6  -1.32898e-6  -1.2442e-6  -1.34028e-6  -1.19811e-6  -1.40694e-6  -1.2215e-6  -1.42e-6  -1.44155e-6  -1.18567e-6  -1.18311e-6  -1.55552e-6  -1.52825e-6  -1.59108e-6  -1.50323e-6  -1.50729e-6  -1.47725e-6  -1.5137e-6  -1.79851e-6  -1.15278e-6  -1.36876e-6  -1.31964e-6  -1.3178e-6  -1.52445e-6  -1.38036e-6  -1.28911e-6  -1.47853e-6  -1.31882e-6  -1.59721e-6  -1.28422e-6  -1.39794e-6  -1.29864e-6  -1.39654e-6  -1.5504e-6  -1.40305e-6  -1.51844e-6  -1.65862e-6  -1.65769e-6  -1.64693e-6  -1.48811e-6  -1.39329e-6  -1.41517e-6  -1.49459e-6  -1.77539e-6  -1.43167e-6  -1.58617e-6  -1.46005e-6  -1.42987e-6  -1.60548e-6  -1.75594e-6  -1.55096e-6  -1.26128e-6  -1.39594e-6  -1.62262e-6  -1.68781e-6  -1.83172e-6  -1.54786e-6  -1.69582e-6  -1.68699e-6  -1.39272e-6  -1.28688e-6  -1.72986e-6  -1.53484e-6  -1.42697e-6  -1.60499e-6  -1.30951e-6  -1.52406e-6  -1.92603e-6  -1.63072e-6  -1.7084e-6  -1.83676e-6  -1.40206e-6  -1.44303e-6  -1.54907e-6  -1.69423e-6  -1.59071e-6  -1.57062e-6  -1.43444e-6  -1.50199e-6  -1.53992e-6  -1.60213e-6  -1.68173e-6  -1.317e-6  -1.40923e-6  -1.54307e-6  -1.78103e-6  -1.68277e-6  -1.71287e-6  -1.48365e-6  -1.5253e-6  -1.5381e-6  -1.87701e-6  -1.78049e-6  -1.50253e-6  -1.64256e-6  -1.38957e-6  -1.58905e-6  -1.83809e-6  -1.82589e-6  -1.8514e-6  -1.59276e-6  -1.7226e-6  -1.55386e-6  -1.82409e-6  -1.64252e-6  -1.60347e-6  -1.75355e-6  -1.63563e-6  -1.41642e-6  -1.54254e-6  -1.70098e-6  -1.61643e-6  -1.44327e-6  -1.65548e-6  -1.63336e-6  -1.74179e-6  -1.38784e-6  -1.68397e-6  -1.59019e-6  -1.60482e-6  -1.45892e-6  -1.60853e-6  -1.64724e-6  -1.41433e-6  -1.50551e-6  -1.64997e-6  -1.68205e-6  -1.63548e-6  -1.81293e-6  -1.59626e-6  -1.60718e-6  -1.51384e-6  -1.48398e-6  -1.72696e-6  -1.56669e-6  -1.66211e-6  -1.5985e-6  -1.59079e-6  -1.55424e-6  -1.49813e-6  -1.49553e-6  -1.58616e-6  -1.66553e-6  -1.63496e-6  -1.68902e-6  -1.38241e-6  -1.42127e-6  -1.55829e-6  -1.49014e-6  -1.45228e-6  -1.70407e-6  -1.6234e-6  -1.4952e-6  -1.31512e-6  -1.69048e-6  -1.62603e-6  -1.44084e-6  -1.53271e-6  -1.56342e-6  -1.62139e-6  -1.49575e-6  -1.48107e-6  -1.68292e-6  -1.57034e-6  -1.52363e-6  -1.54363e-6  -1.45738e-6  -1.47788e-6  -1.62418e-6  -1.42721e-6  -1.51474e-6  -1.60016e-6  -1.34219e-6  -1.45502e-6  -1.41963e-6  -1.6013e-6  -1.55025e-6  -1.57742e-6  -1.70522e-6  -1.54817e-6  -1.43733e-6  -1.46217e-6  -1.39136e-6  -1.55713e-6  -1.55618e-6  -1.4499e-6  -1.38895e-6  -1.48407e-6  -1.44889e-6  -1.44409e-6  -1.55233e-6  -1.41028e-6  -1.46565e-6  -1.39486e-6  -1.37969e-6  -1.45403e-6  -1.43361e-6  -1.44672e-6  -1.42994e-6  -1.34601e-6  -1.68013e-6  -1.62553e-6  -1.611e-6  -1.42866e-6  -1.48354e-6  -1.46222e-6  -1.48445e-6  -1.46215e-6  -1.4928e-6  -1.33504e-6  -1.42607e-6  -1.48485e-6  -1.39016e-6  -1.37165e-6  -1.44111e-6  -1.38299e-6  -1.60713e-6  -1.54903e-6  -1.46044e-6  -1.43036e-6  -1.58477e-6  -1.34908e-6  -1.40014e-6  -1.41728e-6  -1.49262e-6  -1.34868e-6  -1.50067e-6  -1.2658e-6  -1.42442e-6  -1.30966e-6  -1.6272e-6  -1.60351e-6  -1.4485e-6  -1.41752e-6  -1.43127e-6  -1.35974e-6  -1.60287e-6  -1.24805e-6  -1.40446e-6  -1.46322e-6  -1.46819e-6  -1.43784e-6  -1.51343e-6  -1.37863e-6  -1.32736e-6  -1.38093e-6  -1.50362e-6  -1.35202e-6  -1.29092e-6  -1.49025e-6  -1.3371e-6  -1.37416e-6  -1.2435e-6  -1.34752e-6  -1.35785e-6  -1.39105e-6  -1.29965e-6  -1.45557e-6  -1.48045e-6  -1.36589e-6  -1.43628e-6  -1.28877e-6  -1.28643e-6  -1.29708e-6  -1.44471e-6  -1.32499e-6  -1.53941e-6  -1.52128e-6  -1.28844e-6  -1.41466e-6  -1.21666e-6  -1.40548e-6  -1.47892e-6  -1.34204e-6  -1.42606e-6  -1.37428e-6  -1.24581e-6  -1.31087e-6  -1.4476e-6  -1.27048e-6  -1.42394e-6  -1.4609e-6  -1.41248e-6  -1.31156e-6  -1.39644e-6  -1.44498e-6  -1.44737e-6  -1.46861e-6  -1.36781e-6  -1.43826e-6  -1.48372e-6  -1.24166e-6  -1.18612e-6  -1.34633e-6  -1.48324e-6  -1.28311e-6  -1.39499e-6  -1.28096e-6  -1.49762e-6  -1.43697e-6  -1.494e-6  -1.41249e-6  -1.37246e-6  -1.24618e-6  -1.41045e-6  -1.42076e-6  -1.37151e-6  -1.4106e-6  -1.42568e-6  -1.32179e-6  -1.41291e-6  -1.41077e-6  -1.47122e-6  -1.39035e-6  -1.51553e-6  -1.48915e-6  -1.2624e-6  -1.54536e-6  -1.32086e-6  -1.30439e-6  -1.31741e-6  -1.45426e-6  -1.37119e-6  -1.45335e-6  -1.3645e-6  -1.33696e-6  -1.34321e-6  -1.31429e-6  -1.3206e-6  -1.25783e-6  -1.35964e-6  -1.37388e-6  -1.45989e-6  -1.28155e-6  -1.34653e-6  -1.34897e-6  -1.42801e-6  -1.41702e-6  -1.24033e-6  -1.19564e-6  -1.36111e-6  -1.31412e-6  -1.24961e-6  -1.29065e-6  -1.34377e-6  -1.20282e-6  -1.40516e-6  -1.38744e-6  -1.35032e-6  -1.38881e-6  -1.41855e-6  -1.38224e-6  -1.47932e-6  -1.27568e-6  -1.51078e-6  -1.3127e-6  -1.34788e-6  -1.30142e-6  -1.3925e-6  -1.28348e-6  -1.41809e-6  -1.28094e-6  -1.36047e-6  -1.32655e-6  -1.39369e-6  -1.43473e-6  -1.35778e-6  -1.34088e-6  -1.34657e-6  -1.40973e-6  -1.42109e-6  -1.34019e-6  -1.36987e-6  -1.35356e-6  -1.24473e-6  -1.5107e-6  -1.32241e-6  -1.3418e-6  -1.50691e-6  -1.3174e-6  -1.44067e-6  -1.2302e-6  -1.26513e-6  -1.27684e-6  -1.3057e-6  -1.30119e-6  -1.35144e-6  -1.29592e-6  -1.29337e-6  -1.31855e-6  -1.22288e-6  -1.41073e-6  -1.35227e-6  -1.37351e-6  -1.516e-6  -1.29759e-6  -1.21611e-6  -1.43988e-6  -1.29005e-6  -1.16708e-6  -1.3413e-6  -1.45482e-6  -1.40091e-6  -1.28621e-6  -1.22164e-6  -1.37398e-6  -1.61048e-6  -1.40391e-6  -1.42636e-6  -1.2318e-6  -1.38122e-6  -1.38824e-6  -1.48387e-6  -1.30718e-6  -1.49854e-6  -1.33418e-6  -1.31133e-6  -1.30228e-6  -1.36749e-6  -1.4634e-6  -1.36846e-6  -1.39494e-6  -1.28426e-6  -1.34096e-6  -1.37785e-6  -1.40382e-6  -1.46474e-6  -1.39827e-6  -1.41133e-6  -1.30041e-6  -1.2511e-6  -1.38385e-6  -1.29645e-6  -1.43109e-6  -1.50861e-6  -1.2717e-6  -1.34578e-6  -1.37062e-6  -1.44787e-6  -1.34872e-6  -1.39767e-6  -1.4779e-6  -1.40993e-6  -1.35645e-6  -1.47523e-6  -1.38812e-6  -1.31728e-6  -1.414e-6  -1.47308e-6  -1.37834e-6  -1.33433e-6  -1.26067e-6  -1.46216e-6  -1.32822e-6  -1.45162e-6  -1.49156e-6  -1.51204e-6  -1.33819e-6  -1.50186e-6  -1.3149e-6  -1.5418e-6  -1.37264e-6  -1.49141e-6  -1.40967e-6  -1.34117e-6  -1.57748e-6  -1.55584e-6  -1.45091e-6  -1.43533e-6  -1.26314e-6  -1.52063e-6  -1.40919e-6  -1.444e-6  -1.5394e-6  -1.40487e-6  -1.41415e-6  -1.2679e-6  -1.31403e-6  -1.29558e-6  -1.34728e-6  -1.37657e-6  -1.39167e-6  -1.34546e-6  -1.39196e-6  -1.34073e-6  -1.50835e-6  -1.45523e-6  -1.38484e-6  -1.30984e-6  -1.56151e-6  -1.46582e-6  -1.47012e-6  -1.40158e-6  -1.47301e-6  -1.39765e-6  -1.34454e-6  -1.40458e-6  -1.46134e-6  -1.38394e-6  -1.47684e-6  -1.39275e-6  -1.61966e-6  -1.40173e-6  -1.48774e-6  -1.61775e-6  -1.36436e-6  -1.32448e-6  -1.51617e-6  -1.66183e-6  -1.41758e-6  -1.58219e-6  -1.56744e-6  -1.44189e-6  -1.31811e-6  -1.40294e-6  -1.60977e-6  -1.38387e-6  -1.39831e-6  -1.51417e-6  -1.57054e-6  -1.44829e-6  -1.54275e-6  -1.62373e-6  -1.5161e-6  -1.35354e-6  -1.64078e-6  -1.56208e-6  -1.52325e-6  -1.48537e-6  -1.58046e-6  -1.56542e-6  -1.44132e-6  -1.5247e-6  -1.54955e-6  -1.51681e-6  -1.46145e-6  -1.50764e-6  -1.52996e-6  -1.62287e-6  -1.5245e-6  -1.44372e-6  -1.60873e-6  -1.54019e-6  -1.51398e-6  -1.62899e-6  -1.4605e-6  -1.61473e-6  -1.71737e-6  -1.4776e-6  -1.7897e-6  -1.72654e-6  -1.68708e-6  -1.65375e-6  -1.73619e-6  -1.46323e-6  -1.69371e-6  -1.63547e-6  -1.51286e-6  -1.69449e-6  -1.73318e-6  -1.63134e-6  -1.5815e-6  -1.55696e-6  -1.87429e-6  -1.6016e-6  -1.82541e-6  -1.63284e-6  -1.45307e-6  -1.85731e-6  -1.70601e-6  -1.63638e-6  -1.8381e-6  -1.76154e-6  -1.65452e-6  -1.813e-6  -1.66886e-6  -1.9025e-6  -1.65002e-6  -1.89512e-6  -1.62777e-6  -1.82325e-6  -2.22414e-6  -1.68176e-6  -1.9177e-6  -1.92264e-6  -1.82459e-6  -2.14065e-6  -1.71607e-6  -2.1695e-6  -1.89552e-6  -2.09815e-6  -2.04405e-6  -1.78178e-6  -1.80946e-6  -2.14069e-6  -2.68475e-6  -2.70791e-6  -2.00661e-6  -2.07384e-6  -2.00546e-6  -2.35584e-6  -2.19787e-6  -2.57188e-6  -2.16461e-6  -2.45157e-6  -2.05745e-6  -2.30689e-6  -2.04693e-6  -2.35239e-6  -2.032e-6  -2.41579e-6  -2.24613e-6  -2.16347e-6  -2.06709e-6  -2.57287e-6  -2.50132e-6  -3.11461e-6  -2.80455e-6  -2.75068e-6  -2.10776e-6  -2.71085e-6  -2.96878e-6  -2.33554e-6  -2.42055e-6  -2.06602e-6  -3.10447e-6  -2.93753e-6  -2.86491e-6  -3.08099e-6  -2.34404e-6  -2.89714e-6  -3.2665e-6  -2.87602e-6  -3.46337e-6  -2.7407e-6  -3.51422e-6  -2.62087e-6  -2.92043e-6  -2.85479e-6  -4.47215e-6  -4.031e-6  -5.7171e-6  -4.21856e-6  -3.87013e-6  -4.01551e-6  -3.9098e-6  -4.40702e-6  -6.53223e-6  -3.93813e-6  -5.91916e-6  -5.60378e-6  -4.97661e-6  -5.60444e-6  -4.64386e-6  -5.38793e-6  -3.71288e-6  -5.82545e-6  -5.54543e-6  -4.57789e-6  -4.87227e-6
1200 Eigenvalues converges, out of 1200 requested.
Running with beta = 32
Running with l = 60
Starting Davidson with n_aux = 512, l_buffer = 90, lc = 61, thresh = 0.0015, max_iter = 100
Iter 1: V_size = 32, Converged = 0, ‖r‖ (largest λ) = 0.8656922926223112
Iter 2: V_size = 64, Converged = 0, ‖r‖ (largest λ) = 0.18084421183679666
Iter 3: V_size = 128, Converged = 0, ‖r‖ (largest λ) = 0.060623910912410116
Iter 4: V_size = 218, Converged = 0, ‖r‖ (largest λ) = 0.09164873999488632
Iter 5: V_size = 308, Converged = 0, ‖r‖ (largest λ) = 0.49834366829223853
Iter 6: V_size = 394, Converged = 4, ‖r‖ (largest λ) = 0.11034496814644347
Iter 7: V_size = 480, Converged = 4, ‖r‖ (largest λ) = 0.007484730182962817
Iter 8: V_size = 172, Converged = 4, ‖r‖ (largest λ) = 0.00011806341109952234
Iter 9: V_size = 258, Converged = 4, ‖r‖ (largest λ) = 3.6163288267971657e-6
Converged all required eigenvalues.
251.347827 seconds (1.92 M allocations: 134.863 GiB, 0.69% gc time)
Number of FLOPs: 4372274410042

Reading exact Eigenvalues...
Reading eigenvalues from ../../Eigenvalues_folder/eigenres_formaldehyde_RNDbasis1.jld2

Compute the difference between computed and exact eigenvalues:
1×60 adjoint(::Vector{Float64}) with eltype Float64:
 -3.55271e-15  7.10543e-15  0.0  5.32907e-15  0.0  0.0  8.88178e-15  -7.10543e-15  -1.77636e-15  5.32907e-15  0.0  1.77636e-15  -1.77636e-15  -1.77636e-15  -1.77636e-15  0.0  4.44089e-15  5.32907e-15  3.55271e-15  -2.66454e-15  0.0  0.0  8.88178e-16  -2.66454e-15  -8.88178e-16  -2.66454e-15  1.33227e-15  1.33227e-15  -2.66454e-15  1.77636e-15  -1.77636e-15  8.88178e-16  1.77636e-15  -8.88178e-16  1.33227e-15  -4.44089e-16  -1.33227e-15  1.33227e-15  4.44089e-16  0.0  2.22045e-15  2.66454e-15  -2.22045e-15  -1.77636e-15  -8.88178e-16  -2.22045e-15  2.66454e-15  -4.88498e-15  3.55271e-15  0.0  -1.77636e-15  -3.55271e-15  -8.88178e-16  2.22045e-15  -1.77636e-15  -4.44089e-16  1.77636e-15  -1.33227e-15  2.22045e-15  4.21885e-15
60 Eigenvalues converges, out of 60 requested.
Running with l = 300
Starting Davidson with n_aux = 960, l_buffer = 450, lc = 303, thresh = 0.002, max_iter = 100
Iter 1: V_size = 60, Converged = 0, ‖r‖ (largest λ) = 0.26486861963827185
Iter 2: V_size = 120, Converged = 0, ‖r‖ (largest λ) = 0.06605965136343936
Iter 3: V_size = 240, Converged = 0, ‖r‖ (largest λ) = 0.024614027791462368
Iter 4: V_size = 480, Converged = 0, ‖r‖ (largest λ) = 0.005532686722171159
Iter 5: V_size = 929, Converged = 1, ‖r‖ (largest λ) = 0.0012823894690469453
Iter 6: V_size = 882, Converged = 9, ‖r‖ (largest λ) = 0.006959442605831579
Iter 7: V_size = 882, Converged = 9, ‖r‖ (largest λ) = 0.007446652446262207
Iter 8: V_size = 878, Converged = 11, ‖r‖ (largest λ) = 0.003944300837591246
Iter 9: V_size = 878, Converged = 11, ‖r‖ (largest λ) = 0.002790537558587821
Hybrid Davidson-JD corrections at iteration 10
Total MINRES iterations: 84
Iter 10: V_size = 859, Converged = 11, ‖r‖ (largest λ) = 0.002077002426359225
Hybrid Davidson-JD corrections at iteration 11
Total MINRES iterations: 0
Iter 11: V_size = 394, Converged = 253, ‖r‖ (largest λ) = 0.0015805288918369705
Hybrid Davidson-JD corrections at iteration 12
Total MINRES iterations: 0
Iter 12: V_size = 591, Converged = 253, ‖r‖ (largest λ) = 0.0013149006299521483
Hybrid Davidson-JD corrections at iteration 13
Total MINRES iterations: 50
Iter 13: V_size = 788, Converged = 253, ‖r‖ (largest λ) = 0.00128988260548624
Hybrid Davidson-JD corrections at iteration 14
Total MINRES iterations: 0
Iter 14: V_size = 364, Converged = 268, ‖r‖ (largest λ) = 0.001267121367834583
Hybrid Davidson-JD corrections at iteration 15
Total MINRES iterations: 200
Iter 15: V_size = 546, Converged = 268, ‖r‖ (largest λ) = 0.0009273905325968163
Hybrid Davidson-JD corrections at iteration 16
Total MINRES iterations: 475
Iter 16: V_size = 728, Converged = 268, ‖r‖ (largest λ) = 0.0007894823423942169
Converged all required eigenvalues.
2915.792746 seconds (46.84 M allocations: 3.170 TiB, 0.91% gc time)
Number of FLOPs: 25786871933884

Reading exact Eigenvalues...
Reading eigenvalues from ../../Eigenvalues_folder/eigenres_formaldehyde_RNDbasis1.jld2

Compute the difference between computed and exact eigenvalues:
1×300 adjoint(::Vector{Float64}) with eltype Float64:
 7.10543e-15  -3.55271e-15  7.10543e-15  3.55271e-15  -8.88178e-15  0.0  5.32907e-15  -1.59872e-14  0.0  0.0  -4.44089e-15  -8.88178e-16  4.44089e-15  0.0  0.0  -8.88178e-16  2.66454e-15  2.66454e-15  4.44089e-15  -8.88178e-16  0.0  8.88178e-16  8.88178e-16  -1.77636e-15  -8.88178e-16  -2.66454e-15  1.77636e-15  -8.88178e-16  -2.22045e-15  8.88178e-16  -4.44089e-16  -1.77636e-15  0.0  4.44089e-16  1.77636e-15  0.0  1.33227e-15  8.88178e-16  8.88178e-16  1.77636e-15  8.88178e-16  4.44089e-16  0.0  -8.88178e-16  1.33227e-15  -2.66454e-15  0.0  -4.44089e-16  -4.44089e-16  8.88178e-16  0.0  -8.88178e-16  4.44089e-16  2.22045e-15  0.0  8.88178e-16  -4.44089e-16  4.44089e-16  0.0  1.33227e-15  2.22045e-15  6.66134e-16  2.22045e-16  6.66134e-16  2.22045e-16  1.11022e-15  2.22045e-16  4.44089e-16  -8.88178e-16  6.66134e-16  1.11022e-15  -1.77636e-15  -4.44089e-16  -4.44089e-16  -3.55271e-15  8.88178e-16  -2.22045e-16  -8.88178e-16  -2.22045e-16  8.88178e-16  -4.44089e-16  0.0  0.0  6.66134e-16  1.11022e-15  3.55271e-15  8.88178e-16  2.22045e-16  -1.33227e-15  4.44089e-16  0.0  4.44089e-16  -4.44089e-16  -2.22045e-16  0.0  6.66134e-16  -1.55431e-15  6.66134e-16  8.88178e-16  1.55431e-15  1.77636e-15  -1.33227e-15  -6.66134e-16  1.55431e-15  1.55431e-15  -6.66134e-16  1.55431e-15  3.33067e-15  -6.66134e-16  -1.33227e-15  -3.37508e-14  -2.37588e-14  -4.32987e-14  -2.39364e-13  -2.81108e-13  -2.72449e-12  -4.14313e-12  -1.10578e-13  -8.67661e-12  -4.08158e-11  -1.31548e-10  -2.40505e-10  -1.5837e-10  -2.0663e-10  -1.36481e-10  -1.08352e-10  -3.90799e-10  -3.53259e-10  -4.63495e-10  -8.09996e-10  -3.75069e-10  -6.62497e-10  -1.48144e-9  -1.87983e-9  -2.4224e-9  -1.56544e-9  -1.75021e-9  -2.01915e-9  -2.28146e-9  -1.64108e-9  -1.84953e-9  -2.38291e-9  -3.65768e-9  -2.38942e-9  -2.54146e-9  -5.31586e-9  -4.64907e-9  -7.42766e-9  -2.81935e-9  -6.97872e-9  -6.52148e-9  -3.07594e-9  -4.68801e-9  -9.40223e-9  -7.19358e-9  -1.28711e-8  -1.62224e-8  -1.55636e-8  -2.70938e-8  -1.65221e-8  -3.86084e-8  -4.33377e-8  -3.53384e-8  -2.68557e-8  -3.95215e-8  -4.09346e-8  -3.69087e-8  -4.19471e-8  -9.73826e-8  -6.4831e-8  -7.69178e-8  -6.48141e-8  -5.28821e-8  -1.19165e-7  -9.95102e-8  -1.0152e-7  -1.23996e-7  -1.36607e-7  -8.0583e-8  -1.0272e-7  -1.28065e-7  -1.31878e-7  -2.73279e-7  -2.59243e-7  -2.93175e-7  -1.96912e-7  -2.14234e-7  -3.57066e-7  -3.38068e-7  -2.88414e-7  -2.91803e-7  -1.85251e-7  -2.76811e-7  -2.56707e-7  -4.85251e-7  -5.88074e-7  -2.75323e-7  -6.08835e-7  -3.30936e-7  -6.14786e-7  -3.37081e-7  -4.71248e-7  -4.89103e-7  -5.56885e-7  -3.1265e-7  -7.00514e-7  -9.11199e-7  -8.53639e-7  -5.45816e-7  -1.11278e-6  -9.26346e-7  -8.49887e-7  -6.43533e-7  -1.04206e-6  -1.28255e-6  -8.16625e-7  -1.48563e-6  -1.33652e-6  -1.18783e-6  -9.88523e-7  -1.1969e-6  -1.60982e-6  -1.18309e-6  -1.15174e-6  -1.03398e-6  -1.96725e-6  -1.81181e-6  -1.62307e-6  -1.51941e-6  -2.17681e-6  -1.66496e-6  -2.34624e-6  -1.56258e-6  -2.41995e-6  -2.83664e-6  -1.94797e-6  -3.91757e-6  -3.09786e-6  -2.09034e-6  -2.88975e-6  -4.27455e-6  -4.47009e-6  -5.2436e-6  -3.3503e-6  -3.0164e-6  -5.08895e-6  -5.43543e-6  -5.20795e-6  -6.16489e-6  -6.33736e-6  2.51315e-9  -6.37179e-6  -6.66784e-6  3.78776e-9  -5.10737e-6  3.08087e-11  1.11115e-9  7.01556e-10  -1.05452e-9  -7.44855e-10  -1.47158e-9  -5.54294e-10  -2.45888e-10  -1.12034e-9  2.31299e-9  -1.93718e-9  -1.83776e-9  8.01702e-10  1.34554e-9  -1.33577e-9  -2.83881e-9  1.32203e-9  1.05481e-9  7.76142e-10  1.28197e-9  7.34149e-10  -1.09047e-10  1.11292e-9  1.37429e-9  1.56114e-9  7.65435e-10  9.69427e-10  1.99588e-9  -2.20561e-9  1.91454e-9  -1.55287e-9  3.06286e-9  1.3211e-9  -2.80942e-9  7.93859e-10  2.41235e-9  9.79272e-10  7.59532e-10  -2.97089e-9  1.54356e-9  5.72182e-10  1.37009e-9  -5.57514e-9  2.15293e-9  -8.72432e-9
300 Eigenvalues converges, out of 300 requested.
Running with l = 600
Starting Davidson with n_aux = 1920, l_buffer = 900, lc = 606, thresh = 0.0025, max_iter = 100
Iter 1: V_size = 120, Converged = 0, ‖r‖ (largest λ) = 0.10358086508213564
Iter 2: V_size = 240, Converged = 0, ‖r‖ (largest λ) = 0.025588054618247306
Iter 3: V_size = 480, Converged = 0, ‖r‖ (largest λ) = 0.005422886881735896
Iter 4: V_size = 960, Converged = 0, ‖r‖ (largest λ) = 0.0006278081963591829
Iter 5: V_size = 1857, Converged = 3, ‖r‖ (largest λ) = 7.638828250977523e-5
Iter 6: V_size = 1794, Converged = 3, ‖r‖ (largest λ) = 0.000309542107819557
Iter 7: V_size = 1794, Converged = 3, ‖r‖ (largest λ) = 0.000432750921079079
Iter 8: V_size = 1794, Converged = 3, ‖r‖ (largest λ) = 0.00019612600253548308
Iter 9: V_size = 1302, Converged = 249, ‖r‖ (largest λ) = 0.0001402100988637185
Hybrid Davidson-JD corrections at iteration 10
Total MINRES iterations: 151
Iter 10: V_size = 1302, Converged = 249, ‖r‖ (largest λ) = 0.00011264657211560328
Hybrid Davidson-JD corrections at iteration 11
Total MINRES iterations: 0
Iter 11: V_size = 1302, Converged = 249, ‖r‖ (largest λ) = 8.686877940225812e-5
Converged all required eigenvalues.
4637.143871 seconds (119.47 M allocations: 8.103 TiB, 1.40% gc time)
Number of FLOPs: 35723179595297

Reading exact Eigenvalues...
Reading eigenvalues from ../../Eigenvalues_folder/eigenres_formaldehyde_RNDbasis1.jld2

Compute the difference between computed and exact eigenvalues:
1×600 adjoint(::Vector{Float64}) with eltype Float64:
 -1.06581e-14  0.0  2.84217e-14  1.77636e-15  -1.77636e-15  0.0  5.32907e-15  -1.24345e-14  0.0  5.32907e-15  -8.88178e-16  -8.88178e-16  8.88178e-16  0.0  0.0  1.77636e-15  8.88178e-16  8.88178e-16  1.77636e-15  -8.88178e-16  3.55271e-15  0.0  -2.66454e-15  -1.77636e-15  4.44089e-15  -3.55271e-15  0.0  1.77636e-15  0.0  1.33227e-15  -1.33227e-15  0.0  3.55271e-15  2.22045e-15  -1.33227e-15  4.44089e-16  4.88498e-15  3.9968e-15  3.10862e-15  8.88178e-16  2.22045e-15  8.88178e-16  -5.77316e-15  8.88178e-16  1.33227e-15  -1.33227e-15  0.0  -4.44089e-15  0.0  -2.22045e-15  -4.44089e-16  -1.33227e-15  4.44089e-16  1.33227e-15  -5.32907e-15  -4.44089e-15  -4.44089e-16  -2.66454e-15  -2.66454e-15  1.77636e-15  -5.10703e-15  2.44249e-15  1.9984e-15  1.9984e-15  5.77316e-15  6.66134e-16  2.88658e-15  6.66134e-16  -1.9984e-15  1.77636e-15  -3.9968e-15  1.77636e-15  -3.55271e-15  -3.77476e-15  2.22045e-15  -4.44089e-15  7.10543e-15  5.10703e-15  -1.77636e-15  -4.44089e-16  -3.10862e-15  -2.66454e-15  3.55271e-15  1.33227e-15  1.11022e-15  5.10703e-15  5.55112e-15  4.21885e-15  -7.99361e-15  4.88498e-15  -7.77156e-15  -8.88178e-16  -4.44089e-16  -2.44249e-15  8.43769e-15  -4.44089e-16  6.43929e-15  4.44089e-15  3.10862e-15  7.99361e-15  3.33067e-15  4.88498e-15  4.66294e-15  -5.10703e-15  -9.32587e-15  -4.21885e-15  -5.55112e-15  -9.32587e-15  6.66134e-16  5.77316e-15  8.88178e-16  -2.66454e-15  -9.76996e-15  -6.21725e-15  -1.11022e-15  -1.13243e-14  -1.02141e-14  5.77316e-15  -9.99201e-15  -1.08802e-14  -2.34257e-13  -5.10703e-14  -4.9194e-13  -2.28706e-13  -1.1614e-12  -1.20104e-12  -1.12682e-10  -1.99314e-10  -2.80519e-10  -2.80353e-10  -2.72364e-10  -2.71917e-10  -2.54376e-10  -6.92526e-10  -3.40319e-10  -4.74479e-10  -7.07516e-10  -1.22141e-9  -1.03609e-9  -6.95477e-10  -6.59421e-10  -9.3878e-10  -7.84542e-10  -1.90058e-9  -6.99386e-10  -1.01592e-9  -1.83343e-9  -2.30301e-9  -1.10728e-9  -1.25289e-9  -2.46382e-9  -2.42548e-9  -1.31176e-9  -2.42021e-9  -3.23178e-9  -3.61816e-9  -4.53212e-9  -4.12461e-9  -4.43288e-9  -8.31373e-9  -7.56675e-9  -7.36178e-9  -7.74814e-9  -8.43879e-9  -8.82275e-9  -7.38049e-9  -1.01994e-8  -1.26983e-8  -1.1293e-8  -9.70188e-9  -1.21636e-8  -6.0104e-9  -1.34334e-8  -2.0499e-8  -1.50431e-8  -2.2948e-8  -2.78896e-8  -2.18015e-8  -2.03655e-8  -1.96583e-8  -2.67922e-8  -3.05514e-8  -3.08249e-8  -2.08898e-8  -3.72765e-8  -2.755e-8  -2.72901e-8  -3.73836e-8  -2.51927e-8  -2.54578e-8  -4.61653e-8  -2.96695e-8  -3.22455e-8  -2.45094e-8  -4.78168e-8  -3.99675e-8  -4.84683e-8  -4.1491e-8  -5.08993e-8  -7.25852e-8  -3.80678e-8  -4.3289e-8  -4.5521e-8  -5.38288e-8  -4.92564e-8  -5.80889e-8  -8.04841e-8  -8.42254e-8  -6.87905e-8  -6.12907e-8  -1.10048e-7  -8.34618e-8  -8.62471e-8  -9.6895e-8  -6.08742e-8  -7.85559e-8  -6.11336e-8  -8.63366e-8  -7.65742e-8  -9.57934e-8  -9.17331e-8  -1.07821e-7  -9.67851e-8  -7.36956e-8  -1.36328e-7  -8.76073e-8  -1.42861e-7  -1.32297e-7  -1.6731e-7  -9.08281e-8  -1.28375e-7  -1.57613e-7  -1.30722e-7  -1.32371e-7  -1.61578e-7  -1.98096e-7  -2.33348e-7  -1.50232e-7  -2.16059e-7  -1.81502e-7  -2.42499e-7  -2.31184e-7  -2.03941e-7  -1.94444e-7  -2.5231e-7  -3.93875e-8  -3.1484e-8  -3.59291e-8  -2.57483e-8  -3.29896e-8  -2.05869e-7  -1.52005e-7  -2.37745e-7  -2.50264e-7  -3.22075e-8  -4.82613e-8  -4.20092e-8  -5.44069e-8  -2.75666e-8  -3.52511e-8  -4.00209e-8  -4.33405e-8  -4.10737e-8  -3.51871e-8  -5.22509e-8  -5.99874e-8  -6.06719e-8  -7.44547e-8  -4.08044e-8  -3.87955e-8  -4.18892e-8  -6.37488e-8  -7.62439e-8  -6.25793e-8  -7.93518e-8  -8.383e-8  -9.15425e-8  -7.87331e-8  -6.84926e-8  -9.61489e-8  -8.88433e-8  -7.71613e-8  -9.90796e-8  -9.38821e-8  -6.26171e-8  -1.02216e-7  -9.39304e-8  -1.12403e-7  -9.79562e-8  -1.22012e-7  -1.3465e-7  -1.08175e-7  -9.33554e-8  -9.69777e-8  -1.07211e-7  -1.31419e-7  -9.88152e-8  -9.40015e-8  -1.3744e-7  -1.29252e-7  -1.506e-7  -1.2474e-7  -2.35655e-7  -1.57433e-7  -1.75141e-7  -2.00797e-7  -1.59546e-7  -1.28417e-7  -1.81603e-7  -1.42812e-7  -1.91478e-7  -2.08893e-7  -2.07087e-7  -1.8282e-7  -2.36124e-7  -1.87555e-7  -2.13795e-7  -2.60695e-7  -2.70223e-7  -1.8675e-7  -2.86985e-7  -2.43828e-7  -2.82e-7  -2.69809e-7  -2.19206e-7  -3.02082e-7  -1.78809e-7  -3.28603e-7  -3.07714e-7  -2.24828e-7  -2.7232e-7  -2.60798e-7  -3.00552e-7  -3.69507e-7  -2.46741e-7  -3.51053e-7  -2.96276e-7  -4.14199e-7  -3.58514e-7  -4.40023e-7  -3.64245e-7  -5.07147e-7  -3.43799e-7  -3.71955e-7  -4.01472e-7  -4.49129e-7  -4.94769e-7  -4.8233e-7  -5.07235e-7  -5.21113e-7  -4.98739e-7  -6.39061e-7  -6.00921e-7  -5.11306e-7  -5.03349e-7  -6.29855e-7  -5.36964e-7  -4.76994e-7  -5.89988e-7  -6.14581e-7  -7.59813e-7  -8.84647e-7  -9.57716e-7  -6.08572e-7  -7.71035e-7  -1.04648e-6  -8.69863e-7  -7.75095e-7  -7.8031e-7  -1.01788e-6  -9.08519e-7  -8.29295e-7  -8.4578e-7  -9.79417e-7  -9.95791e-7  -8.09138e-7  -1.09957e-6  -1.09965e-6  -1.09262e-6  -1.07883e-6  -1.20837e-6  -8.70792e-7  -1.16487e-6  -1.22849e-6  -1.31775e-6  -9.2023e-7  -1.05314e-6  -1.62864e-6  -9.68118e-7  -1.61458e-6  -1.52854e-6  -1.66456e-6  -1.23272e-6  -1.85072e-6  -1.31335e-6  -1.6556e-6  -2.07373e-6  -1.69626e-6  -2.29994e-6  -2.65389e-6  -1.65341e-6  -1.55811e-6  -1.56144e-6  -1.59839e-6  -1.60803e-6  -1.68512e-6  -1.41036e-6  -1.4545e-6  -1.3122e-6  -1.07834e-6  -1.54869e-6  -1.17569e-6  -1.33946e-6  -1.50879e-6  -1.3803e-6  -1.36689e-6  -1.57777e-6  -1.37217e-6  -1.22105e-6  -1.63161e-6  -1.56339e-6  -1.7132e-6  -1.13172e-11  -1.46378e-6  -1.51374e-6  -1.632e-6  -1.50009e-6  -1.45949e-6  -2.18807e-6  -1.62177e-6  -1.56896e-6  -1.6714e-6  -2.24953e-6  -1.65879e-6  -1.61956e-6  -1.52696e-6  2.9078e-11  -1.767e-6  -1.69471e-6  -1.50366e-6  -1.53962e-6  -1.65405e-6  -1.85848e-6  -1.84025e-6  3.25567e-11  -3.11247e-10  -1.83712e-6  -2.07618e-6  -1.91539e-6  -2.11291e-6  1.80696e-11  5.30956e-12  -4.96294e-11  -5.96156e-12  -1.67414e-11  -8.502e-10  -2.30941e-6  4.03091e-11  5.02098e-14  -2.48323e-11  -1.97609e-6  -5.58771e-11  -1.95033e-6  -1.80527e-6  -1.22588e-10  -9.97005e-12  6.21533e-12  -2.03553e-6  -6.99433e-10  -2.15481e-6  -2.46705e-6  -3.36884e-11  -1.57309e-6  -2.04427e-6  -2.05026e-6  -9.61686e-12  -1.70095e-6  -2.10297e-6  -6.2442e-11  -1.87457e-6  -1.19962e-10  -2.30319e-6  -2.69202e-6  -1.86465e-6  -2.05198e-6  -2.56691e-6  -2.31489e-6  -1.91817e-6  -2.47041e-6  -2.17983e-6  -2.56684e-6  -2.35551e-6  -2.2735e-6  -2.31789e-6  -3.2142e-6  -2.71323e-6  -2.41804e-6  -2.13722e-9  -2.96329e-6  -2.3913e-6  -1.94617e-6  -2.79374e-6  -2.56408e-6  -2.52195e-6  -2.45832e-6  -2.11701e-6  -2.75713e-6  -2.6555e-6  -2.88347e-6  -3.25343e-6  -2.48636e-6  -2.75208e-6  -1.48826e-10  -2.83573e-6  -2.66269e-6  -2.96921e-6  -2.46413e-6  -2.91515e-6  -3.11438e-6  -2.83531e-6  -3.89757e-10  -5.92876e-10  -3.65272e-6  -2.38482e-10  -3.07045e-6  -3.28725e-10  -2.19553e-10  -2.38203e-9  -3.2047e-6  -2.99578e-10  -2.87784e-6  -9.05408e-10  -2.41691e-10  -2.35166e-10  -3.89091e-6  -1.90248e-10  -3.02711e-6  -2.64298e-6  -2.55151e-10  -2.55311e-10  -3.28598e-10  -3.30918e-10  -3.29876e-10  -2.09387e-10  -2.5604e-6  -2.54969e-6  -3.17593e-6  -9.92498e-10  -2.75494e-6  -4.20812e-10  -7.07585e-10  -3.28799e-6  -3.3132e-6  -3.16423e-6  -3.01396e-6  -6.42284e-10  -3.40255e-6  -3.23854e-6  -3.6972e-6  -3.75161e-9  -3.18615e-6  -1.37823e-9  -2.88689e-6  -2.66349e-6  -3.01331e-6  -3.09745e-6  -3.47256e-6  -3.62314e-6  -3.37903e-6  -3.43811e-6  -3.05371e-6  -3.92592e-6  -9.66344e-9  -4.17958e-6  -4.19308e-6  -3.46769e-6  -3.78212e-6  -3.46883e-6  -4.25152e-6  -3.52065e-6  -3.41789e-6  -3.56582e-6  -3.57048e-6  -4.1117e-6  -3.99869e-6  -3.2083e-6  -3.62724e-6  -3.56648e-6  -4.1051e-6  -3.85922e-6  -4.03819e-6  -3.19969e-6  -3.69275e-6  -3.85281e-6  -3.78218e-6  -3.46021e-6  -3.31526e-6  -4.02928e-6  -3.87829e-6  -3.45949e-6
600 Eigenvalues converges, out of 600 requested.
Running with l = 1200
Starting Davidson with n_aux = 3840, l_buffer = 1800, lc = 1212, thresh = 0.003, max_iter = 100
Iter 1: V_size = 240, Converged = 0, ‖r‖ (largest λ) = 0.032488483234252935
Iter 2: V_size = 480, Converged = 0, ‖r‖ (largest λ) = 0.005894022566926656
Iter 3: V_size = 960, Converged = 0, ‖r‖ (largest λ) = 0.0006631194141480979
Iter 4: V_size = 1920, Converged = 0, ‖r‖ (largest λ) = 3.7134725888781206e-5
Iter 5: V_size = 3710, Converged = 10, ‖r‖ (largest λ) = 1.9791358956528203e-6
Iter 6: V_size = 3562, Converged = 19, ‖r‖ (largest λ) = 5.935506079909337e-6
Iter 7: V_size = 3562, Converged = 19, ‖r‖ (largest λ) = 8.288820578675107e-6
Iter 8: V_size = 3410, Converged = 95, ‖r‖ (largest λ) = 3.261749837839128e-6
Iter 9: V_size = 2324, Converged = 638, ‖r‖ (largest λ) = 2.2957256912670975e-6
Hybrid Davidson-JD corrections at iteration 10
Total MINRES iterations: 14
Iter 10: V_size = 3486, Converged = 638, ‖r‖ (largest λ) = 2.2601957531369416e-6
Hybrid Davidson-JD corrections at iteration 11
Total MINRES iterations: 0
Iter 11: V_size = 2324, Converged = 638, ‖r‖ (largest λ) = 3.292390977070358e-6
Converged all required eigenvalues.
15113.233674 seconds (482.52 M allocations: 32.693 TiB, 1.52% gc time)
Number of FLOPs: 80876669157091

Reading exact Eigenvalues...
Reading eigenvalues from ../../Eigenvalues_folder/eigenres_formaldehyde_RNDbasis1.jld2

Compute the difference between computed and exact eigenvalues:
1×1200 adjoint(::Vector{Float64}) with eltype Float64:
 -3.55271e-15  1.77636e-14  -7.10543e-15  7.10543e-15  1.77636e-15  -7.10543e-15  5.32907e-15  -2.13163e-14  0.0  -5.32907e-15  -2.66454e-15  1.77636e-15  3.55271e-15  1.77636e-15  -1.77636e-15  -8.88178e-16  2.66454e-15  2.66454e-15  0.0  -1.77636e-15  1.77636e-15  0.0  3.55271e-15  -4.44089e-15  -8.88178e-16  -2.66454e-15  8.88178e-16  -8.88178e-16  -1.33227e-15  2.66454e-15  -3.9968e-15  3.10862e-15  1.77636e-15  0.0  4.44089e-15  4.44089e-16  8.88178e-16  3.55271e-15  1.77636e-15  2.66454e-15  -2.22045e-15  -4.44089e-16  -8.88178e-16  -3.55271e-15  3.10862e-15  -1.77636e-15  2.22045e-15  2.66454e-15  -1.33227e-15  0.0  -3.10862e-15  4.44089e-16  8.88178e-16  1.77636e-15  0.0  -4.44089e-16  8.88178e-16  8.88178e-16  -2.22045e-15  2.22045e-15  -6.66134e-16  6.66134e-16  1.9984e-15  2.22045e-16  4.44089e-16  -4.44089e-16  2.22045e-16  1.33227e-15  -8.88178e-16  4.44089e-16  1.55431e-15  2.22045e-15  2.44249e-15  7.32747e-15  -8.43769e-15  -7.54952e-15  -4.44089e-15  -6.21725e-15  5.32907e-15  -2.44249e-15  -3.77476e-15  -7.99361e-15  1.9984e-15  1.9984e-15  3.33067e-15  2.66454e-15  1.77636e-15  -2.44249e-15  6.66134e-16  -3.10862e-15  -3.55271e-15  -1.33227e-15  -1.11022e-15  -1.55431e-15  1.11022e-15  -2.44249e-15  -3.33067e-15  -3.55271e-15  -2.66454e-15  8.88178e-16  1.55431e-15  8.88178e-16  -3.10862e-15  -6.66134e-16  6.66134e-16  -2.66454e-15  -8.88178e-16  6.66134e-16  0.0  -3.55271e-15  -1.11022e-15  -4.21885e-15  -3.33067e-15  3.9968e-15  -3.10862e-15  -8.88178e-16  8.88178e-16  -2.88658e-15  3.33067e-15  1.55431e-15  -1.9984e-15  1.77636e-15  9.99201e-16  4.44089e-15  -6.66134e-16  -3.33067e-15  -7.1233e-12  -2.06926e-11  -1.85225e-11  -2.41811e-11  -4.07137e-11  -4.76947e-11  -9.73402e-11  -1.89655e-10  -7.61957e-11  -1.1008e-10  -2.97627e-10  -2.72755e-10  -1.14779e-10  -2.57673e-10  -3.38707e-10  -2.55977e-10  -2.6781e-10  -2.53006e-10  -3.22013e-10  -3.65911e-10  -3.54355e-10  -7.48346e-10  -4.80603e-10  -5.10793e-10  -4.13923e-10  -8.92607e-10  -6.72402e-10  -5.67553e-10  -5.26172e-10  -1.38988e-9  -8.31862e-10  -1.43782e-9  -1.21854e-9  -1.09909e-9  -1.21663e-9  -1.69899e-9  -2.00164e-9  -3.19197e-9  -2.3031e-9  -1.97575e-9  -1.38217e-9  -2.10994e-9  -3.25267e-9  -1.88669e-9  -1.53739e-9  -2.24405e-9  -3.0317e-9  -3.87765e-9  -2.29255e-9  -4.60988e-9  -4.17185e-9  -4.93226e-9  -3.53162e-9  -3.04671e-9  -5.13517e-9  -4.62047e-9  -6.48952e-9  -4.60446e-9  -4.45776e-9  -4.22454e-9  -4.587e-9  -4.2763e-9  -5.58738e-9  -4.60641e-9  -5.64912e-9  -7.42517e-9  -5.26378e-9  -5.78206e-9  -8.46927e-9  -5.84483e-9  -6.12761e-9  -5.66349e-9  -7.97458e-9  -7.51483e-9  -5.69011e-9  -6.83725e-9  -7.41833e-9  -9.57905e-9  -6.97924e-9  -8.17847e-9  -1.41814e-8  -1.19181e-8  -9.17071e-9  -1.39013e-8  -8.83865e-9  -1.18143e-8  -1.29555e-8  -8.20006e-9  -1.05987e-8  -1.48853e-8  -1.28587e-8  -9.44965e-9  -9.30534e-9  -1.23311e-8  -1.24612e-8  -9.40819e-9  -9.55227e-9  -1.08233e-8  -9.80558e-9  -1.48678e-8  -1.16644e-8  -1.11423e-8  -9.84007e-9  -1.4325e-8  -1.42637e-8  -1.08621e-8  -1.4105e-8  -1.39982e-8  -1.71733e-8  -1.58795e-8  -1.40188e-8  -1.71863e-8  -1.4764e-8  -1.61584e-8  -2.41172e-8  -1.8134e-8  -1.98458e-8  -1.74535e-8  -2.96388e-8  -2.23334e-8  -1.93217e-8  -2.27151e-8  -1.60696e-8  -2.30109e-8  -1.77628e-8  -1.80698e-8  -2.72208e-8  -2.44991e-8  -2.76959e-8  -3.3739e-8  -2.14619e-8  -3.03816e-8  -3.58428e-8  -3.08002e-8  -3.33058e-8  -3.58326e-8  -2.66546e-8  -3.14512e-8  -3.97522e-8  -3.73268e-8  -2.985e-8  -4.20463e-8  -4.06935e-8  -3.4389e-8  -3.42217e-8  -3.75251e-8  -3.89089e-8  -4.29602e-8  -3.10572e-8  -4.51813e-8  -4.11967e-8  -3.23691e-8  -3.26919e-8  -7.01049e-8  -5.40929e-8  -4.71563e-8  -6.08512e-8  -3.92693e-8  -4.79924e-8  -5.26858e-8  -4.80437e-8  -5.65057e-8  -5.87049e-8  -5.2987e-8  -6.68673e-8  -8.60258e-8  -5.06747e-8  -7.01285e-8  -4.07573e-8  -5.16727e-8  -7.41071e-8  -6.35984e-8  -5.45741e-8  -5.69943e-8  -6.84839e-8  -8.78266e-8  -9.32782e-8  -6.85021e-8  -5.89943e-8  -6.46265e-8  -7.63972e-8  -6.2604e-8  -6.81116e-8  -7.6384e-8  -7.63033e-8  -6.52814e-8  -5.10474e-8  -8.31961e-8  -1.0022e-7  -8.51042e-8  -1.18098e-7  -1.01209e-7  -1.39619e-7  -1.10112e-7  -1.32638e-7  -1.11695e-7  -1.02867e-7  -1.00776e-7  -1.17157e-7  -1.09355e-7  -1.05104e-7  -1.04594e-7  -1.57161e-7  -1.15051e-7  -1.37222e-7  -1.20971e-7  -1.24187e-7  -1.63318e-7  -1.38329e-7  -1.97317e-7  -1.27891e-7  -1.54844e-7  -1.51127e-7  -1.33529e-7  -1.71962e-7  -2.16552e-7  -1.24878e-7  -2.39063e-7  -1.86346e-7  -2.05494e-7  -1.47277e-7  -2.08239e-7  -1.02389e-8  -1.61558e-7  -2.39241e-7  -1.9831e-7  -2.22836e-7  -2.42738e-7  -1.37616e-7  -2.63545e-7  -2.72769e-7  -2.49591e-7  -3.12582e-7  -2.37506e-7  -2.63956e-7  -1.5262e-8  -2.47148e-7  -2.36941e-7  -2.81397e-7  -1.44377e-8  -3.5461e-7  -3.06438e-7  -2.16574e-8  -1.74627e-8  -3.18659e-7  -4.05784e-7  -2.88447e-7  -2.63584e-8  -2.15567e-8  -1.96437e-8  -2.06494e-8  -2.8954e-8  -2.14426e-8  -2.51266e-8  -2.75109e-8  -3.35098e-8  -2.3835e-8  -2.8776e-8  -2.00506e-8  -2.02737e-8  -3.21558e-8  -3.46985e-8  -2.33044e-8  -3.96388e-8  -3.77482e-8  -3.7588e-8  -3.38164e-8  -3.96177e-8  -4.71776e-8  -3.35168e-8  -3.77442e-8  -3.067e-8  -4.16655e-8  -4.56841e-8  -4.09336e-8  -5.90406e-8  -3.95445e-8  -4.09096e-8  -4.6269e-8  -4.15347e-8  -4.95636e-8  -4.19095e-8  -3.95843e-8  -3.10362e-8  -3.65342e-8  -5.08393e-8  -3.98391e-8  -3.97738e-8  -5.58827e-8  -4.98623e-8  -6.44299e-8  -4.49023e-8  -4.59413e-8  -4.6113e-8  -7.23464e-8  -4.84863e-8  -5.72131e-8  -6.77186e-8  -9.84344e-8  -5.02675e-8  -7.0421e-8  -6.73791e-8  -6.57384e-8  -6.50181e-8  -6.74225e-8  -8.09845e-8  -7.81736e-8  -6.04743e-8  -6.03795e-8  -8.11992e-8  -6.01915e-8  -9.39529e-8  -7.03503e-8  -7.24679e-8  -9.27151e-8  -9.43441e-8  -8.04301e-8  -9.18543e-8  -8.8672e-8  -9.20696e-8  -1.1626e-7  -9.55569e-8  -9.79751e-8  -7.81211e-8  -8.40699e-8  -8.87562e-8  -1.02859e-7  -1.0808e-7  -1.17674e-7  -9.5797e-8  -9.93764e-8  -1.18827e-7  -9.62739e-8  -8.19878e-8  -8.69359e-8  -1.1176e-7  -1.45441e-7  -1.15789e-7  -9.43377e-8  -1.09582e-7  -1.25397e-7  -1.01277e-7  -1.36305e-7  -1.08306e-7  -1.29099e-7  -1.10913e-7  -1.10935e-7  -1.38322e-7  -1.30044e-7  -1.24306e-7  -1.08686e-7  -1.10638e-7  -1.22164e-7  -1.03242e-7  -9.85929e-8  -1.49532e-7  -1.26324e-7  -9.39206e-8  -1.2779e-7  -1.69872e-7  -1.64048e-7  -1.16789e-7  -1.28822e-7  -1.31805e-7  -1.54797e-7  -1.33185e-7  -1.25217e-7  -1.75401e-7  -1.5304e-7  -1.54478e-7  -1.61349e-7  -1.61788e-7  -1.54364e-7  -1.23701e-7  2.84503e-11  -1.79372e-7  -1.29986e-7  -1.71042e-7  -1.09449e-7  -1.47089e-7  -1.3546e-7  3.04204e-11  4.53169e-11  3.27699e-11  -1.60273e-7  -1.56139e-7  -1.44111e-7  -1.37332e-7  -1.90209e-7  2.66291e-11  -1.87271e-7  -1.66965e-7  -1.74131e-7  4.47956e-11  5.26792e-11  -1.72605e-7  -2.0745e-7  -1.81601e-7  -1.81689e-7  -2.00552e-7  -1.78178e-7  -1.4551e-7  -1.971e-7  -1.75348e-7  -2.25614e-7  -2.30566e-7  -1.82153e-7  -1.69629e-7  -2.23556e-7  -2.10793e-7  -1.80022e-7  -1.94688e-7  -1.80178e-7  -2.00697e-7  -2.16687e-7  -2.02389e-7  -1.78544e-7  -2.02227e-7  -2.02081e-7  -1.7412e-7  -1.75698e-7  -2.14192e-7  -2.03524e-7  -1.80218e-7  -1.98118e-7  -2.245e-7  -2.32276e-7  -2.46641e-7  -2.20837e-7  -2.35887e-7  -1.99682e-7  -2.16976e-7  -2.44951e-7  -1.83173e-7  -1.89611e-7  -1.94284e-7  -1.9164e-7  -2.32672e-7  -2.11731e-7  -2.06982e-7  -2.11763e-7  -1.96496e-7  -2.30724e-7  -1.88245e-7  -1.9579e-7  -2.03897e-7  -2.08518e-7  -2.30993e-7  -2.06217e-7  -2.2977e-7  -2.33578e-7  -2.33091e-7  -2.38114e-7  -2.39798e-7  -2.17943e-7  -2.02802e-7  -2.25642e-7  -2.36826e-7  -2.26149e-7  -2.47188e-7  -2.21045e-7  -1.85915e-7  -2.63493e-7  -2.73606e-7  -2.2421e-7  -1.95774e-7  -2.16343e-7  -2.54587e-7  -2.65035e-7  -2.6667e-7  -2.21785e-7  -2.4302e-7  -2.68055e-7  -2.19564e-7  -2.19518e-7  -2.57065e-7  -2.37902e-7  -2.0581e-7  -2.4384e-7  -2.08143e-7  -2.07602e-7  -3.26017e-7  -2.25217e-7  -2.63058e-7  -2.71128e-7  -2.14359e-7  -2.14462e-7  -2.27691e-7  -2.7363e-7  -2.38191e-7  -2.30594e-7  -2.22684e-7  -2.39129e-7  -2.34906e-7  -2.4313e-7  -2.59062e-7  -1.84358e-7  -2.2136e-7  -2.36832e-7  -2.71088e-7  -2.37068e-7  -2.63588e-7  -2.46238e-7  -2.44021e-7  -2.28919e-7  -2.76007e-7  -2.7e-7  -2.23512e-7  -2.63966e-7  -2.2479e-7  -2.47286e-7  -2.76079e-7  -2.85332e-7  -2.92949e-7  -2.27439e-7  -2.37453e-7  -2.36415e-7  -2.77805e-7  -2.32231e-7  -2.20586e-7  -3.0204e-7  -2.52252e-7  -2.23697e-7  -2.41631e-7  -2.67479e-7  -2.34577e-7  -2.28183e-7  -2.46905e-7  -2.61275e-7  -2.68848e-7  -2.16454e-7  -2.53851e-7  -2.22786e-7  -2.56324e-7  -2.36935e-7  -2.5531e-7  -2.44087e-7  -2.21229e-7  -2.29238e-7  -2.61866e-7  -2.48667e-7  -2.52148e-7  -2.78523e-7  -2.2634e-7  -2.4688e-7  -2.48611e-7  -2.34804e-7  -2.64983e-7  -2.35425e-7  -2.73737e-7  -2.50638e-7  -2.50641e-7  -2.40112e-7  -2.5613e-7  -2.27869e-7  -2.48473e-7  -2.86517e-7  -2.60315e-7  -2.74529e-7  -2.28206e-7  -2.16698e-7  -2.41015e-7  -2.35367e-7  -2.31759e-7  -2.74984e-7  -2.57196e-7  -2.45881e-7  -2.12167e-7  -2.5932e-7  -2.59444e-7  -2.33351e-7  -2.5024e-7  -2.36677e-7  -2.41429e-7  -2.48511e-7  -2.47721e-7  -2.67781e-7  -2.42425e-7  -2.27976e-7  -2.30858e-7  -2.48306e-7  -2.30331e-7  -2.48969e-7  -2.27261e-7  -2.50007e-7  -2.50074e-7  -2.22962e-7  -2.38774e-7  -2.14434e-7  -2.43859e-7  -2.5507e-7  -2.50966e-7  -2.82961e-7  -2.39082e-7  -2.17731e-7  -2.31584e-7  -2.24356e-7  -2.46306e-7  -2.5047e-7  -2.37444e-7  -2.30686e-7  -2.41056e-7  -2.45647e-7  -2.21924e-7  -2.38142e-7  -2.24589e-7  -2.45838e-7  -2.21386e-7  -2.21332e-7  -2.33962e-7  -2.44391e-7  -2.30315e-7  -2.23671e-7  -2.20078e-7  -2.64884e-7  -2.51948e-7  -2.73523e-7  -2.31939e-7  -2.49833e-7  -2.24653e-7  -2.41108e-7  -2.35579e-7  -2.33516e-7  -2.14675e-7  -2.28938e-7  -2.17838e-7  -2.21438e-7  -2.16132e-7  -2.4695e-7  -2.21146e-7  -2.4486e-7  -2.40378e-7  -2.27308e-7  -2.26476e-7  -2.4871e-7  -2.26971e-7  -2.29919e-7  -2.21364e-7  -2.45602e-7  -2.06911e-7  -2.40362e-7  -2.12706e-7  -2.37637e-7  -2.14501e-7  -2.73734e-7  -2.58126e-7  -2.33862e-7  -2.42834e-7  -2.34216e-7  -2.14249e-7  -2.58332e-7  -2.07738e-7  -2.29421e-7  -2.37167e-7  -2.50841e-7  -2.27571e-7  -2.44173e-7  -2.17081e-7  -2.16595e-7  -2.2439e-7  -2.43107e-7  -2.21886e-7  -2.21436e-7  -2.41384e-7  -2.15624e-7  -2.18984e-7  -1.9661e-7  -2.26531e-7  -2.21267e-7  -2.2485e-7  -1.96389e-7  -2.39518e-7  -2.39154e-7  -1.94523e-7  -2.3618e-7  -2.05111e-7  -2.0377e-7  -2.11868e-7  -2.28368e-7  -2.10072e-7  -2.54039e-7  -2.46839e-7  -2.14605e-7  -2.40206e-7  -1.98568e-7  -2.1363e-7  -2.32487e-7  -2.21919e-7  -2.34781e-7  -2.35357e-7  -1.90037e-7  -2.09392e-7  -2.38957e-7  -2.20218e-7  -2.31512e-7  -2.39821e-7  -2.26505e-7  -2.22407e-7  -2.33756e-7  -2.33654e-7  -2.31116e-7  -2.21688e-7  -2.31077e-7  -2.36291e-7  -2.43329e-7  -1.91274e-7  -1.97413e-7  -2.22749e-7  -2.28644e-7  -2.23776e-7  -2.35782e-7  -2.1009e-7  -2.47567e-7  -2.36842e-7  -2.46537e-7  -2.34542e-7  -2.23264e-7  -2.09412e-7  -2.27294e-7  -2.46135e-7  -2.22888e-7  -2.23463e-7  -2.23562e-7  -2.15385e-7  -2.25868e-7  -2.36564e-7  -2.39793e-7  -2.28581e-7  -2.61371e-7  -2.44256e-7  -2.08634e-7  -2.62541e-7  -2.26912e-7  -2.06961e-7  -2.14168e-7  -2.44897e-7  -2.12301e-7  -2.27589e-7  -2.18609e-7  -2.21382e-7  -2.3063e-7  -2.16141e-7  -2.26815e-7  -1.983e-7  -2.27365e-7  -2.238e-7  -2.24813e-7  -2.05927e-7  -2.18417e-7  -2.16354e-7  -2.24273e-7  -2.22384e-7  -2.10476e-7  -1.92968e-7  -2.24959e-7  -2.23996e-7  -2.08124e-7  -2.17566e-7  -2.12309e-7  -1.98186e-7  -2.38301e-7  -2.32612e-7  -2.03106e-7  -2.24825e-7  -2.36185e-7  -2.29693e-7  -2.43855e-7  -2.06482e-7  -2.39725e-7  -1.99295e-7  -2.17779e-7  -2.12336e-7  -2.25913e-7  -2.06684e-7  -2.4434e-7  -2.03755e-7  -2.17751e-7  -2.19198e-7  -2.20096e-7  -2.35169e-7  -2.14913e-7  -2.20969e-7  -2.24384e-7  -2.34323e-7  -2.30382e-7  -2.17537e-7  -2.28254e-7  -2.1964e-7  -2.18367e-7  -2.46332e-7  -2.23485e-7  -2.17014e-7  -2.50618e-7  -2.14939e-7  -2.46925e-7  -1.26099e-5  -2.09389e-7  -1.25853e-5  -1.28043e-5  -2.08212e-7  -2.28519e-7  -1.32527e-5  -2.16578e-7  -1.39299e-5  -1.25488e-5  -1.41555e-5  -1.37076e-5  -2.21594e-7  -2.42858e-7  -1.42416e-6  -1.14925e-5  -2.23589e-7  -2.11054e-7  -1.23831e-5  -1.34228e-5  -2.38639e-7  -1.33952e-5  -1.54979e-7  -6.60391e-6  -5.82834e-6  -2.70789e-7  -2.29742e-7  -2.3566e-7  -1.23013e-5  -1.3622e-5  -2.10933e-7  -1.13923e-5  -3.35879e-6  -1.43411e-5  -1.33459e-5  -1.30572e-5  -1.3278e-5  -1.36092e-5  -2.19814e-7  -1.4004e-5  -1.41591e-5  -1.34325e-5  -1.36649e-5  -1.31071e-5  -1.38265e-5  -1.37705e-5  -1.39872e-5  -1.38425e-5  -1.32737e-5  -1.28905e-5  -1.35191e-5  -1.31772e-5  -1.37296e-5  -1.44153e-5  -1.2999e-5  -1.28776e-5  -1.33877e-5  -1.40197e-5  -1.37099e-5  -1.37127e-5  -1.41084e-5  -1.33911e-5  -1.32941e-5  -1.43693e-5  -1.32706e-5  -1.29757e-5  -1.32037e-5  -1.41751e-5  -1.42099e-5  -1.31581e-5  -1.32269e-5  -1.35982e-5  -1.27881e-5  -1.41329e-5  -1.44737e-5  -1.47676e-5  -1.35477e-5  -1.41721e-5  -1.28913e-5  -1.47573e-5  -1.32355e-5  -1.42446e-5  -1.32654e-5  -1.32618e-5  -1.42673e-5  -1.49601e-5  -1.36157e-5  -1.3649e-5  -1.27887e-5  -1.44276e-5  -1.369e-5  -1.38841e-5  -1.39846e-5  -1.35185e-5  -1.27981e-5  -1.24219e-5  -1.2663e-5  -1.26525e-5  -1.30981e-5  -1.31109e-5  -1.32222e-5  -1.2864e-5  -1.30217e-5  -1.32387e-5  -1.42158e-5  -1.31967e-5  -1.353e-5  -1.25502e-5  -1.41095e-5  -1.42348e-5  -1.39908e-5  -1.36528e-5  -1.37661e-5  -1.32609e-5  -1.24979e-5  -1.30216e-5  -1.38767e-5  -1.30153e-5  -1.33987e-5  -1.32932e-5  -1.42309e-5  -1.28956e-5  -1.34764e-5  -1.37184e-5  -1.25152e-5  -1.23931e-5  -1.33981e-5  -1.50607e-5  -1.22053e-5  -1.38126e-5  -1.30499e-5  -1.19759e-5  -1.18364e-5  -1.25464e-5  -1.46878e-5  -1.3046e-5  -1.24005e-5  -1.28997e-5  -1.38287e-5  -1.29096e-5  -1.30619e-5  -1.3116e-5  -1.24967e-5  -1.27639e-5  -1.28077e-5  -1.36061e-5  -1.31213e-5  -1.25393e-5  -1.3531e-5  -1.34391e-5  -1.32388e-5  -1.3215e-5  -1.30499e-5  -1.34192e-5  -1.28006e-5  -1.26712e-5  -1.25652e-5  -1.25379e-5  -1.17377e-5  -1.24276e-5  -1.26231e-5  -1.28637e-5  -1.20362e-5  -1.36514e-5  -1.25455e-5  -1.27853e-5  -1.28815e-5  -1.28009e-5  -1.33619e-5  -1.23307e-5  -1.32056e-5  -1.29856e-5  -1.21959e-5  -1.22048e-5  -1.21549e-5  -1.34001e-5  -1.22996e-5  -1.29379e-5  -1.22905e-5  -1.27071e-5  -1.21443e-5  -1.233e-5  -1.31114e-5  -1.19872e-5  -1.35935e-5  -1.31139e-5  -1.1424e-5  -1.21166e-5  -1.1938e-5  -1.33983e-5  -1.3385e-5  -1.26264e-5  -1.26297e-5  -1.30146e-5  -1.21685e-5  -1.23125e-5  -1.2673e-5  -1.24086e-5  -1.14958e-5  -1.25174e-5  -1.15081e-5  -1.18623e-5  -1.22601e-5  -1.24956e-5  -1.21494e-5  -1.18678e-5  -1.18056e-5  -1.20277e-5  -1.20185e-5  -1.27936e-5  -1.1947e-5  -4.2629e-6  -4.2854e-5  -5.29155e-5  -5.20372e-5  -1.26277e-5  -5.35912e-7  -5.06981e-5  -4.82527e-5  -5.10275e-5  -4.91059e-5  -4.97364e-5  -5.13737e-5  -4.08679e-5  -2.27988e-5  -3.43714e-5  -4.78122e-5  -5.15545e-5  -4.79892e-5  -4.93124e-5  -4.62456e-5  -4.90598e-5  -4.84427e-5  -5.0137e-5  -4.76548e-5  -4.99253e-5  -4.75372e-5  -4.84699e-5  -4.84101e-5  -4.84704e-5  -5.02486e-5  -4.48458e-5  -4.48136e-5  -4.62935e-5  -4.88388e-5  -4.80198e-5  -4.62277e-5  -4.73703e-5  -4.57017e-5  -4.58908e-5  -4.76352e-5  -5.00013e-5  -4.77284e-5  -4.67209e-5  -4.81911e-5  -4.67844e-5  -4.7138e-5  -4.40266e-5  -4.75611e-5  -4.77163e-5  -4.79807e-5  -4.74527e-5  -4.51316e-5  -4.79397e-5  -4.64106e-5  -4.90822e-5  -4.73455e-5  -4.41144e-5  -4.91247e-5  -4.574e-5  -4.6112e-5  -4.92709e-5  -4.66235e-5  -4.54602e-5  -4.33051e-5  -4.59289e-5  -4.64369e-5  -4.29682e-5  -4.62298e-5
1200 Eigenvalues converges, out of 1200 requested.
Finished processing molecule: formaldehyde
