Processing molecule: formaldehyde
Running with beta = 32
Running with l = 300
Starting Davidson with n_aux = 960, l_buffer = 330, lc = 301, thresh = 0.0015, max_iter = 100
Iter 1: V_size = 60, Converged = 0, ‖r‖ (largest λ) = 0.26486861963827185
Iter 2: V_size = 120, Converged = 0, ‖r‖ (largest λ) = 0.06605965136343936
Iter 3: V_size = 240, Converged = 0, ‖r‖ (largest λ) = 0.024614027791462368
Iter 4: V_size = 480, Converged = 0, ‖r‖ (largest λ) = 0.005532686722171159
Iter 5: V_size = 809, Converged = 1, ‖r‖ (largest λ) = 0.0048120088946268505
Iter 6: V_size = 642, Converged = 9, ‖r‖ (largest λ) = 0.02726770288181343
Iter 7: V_size = 642, Converged = 9, ‖r‖ (largest λ) = 0.024003477554741755
Iter 8: V_size = 638, Converged = 11, ‖r‖ (largest λ) = 0.00892799345249132
Iter 9: V_size = 957, Converged = 11, ‖r‖ (largest λ) = 0.006718476178602988
Hybrid Davidson-JD corrections at iteration 10
Total MINRES iterations: 41
Iter 10: V_size = 633, Converged = 11, ‖r‖ (largest λ) = 0.003978599329701285
Hybrid Davidson-JD corrections at iteration 11
Total MINRES iterations: 0
Iter 11: V_size = 747, Converged = 216, ‖r‖ (largest λ) = 0.0028607589339541026
Hybrid Davidson-JD corrections at iteration 12
Total MINRES iterations: 1796
Iter 12: V_size = 861, Converged = 216, ‖r‖ (largest λ) = 0.6226380068319928
Hybrid Davidson-JD corrections at iteration 13
Total MINRES iterations: 0
Iter 13: V_size = 228, Converged = 216, ‖r‖ (largest λ) = 0.002595863999821471
Hybrid Davidson-JD corrections at iteration 14
Total MINRES iterations: 81
Iter 14: V_size = 342, Converged = 216, ‖r‖ (largest λ) = 0.0024957937626645704
Hybrid Davidson-JD corrections at iteration 15
Total MINRES iterations: 0
Iter 15: V_size = 425, Converged = 247, ‖r‖ (largest λ) = 0.0018189129905399467
Hybrid Davidson-JD corrections at iteration 16
Total MINRES iterations: 167
Iter 16: V_size = 508, Converged = 247, ‖r‖ (largest λ) = 0.002542890779823692
Hybrid Davidson-JD corrections at iteration 17
Total MINRES iterations: 50
Iter 17: V_size = 591, Converged = 247, ‖r‖ (largest λ) = 0.0017953450890655237
Hybrid Davidson-JD corrections at iteration 18
Total MINRES iterations: 1204
Iter 18: V_size = 674, Converged = 247, ‖r‖ (largest λ) = 0.001769958897869201
Converged all required eigenvalues.
884.956576 seconds (35.39 M allocations: 2.376 TiB, 0.79% gc time, 0.03% compilation time)
Number of FLOPs: 31470835556851

Reading exact Eigenvalues...
Reading eigenvalues from ../../Eigenvalues_folder/eigenres_formaldehyde_RNDbasis1.jld2

Compute the difference between computed and exact eigenvalues:
1×300 adjoint(::Vector{Float64}) with eltype Float64:
 7.10543e-15  7.10543e-15  1.06581e-14  8.88178e-15  0.0  -3.55271e-15  7.10543e-15  -1.59872e-14  -1.77636e-15  3.55271e-15  -4.44089e-15  -2.66454e-15  8.88178e-16  0.0  -1.77636e-15  8.88178e-16  2.66454e-15  1.77636e-15  8.88178e-16  -8.88178e-16  0.0  -8.88178e-16  0.0  -2.66454e-15  -8.88178e-16  -3.55271e-15  2.66454e-15  0.0  0.0  4.44089e-16  -8.88178e-16  -1.33227e-15  2.22045e-15  -3.10862e-15  8.88178e-16  2.66454e-15  -8.88178e-16  -8.88178e-16  1.33227e-15  1.77636e-15  8.88178e-16  -1.33227e-15  -1.77636e-15  -1.77636e-15  1.33227e-15  -4.44089e-16  0.0  -8.88178e-16  -1.33227e-15  -8.88178e-16  4.44089e-16  4.44089e-16  1.33227e-15  4.44089e-16  -8.88178e-16  1.33227e-15  -8.88178e-16  -1.33227e-15  1.77636e-15  1.33227e-15  1.77636e-15  -8.88178e-16  8.88178e-16  2.22045e-16  -1.33227e-15  0.0  4.44089e-16  4.44089e-16  1.11022e-15  6.66134e-16  -1.11022e-15  -6.66134e-16  -2.22045e-16  -2.88658e-15  -2.44249e-15  -1.55431e-15  1.33227e-15  -4.44089e-16  1.11022e-15  4.44089e-16  6.66134e-16  2.22045e-15  2.22045e-16  0.0  2.88658e-15  -4.44089e-16  0.0  -1.11022e-15  -8.88178e-16  -1.11022e-15  -2.22045e-15  -1.55431e-15  -1.77636e-15  0.0  6.66134e-16  -8.88178e-16  -3.10862e-15  -1.77636e-15  6.66134e-16  1.9984e-15  1.77636e-15  6.66134e-16  -1.11022e-15  -1.9984e-15  1.55431e-15  -2.22045e-15  1.11022e-15  -2.22045e-16  1.33227e-15  -2.22045e-16  -8.92619e-14  -6.23945e-14  -1.38556e-13  -1.07003e-12  -5.30909e-13  -4.7482e-12  -1.15579e-11  -2.95097e-13  -2.55005e-11  -6.00862e-11  -5.18323e-11  -1.52177e-10  -1.3592e-10  -1.18704e-10  -5.43247e-11  -9.53547e-11  -2.0504e-10  -3.46982e-10  -6.19752e-10  -6.34575e-10  -6.4362e-10  -9.90209e-10  -2.06949e-9  -2.85812e-9  -2.24002e-9  -1.87068e-9  -2.25223e-9  -4.10229e-9  -2.75912e-9  -3.14132e-9  -2.98682e-9  -4.18418e-9  -6.22643e-9  -4.48724e-9  -5.24481e-9  -9.30643e-9  -8.20615e-9  -1.97646e-8  -5.92168e-9  -1.76824e-8  -1.49723e-8  -6.78963e-9  -1.08015e-8  -2.15699e-8  -1.34912e-8  -3.24495e-8  -3.84263e-8  -3.78561e-8  -5.3361e-8  -2.87514e-8  -9.776e-8  -1.17277e-7  -1.02979e-7  -7.12056e-8  -1.06463e-7  -1.03009e-7  -7.75944e-8  -8.75993e-8  -2.68849e-7  -1.62088e-7  -1.68221e-7  -1.40967e-7  -1.22233e-7  -2.71118e-7  -2.66738e-7  -2.78841e-7  -3.25355e-7  -3.51083e-7  -2.1048e-7  -2.46276e-7  -2.81353e-7  -3.90874e-7  -8.07143e-7  -6.80695e-7  -6.90098e-7  -5.47222e-7  -5.25131e-7  -8.43678e-7  -9.05735e-7  -7.13377e-7  -8.06042e-7  -5.80932e-7  -7.93511e-7  -6.81911e-7  -1.14667e-6  -1.28544e-6  -8.76652e-7  -1.56592e-6  -9.40051e-7  -2.12237e-6  -7.75163e-7  -1.32522e-6  -1.29037e-6  -1.09405e-6  -8.26838e-7  -1.85146e-6  -1.82149e-6  -2.57328e-6  -1.73378e-6  -2.65108e-6  -3.30312e-7  -2.37832e-6  -2.12859e-6  -2.90583e-6  -2.56358e-10  -2.27963e-6  -2.198e-10  -5.69431e-7  -3.25285e-10  -2.60043e-6  -3.50395e-10  -5.6425e-7  -6.46555e-10  -5.69633e-10  -2.70224e-6  -6.66184e-10  -1.19305e-9  -7.471e-7  -1.2676e-9  -1.43429e-9  -1.87815e-9  -2.39308e-9  -1.3531e-9  -2.33799e-9  -2.95831e-9  -1.58597e-9  -3.18672e-9  -3.22412e-9  -3.61393e-9  -4.04492e-9  -4.47166e-9  -3.93082e-9  -5.97041e-9  -5.88228e-9  -5.06288e-9  -9.72843e-9  2.97911e-10  4.44977e-10  4.15137e-10  2.04491e-10  2.00886e-10  -1.12549e-8  3.65854e-10  1.50706e-10  1.18409e-10  2.09283e-10  2.81372e-10  3.01699e-10  2.00201e-10  2.25611e-10  1.65709e-10  3.37819e-10  3.41629e-10  1.58904e-10  3.03317e-10  -5.31112e-9  3.6509e-10  7.16556e-10  6.26978e-10  1.07232e-10  1.61267e-10  6.57303e-10  5.07425e-10  4.47083e-10  3.69791e-10  2.28773e-10  3.21331e-10  2.58181e-10  5.33631e-10  7.32866e-10  5.79564e-10  4.98611e-10  3.02766e-10  2.81598e-10  1.20839e-10  -1.81369e-10  4.94046e-10  3.55792e-10  2.34529e-10  2.58493e-10  2.01599e-10  -7.23222e-10  -2.55343e-10  -1.93953e-10  -1.67192e-9  -6.86084e-10  -1.23228e-9  -8.61948e-10  -6.40938e-10  -2.95449e-9
300 Eigenvalues converges, out of 300 requested.
Running with l = 600
Starting Davidson with n_aux = 1920, l_buffer = 660, lc = 603, thresh = 0.002, max_iter = 100
Iter 1: V_size = 120, Converged = 0, ‖r‖ (largest λ) = 0.10358086508213564
Iter 2: V_size = 240, Converged = 0, ‖r‖ (largest λ) = 0.025588054618247306
Iter 3: V_size = 480, Converged = 0, ‖r‖ (largest λ) = 0.005422886881735896
Iter 4: V_size = 960, Converged = 0, ‖r‖ (largest λ) = 0.0006278081963591829
Iter 5: V_size = 1617, Converged = 3, ‖r‖ (largest λ) = 0.0004346882074051768
Iter 6: V_size = 1314, Converged = 3, ‖r‖ (largest λ) = 0.001439165231519299
Iter 7: V_size = 1314, Converged = 3, ‖r‖ (largest λ) = 0.0018343987750546631
Iter 8: V_size = 1310, Converged = 5, ‖r‖ (largest λ) = 0.0007429922262063008
Iter 9: V_size = 1310, Converged = 5, ‖r‖ (largest λ) = 0.0005355847402742873
Hybrid Davidson-JD corrections at iteration 10
Total MINRES iterations: 386
Iter 10: V_size = 1278, Converged = 5, ‖r‖ (largest λ) = 0.0004140208390367304
Hybrid Davidson-JD corrections at iteration 11
Total MINRES iterations: 0
Iter 11: V_size = 1569, Converged = 369, ‖r‖ (largest λ) = 0.0003138883568558614
Hybrid Davidson-JD corrections at iteration 12
Total MINRES iterations: 5328
Iter 12: V_size = 1860, Converged = 369, ‖r‖ (largest λ) = 0.0006419234277286158
Hybrid Davidson-JD corrections at iteration 13
Total MINRES iterations: 0
Iter 13: V_size = 582, Converged = 369, ‖r‖ (largest λ) = 0.00047470069111298015
Hybrid Davidson-JD corrections at iteration 14
Total MINRES iterations: 5
Iter 14: V_size = 873, Converged = 369, ‖r‖ (largest λ) = 0.00019457334072670702
Converged all required eigenvalues.
1809.671616 seconds (107.16 M allocations: 7.267 TiB, 1.14% gc time)
Number of FLOPs: 54686075310651

Reading exact Eigenvalues...
Reading eigenvalues from ../../Eigenvalues_folder/eigenres_formaldehyde_RNDbasis1.jld2

Compute the difference between computed and exact eigenvalues:
1×600 adjoint(::Vector{Float64}) with eltype Float64:
 -1.06581e-14  0.0  2.84217e-14  8.88178e-15  1.77636e-15  -3.55271e-15  5.32907e-15  -1.24345e-14  -1.77636e-15  1.77636e-15  -2.66454e-15  -8.88178e-16  8.88178e-16  1.77636e-15  -8.88178e-16  8.88178e-16  1.77636e-15  3.55271e-15  -8.88178e-16  0.0  1.77636e-15  0.0  1.77636e-15  -5.32907e-15  8.88178e-16  0.0  8.88178e-16  -8.88178e-16  -3.10862e-15  -8.88178e-16  0.0  4.44089e-15  2.22045e-15  4.44089e-16  2.22045e-15  1.33227e-15  1.77636e-15  0.0  -4.44089e-16  8.88178e-16  -8.88178e-16  -4.44089e-16  -8.88178e-16  -4.44089e-16  -4.44089e-16  8.88178e-16  4.44089e-16  -2.22045e-15  8.88178e-16  -4.44089e-16  -2.22045e-15  0.0  -1.33227e-15  3.10862e-15  1.77636e-15  -3.55271e-15  8.88178e-16  -1.77636e-15  -3.9968e-15  -1.55431e-15  8.88178e-16  -1.11022e-15  2.22045e-15  1.11022e-15  1.77636e-15  0.0  1.11022e-15  -6.66134e-16  1.11022e-15  1.33227e-15  -1.77636e-15  8.88178e-16  -1.9984e-15  8.88178e-16  -3.9968e-15  6.66134e-16  -6.66134e-16  4.44089e-16  -2.44249e-15  -1.11022e-15  3.33067e-15  -1.9984e-15  -1.9984e-15  -1.55431e-15  1.9984e-15  -4.44089e-16  -4.44089e-16  -8.88178e-16  -2.88658e-15  1.55431e-15  -3.33067e-15  -1.33227e-15  1.77636e-15  -6.66134e-16  3.77476e-15  -1.11022e-15  -1.77636e-15  2.22045e-15  -4.44089e-16  1.55431e-15  2.88658e-15  -4.44089e-15  -8.88178e-16  2.44249e-15  2.22045e-15  -2.44249e-15  1.77636e-15  2.22045e-16  -3.77476e-15  3.77476e-15  -2.44249e-15  1.9984e-15  -2.44249e-15  1.9984e-15  -1.33227e-15  0.0  -3.33067e-15  8.88178e-16  2.44249e-15  -3.77476e-15  -3.21965e-14  -2.12053e-14  -8.73746e-14  -1.29896e-13  -3.6271e-13  -5.16698e-13  -4.06937e-11  -9.01059e-11  -1.29379e-10  -1.08334e-10  -9.76372e-11  -1.4121e-10  -1.57569e-10  -3.85732e-10  -1.91508e-10  -3.01893e-10  -3.94436e-10  -8.1933e-10  -5.34513e-10  -4.43751e-10  -4.64805e-10  -5.47937e-10  -5.40995e-10  -1.21357e-9  -4.24538e-10  -6.48682e-10  -1.09833e-9  -1.71552e-9  -1.15236e-9  -8.44412e-10  -1.8592e-9  -1.65144e-9  -9.00888e-10  -1.67595e-9  -1.69193e-9  -2.29937e-9  -4.02427e-9  -2.92659e-9  -3.85062e-9  -4.85872e-9  -4.85696e-9  -4.87073e-9  -7.16622e-9  -6.30311e-9  -6.77735e-9  -6.09879e-9  -7.67525e-9  -1.04713e-8  -1.01864e-8  -7.6933e-9  -1.00226e-8  -4.58933e-9  -1.3337e-8  -1.45013e-8  -1.1328e-8  -1.99217e-8  -2.37401e-8  -1.89766e-8  -1.53779e-8  -1.59432e-8  -1.88988e-8  -2.64856e-8  -2.57298e-8  -1.98967e-8  -2.79286e-8  -2.74632e-8  -2.37132e-8  -2.83759e-8  -1.88283e-8  -2.29915e-8  -3.46976e-8  -2.73567e-8  -3.4964e-8  -2.256e-8  -4.69655e-8  -3.45997e-8  -3.797e-8  -3.53758e-8  -4.08705e-8  -5.61747e-8  -3.50646e-8  -3.91509e-8  -4.12235e-8  -4.73197e-8  -3.88887e-8  -4.74291e-8  -7.2886e-8  -6.13049e-8  -5.97666e-8  -6.33178e-8  -1.01017e-7  -7.09111e-8  -8.67365e-8  -7.56544e-8  -7.4985e-8  -6.92876e-8  -5.50411e-8  -7.01196e-8  -8.07523e-8  -9.44115e-8  -1.06676e-7  -1.09411e-7  -8.98894e-8  -6.60382e-8  -1.09782e-7  -9.46101e-8  -1.42142e-7  -1.34724e-7  -1.58503e-7  -8.45049e-8  -1.3098e-7  -1.71078e-7  -1.47748e-7  -1.31498e-7  -1.70197e-7  -2.00793e-7  -2.67872e-7  -2.01784e-7  -2.38473e-7  -2.16823e-7  -2.57038e-7  -2.38089e-7  -2.24256e-7  -2.07654e-7  -2.77914e-7  -2.88311e-7  -2.80143e-7  -3.0133e-7  -2.52472e-7  -3.71403e-7  -2.3208e-7  -1.84834e-7  -2.6922e-7  -2.66995e-7  -3.43712e-7  -4.27286e-7  -4.23615e-7  -5.21693e-7  -3.9509e-7  -3.38586e-7  -3.90347e-7  -4.15965e-7  -4.46843e-7  -4.13761e-7  -5.40931e-7  -6.52305e-7  -6.87655e-7  -6.6237e-7  -4.99689e-7  -4.10344e-7  -4.81051e-7  -7.11644e-7  -9.44055e-7  -6.91488e-7  -7.4702e-7  -8.31938e-7  -7.98547e-7  -6.79141e-7  -6.61902e-7  -1.13435e-6  -8.59456e-7  -8.41618e-7  -1.11691e-6  -1.15566e-6  -7.87448e-7  -1.02019e-6  -1.22534e-6  -1.22376e-6  -1.18997e-6  -1.2331e-6  -1.62821e-6  -1.3947e-6  -9.1055e-7  -1.22098e-6  -1.33456e-6  -1.52832e-6  -1.34787e-6  -1.3695e-6  -1.50774e-6  -1.54806e-6  -1.55874e-6  -1.50922e-6  -2.32796e-6  -2.09062e-6  -1.57121e-6  -2.44142e-6  -1.7083e-6  -1.63198e-6  -2.19648e-6  -1.79199e-6  -2.35405e-6  -2.93162e-6  -2.52528e-6  -2.04086e-6  -2.81243e-6  -2.28787e-6  -2.78228e-6  -3.0527e-6  -3.54484e-6  -2.60692e-6  -3.73953e-6  -3.12902e-6  -3.77549e-6  -3.82471e-6  -3.04905e-6  -4.26388e-6  -2.44519e-6  -5.07533e-6  -4.26976e-6  -3.67825e-6  -4.11066e-6  -3.61112e-6  -4.47032e-6  -4.37396e-6  -4.05433e-6  -5.25998e-6  -4.638e-6  -5.00618e-6  -5.16854e-6  -5.74744e-6  -4.70766e-6  -5.87832e-6  -5.19388e-6  -6.64421e-6  -5.64998e-6  -7.23265e-6  -7.10176e-6  -8.42092e-6  -7.30747e-6  -7.32008e-6  -7.06098e-6  -9.71635e-6  -7.66485e-6  -8.68195e-6  -7.81435e-6  -9.71724e-6  -9.19487e-6  -8.20906e-6  -9.27272e-6  -7.97428e-6  -1.15163e-5  -1.06447e-5  -4.29678e-6  -1.25666e-5  -4.51392e-6  1.62736e-9  -4.37671e-6  -1.27123e-5  -1.11895e-5  -3.87852e-6  -1.13611e-5  -1.15428e-5  -1.17678e-5  4.99571e-9  -5.56788e-6  -5.25189e-6  -1.15878e-5  -5.62144e-6  -3.92503e-6  -4.51027e-6  -5.57683e-6  -5.26634e-6  3.68888e-9  -5.87069e-6  -7.34113e-6  3.00085e-9  2.9817e-9  -6.50831e-6  -4.8712e-6  -5.81081e-6  -6.38124e-6  -6.19501e-6  -4.01128e-6  -4.5803e-6  -5.00137e-6  -4.52523e-6  -6.22878e-6  -8.81615e-6  -4.51454e-6  -5.1292e-6  -3.97164e-6  -3.19096e-6  -2.84559e-6  -3.96339e-6  -3.53038e-6  -4.04025e-6  -1.88662e-6  -1.94131e-6  -2.5201e-6  -1.38055e-6  -1.73594e-6  -1.78343e-6  -2.2048e-6  -2.07605e-6  -1.97339e-6  -2.00023e-6  -2.19554e-6  -1.95333e-6  -1.83119e-6  -2.0448e-6  -1.72723e-6  -1.98898e-6  -1.65669e-6  -1.88575e-6  -2.38599e-6  -2.06329e-6  -1.92989e-6  -2.12849e-6  -2.19195e-6  -1.98068e-6  -1.74313e-6  -1.87761e-6  -2.16024e-6  -1.66295e-6  -2.03898e-6  -1.76671e-6  -1.57893e-6  -1.7444e-6  -1.89653e-6  -1.71035e-6  -1.77592e-6  -1.48613e-6  -1.73549e-6  -1.69642e-6  -1.51743e-6  -1.64581e-6  -1.73952e-6  -1.69138e-6  -1.53391e-6  -1.51998e-6  -1.26849e-6  -1.17763e-6  -1.55856e-6  -1.78112e-6  -1.71861e-6  -1.2793e-6  -1.87886e-6  -1.73348e-6  -1.41801e-6  -1.49653e-6  -1.67607e-6  -1.53319e-6  -1.59604e-6  -1.36894e-6  -1.5889e-6  -1.32073e-6  -1.3256e-6  -1.47499e-6  -1.38755e-6  -1.44964e-6  -1.56456e-6  -1.3778e-6  -1.22065e-6  -1.48659e-6  -1.45813e-6  -1.2125e-6  -1.22726e-6  -1.32438e-6  -1.66076e-6  -1.21636e-6  -1.49604e-6  -1.34194e-6  -1.51468e-6  -1.09763e-6  -1.25488e-6  -1.27676e-6  -1.21646e-6  -1.35106e-6  -1.49133e-6  -1.24108e-6  -1.3099e-6  -1.31257e-6  -1.17964e-6  -1.18678e-6  -1.50037e-6  -1.32481e-6  -1.21107e-6  -1.17691e-6  -1.43485e-6  -1.14255e-6  -1.09275e-6  -1.44368e-6  -1.39949e-6  -1.33184e-6  -1.33875e-6  -1.08291e-6  -1.29022e-6  -1.30626e-6  -1.39813e-6  -1.35595e-6  -1.39714e-6  -1.19887e-6  -1.06775e-6  -1.22146e-6  -1.2631e-6  -1.24631e-6  -1.16517e-6  -1.22124e-6  -1.57751e-6  -1.26697e-6  -1.28574e-6  -1.10383e-6  -1.43468e-6  -1.24523e-6  -1.2049e-6  -1.18785e-6  -1.30461e-6  -1.13519e-6  -1.3689e-6  -1.34461e-6  -1.29913e-6  -1.24663e-6  -1.25851e-6  -1.30026e-6  -1.35066e-6  -1.24983e-6  -1.15497e-6  -1.1578e-6  -1.24095e-6  -1.21864e-6  -1.19004e-6  -1.23024e-6  -1.31217e-6  -1.20781e-6  -1.12246e-6  -1.19397e-6  -1.21346e-6  -1.28371e-6  -1.18772e-6  -1.18591e-6  -1.27415e-6  -1.28104e-6  -1.1563e-6  -1.21152e-6  -9.91827e-7  -1.28468e-6  -1.33259e-6  -1.27569e-6  -1.45758e-6  -1.16153e-6  -1.29154e-6  -1.34104e-6  -1.10069e-6  -1.19477e-6  -1.20776e-6  -1.26761e-6  -1.38721e-6  -1.30875e-6  -1.13326e-6  -1.33791e-6  -1.20172e-6  -1.24715e-6  -1.39347e-6  -1.51599e-6  -1.61633e-6  -1.18155e-6  -1.22123e-6  -1.21351e-6  -1.39565e-6  -1.46599e-6  -1.36002e-6  -1.34641e-6  -1.61015e-6  -1.73655e-6  -1.58771e-6  -1.42885e-6  -1.33533e-6  -1.54374e-6  -1.49092e-6  -1.60938e-6  -1.68263e-6  -1.42705e-6  -1.53239e-6  -1.69928e-6  -1.71018e-6  -1.55807e-6  -1.44471e-6  -2.01111e-6  -1.99586e-6  -1.53831e-6
600 Eigenvalues converges, out of 600 requested.
Running with beta = 36
Running with l = 300
Starting Davidson with n_aux = 1080, l_buffer = 330, lc = 301, thresh = 0.0015, max_iter = 100
Iter 1: V_size = 60, Converged = 0, ‖r‖ (largest λ) = 0.26486861963827185
Iter 2: V_size = 120, Converged = 0, ‖r‖ (largest λ) = 0.06605965136343936
Iter 3: V_size = 240, Converged = 0, ‖r‖ (largest λ) = 0.024614027791462368
Iter 4: V_size = 480, Converged = 0, ‖r‖ (largest λ) = 0.005532686722171159
Iter 5: V_size = 809, Converged = 1, ‖r‖ (largest λ) = 0.0048120088946268505
Iter 6: V_size = 642, Converged = 9, ‖r‖ (largest λ) = 0.02726770288181343
Iter 7: V_size = 963, Converged = 9, ‖r‖ (largest λ) = 0.024003477554741755
Iter 8: V_size = 638, Converged = 11, ‖r‖ (largest λ) = 0.007624165609926304
Iter 9: V_size = 957, Converged = 11, ‖r‖ (largest λ) = 0.0031408903963997033
Hybrid Davidson-JD corrections at iteration 10
Total MINRES iterations: 108
Iter 10: V_size = 600, Converged = 11, ‖r‖ (largest λ) = 0.0021778900476317102
Hybrid Davidson-JD corrections at iteration 11
Total MINRES iterations: 0
Iter 11: V_size = 704, Converged = 226, ‖r‖ (largest λ) = 0.0016846879953445121
Hybrid Davidson-JD corrections at iteration 12
Total MINRES iterations: 1580
Iter 12: V_size = 808, Converged = 226, ‖r‖ (largest λ) = 1.6891365779278804
Hybrid Davidson-JD corrections at iteration 13
Total MINRES iterations: 0
Iter 13: V_size = 912, Converged = 226, ‖r‖ (largest λ) = 0.0015933130052415993
Hybrid Davidson-JD corrections at iteration 14
Total MINRES iterations: 75
Iter 14: V_size = 1016, Converged = 226, ‖r‖ (largest λ) = 0.0015552705785325954
Hybrid Davidson-JD corrections at iteration 15
Total MINRES iterations: 0
Iter 15: V_size = 1078, Converged = 268, ‖r‖ (largest λ) = 0.0011704069565518613
Hybrid Davidson-JD corrections at iteration 16
Total MINRES iterations: 180
Iter 16: V_size = 124, Converged = 268, ‖r‖ (largest λ) = 0.0001502394900275341
Hybrid Davidson-JD corrections at iteration 17
Total MINRES iterations: 125
Iter 17: V_size = 186, Converged = 268, ‖r‖ (largest λ) = 0.0025834773314696888
Hybrid Davidson-JD corrections at iteration 18
Total MINRES iterations: 721
Iter 18: V_size = 248, Converged = 268, ‖r‖ (largest λ) = 0.014677168412991838
Hybrid Davidson-JD corrections at iteration 19
Total MINRES iterations: 75
Iter 19: V_size = 282, Converged = 296, ‖r‖ (largest λ) = 0.014651631831409426
Hybrid Davidson-JD corrections at iteration 20
Total MINRES iterations: 14
Iter 20: V_size = 316, Converged = 296, ‖r‖ (largest λ) = 0.07479132327629025
Hybrid Davidson-JD corrections at iteration 21
Total MINRES iterations: 125
Iter 21: V_size = 350, Converged = 296, ‖r‖ (largest λ) = 0.01432357741799718
Hybrid Davidson-JD corrections at iteration 22
Total MINRES iterations: 125
Iter 22: V_size = 384, Converged = 296, ‖r‖ (largest λ) = 0.015253837072173999
Hybrid Davidson-JD corrections at iteration 23
Total MINRES iterations: 75
Iter 23: V_size = 418, Converged = 296, ‖r‖ (largest λ) = 0.017449335356110325
Hybrid Davidson-JD corrections at iteration 24
Total MINRES iterations: 50
Iter 24: V_size = 452, Converged = 296, ‖r‖ (largest λ) = 0.014259635466847663
Hybrid Davidson-JD corrections at iteration 25
Total MINRES iterations: 50
Iter 25: V_size = 486, Converged = 296, ‖r‖ (largest λ) = 0.016461585521311075
Hybrid Davidson-JD corrections at iteration 26
Total MINRES iterations: 25
Iter 26: V_size = 520, Converged = 296, ‖r‖ (largest λ) = 0.015046145957950329
Hybrid Davidson-JD corrections at iteration 27
Total MINRES iterations: 75
Iter 27: V_size = 554, Converged = 296, ‖r‖ (largest λ) = 0.016598696721734894
Hybrid Davidson-JD corrections at iteration 28
Total MINRES iterations: 25
Iter 28: V_size = 588, Converged = 296, ‖r‖ (largest λ) = 0.014181003096280844
Hybrid Davidson-JD corrections at iteration 29
Total MINRES iterations: 100
Iter 29: V_size = 622, Converged = 296, ‖r‖ (largest λ) = 0.01759650493648122
Hybrid Davidson-JD corrections at iteration 30
Total MINRES iterations: 0
Iter 30: V_size = 656, Converged = 296, ‖r‖ (largest λ) = 0.013681472169405594
Hybrid Davidson-JD corrections at iteration 31
Total MINRES iterations: 75
Iter 31: V_size = 690, Converged = 296, ‖r‖ (largest λ) = 0.01377012576406234
Hybrid Davidson-JD corrections at iteration 32
Total MINRES iterations: 25
Iter 32: V_size = 724, Converged = 296, ‖r‖ (largest λ) = 0.02458057574736534
Hybrid Davidson-JD corrections at iteration 33
Total MINRES iterations: 0
Iter 33: V_size = 758, Converged = 296, ‖r‖ (largest λ) = 0.016522666867339067
Hybrid Davidson-JD corrections at iteration 34
Total MINRES iterations: 100
Iter 34: V_size = 791, Converged = 297, ‖r‖ (largest λ) = 0.019183795080831078
Hybrid Davidson-JD corrections at iteration 35
Total MINRES iterations: 4
Iter 35: V_size = 824, Converged = 297, ‖r‖ (largest λ) = 0.01271043414121605
Hybrid Davidson-JD corrections at iteration 36
Total MINRES iterations: 0
Iter 36: V_size = 857, Converged = 297, ‖r‖ (largest λ) = 0.012844865027892796
Hybrid Davidson-JD corrections at iteration 37
Total MINRES iterations: 100
Iter 37: V_size = 890, Converged = 297, ‖r‖ (largest λ) = 0.013047024006860084
Hybrid Davidson-JD corrections at iteration 38
Total MINRES iterations: 0
Iter 38: V_size = 921, Converged = 299, ‖r‖ (largest λ) = 0.01109594806761772
Hybrid Davidson-JD corrections at iteration 39
Total MINRES iterations: 5
Iter 39: V_size = 952, Converged = 299, ‖r‖ (largest λ) = 0.02725125560505557
Hybrid Davidson-JD corrections at iteration 40
Total MINRES iterations: 0
Iter 40: V_size = 983, Converged = 299, ‖r‖ (largest λ) = 0.010529879336947314
Hybrid Davidson-JD corrections at iteration 41
Total MINRES iterations: 50
Iter 41: V_size = 1014, Converged = 299, ‖r‖ (largest λ) = 0.010465118407115266
Converged all required eigenvalues.
1809.228122 seconds (98.42 M allocations: 6.636 TiB, 0.97% gc time)
Number of FLOPs: 60725157144556

Reading exact Eigenvalues...
Reading eigenvalues from ../../Eigenvalues_folder/eigenres_formaldehyde_RNDbasis1.jld2

Compute the difference between computed and exact eigenvalues:
1×300 adjoint(::Vector{Float64}) with eltype Float64:
 7.10543e-15  -7.10543e-15  7.10543e-15  8.88178e-15  0.0  -3.55271e-15  7.10543e-15  -1.59872e-14  -1.77636e-15  3.55271e-15  -4.44089e-15  -2.66454e-15  8.88178e-16  -1.77636e-15  -2.66454e-15  0.0  1.77636e-15  1.77636e-15  0.0  -1.77636e-15  -8.88178e-16  -1.77636e-15  -8.88178e-16  -1.77636e-15  0.0  -4.44089e-15  2.22045e-15  0.0  0.0  8.88178e-16  -4.44089e-16  -8.88178e-16  4.44089e-16  -8.88178e-16  0.0  4.44089e-16  -8.88178e-16  4.44089e-16  1.33227e-15  2.66454e-15  8.88178e-16  -4.44089e-16  0.0  -1.33227e-15  2.22045e-15  -2.66454e-15  -8.88178e-16  -2.66454e-15  -1.33227e-15  -8.88178e-16  -1.33227e-15  2.22045e-15  0.0  0.0  4.44089e-16  4.44089e-16  4.44089e-16  8.88178e-16  -1.33227e-15  2.22045e-16  -4.44089e-16  8.88178e-16  8.88178e-16  6.66134e-16  1.33227e-15  4.44089e-16  4.44089e-16  -6.66134e-16  1.11022e-15  -6.66134e-16  -4.44089e-16  -2.22045e-15  0.0  0.0  -1.55431e-15  -4.44089e-16  4.44089e-16  8.88178e-16  -1.55431e-15  8.88178e-16  0.0  8.88178e-16  -4.44089e-16  1.77636e-15  0.0  0.0  4.44089e-16  -8.88178e-16  1.77636e-15  4.44089e-16  -4.44089e-16  -8.88178e-16  -8.88178e-16  0.0  -6.66134e-16  8.88178e-16  -2.66454e-15  1.11022e-15  4.44089e-16  -8.88178e-16  -1.11022e-15  -2.22045e-15  -1.55431e-15  -6.66134e-16  4.44089e-16  -6.66134e-16  1.9984e-15  1.33227e-15  -2.22045e-15  6.66134e-16  -7.32747e-15  -6.21725e-15  -4.44089e-15  -6.9722e-14  -2.15383e-14  -8.28448e-13  -1.34737e-12  -1.07248e-13  -3.77365e-12  -1.2482e-11  -1.61529e-11  -5.60604e-11  -4.20478e-11  -5.09905e-11  -1.67478e-11  -6.29323e-11  -1.32076e-10  -2.10341e-10  -2.40904e-10  -2.88796e-10  -3.42053e-10  -4.92929e-10  -1.14231e-9  -1.66524e-9  -1.32459e-9  -9.10924e-10  -9.32142e-10  -1.56179e-9  -1.6259e-9  -1.51363e-9  -1.26559e-9  -2.2765e-9  -3.23028e-9  -2.36934e-9  -2.74157e-9  -4.88239e-9  -3.57223e-9  -9.74021e-9  -2.92931e-9  -7.32848e-9  -9.85096e-9  -3.20119e-9  -4.87418e-9  -1.08036e-8  -7.6562e-9  -1.39169e-8  -2.15045e-8  -1.62757e-8  -2.53327e-8  -1.54291e-8  -3.85367e-8  -5.17988e-8  -3.89406e-8  -3.49566e-8  -4.69801e-8  -4.59709e-8  -4.45913e-8  -4.24717e-8  -1.17645e-7  -7.33296e-8  -7.36372e-8  -6.72644e-8  -6.02601e-8  -1.30313e-7  -9.9618e-8  -1.30773e-7  -1.36347e-7  -1.4028e-7  -1.07706e-7  -1.28839e-7  -1.4534e-7  -1.85593e-7  -2.8311e-7  -3.05052e-7  -3.53177e-7  -2.51744e-7  -2.58078e-7  -4.01116e-7  -4.2318e-7  -3.34862e-7  -3.44917e-7  -2.51129e-7  -3.21719e-7  -3.51512e-7  -4.98269e-7  -6.07782e-7  -3.8098e-7  -7.19819e-7  -4.05187e-7  -8.48723e-7  -3.06802e-7  -6.47561e-7  -5.61274e-7  -5.1047e-7  -3.48083e-7  -8.15603e-7  -8.95453e-7  -1.06672e-6  -7.17448e-7  -1.16983e-6  -1.13212e-6  -9.79379e-7  -9.28304e-7  -1.2232e-6  -1.41105e-6  -1.00762e-6  -1.90432e-6  -1.57759e-6  -1.39702e-6  -1.09713e-6  -1.48895e-6  -1.03013e-10  -1.56053e-6  -1.7615e-6  -1.24805e-6  -1.83794e-10  -3.3891e-10  -2.02877e-6  -2.36714e-10  -1.59923e-10  -3.16752e-10  -4.52492e-10  -3.04789e-10  -4.02249e-10  -8.23795e-10  -2.34658e-6  -7.24957e-10  -1.04098e-9  -5.48783e-10  -9.86585e-10  -1.37293e-9  -1.01212e-9  -1.54581e-9  -1.38579e-9  -1.36967e-9  -2.09406e-9  -2.03731e-9  -2.53747e-9  -2.40456e-9  -3.63637e-9  -3.63991e-9  -1.88103e-9  -3.59485e-9  -6.51135e-9  -3.70475e-9  -8.44598e-9  -6.0966e-9  -6.97116e-9  -1.05326e-8  -6.45207e-9  -9.88403e-9  -8.18948e-9  -8.4299e-9  -6.56669e-9  3.16151e-10  5.08896e-11  -1.10844e-8  1.03952e-10  2.31176e-10  -7.86878e-9  -1.46025e-8  2.19931e-10  3.28668e-10  1.14222e-10  1.63565e-10  -2.30959e-8  8.38565e-11  1.81822e-10  3.21686e-10  3.99327e-10  2.56785e-10  1.0603e-10  1.50289e-10  2.59009e-10  1.65171e-10  1.74901e-10  2.58612e-10  1.53446e-10  3.08546e-11  3.08696e-11  1.57576e-10  -3.16974e-11  7.14188e-11  -8.6416e-11  -3.79571e-11  -1.67866e-11  -3.60936e-6  -1.49339e-7  -5.79955e-7  -1.86243e-6
300 Eigenvalues converges, out of 300 requested.
Running with l = 600
Starting Davidson with n_aux = 2160, l_buffer = 660, lc = 603, thresh = 0.002, max_iter = 100
Iter 1: V_size = 120, Converged = 0, ‖r‖ (largest λ) = 0.10358086508213564
Iter 2: V_size = 240, Converged = 0, ‖r‖ (largest λ) = 0.025588054618247306
Iter 3: V_size = 480, Converged = 0, ‖r‖ (largest λ) = 0.005422886881735896
Iter 4: V_size = 960, Converged = 0, ‖r‖ (largest λ) = 0.0006278081963591829
Iter 5: V_size = 1617, Converged = 3, ‖r‖ (largest λ) = 0.0004346882074051768
Iter 6: V_size = 1314, Converged = 3, ‖r‖ (largest λ) = 0.001439165231519299
Iter 7: V_size = 1971, Converged = 3, ‖r‖ (largest λ) = 0.0018343987750546631
Iter 8: V_size = 1310, Converged = 5, ‖r‖ (largest λ) = 0.0008317053030230006
Iter 9: V_size = 1965, Converged = 5, ‖r‖ (largest λ) = 0.00036766148942976703
Hybrid Davidson-JD corrections at iteration 10
Total MINRES iterations: 653
Iter 10: V_size = 1264, Converged = 5, ‖r‖ (largest λ) = 0.00023285068765897013
Hybrid Davidson-JD corrections at iteration 11
Total MINRES iterations: 0
Iter 11: V_size = 1542, Converged = 382, ‖r‖ (largest λ) = 0.0001478270565844429
Hybrid Davidson-JD corrections at iteration 12
Total MINRES iterations: 5193
Iter 12: V_size = 1820, Converged = 382, ‖r‖ (largest λ) = 0.0021151515175155096
Hybrid Davidson-JD corrections at iteration 13
Total MINRES iterations: 0
Iter 13: V_size = 2098, Converged = 382, ‖r‖ (largest λ) = 0.00014487867875652484
Hybrid Davidson-JD corrections at iteration 14
Total MINRES iterations: 2
Iter 14: V_size = 556, Converged = 382, ‖r‖ (largest λ) = 0.0001481072305908625
Converged all required eigenvalues.
2014.904580 seconds (127.35 M allocations: 8.623 TiB, 1.02% gc time)
Number of FLOPs: 60117582783638

Reading exact Eigenvalues...
Reading eigenvalues from ../../Eigenvalues_folder/eigenres_formaldehyde_RNDbasis1.jld2

Compute the difference between computed and exact eigenvalues:
1×600 adjoint(::Vector{Float64}) with eltype Float64:
 -1.06581e-14  0.0  2.84217e-14  8.88178e-15  1.77636e-15  0.0  8.88178e-15  -1.06581e-14  -1.77636e-15  3.55271e-15  -8.88178e-16  1.77636e-15  0.0  2.66454e-15  0.0  -8.88178e-16  3.55271e-15  8.88178e-16  -8.88178e-16  -2.66454e-15  -1.77636e-15  0.0  0.0  -5.32907e-15  8.88178e-16  -4.44089e-15  3.9968e-15  -1.33227e-15  8.88178e-16  8.88178e-16  -1.77636e-15  2.66454e-15  4.44089e-16  -2.66454e-15  8.88178e-16  4.44089e-16  2.66454e-15  1.33227e-15  3.55271e-15  -8.88178e-16  -4.44089e-16  -3.9968e-15  0.0  -3.10862e-15  1.33227e-15  1.33227e-15  -8.88178e-16  -4.44089e-16  4.88498e-15  -1.33227e-15  -3.9968e-15  -2.66454e-15  -1.77636e-15  -1.33227e-15  3.10862e-15  0.0  -8.88178e-16  -8.88178e-16  1.77636e-15  -4.44089e-16  -1.55431e-15  -1.11022e-15  3.10862e-15  -1.33227e-15  -6.66134e-16  2.88658e-15  -1.9984e-15  -4.21885e-15  2.44249e-15  3.10862e-15  0.0  1.9984e-15  -4.66294e-15  -3.9968e-15  2.44249e-15  1.33227e-15  3.9968e-15  0.0  -3.33067e-15  -1.55431e-15  1.77636e-15  -5.10703e-15  -4.88498e-15  -3.55271e-15  1.77636e-15  5.32907e-15  4.44089e-16  -5.32907e-15  2.44249e-15  -8.88178e-16  -3.55271e-15  -4.88498e-15  1.11022e-15  -5.10703e-15  6.21725e-15  -2.22045e-15  -5.77316e-15  1.33227e-15  7.54952e-15  -6.43929e-15  4.44089e-15  -6.66134e-15  4.44089e-15  5.77316e-15  4.66294e-15  3.55271e-15  -6.66134e-15  1.77636e-15  5.32907e-15  -2.66454e-15  1.9984e-15  7.32747e-15  -1.77636e-15  5.77316e-15  -5.55112e-15  5.32907e-15  7.32747e-15  -2.44249e-15  -2.66454e-15  -8.88178e-15  2.66454e-15  3.77476e-15  -1.9762e-14  -1.86517e-14  -4.996e-14  -6.29496e-14  -6.671e-12  -1.41448e-11  -1.16389e-11  -1.31865e-11  -1.03245e-11  -1.93751e-11  -3.45083e-11  -7.7984e-11  -2.85983e-11  -4.91986e-11  -8.32948e-11  -2.14635e-10  -1.54049e-10  -9.17946e-11  -1.24845e-10  -1.33251e-10  -1.62213e-10  -3.78027e-10  -1.2478e-10  -1.96052e-10  -3.72813e-10  -5.36257e-10  -3.39797e-10  -3.14934e-10  -5.92021e-10  -5.73933e-10  -3.00472e-10  -5.25501e-10  -6.26083e-10  -8.52156e-10  -1.51375e-9  -1.23214e-9  -1.57568e-9  -1.8534e-9  -2.07938e-9  -2.13728e-9  -2.7396e-9  -3.00049e-9  -2.80683e-9  -2.70016e-9  -3.10851e-9  -4.46974e-9  -4.46296e-9  -3.38928e-9  -4.75446e-9  -1.96033e-9  -6.15567e-9  -6.66104e-9  -5.26308e-9  -9.60834e-9  -1.08887e-8  -9.87284e-9  -6.85808e-9  -7.55719e-9  -8.12138e-9  -1.17877e-8  -1.40284e-8  -9.72157e-9  -1.38249e-8  -1.40302e-8  -1.20602e-8  -1.28725e-8  -9.53761e-9  -1.10687e-8  -1.76032e-8  -1.3244e-8  -1.79966e-8  -1.16572e-8  -2.34093e-8  -1.77428e-8  -2.06408e-8  -1.80565e-8  -2.1324e-8  -2.9096e-8  -1.8416e-8  -2.03567e-8  -2.03364e-8  -2.4832e-8  -2.02903e-8  -2.6729e-8  -3.94784e-8  -3.28931e-8  -3.23795e-8  -3.39959e-8  -4.97638e-8  -3.68769e-8  -4.65433e-8  -3.90665e-8  -4.44987e-8  -3.87605e-8  -2.83557e-8  -3.87764e-8  -4.12692e-8  -5.09252e-8  -5.87276e-8  -5.58434e-8  -5.24461e-8  -3.68005e-8  -6.25215e-8  -5.38515e-8  -8.35857e-8  -7.48982e-8  -8.93978e-8  -5.11601e-8  -7.4081e-8  -9.83406e-8  -7.89228e-8  -7.81571e-8  -9.8095e-8  -1.09371e-7  -1.5435e-7  -1.13475e-7  -1.31374e-7  -1.30855e-7  -1.38602e-7  -1.39069e-7  -1.31152e-7  -1.31106e-7  -1.53064e-7  -1.67305e-7  -1.58332e-7  -1.64076e-7  -1.58037e-7  -2.26845e-7  -1.43637e-7  -1.19566e-7  -1.73343e-7  -1.73772e-7  -2.03046e-7  -2.45718e-7  -2.52118e-7  -3.11553e-7  -2.50872e-7  -1.93824e-7  -2.17423e-7  -2.53742e-7  -2.71047e-7  -2.55825e-7  -3.37285e-7  -4.05676e-7  -3.99985e-7  -3.7567e-7  -3.11019e-7  -2.4502e-7  -2.84565e-7  -4.21869e-7  -5.85187e-7  -4.25961e-7  -4.46001e-7  -4.69973e-7  -4.71335e-7  -4.41463e-7  -3.95114e-7  -7.13122e-7  -5.25363e-7  -5.29686e-7  -6.97305e-7  -6.92109e-7  -4.64277e-7  -6.07089e-7  -7.19102e-7  -8.09814e-7  -7.15153e-7  -7.3707e-7  -9.05122e-7  -8.0013e-7  -5.23263e-7  -7.52114e-7  -8.03064e-7  -8.91307e-7  -8.39825e-7  -8.39892e-7  -9.19875e-7  -8.75986e-7  -9.77409e-7  -8.53758e-7  -1.33191e-6  -1.21819e-6  -9.28275e-7  -1.45575e-6  -1.07254e-6  -9.8069e-7  -1.31879e-6  -1.08506e-6  -1.42069e-6  -1.77712e-6  -1.57702e-6  -1.32409e-6  -1.7003e-6  -1.31006e-6  -1.66796e-6  -1.6875e-6  -2.0879e-6  -1.61144e-6  -2.16828e-6  -1.88846e-6  -2.35549e-6  -2.22388e-6  -1.87505e-6  -2.59798e-6  -1.56765e-6  -3.02683e-6  -2.65148e-6  -2.25033e-6  -2.38024e-6  -2.22804e-6  -2.71928e-6  -2.71435e-6  -2.58191e-6  -3.18429e-6  -2.84408e-6  -3.07632e-6  -3.18046e-6  -3.4241e-6  -2.79632e-6  -3.46745e-6  -3.05789e-6  -4.16221e-6  -3.24873e-6  -4.10885e-6  -4.41778e-6  -4.89125e-6  -4.30197e-6  -4.38914e-6  -4.5113e-6  -5.86832e-6  -4.7619e-6  -5.00735e-6  -4.50851e-6  -6.07933e-6  -5.43488e-6  -5.08932e-6  -5.36361e-6  -5.04466e-6  -6.64973e-6  -6.55355e-6  -7.91456e-6  -7.39492e-6  -8.40035e-6  -9.41109e-6  -2.96013e-6  -8.03734e-6  -7.37891e-6  -2.61465e-6  -7.34931e-6  -7.13156e-6  -7.20819e-6  -9.67297e-6  -9.86805e-6  -9.59097e-6  -6.75425e-6  -9.69895e-6  -2.69562e-6  -9.4653e-6  -7.4925e-9  -9.30349e-6  -1.00068e-5  -3.82125e-6  5.83403e-9  -8.1886e-6  -9.64669e-6  -4.46335e-6  -8.96046e-6  -3.90662e-6  -3.45716e-6  -3.23612e-6  -2.43119e-6  -2.38263e-6  -2.71486e-6  -2.3969e-6  -3.01717e-6  -2.9921e-6  -2.10735e-6  -1.99467e-6  -1.43449e-6  -1.53098e-6  -1.27856e-6  -1.64762e-6  -1.54506e-6  -1.3243e-6  -1.09962e-6  -1.29184e-6  -1.24954e-6  -8.25701e-7  -1.06146e-6  -1.07754e-6  -1.42108e-6  -1.57163e-6  -1.45962e-6  -1.16713e-6  -1.37198e-6  -1.21933e-6  -1.1103e-6  -1.3891e-6  -1.11433e-6  -1.3042e-6  -9.59045e-7  -1.18223e-6  -1.40549e-6  -1.27086e-6  -1.11535e-6  -1.4239e-6  -1.26194e-6  -1.30856e-6  -1.10388e-6  -1.15429e-6  -1.47641e-6  -1.08966e-6  -1.39845e-6  -1.18565e-6  -1.07545e-6  -1.18131e-6  -1.15858e-6  -1.13891e-6  -1.28305e-6  -9.99591e-7  -1.11848e-6  -1.0538e-6  -1.01435e-6  -1.1097e-6  -1.18699e-6  -1.04999e-6  -1.01632e-6  -9.88793e-7  -8.80936e-7  -7.75181e-7  -1.01129e-6  -1.06297e-6  -1.13285e-6  -8.12133e-7  -1.20227e-6  -1.19584e-6  -9.07333e-7  -1.04888e-6  -1.15619e-6  -1.00292e-6  -1.08375e-6  -9.6986e-7  -1.10135e-6  -9.61582e-7  -8.87767e-7  -1.01474e-6  -9.51096e-7  -9.85981e-7  -1.04463e-6  -9.53056e-7  -8.63986e-7  -1.0241e-6  -9.64189e-7  -8.39224e-7  -8.25566e-7  -9.38825e-7  -1.1485e-6  -7.80429e-7  -9.85211e-7  -9.16739e-7  -9.53916e-7  -7.58672e-7  -8.19277e-7  -8.49327e-7  -8.88433e-7  -9.13399e-7  -1.06312e-6  -8.33219e-7  -8.87449e-7  -9.01586e-7  -8.24169e-7  -8.29959e-7  -1.03775e-6  -9.50008e-7  -8.77455e-7  -8.34789e-7  -1.00978e-6  -8.33476e-7  -7.78092e-7  -1.02186e-6  -9.56696e-7  -9.12256e-7  -9.39822e-7  -7.63521e-7  -9.09558e-7  -8.6367e-7  -1.0822e-6  -9.49572e-7  -1.00678e-6  -8.22413e-7  -7.24271e-7  -8.3671e-7  -9.15367e-7  -8.91828e-7  -7.95465e-7  -8.7035e-7  -1.11389e-6  -8.5306e-7  -8.94475e-7  -7.64367e-7  -1.03046e-6  -8.2875e-7  -8.26841e-7  -8.48066e-7  -9.80008e-7  -8.13692e-7  -9.42772e-7  -9.12526e-7  -8.49241e-7  -8.53874e-7  -9.10668e-7  -9.16529e-7  -9.76237e-7  -8.75302e-7  -8.39195e-7  -8.54891e-7  -8.52772e-7  -8.42481e-7  -7.87599e-7  -8.57668e-7  -9.51738e-7  -8.38183e-7  -7.38336e-7  -8.23109e-7  -8.58835e-7  -9.31421e-7  -8.30602e-7  -8.17857e-7  -8.63513e-7  -9.22996e-7  -7.76605e-7  -8.39688e-7  -6.7724e-7  -8.90172e-7  -9.46415e-7  -8.70444e-7  -9.93114e-7  -8.33831e-7  -9.11639e-7  -9.20876e-7  -7.51092e-7  -8.22247e-7  -7.91319e-7  -8.57683e-7  -9.4129e-7  -8.80249e-7  -7.73441e-7  -9.12133e-7  -7.84076e-7  -8.55714e-7  -8.5319e-7  -9.69506e-7  -1.07889e-6  -8.2652e-7  -8.47868e-7  -8.58171e-7  -9.67111e-7  -8.30211e-7  -8.8038e-7  -9.36113e-7  -1.17631e-6  -9.80193e-7  -9.36527e-7  -8.74606e-7  -8.83964e-7  -9.64129e-7  -9.17172e-7  -9.45736e-7  -9.86092e-7  -8.06663e-7  -8.82414e-7  -9.76724e-7  -9.35082e-7  -8.93658e-7  -9.1286e-7  -1.16562e-6  -1.16405e-6  -8.56809e-7
600 Eigenvalues converges, out of 600 requested.
Finished processing molecule: formaldehyde
