Processing molecule: formaldehyde
Running with beta = 25
Running with l = 60
Starting Davidson with n_aux = 400, l_buffer = 90, lc = 61, thresh = 0.0015, max_iter = 100
Iter 1: V_size = 32, Converged = 0, ‖r‖ (largest λ) = 0.8656922926223112
Iter 2: V_size = 64, Converged = 0, ‖r‖ (largest λ) = 0.18084421183679666
Iter 3: V_size = 128, Converged = 0, ‖r‖ (largest λ) = 0.060623910912410116
Iter 4: V_size = 218, Converged = 0, ‖r‖ (largest λ) = 0.09164873999488632
Iter 5: V_size = 308, Converged = 0, ‖r‖ (largest λ) = 0.49834366829223853
Iter 6: V_size = 394, Converged = 4, ‖r‖ (largest λ) = 0.11034496814644347
Iter 7: V_size = 172, Converged = 4, ‖r‖ (largest λ) = 0.007484730182962817
Iter 8: V_size = 258, Converged = 4, ‖r‖ (largest λ) = 0.15582586572258664
Iter 9: V_size = 344, Converged = 4, ‖r‖ (largest λ) = 0.3707425651562896
Converged all required eigenvalues.
503.606535 seconds (2.03 M allocations: 118.575 GiB, 0.51% gc time, 1.89% compilation time)
Number of FLOPs: 4148365720086

Reading exact Eigenvalues...
Reading eigenvalues from ../../Eigenvalues_folder/eigenres_formaldehyde_RNDbasis1.jld2

Compute the difference between computed and exact eigenvalues:
1×60 adjoint(::Vector{Float64}) with eltype Float64:
 -3.55271e-15  7.10543e-15  0.0  5.32907e-15  -1.77636e-15  0.0  8.88178e-15  -1.59872e-14  0.0  5.32907e-15  -2.66454e-15  0.0  8.88178e-16  1.77636e-15  -1.77636e-15  -8.88178e-16  2.66454e-15  8.88178e-16  -8.88178e-16  1.77636e-15  -8.88178e-16  2.66454e-15  1.77636e-15  -3.55271e-15  1.77636e-15  -3.55271e-15  1.77636e-15  2.22045e-15  2.22045e-15  4.44089e-16  8.88178e-16  0.0  -3.10862e-15  -4.44089e-16  -1.77636e-15  -4.44089e-16  -2.22045e-15  1.77636e-15  -4.44089e-16  4.44089e-16  -1.77636e-15  -4.44089e-16  -2.22045e-15  -3.55271e-15  0.0  -1.33227e-15  1.33227e-15  -3.9968e-15  2.66454e-15  -2.22045e-15  -5.32907e-15  -3.55271e-15  -2.22045e-15  3.10862e-15  1.33227e-15  -4.44089e-15  -1.02141e-14  -1.06581e-14  -4.88498e-15  -7.77156e-15
60 Eigenvalues converges, out of 60 requested.
Running with l = 300
Starting Davidson with n_aux = 750, l_buffer = 450, lc = 303, thresh = 0.002, max_iter = 100
Iter 1: V_size = 60, Converged = 0, ‖r‖ (largest λ) = 0.26486861963827185
Iter 2: V_size = 120, Converged = 0, ‖r‖ (largest λ) = 0.06605965136343936
Iter 3: V_size = 240, Converged = 0, ‖r‖ (largest λ) = 0.024614027791462368
Iter 4: V_size = 480, Converged = 0, ‖r‖ (largest λ) = 0.005532686722171159
Iter 5: V_size = 750, Converged = 1, ‖r‖ (largest λ) = 0.0012823894690469453
Iter 6: V_size = 750, Converged = 1, ‖r‖ (largest λ) = 0.002464218375912902
Iter 7: V_size = 750, Converged = 1, ‖r‖ (largest λ) = 0.007904275194680323
Iter 8: V_size = 708, Converged = 96, ‖r‖ (largest λ) = 0.00800807367566832
Iter 9: V_size = 708, Converged = 96, ‖r‖ (largest λ) = 0.0044008892467629086
Hybrid Davidson-JD corrections at iteration 10
Total MINRES iterations: 212
Iter 10: V_size = 708, Converged = 96, ‖r‖ (largest λ) = 0.002975759361090781
Hybrid Davidson-JD corrections at iteration 11
Total MINRES iterations: 42
Iter 11: V_size = 408, Converged = 246, ‖r‖ (largest λ) = 0.0020279435462354197
Hybrid Davidson-JD corrections at iteration 12
Total MINRES iterations: 111
Iter 12: V_size = 612, Converged = 246, ‖r‖ (largest λ) = 0.001798182938568528
Hybrid Davidson-JD corrections at iteration 13
Total MINRES iterations: 575
Iter 13: V_size = 408, Converged = 246, ‖r‖ (largest λ) = 0.0022540475298761173
Converged all required eigenvalues.
3958.023915 seconds (36.28 M allocations: 2.168 TiB, 1.30% gc time, 0.29% compilation time)
Number of FLOPs: 20064592804272

Reading exact Eigenvalues...
Reading eigenvalues from ../../Eigenvalues_folder/eigenres_formaldehyde_RNDbasis1.jld2

Compute the difference between computed and exact eigenvalues:
1×300 adjoint(::Vector{Float64}) with eltype Float64:
 7.10543e-15  0.0  -7.10543e-15  0.0  1.77636e-15  -3.55271e-15  1.06581e-14  -8.88178e-15  1.77636e-15  1.77636e-15  -3.55271e-15  -3.55271e-15  8.88178e-16  3.55271e-15  -8.88178e-16  -5.32907e-15  5.32907e-15  1.24345e-14  0.0  3.55271e-15  -2.66454e-15  -1.06581e-14  4.44089e-15  2.66454e-15  0.0  7.10543e-15  4.88498e-15  6.66134e-15  -5.77316e-15  2.22045e-15  -6.21725e-15  1.33227e-15  -1.77636e-15  -1.11022e-14  -3.55271e-15  -1.77636e-15  0.0  8.88178e-15  5.77316e-15  -5.32907e-15  9.76996e-15  -7.10543e-15  4.44089e-15  -3.10862e-15  5.77316e-15  1.42109e-14  -1.5099e-14  4.44089e-15  6.66134e-15  -9.76996e-15  -5.32907e-15  6.21725e-15  7.99361e-15  3.9968e-15  -4.44089e-15  -5.32907e-15  4.44089e-16  -1.82077e-14  4.88498e-15  9.10383e-15  -3.10862e-15  5.32907e-15  -8.43769e-15  1.08802e-14  8.88178e-16  -1.62093e-14  -1.70974e-14  1.77636e-14  4.44089e-16  -8.21565e-15  -1.37668e-14  1.19904e-14  2.22045e-15  -2.22045e-16  -1.90958e-14  -2.28706e-14  -9.32587e-15  2.22045e-16  2.19824e-14  -1.86517e-14  -1.66533e-14  -2.28706e-14  1.17684e-14  -2.66454e-14  -1.66533e-14  2.22045e-14  1.88738e-14  -2.93099e-14  -1.53211e-14  -4.44089e-15  -3.21965e-14  1.11022e-15  -6.66134e-16  -2.95319e-14  2.22045e-16  7.54952e-15  -5.66214e-14  4.44089e-16  0.0  8.88178e-16  0.0  -8.88178e-16  -2.22045e-16  6.66134e-16  6.66134e-16  -4.44089e-16  2.22045e-16  4.44089e-16  -2.22045e-16  2.22045e-16  -4.44089e-16  -2.22045e-16  0.0  2.22045e-16  6.66134e-16  -2.22045e-16  -6.66134e-16  -2.22045e-16  -6.66134e-16  -1.55431e-15  -2.66454e-15  -3.44169e-15  -5.10703e-15  -5.10703e-15  -3.10862e-15  -2.88658e-15  -8.54872e-15  -1.13243e-14  -1.84297e-14  -1.4877e-14  -1.52101e-14  -2.59792e-14  -2.76446e-14  -3.4639e-14  -4.76286e-14  -4.88498e-14  -3.63043e-14  -6.71685e-14  -5.9841e-14  -5.92859e-14  -7.40519e-14  -8.11573e-14  -1.13909e-13  -1.11133e-13  -8.42659e-14  -1.03029e-13  -1.12022e-13  -2.40474e-13  -8.53762e-14  -1.89515e-13  -1.30895e-13  -1.12244e-13  -2.53575e-13  -2.63123e-13  -3.53384e-13  -6.42708e-13  -9.26814e-13  -7.4285e-13  -1.01175e-12  -4.95382e-13  -1.63913e-12  -1.77158e-12  -1.86251e-12  -1.69209e-12  -1.65445e-12  -2.1666e-12  -1.91924e-12  -1.93989e-12  -4.34897e-12  -5.60407e-12  -2.48956e-12  -5.33062e-12  -3.45879e-12  -7.50566e-12  -5.65858e-12  -9.19698e-12  -9.6585e-12  -9.70646e-12  -9.15701e-12  -7.46225e-12  -9.46232e-12  -1.37955e-11  -2.46978e-11  -2.43873e-11  -2.43199e-11  -2.11182e-11  -1.95262e-11  -3.77587e-11  -4.74334e-11  -3.19271e-11  -2.51175e-11  -2.03867e-11  -3.4953e-11  -3.24383e-11  -4.57727e-11  -9.31752e-11  -3.25349e-11  -7.82744e-11  -3.17703e-11  -9.77332e-11  -3.08968e-11  -5.76192e-11  -9.96383e-11  -5.15407e-11  -5.09854e-11  -7.83676e-11  -1.3304e-10  -1.16373e-10  -1.17888e-10  -1.82704e-10  -2.09683e-10  -1.4104e-10  -1.15432e-10  -2.4155e-10  -2.42726e-10  -2.11624e-10  -3.43544e-10  -1.89648e-10  -2.0552e-10  -2.40125e-10  -2.87906e-10  -3.4852e-10  -2.68905e-10  -3.73719e-10  -2.198e-10  -4.00456e-10  -7.14557e-10  -6.6115e-10  -7.9163e-10  -7.57734e-10  -7.9595e-10  -1.00493e-9  -7.20603e-10  -1.03163e-9  -1.24263e-9  -7.71175e-10  -1.93442e-9  -2.05612e-9  -1.39071e-9  -1.136e-9  -2.3585e-9  -2.82237e-9  -3.33067e-16  -2.17277e-9  -1.62336e-9  -1.11022e-16  -1.66533e-16  2.77556e-16  -3.24953e-9  -5.55112e-16  -1.44329e-15  -5.76605e-9  -1.33227e-15  -1.11022e-15  -7.77156e-16  -8.32667e-16  -1.9984e-15  -1.77636e-15  -3.38618e-15  -3.27516e-15  -6.16174e-15  -3.83027e-15  -6.99441e-15  -4.55191e-15  -8.04912e-15  -8.43769e-15  -7.60503e-15  -1.68754e-14  -1.40443e-14  -5.32907e-15  -1.06581e-14  -1.40443e-14  -2.84217e-14  -2.4758e-14  -2.24265e-14  -3.66929e-14  -4.31322e-14  -4.65739e-14  -5.14588e-14  -4.44089e-16  -7.76601e-14  -3.88578e-16  -7.21645e-16  1.44329e-15  -1.22125e-15  3.88578e-16  -1.16573e-15  -6.10623e-16  -1.27676e-15  8.32667e-16  -1.77636e-15  -1.11022e-15  -9.4369e-16  -1.60982e-15  -2.16493e-15  3.88578e-16  5.55112e-17  -2.44249e-15  -3.33067e-15  -6.43929e-15
300 Eigenvalues converges, out of 300 requested.
Running with l = 600
Starting Davidson with n_aux = 1500, l_buffer = 900, lc = 606, thresh = 0.0025, max_iter = 100
Iter 1: V_size = 120, Converged = 0, ‖r‖ (largest λ) = 0.10358086508213564
Iter 2: V_size = 240, Converged = 0, ‖r‖ (largest λ) = 0.025588054618247306
Iter 3: V_size = 480, Converged = 0, ‖r‖ (largest λ) = 0.005422886881735896
Iter 4: V_size = 960, Converged = 0, ‖r‖ (largest λ) = 0.0006278081963591829
Iter 5: V_size = 1500, Converged = 3, ‖r‖ (largest λ) = 7.638828250977523e-5
Iter 6: V_size = 1500, Converged = 3, ‖r‖ (largest λ) = 0.0001446429091986693
Iter 7: V_size = 1500, Converged = 3, ‖r‖ (largest λ) = 0.00019570991201205688
Iter 8: V_size = 1494, Converged = 153, ‖r‖ (largest λ) = 0.0002735882206894893
Iter 9: V_size = 1494, Converged = 153, ‖r‖ (largest λ) = 0.00032566483247013203
Hybrid Davidson-JD corrections at iteration 10
Total MINRES iterations: 772
Iter 10: V_size = 1494, Converged = 153, ‖r‖ (largest λ) = 0.00018653771764155506
Hybrid Davidson-JD corrections at iteration 11
Total MINRES iterations: 818
Iter 11: V_size = 1086, Converged = 357, ‖r‖ (largest λ) = 0.00011101554279934404
Hybrid Davidson-JD corrections at iteration 12
Total MINRES iterations: 187
Iter 12: V_size = 1086, Converged = 357, ‖r‖ (largest λ) = 8.51415645345424e-5
Hybrid Davidson-JD corrections at iteration 13
Total MINRES iterations: 88
Iter 13: V_size = 1086, Converged = 357, ‖r‖ (largest λ) = 6.709935199695538e-5
Converged all required eigenvalues.
12769.765803 seconds (150.13 M allocations: 9.021 TiB, 1.65% gc time, 0.09% compilation time)
Number of FLOPs: 44225936796369

Reading exact Eigenvalues...
Reading eigenvalues from ../../Eigenvalues_folder/eigenres_formaldehyde_RNDbasis1.jld2

Compute the difference between computed and exact eigenvalues:
1×600 adjoint(::Vector{Float64}) with eltype Float64:
 -1.06581e-14  0.0  2.84217e-14  8.88178e-15  -7.10543e-15  0.0  8.88178e-15  -1.24345e-14  0.0  5.32907e-15  0.0  0.0  8.88178e-16  -8.88178e-16  -8.88178e-16  0.0  8.88178e-16  2.66454e-15  -3.55271e-15  -8.88178e-16  1.77636e-15  0.0  0.0  -3.55271e-15  0.0  -2.66454e-15  1.33227e-15  2.22045e-15  4.44089e-16  2.66454e-15  1.77636e-15  3.55271e-15  -4.44089e-16  4.44089e-16  8.88178e-16  4.44089e-16  8.88178e-16  1.33227e-15  8.88178e-16  8.88178e-16  1.77636e-15  -4.44089e-15  -2.22045e-15  -4.44089e-16  3.9968e-15  0.0  2.66454e-15  -2.22045e-15  -4.44089e-16  1.33227e-15  -4.44089e-16  -1.77636e-15  -1.77636e-15  8.88178e-16  1.77636e-15  3.10862e-15  -8.88178e-16  2.66454e-15  3.55271e-15  3.55271e-15  -8.88178e-16  1.77636e-15  8.88178e-16  2.88658e-15  2.66454e-15  1.33227e-15  1.9984e-15  4.44089e-16  1.55431e-15  2.22045e-16  -2.88658e-15  -3.10862e-15  -2.22045e-16  -5.10703e-15  -3.55271e-15  1.9984e-15  -1.11022e-15  2.22045e-15  8.88178e-16  -1.77636e-15  2.66454e-15  -4.88498e-15  -3.10862e-15  -2.44249e-15  -1.9984e-15  -2.66454e-15  -4.44089e-16  3.9968e-15  -1.11022e-15  3.10862e-15  2.22045e-15  -3.9968e-15  -3.9968e-15  5.55112e-15  -1.9984e-15  -2.22045e-16  -2.66454e-15  -2.66454e-15  8.43769e-15  4.66294e-15  1.11022e-15  -1.77636e-15  -4.21885e-15  0.0  5.55112e-15  7.77156e-15  -2.44249e-15  1.9984e-15  -3.9968e-15  8.88178e-15  -2.55596e-12  -1.26033e-12  -1.59073e-12  -6.64824e-12  -5.8975e-12  -2.07108e-11  -1.84486e-11  -2.00773e-12  -1.36711e-11  -4.68858e-11  -2.89151e-11  -7.39112e-11  -7.22127e-11  -1.81225e-10  -1.04643e-10  -3.62994e-10  -8.51211e-10  -1.21312e-9  -3.00582e-9  -2.18037e-9  -1.9111e-9  -4.08422e-9  -2.0659e-9  -7.54415e-9  -4.42759e-9  -4.73382e-9  -7.17083e-9  -1.3451e-8  -1.14778e-8  -1.0267e-8  -1.52739e-8  -1.22282e-8  -1.23329e-8  -2.37406e-8  -1.08146e-8  -1.39796e-8  -2.91022e-8  -2.85418e-8  -1.91135e-8  -1.55656e-8  -1.06581e-14  -3.1857e-8  -1.59826e-8  1.55431e-15  -3.56081e-8  5.21805e-15  3.33067e-15  1.77636e-15  5.88418e-15  1.77636e-14  8.88178e-15  7.32747e-15  7.21645e-15  6.66134e-15  1.77636e-14  6.88338e-15  2.33147e-14  7.21645e-15  1.70974e-14  6.10623e-15  1.67644e-14  2.44249e-15  8.32667e-15  3.475e-14  1.5099e-14  9.4369e-15  2.10942e-14  6.77236e-15  9.21485e-15  6.21725e-15  1.62093e-14  2.43139e-14  1.44329e-15  1.63203e-14  2.33147e-14  1.4766e-14  2.90878e-14  2.25375e-14  1.65423e-14  3.88578e-15  4.06342e-14  7.88258e-15  7.43849e-15  7.32747e-15  1.77636e-15  1.19904e-14  5.18474e-14  1.36557e-14  4.55191e-14  4.90719e-14  9.88098e-15  2.0095e-14  2.85327e-14  1.77636e-15  2.33147e-14  1.0103e-14  1.78746e-14  9.99201e-15  2.27596e-14  1.32117e-14  6.36158e-14  1.18572e-13  1.04361e-14  1.53211e-14  -1.27676e-15  -6.93889e-15  2.96985e-14  4.25771e-14  5.27911e-14  4.21885e-15  -4.71845e-15  2.73115e-14  4.4742e-14  1.11577e-14  2.29261e-14  -2.10942e-15  1.88738e-14  -1.34337e-14  2.16216e-13  -1.94289e-15  -2.7256e-14  -3.36953e-14  6.55032e-15  4.7462e-14  9.4369e-14  1.71196e-13  -7.67164e-14  4.4964e-15  -7.00551e-14  -7.26086e-14  1.11022e-15  -2.26485e-14  -4.69624e-14  -1.10356e-13  -7.38298e-15  2.30538e-13  -3.86358e-14  -6.07847e-14  -2.60902e-14  -2.14717e-13  -6.80567e-14  3.4972e-14  -1.26954e-13  -1.3689e-13  -7.63833e-14  -2.83107e-15  -2.85771e-13  -9.4369e-15  -5.24025e-14  -1.43829e-13  -3.90632e-13  -4.05787e-13  -1.70586e-13  -3.45446e-13  -3.8558e-13  -4.76508e-13  -3.71037e-13  -2.90434e-13  -5.10203e-13  -4.53082e-13  -2.9815e-13  -3.35287e-14  -1.18977e-12  -6.60805e-13  -3.78975e-13  -9.84213e-14  -1.13742e-12  -7.24143e-13  -8.52374e-13  -1.40282e-12  -1.35708e-12  -1.78435e-12  -7.96307e-13  -1.26832e-12  -1.26038e-12  -1.4162e-12  -1.96865e-12  -2.19041e-12  -1.94667e-12  -2.14945e-12  -1.98724e-12  -1.66817e-12  -1.21514e-12  -2.42756e-12  -2.18514e-12  -3.62127e-12  -2.54158e-12  -3.189e-12  -3.14615e-12  -2.11725e-12  -2.65021e-12  -3.13699e-12  -4.47786e-12  -3.66146e-12  -3.62099e-12  -6.40576e-12  -5.15132e-12  -4.31533e-12  -4.9859e-12  -4.21729e-12  -6.69559e-12  -6.61921e-12  -7.97579e-12  -6.71646e-12  -8.00288e-12  -7.85788e-12  -8.4015e-12  -1.15127e-11  -1.1971e-11  -8.94634e-12  -1.09724e-11  -1.06575e-11  -1.44034e-11  -1.48852e-11  -1.35518e-11  -1.6091e-11  -6.31006e-12  -1.92041e-11  -1.57594e-11  -1.23125e-11  -1.75216e-11  -1.74352e-11  -1.58714e-11  -1.6263e-11  -2.07529e-11  -3.16884e-11  -1.70611e-11  -2.86138e-11  -2.30092e-11  -2.20142e-11  -1.89107e-11  -2.95e-11  -2.60834e-11  -2.71534e-11  -2.83119e-11  -2.77657e-11  -3.78117e-11  -3.12344e-11  -4.44291e-11  -4.16016e-11  -3.88263e-11  1.1142e-11  -7.48857e-11  -5.27812e-11  -4.24226e-11  1.10912e-11  -4.52955e-11  -3.93772e-11  6.75801e-12  -4.70356e-11  4.67257e-12  5.84227e-12  1.48364e-11  5.33473e-12  3.22323e-12  7.6571e-12  1.65803e-11  6.95563e-12  6.08022e-12  5.30942e-12  1.22698e-11  4.79555e-12  9.82447e-12  9.20722e-12  9.15787e-12  1.43608e-11  1.93948e-11  1.21779e-11  7.64652e-12  1.20556e-11  1.30268e-11  1.09617e-11  1.02192e-11  1.39675e-11  6.14689e-12  1.11492e-11  5.93289e-12  1.58177e-11  1.69718e-11  2.04165e-11  1.99687e-11  3.44199e-11  1.11002e-11  3.88413e-11  1.92756e-11  1.60887e-11  2.80202e-11  1.16616e-11  1.34696e-11  1.75608e-11  1.59853e-11  3.59039e-11  1.78759e-11  1.43675e-11  2.00988e-11  1.48054e-11  1.27482e-11  3.1034e-11  2.80887e-11  1.06413e-11  1.72286e-11  1.26204e-11  2.15115e-11  1.29008e-11  2.81117e-11  1.41648e-11  1.60972e-11  1.51135e-11  2.39932e-11  2.69042e-11  2.24981e-11  2.55531e-11  1.61699e-11  3.02554e-11  1.84575e-11  4.06138e-11  9.85242e-12  2.00773e-11  2.3022e-11  2.73129e-11  2.42529e-11  2.47202e-11  2.43875e-11  3.10731e-11  2.06486e-11  3.60122e-11  2.45723e-11  1.58207e-11  2.34535e-11  3.82708e-11  1.38428e-11  1.00589e-11  1.58004e-11  2.02523e-11  5.42977e-12  -1.71668e-13  -1.34237e-12  6.49306e-12  7.55981e-12  1.33363e-11  8.9149e-12  6.95038e-12  1.19953e-11  -2.20193e-12  1.17016e-11  9.84751e-12  -9.92789e-13  1.20132e-11  3.07254e-14  9.28871e-12  7.47957e-13  1.20917e-11  1.93856e-12  2.02743e-12  -1.3638e-12  1.48853e-11  4.85323e-12  -6.61482e-12  2.64858e-11  -1.43582e-12  -1.43252e-12  -2.33705e-12  1.59562e-11  3.7578e-12  -2.06382e-12  9.4148e-12  1.88546e-11  1.9167e-11  -9.56649e-12  2.29841e-12  -6.37251e-12  -2.26999e-13  -4.84279e-12  -4.55984e-12  1.2315e-11  9.61291e-12  7.58275e-12  9.38255e-12  1.11638e-11  2.07838e-11  3.9603e-13  -3.04931e-12  -9.30493e-12  1.72577e-11  7.65736e-12  4.01132e-12  -4.51875e-12  8.44201e-12  -4.34723e-12  6.66471e-12  1.4102e-11  1.71103e-12  2.32853e-12  1.70253e-12  -1.37945e-11  6.9411e-12  -1.20622e-11  2.05301e-11  -1.11255e-12  -1.00392e-11  1.82441e-11  7.32192e-14  -7.34933e-12  -6.89149e-12  3.31128e-12  -3.15806e-12  7.69125e-12  6.98064e-12  -1.53695e-11  -7.43466e-12  6.02041e-12  1.8533e-11  -9.95047e-12  2.18991e-12  -4.11662e-12  -6.37727e-12  -4.06206e-12  -3.50917e-12  4.59192e-12  -7.47916e-12  7.30717e-12  -1.57598e-12  -1.38661e-11  -1.51523e-11  -4.34161e-12  1.96343e-11  -2.42797e-12  -2.07623e-11  3.25646e-12  -1.13476e-11  -5.11823e-12  -1.27187e-11  -1.73147e-11  -1.91227e-11  -1.69346e-11  -1.98738e-11  -1.64066e-11  -1.82739e-11  -2.30708e-11  -2.36911e-11  -4.2872e-11  -4.57699e-12  -1.80438e-11  -3.6231e-11  -1.64008e-12  -4.10363e-11  -1.42715e-11  -3.66351e-11  -5.78358e-12  -2.78067e-11  -2.58764e-11  -2.98359e-11  -8.31819e-12  -2.61588e-11  -1.68396e-11  -1.15626e-11  -4.06391e-11  -1.41329e-11  -3.02062e-11  -2.66748e-11  -1.45651e-11  -6.31836e-11  -4.32263e-11  -7.67664e-11  -6.90672e-11  -7.51463e-11  -1.13234e-11  -7.72217e-11  -8.91335e-11  -7.37629e-11  -6.14603e-11  -2.90548e-11  -1.24979e-10  -9.57146e-11  -1.20954e-10  -1.44585e-10  -9.52911e-11  -1.00965e-10  -7.75407e-11  -1.27052e-10  -7.00953e-11  -1.5632e-10  -1.28123e-10  -2.14774e-10  -1.51239e-10  -1.73119e-10  -2.77675e-10  -3.45041e-10  -3.20108e-10  -3.31966e-10
600 Eigenvalues converges, out of 600 requested.
Running with l = 1200
Starting Davidson with n_aux = 3000, l_buffer = 1800, lc = 1212, thresh = 0.003, max_iter = 100
Iter 1: V_size = 240, Converged = 0, ‖r‖ (largest λ) = 0.032488483234252935
Iter 2: V_size = 480, Converged = 0, ‖r‖ (largest λ) = 0.005894022566926656
Iter 3: V_size = 960, Converged = 0, ‖r‖ (largest λ) = 0.0006631194141480979
Iter 4: V_size = 1920, Converged = 0, ‖r‖ (largest λ) = 3.7134725888781206e-5
Iter 5: V_size = 3000, Converged = 10, ‖r‖ (largest λ) = 1.9791358956528203e-6
Iter 6: V_size = 3000, Converged = 10, ‖r‖ (largest λ) = 3.925538691916078e-6
Iter 7: V_size = 3000, Converged = 10, ‖r‖ (largest λ) = 4.703239915501878e-6
Iter 8: V_size = 3000, Converged = 181, ‖r‖ (largest λ) = 5.162703111183009e-6
Iter 9: V_size = 3000, Converged = 181, ‖r‖ (largest λ) = 1.0273932735380348e-5
Hybrid Davidson-JD corrections at iteration 10
Total MINRES iterations: 13391
Iter 10: V_size = 3000, Converged = 181, ‖r‖ (largest λ) = 1.144952791857593e-5
Converged all required eigenvalues.
42026.019055 seconds (399.33 M allocations: 25.886 TiB, 1.42% gc time, 0.01% compilation time)
Number of FLOPs: 114574873417791

Reading exact Eigenvalues...
Reading eigenvalues from ../../Eigenvalues_folder/eigenres_formaldehyde_RNDbasis1.jld2

Compute the difference between computed and exact eigenvalues:
1×1200 adjoint(::Vector{Float64}) with eltype Float64:
 -3.55271e-15  1.77636e-14  -7.10543e-15  7.10543e-15  1.77636e-15  -7.10543e-15  5.32907e-15  -2.13163e-14  0.0  -5.32907e-15  -8.88178e-16  1.77636e-15  2.66454e-15  -8.88178e-16  8.88178e-16  0.0  2.66454e-15  3.55271e-15  1.77636e-15  -1.77636e-15  0.0  0.0  -1.77636e-15  2.66454e-15  1.77636e-15  -4.44089e-15  4.44089e-16  -1.77636e-15  -4.88498e-15  -4.44089e-16  -1.77636e-15  4.44089e-16  8.88178e-16  4.44089e-16  3.10862e-15  -4.44089e-16  2.66454e-15  0.0  4.44089e-16  3.9968e-15  8.88178e-16  -2.66454e-15  -4.44089e-16  0.0  0.0  -1.77636e-15  1.77636e-15  0.0  -8.88178e-16  8.88178e-16  -1.33227e-15  -1.77636e-15  -2.22045e-15  4.44089e-16  0.0  0.0  0.0  4.44089e-16  4.44089e-16  8.88178e-16  1.33227e-15  4.44089e-16  0.0  -1.33227e-15  4.44089e-16  1.11022e-15  -4.44089e-16  -6.66134e-16  -2.22045e-16  -1.55431e-15  2.88658e-15  -4.44089e-16  -2.22045e-16  4.44089e-16  -1.55431e-15  1.9984e-15  0.0  1.55431e-15  -1.55431e-15  -1.55431e-15  1.33227e-15  2.22045e-16  2.44249e-15  0.0  1.9984e-15  4.44089e-16  3.77476e-15  -4.44089e-16  2.22045e-16  2.22045e-16  1.11022e-15  4.44089e-16  -1.9984e-15  -2.22045e-16  -2.22045e-16  1.33227e-15  -1.11022e-15  -4.44089e-16  -2.66454e-15  3.55271e-15  1.55431e-15  -2.22045e-16  8.88178e-16  -6.66134e-16  -1.11022e-15  -1.55431e-15  -8.88178e-16  6.66134e-16  -1.11022e-15  2.66454e-15  1.11022e-15  1.55431e-15  3.10862e-15  -1.77636e-15  2.22045e-15  2.22045e-16  -2.22045e-16  -8.88178e-16  -6.9722e-14  -1.34337e-13  -9.05942e-14  -1.69864e-14  -9.60343e-14  -9.09273e-14  -6.51257e-13  -7.91589e-14  -3.92129e-11  -1.26998e-10  -1.34921e-10  -1.85314e-10  -3.28371e-10  -3.3301e-10  -9.06838e-10  -1.07227e-9  -5.36852e-10  -8.08224e-10  -1.98014e-9  -2.32856e-9  -9.11307e-10  -2.00066e-9  -2.85547e-9  -2.46032e-9  -1.87685e-9  -1.84587e-9  -2.28371e-9  -3.80719e-9  -4.02939e-9  -5.53175e-9  -4.89921e-9  -4.29999e-9  -4.00178e-9  -1.03113e-8  -6.92858e-9  -4.07199e-9  -5.85915e-9  -1.39145e-8  -7.67251e-9  -1.30569e-8  -1.2509e-8  -1.01201e-8  -1.22547e-8  -1.73073e-8  -1.57863e-8  -3.11725e-8  -2.33153e-8  -1.6968e-8  -1.73199e-8  -2.13444e-8  -3.23145e-8  -2.17628e-8  -1.51388e-8  -2.63348e-8  -3.77104e-8  -4.42441e-8  -3.03014e-8  7.43849e-15  -5.42263e-8  7.60503e-14  -4.18909e-8  -2.92699e-8  -5.73022e-8  -4.54455e-8  1.83187e-14  -4.81804e-8  4.67404e-14  1.94289e-14  1.54321e-14  1.74305e-14  1.75415e-14  1.39888e-14  2.27596e-14  4.03011e-14  1.22125e-14  2.16493e-14  3.41949e-14  2.60902e-14  1.40998e-14  1.78746e-14  1.90958e-14  3.15303e-14  9.99201e-15  2.70894e-14  1.17684e-14  9.4369e-15  2.44249e-14  2.06501e-14  6.66134e-14  2.03171e-14  1.77636e-14  2.18714e-14  3.30846e-14  3.94129e-14  3.08087e-14  7.16094e-15  3.90243e-14  1.7375e-14  2.47025e-14  4.996e-15  1.24345e-14  1.54321e-14  2.38698e-14  1.2379e-14  2.04281e-14  3.48055e-14  2.12608e-14  3.15303e-14  1.42664e-14  1.53766e-14  1.31006e-14  5.24025e-14  1.19904e-14  8.10463e-15  2.19824e-14  1.62093e-14  7.59948e-14  4.66294e-14  6.54476e-14  4.17444e-14  2.49245e-14  2.2371e-14  4.03566e-14  2.12608e-14  2.82552e-14  4.57412e-14  7.33302e-14  2.7589e-14  3.24185e-14  4.77951e-14  1.89848e-14  3.01981e-14  2.77001e-14  4.38538e-14  5.97855e-14  1.27065e-13  3.747e-14  3.0087e-14  5.50116e-14  7.39409e-14  9.30922e-14  7.9603e-14  1.41609e-13  6.59472e-14  3.92464e-14  6.93889e-14  3.76921e-14  6.67244e-14  1.00753e-13  1.09801e-13  7.36078e-14  7.28861e-14  7.01661e-14  1.06526e-13  9.86988e-14  7.49401e-14  6.88893e-14  1.09801e-13  1.8302e-13  4.08562e-14  5.16254e-14  1.91847e-13  8.33777e-14  2.0306e-13  1.44329e-13  1.76748e-13  8.99836e-14  9.74776e-14  8.40439e-14  5.81202e-14  1.92402e-13  7.26086e-14  1.64257e-13  4.31377e-13  1.44662e-13  2.67286e-13  5.94524e-14  1.24734e-13  1.91458e-13  8.90954e-14  6.28941e-14  1.10079e-13  1.44995e-13  2.04059e-13  4.32654e-13  1.69698e-13  1.46438e-13  2.24321e-13  4.07285e-13  2.54297e-13  2.10332e-13  2.5302e-13  1.05582e-13  2.89213e-13  1.73361e-13  1.9218e-13  5.0604e-13  2.1394e-13  4.447e-13  2.02061e-13  3.81084e-13  2.38365e-13  1.19293e-13  5.86864e-13  3.86968e-13  1.28952e-13  2.8566e-13  3.6704e-13  1.47715e-13  3.06588e-13  4.27325e-13  3.38951e-13  3.39229e-13  6.99718e-13  3.42809e-13  3.31346e-13  5.19307e-13  5.09676e-13  3.00038e-13  1.42913e-13  6.22086e-13  7.7538e-13  3.49137e-13  1.26793e-12  3.61877e-13  4.8489e-13  2.62873e-13  4.83724e-13  4.79755e-13  1.80439e-13  6.60194e-13  4.31905e-13  4.39981e-13  9.49879e-13  1.52542e-12  5.03542e-13  4.85362e-13  1.17831e-12  6.29718e-13  9.59177e-13  1.64999e-12  1.29921e-12  9.45855e-13  1.01613e-12  2.81497e-13  1.08669e-12  8.46045e-13  1.17026e-12  1.51054e-12  4.87915e-13  3.13666e-12  1.83112e-12  1.07828e-12  2.05605e-12  6.38628e-13  1.04566e-12  1.05621e-12  5.92221e-13  1.52547e-12  1.64069e-12  1.41609e-12  1.74333e-12  1.6166e-12  3.17266e-12  1.71446e-12  2.00126e-12  1.4736e-12  1.77675e-12  2.27113e-12  4.19442e-12  1.97886e-12  3.02619e-12  8.42035e-12  3.54938e-12  4.36334e-12  4.7545e-12  3.87806e-12  3.5997e-12  6.56064e-12  3.14454e-12  5.40404e-12  2.89596e-12  5.51287e-12  6.77647e-12  4.75633e-12  4.22581e-12  6.80775e-12  4.28349e-12  3.43975e-12  5.97367e-12  9.8567e-12  3.05819e-12  4.52469e-12  4.82905e-12  4.407e-12  1.42597e-11  7.24851e-12  1.13025e-11  6.39466e-12  5.68076e-12  3.54708e-12  4.11066e-12  4.35083e-12  1.14817e-11  1.09784e-11  3.18104e-12  1.709e-11  5.27373e-12  1.11192e-11  8.52934e-12  1.39202e-11  4.90402e-12  1.48827e-11  8.27555e-12  1.00006e-11  6.50219e-12  1.01184e-11  1.33919e-11  5.43668e-12  1.28329e-11  1.28951e-11  1.10393e-11  4.67851e-12  2.21407e-11  9.67496e-12  2.40958e-11  1.79819e-11  7.1364e-12  1.88382e-11  1.00013e-11  2.185e-11  9.28604e-12  1.76735e-11  1.34505e-11  1.45815e-11  9.17857e-12  2.12559e-11  2.69566e-11  1.12999e-11  1.90317e-11  1.63372e-11  1.74303e-11  1.51442e-11  2.1566e-11  1.47597e-11  2.31432e-11  1.09983e-11  4.67984e-11  2.37322e-11  1.73879e-11  1.29421e-11  2.73609e-11  2.36085e-11  2.94537e-11  1.07367e-11  1.09862e-11  3.86418e-11  1.4589e-11  1.92221e-11  1.46576e-11  1.36615e-11  9.52828e-12  2.21676e-11  2.68492e-11  2.65883e-11  1.31739e-11  1.82765e-11  1.42323e-11  1.00693e-11  2.03219e-11  1.41206e-11  1.92957e-11  2.78353e-11  2.44241e-11  1.54562e-11  1.59939e-11  1.00261e-11  1.50733e-11  2.15267e-11  3.69829e-11  1.79329e-11  2.02885e-11  2.00154e-11  3.15186e-11  1.75129e-11  2.28339e-11  2.38934e-11  3.29414e-11  3.76822e-11  3.38215e-11  1.73684e-11  1.81715e-11  2.98502e-11  2.38544e-11  1.43993e-11  1.53916e-11  2.38814e-11  1.43621e-11  1.9543e-11  2.15834e-11  2.5314e-11  2.29475e-11  4.15215e-11  1.73626e-11  2.16809e-11  3.50216e-11  2.16882e-11  3.25446e-11  3.37572e-11  3.30452e-11  6.0029e-11  1.15842e-11  3.89676e-11  2.36764e-11  2.13029e-11  1.50546e-11  3.26374e-11  3.24703e-11  2.07287e-11  2.20463e-11  2.78235e-11  2.83782e-11  3.21969e-11  2.76781e-11  3.1556e-11  7.01182e-11  1.95258e-11  4.04796e-11  3.42545e-11  4.07523e-11  2.02233e-11  3.99818e-11  5.78676e-11  3.26236e-11  4.68133e-11  3.42396e-11  4.39744e-11  6.43224e-11  3.48943e-11  1.84373e-11  5.20944e-11  1.82782e-11  4.09758e-11  1.44686e-11  2.72488e-11  4.54757e-11  3.27907e-11  3.14977e-11  2.35115e-11  6.00347e-11  6.14175e-11  4.21308e-11  2.2977e-11  6.04006e-11  1.96186e-11  2.70586e-11  3.14398e-11  3.5055e-11  2.36994e-11  2.35289e-11  2.98678e-11  4.14851e-11  3.72156e-11  2.18987e-11  4.1564e-11  3.2027e-11  3.20683e-11  2.42467e-11  4.86268e-11  2.92369e-11  3.16113e-11  3.202e-11  2.79534e-11  2.06148e-11  1.96803e-11  3.62274e-11  2.77006e-11  3.94682e-11  3.1232e-11  3.05118e-11  5.32945e-11  1.40507e-11  5.18328e-11  4.32592e-11  2.35067e-11  2.29594e-11  4.81219e-11  2.40582e-11  3.49805e-11  4.31432e-11  4.08208e-11  3.67318e-11  2.39893e-11  2.05969e-11  2.40673e-11  2.8838e-11  5.23848e-11  8.68432e-11  2.66925e-11  3.00907e-11  2.45857e-11  2.27255e-11  3.53772e-11  6.32074e-11  6.29912e-11  2.06631e-11  3.60521e-11  4.39891e-11  2.86416e-11  4.33926e-11  3.0855e-11  3.66668e-11  3.61473e-11  3.60792e-11  5.45134e-11  3.14287e-11  3.01908e-11  2.15049e-11  3.44897e-11  4.261e-11  2.88801e-11  2.79633e-11  6.10105e-11  3.58611e-11  3.49019e-11  2.61044e-11  1.94779e-11  4.78687e-11  2.55328e-11  4.62007e-11  6.69249e-11  1.69081e-11  1.54247e-11  5.88374e-11  3.46498e-11  2.62006e-11  5.4063e-11  4.35774e-11  3.77578e-11  2.92278e-11  3.21969e-11  2.96945e-11  3.22137e-11  4.95438e-11  6.68068e-11  3.25626e-11  1.25031e-11  2.46381e-11  4.73564e-11  5.41503e-11  2.34163e-11  2.05073e-11  3.57423e-11  2.93951e-11  3.75049e-11  2.842e-11  3.62851e-11  3.27872e-11  3.37915e-11  2.04945e-11  2.1621e-11  4.79334e-11  3.51289e-11  3.24351e-11  2.01333e-11  1.93517e-11  3.15232e-11  4.00823e-11  3.18713e-11  8.43869e-12  1.81537e-11  3.96321e-11  3.98071e-11  3.02122e-11  2.83779e-11  5.02311e-11  2.08954e-11  2.59213e-11  2.87626e-11  3.9114e-11  2.13194e-11  4.33363e-11  3.19016e-11  3.11886e-11  3.32012e-11  5.34868e-11  3.11595e-11  2.07252e-11  1.12003e-11  1.37136e-11  8.58844e-11  2.11488e-11  5.62422e-11  4.92272e-11  2.12514e-11  2.35163e-11  2.38963e-11  3.2096e-11  3.42658e-11  3.67291e-11  6.57958e-11  4.63883e-11  2.44958e-11  4.0962e-11  1.86422e-11  4.61124e-11  4.7805e-11  3.22697e-11  4.4128e-11  2.56475e-11  2.28695e-11  2.81492e-11  3.51982e-11  2.27768e-11  3.71887e-11  3.40345e-11  4.11917e-11  3.59949e-11  5.51836e-11  2.48811e-11  1.82761e-11  4.98268e-11  3.44976e-11  7.42538e-11  4.21559e-11  2.02466e-11  2.6977e-11  4.44048e-11  5.83431e-11  4.80286e-11  2.4908e-11  3.80036e-11  3.02065e-11  2.24172e-11  2.96287e-11  3.38568e-11  1.97968e-11  7.57999e-11  4.07183e-11  5.03407e-11  4.53103e-11  4.7574e-11  4.50198e-11  3.4676e-11  3.51937e-11  2.70696e-11  2.28917e-11  1.90701e-11  3.34419e-11  3.10724e-11  1.86893e-11  3.4449e-11  3.39023e-11  3.75721e-11  2.3782e-11  5.63388e-11  5.15789e-11  4.42786e-11  4.08942e-11  2.26835e-11  2.49184e-11  4.22594e-11  6.34226e-11  3.23669e-11  3.87771e-11  3.24896e-11  5.48901e-11  2.9062e-11  2.70159e-11  6.16876e-11  4.34444e-11  4.18943e-11  1.6104e-11  4.26291e-11  4.37489e-11  3.29379e-11  3.81235e-11  2.37328e-11  4.00149e-11  4.47981e-11  5.04241e-11  1.44605e-11  2.99206e-11  2.40876e-11  3.4877e-11  3.32919e-11  2.91228e-11  3.18028e-11  6.56184e-11  8.08226e-11  3.5183e-11  3.43863e-11  2.58541e-11  1.81794e-11  7.55805e-11  3.61999e-11  2.75893e-11  5.91716e-11  6.90429e-11  1.85016e-11  3.13674e-11  2.85237e-11  2.12474e-11  2.6708e-11  1.49893e-10  6.01399e-11  6.07965e-11  2.58724e-11  2.23923e-11  4.34707e-11  2.12725e-11  4.24112e-11  2.1896e-11  4.44362e-11  2.30369e-11  3.79696e-11  5.30427e-11  6.55535e-11  3.12592e-11  6.19234e-11  3.91583e-11  6.32465e-11  7.53967e-11  5.36734e-11  3.07192e-11  3.97894e-11  2.76291e-11  3.04139e-11  3.50916e-11  4.01528e-11  4.33238e-11  5.21447e-11  8.21368e-11  7.56925e-11  6.17881e-11  2.38662e-11  3.66841e-11  7.80846e-11  2.1068e-11  1.96462e-11  4.75665e-11  4.75692e-11  2.14143e-11  5.17448e-11  4.51682e-11  4.38955e-11  4.81126e-11  2.37077e-11  2.84028e-11  4.99836e-11  3.58385e-11  5.1112e-11  3.75286e-11  5.37696e-11  6.13319e-11  2.6415e-11  6.76684e-11  8.46091e-11  4.02883e-11  2.16182e-11  5.21587e-11  6.12695e-11  4.23642e-11  4.19074e-11  2.44514e-11  2.98666e-11  5.63453e-11  2.13166e-11  3.43931e-11  8.90597e-11  1.61195e-11  3.03551e-11  3.84955e-11  5.93297e-11  3.54684e-11  2.97988e-11  4.14454e-11  7.75984e-11  5.29842e-11  3.23729e-11  6.46566e-11  5.29501e-11  1.46228e-11  4.72564e-11  4.55315e-11  2.40266e-11  5.32567e-11  5.21285e-11  3.48629e-11  6.7629e-11  3.76165e-11  5.29194e-11  2.27795e-11  3.64939e-11  3.18885e-11  4.37095e-11  7.94955e-11  5.86615e-11  3.74999e-11  4.06379e-11  5.59523e-11  5.76164e-11  1.03455e-10  5.40886e-11  7.88005e-11  4.8261e-11  5.60212e-11  3.64887e-11  2.08293e-11  7.48494e-11  4.96185e-11  4.55006e-11  5.47569e-11  6.05751e-11  3.61881e-11  2.75239e-11  3.7037e-11  4.67757e-11  5.51722e-11  6.3649e-11  4.95939e-11  4.40751e-11  3.62433e-11  3.58013e-11  6.34376e-11  8.9094e-11  4.07121e-11  5.18007e-11  4.53883e-11  4.7331e-11  6.16481e-11  9.05829e-11  2.09629e-11  4.39266e-11  3.47319e-11  7.02007e-11  5.82618e-11  5.5801e-11  2.31184e-11  8.79904e-11  8.45772e-11  5.43714e-11  1.73852e-10  1.11104e-10  3.04043e-11  6.69133e-11  1.0145e-10  1.74993e-11  4.20826e-11  4.72292e-11  3.11987e-11  2.86395e-11  2.50523e-11  3.49998e-11  2.81422e-11  1.8521e-11  -1.41639e-6  -1.35764e-6  -1.24067e-6  -1.19928e-6  -1.53221e-6  -1.33346e-6  -1.46326e-6  -1.42952e-6  -1.48041e-6  -1.42817e-6  -1.56458e-6  -1.39772e-6  -1.34551e-6  -1.44377e-6  -1.44826e-6  -1.47607e-6  -1.43686e-6  -1.46349e-6  -1.53763e-6  -1.4398e-6  -1.51001e-6  -1.58775e-6  -1.59637e-6  -1.60229e-6  -1.56266e-6  -1.42598e-6  -1.55093e-6  -1.58224e-6  -1.45594e-6  -1.61503e-6  -1.43025e-6  -1.58644e-6  -1.58158e-6  -1.58156e-6  -1.62756e-6  -1.44519e-6  -1.61499e-6  -1.54877e-6  -1.59035e-6  -1.79498e-6  -1.63831e-6  -1.62874e-6  -1.70779e-6  -1.57795e-6  -1.50239e-6  -1.46363e-6  -1.59359e-6  -1.61777e-6  -1.66808e-6  -1.63932e-6  -1.59538e-6  -1.68011e-6  -1.60787e-6  -1.84001e-6  -1.65733e-6  -1.86584e-6  -1.7139e-6  -1.76902e-6  -1.61678e-6  -1.73743e-6  -1.5424e-6  -1.63594e-6  -1.79227e-6  -1.5597e-6  -1.51883e-6  -1.76404e-6  -1.801e-6  -1.9037e-6  -1.64292e-6  -1.97114e-6  -1.92442e-6  -1.6875e-6  -1.82628e-6  -1.7225e-6  -1.93647e-6  -1.77221e-6  -2.02182e-6  -2.05031e-6  -1.88804e-6  -1.81051e-6  -1.6663e-6  -2.09878e-6  -2.01286e-6  -1.83772e-6  -1.96281e-6  -1.98611e-6  -1.85728e-6  -1.8602e-6  -2.07396e-6  -1.94203e-6  -1.92982e-6  -2.09929e-6  -2.11926e-6  -2.02588e-6  -1.89062e-6  -2.33095e-6  -2.27426e-6  -1.95645e-6  -2.16064e-6  -2.15054e-6  -2.22537e-6  -2.06593e-6  -2.04697e-6  -2.0409e-6  -1.98545e-6  -2.23726e-6  -2.02016e-6  -2.1698e-6  -2.13229e-6  -2.13028e-6  -2.05959e-6  -1.86128e-6  -2.25407e-6  -2.33681e-6  -2.12478e-6  -2.52001e-6  -2.13998e-6  -2.39351e-6  -2.30109e-6  -2.22658e-6  -2.06905e-6  -2.18589e-6  -2.25332e-6  -2.22916e-6  -2.41676e-6  -2.54926e-6  -2.20962e-6  -2.1571e-6  -2.08525e-6  -2.36523e-6  -2.05664e-6  -2.34183e-6  -2.32186e-6  -2.09547e-6  -2.4964e-6  -2.32078e-6  -2.19704e-6  -2.37317e-6  -2.47271e-6  -2.30105e-6  -2.58076e-6  -2.31022e-6  -2.57167e-6  -2.26598e-6  -2.53672e-6  -2.28443e-6  -2.44537e-6  -2.92583e-6  -2.45762e-6  -2.66501e-6  -2.4992e-6  -2.58924e-6  -2.81087e-6  -2.37011e-6  -2.59823e-6  -2.64533e-6  -2.80357e-6  -2.79333e-6  -2.44513e-6  -2.54499e-6  -2.82015e-6  -3.34835e-6  -3.1622e-6  -2.68232e-6  -2.94921e-6  -2.5044e-6  -2.74631e-6  -2.77199e-6  -3.05228e-6  -3.13694e-6  -3.06421e-6  -2.815e-6  -3.03854e-6  -3.00238e-6  -2.84398e-6  -2.76528e-6  -2.84162e-6  -2.75274e-6  -3.02583e-6  -2.7692e-6  -3.32062e-6  -3.10143e-6  -3.4805e-6  -3.07252e-6  -3.36752e-6  -3.02701e-6  -3.24566e-6  -3.37236e-6  -2.89447e-6  -2.81217e-6  -2.79484e-6  -3.59209e-6  -3.63091e-6  -3.46542e-6  -3.38596e-6  -2.97356e-6  -3.41671e-6  -3.64659e-6  -3.50253e-6  -3.91834e-6  -3.24026e-6  -3.98774e-6  -3.18716e-6  -3.32996e-6  -3.35279e-6  -4.06184e-6  -4.42701e-6  -5.40538e-6  -4.36395e-6  -3.86638e-6  -4.00521e-6  -3.83271e-6  -4.6872e-6  -5.56208e-6  -4.15552e-6  -5.41324e-6  -4.97198e-6  -4.68063e-6  -5.46095e-6  -4.94453e-6  -5.26979e-6  -3.82974e-6  -5.75144e-6  -5.21984e-6  -4.38413e-6  -4.47436e-6
1200 Eigenvalues converges, out of 1200 requested.
Running with beta = 32
Running with l = 60
Starting Davidson with n_aux = 512, l_buffer = 90, lc = 61, thresh = 0.0015, max_iter = 100
Iter 1: V_size = 32, Converged = 0, ‖r‖ (largest λ) = 0.8656922926223112
Iter 2: V_size = 64, Converged = 0, ‖r‖ (largest λ) = 0.18084421183679666
Iter 3: V_size = 128, Converged = 0, ‖r‖ (largest λ) = 0.060623910912410116
Iter 4: V_size = 218, Converged = 0, ‖r‖ (largest λ) = 0.09164873999488632
Iter 5: V_size = 308, Converged = 0, ‖r‖ (largest λ) = 0.49834366829223853
Iter 6: V_size = 394, Converged = 4, ‖r‖ (largest λ) = 0.11034496814644347
Iter 7: V_size = 480, Converged = 4, ‖r‖ (largest λ) = 0.007484730182962817
Iter 8: V_size = 172, Converged = 4, ‖r‖ (largest λ) = 0.00011806341109952234
Iter 9: V_size = 258, Converged = 4, ‖r‖ (largest λ) = 3.6163288267971657e-6
Converged all required eigenvalues.
996.813816 seconds (1.97 M allocations: 134.864 GiB, 0.76% gc time)
Number of FLOPs: 4372274410042

Reading exact Eigenvalues...
Reading eigenvalues from ../../Eigenvalues_folder/eigenres_formaldehyde_RNDbasis1.jld2

Compute the difference between computed and exact eigenvalues:
1×60 adjoint(::Vector{Float64}) with eltype Float64:
 -3.55271e-15  7.10543e-15  0.0  5.32907e-15  0.0  0.0  8.88178e-15  -7.10543e-15  -1.77636e-15  5.32907e-15  0.0  1.77636e-15  -1.77636e-15  -1.77636e-15  -1.77636e-15  0.0  4.44089e-15  5.32907e-15  3.55271e-15  -2.66454e-15  0.0  0.0  8.88178e-16  -2.66454e-15  -8.88178e-16  -2.66454e-15  1.33227e-15  1.33227e-15  -2.66454e-15  1.77636e-15  -1.77636e-15  8.88178e-16  1.77636e-15  -8.88178e-16  1.33227e-15  -4.44089e-16  -1.33227e-15  1.33227e-15  4.44089e-16  0.0  2.22045e-15  2.66454e-15  -2.22045e-15  -1.77636e-15  -8.88178e-16  -2.22045e-15  2.66454e-15  -4.88498e-15  3.55271e-15  0.0  -1.77636e-15  -3.55271e-15  -8.88178e-16  2.22045e-15  -1.77636e-15  -4.44089e-16  1.77636e-15  -1.33227e-15  2.22045e-15  4.21885e-15
60 Eigenvalues converges, out of 60 requested.
Running with l = 300
Starting Davidson with n_aux = 960, l_buffer = 450, lc = 303, thresh = 0.002, max_iter = 100
Iter 1: V_size = 60, Converged = 0, ‖r‖ (largest λ) = 0.26486861963827185
Iter 2: V_size = 120, Converged = 0, ‖r‖ (largest λ) = 0.06605965136343936
Iter 3: V_size = 240, Converged = 0, ‖r‖ (largest λ) = 0.024614027791462368
Iter 4: V_size = 480, Converged = 0, ‖r‖ (largest λ) = 0.005532686722171159
Iter 5: V_size = 929, Converged = 1, ‖r‖ (largest λ) = 0.0012823894690469453
Iter 6: V_size = 882, Converged = 9, ‖r‖ (largest λ) = 0.006959442605831579
Iter 7: V_size = 882, Converged = 9, ‖r‖ (largest λ) = 0.007446652446262207
Iter 8: V_size = 878, Converged = 11, ‖r‖ (largest λ) = 0.003944300837591246
Iter 9: V_size = 878, Converged = 11, ‖r‖ (largest λ) = 0.002790537558587821
Hybrid Davidson-JD corrections at iteration 10
Total MINRES iterations: 199
Iter 10: V_size = 878, Converged = 11, ‖r‖ (largest λ) = 0.002077002426359225
Hybrid Davidson-JD corrections at iteration 11
Total MINRES iterations: 37
Iter 11: V_size = 394, Converged = 253, ‖r‖ (largest λ) = 0.0014807677969722983
Hybrid Davidson-JD corrections at iteration 12
Total MINRES iterations: 112
Iter 12: V_size = 591, Converged = 253, ‖r‖ (largest λ) = 0.0012496253371834353
Hybrid Davidson-JD corrections at iteration 13
Total MINRES iterations: 264
Iter 13: V_size = 788, Converged = 253, ‖r‖ (largest λ) = 0.0012828802984399224
Converged all required eigenvalues.
5115.376597 seconds (41.64 M allocations: 2.564 TiB, 1.13% gc time, 0.12% compilation time)
Number of FLOPs: 21707258446711

Reading exact Eigenvalues...
Reading eigenvalues from ../../Eigenvalues_folder/eigenres_formaldehyde_RNDbasis1.jld2

Compute the difference between computed and exact eigenvalues:
1×300 adjoint(::Vector{Float64}) with eltype Float64:
 7.10543e-15  -3.55271e-15  7.10543e-15  3.55271e-15  -8.88178e-15  0.0  5.32907e-15  -1.59872e-14  0.0  0.0  -4.44089e-15  -8.88178e-16  8.88178e-16  8.88178e-16  -1.77636e-15  0.0  8.88178e-16  2.66454e-15  3.55271e-15  -1.77636e-15  8.88178e-16  8.88178e-16  8.88178e-16  -3.55271e-15  -2.66454e-15  -1.77636e-15  3.10862e-15  -1.33227e-15  -8.88178e-16  1.33227e-15  0.0  -8.88178e-16  -1.77636e-15  1.33227e-15  1.77636e-15  4.44089e-16  -4.44089e-16  0.0  1.77636e-15  4.44089e-16  0.0  -1.33227e-15  0.0  0.0  -8.88178e-16  -8.88178e-16  8.88178e-16  4.44089e-16  8.88178e-16  0.0  -1.77636e-15  8.88178e-16  4.44089e-16  1.77636e-15  0.0  2.22045e-15  8.88178e-16  8.88178e-16  1.33227e-15  1.11022e-15  1.77636e-15  8.88178e-16  -1.11022e-15  2.22045e-16  2.22045e-16  -6.66134e-16  1.9984e-15  0.0  -4.44089e-16  2.22045e-16  0.0  -2.22045e-16  -1.55431e-15  -2.22045e-16  -2.88658e-15  -4.44089e-16  8.88178e-16  -1.11022e-15  -4.44089e-16  1.33227e-15  0.0  -4.44089e-16  1.55431e-15  4.44089e-16  2.22045e-15  0.0  1.33227e-15  0.0  -1.33227e-15  1.11022e-15  0.0  -6.66134e-16  -2.22045e-15  1.11022e-15  1.11022e-15  2.22045e-16  -2.22045e-16  4.44089e-16  -6.66134e-16  8.88178e-16  2.88658e-15  1.33227e-15  -2.22045e-15  -8.88178e-16  1.55431e-15  -1.11022e-15  0.0  2.88658e-15  -8.88178e-16  1.11022e-15  -1.11022e-15  -2.22045e-16  2.66454e-15  0.0  2.22045e-16  1.77636e-15  0.0  2.22045e-16  -1.9984e-15  -2.22045e-16  4.44089e-16  -4.44089e-16  -2.22045e-15  1.88738e-15  -3.66374e-15  3.33067e-16  -3.33067e-16  -3.44169e-15  -1.88738e-15  -5.10703e-15  -3.44169e-15  -5.77316e-15  -1.29896e-14  -1.5099e-14  -2.08722e-14  -1.4877e-14  -1.78746e-14  -2.22045e-14  -2.38698e-14  -1.45439e-14  -1.55431e-14  -2.80886e-14  -3.95239e-14  -2.26485e-14  -2.52021e-14  -6.09512e-14  -5.55112e-14  -7.69385e-14  -3.29736e-14  -7.01661e-14  -7.81597e-14  -4.11893e-14  -9.13714e-14  -1.06248e-13  -1.25455e-13  -2.29261e-13  -2.54019e-13  -2.11942e-13  -4.39426e-13  -2.4547e-13  -6.67244e-13  -6.88782e-13  -7.43072e-13  -3.57159e-13  -4.12337e-13  -6.97331e-13  -5.55778e-13  -7.06102e-13  -1.42963e-12  -1.34537e-12  -1.03006e-12  -1.52056e-12  -9.79661e-13  -2.46569e-12  -1.88938e-12  -2.99383e-12  -3.13782e-12  -3.45057e-12  -1.99141e-12  -2.62546e-12  -3.0681e-12  -3.28093e-12  -6.46072e-12  -7.28151e-12  -8.40428e-12  -7.56462e-12  -7.1394e-12  -1.1748e-11  -1.35429e-11  -8.67406e-12  -1.1689e-11  -5.98321e-12  -1.23854e-11  -8.89822e-12  -1.47449e-11  -1.88061e-11  -1.13002e-11  -1.79902e-11  -1.02434e-11  -1.99104e-11  -1.36049e-11  -1.75794e-11  -2.5052e-11  -2.18807e-11  -1.95129e-11  -2.60652e-11  -5.41417e-11  -5.06082e-11  -2.98147e-11  -4.91788e-11  -6.14948e-11  -3.81168e-11  -3.36099e-11  -7.13756e-11  -7.88182e-11  -6.47999e-11  -1.00266e-10  -7.12958e-11  -7.35284e-11  -6.54681e-11  -9.3002e-11  -1.18592e-10  -8.20098e-11  -9.80907e-11  -1.08909e-10  -1.69069e-10  -1.24932e-10  -1.6431e-10  -1.40918e-10  -1.9015e-10  -1.99146e-10  -2.34857e-10  -1.85313e-10  -2.8705e-10  -3.13054e-10  -2.75514e-10  -5.42304e-10  -4.17261e-10  -3.6233e-10  -4.47021e-10  -6.44112e-10  -7.17862e-10  -8.36192e-10  -6.73632e-10  -4.56053e-10  -8.92413e-10  -1.25322e-9  -8.8923e-10  -1.44956e-9  -1.28987e-9  -3.2474e-14  -1.28392e-9  -1.68753e-9  0.0  -1.63632e-9  4.996e-16  -1.11022e-16  -5.55112e-16  -4.996e-16  -1.66533e-16  -9.99201e-16  2.05391e-15  -4.44089e-16  -1.66533e-16  -1.66533e-16  0.0  -5.55112e-17  -2.9976e-15  -1.55431e-15  -4.44089e-16  -1.4988e-15  -2.9976e-15  -2.9976e-15  -1.11022e-15  -4.60743e-15  -2.94209e-15  -4.10783e-15  6.66134e-16  -5.82867e-15  -1.11022e-16  4.44089e-16  -1.66533e-16  -1.11022e-16  9.99201e-16  -1.11022e-16  9.4369e-16  8.88178e-16  -5.55112e-17  1.66533e-16  -5.55112e-16  -8.32667e-16  -2.22045e-16  5.55112e-16  -1.66533e-16  3.88578e-16  2.44249e-15  8.32667e-16  1.4988e-15  -2.22045e-16  1.27676e-15
300 Eigenvalues converges, out of 300 requested.
Running with l = 600
Starting Davidson with n_aux = 1920, l_buffer = 900, lc = 606, thresh = 0.0025, max_iter = 100
Iter 1: V_size = 120, Converged = 0, ‖r‖ (largest λ) = 0.10358086508213564
Iter 2: V_size = 240, Converged = 0, ‖r‖ (largest λ) = 0.025588054618247306
Iter 3: V_size = 480, Converged = 0, ‖r‖ (largest λ) = 0.005422886881735896
Iter 4: V_size = 960, Converged = 0, ‖r‖ (largest λ) = 0.0006278081963591829
Iter 5: V_size = 1857, Converged = 3, ‖r‖ (largest λ) = 7.638828250977523e-5
Iter 6: V_size = 1794, Converged = 3, ‖r‖ (largest λ) = 0.000309542107819557
Iter 7: V_size = 1794, Converged = 3, ‖r‖ (largest λ) = 0.000432750921079079
Iter 8: V_size = 1794, Converged = 3, ‖r‖ (largest λ) = 0.00019612600253548308
Iter 9: V_size = 1302, Converged = 249, ‖r‖ (largest λ) = 0.0001402100988637185
Hybrid Davidson-JD corrections at iteration 10
Total MINRES iterations: 835
Iter 10: V_size = 1302, Converged = 249, ‖r‖ (largest λ) = 0.00011264657211560328
Hybrid Davidson-JD corrections at iteration 11
Total MINRES iterations: 3950
Iter 11: V_size = 1302, Converged = 249, ‖r‖ (largest λ) = 8.381776352606327e-5
Converged all required eigenvalues.
11493.248598 seconds (128.95 M allocations: 8.111 TiB, 1.27% gc time, 0.05% compilation time)
Number of FLOPs: 50224406839724

Reading exact Eigenvalues...
Reading eigenvalues from ../../Eigenvalues_folder/eigenres_formaldehyde_RNDbasis1.jld2

Compute the difference between computed and exact eigenvalues:
1×600 adjoint(::Vector{Float64}) with eltype Float64:
 -1.06581e-14  0.0  2.84217e-14  1.77636e-15  -1.77636e-15  0.0  5.32907e-15  -1.24345e-14  0.0  5.32907e-15  -8.88178e-16  -8.88178e-16  8.88178e-16  0.0  0.0  1.77636e-15  8.88178e-16  8.88178e-16  1.77636e-15  -8.88178e-16  3.55271e-15  0.0  -2.66454e-15  -1.77636e-15  4.44089e-15  -3.55271e-15  0.0  1.77636e-15  0.0  1.33227e-15  -1.33227e-15  0.0  3.55271e-15  2.22045e-15  -1.33227e-15  4.44089e-16  4.88498e-15  3.9968e-15  3.10862e-15  8.88178e-16  2.22045e-15  8.88178e-16  -5.77316e-15  8.88178e-16  1.33227e-15  -1.33227e-15  0.0  -4.44089e-15  0.0  -2.22045e-15  -4.44089e-16  -1.33227e-15  4.44089e-16  1.33227e-15  -5.32907e-15  -4.44089e-15  -4.44089e-16  -2.66454e-15  -2.66454e-15  1.77636e-15  -5.10703e-15  2.44249e-15  1.9984e-15  1.9984e-15  5.77316e-15  6.66134e-16  2.88658e-15  6.66134e-16  -1.9984e-15  1.77636e-15  -3.9968e-15  1.77636e-15  -3.55271e-15  -3.77476e-15  2.22045e-15  -4.44089e-15  7.10543e-15  5.10703e-15  -1.77636e-15  -4.44089e-16  -3.10862e-15  -2.66454e-15  3.55271e-15  1.33227e-15  1.11022e-15  5.10703e-15  5.55112e-15  4.21885e-15  -7.99361e-15  4.88498e-15  -7.77156e-15  -8.88178e-16  -4.44089e-16  -2.44249e-15  8.43769e-15  -4.44089e-16  6.43929e-15  4.44089e-15  3.10862e-15  7.99361e-15  3.33067e-15  4.88498e-15  4.66294e-15  -5.10703e-15  -9.32587e-15  -4.21885e-15  -5.55112e-15  -9.32587e-15  6.66134e-16  5.77316e-15  8.88178e-16  -2.66454e-15  -9.76996e-15  -6.21725e-15  -1.11022e-15  -1.13243e-14  -1.02141e-14  5.77316e-15  -9.99201e-15  -1.08802e-14  -2.34257e-13  -5.10703e-14  -4.9194e-13  -2.28706e-13  -1.1614e-12  -1.20104e-12  -1.12682e-10  -1.99314e-10  -2.80519e-10  -2.80353e-10  -2.72364e-10  -2.71917e-10  -2.54376e-10  -6.92526e-10  -3.40319e-10  -4.74479e-10  -7.07516e-10  -1.22141e-9  -1.03609e-9  -6.95477e-10  -6.59421e-10  -9.3878e-10  -7.84542e-10  -1.90058e-9  -6.99386e-10  -1.01592e-9  -1.83343e-9  -2.30301e-9  -1.10728e-9  -1.25289e-9  -2.46382e-9  -2.42548e-9  -1.31176e-9  -2.42021e-9  -3.23178e-9  -3.61816e-9  -4.53212e-9  -4.12461e-9  -4.43288e-9  -8.31373e-9  -7.56675e-9  -7.36178e-9  -7.74814e-9  -8.43879e-9  -8.82275e-9  -7.38049e-9  -1.01994e-8  -1.26983e-8  -1.1293e-8  -9.70188e-9  -1.21636e-8  -6.0104e-9  -1.34334e-8  -2.0499e-8  -1.50431e-8  -2.2948e-8  -2.78896e-8  -2.18015e-8  -2.03655e-8  -1.96583e-8  -2.67922e-8  -3.05514e-8  -3.08249e-8  -2.08898e-8  -3.72765e-8  -2.755e-8  -2.72901e-8  -3.73836e-8  -2.51927e-8  -2.54578e-8  -4.61653e-8  -2.96695e-8  -3.22455e-8  -2.45094e-8  -4.78168e-8  -3.99675e-8  -4.84683e-8  -4.1491e-8  -5.08993e-8  -7.25852e-8  -3.80678e-8  -4.3289e-8  -4.5521e-8  -5.38288e-8  -4.92564e-8  -5.80889e-8  -8.04841e-8  -8.42254e-8  -6.87905e-8  -6.12907e-8  -1.10048e-7  -8.34618e-8  -8.62471e-8  -9.6895e-8  -6.08742e-8  -7.85559e-8  -6.11336e-8  -8.63366e-8  -7.65742e-8  -9.57934e-8  -9.17331e-8  -1.07821e-7  -9.67851e-8  -7.36956e-8  -1.36328e-7  -8.76073e-8  -1.42861e-7  -1.32297e-7  -1.6731e-7  -9.08281e-8  -1.28375e-7  -1.57613e-7  -1.30722e-7  -1.32371e-7  -1.61578e-7  -1.98096e-7  -2.33348e-7  -1.50232e-7  -2.16059e-7  -1.81502e-7  -2.42499e-7  -2.31184e-7  -2.03941e-7  -1.94444e-7  -2.5231e-7  1.1483e-12  8.85902e-13  7.60336e-13  3.47611e-13  5.63549e-13  -2.05869e-7  -1.52005e-7  -2.37745e-7  -2.50264e-7  5.9982e-12  2.18786e-12  2.88941e-12  2.54463e-12  4.94549e-13  5.81646e-13  6.6952e-13  6.70908e-13  7.93532e-13  1.20609e-12  5.42566e-13  9.75831e-13  9.63118e-13  1.6982e-12  6.79679e-13  4.39981e-13  8.27671e-13  1.39322e-12  1.37079e-12  1.45445e-12  2.71638e-12  9.62563e-13  1.50896e-12  1.19849e-12  1.29341e-12  1.62126e-12  1.77552e-12  1.13398e-12  1.64208e-12  1.12638e-12  1.13293e-12  2.93199e-12  1.1427e-12  1.38634e-12  1.50246e-12  1.13315e-12  1.54921e-12  1.7133e-12  1.46239e-12  1.20221e-12  1.31345e-12  1.35325e-12  9.8016e-13  9.00058e-13  1.69004e-12  1.71763e-12  2.35423e-12  1.89831e-12  2.83196e-12  1.81039e-12  2.33186e-12  4.20119e-12  1.78124e-12  2.77489e-12  3.13832e-12  1.90009e-12  2.68802e-12  4.95842e-12  4.15429e-12  1.83131e-12  2.83656e-12  2.01861e-12  2.54963e-12  2.26374e-12  3.46845e-12  1.32594e-12  5.40951e-12  5.34944e-12  3.78808e-12  2.16122e-12  3.51141e-12  2.93293e-12  2.70395e-12  4.07741e-12  4.6384e-12  3.65738e-12  4.0597e-12  2.3884e-12  6.01932e-12  4.32687e-12  4.86536e-12  4.11976e-12  4.03799e-12  3.40594e-12  3.8721e-12  7.48243e-12  4.70105e-12  4.62233e-12  3.9424e-12  3.01065e-12  1.47218e-11  6.09196e-12  8.72291e-12  1.26311e-11  5.38777e-12  1.35524e-11  5.50621e-12  1.1805e-11  9.63665e-12  7.24742e-12  9.30739e-12  9.5004e-12  6.44107e-12  5.72942e-12  1.34107e-11  8.6364e-12  2.15529e-11  1.95112e-11  1.07236e-11  1.13499e-11  9.05856e-12  2.28031e-11  2.15514e-11  1.22511e-11  1.57879e-11  2.1231e-11  1.061e-11  1.24996e-11  1.92266e-11  1.66246e-11  1.02466e-11  1.03955e-11  1.53482e-11  1.73007e-11  3.05914e-11  2.02241e-11  2.83572e-11  1.05524e-11  1.47585e-11  2.65195e-11  1.91444e-11  1.41887e-11  1.30743e-11  2.71992e-11  2.26256e-11  3.27591e-11  2.64818e-11  4.1484e-11  1.78373e-11  5.31324e-11  2.305e-11  3.66593e-11  4.01569e-11  3.04958e-11  3.48351e-11  7.2106e-11  4.28676e-11  4.62455e-11  4.84239e-11  3.00168e-11  2.72083e-11  5.69907e-11  3.97935e-11  5.49839e-11  4.10979e-11  4.48771e-11  7.9656e-11  6.8935e-11  5.16059e-11  5.88774e-11  3.16646e-11  7.56425e-11  5.67559e-11  4.83022e-11  5.33039e-11  7.54977e-11  1.17919e-10  8.47837e-11  6.1368e-11  5.8874e-11  6.50031e-11  8.75404e-11  3.84083e-11  9.57457e-11  1.66403e-10  5.17868e-11  9.72744e-11  1.02908e-10  1.24565e-10  6.93995e-11  7.63683e-11  5.25871e-11  8.73456e-11  6.13246e-11  8.41832e-11  7.68272e-11  1.2218e-10  7.84844e-11  7.57235e-11  6.225e-11  1.32143e-10  7.41561e-11  9.4619e-11  1.29089e-10  6.03965e-11  7.44567e-11  7.93264e-11  8.35958e-11  7.66822e-11  9.61864e-11  9.48443e-11  1.2217e-10  1.2698e-10  1.59955e-10  1.1522e-10  9.63389e-11  9.77514e-11  9.39985e-11  2.22322e-10  1.1265e-10  1.44356e-10  1.26357e-10  1.43592e-10  1.23807e-10  1.69077e-10  1.78972e-10  1.78855e-10  2.01725e-10  2.03266e-10  8.59508e-11  1.5265e-10  1.21053e-10  3.57431e-11  9.51111e-11  1.20888e-10  1.0507e-10  1.73397e-10  1.92374e-10  1.58797e-10  8.61452e-11  2.30615e-10  2.2147e-10  4.83772e-11  1.23943e-10  1.83952e-10  1.48381e-10  1.5526e-10  2.1354e-10  4.07263e-11  9.37652e-11  1.46081e-10  2.20087e-10  2.04298e-10  1.5072e-10  7.52147e-11  1.06045e-10  1.42354e-10  2.3866e-10  2.64898e-10  2.79158e-10  1.35536e-10  1.43274e-10  1.00913e-10  1.68136e-10  2.52785e-10  2.17728e-10  1.82916e-10  1.24785e-10  1.35823e-10  2.9097e-10  9.49277e-11  1.23743e-10  1.27325e-10  2.08808e-10  2.02105e-10  9.67806e-11  1.26356e-10  1.05031e-10  2.12912e-10  1.63675e-10  1.45139e-10  1.03869e-10  1.18261e-10  1.78968e-10  2.00439e-10  2.26828e-10  8.33494e-11  1.50482e-10  1.22673e-10  9.17797e-11  1.40933e-10  1.75914e-10  1.71948e-10  1.93366e-10  2.3104e-10  1.24836e-10  2.02738e-10  2.07641e-10  1.02545e-10  1.8238e-10  2.00684e-11  1.4447e-10  1.66678e-10  1.16001e-10  9.69447e-11  1.04516e-10  1.09489e-10  2.43339e-10  4.03529e-10  8.37085e-11  1.97052e-10  1.17958e-10  2.5363e-10  1.97088e-10  9.5561e-11  1.15334e-10  2.51542e-10  1.13276e-11  1.29911e-10  9.47058e-11  1.72444e-10  1.67901e-10  4.57912e-11  1.55626e-10  5.37985e-11  8.01961e-11  1.23662e-10  1.64517e-10  -4.48857e-11  2.49221e-11  4.37055e-12  1.23652e-10  -1.34847e-11  9.08997e-11  6.61241e-11  2.28243e-11  5.16449e-12  1.93494e-11  3.33105e-11  -3.68871e-11  1.15803e-11  -6.36489e-12  -2.92152e-11  4.64923e-12  4.35095e-12  -1.16576e-10  -2.69797e-11  -2.46928e-11  -6.89579e-11  -5.0712e-11  -1.68377e-10  3.99501e-11  -4.36201e-11  -9.05815e-11  -1.89143e-10  -5.57521e-12
600 Eigenvalues converges, out of 600 requested.
Running with l = 1200
Starting Davidson with n_aux = 3840, l_buffer = 1800, lc = 1212, thresh = 0.003, max_iter = 100
Iter 1: V_size = 240, Converged = 0, ‖r‖ (largest λ) = 0.032488483234252935
Iter 2: V_size = 480, Converged = 0, ‖r‖ (largest λ) = 0.005894022566926656
Iter 3: V_size = 960, Converged = 0, ‖r‖ (largest λ) = 0.0006631194141480979
Iter 4: V_size = 1920, Converged = 0, ‖r‖ (largest λ) = 3.7134725888781206e-5
Iter 5: V_size = 3710, Converged = 10, ‖r‖ (largest λ) = 1.9791358956528203e-6
Iter 6: V_size = 3562, Converged = 19, ‖r‖ (largest λ) = 5.935506079909337e-6
Iter 7: V_size = 3562, Converged = 19, ‖r‖ (largest λ) = 8.288820578675107e-6
Iter 8: V_size = 3410, Converged = 95, ‖r‖ (largest λ) = 3.261749837839128e-6
Iter 9: V_size = 2324, Converged = 638, ‖r‖ (largest λ) = 2.2957256912670975e-6
Hybrid Davidson-JD corrections at iteration 10
Total MINRES iterations: 8456
Iter 10: V_size = 3486, Converged = 638, ‖r‖ (largest λ) = 2.2601957531369416e-6
Hybrid Davidson-JD corrections at iteration 11
Total MINRES iterations: 1475
Iter 11: V_size = 2324, Converged = 638, ‖r‖ (largest λ) = 3.5008644728994885e-6
Converged all required eigenvalues.
32475.451298 seconds (540.71 M allocations: 32.710 TiB, 1.41% gc time, 0.06% compilation time)
Number of FLOPs: 112901999750963

Reading exact Eigenvalues...
Reading eigenvalues from ../../Eigenvalues_folder/eigenres_formaldehyde_RNDbasis1.jld2

Compute the difference between computed and exact eigenvalues:
1×1200 adjoint(::Vector{Float64}) with eltype Float64:
 -3.55271e-15  1.77636e-14  -7.10543e-15  7.10543e-15  1.77636e-15  -7.10543e-15  5.32907e-15  -2.13163e-14  0.0  -5.32907e-15  -2.66454e-15  1.77636e-15  3.55271e-15  1.77636e-15  -1.77636e-15  -8.88178e-16  2.66454e-15  2.66454e-15  0.0  -1.77636e-15  1.77636e-15  0.0  3.55271e-15  -4.44089e-15  -8.88178e-16  -2.66454e-15  8.88178e-16  -8.88178e-16  -1.33227e-15  2.66454e-15  -3.9968e-15  3.10862e-15  1.77636e-15  0.0  4.44089e-15  4.44089e-16  8.88178e-16  3.55271e-15  1.77636e-15  2.66454e-15  -2.22045e-15  -4.44089e-16  -8.88178e-16  -3.55271e-15  3.10862e-15  -1.77636e-15  2.22045e-15  2.66454e-15  -1.33227e-15  0.0  -3.10862e-15  4.44089e-16  8.88178e-16  1.77636e-15  0.0  -4.44089e-16  8.88178e-16  8.88178e-16  -2.22045e-15  2.22045e-15  -6.66134e-16  6.66134e-16  1.9984e-15  2.22045e-16  4.44089e-16  -4.44089e-16  2.22045e-16  1.33227e-15  -8.88178e-16  4.44089e-16  1.55431e-15  2.22045e-15  2.44249e-15  7.32747e-15  -8.43769e-15  -7.54952e-15  -4.44089e-15  -6.21725e-15  5.32907e-15  -2.44249e-15  -3.77476e-15  -7.99361e-15  1.9984e-15  1.9984e-15  3.33067e-15  2.66454e-15  1.77636e-15  -2.44249e-15  6.66134e-16  -3.10862e-15  -3.55271e-15  -1.33227e-15  -1.11022e-15  -1.55431e-15  1.11022e-15  -2.44249e-15  -3.33067e-15  -3.55271e-15  -2.66454e-15  8.88178e-16  1.55431e-15  8.88178e-16  -3.10862e-15  -6.66134e-16  6.66134e-16  -2.66454e-15  -8.88178e-16  6.66134e-16  0.0  -3.55271e-15  -1.11022e-15  -4.21885e-15  -3.33067e-15  3.9968e-15  -3.10862e-15  -8.88178e-16  8.88178e-16  -2.88658e-15  3.33067e-15  1.55431e-15  -1.9984e-15  1.77636e-15  9.99201e-16  4.44089e-15  -6.66134e-16  -3.33067e-15  -7.1233e-12  -2.06926e-11  -1.85225e-11  -2.41811e-11  -4.07137e-11  -4.76947e-11  -9.73402e-11  -1.89655e-10  -7.61957e-11  -1.1008e-10  -2.97627e-10  -2.72755e-10  -1.14779e-10  -2.57673e-10  -3.38707e-10  -2.55977e-10  -2.6781e-10  -2.53006e-10  -3.22013e-10  -3.65911e-10  -3.54355e-10  -7.48346e-10  -4.80603e-10  -5.10793e-10  -4.13923e-10  -8.92607e-10  -6.72402e-10  -5.67553e-10  -5.26172e-10  -1.38988e-9  -8.31862e-10  -1.43782e-9  -1.21854e-9  -1.09909e-9  -1.21663e-9  -1.69899e-9  -2.00164e-9  -3.19197e-9  -2.3031e-9  -1.97575e-9  -1.38217e-9  -2.10994e-9  -3.25267e-9  -1.88669e-9  -1.53739e-9  -2.24405e-9  -3.0317e-9  -3.87765e-9  -2.29255e-9  -4.60988e-9  -4.17185e-9  -4.93226e-9  -3.53162e-9  -3.04671e-9  -5.13517e-9  -4.62047e-9  -6.48952e-9  -4.60446e-9  -4.45776e-9  -4.22454e-9  -4.587e-9  -4.2763e-9  -5.58738e-9  -4.60641e-9  -5.64912e-9  -7.42517e-9  -5.26378e-9  -5.78206e-9  -8.46927e-9  -5.84483e-9  -6.12761e-9  -5.66349e-9  -7.97458e-9  -7.51483e-9  -5.69011e-9  -6.83725e-9  -7.41833e-9  -9.57905e-9  -6.97924e-9  -8.17847e-9  -1.41814e-8  -1.19181e-8  -9.17071e-9  -1.39013e-8  -8.83865e-9  -1.18143e-8  -1.29555e-8  -8.20006e-9  -1.05987e-8  -1.48853e-8  -1.28587e-8  -9.44965e-9  -9.30534e-9  -1.23311e-8  -1.24612e-8  -9.40819e-9  -9.55227e-9  -1.08233e-8  -9.80558e-9  -1.48678e-8  -1.16644e-8  -1.11423e-8  -9.84007e-9  -1.4325e-8  -1.42637e-8  -1.08621e-8  -1.4105e-8  -1.39982e-8  -1.71733e-8  -1.58795e-8  -1.40188e-8  -1.71863e-8  -1.4764e-8  -1.61584e-8  -2.41172e-8  -1.8134e-8  -1.98458e-8  -1.74535e-8  -2.96388e-8  -2.23334e-8  -1.93217e-8  -2.27151e-8  -1.60696e-8  -2.30109e-8  -1.77628e-8  -1.80698e-8  -2.72208e-8  -2.44991e-8  -2.76959e-8  -3.3739e-8  -2.14619e-8  -3.03816e-8  -3.58428e-8  -3.08002e-8  -3.33058e-8  -3.58326e-8  -2.66546e-8  -3.14512e-8  -3.97522e-8  -3.73268e-8  -2.985e-8  -4.20463e-8  -4.06935e-8  -3.4389e-8  -3.42217e-8  -3.75251e-8  -3.89089e-8  -4.29602e-8  -3.10572e-8  -4.51813e-8  -4.11967e-8  -3.23691e-8  -3.26919e-8  -7.01049e-8  -5.40929e-8  -4.71563e-8  -6.08512e-8  -3.92693e-8  -4.79924e-8  -5.26858e-8  -4.80437e-8  -5.65057e-8  -5.87049e-8  -5.2987e-8  -6.68673e-8  -8.60258e-8  -5.06747e-8  -7.01285e-8  -4.07573e-8  -5.16727e-8  -7.41071e-8  -6.35984e-8  -5.45741e-8  -5.69943e-8  -6.84839e-8  -8.78266e-8  -9.32782e-8  -6.85021e-8  -5.89943e-8  -6.46265e-8  -7.63972e-8  -6.2604e-8  -6.81116e-8  -7.6384e-8  -7.63033e-8  -6.52814e-8  -5.10474e-8  -8.31961e-8  -1.0022e-7  -8.51042e-8  -1.18098e-7  -1.01209e-7  -1.39619e-7  -1.10112e-7  -1.32638e-7  -1.11695e-7  -1.02867e-7  -1.00776e-7  -1.17157e-7  -1.09355e-7  -1.05104e-7  -1.04594e-7  -1.57161e-7  -1.15051e-7  -1.37222e-7  -1.20971e-7  -1.24187e-7  -1.63318e-7  -1.38329e-7  -1.97317e-7  -1.27891e-7  -1.54844e-7  -1.51127e-7  -1.33529e-7  -1.71962e-7  -2.16552e-7  -1.24878e-7  -2.39063e-7  -1.86346e-7  -2.05494e-7  -1.47277e-7  -2.08239e-7  5.19046e-12  -1.61558e-7  -2.39241e-7  -1.9831e-7  -2.22836e-7  -2.42738e-7  -1.37616e-7  -2.63545e-7  -2.72769e-7  -2.49591e-7  -3.12582e-7  -2.37506e-7  -2.63956e-7  7.65721e-13  -2.47148e-7  -2.36941e-7  -2.81397e-7  1.52384e-12  -3.5461e-7  -3.06438e-7  6.4351e-12  4.5135e-12  -3.18659e-7  -4.05784e-7  -2.88447e-7  9.03852e-12  4.3788e-12  3.6087e-12  7.66762e-12  1.14984e-11  5.53846e-12  7.16466e-12  5.81873e-12  7.21762e-12  5.10711e-12  3.57037e-12  2.76043e-12  2.09571e-12  6.49047e-12  6.71171e-12  4.20033e-12  6.77042e-12  5.95085e-12  6.22011e-12  5.55964e-12  5.52508e-12  8.93177e-12  7.394e-12  6.81025e-12  5.22432e-12  5.24294e-12  6.16798e-12  5.78923e-12  9.82109e-12  3.35065e-12  5.62686e-12  6.7796e-12  4.15457e-12  8.76701e-12  7.76601e-12  4.29334e-12  3.42051e-12  3.92611e-12  7.57888e-12  3.97235e-12  5.84846e-12  5.318e-12  1.09815e-11  8.55399e-12  5.55689e-12  4.70349e-12  4.05151e-12  7.87528e-12  8.08584e-12  8.51413e-12  9.04349e-12  1.46471e-11  5.85607e-12  9.65972e-12  7.5438e-12  1.19863e-11  5.3357e-12  8.93544e-12  9.45041e-12  1.16792e-11  6.57363e-12  9.64953e-12  1.04182e-11  6.91752e-12  8.46154e-12  1.29402e-11  6.67028e-12  1.19055e-11  1.51504e-11  1.06433e-11  1.5065e-11  1.74118e-11  1.43703e-11  2.39148e-11  9.46138e-12  1.62819e-11  1.04589e-11  1.1814e-11  2.3163e-11  1.6698e-11  1.58389e-11  1.38681e-11  1.59366e-11  1.68138e-11  1.63821e-11  1.97165e-11  1.01136e-11  1.32466e-11  2.10369e-11  2.62758e-11  1.79552e-11  1.8332e-11  1.97237e-11  2.54398e-11  1.36416e-11  2.55368e-11  1.96964e-11  2.91633e-11  2.64649e-11  1.56408e-11  2.77812e-11  2.92668e-11  2.37071e-11  2.11866e-11  1.85745e-11  1.979e-11  2.14592e-11  1.67604e-11  2.35156e-11  2.90507e-11  1.29557e-11  2.13692e-11  3.3045e-11  2.93374e-11  1.89343e-11  3.14055e-11  1.68215e-11  2.88588e-11  2.6459e-11  2.31854e-11  3.47157e-11  2.65394e-11  3.9768e-11  3.3538e-11  3.13641e-11  1.67933e-11  2.07992e-11  2.8756e-11  3.44566e-11  2.1673e-11  2.70929e-11  1.96042e-11  3.00439e-11  2.55996e-11  3.05601e-11  4.53588e-11  3.28336e-11  3.1869e-11  2.39155e-11  3.31214e-11  1.57628e-11  2.91678e-11  2.66663e-11  3.10203e-11  3.56205e-11  3.64334e-11  4.48606e-11  5.27505e-11  3.37538e-11  3.61619e-11  4.34281e-11  3.36117e-11  3.06836e-11  2.92563e-11  1.93121e-11  3.67108e-11  2.91221e-11  6.75756e-11  4.73579e-11  4.22022e-11  3.50599e-11  4.85143e-11  3.20337e-11  3.32749e-11  3.29703e-11  2.28434e-11  2.60752e-11  2.6438e-11  6.35391e-11  2.5501e-11  5.12708e-11  2.82643e-11  2.47886e-11  2.12159e-11  3.98658e-11  3.74326e-11  2.77688e-11  4.09415e-11  4.50786e-11  3.19956e-11  3.71402e-11  4.65845e-11  2.61679e-11  3.30447e-11  3.87785e-11  3.46458e-11  2.78489e-11  2.55947e-11  3.08797e-11  2.74317e-11  3.66265e-11  2.89237e-11  1.70472e-11  3.39876e-11  3.68015e-11  3.13652e-11  3.67165e-11  2.36461e-11  2.53104e-11  3.83855e-11  2.11449e-11  3.44281e-11  3.8412e-11  2.53231e-11  2.38576e-11  1.96706e-11  3.19659e-11  2.87423e-11  2.04612e-11  5.21475e-11  3.48941e-11  2.58523e-11  2.15296e-11  9.75986e-12  3.5263e-11  4.46498e-11  4.56127e-11  8.94028e-12  2.04376e-11  3.38386e-11  2.29361e-11  2.34037e-11  1.14453e-11  1.44736e-11  3.22544e-11  3.30994e-11  1.65582e-11  1.64822e-11  7.23029e-12  1.55221e-11  2.90662e-11  2.2871e-11  5.74772e-12  1.03975e-11  1.57388e-11  1.92268e-12  1.78262e-11  1.83926e-11  1.77607e-11  2.07365e-11  2.30039e-11  4.20112e-11  2.62049e-11  6.9148e-12  5.10865e-12  1.26428e-11  1.3368e-11  -3.13632e-12  -9.32074e-12  9.1816e-12  1.2664e-11  1.81229e-11  2.98715e-12  1.90969e-11  -1.96047e-11  9.01844e-12  1.78242e-11  3.74054e-12  1.96389e-11  -8.2722e-12  5.6373e-12  -1.36074e-11  1.32558e-12  5.32593e-12  -1.71874e-11  1.79376e-12  -3.27139e-11  -2.50905e-11  1.42884e-11  -7.02172e-12  -2.5309e-11  -3.95925e-11  5.52793e-12  -1.80437e-11  -2.33661e-11  -2.6956e-11  -2.98633e-11  -4.10179e-11  -2.74449e-11  -2.37494e-11  -1.7463e-11  -2.28552e-11  -5.37607e-11  -2.19234e-11  -2.20126e-11  -3.35465e-11  -2.12856e-11  -2.12622e-11  -4.60083e-11  1.08491e-11  -3.09022e-11  -2.59861e-11  -3.6501e-11  -5.55494e-11  -5.0206e-11  -5.23646e-11  -7.85469e-11  -7.56596e-11  -6.35314e-11  -5.2058e-11  -5.64394e-11  -5.05394e-11  -8.46252e-11  -9.90889e-11  -7.60817e-11  -6.2044e-11  -8.19162e-11  -8.2097e-11  -7.51104e-11  -8.1399e-11  -8.7656e-11  -1.13469e-10  -7.34503e-11  -2.93775e-11  -7.6756e-11  -7.86641e-11  -9.04516e-11  -1.0932e-10  -1.2261e-10  -8.1595e-11  -8.14357e-11  -9.96193e-11  -1.16209e-10  -9.36839e-11  -1.05733e-10  -9.7044e-11  -1.36194e-10  -1.24253e-10  -8.13633e-11  -1.04615e-10  -1.2946e-10  -1.36439e-10  -1.32454e-10  -1.48405e-10  -1.40904e-10  -1.53618e-10  -1.24728e-10  -1.42441e-10  -2.06553e-10  -1.70884e-10  -9.46528e-11  -1.50813e-10  -2.15227e-10  -1.716e-10  -1.56684e-10  -2.54281e-10  -2.15205e-10  -1.81381e-10  -2.25579e-10  -1.88495e-10  -1.71659e-10  -2.45348e-10  -2.04822e-10  -1.92838e-10  -1.28494e-10  -2.04546e-10  -1.60882e-10  -2.10786e-10  -1.65422e-10  -2.07155e-10  -2.17953e-10  -1.93637e-10  -2.55745e-10  -1.85007e-10  -2.30905e-10  -2.78274e-10  -2.41229e-10  -3.34584e-10  -3.08656e-10  -3.49303e-10  -2.7859e-10  -3.38339e-10  -2.93584e-10  -2.98226e-10  -2.87667e-10  -3.09683e-10  -3.09345e-10  -3.38456e-10  -2.99927e-10  -3.80582e-10  -2.97061e-10  -3.00968e-10  -2.95968e-10  -3.32883e-10  -4.25976e-10  -3.62356e-10  -3.15626e-10  -2.86554e-10  -3.92493e-10  -3.53279e-10  -3.76801e-10  -5.10696e-10  -3.28769e-10  -3.94351e-10  -3.45735e-10  -3.49258e-10  -4.42011e-10  -4.83254e-10  -4.06634e-10  -3.73496e-10  -5.88708e-10  -4.56207e-10  -4.66466e-10  -6.2378e-10  -6.45215e-10  -5.97699e-10  -5.60991e-10  -6.13928e-10  -6.25679e-10  -5.98569e-10  -6.0161e-10  -3.78506e-10  -6.80435e-10  -5.92355e-10  -5.99617e-10  -6.46979e-10  -7.31762e-10  -5.94195e-10  -8.87418e-10  -5.58197e-10  -7.16889e-10  -6.60842e-10  -7.69269e-10  -5.41291e-10  -8.47097e-10  -6.90921e-10  -7.72318e-10  -9.93123e-10  -6.32981e-10  -7.71744e-10  -7.64805e-10  -8.18946e-10  -7.12852e-10  -8.95889e-10  -9.22441e-10  -8.59026e-10  -9.41176e-10  -6.54483e-10  -1.13844e-9  -9.48348e-10  -9.36125e-10  -1.24471e-9  -1.23633e-9  -1.02116e-9  -8.91018e-10  -1.06519e-9  -9.1045e-10  -1.11895e-9  -9.85033e-10  -1.4452e-9  -1.07756e-9  -1.38558e-9  -1.36125e-9  -1.35915e-9  -1.12336e-9  -1.23289e-9  -1.17745e-9  -1.49529e-9  -8.00901e-10  -1.14847e-9  -1.12278e-9  -1.34816e-9  -1.30756e-9  -1.47444e-9  -1.12367e-9  -1.49844e-9  -1.51389e-9  -1.7182e-9  -1.6914e-9  -1.82641e-9  -1.35791e-9  -1.54091e-9  -1.95899e-9  -1.79307e-9  -1.78326e-9  -2.20804e-9  -1.77593e-9  -2.08506e-9  -2.11423e-9  -2.48415e-9  -1.89943e-9  -2.18141e-9  -2.45625e-9  -2.01595e-9  -2.37409e-9  -2.04173e-9  -2.03567e-9  -1.83824e-9  -2.69435e-9  -2.03167e-9  -2.48704e-9  -2.30413e-9  -2.16626e-9  -2.2273e-9  -2.0651e-9  -1.85525e-9  -2.02427e-9  -2.61422e-9  -2.5876e-9  -2.84285e-9  -3.00822e-9  -3.2261e-9  -2.97451e-9  -2.64532e-9  -3.20886e-9  -3.19228e-9  -2.99785e-9  -2.95411e-9  -3.21173e-9  -3.2579e-9  -3.71604e-9  -3.25413e-9  -2.97069e-9  -3.42506e-9  -3.57467e-9  -4.0375e-9  -4.09186e-9  -3.49871e-9  -4.21413e-9  -4.78873e-9  -3.72923e-9  -4.52257e-9  -4.03433e-9  -4.51669e-9  -4.2396e-9  -4.96664e-9  -4.79134e-9  -4.17447e-9  -4.51295e-9  -4.5463e-9  -3.71213e-9  -4.86023e-9  -5.37038e-9  -5.78961e-9  -6.37779e-9  -5.28666e-9  -5.17355e-9  -5.68429e-9  -5.72326e-9  -6.0039e-9  -7.15936e-9  -9.67196e-9  -6.7714e-9  -9.42414e-9  -8.11393e-9  -1.02405e-8  -7.66743e-9  -1.17464e-8  -1.26099e-5  -8.81766e-9  -1.25853e-5  -1.28043e-5  -4.25769e-10  -1.44243e-8  -1.32527e-5  -1.27582e-8  -1.39299e-5  -1.25488e-5  -1.41555e-5  -1.37076e-5  -7.29023e-9  -8.54485e-9  -1.22901e-6  -1.14925e-5  -4.4657e-9  -1.2978e-8  -1.23831e-5  -1.34228e-5  -6.00977e-9  -1.33601e-5  2.08701e-8  -6.38757e-6  -5.82834e-6  -1.20102e-8  -1.265e-8  -4.89271e-9  -1.23013e-5  -1.3622e-5  -1.54702e-9  -1.1184e-5  -3.35879e-6  -1.43411e-5  -1.33459e-5  -1.30572e-5  -1.3278e-5  -1.36092e-5  1.25057e-8  -1.4004e-5  -1.41591e-5  -1.34325e-5  -1.36649e-5  -1.31071e-5  -1.38265e-5  -1.37705e-5  -1.39872e-5  -1.38425e-5  -1.32737e-5  -1.28905e-5  -1.35191e-5  -1.31772e-5  -1.37296e-5  -1.44153e-5  -1.2999e-5  -1.28776e-5  -1.33877e-5  -1.40197e-5  -1.37099e-5  -1.37127e-5  -1.41084e-5  -1.33911e-5  -1.32941e-5  -1.43693e-5  -1.32706e-5  -1.29757e-5  -1.32037e-5  -1.41751e-5  -1.42099e-5  -1.31581e-5  -1.32269e-5  -1.35982e-5  -1.27881e-5  -1.41329e-5  -1.44737e-5  -1.47676e-5  -1.35477e-5  -1.41721e-5  -1.28913e-5  -1.47573e-5  -1.32355e-5  -1.42446e-5  -1.32654e-5  -1.32618e-5  -1.42673e-5  -1.49601e-5  -1.36157e-5  -1.3649e-5  -1.27887e-5  -1.44276e-5  -1.369e-5  -1.38841e-5  -1.39846e-5  -1.35185e-5  -1.27981e-5  -1.24219e-5  -1.2663e-5  -1.26525e-5  -1.30981e-5  -1.31109e-5  -1.32222e-5  -1.2864e-5  -1.30217e-5  -1.32387e-5  -1.42158e-5  -1.31967e-5  -1.353e-5  -1.25502e-5  -1.41095e-5  -1.42348e-5  -1.39908e-5  -1.36528e-5  -1.37661e-5  -1.32609e-5  -1.24979e-5  -1.30216e-5  -1.38767e-5  -1.30153e-5  -1.33987e-5  -1.32932e-5  -1.42309e-5  -1.28956e-5  -1.34764e-5  -1.37184e-5  -1.25152e-5  -1.23931e-5  -1.33981e-5  -1.50607e-5  -1.22053e-5  -1.38126e-5  -1.30499e-5  -1.19759e-5  -1.18364e-5  -1.25464e-5  -1.46878e-5  -1.3046e-5  -1.24005e-5  -1.28997e-5  -1.38287e-5  -1.29096e-5  -1.30619e-5  -1.3116e-5  -1.24967e-5  -1.27639e-5  -1.28077e-5  -1.36061e-5  -1.31213e-5  -1.25393e-5  -1.3531e-5  -1.34391e-5  -1.32388e-5  -1.3215e-5  -1.30499e-5  -1.34192e-5  -1.28006e-5  -1.26712e-5  -1.25652e-5  -1.25379e-5  -1.17377e-5  -1.24276e-5  -1.26231e-5  -1.28637e-5  -1.20362e-5  -1.36514e-5  -1.25455e-5  -1.27853e-5  -1.28815e-5  -1.28009e-5  -1.33619e-5  -1.23307e-5  -1.32056e-5  -1.29856e-5  -1.21959e-5  -1.22048e-5  -1.21549e-5  -1.34001e-5  -1.22996e-5  -1.29379e-5  -1.22905e-5  -1.27071e-5  -1.21443e-5  -1.233e-5  -1.31114e-5  -1.19872e-5  -1.35935e-5  -1.31139e-5  -1.1424e-5  -1.21166e-5  -1.1938e-5  -1.33983e-5  -1.3385e-5  -1.26264e-5  -1.26297e-5  -1.30146e-5  -1.21685e-5  -1.23125e-5  -1.2673e-5  -1.24086e-5  -1.14958e-5  -1.25174e-5  -1.15081e-5  -1.18623e-5  -1.22601e-5  -1.24956e-5  -1.21494e-5  -1.18678e-5  -1.18056e-5  -1.20277e-5  -1.20185e-5  -1.27936e-5  -1.1947e-5  -4.07289e-6  -4.2854e-5  -5.29155e-5  -5.20372e-5  -1.26277e-5  -3.58797e-7  -5.06981e-5  -4.82527e-5  -5.10275e-5  -4.91059e-5  -4.97364e-5  -5.13737e-5  -4.06876e-5  -2.27988e-5  -3.43714e-5  -4.78122e-5  -5.15545e-5  -4.79892e-5  -4.93124e-5  -4.62456e-5  -4.90598e-5  -4.84427e-5  -5.0137e-5  -4.76548e-5  -4.99253e-5  -4.75372e-5  -4.84699e-5  -4.84101e-5  -4.84704e-5  -5.02486e-5  -4.48458e-5  -4.48136e-5  -4.62935e-5  -4.88388e-5  -4.80198e-5  -4.62277e-5  -4.73703e-5  -4.57017e-5  -4.58908e-5  -4.76352e-5  -5.00013e-5  -4.77284e-5  -4.67209e-5  -4.81911e-5  -4.67844e-5  -4.7138e-5  -4.40266e-5  -4.75611e-5  -4.77163e-5  -4.79807e-5  -4.74527e-5  -4.51316e-5  -4.79397e-5  -4.64106e-5  -4.90822e-5  -4.73455e-5  -4.41144e-5  -4.91247e-5  -4.574e-5  -4.6112e-5  -4.92709e-5  -4.66235e-5  -4.54602e-5  -4.33051e-5  -4.59289e-5  -4.64369e-5  -4.29682e-5  -4.62298e-5
1200 Eigenvalues converges, out of 1200 requested.
Finished processing molecule: formaldehyde
