Processing molecule: formaldehyde
Running with beta = 16
Running with l = 300
Starting Davidson with n_aux = 480, l_buffer = 330, lc = 301, thresh = 0.0015, max_iter = 100
Iter 1: V_size = 60, Converged = 0, ‖r‖ (largest λ) = 0.26486861963827185
Iter 2: V_size = 120, Converged = 0, ‖r‖ (largest λ) = 0.06605965136343936
Iter 3: V_size = 240, Converged = 0, ‖r‖ (largest λ) = 0.024614027791462368
Iter 4: V_size = 480, Converged = 0, ‖r‖ (largest λ) = 0.005532686722171159
Iter 5: V_size = 480, Converged = 1, ‖r‖ (largest λ) = 0.0048120088946268505
Iter 6: V_size = 480, Converged = 1, ‖r‖ (largest λ) = 0.021759776605236848
Iter 7: V_size = 480, Converged = 1, ‖r‖ (largest λ) = 0.02032660397688548
Iter 8: V_size = 480, Converged = 87, ‖r‖ (largest λ) = 0.008279441674736238
Iter 9: V_size = 480, Converged = 87, ‖r‖ (largest λ) = 0.0056408528978909986
Hybrid Davidson-JD corrections at iteration 10
Total MINRES iterations: 0
Iter 10: V_size = 480, Converged = 87, ‖r‖ (largest λ) = 0.004705929593214173
Hybrid Davidson-JD corrections at iteration 11
Total MINRES iterations: 0
Iter 11: V_size = 192, Converged = 234, ‖r‖ (largest λ) = 0.004244193755850294
Hybrid Davidson-JD corrections at iteration 12
Total MINRES iterations: 0
Iter 12: V_size = 288, Converged = 234, ‖r‖ (largest λ) = 0.004144079423790544
Hybrid Davidson-JD corrections at iteration 13
Total MINRES iterations: 194
Iter 13: V_size = 384, Converged = 234, ‖r‖ (largest λ) = 0.0041292294193468766
Hybrid Davidson-JD corrections at iteration 14
Total MINRES iterations: 0
Iter 14: V_size = 471, Converged = 243, ‖r‖ (largest λ) = 0.003630821449909369
Hybrid Davidson-JD corrections at iteration 15
Total MINRES iterations: 97
Iter 15: V_size = 174, Converged = 243, ‖r‖ (largest λ) = 0.009025805388572016
Hybrid Davidson-JD corrections at iteration 16
Total MINRES iterations: 200
Iter 16: V_size = 261, Converged = 243, ‖r‖ (largest λ) = 0.01661406622447398
Hybrid Davidson-JD corrections at iteration 17
Total MINRES iterations: 575
Iter 17: V_size = 348, Converged = 243, ‖r‖ (largest λ) = 0.017033789930131313
Converged all required eigenvalues.
1597.504290 seconds (21.32 M allocations: 1.434 TiB, 0.86% gc time, 0.10% compilation time)
Number of FLOPs: 17615551426316

Reading exact Eigenvalues...
Reading eigenvalues from ../../Eigenvalues_folder/eigenres_formaldehyde_RNDbasis1.jld2

Compute the difference between computed and exact eigenvalues:
1×300 adjoint(::Vector{Float64}) with eltype Float64:
 7.10543e-15  -7.10543e-15  7.10543e-15  8.88178e-15  0.0  0.0  8.88178e-15  -1.24345e-14  3.55271e-15  5.32907e-15  -7.10543e-15  4.44089e-15  0.0  -5.32907e-15  -5.32907e-15  8.88178e-16  -2.66454e-15  4.44089e-15  1.77636e-15  8.88178e-16  8.88178e-15  8.88178e-16  0.0  -7.10543e-15  4.44089e-15  -1.15463e-14  -3.9968e-15  -1.77636e-15  -2.66454e-15  3.9968e-15  4.44089e-16  -3.10862e-15  5.32907e-15  3.55271e-15  4.44089e-15  1.11022e-14  -3.55271e-15  6.66134e-15  8.88178e-16  6.21725e-15  7.10543e-15  1.33227e-15  4.44089e-16  -1.77636e-15  -8.88178e-16  -7.99361e-15  7.54952e-15  7.10543e-15  -8.88178e-15  0.0  2.66454e-15  -3.55271e-15  -8.43769e-15  4.44089e-15  -3.9968e-15  6.21725e-15  4.88498e-15  -4.88498e-15  6.66134e-15  5.77316e-15  -5.10703e-15  -8.43769e-15  7.54952e-15  8.43769e-15  1.04361e-14  9.54792e-15  -6.21725e-15  7.10543e-15  -7.32747e-15  1.77636e-15  -1.73195e-14  -3.84137e-14  -1.64313e-14  -4.88498e-15  -7.9492e-14  -5.9952e-15  7.99361e-15  -2.44249e-15  -7.92699e-14  -3.04201e-14  -6.90559e-14  -5.08482e-14  -2.9976e-14  -1.64313e-14  1.55431e-15  -1.27898e-13  -1.73417e-13  -2.22045e-16  -4.44089e-16  -1.11022e-15  -3.32401e-13  -4.44089e-16  -2.22045e-16  0.0  0.0  8.88178e-16  -1.33227e-15  -1.77636e-15  -1.4877e-14  -5.32907e-15  -1.46549e-14  -2.28706e-14  -1.88738e-13  -5.24025e-14  -1.77924e-12  -2.42228e-12  -1.85141e-12  -3.65485e-13  -1.19238e-13  -7.20402e-12  -4.81772e-11  -7.05405e-11  -2.12725e-10  -8.72717e-11  -7.00133e-11  -2.95554e-10  -2.57146e-10  -3.79501e-10  -2.57456e-10  -1.06145e-9  -4.05507e-10  -6.5974e-10  -8.44841e-10  -8.95281e-10  -7.16547e-10  -7.84703e-10  -3.2865e-9  -4.93489e-9  -7.10781e-9  -5.6498e-9  -5.74334e-9  -5.99459e-9  -1.0473e-8  -1.24928e-8  -1.64708e-8  -7.65635e-9  -1.37893e-8  -1.46994e-8  -1.27605e-8  -9.84778e-9  -1.04273e-8  -1.51326e-8  -2.01901e-8  -2.05847e-8  -1.50265e-8  -1.89446e-8  -1.97917e-8  -5.12336e-8  -2.0971e-8  -3.39369e-8  -5.39844e-8  -1.73038e-8  -3.70019e-8  -4.29832e-8  -5.45109e-8  -6.53356e-8  -8.7664e-8  -9.16788e-8  -1.02674e-7  -5.9318e-8  -2.05036e-7  -2.21251e-7  -1.53318e-7  -1.62961e-7  -1.98949e-7  -1.92259e-7  -1.7325e-7  -1.62976e-7  -4.67767e-7  -4.06855e-7  -1.59156e-7  -2.75025e-7  -1.83597e-7  -5.48397e-7  -3.2658e-7  -6.26516e-7  -5.35281e-7  -4.30112e-7  -4.28117e-7  -3.06475e-7  -4.1843e-7  -5.62337e-7  -9.19619e-7  -9.37278e-7  -6.83001e-7  -5.69848e-7  -8.38798e-7  -1.13698e-6  -1.09953e-6  -7.89994e-7  -1.15378e-6  -6.58962e-7  -9.43865e-7  -8.71132e-7  -1.43413e-6  -1.524e-6  -8.76043e-7  -1.45728e-6  -7.37184e-7  -2.0424e-6  -8.60156e-7  -1.46348e-6  -1.86843e-6  -1.12716e-6  -8.70488e-7  -1.69119e-6  -1.86476e-6  -2.12255e-6  -2.02393e-6  -2.7122e-6  -3.28262e-6  -1.65709e-6  -1.64432e-6  -3.4526e-6  -3.11089e-6  -2.14346e-6  -4.27235e-6  -3.25992e-6  -3.49467e-6  -2.05806e-6  -3.59481e-6  -4.21298e-6  -2.67595e-6  -3.97864e-6  -3.09717e-6  -4.52379e-6  -4.39281e-6  -3.7017e-6  -4.12277e-6  -4.36437e-6  -5.15097e-6  -6.34062e-6  -4.53275e-6  -9.9173e-9  -9.19224e-9  -4.82632e-6  -1.00609e-8  -1.11267e-8  -1.25106e-8  -1.67703e-8  -1.19527e-9  -1.88964e-9  -2.03148e-8  -2.19609e-9  -2.74899e-8  4.15064e-10  -3.3807e-9  -4.64869e-9  -4.91264e-8  -7.06901e-9  4.61499e-10  4.24682e-10  5.19387e-10  -1.93651e-8  6.58404e-10  5.65621e-10  4.6361e-10  1.06503e-9  4.16008e-10  7.50581e-10  -1.07201e-10  -2.654e-10  -2.79088e-10  4.61534e-10  -1.82966e-9  4.30536e-11  1.82974e-10  8.10612e-10  6.39601e-10  3.07326e-10  2.50518e-10  3.60817e-10  8.94606e-10  7.77623e-10  -3.45032e-10  -7.01385e-9  -7.41007e-9  -9.0764e-9  1.28461e-9  -2.82252e-9  -2.35305e-8  -2.88066e-8  -2.94324e-9  -2.2005e-9  -8.68471e-9  1.03685e-9  -1.63903e-7  -5.77932e-9  -6.3335e-8  -6.42771e-9  -9.94617e-9  -9.77048e-9  -1.11737e-7  -2.07262e-7  -2.61705e-7  -9.44916e-8  -2.46961e-7  -5.18064e-7  -3.8635e-8  -6.97071e-7
300 Eigenvalues converges, out of 300 requested.
Running with l = 600
Starting Davidson with n_aux = 960, l_buffer = 660, lc = 603, thresh = 0.002, max_iter = 100
Iter 1: V_size = 120, Converged = 0, ‖r‖ (largest λ) = 0.10358086508213564
Iter 2: V_size = 240, Converged = 0, ‖r‖ (largest λ) = 0.025588054618247306
Iter 3: V_size = 480, Converged = 0, ‖r‖ (largest λ) = 0.005422886881735896
Iter 4: V_size = 960, Converged = 0, ‖r‖ (largest λ) = 0.0006278081963591829
Iter 5: V_size = 960, Converged = 3, ‖r‖ (largest λ) = 0.0004346882074051768
Iter 6: V_size = 960, Converged = 3, ‖r‖ (largest λ) = 0.0006046411383162826
Iter 7: V_size = 960, Converged = 3, ‖r‖ (largest λ) = 0.000996636347949865
Iter 8: V_size = 960, Converged = 151, ‖r‖ (largest λ) = 0.001826347378222412
Iter 9: V_size = 960, Converged = 151, ‖r‖ (largest λ) = 0.0017500832647921586
Hybrid Davidson-JD corrections at iteration 10
Total MINRES iterations: 0
Iter 10: V_size = 960, Converged = 151, ‖r‖ (largest λ) = 0.0011614273085352887
Hybrid Davidson-JD corrections at iteration 11
Total MINRES iterations: 0
Iter 11: V_size = 758, Converged = 281, ‖r‖ (largest λ) = 0.0009911224421057746
Hybrid Davidson-JD corrections at iteration 12
Total MINRES iterations: 46
Iter 12: V_size = 758, Converged = 281, ‖r‖ (largest λ) = 0.0006886618621586282
Hybrid Davidson-JD corrections at iteration 13
Total MINRES iterations: 0
Iter 13: V_size = 758, Converged = 281, ‖r‖ (largest λ) = 0.0005046795437842532
Hybrid Davidson-JD corrections at iteration 14
Total MINRES iterations: 350
Iter 14: V_size = 476, Converged = 422, ‖r‖ (largest λ) = 0.0003843951647444549
Hybrid Davidson-JD corrections at iteration 15
Total MINRES iterations: 60
Iter 15: V_size = 714, Converged = 422, ‖r‖ (largest λ) = 0.0002990926658004063
Hybrid Davidson-JD corrections at iteration 16
Total MINRES iterations: 404
Iter 16: V_size = 952, Converged = 422, ‖r‖ (largest λ) = 0.0003262863065668264
Hybrid Davidson-JD corrections at iteration 17
Total MINRES iterations: 75
Iter 17: V_size = 120, Converged = 600, ‖r‖ (largest λ) = 0.00030150130130409845
Hybrid Davidson-JD corrections at iteration 18
Total MINRES iterations: 0
Iter 18: V_size = 180, Converged = 600, ‖r‖ (largest λ) = 0.00019343594073839882
Hybrid Davidson-JD corrections at iteration 19
Total MINRES iterations: 75
Iter 19: V_size = 240, Converged = 600, ‖r‖ (largest λ) = 0.0001602172350270366
Converged all required eigenvalues.
5145.077575 seconds (89.74 M allocations: 6.105 TiB, 1.48% gc time)
Number of FLOPs: 35392155493582

Reading exact Eigenvalues...
Reading eigenvalues from ../../Eigenvalues_folder/eigenres_formaldehyde_RNDbasis1.jld2

Compute the difference between computed and exact eigenvalues:
1×600 adjoint(::Vector{Float64}) with eltype Float64:
 -1.06581e-14  0.0  2.84217e-14  1.06581e-14  0.0  1.77636e-15  8.88178e-15  -1.24345e-14  -1.77636e-15  5.32907e-15  8.88178e-16  -1.77636e-15  3.55271e-15  0.0  -3.55271e-15  0.0  8.88178e-16  0.0  1.77636e-15  0.0  -8.88178e-16  -2.66454e-15  0.0  -2.66454e-15  2.66454e-15  -1.77636e-15  4.44089e-16  4.88498e-15  -2.22045e-15  -2.66454e-15  8.88178e-16  -2.22045e-15  -1.77636e-15  1.33227e-15  -1.77636e-15  1.77636e-15  -3.10862e-15  3.9968e-15  2.66454e-15  -8.88178e-16  -2.22045e-15  -4.44089e-16  -4.88498e-15  4.44089e-16  -1.77636e-15  1.77636e-15  -3.10862e-15  -5.32907e-15  -4.88498e-15  2.66454e-15  -1.77636e-15  -2.22045e-15  8.88178e-16  -3.10862e-15  0.0  0.0  3.9968e-15  8.88178e-16  -2.22045e-15  1.9984e-15  8.88178e-16  1.55431e-15  1.11022e-15  -6.66134e-16  1.9984e-15  2.22045e-16  -6.66134e-16  -1.11022e-15  -2.22045e-16  6.66134e-16  -2.88658e-15  6.66134e-16  2.44249e-15  6.66134e-16  6.66134e-16  1.55431e-15  2.44249e-15  -1.9984e-15  1.55431e-15  2.66454e-15  -3.10862e-15  -4.44089e-16  2.44249e-15  1.9984e-15  8.88178e-16  3.55271e-15  -1.9984e-15  -4.44089e-16  -2.44249e-15  -3.55271e-15  -8.21565e-15  3.33067e-15  1.33227e-15  5.55112e-15  -3.55271e-15  4.44089e-16  -4.21885e-15  -3.77476e-15  -4.21885e-15  4.44089e-15  -1.11022e-15  -2.88658e-15  1.9984e-15  -2.66454e-15  1.77636e-15  2.22045e-16  -4.21885e-15  -9.32587e-15  -2.44249e-15  -4.86278e-14  -1.09121e-10  -5.17255e-11  -6.99558e-11  -3.12203e-10  -1.22943e-10  -3.96762e-10  -3.95023e-10  -6.69191e-11  -4.82738e-10  -1.60375e-9  -9.36997e-10  -1.80093e-9  -2.51669e-9  -2.98594e-9  -1.69733e-9  -3.1208e-9  -6.56057e-9  -7.89082e-9  -9.99033e-9  -9.34943e-9  -8.13421e-9  -1.78527e-8  -1.01209e-8  -2.30003e-8  -1.523e-8  -1.91549e-8  -3.01326e-8  -4.64272e-8  -4.73579e-8  -3.14652e-8  -6.30947e-8  -3.81813e-8  -4.44009e-8  -7.72685e-8  -3.49458e-8  -4.15274e-8  -9.14031e-8  -8.16687e-8  -6.84861e-8  -5.03557e-8  -2.05053e-8  -1.62577e-8  -5.78685e-8  -1.57856e-8  -2.00619e-8  -2.31589e-8  -4.04394e-8  -3.40886e-8  -4.05231e-8  -5.62694e-8  -5.49339e-8  -5.07089e-8  -6.01728e-8  -5.58378e-8  -6.41943e-8  -6.42158e-8  -7.76336e-8  -1.19431e-7  -1.17638e-7  -7.36235e-8  -1.17344e-7  -5.23955e-8  -1.34192e-7  -1.54123e-7  -1.27463e-7  -1.7118e-7  -1.93471e-7  -1.65329e-7  -1.54881e-7  -1.20198e-7  -2.247e-7  -3.21946e-7  -2.44586e-7  -1.83767e-7  -2.55459e-7  -2.83816e-7  -2.53559e-7  -2.85764e-7  -1.93074e-7  -2.21209e-7  -3.9251e-7  -2.09871e-7  -2.44675e-7  -1.92773e-7  -4.1606e-7  -3.3411e-7  -3.78568e-7  -2.96027e-7  -3.94312e-7  -6.71809e-7  -2.93178e-7  -3.89392e-7  -4.04744e-7  -4.0124e-7  -4.0011e-7  -5.59304e-7  -6.03259e-7  -5.20864e-7  -5.66054e-7  -5.51063e-7  -8.40045e-7  -6.57149e-7  -8.38903e-7  -6.96007e-7  -6.99079e-7  -5.99615e-7  -5.15868e-7  -7.88075e-7  -7.30986e-7  -8.08272e-7  -8.87772e-7  -9.74382e-7  -6.78393e-7  -5.40027e-7  -7.20295e-7  -8.98564e-7  -9.657e-7  -1.16976e-6  -1.27295e-6  -7.22607e-7  -1.20174e-6  -1.21249e-6  -1.01942e-6  -1.3134e-6  -1.56575e-6  -1.70905e-6  -1.77662e-6  -1.77519e-6  -1.5083e-6  -1.77506e-6  -1.87958e-6  -1.74636e-6  -1.54591e-6  -1.68171e-6  -2.84952e-6  -2.73259e-6  -2.61677e-6  -2.76228e-6  -1.97516e-6  -2.47074e-6  -2.06212e-6  -1.34127e-6  -1.94644e-6  -2.20102e-6  -2.73538e-6  -3.31574e-6  -3.0596e-6  -3.82923e-6  -2.47275e-6  -2.40843e-6  -4.06803e-6  -3.32904e-6  -4.19116e-6  -2.99148e-6  -4.32286e-6  -4.55385e-6  -7.21564e-6  -4.87172e-6  -3.64005e-6  -3.33711e-6  -4.22519e-6  -5.62857e-6  -6.00773e-6  -4.88408e-6  -4.91494e-6  -2.73369e-6  -6.03433e-6  -6.24938e-6  -4.46438e-6  -2.18703e-6  -2.32802e-6  -2.24437e-6  -3.37269e-6  -2.27007e-6  -6.875e-6  -2.71565e-6  -2.61819e-6  -2.87168e-6  -7.63463e-6  -2.47934e-6  -3.92024e-6  -3.84271e-6  -7.06603e-6  -3.31217e-6  -3.31665e-6  -3.36512e-6  -3.43965e-6  -3.77683e-6  -4.62819e-6  -4.4324e-6  -4.62558e-6  -3.60115e-6  -4.82947e-6  -5.48832e-6  -4.95341e-6  -6.18838e-6  -4.3775e-6  -4.34709e-6  -6.13879e-6  -5.40859e-6  -4.43879e-6  -6.22371e-6  -5.55058e-6  -5.25458e-6  -7.15272e-6  -4.4298e-6  -7.09848e-6  -9.13498e-6  -8.08911e-6  -4.70886e-6  -8.43313e-6  -6.05812e-6  -7.41941e-6  -8.46205e-6  -6.14443e-6  -1.10589e-5  -5.17911e-6  -1.02589e-5  -1.03025e-5  -8.9927e-6  -7.06051e-6  -1.07207e-5  -1.03776e-5  -1.29453e-5  -1.10867e-5  -1.0727e-5  -1.17052e-5  -1.07612e-5  -1.09098e-5  -1.08053e-5  -9.09972e-6  -1.28104e-5  -1.26898e-5  -1.29508e-5  -1.14323e-5  -1.40124e-5  -9.89378e-6  -1.01867e-5  -1.44013e-5  -1.74062e-5  -1.26625e-5  -9.45012e-6  -9.31432e-6  -2.99667e-10  -1.36985e-5  -8.20849e-6  -9.90591e-6  -1.73458e-5  -1.44278e-5  -1.31961e-5  -1.2175e-5  -1.21561e-5  -1.39759e-5  -1.54392e-8  -1.82166e-5  4.57554e-8  -9.77384e-6  -1.2633e-5  -1.26164e-5  -1.25771e-5  4.72904e-9  4.44228e-9  8.59257e-9  -1.153e-5  -1.15585e-5  3.85534e-9  -1.09559e-5  9.94194e-10  -8.715e-6  2.80965e-10  -1.40905e-5  -2.06039e-7  2.34016e-9  -1.35909e-5  -5.12708e-8  2.916e-9  -4.45911e-10  -2.30098e-7  -2.00344e-5  2.76038e-10  -1.97486e-5  -1.42496e-5  -1.40793e-5  -9.32987e-6  5.50321e-9  5.05767e-9  1.01968e-8  -1.35556e-5  -1.66362e-5  1.58462e-8  6.7737e-9  6.26463e-9  5.86117e-9  1.77134e-8  5.02939e-9  -2.22976e-6  -6.16415e-9  5.0464e-9  -3.73386e-8  4.60696e-9  -3.27212e-6  3.9316e-9  4.28289e-9  4.60405e-9  6.13583e-9  5.46436e-9  5.57258e-9  -1.5967e-5  -1.82977e-6  5.30541e-9  -1.59211e-5  7.49825e-9  -1.83225e-6  -1.32993e-5  6.09763e-9  4.54762e-9  -1.34003e-5  6.59562e-9  6.01741e-9  -1.43184e-5  -2.54562e-6  -3.1056e-6  -3.30724e-6  -2.78639e-6  -3.0296e-6  -2.42798e-6  -1.37768e-5  -1.50947e-5  -1.5063e-5  -2.68586e-6  -1.46668e-5  -1.50978e-5  -2.6877e-6  -2.33992e-6  -2.66273e-6  -2.37379e-6  -1.54709e-5  -1.75593e-5  -1.47712e-5  -1.04383e-5  -1.22711e-5  -1.12079e-5  -1.31122e-5  -1.28762e-5  -2.44067e-6  -1.31269e-5  -2.2485e-6  -2.23776e-6  -1.36301e-5  -1.64174e-5  -1.685e-5  -1.42261e-5  -1.43051e-5  -1.33691e-5  -2.14976e-6  -1.37101e-5  -1.36277e-5  -1.17112e-5  -1.15688e-5  -1.37772e-5  -2.37578e-6  -1.36136e-5  -1.35311e-5  -1.72364e-6  -1.57268e-5  -1.45808e-5  -1.21001e-5  -1.51812e-5  -2.18452e-6  -1.24846e-5  -1.67714e-6  -1.27064e-5  -1.39255e-5  -1.24466e-5  -1.33716e-5  -2.18344e-6  -1.37078e-5  -1.26998e-5  -1.65217e-5  -1.46928e-5  -1.61467e-5  -1.78321e-6  -1.3405e-5  -1.47599e-5  -2.01808e-6  -1.36265e-5  -1.59369e-5  -1.42798e-5  -2.09874e-6  -1.40315e-5  -1.34635e-5  -1.98917e-6  -1.41496e-5  -1.5564e-5  -1.42641e-5  -1.47862e-5  -1.49214e-5  -1.88564e-6  -2.14862e-6  -1.83775e-6  -1.59715e-5  -1.32389e-5  -1.18715e-5  -1.92161e-6  -1.86705e-6  -1.88318e-6  -1.44206e-5  -1.48543e-5  -2.31343e-6  -1.99184e-6  -1.55889e-5  -1.59334e-5  -2.00147e-6  -1.83511e-6  -2.06917e-6  -1.87125e-6  -1.8982e-6  -1.80592e-6  -2.02568e-6  -2.02466e-6  -1.67245e-6  -2.24351e-6  -1.83734e-6  -1.84236e-6  -2.41093e-6  -1.7634e-6  -2.13417e-6  -1.70424e-5  -2.17122e-6  -1.77608e-6  -1.7459e-6  -2.12923e-6  -2.20994e-6  -1.87332e-6  -1.54634e-5  -1.69841e-6  -1.82369e-6  -2.01375e-6  -2.4083e-6  -2.09367e-6  -2.3957e-6  -2.17014e-6  -2.18823e-6  -2.12475e-6  -2.00185e-6  -2.14288e-6  -2.46021e-6  -2.18621e-6  -2.19085e-6  -2.12925e-6  -2.03077e-6  -2.33953e-6  -2.31659e-6  -2.10267e-6  -1.96247e-6  -2.19137e-6  -2.70396e-6  -2.16587e-6  -1.95062e-6  -2.39443e-6  -2.09383e-6  -2.42283e-6  -2.86516e-6  -3.0771e-6  -2.95005e-6  -2.37504e-6  -2.59005e-6  -2.71916e-6  -2.69173e-6  -2.49252e-6  -2.90412e-6  -2.82167e-6  -2.66876e-6  -4.11575e-6  -4.33839e-6  -3.6516e-6  -3.33085e-6  -3.40406e-6  -3.63477e-6  -3.46684e-6  -3.75033e-6  -2.78215e-6  -4.7984e-6  -4.41607e-6  -5.15159e-6  -4.53288e-6  -4.35304e-6  -5.09766e-6  -5.63491e-6  -3.70278e-6
600 Eigenvalues converges, out of 600 requested.
Running with beta = 20
Running with l = 300
Starting Davidson with n_aux = 600, l_buffer = 330, lc = 301, thresh = 0.0015, max_iter = 100
Iter 1: V_size = 60, Converged = 0, ‖r‖ (largest λ) = 0.26486861963827185
Iter 2: V_size = 120, Converged = 0, ‖r‖ (largest λ) = 0.06605965136343936
Iter 3: V_size = 240, Converged = 0, ‖r‖ (largest λ) = 0.024614027791462368
Iter 4: V_size = 480, Converged = 0, ‖r‖ (largest λ) = 0.005532686722171159
Iter 5: V_size = 600, Converged = 1, ‖r‖ (largest λ) = 0.0048120088946268505
Iter 6: V_size = 600, Converged = 1, ‖r‖ (largest λ) = 0.03067491063289696
Iter 7: V_size = 600, Converged = 1, ‖r‖ (largest λ) = 0.020059199712821846
Iter 8: V_size = 474, Converged = 93, ‖r‖ (largest λ) = 0.007979566764787923
Iter 9: V_size = 474, Converged = 93, ‖r‖ (largest λ) = 0.006683969600553106
Hybrid Davidson-JD corrections at iteration 10
Total MINRES iterations: 25
Iter 10: V_size = 474, Converged = 93, ‖r‖ (largest λ) = 0.006169341317901751
Hybrid Davidson-JD corrections at iteration 11
Total MINRES iterations: 83
Iter 11: V_size = 579, Converged = 225, ‖r‖ (largest λ) = 0.0059522722669320925
Hybrid Davidson-JD corrections at iteration 12
Total MINRES iterations: 1542
Iter 12: V_size = 210, Converged = 225, ‖r‖ (largest λ) = 0.007108789579553922
Hybrid Davidson-JD corrections at iteration 13
Total MINRES iterations: 800
Iter 13: V_size = 315, Converged = 225, ‖r‖ (largest λ) = 0.0022978884254165784
Hybrid Davidson-JD corrections at iteration 14
Total MINRES iterations: 1345
Iter 14: V_size = 420, Converged = 225, ‖r‖ (largest λ) = 0.016201809781683185
Hybrid Davidson-JD corrections at iteration 15
Total MINRES iterations: 1325
Iter 15: V_size = 510, Converged = 240, ‖r‖ (largest λ) = 0.018782769568954763
Hybrid Davidson-JD corrections at iteration 16
Total MINRES iterations: 960
Iter 16: V_size = 600, Converged = 240, ‖r‖ (largest λ) = 0.10392038657332113
Hybrid Davidson-JD corrections at iteration 17
Total MINRES iterations: 1100
Iter 17: V_size = 180, Converged = 240, ‖r‖ (largest λ) = 0.011155002508696192
Hybrid Davidson-JD corrections at iteration 18
Total MINRES iterations: 536
Iter 18: V_size = 270, Converged = 240, ‖r‖ (largest λ) = 0.015562613044181814
Hybrid Davidson-JD corrections at iteration 19
Total MINRES iterations: 25
Iter 19: V_size = 352, Converged = 248, ‖r‖ (largest λ) = 0.00855883850866159
Hybrid Davidson-JD corrections at iteration 20
Total MINRES iterations: 365
Iter 20: V_size = 434, Converged = 248, ‖r‖ (largest λ) = 0.018252108280502347
Hybrid Davidson-JD corrections at iteration 21
Total MINRES iterations: 0
Iter 21: V_size = 516, Converged = 248, ‖r‖ (largest λ) = 0.010363598879929775
Hybrid Davidson-JD corrections at iteration 22
Total MINRES iterations: 226
Iter 22: V_size = 598, Converged = 248, ‖r‖ (largest λ) = 0.010801973269271188
Hybrid Davidson-JD corrections at iteration 23
Total MINRES iterations: 0
Iter 23: V_size = 116, Converged = 272, ‖r‖ (largest λ) = 0.004310317882548807
Hybrid Davidson-JD corrections at iteration 24
Total MINRES iterations: 25
Iter 24: V_size = 174, Converged = 272, ‖r‖ (largest λ) = 0.004147407681343403
Hybrid Davidson-JD corrections at iteration 25
Total MINRES iterations: 616
Iter 25: V_size = 232, Converged = 272, ‖r‖ (largest λ) = 0.004100803983064834
Hybrid Davidson-JD corrections at iteration 26
Total MINRES iterations: 0
Iter 26: V_size = 264, Converged = 298, ‖r‖ (largest λ) = 0.0027801941850764933
Hybrid Davidson-JD corrections at iteration 27
Total MINRES iterations: 8
Iter 27: V_size = 296, Converged = 298, ‖r‖ (largest λ) = 0.0022610877362348996
Hybrid Davidson-JD corrections at iteration 28
Total MINRES iterations: 0
Iter 28: V_size = 328, Converged = 298, ‖r‖ (largest λ) = 0.0027657396812335935
Hybrid Davidson-JD corrections at iteration 29
Total MINRES iterations: 75
Iter 29: V_size = 360, Converged = 298, ‖r‖ (largest λ) = 0.0027599608999073974
Converged all required eigenvalues.
8364.783719 seconds (41.03 M allocations: 2.765 TiB, 0.42% gc time)
Number of FLOPs: 51406707576678

Reading exact Eigenvalues...
Reading eigenvalues from ../../Eigenvalues_folder/eigenres_formaldehyde_RNDbasis1.jld2

Compute the difference between computed and exact eigenvalues:
1×300 adjoint(::Vector{Float64}) with eltype Float64:
 7.10543e-15  0.0  1.77636e-14  7.10543e-15  0.0  0.0  5.32907e-15  -1.24345e-14  0.0  3.55271e-15  -3.55271e-15  -3.55271e-15  8.88178e-16  -8.88178e-16  -4.44089e-15  -4.44089e-15  5.32907e-15  2.66454e-15  2.66454e-15  -6.21725e-15  3.55271e-15  2.66454e-15  6.21725e-15  0.0  -8.88178e-16  -7.10543e-15  -8.88178e-16  2.22045e-15  -8.88178e-15  -4.44089e-16  -1.77636e-15  0.0  -3.55271e-15  -1.77636e-15  5.32907e-15  -9.76996e-15  -5.77316e-15  -5.32907e-15  3.10862e-15  7.99361e-15  -5.32907e-15  -1.33227e-15  -2.66454e-15  -6.66134e-15  2.22045e-15  8.43769e-15  -7.54952e-15  2.22045e-15  -7.99361e-15  5.32907e-15  4.88498e-15  2.66454e-15  -1.90958e-14  -5.32907e-15  -5.77316e-15  -6.66134e-15  -1.77636e-15  -1.42109e-14  -1.68754e-14  1.31006e-14  5.77316e-15  6.88338e-15  -2.10942e-14  1.59872e-14  1.53211e-14  -1.04361e-14  -2.53131e-14  -6.43929e-15  1.06581e-14  -2.33147e-14  -1.04361e-14  -4.44089e-16  6.66134e-15  8.88178e-16  -5.30687e-14  1.15463e-14  -3.19744e-14  6.88338e-15  -1.68754e-14  -6.43929e-15  -4.44089e-16  -1.82077e-14  -8.74856e-14  -3.30846e-14  -4.17444e-14  -1.15463e-14  -3.19744e-14  -2.97096e-13  -2.88436e-13  -4.8761e-13  -2.42695e-13  -1.31539e-12  -1.49436e-13  -7.10543e-15  -2.17604e-14  4.44089e-16  -1.15463e-14  -4.70735e-14  -5.55112e-15  -1.15685e-13  -1.34781e-13  -6.90559e-14  -2.08944e-13  -5.39124e-13  -1.14175e-12  -1.35647e-12  -2.07501e-12  -4.39648e-13  -6.12177e-13  -4.72955e-12  -4.60993e-11  -6.46772e-11  -3.64651e-11  -1.11992e-10  -6.3421e-11  -2.78974e-10  -2.105e-10  -2.55114e-10  -3.14226e-10  -7.12365e-10  -7.20688e-10  -7.68425e-10  -9.31282e-10  -1.17833e-9  -4.45805e-10  -7.10687e-10  -2.36948e-9  -4.02168e-9  -4.93352e-9  -3.13789e-9  -3.75973e-9  -4.97115e-9  -7.06544e-9  -1.30725e-8  -1.30669e-8  -9.27868e-9  -1.20078e-8  -1.33994e-8  -9.35197e-9  -8.56148e-9  -9.95283e-9  -1.85844e-8  -2.62648e-8  -1.63315e-8  -1.59454e-8  -2.36229e-8  -2.02302e-8  -4.64121e-8  -2.00208e-8  -3.35853e-8  -4.32283e-8  -1.67425e-8  -3.35545e-8  -4.96991e-8  -5.56718e-8  -7.6543e-8  -9.54343e-8  -9.10863e-8  -1.06043e-7  -5.92302e-8  -2.38473e-7  -2.72006e-7  -1.79685e-7  -1.82326e-7  -1.76627e-7  -1.99025e-7  -2.04572e-7  -1.5595e-7  -4.52692e-7  -4.07746e-7  -2.90272e-7  -3.32908e-7  -3.03097e-7  -4.92585e-7  -3.37766e-7  -6.53034e-7  -6.55003e-7  -5.28258e-7  -5.27732e-7  -3.97555e-7  -5.21807e-7  -6.87748e-7  -1.37422e-6  -1.26009e-6  -9.49103e-7  -1.02815e-6  -9.57923e-7  -1.4795e-6  -1.7309e-6  -1.41872e-6  -1.50921e-6  -8.33491e-7  -1.40795e-6  -1.01913e-6  -1.99144e-6  -2.57759e-6  -1.43031e-6  -2.68309e-6  -1.45221e-6  -3.48761e-6  -1.05362e-6  -2.1422e-6  -2.43241e-6  -1.73195e-6  -1.19309e-6  -2.83737e-6  -3.40574e-6  -3.79717e-6  -2.75079e-6  -4.12183e-6  -4.91302e-6  -3.21011e-6  -2.40678e-6  -4.11931e-6  -6.15617e-6  -3.73674e-6  -2.45064e-6  -5.35862e-6  -5.01633e-6  -3.46548e-6  -4.49066e-6  -4.54103e-9  -4.5856e-6  -3.88046e-9  -4.29115e-6  -7.06027e-6  -8.52488e-9  -6.84706e-6  -1.45759e-9  -6.54316e-9  -6.3105e-9  -9.06024e-9  -3.30239e-6  -1.09645e-8  -1.44903e-8  -7.29164e-6  1.76799e-9  -1.06902e-8  -1.22823e-8  -1.4688e-8  6.49182e-10  5.02808e-10  -2.34626e-10  2.78975e-10  -2.6322e-8  5.1919e-10  6.38039e-10  8.15405e-11  -6.32245e-7  -6.55191e-7  -4.3798e-7  -4.33873e-7  -8.47414e-9  -3.99781e-9  -2.44338e-8  -1.13077e-6  -9.3496e-9  -6.99282e-7  -2.72284e-8  -2.3393e-8  -3.50161e-9  -1.78739e-8  5.29914e-9  2.50577e-9  2.58661e-9  -1.73452e-10  -3.32358e-8  2.21768e-9  -6.76163e-8  -2.28606e-9  3.07114e-9  -5.9789e-8  2.01134e-9  -3.49694e-7  5.35073e-9  1.6165e-9  6.60136e-9  6.10387e-9  1.89541e-9  4.71822e-9  3.82836e-9  -8.54544e-9  2.01726e-9  -7.24792e-7  6.26114e-9  -4.97913e-7  1.64073e-9  -8.04744e-9  -1.00467e-8  6.32355e-11  -7.08712e-9  -4.07683e-9  -6.30358e-9  -5.85728e-9  -3.21321e-8  -6.54013e-9  -1.17552e-8  -7.96018e-10  -1.32827e-9  -1.27962e-8
300 Eigenvalues converges, out of 300 requested.
Running with l = 600
Starting Davidson with n_aux = 1200, l_buffer = 660, lc = 603, thresh = 0.002, max_iter = 100
Iter 1: V_size = 120, Converged = 0, ‖r‖ (largest λ) = 0.10358086508213564
Iter 2: V_size = 240, Converged = 0, ‖r‖ (largest λ) = 0.025588054618247306
Iter 3: V_size = 480, Converged = 0, ‖r‖ (largest λ) = 0.005422886881735896
Iter 4: V_size = 960, Converged = 0, ‖r‖ (largest λ) = 0.0006278081963591829
Iter 5: V_size = 1200, Converged = 3, ‖r‖ (largest λ) = 0.0004346882074051768
Iter 6: V_size = 1200, Converged = 3, ‖r‖ (largest λ) = 0.001136413088121623
Iter 7: V_size = 1200, Converged = 3, ‖r‖ (largest λ) = 0.0017892374314508086
Iter 8: V_size = 1014, Converged = 153, ‖r‖ (largest λ) = 0.001442453086811158
Iter 9: V_size = 1014, Converged = 153, ‖r‖ (largest λ) = 0.0008588463188067355
Hybrid Davidson-JD corrections at iteration 10
Total MINRES iterations: 0
Iter 10: V_size = 1014, Converged = 153, ‖r‖ (largest λ) = 0.0006019592177387344
Hybrid Davidson-JD corrections at iteration 11
Total MINRES iterations: 0
Iter 11: V_size = 672, Converged = 324, ‖r‖ (largest λ) = 0.0004699691285631959
Hybrid Davidson-JD corrections at iteration 12
Total MINRES iterations: 29
Iter 12: V_size = 1008, Converged = 324, ‖r‖ (largest λ) = 0.00038479683010607374
Hybrid Davidson-JD corrections at iteration 13
Total MINRES iterations: 56
Iter 13: V_size = 672, Converged = 324, ‖r‖ (largest λ) = 0.0005065170526253067
Hybrid Davidson-JD corrections at iteration 14
Total MINRES iterations: 100
Iter 14: V_size = 774, Converged = 558, ‖r‖ (largest λ) = 0.00029036701959879
Hybrid Davidson-JD corrections at iteration 15
Total MINRES iterations: 358
Iter 15: V_size = 876, Converged = 558, ‖r‖ (largest λ) = 0.0002343181355031562
Hybrid Davidson-JD corrections at iteration 16
Total MINRES iterations: 0
Iter 16: V_size = 978, Converged = 558, ‖r‖ (largest λ) = 0.00024060136004535283
Hybrid Davidson-JD corrections at iteration 17
Total MINRES iterations: 850
Iter 17: V_size = 1080, Converged = 558, ‖r‖ (largest λ) = 0.00022717552533917852
Converged all required eigenvalues.
4991.348699 seconds (104.71 M allocations: 7.110 TiB, 1.54% gc time)
Number of FLOPs: 39310987639580

Reading exact Eigenvalues...
Reading eigenvalues from ../../Eigenvalues_folder/eigenres_formaldehyde_RNDbasis1.jld2

Compute the difference between computed and exact eigenvalues:
1×600 adjoint(::Vector{Float64}) with eltype Float64:
 -1.06581e-14  0.0  2.84217e-14  7.10543e-15  0.0  1.77636e-15  8.88178e-15  -1.06581e-14  0.0  5.32907e-15  8.88178e-16  -1.77636e-15  8.88178e-16  1.77636e-15  -8.88178e-16  8.88178e-16  8.88178e-16  1.77636e-15  -8.88178e-16  -3.55271e-15  8.88178e-16  -8.88178e-16  0.0  -1.77636e-15  8.88178e-16  -3.55271e-15  -4.44089e-16  2.66454e-15  -1.77636e-15  2.66454e-15  -4.44089e-16  -4.88498e-15  -1.77636e-15  1.33227e-15  -8.88178e-16  -4.44089e-16  2.66454e-15  -3.10862e-15  1.33227e-15  4.44089e-16  -3.9968e-15  -4.44089e-16  0.0  -1.77636e-15  1.33227e-15  -1.77636e-15  8.88178e-16  -4.44089e-16  0.0  -2.66454e-15  -2.66454e-15  -3.10862e-15  -3.9968e-15  4.44089e-16  2.22045e-15  0.0  -8.88178e-16  -8.88178e-16  4.44089e-16  3.10862e-15  -3.77476e-15  6.66134e-15  1.33227e-15  -2.88658e-15  3.33067e-15  6.66134e-16  -2.22045e-16  8.88178e-16  2.88658e-15  2.22045e-15  -1.33227e-15  -1.11022e-15  -3.55271e-15  -3.9968e-15  -2.88658e-15  -3.77476e-15  2.44249e-15  1.33227e-15  -7.54952e-15  2.22045e-15  7.77156e-15  -2.66454e-15  -3.33067e-15  3.55271e-15  2.88658e-15  0.0  2.44249e-15  3.10862e-15  -8.43769e-15  2.44249e-15  -3.77476e-15  -2.66454e-15  5.9952e-15  4.44089e-16  -2.22045e-15  4.21885e-15  -4.88498e-15  -3.10862e-15  2.22045e-16  -3.33067e-15  -1.77636e-15  -3.9968e-15  -8.88178e-15  3.77476e-15  -8.88178e-16  -2.66454e-15  -1.55431e-15  7.54952e-15  4.44089e-16  -3.06422e-14  -8.3993e-11  -4.03033e-11  -5.52356e-11  -2.47597e-10  -9.73452e-11  -3.00899e-10  -2.7682e-10  -5.67957e-11  -3.56679e-10  -1.07972e-9  -7.11088e-10  -1.36572e-9  -1.6084e-9  -2.04737e-9  -1.17728e-9  -2.31222e-9  -3.82621e-9  -4.7937e-9  -6.35223e-9  -5.88726e-9  -5.00588e-9  -1.08505e-8  -6.03966e-9  -1.41095e-8  -9.41193e-9  -1.14714e-8  -1.76785e-8  -2.47083e-8  -2.65039e-8  -1.81092e-8  -3.59503e-8  -2.32787e-8  -2.41643e-8  -4.37502e-8  -2.00577e-8  -2.55848e-8  -5.13487e-8  -4.66912e-8  -4.11625e-8  -2.66905e-8  -1.21366e-8  -6.00249e-8  -3.18951e-8  -9.80302e-9  -6.0424e-8  -1.48198e-8  -2.49449e-8  -1.95063e-8  -2.47534e-8  -3.64421e-8  -3.4935e-8  -3.32029e-8  -3.82438e-8  -3.71988e-8  -4.26092e-8  -3.38003e-8  -4.77332e-8  -7.06272e-8  -6.47926e-8  -4.10501e-8  -7.1003e-8  -3.32443e-8  -9.3599e-8  -9.4986e-8  -8.27757e-8  -1.02363e-7  -1.19509e-7  -9.89792e-8  -1.03303e-7  -7.74328e-8  -1.22898e-7  -1.74831e-7  -1.44614e-7  -1.04336e-7  -1.53536e-7  -1.44676e-7  -1.40603e-7  -1.67804e-7  -1.18678e-7  -1.15475e-7  -2.48085e-7  -1.24918e-7  -1.46469e-7  -1.26206e-7  -2.24178e-7  -1.87437e-7  -2.33269e-7  -1.68622e-7  -2.68499e-7  -3.32136e-7  -1.68268e-7  -2.27111e-7  -2.48753e-7  -2.49645e-7  -2.42294e-7  -3.22428e-7  -3.59798e-7  -2.5105e-7  -2.7471e-7  -3.12604e-7  -5.28919e-7  -4.17013e-7  -4.56381e-7  -4.57241e-7  -3.81044e-7  -3.21482e-7  -2.73235e-7  -4.3175e-7  -4.02022e-7  -4.814e-7  -4.58411e-7  -5.15429e-7  -3.95453e-7  -3.26627e-7  -4.35914e-7  -5.13043e-7  -5.72074e-7  -6.42451e-7  -8.76275e-7  -4.20791e-7  -6.26478e-7  -6.94246e-7  -5.93408e-7  -7.50996e-7  -8.69682e-7  -1.04462e-6  -1.08027e-6  -1.03097e-6  -9.4775e-7  -1.08951e-6  -1.12068e-6  -9.20355e-7  -8.68876e-7  -9.85853e-7  -1.445e-6  -1.62245e-6  -1.32539e-6  -1.56425e-6  -1.05486e-6  -1.37131e-6  -9.95641e-7  -7.93935e-7  -1.03274e-6  -1.03507e-6  -1.48624e-6  -2.01791e-6  -1.72972e-6  -2.20869e-6  -1.34649e-6  -1.49264e-6  -2.20773e-6  -1.65974e-6  -2.11474e-6  -1.67427e-6  -2.27014e-6  -2.70506e-6  -3.47994e-6  -2.62242e-6  -1.94237e-6  -1.98913e-6  -1.96963e-6  -2.97763e-6  -3.36205e-6  -2.51556e-6  -2.88523e-6  -3.90637e-6  -3.2471e-6  -3.7355e-6  -2.62372e-6  -4.32155e-6  -4.38734e-6  -3.98063e-6  -5.36974e-6  -4.84488e-6  -3.44177e-6  -3.9127e-6  -5.22152e-6  -4.33099e-6  -4.65832e-6  -4.79986e-6  -7.34417e-6  -5.8518e-6  -3.80434e-6  -5.16134e-6  -5.39606e-6  -5.60472e-6  -5.27702e-6  -5.34983e-6  -6.8177e-6  -7.18249e-6  -7.37187e-6  -6.53955e-6  -9.32401e-6  -8.14508e-6  -7.06704e-6  -9.30537e-6  -8.19803e-6  -6.31704e-6  -8.98532e-6  -7.5797e-6  -9.0648e-6  -1.15973e-5  -9.82023e-6  -8.18662e-6  -1.19251e-5  -8.24861e-6  -3.35568e-6  -1.36629e-5  -3.26309e-6  -9.87793e-6  -2.86657e-6  -1.26968e-5  -3.45331e-6  -1.45503e-5  -1.11265e-5  -4.56231e-6  -9.37247e-6  -3.82424e-6  -4.35011e-6  -4.46082e-6  -1.36053e-5  -4.13331e-6  3.96464e-9  3.40531e-9  7.4764e-9  -7.39767e-6  -1.85668e-5  5.51376e-8  -5.22773e-6  2.12751e-9  2.74773e-10  1.36317e-9  4.7713e-9  6.7398e-10  -5.34996e-6  4.24391e-9  4.34748e-9  9.20883e-10  -5.85258e-6  3.48757e-9  8.78459e-10  -7.06437e-10  9.13072e-9  1.36495e-9  -9.76777e-10  5.85807e-10  6.22682e-9  -2.14748e-9  3.91444e-10  -1.52332e-9  -1.40959e-5  5.36784e-9  7.29559e-9  4.63041e-9  5.15907e-9  3.26186e-9  1.13035e-8  -1.47358e-5  -1.12799e-5  9.40044e-9  -9.97744e-6  4.70965e-9  -1.29998e-5  7.92889e-9  1.04748e-8  8.55527e-9  -1.35383e-5  5.6258e-9  -1.20898e-5  7.02226e-9  1.27741e-8  1.13914e-8  1.35958e-8  1.44783e-8  9.71753e-9  -1.13632e-5  4.99511e-9  8.77792e-9  6.21033e-9  1.00566e-9  1.58755e-8  8.93346e-9  8.67319e-9  1.90846e-8  6.43045e-9  6.65975e-9  -8.13815e-6  8.58555e-9  1.5593e-8  2.07961e-8  9.84965e-9  1.04857e-8  1.65009e-9  1.44224e-8  5.39621e-9  -3.62355e-6  -2.86535e-6  -1.16745e-5  -1.22646e-5  -2.33842e-11  -1.24099e-5  -1.05597e-5  -1.03973e-5  -1.05023e-5  -1.02645e-5  3.60771e-9  5.8143e-9  2.56894e-10  -7.93266e-6  -9.88562e-6  -4.86508e-11  -9.07535e-6  -7.15691e-6  -7.66954e-6  -8.73181e-6  5.007e-9  -7.22426e-6  4.14846e-9  -9.9354e-6  4.9821e-10  2.00787e-9  -8.29275e-6  -1.28623e-8  -6.55359e-6  8.85677e-10  -6.71558e-6  -6.72418e-6  -6.58447e-6  -6.68986e-6  -6.0741e-6  -6.15884e-6  -5.59378e-6  -7.06335e-6  -6.06926e-6  -6.09242e-6  -5.25887e-6  -5.76136e-6  -5.32469e-6  -4.87751e-6  -5.31073e-6  -4.79913e-6  -4.51442e-6  -5.18909e-6  -5.38386e-6  -5.46885e-6  -4.43552e-6  -5.78716e-6  -5.13148e-6  -4.73193e-6  -5.08916e-6  -4.8863e-6  -4.45233e-6  -4.45067e-6  -4.77558e-6  -5.00254e-6  -4.47673e-6  -4.09926e-6  -4.56415e-6  -4.62474e-6  -4.55432e-6  -4.85151e-6  -3.95168e-6  -4.23527e-6  -4.39521e-6  -4.43927e-6  -4.39957e-6  -3.61606e-6  -4.61756e-6  -4.91246e-6  -3.42866e-6  -4.39886e-6  -3.89545e-6  -4.2354e-6  -3.27853e-6  -3.59862e-6  -4.11351e-6  -4.00695e-6  -3.86615e-6  -4.11523e-6  -4.05918e-6  -4.05025e-6  -4.01193e-6  -3.48262e-6  -3.72673e-6  -3.96518e-6  -4.08054e-6  -3.73264e-6  -3.37253e-6  -3.99425e-6  -3.49383e-6  -3.23072e-6  -4.19876e-6  -3.71252e-6  -4.06916e-6  -3.50261e-6  -3.56104e-6  -3.66392e-6  -3.51768e-6  -3.5669e-6  -3.96897e-6  -3.88954e-6  -3.16737e-6  -2.92223e-6  -3.35244e-6  -3.31169e-6  -3.94156e-6  -3.41561e-6  -3.36506e-6  -3.99937e-6  -3.57171e-6  -3.6969e-6  -3.42753e-6  -3.57127e-6  -3.47507e-6  -3.54794e-6  -3.70575e-6  -4.71231e-6  -3.29758e-6  -4.2177e-6  -4.22695e-6  -4.34794e-6  -4.9033e-6  -3.84009e-6  -3.75703e-6  -4.54014e-6  -4.5783e-6  -4.61743e-6  -4.44044e-6  -5.03579e-6  -5.50867e-6  -5.18578e-6  -4.13513e-6  -6.68182e-6  -5.99411e-6  -4.36428e-6  -5.58386e-6  -4.34286e-6  -6.68875e-6  -7.60963e-6  -6.79596e-6  -7.72981e-6  -5.73686e-6  -8.05152e-6  -8.51036e-6  -7.0396e-6  -7.95258e-6  -8.65068e-6  -8.86116e-6  -1.0921e-5  -7.34294e-6  -9.23032e-6  -9.63242e-6  -8.65291e-6  -9.12592e-6  -8.60769e-6  -9.33263e-6  -9.59164e-6  -9.25931e-6  -7.68161e-6  -9.63166e-6  -9.5353e-6  -1.00858e-5  -1.09657e-5  -1.38348e-5  -1.24199e-5  -1.12152e-5  -1.1268e-5  -1.11772e-5  -1.10279e-5  -1.10402e-5  -1.11479e-5  -1.15744e-5  -1.17427e-5  -1.47094e-5  -1.56759e-5  -1.44399e-5  -1.12138e-5  -1.1762e-5  -1.44587e-5  -1.57877e-5  -1.35188e-5  -1.14981e-5  -1.35592e-5  -1.29696e-5  -1.53918e-5  -1.40565e-5  -1.22144e-5  -1.37524e-5  -1.52769e-5  -1.28107e-5
600 Eigenvalues converges, out of 600 requested.
Running with beta = 25
Running with l = 300
Starting Davidson with n_aux = 750, l_buffer = 330, lc = 301, thresh = 0.0015, max_iter = 100
Iter 1: V_size = 60, Converged = 0, ‖r‖ (largest λ) = 0.26486861963827185
Iter 2: V_size = 120, Converged = 0, ‖r‖ (largest λ) = 0.06605965136343936
Iter 3: V_size = 240, Converged = 0, ‖r‖ (largest λ) = 0.024614027791462368
Iter 4: V_size = 480, Converged = 0, ‖r‖ (largest λ) = 0.005532686722171159
Iter 5: V_size = 658, Converged = 1, ‖r‖ (largest λ) = 0.0048120088946268505
Iter 6: V_size = 658, Converged = 1, ‖r‖ (largest λ) = 0.02642081070908515
Iter 7: V_size = 658, Converged = 1, ‖r‖ (largest λ) = 0.019002049778734115
Iter 8: V_size = 468, Converged = 96, ‖r‖ (largest λ) = 0.008386613232552386
Iter 9: V_size = 702, Converged = 96, ‖r‖ (largest λ) = 0.00694738087787584
Hybrid Davidson-JD corrections at iteration 10
Total MINRES iterations: 25
Iter 10: V_size = 468, Converged = 96, ‖r‖ (largest λ) = 0.006869991087372186
Hybrid Davidson-JD corrections at iteration 11
Total MINRES iterations: 0
Iter 11: V_size = 579, Converged = 219, ‖r‖ (largest λ) = 0.006207122269251562
Hybrid Davidson-JD corrections at iteration 12
Total MINRES iterations: 1524
Iter 12: V_size = 690, Converged = 219, ‖r‖ (largest λ) = 0.11331135950331132
Hybrid Davidson-JD corrections at iteration 13
Total MINRES iterations: 11
Iter 13: V_size = 222, Converged = 219, ‖r‖ (largest λ) = 0.007163551696785832
Hybrid Davidson-JD corrections at iteration 14
Total MINRES iterations: 97
Iter 14: V_size = 333, Converged = 219, ‖r‖ (largest λ) = 0.006741526723673137
Hybrid Davidson-JD corrections at iteration 15
Total MINRES iterations: 25
Iter 15: V_size = 428, Converged = 235, ‖r‖ (largest λ) = 0.006018953242718981
Hybrid Davidson-JD corrections at iteration 16
Total MINRES iterations: 151
Iter 16: V_size = 523, Converged = 235, ‖r‖ (largest λ) = 0.010997600768927324
Hybrid Davidson-JD corrections at iteration 17
Total MINRES iterations: 0
Iter 17: V_size = 618, Converged = 235, ‖r‖ (largest λ) = 0.006469618514809617
Hybrid Davidson-JD corrections at iteration 18
Total MINRES iterations: 1288
Iter 18: V_size = 713, Converged = 235, ‖r‖ (largest λ) = 0.006712459684689265
Hybrid Davidson-JD corrections at iteration 19
Total MINRES iterations: 0
Iter 19: V_size = 744, Converged = 299, ‖r‖ (largest λ) = 0.004267053982977595
Hybrid Davidson-JD corrections at iteration 20
Total MINRES iterations: 2
Iter 20: V_size = 62, Converged = 299, ‖r‖ (largest λ) = 0.8240071211936454
Hybrid Davidson-JD corrections at iteration 21
Total MINRES iterations: 0
Iter 21: V_size = 93, Converged = 299, ‖r‖ (largest λ) = 0.0018622133954691838
Hybrid Davidson-JD corrections at iteration 22
Total MINRES iterations: 50
Iter 22: V_size = 124, Converged = 299, ‖r‖ (largest λ) = 0.013855714825842013
Converged all required eigenvalues.
3440.031004 seconds (35.62 M allocations: 2.411 TiB, 0.70% gc time)
Number of FLOPs: 30776961005983

Reading exact Eigenvalues...
Reading eigenvalues from ../../Eigenvalues_folder/eigenres_formaldehyde_RNDbasis1.jld2

Compute the difference between computed and exact eigenvalues:
1×300 adjoint(::Vector{Float64}) with eltype Float64:
 7.10543e-15  -7.10543e-15  3.55271e-15  7.10543e-15  0.0  -1.77636e-15  1.06581e-14  -3.55271e-15  3.55271e-15  7.10543e-15  -2.66454e-15  2.66454e-15  -1.77636e-15  0.0  -8.88178e-16  -1.77636e-15  7.99361e-15  5.32907e-15  1.77636e-15  -1.77636e-15  4.44089e-15  3.55271e-15  -3.55271e-15  -7.10543e-15  3.55271e-15  2.66454e-15  5.77316e-15  -1.02141e-14  -1.77636e-15  2.22045e-15  -1.24345e-14  7.99361e-15  -4.88498e-15  8.88178e-16  5.32907e-15  -3.10862e-15  6.21725e-15  7.99361e-15  -1.33227e-15  3.9968e-15  8.88178e-16  -6.21725e-15  -7.10543e-15  -7.54952e-15  2.22045e-15  9.32587e-15  -6.21725e-15  1.24345e-14  -8.88178e-16  7.99361e-15  1.5099e-14  -1.77636e-15  6.21725e-15  3.9968e-15  8.88178e-16  -1.15463e-14  1.24345e-14  -4.44089e-16  1.37668e-14  -6.66134e-15  1.22125e-14  -1.93179e-14  -6.88338e-15  -2.22045e-16  -1.5099e-14  -6.21725e-15  2.02061e-14  -1.73195e-14  -2.22045e-16  -5.55112e-15  -1.42109e-14  -2.42029e-14  4.21885e-15  9.54792e-15  -3.08642e-14  8.65974e-15  -1.55431e-15  8.88178e-15  1.33227e-15  1.28786e-14  -6.43929e-15  -2.24265e-14  -1.62093e-14  -3.33067e-14  -1.64313e-14  -9.99201e-15  -1.88738e-14  -2.65565e-13  -2.08278e-13  -2.81775e-13  -1.72751e-13  -6.1795e-13  -9.54792e-14  -5.11591e-13  -1.9984e-15  -4.73177e-13  -1.52234e-12  -4.44089e-16  -1.57652e-14  -2.66454e-15  -5.55112e-15  -2.42029e-14  -6.86118e-14  -6.66134e-15  -7.36966e-13  -3.20188e-13  -1.93845e-13  -2.17604e-13  -7.32747e-15  -7.30749e-13  -1.18319e-11  -2.29066e-11  -1.99492e-11  -5.00615e-11  -3.16129e-11  -2.5637e-11  -7.42986e-11  -6.0949e-11  -9.88329e-11  -1.78566e-10  -2.87535e-10  -1.7261e-10  -3.25167e-10  -3.1693e-10  -3.16405e-10  -1.18696e-10  -9.794e-10  -2.04013e-9  -3.2012e-9  -1.38722e-9  -2.05944e-9  -3.63142e-9  -4.63011e-9  -7.45489e-9  -6.23491e-9  -4.35453e-9  -5.98126e-9  -9.54594e-9  -5.42415e-9  -7.09401e-9  -5.83645e-9  -1.15658e-8  -1.45998e-8  -9.82209e-9  -1.12102e-8  -1.83023e-8  -1.57794e-8  -3.32769e-8  -1.45767e-8  -2.37027e-8  -2.68202e-8  -1.21787e-8  -2.47454e-8  -4.11315e-8  -3.78924e-8  -6.38555e-8  -6.38022e-8  -7.28699e-8  -9.68425e-8  -5.1989e-8  -1.95129e-7  -1.9563e-7  -1.74056e-7  -1.46391e-7  -1.61955e-7  -1.48298e-7  -1.96156e-7  -1.37298e-7  -4.39161e-7  -3.43896e-7  -2.73547e-7  -3.11125e-7  -3.0603e-7  -4.54763e-7  -3.2502e-7  -5.31984e-7  -6.06482e-7  -5.65334e-7  -4.27287e-7  -3.81006e-7  -4.4132e-7  -7.23611e-7  -1.52718e-6  -1.1808e-6  -1.09466e-6  -9.88677e-7  -8.97179e-7  -1.50728e-6  -1.88485e-6  -1.52673e-6  -1.31736e-6  -8.82418e-7  -1.33017e-6  -1.15229e-6  -2.05438e-6  -2.26884e-6  -1.53178e-6  -2.91159e-6  -1.40652e-6  -3.85885e-6  -1.32288e-6  -2.35802e-6  -2.57194e-6  -1.90365e-6  -1.48648e-6  -3.09211e-6  -3.78415e-6  -4.63109e-6  -3.07508e-6  -4.5374e-6  -4.7703e-6  -3.89995e-6  -3.12616e-6  -4.50923e-6  -1.74914e-6  -3.76607e-6  -1.82731e-6  7.5239e-10  3.83809e-10  -4.66201e-6  -4.98493e-6  -1.64885e-6  -6.02993e-6  -2.31081e-6  -4.55301e-6  3.57363e-9  -2.78385e-6  8.14182e-10  -4.30999e-9  -2.89657e-6  -2.83057e-6  -4.97769e-10  -3.34254e-6  -2.67644e-6  5.51634e-10  -4.8302e-9  2.87562e-10  -8.30309e-11  -8.97649e-10  -1.36643e-9  6.51518e-10  7.59741e-10  -2.00989e-9  1.01415e-9  -2.05596e-9  -5.23254e-10  9.2125e-10  -1.46987e-9  -3.0925e-9  9.26175e-10  -5.85605e-9  -4.62304e-9  1.28221e-9  8.18521e-10  9.62511e-10  1.43413e-9  -7.72693e-9  9.86377e-10  1.67149e-9  1.51517e-9  8.41573e-10  1.2453e-9  1.57286e-9  7.05882e-10  2.37882e-9  1.08273e-9  1.14307e-9  1.89458e-9  2.17101e-9  6.46943e-10  9.27518e-10  2.33529e-9  1.26351e-9  1.86979e-9  2.97129e-9  1.67699e-9  1.1157e-9  5.87669e-10  1.35168e-9  2.22055e-9  2.61762e-9  -1.22992e-10  2.59944e-9  3.87903e-9  2.02864e-9  -2.39424e-7  2.15836e-9  1.63422e-9  -1.01174e-9  1.61868e-9  1.59682e-9  -1.2993e-9  5.32276e-10  1.02488e-9  2.44524e-9  2.44154e-9  -1.47171e-9  -1.99153e-9  -1.89634e-9  8.79866e-10
300 Eigenvalues converges, out of 300 requested.
Running with l = 600
Starting Davidson with n_aux = 1500, l_buffer = 660, lc = 603, thresh = 0.002, max_iter = 100
Iter 1: V_size = 120, Converged = 0, ‖r‖ (largest λ) = 0.10358086508213564
Iter 2: V_size = 240, Converged = 0, ‖r‖ (largest λ) = 0.025588054618247306
Iter 3: V_size = 480, Converged = 0, ‖r‖ (largest λ) = 0.005422886881735896
Iter 4: V_size = 960, Converged = 0, ‖r‖ (largest λ) = 0.0006278081963591829
Iter 5: V_size = 1314, Converged = 3, ‖r‖ (largest λ) = 0.0004346882074051768
Iter 6: V_size = 1314, Converged = 3, ‖r‖ (largest λ) = 0.0014297524010831195
Iter 7: V_size = 1314, Converged = 3, ‖r‖ (largest λ) = 0.0010817534888782174
Iter 8: V_size = 1014, Converged = 153, ‖r‖ (largest λ) = 0.0007174909209552645
Iter 9: V_size = 1014, Converged = 153, ‖r‖ (largest λ) = 0.0005218319796171214
Hybrid Davidson-JD corrections at iteration 10
Total MINRES iterations: 0
Iter 10: V_size = 1014, Converged = 153, ‖r‖ (largest λ) = 0.0004157414983812501
Hybrid Davidson-JD corrections at iteration 11
Total MINRES iterations: 0
Iter 11: V_size = 1311, Converged = 363, ‖r‖ (largest λ) = 0.0003346398918982868
Hybrid Davidson-JD corrections at iteration 12
Total MINRES iterations: 4506
Iter 12: V_size = 594, Converged = 363, ‖r‖ (largest λ) = 0.0016308046346721413
Hybrid Davidson-JD corrections at iteration 13
Total MINRES iterations: 0
Iter 13: V_size = 891, Converged = 363, ‖r‖ (largest λ) = 0.00041936871927643804
Hybrid Davidson-JD corrections at iteration 14
Total MINRES iterations: 211
Iter 14: V_size = 1188, Converged = 363, ‖r‖ (largest λ) = 0.0011273509720427205
Hybrid Davidson-JD corrections at iteration 15
Total MINRES iterations: 525
Iter 15: V_size = 1376, Converged = 472, ‖r‖ (largest λ) = 0.0013392376657222313
Hybrid Davidson-JD corrections at iteration 16
Total MINRES iterations: 2056
Iter 16: V_size = 376, Converged = 472, ‖r‖ (largest λ) = 0.12258649308409532
Hybrid Davidson-JD corrections at iteration 17
Total MINRES iterations: 0
Iter 17: V_size = 564, Converged = 472, ‖r‖ (largest λ) = 0.0006568937891515778
Hybrid Davidson-JD corrections at iteration 18
Total MINRES iterations: 750
Iter 18: V_size = 752, Converged = 472, ‖r‖ (largest λ) = 0.0017603983352097953
Hybrid Davidson-JD corrections at iteration 19
Total MINRES iterations: 0
Iter 19: V_size = 919, Converged = 493, ‖r‖ (largest λ) = 0.000918323220769172
Hybrid Davidson-JD corrections at iteration 20
Total MINRES iterations: 1429
Iter 20: V_size = 1086, Converged = 493, ‖r‖ (largest λ) = 0.0007681558996357703
Hybrid Davidson-JD corrections at iteration 21
Total MINRES iterations: 25
Iter 21: V_size = 1253, Converged = 493, ‖r‖ (largest λ) = 0.000548232222863955
Hybrid Davidson-JD corrections at iteration 22
Total MINRES iterations: 225
Iter 22: V_size = 1420, Converged = 493, ‖r‖ (largest λ) = 0.0005124540454684059
Hybrid Davidson-JD corrections at iteration 23
Total MINRES iterations: 0
Iter 23: V_size = 162, Converged = 579, ‖r‖ (largest λ) = 0.00030192901182019813
Hybrid Davidson-JD corrections at iteration 24
Total MINRES iterations: 25
Iter 24: V_size = 243, Converged = 579, ‖r‖ (largest λ) = 0.00019225114963133087
Hybrid Davidson-JD corrections at iteration 25
Total MINRES iterations: 25
Iter 25: V_size = 324, Converged = 579, ‖r‖ (largest λ) = 0.00013923340129948689
Converged all required eigenvalues.
10138.067394 seconds (157.76 M allocations: 10.659 TiB, 0.98% gc time)
Number of FLOPs: 79481125955265

Reading exact Eigenvalues...
Reading eigenvalues from ../../Eigenvalues_folder/eigenres_formaldehyde_RNDbasis1.jld2

Compute the difference between computed and exact eigenvalues:
1×600 adjoint(::Vector{Float64}) with eltype Float64:
 -1.06581e-14  0.0  2.84217e-14  8.88178e-15  1.77636e-15  1.77636e-15  8.88178e-15  -1.06581e-14  0.0  5.32907e-15  -1.77636e-15  0.0  1.77636e-15  -8.88178e-16  -8.88178e-16  0.0  4.44089e-15  4.44089e-15  8.88178e-16  -1.77636e-15  1.77636e-15  -1.77636e-15  0.0  -4.44089e-15  0.0  -2.66454e-15  2.22045e-15  -8.88178e-16  -8.88178e-16  8.88178e-16  -8.88178e-16  1.33227e-15  -4.44089e-16  0.0  8.88178e-16  1.77636e-15  -5.32907e-15  -1.33227e-15  4.44089e-16  4.44089e-16  3.10862e-15  -1.33227e-15  -1.77636e-15  -1.77636e-15  -1.33227e-15  -7.10543e-15  4.44089e-16  -2.66454e-15  -8.88178e-16  0.0  -1.33227e-15  4.44089e-16  1.33227e-15  -3.10862e-15  2.22045e-15  2.66454e-15  8.88178e-16  -4.44089e-16  -2.66454e-15  3.55271e-15  2.22045e-16  0.0  1.55431e-15  2.88658e-15  1.77636e-15  -1.77636e-15  -2.22045e-16  1.55431e-15  5.77316e-15  1.9984e-15  -2.66454e-15  -2.22045e-16  -2.88658e-15  1.77636e-15  -4.44089e-15  -1.33227e-15  0.0  2.44249e-15  2.66454e-15  -2.66454e-15  -2.22045e-15  0.0  -2.66454e-15  3.10862e-15  4.44089e-15  1.9984e-15  5.9952e-15  3.55271e-15  4.21885e-15  -3.9968e-15  -1.33227e-15  7.10543e-15  2.22045e-16  -1.55431e-15  8.43769e-15  4.44089e-16  -8.88178e-16  1.9984e-15  -1.33227e-15  1.33227e-15  8.88178e-16  -4.44089e-16  1.33227e-15  -7.10543e-15  -4.44089e-16  1.77636e-15  -3.10862e-15  7.32747e-15  3.77476e-15  -2.57572e-14  -6.87812e-11  -3.45655e-11  -4.4494e-11  -2.17327e-10  -7.99696e-11  -2.52864e-10  -2.30349e-10  -5.14033e-11  -2.86113e-10  -8.01725e-10  -6.03055e-10  -1.14023e-9  -1.23633e-9  -1.50003e-9  -9.867e-10  -1.8782e-9  -2.66336e-9  -3.26603e-9  -4.48908e-9  -4.23343e-9  -3.64092e-9  -7.64555e-9  -4.41532e-9  -9.93003e-9  -6.34732e-9  -8.53287e-9  -1.2113e-8  -1.67213e-8  -1.77086e-8  -1.24332e-8  -2.39753e-8  -1.61878e-8  -1.68309e-8  -3.04402e-8  -1.44278e-8  -1.7862e-8  -3.82034e-8  -3.34581e-8  -2.70592e-8  -1.89048e-8  -8.80276e-9  -3.80705e-8  -2.17278e-8  -7.55848e-9  -4.24258e-8  -1.14827e-8  -1.78144e-8  -1.36344e-8  -1.6287e-8  -2.4919e-8  -2.17345e-8  -2.34583e-8  -2.60814e-8  -2.63744e-8  -2.87617e-8  -2.3812e-8  -3.35338e-8  -4.46607e-8  -4.01e-8  -2.8948e-8  -4.72038e-8  -2.3539e-8  -6.33299e-8  -6.00762e-8  -6.26554e-8  -7.22815e-8  -7.74817e-8  -6.40914e-8  -6.82686e-8  -5.28279e-8  -8.30787e-8  -1.04306e-7  -8.45646e-8  -7.04892e-8  -1.04531e-7  -9.54055e-8  -9.98143e-8  -1.18201e-7  -7.24896e-8  -8.10511e-8  -1.66025e-7  -8.61356e-8  -1.01306e-7  -9.26106e-8  -1.48157e-7  -1.30674e-7  -1.45048e-7  -1.09489e-7  -1.71136e-7  -2.08543e-7  -1.13805e-7  -1.46461e-7  -1.67217e-7  -1.5719e-7  -1.74126e-7  -2.32545e-7  -2.30414e-7  -1.57928e-7  -2.05769e-7  -2.14165e-7  -3.69787e-7  -2.77398e-7  -2.93746e-7  -3.12582e-7  -2.32971e-7  -2.01641e-7  -1.87913e-7  -2.853e-7  -2.72148e-7  -3.22768e-7  -3.07384e-7  -3.72917e-7  -2.85949e-7  -2.08687e-7  -3.30148e-7  -3.34299e-7  -4.14453e-7  -4.53615e-7  -5.31785e-7  -2.66485e-7  -4.09999e-7  -4.8574e-7  -4.09512e-7  -4.90183e-7  -5.9066e-7  -6.69645e-7  -6.74681e-7  -6.48623e-7  -6.8077e-7  -6.98005e-7  -8.05452e-7  -6.50924e-7  -6.36126e-7  -5.99597e-7  -8.96551e-7  -9.76034e-7  -7.89246e-7  -1.02999e-6  -7.21096e-7  -9.17322e-7  -6.69716e-7  -5.59871e-7  -7.56181e-7  -6.68784e-7  -9.7253e-7  -1.34416e-6  -1.27697e-6  -1.4895e-6  -1.06261e-6  -9.2932e-7  -1.35301e-6  -1.0935e-6  -1.40038e-6  -1.09912e-6  -1.29872e-6  -1.70409e-6  -1.93672e-6  -1.69188e-6  -1.26215e-6  -1.25767e-6  -1.36475e-6  -2.32411e-6  -2.43877e-6  -1.51193e-6  -1.88398e-6  -2.42687e-6  -2.08539e-6  -2.35445e-6  -1.7113e-6  -2.83922e-6  -2.39451e-6  -2.747e-6  -3.19124e-6  -3.01093e-6  -2.19241e-6  -2.93896e-6  -3.23441e-6  -2.70566e-6  -3.28762e-6  -3.48393e-6  -4.35644e-6  -3.79319e-6  -2.46702e-6  -3.41074e-6  -3.29731e-6  -3.87464e-6  -3.4488e-6  -3.95064e-6  -4.84831e-6  -4.37147e-6  -4.57599e-6  -4.17135e-6  -6.71353e-6  -5.20152e-6  -4.59741e-6  -5.92068e-6  -4.99778e-6  -4.41652e-6  -6.16067e-6  -4.68333e-6  -5.89541e-6  -7.181e-6  -6.3811e-6  -4.98409e-6  -7.61716e-6  -5.2394e-6  -7.35711e-6  -9.24601e-6  -9.13439e-6  -5.86272e-6  -1.0378e-5  -7.66526e-6  -9.39313e-6  -9.4928e-6  -7.49746e-6  -1.07158e-5  -5.84964e-6  -1.23345e-5  -1.0347e-5  -9.45457e-6  -9.04863e-6  -9.67889e-6  -1.05486e-5  -1.25977e-5  -1.12152e-5  -1.57774e-5  -1.04954e-5  -1.32085e-5  -1.35661e-5  -1.33311e-5  -1.07238e-5  -1.46967e-5  -1.46052e-5  -1.54033e-5  -1.3329e-5  -1.82514e-5  -1.75027e-5  -1.96743e-5  -2.01055e-5  -1.92236e-5  -1.65255e-5  -2.29688e-5  -2.15767e-5  -1.9612e-5  -1.60978e-5  -2.34606e-5  -2.24961e-5  -2.03469e-5  -2.25079e-5  -1.72223e-5  2.1921e-8  -2.60269e-5  1.37782e-8  -2.62439e-5  -5.85282e-6  -7.30774e-6  3.27223e-8  1.83162e-8  1.48367e-8  -5.3342e-6  -5.74037e-6  1.45274e-8  1.17227e-8  2.06778e-8  -6.59592e-6  1.37278e-8  1.05961e-8  1.4746e-8  5.31862e-9  1.25006e-8  2.03671e-8  1.06241e-8  -5.96242e-6  1.5429e-8  1.03624e-8  -5.92286e-6  1.01463e-8  -3.30814e-7  -2.82656e-5  1.35793e-8  2.14257e-8  -7.9477e-6  -7.62265e-6  3.18572e-8  7.55956e-9  2.59294e-8  2.69382e-8  1.68521e-8  -9.95429e-6  -9.49334e-6  -6.70642e-6  1.9738e-8  1.51977e-8  1.27133e-8  -6.06735e-6  1.8705e-8  7.63263e-9  -4.76798e-6  -5.2986e-6  -3.62482e-6  1.03259e-8  -3.81036e-6  -3.89064e-6  -4.44074e-6  -3.71107e-6  -4.12592e-6  -4.257e-6  6.53438e-9  5.95861e-9  -3.46829e-6  -3.14303e-6  -3.79762e-6  5.44064e-9  -2.02863e-6  -3.3211e-6  -3.47882e-6  -2.64999e-6  5.4123e-9  -3.82904e-6  -3.25871e-6  -2.45209e-6  -3.17983e-6  -3.20728e-6  -2.73183e-6  -3.18261e-6  -2.66972e-6  -2.42715e-6  -2.4518e-6  -2.60904e-6  -2.3713e-6  -2.7617e-6  -2.10933e-6  -2.4059e-6  -2.44482e-6  -2.25091e-6  -2.02812e-6  -2.23014e-6  -2.55104e-6  -2.05628e-6  -2.0657e-6  -1.91301e-6  -1.67686e-6  -2.04398e-6  -2.24154e-6  -2.35069e-6  -1.83405e-6  -2.31359e-6  -2.14376e-6  -1.75009e-6  -2.12729e-6  -2.3223e-6  -1.91078e-6  -2.33016e-6  -2.04753e-6  -2.08078e-6  -2.13138e-6  -1.89141e-6  -1.7876e-6  -2.32954e-6  -2.19287e-6  -2.28771e-6  -2.63597e-6  -9.61224e-8  -1.04151e-5  -1.28379e-6  -1.87991e-7  -1.66572e-5  9.14004e-7  3.50005e-6  -6.79584e-7  -9.58778e-7  -8.38574e-7  -1.17019e-6  -1.00542e-6  -1.00972e-6  -7.75877e-7  -6.37541e-7  -7.87816e-7  -1.24877e-6  -1.23731e-6  -6.98881e-7  -9.18673e-7  -1.81047e-6  -1.84398e-6  -1.59796e-6  -1.65094e-6  -3.37376e-6  -1.87542e-6  -2.33868e-8  -3.80873e-7  -8.4454e-8  -3.67865e-8  1.01568e-7  5.48231e-8  3.23e-8  -1.58627e-6  7.52228e-8  6.65736e-8  4.60292e-8  -7.02606e-6  -4.80387e-8  -2.96152e-6  -6.14192e-6  3.02559e-8  2.6174e-8  1.11414e-8  1.47019e-8  1.16283e-8  4.49661e-8  2.03053e-8  -1.6278e-6  1.55101e-8  1.21534e-8  8.65166e-9  2.37703e-8  -2.77016e-6  1.77613e-8  3.71422e-8  1.536e-8  -5.82675e-6  1.89427e-8  1.84581e-8  1.01308e-8  3.7886e-8  1.77778e-8  -8.0774e-6  3.73556e-9  2.08901e-8  -8.59514e-6  7.13728e-9  5.85289e-9  6.0193e-9  4.09188e-8  -4.77163e-8  -1.01282e-5  -3.66498e-6  -7.55372e-6  -1.09286e-5  7.71951e-9  -1.34257e-5  -1.28999e-5  -1.16851e-7  2.084e-9  -4.58967e-7  6.44377e-8  -4.90273e-6  -2.48161e-7  -8.39082e-6  -3.43253e-6  -1.70719e-6  -3.411e-6  -1.40492e-6  -5.14182e-6  -6.2059e-6  -6.69557e-6  -6.48889e-6  -2.30596e-7  -5.69499e-6  -5.09548e-7  -2.56484e-7  -2.71038e-7  -2.72086e-7  -4.71198e-7  -6.09658e-6  -1.70961e-6  -1.33041e-5  -1.20997e-5  -1.18974e-5  -3.83151e-6  -1.23751e-5  -8.68799e-7  -2.03366e-6  -1.69351e-5  -2.09503e-6  -3.17116e-6  -2.8207e-6  -1.99863e-6  -2.01475e-6  -2.62245e-6  -2.51715e-6  -3.07445e-6  -3.90465e-6  -2.93966e-6  -2.37029e-6  -5.00588e-6  -4.20476e-6  -5.14347e-6  2.382e-8  -3.47377e-6  -4.61657e-8
600 Eigenvalues converges, out of 600 requested.
Running with beta = 32
Running with l = 300
Starting Davidson with n_aux = 960, l_buffer = 330, lc = 301, thresh = 0.0015, max_iter = 100
Iter 1: V_size = 60, Converged = 0, ‖r‖ (largest λ) = 0.26486861963827185
Iter 2: V_size = 120, Converged = 0, ‖r‖ (largest λ) = 0.06605965136343936
Iter 3: V_size = 240, Converged = 0, ‖r‖ (largest λ) = 0.024614027791462368
Iter 4: V_size = 480, Converged = 0, ‖r‖ (largest λ) = 0.005532686722171159
Iter 5: V_size = 809, Converged = 1, ‖r‖ (largest λ) = 0.0048120088946268505
Iter 6: V_size = 642, Converged = 9, ‖r‖ (largest λ) = 0.02726770288181343
Iter 7: V_size = 642, Converged = 9, ‖r‖ (largest λ) = 0.024003477554741755
Iter 8: V_size = 638, Converged = 11, ‖r‖ (largest λ) = 0.00892799345249132
Iter 9: V_size = 957, Converged = 11, ‖r‖ (largest λ) = 0.006718476178602988
Hybrid Davidson-JD corrections at iteration 10
Total MINRES iterations: 41
Iter 10: V_size = 633, Converged = 11, ‖r‖ (largest λ) = 0.003978599329701285
Hybrid Davidson-JD corrections at iteration 11
Total MINRES iterations: 0
Iter 11: V_size = 747, Converged = 216, ‖r‖ (largest λ) = 0.0028607589339541026
Hybrid Davidson-JD corrections at iteration 12
Total MINRES iterations: 1796
Iter 12: V_size = 861, Converged = 216, ‖r‖ (largest λ) = 0.6226380068319928
Hybrid Davidson-JD corrections at iteration 13
Total MINRES iterations: 0
Iter 13: V_size = 228, Converged = 216, ‖r‖ (largest λ) = 0.002595863999821471
Hybrid Davidson-JD corrections at iteration 14
Total MINRES iterations: 81
Iter 14: V_size = 342, Converged = 216, ‖r‖ (largest λ) = 0.0024957937626645704
Hybrid Davidson-JD corrections at iteration 15
Total MINRES iterations: 0
Iter 15: V_size = 425, Converged = 247, ‖r‖ (largest λ) = 0.0018189129905399467
Hybrid Davidson-JD corrections at iteration 16
Total MINRES iterations: 167
Iter 16: V_size = 508, Converged = 247, ‖r‖ (largest λ) = 0.002542890779823692
Hybrid Davidson-JD corrections at iteration 17
Total MINRES iterations: 50
Iter 17: V_size = 591, Converged = 247, ‖r‖ (largest λ) = 0.0017953450890655237
Hybrid Davidson-JD corrections at iteration 18
Total MINRES iterations: 1204
Iter 18: V_size = 674, Converged = 247, ‖r‖ (largest λ) = 0.001769958897869201
Converged all required eigenvalues.
3373.883955 seconds (35.11 M allocations: 2.376 TiB, 0.65% gc time)
Number of FLOPs: 31470835556851

Reading exact Eigenvalues...
Reading eigenvalues from ../../Eigenvalues_folder/eigenres_formaldehyde_RNDbasis1.jld2

Compute the difference between computed and exact eigenvalues:
1×300 adjoint(::Vector{Float64}) with eltype Float64:
 7.10543e-15  7.10543e-15  1.06581e-14  8.88178e-15  0.0  -3.55271e-15  7.10543e-15  -1.59872e-14  -1.77636e-15  3.55271e-15  -4.44089e-15  -2.66454e-15  8.88178e-16  0.0  -1.77636e-15  8.88178e-16  2.66454e-15  1.77636e-15  8.88178e-16  -8.88178e-16  0.0  -8.88178e-16  0.0  -2.66454e-15  -8.88178e-16  -3.55271e-15  2.66454e-15  0.0  0.0  4.44089e-16  -8.88178e-16  -1.33227e-15  2.22045e-15  -3.10862e-15  8.88178e-16  2.66454e-15  -8.88178e-16  -8.88178e-16  1.33227e-15  1.77636e-15  8.88178e-16  -1.33227e-15  -1.77636e-15  -1.77636e-15  1.33227e-15  -4.44089e-16  0.0  -8.88178e-16  -1.33227e-15  -8.88178e-16  4.44089e-16  4.44089e-16  1.33227e-15  4.44089e-16  -8.88178e-16  1.33227e-15  -8.88178e-16  -1.33227e-15  1.77636e-15  1.33227e-15  1.77636e-15  -8.88178e-16  8.88178e-16  2.22045e-16  -1.33227e-15  0.0  4.44089e-16  4.44089e-16  1.11022e-15  6.66134e-16  -1.11022e-15  -6.66134e-16  -2.22045e-16  -2.88658e-15  -2.44249e-15  -1.55431e-15  1.33227e-15  -4.44089e-16  1.11022e-15  4.44089e-16  6.66134e-16  2.22045e-15  2.22045e-16  0.0  2.88658e-15  -4.44089e-16  0.0  -1.11022e-15  -8.88178e-16  -1.11022e-15  -2.22045e-15  -1.55431e-15  -1.77636e-15  0.0  6.66134e-16  -8.88178e-16  -3.10862e-15  -1.77636e-15  6.66134e-16  1.9984e-15  1.77636e-15  6.66134e-16  -1.11022e-15  -1.9984e-15  1.55431e-15  -2.22045e-15  1.11022e-15  -2.22045e-16  1.33227e-15  -2.22045e-16  -8.92619e-14  -6.23945e-14  -1.38556e-13  -1.07003e-12  -5.30909e-13  -4.7482e-12  -1.15579e-11  -2.95097e-13  -2.55005e-11  -6.00862e-11  -5.18323e-11  -1.52177e-10  -1.3592e-10  -1.18704e-10  -5.43247e-11  -9.53547e-11  -2.0504e-10  -3.46982e-10  -6.19752e-10  -6.34575e-10  -6.4362e-10  -9.90209e-10  -2.06949e-9  -2.85812e-9  -2.24002e-9  -1.87068e-9  -2.25223e-9  -4.10229e-9  -2.75912e-9  -3.14132e-9  -2.98682e-9  -4.18418e-9  -6.22643e-9  -4.48724e-9  -5.24481e-9  -9.30643e-9  -8.20615e-9  -1.97646e-8  -5.92168e-9  -1.76824e-8  -1.49723e-8  -6.78963e-9  -1.08015e-8  -2.15699e-8  -1.34912e-8  -3.24495e-8  -3.84263e-8  -3.78561e-8  -5.3361e-8  -2.87514e-8  -9.776e-8  -1.17277e-7  -1.02979e-7  -7.12056e-8  -1.06463e-7  -1.03009e-7  -7.75944e-8  -8.75993e-8  -2.68849e-7  -1.62088e-7  -1.68221e-7  -1.40967e-7  -1.22233e-7  -2.71118e-7  -2.66738e-7  -2.78841e-7  -3.25355e-7  -3.51083e-7  -2.1048e-7  -2.46276e-7  -2.81353e-7  -3.90874e-7  -8.07143e-7  -6.80695e-7  -6.90098e-7  -5.47222e-7  -5.25131e-7  -8.43678e-7  -9.05735e-7  -7.13377e-7  -8.06042e-7  -5.80932e-7  -7.93511e-7  -6.81911e-7  -1.14667e-6  -1.28544e-6  -8.76652e-7  -1.56592e-6  -9.40051e-7  -2.12237e-6  -7.75163e-7  -1.32522e-6  -1.29037e-6  -1.09405e-6  -8.26838e-7  -1.85146e-6  -1.82149e-6  -2.57328e-6  -1.73378e-6  -2.65108e-6  -3.30312e-7  -2.37832e-6  -2.12859e-6  -2.90583e-6  -2.56358e-10  -2.27963e-6  -2.198e-10  -5.69431e-7  -3.25285e-10  -2.60043e-6  -3.50395e-10  -5.6425e-7  -6.46555e-10  -5.69633e-10  -2.70224e-6  -6.66184e-10  -1.19305e-9  -7.471e-7  -1.2676e-9  -1.43429e-9  -1.87815e-9  -2.39308e-9  -1.3531e-9  -2.33799e-9  -2.95831e-9  -1.58597e-9  -3.18672e-9  -3.22412e-9  -3.61393e-9  -4.04492e-9  -4.47166e-9  -3.93082e-9  -5.97041e-9  -5.88228e-9  -5.06288e-9  -9.72843e-9  2.97911e-10  4.44977e-10  4.15137e-10  2.04491e-10  2.00886e-10  -1.12549e-8  3.65854e-10  1.50706e-10  1.18409e-10  2.09283e-10  2.81372e-10  3.01699e-10  2.00201e-10  2.25611e-10  1.65709e-10  3.37819e-10  3.41629e-10  1.58904e-10  3.03317e-10  -5.31112e-9  3.6509e-10  7.16556e-10  6.26978e-10  1.07232e-10  1.61267e-10  6.57303e-10  5.07425e-10  4.47083e-10  3.69791e-10  2.28773e-10  3.21331e-10  2.58181e-10  5.33631e-10  7.32866e-10  5.79564e-10  4.98611e-10  3.02766e-10  2.81598e-10  1.20839e-10  -1.81369e-10  4.94046e-10  3.55792e-10  2.34529e-10  2.58493e-10  2.01599e-10  -7.23222e-10  -2.55343e-10  -1.93953e-10  -1.67192e-9  -6.86084e-10  -1.23228e-9  -8.61948e-10  -6.40938e-10  -2.95449e-9
300 Eigenvalues converges, out of 300 requested.
Running with l = 600
Starting Davidson with n_aux = 1920, l_buffer = 660, lc = 603, thresh = 0.002, max_iter = 100
Iter 1: V_size = 120, Converged = 0, ‖r‖ (largest λ) = 0.10358086508213564
Iter 2: V_size = 240, Converged = 0, ‖r‖ (largest λ) = 0.025588054618247306
Iter 3: V_size = 480, Converged = 0, ‖r‖ (largest λ) = 0.005422886881735896
Iter 4: V_size = 960, Converged = 0, ‖r‖ (largest λ) = 0.0006278081963591829
Iter 5: V_size = 1617, Converged = 3, ‖r‖ (largest λ) = 0.0004346882074051768
Iter 6: V_size = 1314, Converged = 3, ‖r‖ (largest λ) = 0.001439165231519299
Iter 7: V_size = 1314, Converged = 3, ‖r‖ (largest λ) = 0.0018343987750546631
Iter 8: V_size = 1310, Converged = 5, ‖r‖ (largest λ) = 0.0007429922262063008
Iter 9: V_size = 1310, Converged = 5, ‖r‖ (largest λ) = 0.0005355847402742873
Hybrid Davidson-JD corrections at iteration 10
Total MINRES iterations: 386
Iter 10: V_size = 1278, Converged = 5, ‖r‖ (largest λ) = 0.0004140208390367304
Hybrid Davidson-JD corrections at iteration 11
Total MINRES iterations: 0
Iter 11: V_size = 1569, Converged = 369, ‖r‖ (largest λ) = 0.0003138883568558614
Hybrid Davidson-JD corrections at iteration 12
Total MINRES iterations: 5328
Iter 12: V_size = 1860, Converged = 369, ‖r‖ (largest λ) = 0.0006419234277286158
Hybrid Davidson-JD corrections at iteration 13
Total MINRES iterations: 0
Iter 13: V_size = 582, Converged = 369, ‖r‖ (largest λ) = 0.00047470069111298015
Hybrid Davidson-JD corrections at iteration 14
Total MINRES iterations: 5
Iter 14: V_size = 873, Converged = 369, ‖r‖ (largest λ) = 0.00019457334072670702
Converged all required eigenvalues.
4222.862642 seconds (107.16 M allocations: 7.267 TiB, 0.97% gc time)
Number of FLOPs: 54686075310651

Reading exact Eigenvalues...
Reading eigenvalues from ../../Eigenvalues_folder/eigenres_formaldehyde_RNDbasis1.jld2

Compute the difference between computed and exact eigenvalues:
1×600 adjoint(::Vector{Float64}) with eltype Float64:
 -1.06581e-14  0.0  2.84217e-14  8.88178e-15  1.77636e-15  -3.55271e-15  5.32907e-15  -1.24345e-14  -1.77636e-15  1.77636e-15  -2.66454e-15  -8.88178e-16  8.88178e-16  1.77636e-15  -8.88178e-16  8.88178e-16  1.77636e-15  3.55271e-15  -8.88178e-16  0.0  1.77636e-15  0.0  1.77636e-15  -5.32907e-15  8.88178e-16  0.0  8.88178e-16  -8.88178e-16  -3.10862e-15  -8.88178e-16  0.0  4.44089e-15  2.22045e-15  4.44089e-16  2.22045e-15  1.33227e-15  1.77636e-15  0.0  -4.44089e-16  8.88178e-16  -8.88178e-16  -4.44089e-16  -8.88178e-16  -4.44089e-16  -4.44089e-16  8.88178e-16  4.44089e-16  -2.22045e-15  8.88178e-16  -4.44089e-16  -2.22045e-15  0.0  -1.33227e-15  3.10862e-15  1.77636e-15  -3.55271e-15  8.88178e-16  -1.77636e-15  -3.9968e-15  -1.55431e-15  8.88178e-16  -1.11022e-15  2.22045e-15  1.11022e-15  1.77636e-15  0.0  1.11022e-15  -6.66134e-16  1.11022e-15  1.33227e-15  -1.77636e-15  8.88178e-16  -1.9984e-15  8.88178e-16  -3.9968e-15  6.66134e-16  -6.66134e-16  4.44089e-16  -2.44249e-15  -1.11022e-15  3.33067e-15  -1.9984e-15  -1.9984e-15  -1.55431e-15  1.9984e-15  -4.44089e-16  -4.44089e-16  -8.88178e-16  -2.88658e-15  1.55431e-15  -3.33067e-15  -1.33227e-15  1.77636e-15  -6.66134e-16  3.77476e-15  -1.11022e-15  -1.77636e-15  2.22045e-15  -4.44089e-16  1.55431e-15  2.88658e-15  -4.44089e-15  -8.88178e-16  2.44249e-15  2.22045e-15  -2.44249e-15  1.77636e-15  2.22045e-16  -3.77476e-15  3.77476e-15  -2.44249e-15  1.9984e-15  -2.44249e-15  1.9984e-15  -1.33227e-15  0.0  -3.33067e-15  8.88178e-16  2.44249e-15  -3.77476e-15  -3.21965e-14  -2.12053e-14  -8.73746e-14  -1.29896e-13  -3.6271e-13  -5.16698e-13  -4.06937e-11  -9.01059e-11  -1.29379e-10  -1.08334e-10  -9.76372e-11  -1.4121e-10  -1.57569e-10  -3.85732e-10  -1.91508e-10  -3.01893e-10  -3.94436e-10  -8.1933e-10  -5.34513e-10  -4.43751e-10  -4.64805e-10  -5.47937e-10  -5.40995e-10  -1.21357e-9  -4.24538e-10  -6.48682e-10  -1.09833e-9  -1.71552e-9  -1.15236e-9  -8.44412e-10  -1.8592e-9  -1.65144e-9  -9.00888e-10  -1.67595e-9  -1.69193e-9  -2.29937e-9  -4.02427e-9  -2.92659e-9  -3.85062e-9  -4.85872e-9  -4.85696e-9  -4.87073e-9  -7.16622e-9  -6.30311e-9  -6.77735e-9  -6.09879e-9  -7.67525e-9  -1.04713e-8  -1.01864e-8  -7.6933e-9  -1.00226e-8  -4.58933e-9  -1.3337e-8  -1.45013e-8  -1.1328e-8  -1.99217e-8  -2.37401e-8  -1.89766e-8  -1.53779e-8  -1.59432e-8  -1.88988e-8  -2.64856e-8  -2.57298e-8  -1.98967e-8  -2.79286e-8  -2.74632e-8  -2.37132e-8  -2.83759e-8  -1.88283e-8  -2.29915e-8  -3.46976e-8  -2.73567e-8  -3.4964e-8  -2.256e-8  -4.69655e-8  -3.45997e-8  -3.797e-8  -3.53758e-8  -4.08705e-8  -5.61747e-8  -3.50646e-8  -3.91509e-8  -4.12235e-8  -4.73197e-8  -3.88887e-8  -4.74291e-8  -7.2886e-8  -6.13049e-8  -5.97666e-8  -6.33178e-8  -1.01017e-7  -7.09111e-8  -8.67365e-8  -7.56544e-8  -7.4985e-8  -6.92876e-8  -5.50411e-8  -7.01196e-8  -8.07523e-8  -9.44115e-8  -1.06676e-7  -1.09411e-7  -8.98894e-8  -6.60382e-8  -1.09782e-7  -9.46101e-8  -1.42142e-7  -1.34724e-7  -1.58503e-7  -8.45049e-8  -1.3098e-7  -1.71078e-7  -1.47748e-7  -1.31498e-7  -1.70197e-7  -2.00793e-7  -2.67872e-7  -2.01784e-7  -2.38473e-7  -2.16823e-7  -2.57038e-7  -2.38089e-7  -2.24256e-7  -2.07654e-7  -2.77914e-7  -2.88311e-7  -2.80143e-7  -3.0133e-7  -2.52472e-7  -3.71403e-7  -2.3208e-7  -1.84834e-7  -2.6922e-7  -2.66995e-7  -3.43712e-7  -4.27286e-7  -4.23615e-7  -5.21693e-7  -3.9509e-7  -3.38586e-7  -3.90347e-7  -4.15965e-7  -4.46843e-7  -4.13761e-7  -5.40931e-7  -6.52305e-7  -6.87655e-7  -6.6237e-7  -4.99689e-7  -4.10344e-7  -4.81051e-7  -7.11644e-7  -9.44055e-7  -6.91488e-7  -7.4702e-7  -8.31938e-7  -7.98547e-7  -6.79141e-7  -6.61902e-7  -1.13435e-6  -8.59456e-7  -8.41618e-7  -1.11691e-6  -1.15566e-6  -7.87448e-7  -1.02019e-6  -1.22534e-6  -1.22376e-6  -1.18997e-6  -1.2331e-6  -1.62821e-6  -1.3947e-6  -9.1055e-7  -1.22098e-6  -1.33456e-6  -1.52832e-6  -1.34787e-6  -1.3695e-6  -1.50774e-6  -1.54806e-6  -1.55874e-6  -1.50922e-6  -2.32796e-6  -2.09062e-6  -1.57121e-6  -2.44142e-6  -1.7083e-6  -1.63198e-6  -2.19648e-6  -1.79199e-6  -2.35405e-6  -2.93162e-6  -2.52528e-6  -2.04086e-6  -2.81243e-6  -2.28787e-6  -2.78228e-6  -3.0527e-6  -3.54484e-6  -2.60692e-6  -3.73953e-6  -3.12902e-6  -3.77549e-6  -3.82471e-6  -3.04905e-6  -4.26388e-6  -2.44519e-6  -5.07533e-6  -4.26976e-6  -3.67825e-6  -4.11066e-6  -3.61112e-6  -4.47032e-6  -4.37396e-6  -4.05433e-6  -5.25998e-6  -4.638e-6  -5.00618e-6  -5.16854e-6  -5.74744e-6  -4.70766e-6  -5.87832e-6  -5.19388e-6  -6.64421e-6  -5.64998e-6  -7.23265e-6  -7.10176e-6  -8.42092e-6  -7.30747e-6  -7.32008e-6  -7.06098e-6  -9.71635e-6  -7.66485e-6  -8.68195e-6  -7.81435e-6  -9.71724e-6  -9.19487e-6  -8.20906e-6  -9.27272e-6  -7.97428e-6  -1.15163e-5  -1.06447e-5  -4.29678e-6  -1.25666e-5  -4.51392e-6  1.62736e-9  -4.37671e-6  -1.27123e-5  -1.11895e-5  -3.87852e-6  -1.13611e-5  -1.15428e-5  -1.17678e-5  4.99571e-9  -5.56788e-6  -5.25189e-6  -1.15878e-5  -5.62144e-6  -3.92503e-6  -4.51027e-6  -5.57683e-6  -5.26634e-6  3.68888e-9  -5.87069e-6  -7.34113e-6  3.00085e-9  2.9817e-9  -6.50831e-6  -4.8712e-6  -5.81081e-6  -6.38124e-6  -6.19501e-6  -4.01128e-6  -4.5803e-6  -5.00137e-6  -4.52523e-6  -6.22878e-6  -8.81615e-6  -4.51454e-6  -5.1292e-6  -3.97164e-6  -3.19096e-6  -2.84559e-6  -3.96339e-6  -3.53038e-6  -4.04025e-6  -1.88662e-6  -1.94131e-6  -2.5201e-6  -1.38055e-6  -1.73594e-6  -1.78343e-6  -2.2048e-6  -2.07605e-6  -1.97339e-6  -2.00023e-6  -2.19554e-6  -1.95333e-6  -1.83119e-6  -2.0448e-6  -1.72723e-6  -1.98898e-6  -1.65669e-6  -1.88575e-6  -2.38599e-6  -2.06329e-6  -1.92989e-6  -2.12849e-6  -2.19195e-6  -1.98068e-6  -1.74313e-6  -1.87761e-6  -2.16024e-6  -1.66295e-6  -2.03898e-6  -1.76671e-6  -1.57893e-6  -1.7444e-6  -1.89653e-6  -1.71035e-6  -1.77592e-6  -1.48613e-6  -1.73549e-6  -1.69642e-6  -1.51743e-6  -1.64581e-6  -1.73952e-6  -1.69138e-6  -1.53391e-6  -1.51998e-6  -1.26849e-6  -1.17763e-6  -1.55856e-6  -1.78112e-6  -1.71861e-6  -1.2793e-6  -1.87886e-6  -1.73348e-6  -1.41801e-6  -1.49653e-6  -1.67607e-6  -1.53319e-6  -1.59604e-6  -1.36894e-6  -1.5889e-6  -1.32073e-6  -1.3256e-6  -1.47499e-6  -1.38755e-6  -1.44964e-6  -1.56456e-6  -1.3778e-6  -1.22065e-6  -1.48659e-6  -1.45813e-6  -1.2125e-6  -1.22726e-6  -1.32438e-6  -1.66076e-6  -1.21636e-6  -1.49604e-6  -1.34194e-6  -1.51468e-6  -1.09763e-6  -1.25488e-6  -1.27676e-6  -1.21646e-6  -1.35106e-6  -1.49133e-6  -1.24108e-6  -1.3099e-6  -1.31257e-6  -1.17964e-6  -1.18678e-6  -1.50037e-6  -1.32481e-6  -1.21107e-6  -1.17691e-6  -1.43485e-6  -1.14255e-6  -1.09275e-6  -1.44368e-6  -1.39949e-6  -1.33184e-6  -1.33875e-6  -1.08291e-6  -1.29022e-6  -1.30626e-6  -1.39813e-6  -1.35595e-6  -1.39714e-6  -1.19887e-6  -1.06775e-6  -1.22146e-6  -1.2631e-6  -1.24631e-6  -1.16517e-6  -1.22124e-6  -1.57751e-6  -1.26697e-6  -1.28574e-6  -1.10383e-6  -1.43468e-6  -1.24523e-6  -1.2049e-6  -1.18785e-6  -1.30461e-6  -1.13519e-6  -1.3689e-6  -1.34461e-6  -1.29913e-6  -1.24663e-6  -1.25851e-6  -1.30026e-6  -1.35066e-6  -1.24983e-6  -1.15497e-6  -1.1578e-6  -1.24095e-6  -1.21864e-6  -1.19004e-6  -1.23024e-6  -1.31217e-6  -1.20781e-6  -1.12246e-6  -1.19397e-6  -1.21346e-6  -1.28371e-6  -1.18772e-6  -1.18591e-6  -1.27415e-6  -1.28104e-6  -1.1563e-6  -1.21152e-6  -9.91827e-7  -1.28468e-6  -1.33259e-6  -1.27569e-6  -1.45758e-6  -1.16153e-6  -1.29154e-6  -1.34104e-6  -1.10069e-6  -1.19477e-6  -1.20776e-6  -1.26761e-6  -1.38721e-6  -1.30875e-6  -1.13326e-6  -1.33791e-6  -1.20172e-6  -1.24715e-6  -1.39347e-6  -1.51599e-6  -1.61633e-6  -1.18155e-6  -1.22123e-6  -1.21351e-6  -1.39565e-6  -1.46599e-6  -1.36002e-6  -1.34641e-6  -1.61015e-6  -1.73655e-6  -1.58771e-6  -1.42885e-6  -1.33533e-6  -1.54374e-6  -1.49092e-6  -1.60938e-6  -1.68263e-6  -1.42705e-6  -1.53239e-6  -1.69928e-6  -1.71018e-6  -1.55807e-6  -1.44471e-6  -2.01111e-6  -1.99586e-6  -1.53831e-6
600 Eigenvalues converges, out of 600 requested.
Finished processing molecule: formaldehyde
