slurmstepd-andoria01: error: *** JOB 25328 ON andoria01 CANCELLED AT 2025-10-10T12:33:33 DUE TO TIME LIMIT ***

[134232] signal 15: Terminated
in expression starting at /home/fmereto/MA_best/Davidson_jacobi/adaptive_JD_dav/hybrid_mix.jl:426
setindex! at ./array.jl:987 [inlined]
macro expansion at ./broadcast.jl:973 [inlined]
macro expansion at ./simdloop.jl:77 [inlined]
copyto! at ./broadcast.jl:972 [inlined]
copyto! at ./broadcast.jl:925 [inlined]
copy at ./broadcast.jl:897 [inlined]
materialize at ./broadcast.jl:872 [inlined]
broadcast_preserving_zero_d at ./broadcast.jl:861 [inlined]
* at ./arraymath.jl:24
davidson at /home/fmereto/MA_best/Davidson_jacobi/adaptive_JD_dav/hybrid_mix.jl:192
davidson at /home/fmereto/MA_best/Davidson_jacobi/adaptive_JD_dav/hybrid_mix.jl:152 [inlined]
macro expansion at ./timing.jl:581 [inlined]
main at /home/fmereto/MA_best/Davidson_jacobi/adaptive_JD_dav/hybrid_mix.jl:393
unknown function (ip: 0x7efe025a78a2)
top-level scope at /home/fmereto/MA_best/Davidson_jacobi/adaptive_JD_dav/hybrid_mix.jl:433
jl_toplevel_eval_flex at /cache/build/builder-amdci5-5/julialang/julia-release-1-dot-11/src/toplevel.c:934
jl_toplevel_eval_flex at /cache/build/builder-amdci5-5/julialang/julia-release-1-dot-11/src/toplevel.c:886
ijl_toplevel_eval_in at /cache/build/builder-amdci5-5/julialang/julia-release-1-dot-11/src/toplevel.c:994
eval at ./boot.jl:430 [inlined]
include_string at ./loading.jl:2734
_include at ./loading.jl:2794
include at ./Base.jl:557
jfptr_include_46865.1 at /home/fmereto/julia/lib/julia/sys.so (unknown line)
exec_options at ./client.jl:323
_start at ./client.jl:531
jfptr__start_73560.1 at /home/fmereto/julia/lib/julia/sys.so (unknown line)
jl_apply at /cache/build/builder-amdci5-5/julialang/julia-release-1-dot-11/src/julia.h:2157 [inlined]
true_main at /cache/build/builder-amdci5-5/julialang/julia-release-1-dot-11/src/jlapi.c:900
jl_repl_entrypoint at /cache/build/builder-amdci5-5/julialang/julia-release-1-dot-11/src/jlapi.c:1059
main at /cache/build/builder-amdci5-5/julialang/julia-release-1-dot-11/cli/loader_exe.c:58
__libc_start_main at /lib/x86_64-linux-gnu/libc.so.6 (unknown line)
unknown function (ip: 0x4010b8)
unknown function (ip: (nil))
Allocations: 12515815255 (Pool: 12515814725; Big: 530); GC: 1579112
Processing molecule: uracil
Running with beta = 16
Running with l = 4200
Starting Davidson with n_aux = 6720, l_buffer = 5460, lc = 4242, thresh = 0.0015, max_iter = 100
Iter 1: V_size = 840, Converged = 0, ‖r‖ (largest λ) = 0.016329236256352252
Iter 2: V_size = 1680, Converged = 0, ‖r‖ (largest λ) = 0.002753839798033227
Iter 3: V_size = 3360, Converged = 0, ‖r‖ (largest λ) = 0.00038522833322008834
Iter 4: V_size = 6720, Converged = 0, ‖r‖ (largest λ) = 1.3032418776577445e-5
Iter 5: V_size = 6720, Converged = 30, ‖r‖ (largest λ) = 1.6659661012617213e-6
Iter 6: V_size = 6720, Converged = 30, ‖r‖ (largest λ) = 1.9762108139168636e-6
Iter 7: V_size = 6720, Converged = 30, ‖r‖ (largest λ) = 2.0670389532490375e-6
Iter 8: V_size = 6720, Converged = 608, ‖r‖ (largest λ) = 2.1797328623067492e-6
Iter 9: V_size = 6720, Converged = 608, ‖r‖ (largest λ) = 2.902638116037365e-5
Hybrid Davidson-JD corrections at iteration 10
Total MINRES iterations: 18000
Iter 10: V_size = 6720, Converged = 608, ‖r‖ (largest λ) = 3.2808273757202144e-5
Hybrid Davidson-JD corrections at iteration 11
Total MINRES iterations: 33150
Iter 11: V_size = 5972, Converged = 2474, ‖r‖ (largest λ) = 2.6819347152258673e-5
Hybrid Davidson-JD corrections at iteration 12
Total MINRES iterations: 0
Iter 12: V_size = 5972, Converged = 2474, ‖r‖ (largest λ) = 5.840767347403682e-5
Hybrid Davidson-JD corrections at iteration 13
Total MINRES iterations: 33051
Iter 13: V_size = 5972, Converged = 2474, ‖r‖ (largest λ) = 2.1358261653156476e-5
Hybrid Davidson-JD corrections at iteration 14
Total MINRES iterations: 425
Iter 14: V_size = 2470, Converged = 4225, ‖r‖ (largest λ) = 1.8344935949570297e-5
Hybrid Davidson-JD corrections at iteration 15
Total MINRES iterations: 0
Iter 15: V_size = 3705, Converged = 4225, ‖r‖ (largest λ) = 1.833432838330429e-5
Hybrid Davidson-JD corrections at iteration 16
Total MINRES iterations: 425
Iter 16: V_size = 4940, Converged = 4225, ‖r‖ (largest λ) = 1.9413698918771208e-5
Hybrid Davidson-JD corrections at iteration 17
Total MINRES iterations: 150
Iter 17: V_size = 6164, Converged = 4236, ‖r‖ (largest λ) = 2.0481821857624957e-5
Hybrid Davidson-JD corrections at iteration 18
Total MINRES iterations: 28
Iter 18: V_size = 2448, Converged = 4236, ‖r‖ (largest λ) = 2.154197628969739e-5
Hybrid Davidson-JD corrections at iteration 19
Total MINRES iterations: 0
Iter 19: V_size = 3672, Converged = 4236, ‖r‖ (largest λ) = 2.3709093749338167e-5
Hybrid Davidson-JD corrections at iteration 20
Total MINRES iterations: 150
Iter 20: V_size = 4896, Converged = 4236, ‖r‖ (largest λ) = 1.818552098497331e-5
Hybrid Davidson-JD corrections at iteration 21
Total MINRES iterations: 150
Iter 21: V_size = 6120, Converged = 4236, ‖r‖ (largest λ) = 1.983757979852798e-5
Hybrid Davidson-JD corrections at iteration 22
Total MINRES iterations: 150
Iter 22: V_size = 2448, Converged = 4236, ‖r‖ (largest λ) = 1.7673382214784767e-5
Hybrid Davidson-JD corrections at iteration 23
Total MINRES iterations: 150
Iter 23: V_size = 3672, Converged = 4236, ‖r‖ (largest λ) = 1.809791817670361e-5
Hybrid Davidson-JD corrections at iteration 24
Total MINRES iterations: 150
Iter 24: V_size = 4896, Converged = 4236, ‖r‖ (largest λ) = 1.8207662626720722e-5
Hybrid Davidson-JD corrections at iteration 25
Total MINRES iterations: 150
Iter 25: V_size = 6120, Converged = 4236, ‖r‖ (largest λ) = 1.7892559246332275e-5
Hybrid Davidson-JD corrections at iteration 26
Total MINRES iterations: 150
Iter 26: V_size = 2448, Converged = 4236, ‖r‖ (largest λ) = 1.825915986036623e-5
Hybrid Davidson-JD corrections at iteration 27
Total MINRES iterations: 150
Iter 27: V_size = 3672, Converged = 4236, ‖r‖ (largest λ) = 1.8476880778392834e-5
Hybrid Davidson-JD corrections at iteration 28
Total MINRES iterations: 150
Iter 28: V_size = 4896, Converged = 4236, ‖r‖ (largest λ) = 1.8548919788056215e-5
Hybrid Davidson-JD corrections at iteration 29
Total MINRES iterations: 150
Iter 29: V_size = 6120, Converged = 4236, ‖r‖ (largest λ) = 1.876137357575333e-5
Hybrid Davidson-JD corrections at iteration 30
Total MINRES iterations: 150
Iter 30: V_size = 2448, Converged = 4236, ‖r‖ (largest λ) = 1.9250946446513064e-5
Hybrid Davidson-JD corrections at iteration 31
Total MINRES iterations: 150
Iter 31: V_size = 3672, Converged = 4236, ‖r‖ (largest λ) = 1.933835308314219e-5
Hybrid Davidson-JD corrections at iteration 32
Total MINRES iterations: 150
Iter 32: V_size = 4896, Converged = 4236, ‖r‖ (largest λ) = 1.9354954991513408e-5
Hybrid Davidson-JD corrections at iteration 33
Total MINRES iterations: 150
Iter 33: V_size = 6120, Converged = 4236, ‖r‖ (largest λ) = 1.9427268811838286e-5
Hybrid Davidson-JD corrections at iteration 34
Total MINRES iterations: 150
Iter 34: V_size = 2448, Converged = 4236, ‖r‖ (largest λ) = 1.971927241841528e-5
Hybrid Davidson-JD corrections at iteration 35
Total MINRES iterations: 150
Iter 35: V_size = 3672, Converged = 4236, ‖r‖ (largest λ) = 1.967649402574134e-5
Hybrid Davidson-JD corrections at iteration 36
Total MINRES iterations: 150
Iter 36: V_size = 4896, Converged = 4236, ‖r‖ (largest λ) = 1.9664787214396127e-5
Hybrid Davidson-JD corrections at iteration 37
Total MINRES iterations: 150
Iter 37: V_size = 6120, Converged = 4236, ‖r‖ (largest λ) = 1.9637907546905423e-5
Hybrid Davidson-JD corrections at iteration 38
Total MINRES iterations: 150
Iter 38: V_size = 2448, Converged = 4236, ‖r‖ (largest λ) = 1.9735435751177708e-5
Hybrid Davidson-JD corrections at iteration 39
Total MINRES iterations: 150
Iter 39: V_size = 3672, Converged = 4236, ‖r‖ (largest λ) = 1.963880665586109e-5
Hybrid Davidson-JD corrections at iteration 40
Total MINRES iterations: 150
Iter 40: V_size = 4896, Converged = 4236, ‖r‖ (largest λ) = 1.9622889604320384e-5
Hybrid Davidson-JD corrections at iteration 41
Total MINRES iterations: 150
Iter 41: V_size = 6120, Converged = 4236, ‖r‖ (largest λ) = 1.967100080782504e-5
Hybrid Davidson-JD corrections at iteration 42
Total MINRES iterations: 150
Iter 42: V_size = 2448, Converged = 4236, ‖r‖ (largest λ) = 1.9662720345402033e-5
Hybrid Davidson-JD corrections at iteration 43
Total MINRES iterations: 150
Iter 43: V_size = 3672, Converged = 4236, ‖r‖ (largest λ) = 1.951945648304831e-5
Hybrid Davidson-JD corrections at iteration 44
Total MINRES iterations: 150
Iter 44: V_size = 4896, Converged = 4236, ‖r‖ (largest λ) = 1.9520821657336214e-5
Hybrid Davidson-JD corrections at iteration 45
Total MINRES iterations: 150
Iter 45: V_size = 6120, Converged = 4236, ‖r‖ (largest λ) = 1.9410158386956117e-5
Hybrid Davidson-JD corrections at iteration 46
Total MINRES iterations: 150
Iter 46: V_size = 2448, Converged = 4236, ‖r‖ (largest λ) = 1.907974347577017e-5
Hybrid Davidson-JD corrections at iteration 47
Total MINRES iterations: 150
Iter 47: V_size = 3672, Converged = 4236, ‖r‖ (largest λ) = 1.871392863896469e-5
Hybrid Davidson-JD corrections at iteration 48
Total MINRES iterations: 150
Iter 48: V_size = 4896, Converged = 4236, ‖r‖ (largest λ) = 1.871035110738991e-5
Hybrid Davidson-JD corrections at iteration 49
Total MINRES iterations: 150
Iter 49: V_size = 6120, Converged = 4236, ‖r‖ (largest λ) = 1.8631987177787325e-5
Hybrid Davidson-JD corrections at iteration 50
Total MINRES iterations: 150
Iter 50: V_size = 2448, Converged = 4236, ‖r‖ (largest λ) = 1.836530106462483e-5
Hybrid Davidson-JD corrections at iteration 51
Total MINRES iterations: 150
Iter 51: V_size = 3672, Converged = 4236, ‖r‖ (largest λ) = 1.8065476229122368e-5
Hybrid Davidson-JD corrections at iteration 52
Total MINRES iterations: 150
Iter 52: V_size = 4896, Converged = 4236, ‖r‖ (largest λ) = 1.80565757123522e-5
Hybrid Davidson-JD corrections at iteration 53
Total MINRES iterations: 150
Iter 53: V_size = 6120, Converged = 4236, ‖r‖ (largest λ) = 1.7947375148648135e-5
Hybrid Davidson-JD corrections at iteration 54
Total MINRES iterations: 150
Iter 54: V_size = 2448, Converged = 4236, ‖r‖ (largest λ) = 1.7684006338787495e-5
Hybrid Davidson-JD corrections at iteration 55
Total MINRES iterations: 150
Iter 55: V_size = 3672, Converged = 4236, ‖r‖ (largest λ) = 1.7506330114383906e-5
Hybrid Davidson-JD corrections at iteration 56
Total MINRES iterations: 150
Iter 56: V_size = 4896, Converged = 4236, ‖r‖ (largest λ) = 1.7499120041954607e-5
Hybrid Davidson-JD corrections at iteration 57
Total MINRES iterations: 150
Iter 57: V_size = 6120, Converged = 4236, ‖r‖ (largest λ) = 1.73990532226651e-5
Hybrid Davidson-JD corrections at iteration 58
Total MINRES iterations: 150
Iter 58: V_size = 2448, Converged = 4236, ‖r‖ (largest λ) = 1.7246401473180144e-5
Hybrid Davidson-JD corrections at iteration 59
Total MINRES iterations: 150
Iter 59: V_size = 3672, Converged = 4236, ‖r‖ (largest λ) = 1.717633722267689e-5
Hybrid Davidson-JD corrections at iteration 60
Total MINRES iterations: 150
Iter 60: V_size = 4896, Converged = 4236, ‖r‖ (largest λ) = 1.7166698613774105e-5
Hybrid Davidson-JD corrections at iteration 61
Total MINRES iterations: 150
Iter 61: V_size = 6120, Converged = 4236, ‖r‖ (largest λ) = 1.7128821093787816e-5
Hybrid Davidson-JD corrections at iteration 62
Total MINRES iterations: 150
Iter 62: V_size = 2448, Converged = 4236, ‖r‖ (largest λ) = 1.7019840946612098e-5
Hybrid Davidson-JD corrections at iteration 63
Total MINRES iterations: 150
Iter 63: V_size = 3672, Converged = 4236, ‖r‖ (largest λ) = 1.6972675325933937e-5
Hybrid Davidson-JD corrections at iteration 64
Total MINRES iterations: 150
Iter 64: V_size = 4896, Converged = 4236, ‖r‖ (largest λ) = 1.6970118048131808e-5
Hybrid Davidson-JD corrections at iteration 65
Total MINRES iterations: 150
Iter 65: V_size = 6120, Converged = 4236, ‖r‖ (largest λ) = 1.696538204500951e-5
Hybrid Davidson-JD corrections at iteration 66
Total MINRES iterations: 150
Iter 66: V_size = 2448, Converged = 4236, ‖r‖ (largest λ) = 1.6937296370552042e-5
