Processing molecule: formaldehyde
Running with beta = 25
Running with l = 60
Starting Davidson with n_aux = 400, l_buffer = 108, lc = 61, thresh = 0.0015, max_iter = 100
Iter 1: V_size = 32, Converged = 0, ‖r‖ (largest λ) = 0.8656922926223112
Iter 2: V_size = 64, Converged = 0, ‖r‖ (largest λ) = 0.18084421183679666
Iter 3: V_size = 128, Converged = 0, ‖r‖ (largest λ) = 0.060623910912410116
Iter 4: V_size = 236, Converged = 0, ‖r‖ (largest λ) = 0.0488431404541596
Iter 5: V_size = 344, Converged = 0, ‖r‖ (largest λ) = 0.44691187702268537
Iter 6: V_size = 208, Converged = 4, ‖r‖ (largest λ) = 0.16210035043803328
Iter 7: V_size = 312, Converged = 4, ‖r‖ (largest λ) = 0.03661269956588315
Iter 8: V_size = 208, Converged = 4, ‖r‖ (largest λ) = 0.027941231430610065
Converged all required eigenvalues.
420.008724 seconds (1.67 M allocations: 117.386 GiB, 0.68% gc time)
Number of FLOPs: 3573313295724

Reading exact Eigenvalues...
Reading eigenvalues from ../../Eigenvalues_folder/eigenres_formaldehyde_RNDbasis1.jld2

Compute the difference between computed and exact eigenvalues:
1×60 adjoint(::Vector{Float64}) with eltype Float64:
 -3.19744e-14  -1.42109e-14  1.42109e-14  3.55271e-15  0.0  -3.55271e-15  7.10543e-15  -7.10543e-15  0.0  3.55271e-15  -1.77636e-15  0.0  -1.77636e-15  -8.88178e-16  -6.21725e-15  -1.77636e-15  1.77636e-15  8.88178e-16  1.77636e-15  -3.55271e-15  -8.88178e-16  0.0  -8.88178e-16  0.0  8.88178e-16  -4.44089e-15  1.77636e-15  2.22045e-15  -4.44089e-16  1.33227e-15  -4.44089e-16  2.66454e-15  0.0  -1.33227e-15  0.0  3.55271e-15  -2.22045e-15  8.88178e-16  -1.33227e-15  2.22045e-15  -1.77636e-15  -2.08722e-14  -8.92619e-14  -8.65974e-14  -5.77316e-14  -8.17124e-14  -3.45501e-13  -4.11227e-13  -1.04761e-12  -6.31939e-13  -1.48992e-12  -5.6799e-12  -1.27174e-11  -7.22089e-12  -7.94076e-12  -9.14602e-12  -2.84666e-11  -6.02514e-11  -7.04117e-11  -2.52882e-11
60 Eigenvalues converges, out of 60 requested.
Running with l = 300
Starting Davidson with n_aux = 750, l_buffer = 540, lc = 303, thresh = 0.002, max_iter = 100
Iter 1: V_size = 60, Converged = 0, ‖r‖ (largest λ) = 0.26486861963827185
Iter 2: V_size = 120, Converged = 0, ‖r‖ (largest λ) = 0.06605965136343936
Iter 3: V_size = 240, Converged = 0, ‖r‖ (largest λ) = 0.024614027791462368
Iter 4: V_size = 480, Converged = 0, ‖r‖ (largest λ) = 0.005532686722171159
Iter 5: V_size = 750, Converged = 1, ‖r‖ (largest λ) = 0.0006166304238302248
Iter 6: V_size = 750, Converged = 1, ‖r‖ (largest λ) = 0.0008760702457594594
Iter 7: V_size = 750, Converged = 1, ‖r‖ (largest λ) = 0.0013246480386776413
Iter 8: V_size = 750, Converged = 94, ‖r‖ (largest λ) = 0.004073898816851827
Iter 9: V_size = 750, Converged = 94, ‖r‖ (largest λ) = 0.00399910806076092
Hybrid Davidson-JD corrections at iteration 10
Total MINRES iterations: 0
Iter 10: V_size = 750, Converged = 94, ‖r‖ (largest λ) = 0.003030610393501007
Hybrid Davidson-JD corrections at iteration 11
Total MINRES iterations: 0
Iter 11: V_size = 538, Converged = 271, ‖r‖ (largest λ) = 0.002826455974583954
Hybrid Davidson-JD corrections at iteration 12
Total MINRES iterations: 0
Iter 12: V_size = 538, Converged = 271, ‖r‖ (largest λ) = 0.001847208937381278
Hybrid Davidson-JD corrections at iteration 13
Total MINRES iterations: 0
Iter 13: V_size = 538, Converged = 271, ‖r‖ (largest λ) = 0.001353446727651241
Hybrid Davidson-JD corrections at iteration 14
Total MINRES iterations: 1
Iter 14: V_size = 476, Converged = 302, ‖r‖ (largest λ) = 0.001184646652918061
Hybrid Davidson-JD corrections at iteration 15
Total MINRES iterations: 0
Iter 15: V_size = 714, Converged = 302, ‖r‖ (largest λ) = 0.0010423548471858808
Hybrid Davidson-JD corrections at iteration 16
Total MINRES iterations: 0
Iter 16: V_size = 476, Converged = 302, ‖r‖ (largest λ) = 0.0012816833130262024
Converged all required eigenvalues.
5497.889812 seconds (50.59 M allocations: 3.404 TiB, 1.20% gc time, 0.08% compilation time)
Number of FLOPs: 22793330032227

Reading exact Eigenvalues...
Reading eigenvalues from ../../Eigenvalues_folder/eigenres_formaldehyde_RNDbasis1.jld2

Compute the difference between computed and exact eigenvalues:
1×300 adjoint(::Vector{Float64}) with eltype Float64:
 1.77636e-14  -2.13163e-14  7.10543e-15  8.88178e-15  -3.55271e-15  -1.77636e-15  1.06581e-14  -1.24345e-14  -1.77636e-15  0.0  0.0  -7.99361e-15  8.88178e-16  -1.77636e-15  -4.44089e-15  1.77636e-15  -8.88178e-16  2.66454e-15  -8.88178e-16  8.88178e-16  4.44089e-15  -1.77636e-15  4.44089e-15  -7.10543e-15  -6.21725e-15  -2.66454e-15  2.22045e-15  -2.66454e-15  -2.22045e-15  -4.88498e-15  4.44089e-15  3.10862e-15  7.99361e-15  8.88178e-16  -6.21725e-15  2.66454e-15  -8.43769e-15  6.21725e-15  4.44089e-15  -7.54952e-15  -8.88178e-16  -8.43769e-15  -1.42109e-14  3.9968e-15  7.99361e-15  1.24345e-14  -1.11022e-14  -5.32907e-15  1.28786e-14  -7.10543e-15  -1.77636e-14  -8.88178e-16  4.88498e-15  7.54952e-15  4.44089e-16  -3.9968e-15  -3.55271e-15  1.33227e-15  7.54952e-15  -5.55112e-15  -9.99201e-15  6.66134e-16  -8.88178e-16  -1.06581e-14  -6.66134e-15  -9.10383e-15  3.55271e-15  1.08802e-14  1.13243e-14  7.99361e-15  -1.04361e-14  1.9984e-15  3.9968e-15  1.24345e-14  6.66134e-16  -2.66454e-15  -9.54792e-15  2.88658e-15  -3.55271e-15  1.77636e-15  1.15463e-14  -1.28786e-14  -8.21565e-15  2.22045e-14  -9.99201e-15  2.66454e-15  -1.79856e-14  2.88658e-15  -9.54792e-15  1.11022e-15  -7.10543e-15  1.02141e-14  -3.33067e-15  4.44089e-16  4.44089e-16  7.54952e-15  -6.66134e-16  2.22045e-16  -2.22045e-16  1.11022e-15  4.44089e-16  -6.66134e-16  -4.44089e-16  4.44089e-16  4.44089e-16  -4.44089e-16  0.0  -8.88178e-16  -4.44089e-16  -1.55431e-15  -6.68354e-14  -2.5091e-14  -7.59393e-14  -1.58029e-12  -7.081e-13  -1.05784e-11  -1.03626e-11  -4.25215e-13  -1.44862e-11  -4.8469e-11  -1.54549e-10  -1.2102e-10  -1.70488e-10  -1.87727e-10  -9.13359e-11  -1.35938e-10  -2.28691e-10  -3.744e-10  -5.74404e-10  -4.44113e-10  -4.85445e-10  -5.13915e-10  -1.25941e-9  -1.42887e-9  -1.67545e-9  -1.57396e-9  -1.08884e-9  -1.95705e-9  -1.97098e-9  -1.93169e-9  -1.95273e-9  -2.89854e-9  -3.53189e-9  -2.83733e-9  -3.43849e-9  -3.92609e-9  -3.46062e-9  -9.03344e-9  -3.38e-9  -6.96515e-9  -8.17314e-9  -2.90185e-9  -5.02993e-9  -7.78013e-9  -8.53164e-9  -1.10824e-8  -1.80279e-8  -1.52784e-8  -1.84686e-8  -1.26704e-8  -4.0047e-8  -4.70883e-8  -3.07139e-8  -3.11157e-8  -3.76396e-8  -5.16308e-8  -3.65088e-8  -2.85752e-8  -8.22865e-8  -8.22249e-8  -5.07635e-8  -5.00904e-8  -3.93735e-8  -9.25568e-8  -7.04949e-8  -1.28413e-7  -1.08272e-7  -1.05044e-7  -9.06928e-8  -9.44049e-8  -1.07713e-7  -1.18531e-7  -2.42855e-7  -2.47074e-7  -1.974e-7  -2.00713e-7  -1.45495e-7  -2.89631e-7  -3.43661e-7  -2.5676e-7  -2.1568e-7  -1.61311e-7  -3.24764e-7  -2.50296e-7  -3.33652e-7  -5.24754e-7  -2.68664e-7  -5.22035e-7  -3.08585e-7  -5.02502e-7  -2.40436e-7  -4.13176e-7  -5.0212e-7  -3.45351e-7  -2.23848e-7  -5.36477e-7  -5.32169e-7  -5.79075e-7  -5.82296e-7  -8.88551e-7  -9.19156e-7  -6.46423e-7  -5.46598e-7  -7.99026e-7  -1.19737e-6  -7.25181e-7  -1.48421e-6  -9.81556e-7  -9.36053e-7  -6.91836e-7  -1.03128e-6  -1.20496e-6  -9.82916e-7  -1.23853e-6  -9.55348e-7  -1.3713e-6  -1.43862e-6  -1.40388e-6  -1.77584e-6  -1.97941e-6  -1.97937e-6  -1.52986e-6  -1.44169e-6  -1.60258e-6  -2.56584e-6  -1.30756e-6  -2.96719e-6  -2.64337e-6  -1.91708e-6  -2.16806e-6  -3.39181e-6  -3.58215e-6  -4.13743e-6  -2.37926e-6  -2.48041e-6  -3.6354e-6  -6.21057e-6  -4.42547e-6  -2.88252e-6  -6.19785e-6  -4.41595e-6  -3.30222e-6  -6.40539e-6  -5.53183e-6  -2.97091e-6  -6.67934e-6  -5.83955e-6  -5.37679e-6  -7.33684e-6  -8.99616e-6  -7.12072e-6  -9.09974e-6  -4.42256e-6  -6.76141e-6  -4.12776e-6  -9.10345e-6  -6.05732e-6  -4.98896e-6  -5.64014e-6  -7.07601e-6  -9.92609e-6  -8.87677e-6  -1.04153e-5  -6.18735e-6  -6.3683e-6  -9.68659e-6  -6.57116e-6  -5.80985e-6  -7.1222e-6  -8.51932e-6  -5.96742e-6  -8.30822e-6  -9.47769e-6  -5.73997e-6  -1.01777e-5  -6.82615e-6  -9.90834e-6  -6.75049e-6  -7.02714e-6  -5.96386e-6  -1.29735e-5  -1.51563e-5  -7.51126e-6  -9.36469e-6  -1.15321e-5  -8.60409e-6  -9.09189e-6  -9.19413e-6  -9.85727e-6  -1.25524e-5
300 Eigenvalues converges, out of 300 requested.
Running with l = 600
Starting Davidson with n_aux = 1500, l_buffer = 1080, lc = 606, thresh = 0.0025, max_iter = 100
Iter 1: V_size = 120, Converged = 0, ‖r‖ (largest λ) = 0.10358086508213564
Iter 2: V_size = 240, Converged = 0, ‖r‖ (largest λ) = 0.025588054618247306
Iter 3: V_size = 480, Converged = 0, ‖r‖ (largest λ) = 0.005422886881735896
Iter 4: V_size = 960, Converged = 0, ‖r‖ (largest λ) = 0.0006278081963591829
Iter 5: V_size = 1500, Converged = 3, ‖r‖ (largest λ) = 3.7478202962562267e-5
Iter 6: V_size = 1500, Converged = 3, ‖r‖ (largest λ) = 4.914393023888119e-5
Iter 7: V_size = 1500, Converged = 3, ‖r‖ (largest λ) = 5.956639644201499e-5
Iter 8: V_size = 1500, Converged = 153, ‖r‖ (largest λ) = 6.552158668229197e-5
Iter 9: V_size = 1500, Converged = 153, ‖r‖ (largest λ) = 8.55602389342197e-5
Hybrid Davidson-JD corrections at iteration 10
Total MINRES iterations: 0
Iter 10: V_size = 1500, Converged = 153, ‖r‖ (largest λ) = 0.00010784741485478572
Hybrid Davidson-JD corrections at iteration 11
Total MINRES iterations: 0
Iter 11: V_size = 1500, Converged = 329, ‖r‖ (largest λ) = 0.00012504401186218283
Hybrid Davidson-JD corrections at iteration 12
Total MINRES iterations: 73
Iter 12: V_size = 1500, Converged = 329, ‖r‖ (largest λ) = 0.00015596620170488137
Hybrid Davidson-JD corrections at iteration 13
Total MINRES iterations: 0
Iter 13: V_size = 1500, Converged = 329, ‖r‖ (largest λ) = 7.680104380388887e-5
Converged all required eigenvalues.
15105.150435 seconds (170.66 M allocations: 11.540 TiB, 1.44% gc time)
Number of FLOPs: 44107871941385

Reading exact Eigenvalues...
Reading eigenvalues from ../../Eigenvalues_folder/eigenres_formaldehyde_RNDbasis1.jld2

Compute the difference between computed and exact eigenvalues:
1×600 adjoint(::Vector{Float64}) with eltype Float64:
 -2.84217e-14  0.0  3.90799e-14  5.32907e-15  0.0  0.0  7.10543e-15  -1.24345e-14  -1.77636e-15  7.10543e-15  8.88178e-16  -3.55271e-15  8.88178e-16  8.88178e-16  -2.66454e-15  1.77636e-15  8.88178e-16  9.76996e-15  8.88178e-16  -3.55271e-15  8.88178e-16  -3.55271e-15  2.66454e-15  0.0  -1.77636e-15  -8.88178e-16  -2.22045e-15  1.77636e-15  -3.10862e-15  2.22045e-15  -3.10862e-15  2.22045e-15  2.22045e-15  -8.88178e-16  4.44089e-16  -2.22045e-15  -4.44089e-16  -3.10862e-15  1.77636e-15  -8.88178e-16  -8.88178e-16  -4.44089e-16  -3.55271e-15  -2.22045e-15  3.9968e-15  1.33227e-15  -4.44089e-15  -1.33227e-15  4.44089e-16  -3.9968e-15  0.0  -2.22045e-15  1.33227e-15  1.77636e-15  6.21725e-15  3.10862e-15  3.10862e-15  -3.10862e-15  -4.88498e-15  4.44089e-16  -6.66134e-16  2.66454e-15  1.11022e-15  3.10862e-15  -2.44249e-15  -2.44249e-15  2.66454e-15  -4.44089e-15  1.55431e-15  -1.33227e-15  -6.43929e-15  2.22045e-16  2.22045e-16  -1.55431e-15  8.88178e-16  2.44249e-15  1.55431e-15  8.88178e-16  -1.55431e-15  2.66454e-15  3.9968e-15  1.9984e-15  -3.33067e-15  -1.55431e-15  -1.9984e-15  3.55271e-15  2.44249e-15  -1.55431e-15  -4.44089e-16  -1.77636e-15  -7.99361e-15  3.77476e-15  2.22045e-15  -5.55112e-15  1.55431e-15  2.44249e-15  -8.43769e-15  9.32587e-15  -1.77636e-15  4.44089e-16  3.33067e-15  -2.66454e-15  -4.44089e-16  -4.21885e-15  1.06581e-14  -2.88658e-15  -9.10383e-15  1.33227e-15  1.9984e-15  -3.55271e-15  1.55431e-15  -6.66134e-15  -5.10703e-15  -3.55271e-15  9.54792e-15  3.55271e-15  -4.66294e-15  1.33227e-15  -1.33227e-14  -3.33067e-15  -6.33715e-13  -3.41838e-13  -3.98459e-12  -7.39442e-12  -7.69784e-12  -1.84959e-11  -4.18258e-10  -8.48278e-10  -2.86878e-9  -2.06644e-9  -1.3618e-9  -3.7551e-9  -1.78246e-9  -6.87488e-9  -4.46407e-9  -4.44603e-9  -7.31888e-9  -1.49032e-8  -1.26698e-8  -1.15421e-8  -1.4464e-8  -1.37144e-8  -1.26376e-8  -2.54495e-8  -1.03532e-8  -1.42885e-8  -2.78123e-8  -3.20619e-8  -2.15068e-8  -1.63334e-8  -2.84092e-9  -3.75116e-8  -1.74456e-8  -2.88771e-9  -3.97399e-8  -4.57133e-9  -6.48956e-9  -5.18091e-9  -6.63255e-9  -1.22944e-8  -9.83733e-9  -1.0692e-8  -1.52251e-8  -1.23164e-8  -1.33686e-8  -1.16427e-8  -1.55111e-8  -1.9731e-8  -2.03715e-8  -1.55449e-8  -2.0299e-8  -1.01368e-8  -2.34211e-8  -3.23912e-8  -2.13506e-8  -3.66102e-8  -4.53231e-8  -3.63137e-8  -3.27807e-8  -2.9582e-8  -4.55523e-8  -6.02429e-8  -4.96697e-8  -3.7921e-8  -5.47565e-8  -4.64968e-8  -4.48866e-8  -5.14378e-8  -4.11203e-8  -4.02478e-8  -7.6416e-8  -4.71288e-8  -5.52802e-8  -4.01206e-8  -7.37646e-8  -6.08391e-8  -8.5817e-8  -6.59881e-8  -7.97572e-8  -1.12644e-7  -6.24764e-8  -6.91725e-8  -8.16958e-8  -8.29427e-8  -6.57044e-8  -9.2766e-8  -1.18885e-7  -1.04312e-7  -1.07617e-7  -9.51466e-8  -1.72691e-7  -1.30505e-7  -1.27657e-7  -1.40448e-7  -1.26729e-7  -1.16117e-7  -1.05355e-7  -1.32958e-7  -1.54151e-7  -1.60602e-7  -1.61133e-7  -1.79392e-7  -1.38421e-7  -1.18092e-7  -1.7106e-7  -1.69018e-7  -2.11914e-7  -2.03375e-7  -2.92022e-7  -1.47364e-7  -2.34256e-7  -2.31255e-7  -2.28531e-7  -2.17742e-7  -3.05395e-7  -3.35764e-7  -4.24283e-7  -3.15547e-7  -3.79517e-7  -3.25684e-7  -3.61836e-7  -3.38511e-7  -3.14984e-7  -3.45509e-7  -4.31673e-7  -5.03327e-7  -4.5675e-7  -4.9322e-7  -3.84694e-7  -5.18886e-7  -3.42922e-7  -2.75946e-7  -3.61401e-7  -4.08297e-7  -4.78981e-7  -7.2221e-7  -5.67941e-7  -8.32708e-7  -4.7705e-7  -4.86251e-7  -7.11792e-7  -6.01546e-7  -6.52851e-7  -5.67809e-7  -7.33801e-7  -8.71983e-7  -1.06919e-6  -8.9416e-7  -7.03576e-7  -5.90636e-7  -7.02593e-7  -1.05798e-6  -1.23211e-6  -8.15913e-7  -1.04164e-6  -1.27846e-6  -1.26728e-6  -1.12209e-6  -9.28126e-7  -1.58041e-6  -1.3414e-6  -1.26682e-6  -1.56296e-6  -1.67928e-6  -1.04578e-6  -1.28565e-6  -1.42922e-6  -1.66184e-6  -1.38546e-6  -1.52255e-6  -2.44239e-6  -1.64798e-6  -1.19731e-6  -1.61879e-6  -1.65736e-6  -2.15163e-6  -1.44822e-6  -1.61824e-6  -2.064e-6  -2.06032e-6  -2.25537e-6  -1.88732e-6  -3.12502e-6  -2.30826e-6  -2.44004e-6  -2.979e-6  -2.04788e-6  -1.99573e-6  -2.50284e-6  -2.22842e-6  -2.90816e-6  -3.13814e-6  -2.99017e-6  -2.38391e-6  -3.41962e-6  -2.49035e-6  -3.39457e-6  -3.35126e-6  -2.59258e-7  -2.9733e-6  -4.1544e-6  -3.44348e-6  -4.22405e-6  -3.97365e-6  -3.98045e-6  -2.69035e-7  -2.52925e-6  -2.93416e-7  -2.93722e-7  -3.25799e-6  -4.84708e-6  -2.26069e-7  -2.57343e-7  -2.75106e-7  -4.08705e-6  -3.2412e-7  -2.87494e-7  -3.20789e-7  -4.59964e-6  -3.53957e-7  -2.90184e-7  -4.97473e-7  -3.42144e-7  -3.81604e-7  -2.88591e-7  -3.75359e-7  -4.94959e-7  -4.86393e-7  -4.50852e-7  -5.68579e-7  -4.59382e-7  -6.60426e-7  -5.23701e-7  -4.9437e-7  -4.33063e-7  -7.05874e-7  -6.61498e-7  3.86861e-10  -7.02774e-7  -5.88147e-7  -7.88504e-7  -8.18665e-7  -8.4177e-7  -7.41016e-7  -7.94093e-7  -9.31438e-7  -1.05098e-6  -1.00704e-6  -8.29808e-7  -1.03997e-6  -8.04239e-7  -8.8809e-7  -9.54769e-7  -1.25305e-6  -1.034e-6  -1.04807e-6  -1.07402e-6  -1.33482e-6  -1.01634e-6  -1.15427e-6  -1.25463e-6  -1.28545e-6  -1.14686e-6  -1.54319e-6  -1.49959e-6  -1.23233e-6  6.11786e-10  -1.67519e-6  -1.11948e-6  -1.81517e-6  -1.81181e-6  -1.62662e-6  -1.54129e-6  -2.0793e-6  -1.43968e-6  -1.69782e-6  -2.03935e-6  -2.31976e-6  -2.06113e-6  -2.75074e-6  -1.72589e-6  -2.09283e-6  -1.84259e-6  -1.93053e-6  8.83005e-10  -2.27974e-6  -1.96214e-6  -2.00385e-6  -2.24146e-6  6.05437e-10  1.00279e-9  8.73444e-10  -1.89065e-6  1.22748e-9  1.49849e-9  7.98151e-10  1.23782e-9  9.67562e-10  1.15028e-9  -2.10498e-6  1.07935e-9  1.28036e-9  -1.66594e-6  -1.8311e-6  8.21711e-10  1.5738e-9  -2.36824e-6  -3.34609e-6  -3.46519e-6  -2.42742e-6  1.9643e-9  1.5835e-9  1.20268e-9  -2.47219e-6  -2.62758e-6  -3.11542e-6  -2.24345e-6  2.01123e-9  1.97895e-9  1.55717e-9  1.5896e-9  -2.88373e-6  -3.16928e-6  -2.93894e-6  1.44963e-9  1.62872e-9  -2.67665e-6  -3.30341e-6  -3.36618e-6  -2.9739e-6  -2.39115e-6  -2.46325e-6  -3.34924e-6  -3.3447e-6  -3.40501e-6  -3.05037e-6  -3.49258e-6  -4.05493e-6  -2.88105e-6  -3.01728e-6  -3.46027e-6  -3.47663e-6  -3.05377e-6  -3.0489e-6  -3.67382e-6  -2.89899e-6  -3.02796e-6  -3.41488e-6  -3.08639e-6  -3.02779e-6  -3.76599e-6  -3.19888e-6  -3.00952e-6  -3.20955e-6  -3.3199e-6  -3.10819e-6  -2.92041e-6  -3.94582e-6  -4.07254e-6  -3.09224e-6  -3.86763e-6  -3.53332e-6  -3.20238e-6  -2.90074e-6  -3.11701e-6  -3.20651e-6  -2.81759e-6  -3.10063e-6  -3.70301e-6  -3.0897e-6  -3.64284e-6  -3.48502e-6  -2.77047e-6  -2.91261e-6  -3.06436e-6  -3.63712e-6  -3.15268e-6  -3.17522e-6  -4.14406e-6  -3.27435e-6  -3.26924e-6  -3.99463e-6  -3.22706e-6  -3.264e-6  -3.1103e-6  -2.762e-6  -3.35922e-6  -2.92985e-6  -3.29413e-6  -4.03051e-6  -3.5648e-6  -3.24518e-6  -3.13755e-6  -2.97568e-6  -3.22755e-6  -3.63443e-6  -2.94969e-6  -3.07437e-6  -4.127e-6  -3.99729e-6  -3.59658e-6  -3.29945e-6  -3.3658e-6  -3.34678e-6  -3.54366e-6  -3.17607e-6  -3.37983e-6  -3.01133e-6  -3.09415e-6  -3.10398e-6  -3.73031e-6  -3.49596e-6  -3.94083e-6  -2.87794e-6  -3.55909e-6  -3.22189e-6  -3.1968e-6  -3.28679e-6  -4.2266e-6  -3.32109e-6  -2.87352e-6  -3.3246e-6  -4.025e-6  -3.21358e-6  -2.86648e-6  -3.1989e-6  -2.87969e-6  -4.08764e-6  -3.25373e-6  -4.1698e-6  -3.63251e-6  -3.74069e-6  -4.7195e-6  -3.50314e-6  -3.94431e-6  -4.20566e-6  -3.06054e-6  -4.16211e-6  -3.86603e-6  -3.83581e-6  -4.3864e-6  -4.31516e-6  -3.83058e-6  -3.91484e-6  -3.53755e-6  -4.56309e-6  -4.78621e-6  -4.53075e-6  -3.41366e-6  -3.99357e-6  -4.41011e-6  -4.69346e-6  -3.94349e-6  -6.17402e-6  -4.96839e-6  -3.55436e-6  -4.30578e-6  -5.12876e-6  -5.09956e-6  -4.28195e-6  -3.89234e-6  -4.73194e-6  -4.66896e-6  -5.15449e-6  -6.28581e-6  -4.62996e-6  -4.98047e-6  -4.81196e-6  -5.57036e-6  -5.70597e-6  -5.18946e-6  -4.94005e-6  -5.38966e-6  -4.63605e-6  -5.68208e-6  -5.85177e-6  -5.44869e-6  -5.20874e-6  -5.78727e-6  -5.21485e-6
600 Eigenvalues converges, out of 600 requested.
Running with l = 1200
Starting Davidson with n_aux = 3000, l_buffer = 2160, lc = 1212, thresh = 0.003, max_iter = 100
Iter 1: V_size = 240, Converged = 0, ‖r‖ (largest λ) = 0.032488483234252935
Iter 2: V_size = 480, Converged = 0, ‖r‖ (largest λ) = 0.005894022566926656
Iter 3: V_size = 960, Converged = 0, ‖r‖ (largest λ) = 0.0006631194141480979
Iter 4: V_size = 1920, Converged = 0, ‖r‖ (largest λ) = 3.7134725888781206e-5
Iter 5: V_size = 3000, Converged = 10, ‖r‖ (largest λ) = 9.1695993363148e-7
Iter 6: V_size = 3000, Converged = 10, ‖r‖ (largest λ) = 1.1090772671410576e-6
Iter 7: V_size = 3000, Converged = 10, ‖r‖ (largest λ) = 1.371532821883906e-6
Iter 8: V_size = 3000, Converged = 181, ‖r‖ (largest λ) = 1.4089532882670885e-6
Iter 9: V_size = 3000, Converged = 181, ‖r‖ (largest λ) = 7.110160256901321e-6
Hybrid Davidson-JD corrections at iteration 10
Total MINRES iterations: 25
Iter 10: V_size = 3000, Converged = 181, ‖r‖ (largest λ) = 6.2624800109849366e-6
Hybrid Davidson-JD corrections at iteration 11
Total MINRES iterations: 0
Iter 11: V_size = 2136, Converged = 1092, ‖r‖ (largest λ) = 5.150915746267696e-6
Hybrid Davidson-JD corrections at iteration 12
Total MINRES iterations: 0
Iter 12: V_size = 2136, Converged = 1092, ‖r‖ (largest λ) = 2.581161615287389e-5
Hybrid Davidson-JD corrections at iteration 13
Total MINRES iterations: 50
Iter 13: V_size = 2136, Converged = 1092, ‖r‖ (largest λ) = 1.7685503050478793e-5
Converged all required eigenvalues.
28136.716691 seconds (625.90 M allocations: 42.315 TiB, 1.51% gc time)
Number of FLOPs: 91773972764663

Reading exact Eigenvalues...
Reading eigenvalues from ../../Eigenvalues_folder/eigenres_formaldehyde_RNDbasis1.jld2

Compute the difference between computed and exact eigenvalues:
1×1200 adjoint(::Vector{Float64}) with eltype Float64:
 0.0  2.4869e-14  1.06581e-14  1.06581e-14  -3.55271e-15  -3.55271e-15  1.06581e-14  -1.42109e-14  0.0  -5.32907e-15  -1.77636e-15  -8.88178e-16  3.55271e-15  1.77636e-15  0.0  0.0  1.77636e-15  4.44089e-15  2.66454e-15  -1.77636e-15  2.66454e-15  -8.88178e-16  0.0  -1.77636e-15  4.44089e-15  -2.66454e-15  0.0  -2.66454e-15  3.9968e-15  3.10862e-15  0.0  -1.77636e-15  1.77636e-15  1.33227e-15  8.88178e-16  1.77636e-15  -2.22045e-15  8.88178e-16  1.77636e-15  -8.88178e-16  8.88178e-16  -8.88178e-16  -1.77636e-15  -8.88178e-16  8.88178e-16  0.0  -1.77636e-15  -2.22045e-15  -4.44089e-16  -1.77636e-15  -8.88178e-16  8.88178e-16  -4.44089e-16  4.44089e-16  0.0  8.88178e-16  -8.88178e-16  -8.88178e-16  4.44089e-16  2.22045e-16  1.9984e-15  -4.44089e-16  -6.66134e-16  1.77636e-15  -1.55431e-15  1.77636e-15  -4.44089e-16  1.33227e-15  1.55431e-15  -1.11022e-15  -4.44089e-16  -8.88178e-16  -2.22045e-16  2.44249e-15  -1.55431e-15  2.22045e-15  1.11022e-15  2.22045e-16  -2.22045e-16  -2.44249e-15  -2.88658e-15  1.9984e-15  -4.44089e-16  1.33227e-15  6.66134e-16  2.22045e-15  2.22045e-15  -1.77636e-15  -1.11022e-15  0.0  4.44089e-16  -8.88178e-16  -1.55431e-15  2.22045e-15  -1.9984e-15  -6.66134e-16  -4.44089e-16  -6.66134e-16  1.55431e-15  3.10862e-15  1.77636e-15  -4.44089e-16  1.55431e-15  1.9984e-15  3.55271e-15  -2.44249e-15  2.44249e-15  1.11022e-15  -1.9984e-15  6.66134e-16  -1.55431e-15  -1.55431e-15  1.9984e-15  -3.10862e-15  2.22045e-16  -1.33227e-15  6.66134e-16  1.11022e-15  -1.77636e-15  0.0  -2.44249e-15  1.9984e-15  0.0  2.66454e-15  -8.88178e-16  1.33227e-15  -1.43204e-11  -6.26574e-11  -4.62587e-11  -6.91653e-11  -1.23742e-10  -1.98519e-10  -6.61235e-10  -7.04365e-10  -3.23159e-10  -5.1504e-10  -1.41136e-9  -1.5991e-9  -6.30183e-10  -1.40577e-9  -2.08104e-9  -1.70515e-9  -1.43192e-9  -1.33449e-9  -1.57321e-9  -2.50453e-9  -2.52668e-9  -3.87794e-9  -3.73045e-9  -3.33675e-9  -3.04484e-9  -7.19144e-9  -5.30506e-9  -2.853e-9  -4.34807e-9  -1.08439e-8  -6.13231e-9  -1.15079e-8  -1.07062e-8  -7.91449e-9  -1.03561e-8  -1.27008e-8  -1.35083e-8  -2.3487e-8  -2.04918e-8  -1.47119e-8  -1.42152e-8  -1.76967e-8  -2.67174e-8  -1.66843e-8  -1.29061e-8  -2.06326e-8  -2.89944e-8  -3.74045e-8  -2.2092e-8  -1.09367e-9  -4.43899e-8  -1.16999e-9  -3.17644e-8  -2.61332e-8  -4.64797e-8  -4.06126e-8  -1.83969e-9  -4.21976e-8  -1.27569e-9  -1.12517e-9  -1.23937e-9  -1.22088e-9  -1.70965e-9  -1.42794e-9  -1.71774e-9  -2.04117e-9  -1.51801e-9  -1.72512e-9  -2.3985e-9  -1.78132e-9  -1.77694e-9  -1.71123e-9  -2.10391e-9  -2.46578e-9  -1.81577e-9  -2.5277e-9  -2.08773e-9  -3.35458e-9  -2.26423e-9  -2.90789e-9  -4.39077e-9  -4.0465e-9  -3.00147e-9  -4.18732e-9  -2.80121e-9  -3.30436e-9  -3.88408e-9  -2.40671e-9  -3.50155e-9  -4.39415e-9  -4.12697e-9  -2.93157e-9  -3.40908e-9  -4.63088e-9  -4.46391e-9  -3.52812e-9  -3.2641e-9  -3.34969e-9  -3.31923e-9  -4.9324e-9  -3.85568e-9  -3.50113e-9  -3.37817e-9  -4.90568e-9  -4.61075e-9  -3.4476e-9  -4.40625e-9  -4.59282e-9  -6.44301e-9  -5.15613e-9  -5.27479e-9  -6.25298e-9  -4.74855e-9  -5.06744e-9  -8.18065e-9  -5.70459e-9  -7.08508e-9  -6.00425e-9  -9.7906e-9  -6.49418e-9  -6.76282e-9  -8.51352e-9  -5.31579e-9  -7.73072e-9  -6.27645e-9  -6.56014e-9  -9.23901e-9  -9.16302e-9  -7.83685e-9  -1.16699e-8  -7.78475e-9  -1.0093e-8  -1.05398e-8  -1.04578e-8  -1.16544e-8  -1.17005e-8  -1.01316e-8  -1.24014e-8  -1.22134e-8  -1.48333e-8  -1.0603e-8  -1.34391e-8  -1.62279e-8  -1.12728e-8  -1.13753e-8  -1.52514e-8  -1.2918e-8  -1.66576e-8  -1.05385e-8  -1.67317e-8  -1.52543e-8  -1.2253e-8  -1.26233e-8  -2.50355e-8  -1.90845e-8  -1.7891e-8  -1.98251e-8  -1.55584e-8  -1.99529e-8  -1.48741e-8  -1.86662e-8  -1.91901e-8  -1.83389e-8  -1.73976e-8  -2.654e-8  -3.1756e-8  -1.97132e-8  -2.34117e-8  -1.55022e-8  -2.19762e-8  -2.7424e-8  -2.22523e-8  -2.55166e-8  -2.29027e-8  -2.97307e-8  -2.8236e-8  -3.14446e-8  -2.20126e-8  -1.98377e-8  -2.37316e-8  -2.35753e-8  -2.30094e-8  -2.50425e-8  -2.92581e-8  -2.84199e-8  -2.5478e-8  -2.22845e-8  -2.95626e-8  -3.19073e-8  -3.43318e-8  -4.40844e-8  -3.97782e-8  -4.40317e-8  -3.77649e-8  -3.17705e-8  -3.82348e-8  -3.75242e-8  -2.97324e-8  -3.65963e-8  -3.27165e-8  -3.20975e-8  -3.83584e-8  -5.71192e-8  -4.49025e-8  -4.66065e-8  -4.00483e-8  -4.48007e-8  -4.67731e-8  -4.49879e-8  -4.92457e-8  -4.18029e-8  -4.99171e-8  -5.21777e-8  -4.8948e-8  -6.08956e-8  -6.49276e-8  -4.68634e-8  -5.73277e-8  -6.86956e-8  -6.18198e-8  -5.30248e-8  -6.88714e-8  -8.89321e-8  -5.39242e-8  -6.94365e-8  -6.46629e-8  -7.1291e-8  -7.35221e-8  -5.61094e-8  -8.68964e-8  -8.11668e-8  -1.05033e-7  -9.8392e-8  -8.87371e-8  -8.53743e-8  -9.7572e-8  -7.28512e-8  -7.25403e-8  -8.94962e-8  -1.15082e-7  -1.07742e-7  -9.82005e-8  -1.38714e-7  -1.26506e-7  -1.18325e-7  -1.45662e-7  -9.40404e-8  -1.43539e-7  -1.72921e-7  -1.35991e-7  -1.56101e-7  -2.32375e-7  -1.31868e-7  -1.59176e-7  -2.07595e-7  -1.99572e-7  -1.85237e-7  -2.20164e-7  -1.75135e-7  -1.76135e-7  -2.69488e-7  -2.73795e-7  -1.99775e-7  -2.89483e-7  -3.01013e-7  -2.54013e-7  -2.45761e-7  -3.05269e-7  -3.65769e-7  -2.6081e-7  -3.09911e-7  -2.90323e-7  -3.46416e-7  -3.64058e-7  -3.23359e-7  -4.14673e-7  -3.12036e-7  -3.02769e-7  -3.3739e-7  -3.32964e-7  -3.32189e-7  -3.97084e-7  -3.71661e-7  -2.74895e-7  -3.16761e-7  -4.22206e-7  -2.58207e-7  -3.50359e-7  -4.7406e-7  -4.10651e-7  -4.87059e-7  -3.98946e-7  -4.18954e-7  -3.7963e-7  -6.38783e-7  -4.21578e-7  -4.75275e-7  -5.13786e-7  -7.46201e-7  -3.91144e-7  -5.56403e-7  -5.228e-7  -5.17845e-7  -4.86942e-7  -5.4725e-7  -6.50939e-7  -6.90623e-7  -4.54776e-7  -6.09223e-7  -6.44679e-7  -5.31711e-7  -7.84388e-7  -6.61581e-7  -6.55806e-7  -7.72351e-7  -8.57453e-7  -6.24691e-7  -7.52932e-7  -8.66387e-7  -8.18454e-7  -8.91843e-7  -7.55896e-7  -7.96868e-7  -6.67945e-7  -6.79643e-7  -8.06067e-7  -7.89071e-7  -8.75428e-7  -8.45898e-7  -6.98163e-7  -8.27412e-7  -1.0384e-6  -7.71076e-7  -7.86539e-7  -6.65132e-7  -8.69765e-7  -9.9961e-7  -8.68103e-7  -7.51749e-7  -9.21271e-7  -9.70061e-7  -7.2603e-7  -1.01685e-6  -9.79473e-7  -1.08853e-6  -9.79548e-7  -9.77605e-7  -1.06368e-6  -9.29639e-7  -9.23738e-7  -8.18315e-7  -7.92357e-7  -9.50825e-7  -8.51248e-7  -7.51087e-7  -1.11234e-6  -9.15629e-7  -7.74624e-7  -9.42164e-7  -1.24162e-6  -1.24899e-6  -1.05217e-6  -1.00899e-6  -1.05026e-6  -1.07812e-6  -9.1886e-7  -9.33362e-7  -1.06989e-6  -1.16092e-6  -1.12265e-6  -1.21165e-6  -1.21741e-6  -1.12649e-6  -9.35855e-7  -1.23984e-6  -1.2757e-6  -1.09707e-6  -1.2246e-6  -9.25524e-7  -1.22833e-6  -1.04716e-6  -1.49998e-6  -1.09818e-6  -1.33976e-6  -1.28625e-6  -1.22551e-6  -1.08914e-6  -1.12479e-6  -1.3958e-6  -1.4079e-6  -1.47413e-6  -1.29418e-6  -1.45454e-6  -1.57436e-6  -1.6925e-6  -1.26451e-6  -1.40628e-6  -1.30846e-6  -1.42897e-6  -1.46151e-6  -1.37463e-6  -1.17565e-6  -1.46978e-6  -1.30636e-6  -1.65983e-6  -1.49365e-6  -1.68673e-6  -1.26918e-6  -1.54451e-6  -1.43396e-6  -1.28269e-6  -1.39839e-6  -1.50973e-6  -1.5431e-6  -1.67748e-6  -1.53386e-6  -1.42225e-6  -1.45756e-6  -1.38696e-6  -1.48025e-6  -1.33097e-6  -1.49802e-6  -1.50326e-6  -1.38489e-6  -1.45514e-6  -1.67042e-6  -1.65258e-6  -1.80435e-6  -1.75969e-6  -1.67432e-6  -1.65003e-6  -1.59374e-6  -1.85665e-6  -1.33237e-6  -1.55143e-6  -1.46426e-6  -1.39968e-6  -1.72894e-6  -1.55859e-6  -1.49757e-6  -1.63233e-6  -1.52231e-6  -1.75392e-6  -1.4255e-6  -1.48017e-6  -1.58533e-6  -1.62014e-6  -1.78539e-6  -1.55753e-6  -1.71943e-6  -1.89748e-6  -1.75126e-6  -1.77188e-6  -1.69211e-6  -1.5843e-6  -1.66504e-6  -1.67177e-6  -1.91263e-6  -1.80058e-6  -1.85401e-6  -1.68554e-6  -1.65277e-6  -1.82546e-6  -1.93331e-6  -1.71013e-6  -1.498e-6  -1.6957e-6  -1.81408e-6  -1.91432e-6  -1.95863e-6  -1.71244e-6  -1.85343e-6  -1.99254e-6  -1.55843e-6  -1.55864e-6  -1.97021e-6  -1.6652e-6  -1.60656e-6  -1.79221e-6  -1.57908e-6  -1.59381e-6  -2.29256e-6  -1.73197e-6  -1.91822e-6  -1.89374e-6  -1.61856e-6  -1.66661e-6  -1.64328e-6  -1.95163e-6  -1.78908e-6  -1.81668e-6  -1.61226e-6  -1.73788e-6  -1.85442e-6  -1.8708e-6  -1.98177e-6  -1.51101e-6  -1.59174e-6  -1.78551e-6  -2.00314e-6  -1.79685e-6  -2.01579e-6  -1.86412e-6  -1.77164e-6  -1.75762e-6  -2.08359e-6  -1.98153e-6  -1.57887e-6  -1.75642e-6  -1.63236e-6  -1.77327e-6  -2.07704e-6  -2.12166e-6  -2.12937e-6  -1.73879e-6  -1.99325e-6  -1.80817e-6  -1.97144e-6  -1.97055e-6  -1.76905e-6  -2.01629e-6  -1.87774e-6  -1.664e-6  -1.76329e-6  -1.90241e-6  -1.86352e-6  -1.6551e-6  -1.84969e-6  -1.87669e-6  -2.1157e-6  -1.57325e-6  -1.92375e-6  -1.74241e-6  -1.91006e-6  -1.69211e-6  -1.72832e-6  -1.96135e-6  -1.69833e-6  -1.6467e-6  -1.90242e-6  -1.88375e-6  -1.84613e-6  -1.94215e-6  -1.69356e-6  -1.86528e-6  -1.77074e-6  -1.84196e-6  -1.98226e-6  -1.78489e-6  -1.93082e-6  -1.87627e-6  -1.79196e-6  -1.83978e-6  -1.79173e-6  -1.7788e-6  -1.77452e-6  -1.89585e-6  -1.90879e-6  -1.983e-6  -1.6501e-6  -1.64422e-6  -1.84806e-6  -1.73548e-6  -1.75155e-6  -2.04552e-6  -1.84972e-6  -1.81659e-6  -1.56644e-6  -1.89759e-6  -1.86244e-6  -1.73079e-6  -1.80901e-6  -1.81209e-6  -1.94367e-6  -1.79837e-6  -1.8073e-6  -1.89798e-6  -1.82056e-6  -1.69625e-6  -1.80262e-6  -1.6729e-6  -1.68706e-6  -1.87889e-6  -1.67531e-6  -1.79274e-6  -1.78378e-6  -1.67215e-6  -1.70311e-6  -1.56954e-6  -1.76648e-6  -1.84556e-6  -1.75594e-6  -1.97264e-6  -1.70737e-6  -1.67387e-6  -1.62043e-6  -1.62721e-6  -1.77628e-6  -1.84111e-6  -1.70895e-6  -1.67395e-6  -1.69179e-6  -1.76539e-6  -1.69033e-6  -1.77697e-6  -1.62834e-6  -1.67855e-6  -1.63917e-6  -1.52936e-6  -1.67443e-6  -1.68943e-6  -1.70885e-6  -1.6186e-6  -1.53829e-6  -1.92139e-6  -1.78709e-6  -1.91207e-6  -1.70839e-6  -1.75999e-6  -1.61665e-6  -1.7093e-6  -1.69099e-6  -1.71343e-6  -1.56237e-6  -1.63802e-6  -1.76128e-6  -1.67424e-6  -1.51315e-6  -1.72762e-6  -1.65738e-6  -1.8604e-6  -1.79029e-6  -1.64597e-6  -1.67014e-6  -1.90165e-6  -1.59693e-6  -1.6171e-6  -1.62078e-6  -1.75562e-6  -1.5711e-6  -1.70792e-6  -1.47455e-6  -1.61295e-6  -1.46925e-6  -1.87214e-6  -1.8762e-6  -1.68054e-6  -1.66387e-6  -1.64363e-6  -1.52902e-6  -1.80882e-6  -1.50056e-6  -1.60673e-6  -1.68775e-6  -1.70339e-6  -1.67538e-6  -1.79098e-6  -1.58779e-6  -1.57116e-6  -1.6558e-6  -1.74312e-6  -1.56266e-6  -1.48775e-6  -1.68081e-6  -1.56995e-6  -1.64358e-6  -1.47917e-6  -1.62287e-6  -1.53803e-6  -1.5514e-6  -1.48921e-6  -1.69027e-6  -1.66111e-6  -1.51317e-6  -1.69842e-6  -1.54431e-6  -1.42794e-6  -1.48948e-6  -1.66403e-6  -1.57182e-6  -1.82731e-6  -1.88346e-6  -1.50455e-6  -1.75983e-6  -1.4461e-6  -1.69634e-6  -1.6687e-6  -1.56237e-6  -1.62811e-6  -1.63825e-6  -1.50514e-6  -1.51681e-6  -1.66984e-6  -1.49448e-6  -1.68787e-6  -1.76468e-6  -1.67648e-6  -1.57859e-6  -1.65955e-6  -1.68998e-6  -1.78232e-6  -1.7146e-6  -1.65377e-6  -1.61061e-6  -1.73512e-6  -1.46316e-6  -1.35067e-6  -1.56068e-6  -1.76382e-6  -1.54898e-6  -1.66238e-6  -1.51007e-6  -1.7531e-6  -1.71947e-6  -1.73318e-6  -1.76151e-6  -1.59301e-6  -1.50625e-6  -1.65269e-6  -1.70263e-6  -1.63134e-6  -1.61194e-6  -1.6658e-6  -1.61187e-6  -1.61931e-6  -1.62097e-6  -1.73837e-6  -1.67806e-6  -1.88706e-6  -1.90356e-6  -1.60744e-6  -2.09791e-6  -1.71321e-6  -2.65176e-6  -9.26593e-6  -9.46006e-6  -9.5367e-6  -1.0073e-5  -9.91131e-6  -9.60563e-6  -9.9497e-6  -9.12222e-6  -1.04113e-5  -9.91993e-6  -1.02e-5  -1.07511e-5  -9.96037e-6  -9.40374e-6  -9.98925e-6  -9.99694e-6  -9.91532e-6  -9.36366e-6  -8.84212e-6  -1.04415e-5  -1.01179e-5  -9.4792e-6  -9.72496e-6  -1.00372e-5  -1.10304e-5  -9.37133e-6  -1.05113e-5  -1.027e-5  -1.05618e-5  -1.08795e-5  -1.11752e-5  -9.78624e-6  -1.16665e-5  -1.0163e-5  -1.08003e-5  -1.00462e-5  -1.02128e-5  -1.04251e-5  -9.90976e-6  -1.01655e-5  -1.15442e-5  -1.12011e-5  -9.44291e-6  -9.38806e-6  -1.09276e-5  -1.12615e-5  -1.07749e-5  -1.02299e-5  -9.86633e-6  -1.13489e-5  -1.11539e-5  -1.14623e-5  -1.14216e-5  -1.11527e-5  -1.047e-5  -1.22271e-5  -1.05598e-5  -1.1226e-5  -1.19462e-5  -1.10587e-5  -1.13678e-5  -1.02835e-5  -1.02583e-5  -1.04649e-5  -1.09705e-5  -1.06741e-5  -1.24425e-5  -1.0695e-5  -1.16035e-5  -1.19433e-5  -9.75052e-6  -1.20894e-5  -1.1652e-5  -1.1908e-5  -1.32968e-5  -1.09276e-5  -1.03405e-5  -1.14471e-5  -1.23332e-5  -1.01622e-5  -1.19514e-5  -1.37074e-5  -1.09307e-5  -1.13764e-5  -1.09547e-5  -1.13463e-5  -1.42896e-5  -1.26689e-5  -1.27052e-5  -1.12578e-5  -1.26271e-5  -1.22874e-5  -1.22819e-5  -1.13848e-5  -1.36583e-5  -1.22657e-5  -1.23331e-5  -1.2921e-5  -1.22822e-5  -1.36562e-5  -1.3464e-5  -1.3247e-5  -1.14116e-5  -1.30632e-5  -1.32684e-5  -1.29912e-5  -1.28531e-5  -1.3556e-5  -1.36692e-5  -1.2456e-5  -1.20152e-5  -1.36383e-5  -1.31099e-5  -1.29305e-5  -1.39061e-5  -1.28542e-5  -1.17868e-5  -1.20718e-5  -1.43938e-5  -1.30889e-5  -1.36022e-5  -1.39402e-5  -1.48846e-5  -1.41028e-5  -1.43774e-5  -1.37105e-5  -1.33033e-5  -1.3734e-5  -1.45905e-5  -1.43724e-5  -1.31537e-5  -1.43766e-5  -1.55488e-5  -1.44184e-5  -1.5411e-5  -1.57339e-5  -1.55704e-5  -1.46797e-5  -1.52885e-5  -1.35774e-5  -1.55269e-5  -1.44644e-5  -1.44203e-5  -1.72549e-5  -1.41207e-5  -1.56447e-5  -1.65597e-5  -1.53672e-5  -1.63853e-5  -1.44977e-5  -1.5954e-5  -1.46535e-5  -1.50613e-5  -1.69319e-5  -1.55563e-5  -1.6527e-5  -1.48552e-5  -1.48483e-5  -1.41151e-5  -1.45335e-5  -1.48009e-5  -1.45309e-5  -1.45489e-5  -1.74205e-5  -1.56771e-5  -1.59888e-5  -1.66986e-5  -1.74763e-5  -1.49463e-5  -1.66731e-5  -1.81841e-5  -1.72194e-5  -1.5861e-5  -1.67679e-5  -1.64068e-5  -1.80611e-5  -1.79199e-5  -1.62532e-5  -1.53364e-5  -1.77977e-5  -1.82572e-5  -1.93006e-5  -1.60721e-5  -2.0769e-5  -2.05947e-5  -1.75268e-5  -1.69408e-5  -1.74683e-5  -1.99454e-5  -1.69222e-5  -1.87987e-5  -1.98921e-5  -1.82035e-5  -1.72232e-5  -1.80413e-5  -2.13873e-5  -1.88277e-5  -1.89739e-5  -2.18001e-5  -1.94166e-5  -1.86897e-5  -1.97295e-5  -2.20964e-5  -1.94917e-5  -1.85839e-5  -2.00714e-5  -1.9883e-5  -2.16923e-5  -1.98901e-5  -2.24225e-5  -6.48939e-7  -1.92669e-5  -2.32984e-5  -2.25912e-5  -2.26843e-5  -1.99233e-5  -2.1528e-5  -2.21719e-5  -2.0747e-5  -2.10815e-5  -2.39206e-5  -5.736e-7  -6.09042e-7  -2.12766e-5  -2.24238e-5  -1.4894e-5  -6.40921e-6  -2.31363e-5  -5.65031e-7  -2.01896e-5  -6.00906e-6  -6.79546e-7  -6.57276e-7  -6.97887e-7  -5.0198e-7  -3.98937e-6  -1.98146e-5  -7.502e-7  -8.18357e-7  -7.17833e-7  -2.70459e-5  -1.77179e-5  -5.52945e-6  -2.42787e-5  -2.21914e-5  -2.31738e-5  -2.5894e-5  -4.49976e-7  -6.31214e-7  -5.90376e-7  -8.10935e-7  -7.17531e-7  -8.01902e-7  -7.9066e-7  -9.13769e-7  -6.85955e-7  -6.98562e-7  -7.35908e-7  -8.31996e-7  -7.20084e-7  -8.04378e-7  -9.14846e-7  -7.06124e-7  -8.20039e-7  -8.324e-7  -6.6918e-7  -8.70154e-7  -6.89769e-7  -8.43644e-7  -8.81073e-7  -8.14909e-7  -9.23488e-7  -9.09833e-7  -8.91137e-7  -8.8129e-7  -1.00237e-6  -1.19817e-6  -8.89547e-7  -9.7714e-7  -8.36723e-7  -9.28118e-7  -7.62691e-7  -9.50092e-7  -9.83362e-7  -8.63105e-7  -1.1056e-6  -1.05041e-6  -9.7851e-7  -1.08397e-6  -7.62453e-7  -1.1444e-6  -1.03226e-6  -1.00386e-6  -1.02463e-6  -9.7915e-7  -1.20174e-6  -9.43166e-7  -9.87445e-7  -1.07654e-6  -1.04077e-6  -1.22386e-6  -1.10632e-6  -1.08927e-6  -9.21594e-7  -1.163e-6  -1.35828e-6  -1.23998e-6  -1.15313e-6  -1.33818e-6  -1.15338e-6  -1.02038e-6  -1.15403e-6  -1.5653e-6  -1.58049e-6  -1.60828e-6  -1.40222e-6  -1.44555e-6  -1.54864e-6  -1.23532e-6  -1.55279e-6  -1.89714e-6  -1.60588e-6  -1.95117e-6  -1.44765e-6  -1.75826e-6  -1.83262e-6  -1.96309e-6  -2.40379e-6  -1.67171e-6  -2.9811e-6  -2.99184e-6  -2.64112e-6  -2.93654e-6  -2.739e-6  -4.04773e-6  -1.54568e-6  -1.73223e-7  -3.32646e-6  -2.99978e-6  -3.50491e-6
1200 Eigenvalues converges, out of 1200 requested.
Finished processing molecule: formaldehyde
