Processing molecule: uracil
Running with beta = 16
Running with l = 210
Starting Davidson with n_aux = 336, l_buffer = 315, lc = 212, thresh = 0.0015, max_iter = 100
Iter 1: V_size = 42, Converged = 0, ‖r‖ (largest λ) = 1.4440469943908738
Iter 2: V_size = 84, Converged = 0, ‖r‖ (largest λ) = 0.3472672833475846
Iter 3: V_size = 168, Converged = 0, ‖r‖ (largest λ) = 0.1630019671042047
Iter 4: V_size = 336, Converged = 0, ‖r‖ (largest λ) = 0.042939359637024006
Iter 5: V_size = 336, Converged = 0, ‖r‖ (largest λ) = 0.12069638143395725
Iter 6: V_size = 336, Converged = 1, ‖r‖ (largest λ) = 0.14841841432088096
Iter 7: V_size = 336, Converged = 2, ‖r‖ (largest λ) = 0.16738822908299383
Iter 8: V_size = 336, Converged = 2, ‖r‖ (largest λ) = 0.21069016224570447
Iter 9: V_size = 336, Converged = 2, ‖r‖ (largest λ) = 0.27363428882909446
Hybrid Davidson-JD corrections at iteration 10
Total MINRES iterations: 1527
Iter 10: V_size = 336, Converged = 27, ‖r‖ (largest λ) = 0.31525477954241615
Hybrid Davidson-JD corrections at iteration 11
Total MINRES iterations: 1142
Iter 11: V_size = 336, Converged = 27, ‖r‖ (largest λ) = 0.5029129985753591
Hybrid Davidson-JD corrections at iteration 12
Total MINRES iterations: 599
Iter 12: V_size = 336, Converged = 27, ‖r‖ (largest λ) = 0.6061503012062746
Hybrid Davidson-JD corrections at iteration 13
Total MINRES iterations: 383
Iter 13: V_size = 336, Converged = 32, ‖r‖ (largest λ) = 0.7562308058286314
Hybrid Davidson-JD corrections at iteration 14
Total MINRES iterations: 339
Iter 14: V_size = 336, Converged = 32, ‖r‖ (largest λ) = 0.5315645828188459
Hybrid Davidson-JD corrections at iteration 15
Total MINRES iterations: 329
Iter 15: V_size = 336, Converged = 32, ‖r‖ (largest λ) = 0.3602742488865412
Hybrid Davidson-JD corrections at iteration 16
Total MINRES iterations: 319
Iter 16: V_size = 336, Converged = 38, ‖r‖ (largest λ) = 0.2999428240492216
Hybrid Davidson-JD corrections at iteration 17
Total MINRES iterations: 323
Iter 17: V_size = 336, Converged = 38, ‖r‖ (largest λ) = 0.26726197466255247
Hybrid Davidson-JD corrections at iteration 18
Total MINRES iterations: 319
Iter 18: V_size = 336, Converged = 38, ‖r‖ (largest λ) = 0.2259026173936109
Hybrid Davidson-JD corrections at iteration 19
Total MINRES iterations: 314
Iter 19: V_size = 336, Converged = 40, ‖r‖ (largest λ) = 0.17902792239255144
Hybrid Davidson-JD corrections at iteration 20
Total MINRES iterations: 314
Iter 20: V_size = 336, Converged = 40, ‖r‖ (largest λ) = 0.1378107074470522
Hybrid Davidson-JD corrections at iteration 21
Total MINRES iterations: 314
Iter 21: V_size = 336, Converged = 40, ‖r‖ (largest λ) = 0.12934243945924526
Hybrid Davidson-JD corrections at iteration 22
Total MINRES iterations: 316
Iter 22: V_size = 336, Converged = 40, ‖r‖ (largest λ) = 0.11915479886766808
Hybrid Davidson-JD corrections at iteration 23
Total MINRES iterations: 313
Iter 23: V_size = 336, Converged = 40, ‖r‖ (largest λ) = 0.11242156007094829
Hybrid Davidson-JD corrections at iteration 24
Total MINRES iterations: 314
Iter 24: V_size = 336, Converged = 40, ‖r‖ (largest λ) = 0.10610994719600553
Hybrid Davidson-JD corrections at iteration 25
Total MINRES iterations: 317
Iter 25: V_size = 336, Converged = 40, ‖r‖ (largest λ) = 0.09934013597897859
Hybrid Davidson-JD corrections at iteration 26
Total MINRES iterations: 319
Iter 26: V_size = 336, Converged = 40, ‖r‖ (largest λ) = 0.09374722971648018
Hybrid Davidson-JD corrections at iteration 27
Total MINRES iterations: 326
Iter 27: V_size = 336, Converged = 40, ‖r‖ (largest λ) = 0.0883864973726014
Hybrid Davidson-JD corrections at iteration 28
Total MINRES iterations: 322
Iter 28: V_size = 336, Converged = 40, ‖r‖ (largest λ) = 0.08410060861519991
Hybrid Davidson-JD corrections at iteration 29
Total MINRES iterations: 322
Iter 29: V_size = 336, Converged = 40, ‖r‖ (largest λ) = 0.07665146674637172
Hybrid Davidson-JD corrections at iteration 30
Total MINRES iterations: 326
Iter 30: V_size = 336, Converged = 40, ‖r‖ (largest λ) = 0.07318707427881255
Hybrid Davidson-JD corrections at iteration 31
Total MINRES iterations: 329
Iter 31: V_size = 336, Converged = 41, ‖r‖ (largest λ) = 0.06699277359113433
Hybrid Davidson-JD corrections at iteration 32
Total MINRES iterations: 336
Iter 32: V_size = 336, Converged = 41, ‖r‖ (largest λ) = 0.06300325998431325
Hybrid Davidson-JD corrections at iteration 33
Total MINRES iterations: 345
Iter 33: V_size = 336, Converged = 43, ‖r‖ (largest λ) = 0.059087012493716395
Hybrid Davidson-JD corrections at iteration 34
Total MINRES iterations: 341
Iter 34: V_size = 336, Converged = 43, ‖r‖ (largest λ) = 0.055414061157907694
Hybrid Davidson-JD corrections at iteration 35
Total MINRES iterations: 333
Iter 35: V_size = 336, Converged = 43, ‖r‖ (largest λ) = 0.0513370991580858
Hybrid Davidson-JD corrections at iteration 36
Total MINRES iterations: 338
Iter 36: V_size = 336, Converged = 43, ‖r‖ (largest λ) = 0.04856733492523511
Hybrid Davidson-JD corrections at iteration 37
Total MINRES iterations: 353
Iter 37: V_size = 336, Converged = 46, ‖r‖ (largest λ) = 0.04632700700541111
Hybrid Davidson-JD corrections at iteration 38
Total MINRES iterations: 356
Iter 38: V_size = 336, Converged = 46, ‖r‖ (largest λ) = 0.04388713421759926
Hybrid Davidson-JD corrections at iteration 39
Total MINRES iterations: 376
Iter 39: V_size = 336, Converged = 46, ‖r‖ (largest λ) = 0.042421964460044516
Hybrid Davidson-JD corrections at iteration 40
Total MINRES iterations: 389
Iter 40: V_size = 336, Converged = 49, ‖r‖ (largest λ) = 0.040654669538214804
Hybrid Davidson-JD corrections at iteration 41
Total MINRES iterations: 377
Iter 41: V_size = 336, Converged = 50, ‖r‖ (largest λ) = 0.03912516681445216
Hybrid Davidson-JD corrections at iteration 42
Total MINRES iterations: 380
Iter 42: V_size = 336, Converged = 51, ‖r‖ (largest λ) = 0.03776523898782043
Hybrid Davidson-JD corrections at iteration 43
Total MINRES iterations: 375
Iter 43: V_size = 336, Converged = 51, ‖r‖ (largest λ) = 0.036397476852379054
Hybrid Davidson-JD corrections at iteration 44
Total MINRES iterations: 388
Iter 44: V_size = 336, Converged = 51, ‖r‖ (largest λ) = 0.03559318414315338
Hybrid Davidson-JD corrections at iteration 45
Total MINRES iterations: 377
Iter 45: V_size = 336, Converged = 57, ‖r‖ (largest λ) = 0.03442645778650438
Hybrid Davidson-JD corrections at iteration 46
Total MINRES iterations: 350
Iter 46: V_size = 336, Converged = 57, ‖r‖ (largest λ) = 0.03363811929185772
Hybrid Davidson-JD corrections at iteration 47
Total MINRES iterations: 332
Iter 47: V_size = 336, Converged = 57, ‖r‖ (largest λ) = 0.03310960612953399
Hybrid Davidson-JD corrections at iteration 48
Total MINRES iterations: 291
Iter 48: V_size = 336, Converged = 58, ‖r‖ (largest λ) = 0.03265079095628308
Hybrid Davidson-JD corrections at iteration 49
Total MINRES iterations: 286
Iter 49: V_size = 336, Converged = 61, ‖r‖ (largest λ) = 0.03229710543146937
Hybrid Davidson-JD corrections at iteration 50
Total MINRES iterations: 282
Iter 50: V_size = 336, Converged = 61, ‖r‖ (largest λ) = 0.0319187314901596
Hybrid Davidson-JD corrections at iteration 51
Total MINRES iterations: 280
Iter 51: V_size = 336, Converged = 62, ‖r‖ (largest λ) = 0.031369150059705184
Hybrid Davidson-JD corrections at iteration 52
Total MINRES iterations: 270
Iter 52: V_size = 336, Converged = 63, ‖r‖ (largest λ) = 0.031039060313939142
Hybrid Davidson-JD corrections at iteration 53
Total MINRES iterations: 269
Iter 53: V_size = 336, Converged = 64, ‖r‖ (largest λ) = 0.030653157393564157
Hybrid Davidson-JD corrections at iteration 54
Total MINRES iterations: 247
Iter 54: V_size = 336, Converged = 64, ‖r‖ (largest λ) = 0.030498853715804058
Hybrid Davidson-JD corrections at iteration 55
Total MINRES iterations: 242
Iter 55: V_size = 336, Converged = 66, ‖r‖ (largest λ) = 0.030190529117971255
Hybrid Davidson-JD corrections at iteration 56
Total MINRES iterations: 233
Iter 56: V_size = 336, Converged = 66, ‖r‖ (largest λ) = 0.029577513380338018
Hybrid Davidson-JD corrections at iteration 57
Total MINRES iterations: 233
Iter 57: V_size = 336, Converged = 66, ‖r‖ (largest λ) = 0.02917753231885851
Hybrid Davidson-JD corrections at iteration 58
Total MINRES iterations: 222
Iter 58: V_size = 336, Converged = 74, ‖r‖ (largest λ) = 0.029290090309975404
Hybrid Davidson-JD corrections at iteration 59
Total MINRES iterations: 230
Iter 59: V_size = 336, Converged = 75, ‖r‖ (largest λ) = 0.027935894386706666
Hybrid Davidson-JD corrections at iteration 60
Total MINRES iterations: 220
Iter 60: V_size = 336, Converged = 75, ‖r‖ (largest λ) = 0.028024115707795533
Hybrid Davidson-JD corrections at iteration 61
Total MINRES iterations: 221
Iter 61: V_size = 336, Converged = 75, ‖r‖ (largest λ) = 0.027666025367548676
Hybrid Davidson-JD corrections at iteration 62
Total MINRES iterations: 218
Iter 62: V_size = 336, Converged = 76, ‖r‖ (largest λ) = 0.027750323824605024
Hybrid Davidson-JD corrections at iteration 63
Total MINRES iterations: 216
Iter 63: V_size = 336, Converged = 78, ‖r‖ (largest λ) = 0.027255880821810234
Hybrid Davidson-JD corrections at iteration 64
Total MINRES iterations: 216
Iter 64: V_size = 336, Converged = 78, ‖r‖ (largest λ) = 0.02744350554819025
Hybrid Davidson-JD corrections at iteration 65
Total MINRES iterations: 218
Iter 65: V_size = 336, Converged = 78, ‖r‖ (largest λ) = 0.026659362943202324
Hybrid Davidson-JD corrections at iteration 66
Total MINRES iterations: 216
Iter 66: V_size = 336, Converged = 78, ‖r‖ (largest λ) = 0.02713669301529619
Hybrid Davidson-JD corrections at iteration 67
Total MINRES iterations: 215
Iter 67: V_size = 336, Converged = 79, ‖r‖ (largest λ) = 0.026196194090758056
Hybrid Davidson-JD corrections at iteration 68
Total MINRES iterations: 211
Iter 68: V_size = 336, Converged = 79, ‖r‖ (largest λ) = 0.026639242860608797
Hybrid Davidson-JD corrections at iteration 69
Total MINRES iterations: 215
Iter 69: V_size = 336, Converged = 79, ‖r‖ (largest λ) = 0.025737720545230942
Hybrid Davidson-JD corrections at iteration 70
Total MINRES iterations: 220
Iter 70: V_size = 336, Converged = 79, ‖r‖ (largest λ) = 0.02613213962072521
Hybrid Davidson-JD corrections at iteration 71
Total MINRES iterations: 226
Iter 71: V_size = 336, Converged = 80, ‖r‖ (largest λ) = 0.025136876495069477
Hybrid Davidson-JD corrections at iteration 72
Total MINRES iterations: 225
Iter 72: V_size = 336, Converged = 80, ‖r‖ (largest λ) = 0.025435781113205908
Hybrid Davidson-JD corrections at iteration 73
Total MINRES iterations: 225
Iter 73: V_size = 336, Converged = 80, ‖r‖ (largest λ) = 0.024456770077145345
Hybrid Davidson-JD corrections at iteration 74
Total MINRES iterations: 226
Iter 74: V_size = 336, Converged = 80, ‖r‖ (largest λ) = 0.024745376002032197
Hybrid Davidson-JD corrections at iteration 75
Total MINRES iterations: 220
Iter 75: V_size = 336, Converged = 80, ‖r‖ (largest λ) = 0.023750394600738547
Hybrid Davidson-JD corrections at iteration 76
Total MINRES iterations: 227
Iter 76: V_size = 336, Converged = 80, ‖r‖ (largest λ) = 0.02400197598125953
Hybrid Davidson-JD corrections at iteration 77
Total MINRES iterations: 224
Iter 77: V_size = 336, Converged = 80, ‖r‖ (largest λ) = 0.022993684977265224
Hybrid Davidson-JD corrections at iteration 78
Total MINRES iterations: 220
Iter 78: V_size = 336, Converged = 80, ‖r‖ (largest λ) = 0.02321842142105428
Hybrid Davidson-JD corrections at iteration 79
Total MINRES iterations: 230
Iter 79: V_size = 336, Converged = 80, ‖r‖ (largest λ) = 0.02221349757046407
Hybrid Davidson-JD corrections at iteration 80
Total MINRES iterations: 225
Iter 80: V_size = 336, Converged = 80, ‖r‖ (largest λ) = 0.022397496639762312
Hybrid Davidson-JD corrections at iteration 81
Total MINRES iterations: 224
Iter 81: V_size = 336, Converged = 80, ‖r‖ (largest λ) = 0.0214114937299481
Hybrid Davidson-JD corrections at iteration 82
Total MINRES iterations: 220
Iter 82: V_size = 336, Converged = 80, ‖r‖ (largest λ) = 0.021586044196827133
Hybrid Davidson-JD corrections at iteration 83
Total MINRES iterations: 219
Iter 83: V_size = 336, Converged = 80, ‖r‖ (largest λ) = 0.020612969743194362
Hybrid Davidson-JD corrections at iteration 84
Total MINRES iterations: 231
Iter 84: V_size = 336, Converged = 80, ‖r‖ (largest λ) = 0.02073505599086486
Hybrid Davidson-JD corrections at iteration 85
Total MINRES iterations: 222
Iter 85: V_size = 336, Converged = 80, ‖r‖ (largest λ) = 0.019789082190140857
Hybrid Davidson-JD corrections at iteration 86
Total MINRES iterations: 220
Iter 86: V_size = 336, Converged = 80, ‖r‖ (largest λ) = 0.01986023944384117
Hybrid Davidson-JD corrections at iteration 87
Total MINRES iterations: 227
Iter 87: V_size = 336, Converged = 80, ‖r‖ (largest λ) = 0.018923154482960447
Hybrid Davidson-JD corrections at iteration 88
Total MINRES iterations: 223
Iter 88: V_size = 336, Converged = 80, ‖r‖ (largest λ) = 0.018948135622270632
Hybrid Davidson-JD corrections at iteration 89
Total MINRES iterations: 223
Iter 89: V_size = 336, Converged = 80, ‖r‖ (largest λ) = 0.018050075676656778
Hybrid Davidson-JD corrections at iteration 90
Total MINRES iterations: 231
Iter 90: V_size = 336, Converged = 81, ‖r‖ (largest λ) = 0.018058009611057302
Hybrid Davidson-JD corrections at iteration 91
Total MINRES iterations: 205
Iter 91: V_size = 336, Converged = 81, ‖r‖ (largest λ) = 0.016305095640670838
Hybrid Davidson-JD corrections at iteration 92
Total MINRES iterations: 210
Iter 92: V_size = 336, Converged = 81, ‖r‖ (largest λ) = 0.016177085432734425
Hybrid Davidson-JD corrections at iteration 93
Total MINRES iterations: 222
Iter 93: V_size = 336, Converged = 81, ‖r‖ (largest λ) = 0.015250808944096288
Hybrid Davidson-JD corrections at iteration 94
Total MINRES iterations: 210
Iter 94: V_size = 336, Converged = 84, ‖r‖ (largest λ) = 0.01488661988758411
Hybrid Davidson-JD corrections at iteration 95
Total MINRES iterations: 204
Iter 95: V_size = 336, Converged = 84, ‖r‖ (largest λ) = 0.013684735808524206
Hybrid Davidson-JD corrections at iteration 96
Total MINRES iterations: 207
Iter 96: V_size = 336, Converged = 84, ‖r‖ (largest λ) = 0.013478383551489864
Hybrid Davidson-JD corrections at iteration 97
Total MINRES iterations: 214
Iter 97: V_size = 336, Converged = 87, ‖r‖ (largest λ) = 0.012613485656925548
Hybrid Davidson-JD corrections at iteration 98
Total MINRES iterations: 220
Iter 98: V_size = 336, Converged = 87, ‖r‖ (largest λ) = 0.01234883499003463
Hybrid Davidson-JD corrections at iteration 99
Total MINRES iterations: 215
Iter 99: V_size = 336, Converged = 87, ‖r‖ (largest λ) = 0.011518502846299964
Hybrid Davidson-JD corrections at iteration 100
Total MINRES iterations: 223
Iter 100: V_size = 336, Converged = 96, ‖r‖ (largest λ) = 0.011258487045537178
Max iterations (100) reached without convergence. Skipping this case.
48084.748204 seconds (125.81 M allocations: 9.801 TiB, 0.30% gc time, 0.00% compilation time)
Number of FLOPs: 240701771420612

Reading exact Eigenvalues...
Reading eigenvalues from ../../Eigenvalues_folder/eigenres_uracil_RNDbasis1.jld2

Compute the difference between computed and exact eigenvalues:
1×96 adjoint(::Vector{Float64}) with eltype Float64:
 -1.77636e-14  -3.55271e-15  1.06581e-14  0.0  1.06581e-14  -3.55271e-15  0.0  3.55271e-15  3.55271e-15  -1.42109e-14  -3.55271e-15  -1.06581e-14  0.0  -1.77636e-15  1.77636e-15  1.77636e-15  0.0  -3.55271e-15  -1.77636e-15  0.0  -3.55271e-15  5.32907e-15  3.55271e-15  1.77636e-15  3.55271e-15  -6.22824e-8  -1.03768e-7  -2.7813e-7  -4.7881e-8  -7.05579e-8  -1.14347e-7  -1.15042e-7  -1.39273e-7  -2.83096e-7  -2.35305e-7  -3.01376e-7  -1.73662e-7  -2.66429e-7  -2.10396e-7  -4.77681e-7  -4.49525e-7  -4.40189e-7  -4.23205e-7  -5.28116e-7  -4.22502e-7  -6.23817e-7  -6.21956e-7  -5.76808e-7  -6.78751e-7  8.24603e-11  5.60876e-11  4.98792e-11  1.09126e-10  1.71767e-10  -6.02571e-7  2.45575e-10  9.07567e-11  -4.78435e-7  -0.408279  -3.07693  -2.97319  -2.85585  -2.85262  -2.77543  -2.73344  -2.66405  -2.61407  -2.60914  -2.56609  -2.545  -2.38374  -2.34641  -2.27473  -2.26126  -2.20485  -2.1924  -2.16809  -2.12143  -2.10131  -2.07513  -1.99513  -1.98619  -1.99671  -1.95284  -1.96599  -1.94918  -1.94415  -1.93269  -1.89816  -1.92341  -1.90968  -1.91654  -1.91513  -1.88737  -1.87297  -1.87779
96 Eigenvalues converges, out of 210 requested.
Running with l = 1050
Starting Davidson with n_aux = 1680, l_buffer = 1575, lc = 1060, thresh = 0.002, max_iter = 100
Iter 1: V_size = 210, Converged = 0, ‖r‖ (largest λ) = 0.1516315241105587
Iter 2: V_size = 420, Converged = 0, ‖r‖ (largest λ) = 0.03270368987561489
Iter 3: V_size = 840, Converged = 0, ‖r‖ (largest λ) = 0.009779089027487775
Iter 4: V_size = 1680, Converged = 0, ‖r‖ (largest λ) = 0.0025810782883984172
Iter 5: V_size = 1680, Converged = 1, ‖r‖ (largest λ) = 0.002343135629871159
Iter 6: V_size = 1680, Converged = 2, ‖r‖ (largest λ) = 0.0026120572553905625
Iter 7: V_size = 1680, Converged = 2, ‖r‖ (largest λ) = 0.0028977102705952723
Iter 8: V_size = 1680, Converged = 2, ‖r‖ (largest λ) = 0.0031880409819505227
Iter 9: V_size = 1680, Converged = 198, ‖r‖ (largest λ) = 0.0034220707632463114
Hybrid Davidson-JD corrections at iteration 10
Total MINRES iterations: 7925
Iter 10: V_size = 1680, Converged = 198, ‖r‖ (largest λ) = 0.004308987330087206
Hybrid Davidson-JD corrections at iteration 11
Total MINRES iterations: 6906
Iter 11: V_size = 1680, Converged = 198, ‖r‖ (largest λ) = 0.005382164008418651
Hybrid Davidson-JD corrections at iteration 12
Total MINRES iterations: 6774
Iter 12: V_size = 1680, Converged = 364, ‖r‖ (largest λ) = 0.006737067592992637
Hybrid Davidson-JD corrections at iteration 13
Total MINRES iterations: 75
Iter 13: V_size = 1680, Converged = 364, ‖r‖ (largest λ) = 0.00762690985289694
Hybrid Davidson-JD corrections at iteration 14
Total MINRES iterations: 25
Iter 14: V_size = 1680, Converged = 364, ‖r‖ (largest λ) = 0.006808271426669389
Hybrid Davidson-JD corrections at iteration 15
Total MINRES iterations: 1810
Iter 15: V_size = 1680, Converged = 516, ‖r‖ (largest λ) = 0.006299609840520132
Hybrid Davidson-JD corrections at iteration 16
Total MINRES iterations: 1249
Iter 16: V_size = 1680, Converged = 516, ‖r‖ (largest λ) = 0.005468879965725402
Hybrid Davidson-JD corrections at iteration 17
Total MINRES iterations: 0
Iter 17: V_size = 1680, Converged = 516, ‖r‖ (largest λ) = 0.004839074006327244
Hybrid Davidson-JD corrections at iteration 18
Total MINRES iterations: 0
Iter 18: V_size = 1680, Converged = 597, ‖r‖ (largest λ) = 0.004643379628365376
Hybrid Davidson-JD corrections at iteration 19
Total MINRES iterations: 1261
Iter 19: V_size = 1680, Converged = 597, ‖r‖ (largest λ) = 0.004434513342271175
Hybrid Davidson-JD corrections at iteration 20
Total MINRES iterations: 0
Iter 20: V_size = 1680, Converged = 597, ‖r‖ (largest λ) = 0.0037086310030993276
Hybrid Davidson-JD corrections at iteration 21
Total MINRES iterations: 365
Iter 21: V_size = 1610, Converged = 770, ‖r‖ (largest λ) = 0.0036028258284355654
Hybrid Davidson-JD corrections at iteration 22
Total MINRES iterations: 468
Iter 22: V_size = 1610, Converged = 770, ‖r‖ (largest λ) = 0.0023367771028985356
Hybrid Davidson-JD corrections at iteration 23
Total MINRES iterations: 1619
Iter 23: V_size = 1610, Converged = 770, ‖r‖ (largest λ) = 0.0018539943674389069
Hybrid Davidson-JD corrections at iteration 24
Total MINRES iterations: 482
Iter 24: V_size = 1168, Converged = 991, ‖r‖ (largest λ) = 0.0015236816711396745
Hybrid Davidson-JD corrections at iteration 25
Total MINRES iterations: 16
Iter 25: V_size = 1168, Converged = 991, ‖r‖ (largest λ) = 0.001400548822367997
Hybrid Davidson-JD corrections at iteration 26
Total MINRES iterations: 138
Iter 26: V_size = 1168, Converged = 991, ‖r‖ (largest λ) = 0.001244106073068767
Hybrid Davidson-JD corrections at iteration 27
Total MINRES iterations: 4
Iter 27: V_size = 1034, Converged = 1058, ‖r‖ (largest λ) = 0.001180727498895844
Hybrid Davidson-JD corrections at iteration 28
Total MINRES iterations: 0
Iter 28: V_size = 1551, Converged = 1058, ‖r‖ (largest λ) = 0.0010526023463915456
Hybrid Davidson-JD corrections at iteration 29
Total MINRES iterations: 4
Iter 29: V_size = 1034, Converged = 1058, ‖r‖ (largest λ) = 0.0016759954034557068
Hybrid Davidson-JD corrections at iteration 30
Total MINRES iterations: 4
Iter 30: V_size = 1551, Converged = 1058, ‖r‖ (largest λ) = 0.0007520817611848949
Hybrid Davidson-JD corrections at iteration 31
Total MINRES iterations: 4
Iter 31: V_size = 1034, Converged = 1058, ‖r‖ (largest λ) = 0.0006339921218591788
Hybrid Davidson-JD corrections at iteration 32
Total MINRES iterations: 4
Iter 32: V_size = 1551, Converged = 1058, ‖r‖ (largest λ) = 0.0005721267249951083
Hybrid Davidson-JD corrections at iteration 33
Total MINRES iterations: 4
Iter 33: V_size = 1034, Converged = 1058, ‖r‖ (largest λ) = 0.0006241446365210033
Hybrid Davidson-JD corrections at iteration 34
Total MINRES iterations: 4
Iter 34: V_size = 1551, Converged = 1058, ‖r‖ (largest λ) = 0.0005485364002479323
Hybrid Davidson-JD corrections at iteration 35
Total MINRES iterations: 4
Iter 35: V_size = 1034, Converged = 1058, ‖r‖ (largest λ) = 0.0005604135110107667
Hybrid Davidson-JD corrections at iteration 36
Total MINRES iterations: 4
Iter 36: V_size = 1551, Converged = 1058, ‖r‖ (largest λ) = 0.0005395861005167044
Hybrid Davidson-JD corrections at iteration 37
Total MINRES iterations: 4
Iter 37: V_size = 1034, Converged = 1058, ‖r‖ (largest λ) = 0.0005723712794744165
Hybrid Davidson-JD corrections at iteration 38
Total MINRES iterations: 4
Iter 38: V_size = 1551, Converged = 1058, ‖r‖ (largest λ) = 0.0005352963402452143
Hybrid Davidson-JD corrections at iteration 39
Total MINRES iterations: 4
Iter 39: V_size = 1034, Converged = 1058, ‖r‖ (largest λ) = 0.000547794473754989
Hybrid Davidson-JD corrections at iteration 40
Total MINRES iterations: 4
Iter 40: V_size = 1551, Converged = 1058, ‖r‖ (largest λ) = 0.0005320027022834934
Hybrid Davidson-JD corrections at iteration 41
Total MINRES iterations: 4
Iter 41: V_size = 1034, Converged = 1058, ‖r‖ (largest λ) = 0.0005523502151989134
Hybrid Davidson-JD corrections at iteration 42
Total MINRES iterations: 4
Iter 42: V_size = 1551, Converged = 1058, ‖r‖ (largest λ) = 0.0005291678832989764
Hybrid Davidson-JD corrections at iteration 43
Total MINRES iterations: 4
Iter 43: V_size = 1034, Converged = 1058, ‖r‖ (largest λ) = 0.0005375176458605967
Hybrid Davidson-JD corrections at iteration 44
Total MINRES iterations: 4
Iter 44: V_size = 1551, Converged = 1058, ‖r‖ (largest λ) = 0.0005264163654991141
Hybrid Davidson-JD corrections at iteration 45
Total MINRES iterations: 4
Iter 45: V_size = 1034, Converged = 1058, ‖r‖ (largest λ) = 0.0005411806885026652
Hybrid Davidson-JD corrections at iteration 46
Total MINRES iterations: 4
Iter 46: V_size = 1551, Converged = 1058, ‖r‖ (largest λ) = 0.0005242410564010598
Hybrid Davidson-JD corrections at iteration 47
Total MINRES iterations: 4
Iter 47: V_size = 1034, Converged = 1058, ‖r‖ (largest λ) = 0.0005308740394016758
Hybrid Davidson-JD corrections at iteration 48
Total MINRES iterations: 4
Iter 48: V_size = 1551, Converged = 1058, ‖r‖ (largest λ) = 0.0005224023119811606
Hybrid Davidson-JD corrections at iteration 49
Total MINRES iterations: 4
Iter 49: V_size = 1034, Converged = 1058, ‖r‖ (largest λ) = 0.0005323577584791667
Hybrid Davidson-JD corrections at iteration 50
Total MINRES iterations: 4
Iter 50: V_size = 1551, Converged = 1058, ‖r‖ (largest λ) = 0.0005206969925664805
Hybrid Davidson-JD corrections at iteration 51
Total MINRES iterations: 4
Iter 51: V_size = 1034, Converged = 1058, ‖r‖ (largest λ) = 0.0005255640774965137
Hybrid Davidson-JD corrections at iteration 52
Total MINRES iterations: 4
Iter 52: V_size = 1551, Converged = 1058, ‖r‖ (largest λ) = 0.0005189098788766319
Hybrid Davidson-JD corrections at iteration 53
Total MINRES iterations: 4
Iter 53: V_size = 1034, Converged = 1058, ‖r‖ (largest λ) = 0.0005263325797007692
Hybrid Davidson-JD corrections at iteration 54
Total MINRES iterations: 4
Iter 54: V_size = 1551, Converged = 1058, ‖r‖ (largest λ) = 0.0005176945956889789
Hybrid Davidson-JD corrections at iteration 55
Total MINRES iterations: 4
Iter 55: V_size = 1034, Converged = 1058, ‖r‖ (largest λ) = 0.0005214722109295136
Hybrid Davidson-JD corrections at iteration 56
Total MINRES iterations: 4
Iter 56: V_size = 1551, Converged = 1058, ‖r‖ (largest λ) = 0.0005166021667421832
Hybrid Davidson-JD corrections at iteration 57
Total MINRES iterations: 4
Iter 57: V_size = 1034, Converged = 1058, ‖r‖ (largest λ) = 0.0005225341977274216
Hybrid Davidson-JD corrections at iteration 58
Total MINRES iterations: 4
Iter 58: V_size = 1551, Converged = 1058, ‖r‖ (largest λ) = 0.0005153552701021229
Hybrid Davidson-JD corrections at iteration 59
Total MINRES iterations: 4
Iter 59: V_size = 1034, Converged = 1058, ‖r‖ (largest λ) = 0.0005179420036650405
Hybrid Davidson-JD corrections at iteration 60
Total MINRES iterations: 4
Iter 60: V_size = 1551, Converged = 1058, ‖r‖ (largest λ) = 0.0005144032523257309
Hybrid Davidson-JD corrections at iteration 61
Total MINRES iterations: 4
Iter 61: V_size = 1034, Converged = 1058, ‖r‖ (largest λ) = 0.0005187869703203057
Hybrid Davidson-JD corrections at iteration 62
Total MINRES iterations: 4
Iter 62: V_size = 1551, Converged = 1058, ‖r‖ (largest λ) = 0.0005135727114213392
Hybrid Davidson-JD corrections at iteration 63
Total MINRES iterations: 4
Iter 63: V_size = 1034, Converged = 1058, ‖r‖ (largest λ) = 0.0005155855425890939
Hybrid Davidson-JD corrections at iteration 64
Total MINRES iterations: 4
Iter 64: V_size = 1551, Converged = 1058, ‖r‖ (largest λ) = 0.0005128082878283484
Hybrid Davidson-JD corrections at iteration 65
Total MINRES iterations: 4
Iter 65: V_size = 1034, Converged = 1058, ‖r‖ (largest λ) = 0.0005162251788791337
Hybrid Davidson-JD corrections at iteration 66
Total MINRES iterations: 4
Iter 66: V_size = 1551, Converged = 1058, ‖r‖ (largest λ) = 0.0005122841688900998
Hybrid Davidson-JD corrections at iteration 67
Total MINRES iterations: 4
Iter 67: V_size = 1034, Converged = 1058, ‖r‖ (largest λ) = 0.00051380471720052
Hybrid Davidson-JD corrections at iteration 68
Total MINRES iterations: 4
Iter 68: V_size = 1551, Converged = 1058, ‖r‖ (largest λ) = 0.0005115929802375201
Hybrid Davidson-JD corrections at iteration 69
Total MINRES iterations: 4
Iter 69: V_size = 1034, Converged = 1058, ‖r‖ (largest λ) = 0.0005140140631450381
Hybrid Davidson-JD corrections at iteration 70
Total MINRES iterations: 4
Iter 70: V_size = 1551, Converged = 1058, ‖r‖ (largest λ) = 0.0005111082424015936
Hybrid Davidson-JD corrections at iteration 71
Total MINRES iterations: 4
Iter 71: V_size = 1034, Converged = 1058, ‖r‖ (largest λ) = 0.0005124071855380447
Hybrid Davidson-JD corrections at iteration 72
Total MINRES iterations: 4
Iter 72: V_size = 1551, Converged = 1058, ‖r‖ (largest λ) = 0.0005105652486779687
Hybrid Davidson-JD corrections at iteration 73
Total MINRES iterations: 4
Iter 73: V_size = 1034, Converged = 1058, ‖r‖ (largest λ) = 0.0005120839234810947
Hybrid Davidson-JD corrections at iteration 74
Total MINRES iterations: 4
Iter 74: V_size = 1551, Converged = 1058, ‖r‖ (largest λ) = 0.0005100864204452837
Hybrid Davidson-JD corrections at iteration 75
Total MINRES iterations: 4
Iter 75: V_size = 1034, Converged = 1058, ‖r‖ (largest λ) = 0.0005111117134443225
Hybrid Davidson-JD corrections at iteration 76
Total MINRES iterations: 4
Iter 76: V_size = 1551, Converged = 1058, ‖r‖ (largest λ) = 0.0005095970136702796
Hybrid Davidson-JD corrections at iteration 77
Total MINRES iterations: 4
Iter 77: V_size = 1034, Converged = 1058, ‖r‖ (largest λ) = 0.0005108573913091599
Hybrid Davidson-JD corrections at iteration 78
Total MINRES iterations: 4
Iter 78: V_size = 1551, Converged = 1058, ‖r‖ (largest λ) = 0.0005092982493696091
Hybrid Davidson-JD corrections at iteration 79
Total MINRES iterations: 4
Iter 79: V_size = 1034, Converged = 1058, ‖r‖ (largest λ) = 0.0005100621545456135
Hybrid Davidson-JD corrections at iteration 80
Total MINRES iterations: 4
Iter 80: V_size = 1551, Converged = 1058, ‖r‖ (largest λ) = 0.0005089445901455194
Hybrid Davidson-JD corrections at iteration 81
Total MINRES iterations: 4
Iter 81: V_size = 1034, Converged = 1058, ‖r‖ (largest λ) = 0.0005099434336193113
Hybrid Davidson-JD corrections at iteration 82
Total MINRES iterations: 4
Iter 82: V_size = 1551, Converged = 1058, ‖r‖ (largest λ) = 0.0005086430472016729
Hybrid Davidson-JD corrections at iteration 83
Total MINRES iterations: 4
Iter 83: V_size = 1034, Converged = 1058, ‖r‖ (largest λ) = 0.0005092974561219515
Hybrid Davidson-JD corrections at iteration 84
Total MINRES iterations: 4
Iter 84: V_size = 1551, Converged = 1058, ‖r‖ (largest λ) = 0.0005083533249246859
Hybrid Davidson-JD corrections at iteration 85
Total MINRES iterations: 4
Iter 85: V_size = 1034, Converged = 1058, ‖r‖ (largest λ) = 0.00050924844529552
Hybrid Davidson-JD corrections at iteration 86
Total MINRES iterations: 4
Iter 86: V_size = 1551, Converged = 1058, ‖r‖ (largest λ) = 0.0005081584316784994
Hybrid Davidson-JD corrections at iteration 87
Total MINRES iterations: 4
Iter 87: V_size = 1034, Converged = 1058, ‖r‖ (largest λ) = 0.000508649423712171
Hybrid Davidson-JD corrections at iteration 88
Total MINRES iterations: 4
Iter 88: V_size = 1551, Converged = 1058, ‖r‖ (largest λ) = 0.0005079579332890818
Hybrid Davidson-JD corrections at iteration 89
Total MINRES iterations: 4
Iter 89: V_size = 1034, Converged = 1058, ‖r‖ (largest λ) = 0.0005085930118585198
Hybrid Davidson-JD corrections at iteration 90
Total MINRES iterations: 4
Iter 90: V_size = 1551, Converged = 1058, ‖r‖ (largest λ) = 0.0005077883685808838
Hybrid Davidson-JD corrections at iteration 91
Total MINRES iterations: 4
Iter 91: V_size = 1034, Converged = 1058, ‖r‖ (largest λ) = 0.0005081290566088814
Hybrid Davidson-JD corrections at iteration 92
Total MINRES iterations: 4
Iter 92: V_size = 1551, Converged = 1058, ‖r‖ (largest λ) = 0.0005075286936155349
Hybrid Davidson-JD corrections at iteration 93
Total MINRES iterations: 4
Iter 93: V_size = 1034, Converged = 1058, ‖r‖ (largest λ) = 0.0005080028682043962
Hybrid Davidson-JD corrections at iteration 94
Total MINRES iterations: 4
Iter 94: V_size = 1551, Converged = 1058, ‖r‖ (largest λ) = 0.000507457107335848
Hybrid Davidson-JD corrections at iteration 95
Total MINRES iterations: 4
Iter 95: V_size = 1034, Converged = 1058, ‖r‖ (largest λ) = 0.0005078678963517053
Hybrid Davidson-JD corrections at iteration 96
Total MINRES iterations: 4
Iter 96: V_size = 1551, Converged = 1058, ‖r‖ (largest λ) = 0.0005073345943683782
Hybrid Davidson-JD corrections at iteration 97
Total MINRES iterations: 4
Iter 97: V_size = 1034, Converged = 1058, ‖r‖ (largest λ) = 0.0005077655510187648
Hybrid Davidson-JD corrections at iteration 98
Total MINRES iterations: 4
Iter 98: V_size = 1551, Converged = 1058, ‖r‖ (largest λ) = 0.0005072391372724964
Hybrid Davidson-JD corrections at iteration 99
Total MINRES iterations: 4
Iter 99: V_size = 1034, Converged = 1058, ‖r‖ (largest λ) = 0.0005076027585090697
Hybrid Davidson-JD corrections at iteration 100
Total MINRES iterations: 4
Iter 100: V_size = 1551, Converged = 1058, ‖r‖ (largest λ) = 0.0005071424927027826
Max iterations (100) reached without convergence. Skipping this case.
114333.195333 seconds (2.47 G allocations: 194.648 TiB, 1.43% gc time)
Number of FLOPs: 600456325825892

Reading exact Eigenvalues...
Reading eigenvalues from ../../Eigenvalues_folder/eigenres_uracil_RNDbasis1.jld2

Compute the difference between computed and exact eigenvalues:
1×1050 adjoint(::Vector{Float64})slurmstepd-andoria01: error: *** JOB 25209 ON andoria01 CANCELLED AT 2025-09-27T07:18:36 DUE TO TIME LIMIT ***

[64381] signal 15: Terminated
in expression starting at /home/fmereto/MA_best/Davidson_jacobi/adaptive_JD_dav/hybrid_mix.jl:426
ddot_k_ZEN at /home/fmereto/julia/bin/../lib/julia/libopenblas64_.so (unknown line)
unknown function (ip: (nil))
unknown function (ip: (nil))
Allocations: 2560803650 (Pool: 2560803044; Big: 606); GC: 487406
 with eltype Float64:
 -7.10543e-15  -3.55271e-15  1.42109e-14  3.55271e-15  7.10543e-15  -3.55271e-15  -3.55271e-15  1.06581e-14  3.55271e-15  -1.06581e-14  -3.55271e-15  0.0  -3.55271e-15  5.32907e-15  -5.32907e-15  1.06581e-14  1.77636e-15  -3.55271e-15  -3.55271e-15  -5.32907e-15  -2.4869e-14  -1.77636e-15  -1.77636e-15  1.06581e-14  1.24345e-14  -8.88178e-15  -7.10543e-15  0.0  3.55271e-15  -1.77636e-15  0.0  -1.77636e-15  -1.77636e-15  5.32907e-15  3.55271e-15  -3.55271e-15  -5.32907e-15  5.32907e-15  1.06581e-14  -1.77636e-15  2.66454e-15  -5.32907e-15  2.66454e-15  1.77636e-15  -2.66454e-15  -8.88178e-16  -3.55271e-15  8.88178e-16  -5.32907e-15  -4.44089e-15  3.55271e-15  5.32907e-15  -4.44089e-15  7.99361e-15  4.44089e-15  -4.44089e-15  3.55271e-15  -1.77636e-15  3.55271e-15  2.66454e-15  2.66454e-15  5.32907e-15  2.66454e-15  8.88178e-16  2.66454e-15  4.44089e-15  -6.21725e-15  2.66454e-15  1.77636e-15  8.88178e-16  -2.66454e-15  4.44089e-15  4.44089e-15  -1.77636e-15  7.99361e-15  2.66454e-15  5.32907e-15  0.0  8.88178e-16  1.77636e-15  8.88178e-15  1.15463e-14  7.99361e-15  6.21725e-15  6.21725e-15  -8.88178e-16  8.88178e-16  4.44089e-15  -1.77636e-15  8.88178e-16  8.88178e-16  -5.32907e-15  7.10543e-15  1.77636e-15  -2.22045e-15  5.32907e-15  -6.66134e-15  6.21725e-15  7.10543e-15  8.43769e-15  1.24345e-14  1.02141e-14  -8.43769e-15  -6.21725e-15  7.99361e-15  1.06581e-14  2.66454e-15  -1.28786e-14  7.10543e-15  -4.44083e-10  -7.0983e-10  -7.67092e-10  -1.11818e-9  -8.27625e-10  -7.53406e-10  -8.52757e-10  -1.02056e-9  -2.21643e-9  -1.19423e-9  -1.41457e-9  -1.86238e-9  -2.53727e-9  -2.63203e-9  -1.21745e-9  -2.08124e-9  -1.84582e-9  -3.29162e-9  -1.46433e-9  -5.95106e-9  -3.01921e-9  -4.27006e-9  -5.54701e-9  -3.32803e-9  -4.80977e-9  -6.76873e-9  -8.46027e-9  -1.24146e-8  -5.58086e-9  -1.42725e-8  -1.56743e-8  -7.30424e-9  -4.1704e-9  -1.80645e-8  -1.71087e-8  -4.16779e-8  -4.52001e-8  -4.32484e-8  -3.95453e-8  -3.24336e-8  -4.44689e-8  -5.03332e-8  -5.06315e-8  -9.84453e-8  -6.082e-8  -1.27801e-7  -6.99651e-8  -1.82375e-7  -1.61323e-7  -3.01357e-7  -1.73009e-7  -2.04537e-7  -2.77863e-7  -3.22266e-7  -2.21692e-7  -2.00041e-7  -2.36868e-7  -3.55109e-7  -5.1453e-7  -5.63305e-7  -6.08048e-7  -5.7761e-7  -2.95914e-7  -6.78062e-7  -1.09654e-6  -8.61063e-7  -6.93439e-7  -5.75905e-7  -5.16996e-7  -6.64232e-7  -1.22233e-6  -9.96754e-7  -1.02992e-6  -9.56103e-7  -1.02572e-6  -9.49353e-7  -1.09703e-6  -1.60561e-6  -1.57792e-6  -1.41465e-6  -1.26645e-6  -1.70698e-6  -8.78017e-7  -1.57632e-6  -1.37542e-6  -1.34636e-6  3.04889e-11  -1.77498e-6  3.32898e-10  3.15303e-12  1.25215e-11  -2.14611e-11  -1.72629e-6  -1.8356e-6  2.95994e-11  2.90248e-11  1.76521e-11  4.25038e-11  2.72089e-11  2.84697e-11  1.44453e-11  3.05316e-11  1.51452e-11  4.20521e-11  2.11529e-11  4.80864e-11  2.96536e-11  3.30269e-11  3.95728e-11  5.24718e-11  2.54969e-11  3.32756e-11  6.88896e-11  3.34914e-11  4.56661e-11  5.24429e-11  4.18108e-11  4.39957e-11  3.18512e-11  5.00029e-11  5.28604e-11  4.1483e-11  3.40457e-11  9.33453e-11  5.55174e-11  3.47222e-11  9.57667e-11  8.39935e-11  5.98395e-11  3.90041e-11  1.14202e-10  2.51299e-11  4.76348e-11  5.95015e-11  8.4216e-11  6.18678e-11  1.19622e-10  1.18011e-10  1.468e-10  5.60632e-11  1.46496e-10  1.06605e-10  1.15242e-10  8.93496e-11  1.07617e-10  9.0026e-11  1.70427e-10  1.21853e-10  1.76781e-10  1.1245e-10  1.59939e-10  1.36819e-10  9.86726e-11  2.15343e-10  2.70341e-10  2.021e-10  1.07038e-10  2.19222e-10  1.64835e-10  1.6368e-10  1.28715e-10  2.85569e-10  1.08739e-10  2.04058e-10  1.08918e-10  1.54696e-10  3.33827e-10  4.63908e-10  4.28631e-10  2.54835e-10  6.14606e-10  1.61189e-10  2.34806e-10  2.80107e-10  2.88172e-10  3.35608e-10  6.86527e-10  4.0652e-10  1.91348e-10  2.48828e-10  3.13112e-10  4.87678e-10  3.24883e-10  8.98166e-10  3.81924e-10  6.80471e-10  3.95626e-10  7.26303e-10  6.9625e-10  5.31558e-10  3.96596e-10  4.06882e-10  4.14519e-10  2.39002e-10  1.70554e-10  3.78754e-10  1.87315e-10  2.77456e-11  -7.17035e-11  2.08229e-10  -4.81607e-10  1.20522e-10  -3.03303e-10  6.65387e-10  7.25952e-10  -5.29028e-11  3.47124e-10  6.87512e-11  -2.42468e-10  -3.40514e-11  -6.63944e-11  1.70772e-10  -3.93703e-10  -1.02194e-9  -9.71307e-10  -2.69622e-10  -1.5546e-9  -9.82908e-10  -1.49674e-9  -5.80668e-10  -2.88421e-9  -1.72677e-9  -2.63177e-9  -4.13727e-9  -1.45026e-9  -4.73311e-9  -2.74476e-9  -5.77634e-9  -4.20804e-9  -6.92323e-9  -3.12226e-9  -2.76808e-9  -9.76764e-9  -9.76585e-9  -5.92135e-9  -5.39243e-9  -1.1313e-8  -9.3378e-9  -1.10674e-8  -1.55602e-8  -1.88807e-8  -1.9413e-8  -3.83457e-8  -8.04068e-8  3.64083e-10  -1.76011e-7  -4.67513e-8  -4.7127e-8  -1.37169e-7  -9.39547e-9  -6.36783e-8  -7.87396e-8  -5.53304e-9  -2.10526e-7  -1.3128e-7  -3.42414e-7  -7.79374e-9  -3.15807e-7  -1.69037e-8  -3.1786e-8  -1.62575e-8  -2.68591e-8  -2.39874e-8  -4.04786e-7  -3.27454e-8  -3.38096e-8  -1.91392e-8  -2.02062e-8  -2.41621e-8  -6.55993e-8  -4.85874e-8  -5.95289e-8  -6.3999e-8  -8.47496e-8  -3.49226e-8  -8.99029e-8  -8.74716e-8  -7.13487e-8  -5.36322e-8  -6.77996e-8  -5.48636e-8  -1.17926e-7  -6.876e-8  -6.9551e-8  -9.72969e-8  -1.25401e-7  -1.10958e-7  -1.41677e-7  -1.2286e-7  -1.25786e-7  -1.49149e-7  -1.49462e-7  -2.38592e-7  -1.64107e-7  -1.53765e-7  -1.87638e-7  -2.04579e-7  -1.72632e-7  -1.98415e-7  -2.05577e-7  -1.25765e-7  -2.18527e-7  -2.51815e-7  -2.38617e-7  -1.95316e-7  -2.95647e-7  -3.07912e-7  -2.34802e-7  -2.94984e-7  -4.27431e-7  -2.61889e-7  -2.60685e-7  -3.91499e-7  -3.11814e-7  -2.52173e-7  -4.08102e-7  -3.06287e-7  -5.34836e-7  -3.85737e-7  -3.12401e-7  -4.04405e-7  -3.85279e-7  -4.41532e-7  -6.28899e-7  -4.24455e-7  -5.61695e-7  -4.58874e-7  -5.23442e-7  -6.05751e-7  -5.31823e-7  -6.93178e-7  -6.92084e-7  -5.39717e-7  -7.68475e-7  -6.04508e-7  -9.11932e-7  -4.57039e-7  -6.7762e-7  -1.01961e-6  -6.11882e-7  -7.2207e-7  -8.33866e-7  -7.09312e-7  -8.22735e-7  -7.29619e-7  -9.87905e-7  -6.14722e-7  -1.17565e-6  -9.78421e-7  -1.09866e-6  -8.76094e-7  -8.09068e-7  -1.36801e-6  -1.11914e-6  -9.2006e-7  -1.22577e-6  -1.57034e-6  -1.0137e-6  -1.32248e-6  -1.10028e-6  -1.16552e-6  -1.32623e-6  -1.79788e-6  -1.88441e-6  -1.55408e-6  -1.42912e-6  -1.4183e-6  -1.65715e-6  -1.864e-6  -2.14114e-6  -1.42668e-6  -1.29012e-6  -1.45632e-6  -2.49736e-6  -1.81126e-6  -2.42292e-6  -2.45545e-6  -2.37822e-6  -3.11959e-6  -2.68398e-6  -1.91956e-6  -1.77359e-6  -1.84007e-6  -2.61763e-6  -2.54609e-6  -3.0102e-6  -2.56751e-6  -2.67142e-6  -1.27322e-6  -2.95051e-6  -1.33526e-6  -1.26959e-6  -1.53075e-6  -2.47072e-6  -3.22717e-6  -2.7928e-6  -2.64938e-6  -1.77119e-6  -1.55117e-6  -3.08858e-6  -1.6613e-6  -1.52822e-6  -2.83192e-6  -1.46531e-6  -1.44937e-6  -3.26499e-6  -1.65889e-6  -3.17064e-6  -1.70802e-6  -3.24526e-6  -3.78593e-6  -3.39852e-6  -1.65967e-6  -1.36054e-6  -1.49556e-6  -5.31169e-6  -1.45722e-6  -1.75247e-6  -2.4262e-6  -2.17008e-6  -2.50253e-6  -2.08188e-6  -2.54878e-6  -2.9709e-6  -4.89489e-6  -4.26184e-6  -2.58988e-6  -2.87623e-6  -2.52537e-6  -2.31166e-6  -2.96664e-6  -2.20868e-6  -2.26859e-6  -2.56022e-6  -5.34794e-6  -5.35977e-6  -2.49662e-6  -5.08031e-6  -2.58712e-6  -2.80662e-6  -2.20201e-6  -2.44834e-6  -2.29065e-6  -2.83666e-6  -3.34413e-6  -2.23101e-6  -3.29409e-6  -2.74247e-6  -2.63824e-6  -5.67336e-6  -2.93401e-6  -3.03381e-6  -2.93237e-6  -3.11909e-6  -3.88279e-6  -3.62328e-6  -3.92419e-6  -3.69624e-6  -3.39606e-6  -4.45431e-6  -4.30449e-6  -3.87055e-6  -3.73861e-6  -4.58091e-6  -4.88315e-6  -2.27124e-6  -4.04795e-6  -4.13842e-6  -4.45748e-6  -4.21802e-6  -5.28108e-6  -5.33295e-6  -4.05039e-6  -3.96365e-6  -4.29702e-6  -3.82323e-6  -2.14992e-6  -4.04832e-6  -4.36429e-6  -5.43238e-6  -5.47415e-6  -4.84871e-6  -4.40932e-6  -4.4059e-6  -2.18749e-6  -5.30352e-6  -2.39301e-6  -2.13825e-6  -2.35402e-6  -2.49861e-6  -5.09334e-6  -5.81918e-6  -2.34807e-6  -2.27629e-6  -5.72793e-6  -5.5308e-6  -5.66947e-6  -2.68993e-6  -2.55923e-6  -2.45298e-6  -2.6233e-6  -2.17688e-6  -2.18209e-6  -2.91519e-6  -2.49905e-6  -2.41024e-6  -3.04972e-6  -3.15413e-6  -2.76565e-6  -2.80474e-6  -2.37128e-6  -2.86798e-6  -2.68762e-6  -2.56189e-6  -2.33048e-6  -2.60475e-6  -2.79223e-6  -2.9888e-6  -3.83274e-6  -2.9956e-6  -3.48915e-6  -3.0957e-6  -3.06961e-6  -3.37504e-6  -3.04479e-6  -3.00306e-6  -2.98287e-6  -2.85735e-6  -3.37877e-6  -3.84955e-6  -3.54593e-6  -4.28127e-6  -4.40467e-6  -3.82028e-6  -2.94802e-6  -3.10598e-6  -3.85799e-6  -3.07061e-6  -3.57586e-6  -3.49762e-6  -3.47154e-6  -4.3586e-6  -4.06897e-6  -3.86431e-6  -4.15841e-6  -3.77246e-6  -4.1434e-6  -4.01435e-6  -4.49943e-6  -3.6155e-6  -4.49035e-6  -3.52847e-6  -4.59666e-6  -4.37914e-6  -4.78008e-6  -4.2735e-6  -5.06928e-6  -4.25336e-6  -5.00028e-6  -5.41131e-6  -4.76125e-6  -4.99568e-6  -3.95947e-6  -4.35703e-6  -5.0743e-6  -3.69477e-6  -4.66163e-6  -4.7039e-6  -3.95766e-6  -5.30655e-6  -5.22354e-6  -4.55743e-6  -4.8714e-6  -5.84398e-6  -4.93222e-6  -4.17245e-6  -6.1875e-6  -1.81699e-6  -5.10673e-6  -5.02707e-6  -4.64719e-6  -5.08312e-6  -5.07976e-6  -6.39777e-6  -6.17852e-6  -5.39801e-6  -6.16845e-6  -7.5799e-6  -5.98843e-6  -6.07803e-6  -6.68507e-6  -6.79594e-6  -6.35688e-6  -5.55471e-6  -5.53029e-6  -6.20718e-6  -5.30205e-6  -5.53369e-6  -7.59448e-6  -5.63522e-6  -6.53552e-6  -6.05322e-6  -8.37902e-6  -6.31502e-6  -8.47557e-6  -6.28322e-6  -5.38537e-6  -6.33306e-6  -7.37659e-6  -6.18268e-6  -7.49134e-6  -6.8235e-6  -7.45476e-6  -6.48562e-6  -6.65098e-6  -6.99142e-6  -6.17217e-6  -8.36935e-6  -7.50258e-6  -7.76663e-6  -6.63749e-6  -8.35819e-6  -7.26878e-6  -6.09015e-6  -8.47835e-6  -8.53082e-6  -8.0704e-6  -7.40519e-6  -5.8304e-6  -7.14176e-6  -8.51601e-6  -8.35979e-6  -8.37014e-6  -7.38831e-6  -8.44623e-6  -8.16607e-6  -9.59461e-6  -6.90401e-6  -8.25347e-6  -9.54477e-6  3.663e-8  -8.50104e-6  -3.84765e-6  -8.45603e-6  6.60751e-8  4.70454e-8  -9.15545e-6  -1.0091e-5  8.07129e-8  -8.34557e-6  -8.46733e-6  3.90424e-8  9.19485e-8  -9.93138e-6  -9.90181e-6  6.42057e-8  8.86144e-8  1.1231e-7  7.58498e-8  -9.43817e-6  -9.03049e-6  -9.5831e-6  -9.80651e-6  -9.60164e-6  5.21876e-8  -9.05465e-6  5.28065e-8  7.39996e-8  1.00902e-7  -9.15573e-6  6.21186e-8  6.0394e-8  -1.00967e-5  4.38524e-8  -9.77728e-6  -1.00658e-5  -3.96006e-6  -3.33398e-6  3.82456e-8  -4.54104e-6  1.10942e-7  -1.0664e-5  -3.22354e-6  9.55822e-8  6.3428e-8  8.67999e-8  7.37707e-8  7.60111e-8  -3.59903e-6  7.72524e-8  -4.1343e-6  8.06322e-8  -3.31976e-6  8.90831e-8  5.87268e-8  5.90268e-8  5.84896e-8  6.69387e-8  6.33999e-8  -4.08919e-6  -4.27405e-6  -3.94441e-6  -1.02212e-5  -4.80043e-6  -4.17697e-6  -4.51293e-6  8.36233e-8  -4.48038e-6  -5.49457e-6  8.61781e-8  7.51507e-8  -3.91617e-6  -3.83139e-6  1.00226e-7  -4.9495e-6  -4.47607e-6  6.79815e-8  -4.91197e-6  8.86668e-8  -4.46523e-6  4.99561e-8  1.41341e-7  2.28358e-7  -4.45962e-6  -4.67713e-6  -3.84752e-6  1.66258e-7  -4.9709e-6  -5.76234e-6  -4.80932e-6  -4.7516e-6  -5.206e-6  -5.15541e-6  1.06971e-7  1.52737e-7  -4.91427e-6  9.95089e-8  -5.06692e-6  -3.85379e-6  5.2126e-8  -4.73701e-6  -5.47925e-6  9.17462e-8  -5.63329e-6  -5.7936e-6  -5.07933e-6  1.20706e-7  -5.24113e-6  9.51119e-8  -5.13686e-6  1.68082e-7  -5.09069e-6  -6.12195e-6  -5.67491e-6  1.29738e-7  -5.52304e-6  9.45819e-8  -5.69706e-6  -5.89071e-6  2.62216e-7  -6.44562e-6  -5.0029e-6  -7.24763e-6  1.54483e-7  -6.11552e-6  -5.80347e-6  1.18602e-7  -6.64839e-6  1.15391e-7  1.81462e-7  2.00672e-7  1.03765e-7  -6.29178e-6  -7.5068e-6  1.79375e-7  2.14364e-7  -7.33359e-6  1.20672e-7  -6.69939e-6  -7.79052e-6  -6.49541e-6  9.9228e-8  -5.44279e-6  1.70416e-7  9.85235e-8  1.52416e-7  1.28844e-7  -6.90649e-6  1.50922e-7  1.80039e-7  -7.21798e-6  -7.15167e-6  -6.60554e-6  1.68777e-7  -6.60599e-6  -6.68161e-6  2.19228e-7  -5.54621e-6  1.85979e-7  1.87563e-7  1.19348e-7  1.79424e-7  1.47392e-7  1.93405e-7  1.7185e-7  1.96567e-7  1.87175e-7  2.69423e-7  1.01563e-7  1.75628e-7  1.56973e-7  2.15813e-7  1.24543e-7  -6.37501e-6  1.52296e-7  -7.39286e-6  8.10845e-8  1.41538e-7  1.94858e-7  -7.34195e-6  2.29806e-7  2.23959e-7  -7.55671e-6  2.63986e-7  2.6934e-7  1.06687e-7  -7.34408e-6  2.06269e-7  -8.73767e-6  -8.08487e-6  1.6846e-7  1.65139e-7  3.37318e-7  8.58891e-8  1.84035e-7  3.52529e-7  2.34973e-7  2.54247e-7  -2.34861e-6  -2.18305e-6  -5.29384e-6  3.37698e-7  -2.00126e-6  -1.36561e-6  -1.26246e-6  2.54377e-7  -1.21317e-6  4.03232e-7  -1.04769e-6  -1.27099e-6  4.07686e-7  -8.81336e-7  3.07342e-7  2.04903e-7  3.21684e-7  2.69413e-7  2.90368e-7  1.55177e-7  1.93452e-7  1.88356e-7  2.55608e-7  5.18826e-7  1.55496e-7  1.91965e-7  2.34053e-7  1.9639e-7  3.25156e-7  2.4873e-7  1.56625e-7  2.31225e-7  3.43924e-7  1.76814e-7  -5.19953e-7  1.2606e-7  2.2975e-7  3.89442e-7  2.80544e-7  2.05024e-7  2.42103e-7  2.4095e-7  1.64851e-7  2.5528e-7  2.75536e-7  2.71318e-7  2.27991e-7  4.69342e-7  2.22655e-7  1.89912e-7  2.17754e-7  2.45919e-7  2.91075e-7  2.24342e-7  2.35088e-7  2.39262e-7  3.54069e-7  1.41652e-7  2.69695e-7  2.53689e-7  2.55036e-7  2.46578e-7  3.78383e-7  3.7664e-7  1.71618e-7  4.30866e-7  1.77398e-7  2.54778e-7  -2.84631e-6  -3.17799e-6  2.20912e-7  1.86255e-7  2.43034e-7  2.1789e-7  3.02933e-7  2.56531e-7  1.81997e-7  3.14351e-7  2.02779e-7  3.20132e-7  3.5426e-7  3.17053e-7  1.39177e-7  2.97764e-7  1.27021e-7  2.95356e-7  2.33695e-7  2.8538e-7  2.91425e-7  4.02559e-7  1.71779e-7  3.24853e-7  2.25302e-7  2.18052e-7  2.0177e-7  3.30039e-7  1.34286e-7  3.55292e-7  4.37144e-7  4.38905e-7  4.39704e-7  -0.000639468  -0.000787576
1050 Eigenvalues converges, out of 1050 requested.
Running with l = 2100
Starting Davidson with n_aux = 3360, l_buffer = 3150, lc = 2121, thresh = 0.0025, max_iter = 100
Iter 1: V_size = 420, Converged = 0, ‖r‖ (largest λ) = 0.05009456722285485
Iter 2: V_size = 840, Converged = 0, ‖r‖ (largest λ) = 0.00974895232376983
Iter 3: V_size = 1680, Converged = 0, ‖r‖ (largest λ) = 0.002621504589096449
Iter 4: V_size = 3360, Converged = 0, ‖r‖ (largest λ) = 0.00037949040280745277
Iter 5: V_size = 3360, Converged = 12, ‖r‖ (largest λ) = 6.132402414450147e-5
Iter 6: V_size = 3360, Converged = 12, ‖r‖ (largest λ) = 7.024257696501883e-5
Iter 7: V_size = 3360, Converged = 12, ‖r‖ (largest λ) = 7.461211324386063e-5
Iter 8: V_size = 3360, Converged = 367, ‖r‖ (largest λ) = 8.147007455305349e-5
Iter 9: V_size = 3360, Converged = 367, ‖r‖ (largest λ) = 0.00030375276529398374
Hybrid Davidson-JD corrections at iteration 10
Total MINRES iterations: 15925
Iter 10: V_size = 3360, Converged = 367, ‖r‖ (largest λ) = 0.0003796043102075697
Hybrid Davidson-JD corrections at iteration 11
Total MINRES iterations: 20564
Iter 11: V_size = 3360, Converged = 570, ‖r‖ (largest λ) = 0.0003981570826182535
Hybrid Davidson-JD corrections at iteration 12
Total MINRES iterations: 2391
Iter 12: V_size = 3360, Converged = 570, ‖r‖ (largest λ) = 0.00038208624229267736
Hybrid Davidson-JD corrections at iteration 13
Total MINRES iterations: 112
Iter 13: V_size = 3360, Converged = 570, ‖r‖ (largest λ) = 0.0003553709912067302
Hybrid Davidson-JD corrections at iteration 14
Total MINRES iterations: 511
