Processing molecule: formaldehyde
Running with beta = 32
Running with l = 60
Starting Davidson with n_aux = 512, l_buffer = 108, lc = 61, thresh = 0.0015, max_iter = 100
Iter 1: V_size = 32, Converged = 0, ‖r‖ (largest λ) = 0.8656922926223112
Iter 2: V_size = 64, Converged = 0, ‖r‖ (largest λ) = 0.18084421183679666
Iter 3: V_size = 128, Converged = 0, ‖r‖ (largest λ) = 0.060623910912410116
Iter 4: V_size = 236, Converged = 0, ‖r‖ (largest λ) = 0.0488431404541596
Iter 5: V_size = 344, Converged = 0, ‖r‖ (largest λ) = 0.44691187702268537
Iter 6: V_size = 448, Converged = 4, ‖r‖ (largest λ) = 0.16210035043803328
Iter 7: V_size = 208, Converged = 4, ‖r‖ (largest λ) = 0.010657096492868551
Iter 8: V_size = 312, Converged = 4, ‖r‖ (largest λ) = 0.159131417976464
Iter 9: V_size = 416, Converged = 4, ‖r‖ (largest λ) = 0.30921982657443736
Converged all required eigenvalues.
572.761843 seconds (2.27 M allocations: 158.792 GiB, 0.62% gc time)
Number of FLOPs: 4782288701628

Reading exact Eigenvalues...
Reading eigenvalues from ../../Eigenvalues_folder/eigenres_formaldehyde_RNDbasis1.jld2

Compute the difference between computed and exact eigenvalues:
1×60 adjoint(::Vector{Float64}) with eltype Float64:
 -3.19744e-14  -1.42109e-14  1.42109e-14  3.55271e-15  0.0  -3.55271e-15  5.32907e-15  -1.24345e-14  -1.77636e-15  5.32907e-15  -3.55271e-15  -2.66454e-15  8.88178e-16  0.0  -3.55271e-15  -8.88178e-16  3.55271e-15  1.77636e-15  1.77636e-15  0.0  -8.88178e-16  -8.88178e-16  2.66454e-15  0.0  0.0  -2.66454e-15  2.66454e-15  4.44089e-16  -2.66454e-15  3.9968e-15  1.33227e-15  -8.88178e-16  -8.88178e-16  0.0  3.10862e-15  1.77636e-15  1.77636e-15  -4.44089e-16  1.33227e-15  1.77636e-15  -1.77636e-15  -2.66454e-15  -1.77636e-15  -8.88178e-16  5.77316e-15  -4.88498e-15  8.88178e-16  1.77636e-15  -2.66454e-15  -4.44089e-16  -4.44089e-16  4.44089e-16  -2.22045e-15  3.9968e-15  1.33227e-15  1.33227e-15  3.55271e-15  1.33227e-15  -2.66454e-15  -2.44249e-15
60 Eigenvalues converges, out of 60 requested.
Running with l = 300
Starting Davidson with n_aux = 960, l_buffer = 540, lc = 303, thresh = 0.002, max_iter = 100
Iter 1: V_size = 60, Converged = 0, ‖r‖ (largest λ) = 0.26486861963827185
Iter 2: V_size = 120, Converged = 0, ‖r‖ (largest λ) = 0.06605965136343936
Iter 3: V_size = 240, Converged = 0, ‖r‖ (largest λ) = 0.024614027791462368
Iter 4: V_size = 480, Converged = 0, ‖r‖ (largest λ) = 0.005532686722171159
Iter 5: V_size = 959, Converged = 1, ‖r‖ (largest λ) = 0.0006166304238302248
Iter 6: V_size = 960, Converged = 9, ‖r‖ (largest λ) = 0.0012261122286603644
Iter 7: V_size = 960, Converged = 9, ‖r‖ (largest λ) = 0.004255389117958428
Iter 8: V_size = 960, Converged = 11, ‖r‖ (largest λ) = 0.0037872861493868986
Iter 9: V_size = 960, Converged = 11, ‖r‖ (largest λ) = 0.0027536091331099542
Hybrid Davidson-JD corrections at iteration 10
Total MINRES iterations: 142
Iter 10: V_size = 960, Converged = 11, ‖r‖ (largest λ) = 0.0022684131016188283
Hybrid Davidson-JD corrections at iteration 11
Total MINRES iterations: 0
Iter 11: V_size = 552, Converged = 264, ‖r‖ (largest λ) = 0.0018851738621629322
Hybrid Davidson-JD corrections at iteration 12
Total MINRES iterations: 0
Iter 12: V_size = 828, Converged = 264, ‖r‖ (largest λ) = 0.0011593772759536528
Hybrid Davidson-JD corrections at iteration 13
Total MINRES iterations: 6
Iter 13: V_size = 552, Converged = 264, ‖r‖ (largest λ) = 0.0009193965308440806
Hybrid Davidson-JD corrections at iteration 14
Total MINRES iterations: 0
Iter 14: V_size = 792, Converged = 300, ‖r‖ (largest λ) = 0.000659289690730995
Hybrid Davidson-JD corrections at iteration 15
Total MINRES iterations: 5
Iter 15: V_size = 480, Converged = 300, ‖r‖ (largest λ) = 0.0003937571866630353
Hybrid Davidson-JD corrections at iteration 16
Total MINRES iterations: 0
Iter 16: V_size = 720, Converged = 300, ‖r‖ (largest λ) = 0.0011857364070436242
Hybrid Davidson-JD corrections at iteration 17
Total MINRES iterations: 51
Iter 17: V_size = 960, Converged = 300, ‖r‖ (largest λ) = 0.00234951319687856
Converged all required eigenvalues.
6216.572862 seconds (67.30 M allocations: 4.527 TiB, 1.47% gc time, 0.05% compilation time)
Number of FLOPs: 29263983508140

Reading exact Eigenvalues...
Reading eigenvalues from ../../Eigenvalues_folder/eigenres_formaldehyde_RNDbasis1.jld2

Compute the difference between computed and exact eigenvalues:
1×300 adjoint(::Vector{Float64}) with eltype Float64:
 1.77636e-14  0.0  3.55271e-15  1.77636e-15  -3.55271e-15  -5.32907e-15  5.32907e-15  -1.95399e-14  -3.55271e-15  -3.55271e-15  -4.44089e-15  2.66454e-15  8.88178e-16  8.88178e-16  -3.55271e-15  -8.88178e-16  1.77636e-15  3.55271e-15  1.77636e-15  -3.55271e-15  -8.88178e-16  0.0  0.0  0.0  -8.88178e-16  -1.77636e-15  1.33227e-15  0.0  -4.44089e-16  -8.88178e-16  -4.44089e-16  8.88178e-16  -4.44089e-16  4.44089e-16  8.88178e-16  4.44089e-16  -8.88178e-16  8.88178e-16  8.88178e-16  2.22045e-15  0.0  -1.33227e-15  -4.44089e-16  -4.44089e-16  2.22045e-15  -8.88178e-16  4.44089e-16  -2.66454e-15  -8.88178e-16  -2.22045e-15  -4.44089e-16  4.44089e-16  0.0  8.88178e-16  -4.44089e-16  -1.33227e-15  1.33227e-15  0.0  4.44089e-16  1.33227e-15  0.0  8.88178e-16  8.88178e-16  -4.44089e-16  4.44089e-16  1.11022e-15  8.88178e-16  -1.55431e-15  -2.22045e-16  1.11022e-15  -2.22045e-16  -6.66134e-16  -4.44089e-16  0.0  -2.88658e-15  -4.44089e-16  6.66134e-16  4.44089e-16  0.0  -6.66134e-16  4.44089e-16  1.77636e-15  1.11022e-15  8.88178e-16  8.88178e-16  1.33227e-15  8.88178e-16  -1.33227e-15  -4.44089e-16  -2.22045e-15  -1.77636e-15  -6.66134e-16  -4.44089e-16  -6.66134e-16  2.22045e-15  1.77636e-15  4.44089e-16  -8.88178e-16  -4.44089e-16  -1.55431e-15  -6.66134e-16  -3.10862e-15  -1.33227e-15  4.44089e-16  -1.77636e-15  -4.44089e-16  -4.44089e-16  1.33227e-15  -6.66134e-16  -4.44089e-16  -2.24265e-14  -1.4877e-14  -2.08722e-14  -1.27454e-13  -1.71863e-13  -1.91691e-12  -4.8177e-12  -1.11022e-13  -4.53326e-12  -1.83058e-11  -1.06438e-10  -1.79653e-10  -8.03421e-11  -1.2555e-10  -6.56675e-11  -7.95307e-11  -2.22843e-10  -3.37382e-10  -4.0459e-10  -3.79003e-10  -3.2794e-10  -4.9135e-10  -1.04779e-9  -1.29738e-9  -1.53297e-9  -8.32106e-10  -1.1547e-9  -1.49015e-9  -1.40192e-9  -9.97651e-10  -1.47881e-9  -1.77724e-9  -2.55616e-9  -1.82921e-9  -1.74957e-9  -3.54254e-9  -2.91386e-9  -5.23523e-9  -1.95395e-9  -5.24411e-9  -5.54557e-9  -1.95211e-9  -2.9825e-9  -6.25097e-9  -5.3354e-9  -8.04111e-9  -1.14387e-8  -1.07092e-8  -1.65387e-8  -9.5061e-9  -2.49643e-8  -2.88645e-8  -2.12491e-8  -1.90181e-8  -2.49336e-8  -3.0819e-8  -2.19416e-8  -2.88131e-8  -6.27727e-8  -4.77238e-8  -4.76614e-8  -3.71963e-8  -2.93244e-8  -7.80854e-8  -6.70914e-8  -6.79604e-8  -7.49891e-8  -8.35377e-8  -4.98973e-8  -6.11786e-8  -8.72736e-8  -8.41576e-8  -1.75793e-7  -1.66432e-7  -1.76811e-7  -1.25861e-7  -1.27311e-7  -2.30828e-7  -2.40091e-7  -1.79066e-7  -1.88335e-7  -1.09325e-7  -1.87804e-7  -1.62813e-7  -3.07608e-7  -4.16463e-7  -1.61297e-7  -4.27263e-7  -2.15249e-7  -3.44863e-7  -1.98824e-7  -2.70631e-7  -2.96227e-7  -3.563e-7  -1.87064e-7  -4.42755e-7  -4.93942e-7  -4.3967e-7  -3.4994e-7  -6.02532e-7  -5.37579e-7  -4.75564e-7  -3.83339e-7  -6.50844e-7  -8.33744e-7  -5.17699e-7  -1.03277e-6  -7.36929e-7  -8.34205e-7  -5.72654e-7  -7.31034e-7  -1.00355e-6  -7.2249e-7  -7.64746e-7  -7.08191e-7  -1.27566e-6  -1.00981e-6  -1.00627e-6  -9.05867e-7  -1.31192e-6  -9.88628e-7  -1.39192e-6  -9.67843e-7  -1.29162e-6  -1.44671e-6  -1.12243e-6  -2.23479e-6  -1.93701e-6  -1.41202e-6  -1.61855e-6  -2.36266e-6  -2.72503e-6  -3.29873e-6  -1.83728e-6  -1.88759e-6  -2.8146e-6  -3.34397e-6  -3.35743e-6  -3.3496e-6  -3.5625e-6  -4.63033e-6  -3.38873e-6  -4.25569e-6  -5.65158e-6  -3.39656e-6  -7.18547e-6  -6.44777e-6  -3.01849e-6  -4.50453e-6  -6.27134e-6  5.10815e-10  -5.47167e-6  -5.96175e-6  -4.20354e-6  -4.42659e-6  -6.71834e-6  -3.4323e-6  -3.7164e-6  -4.64648e-6  -6.67238e-6  1.41696e-9  -4.60061e-6  -4.75021e-6  -6.20819e-6  -5.63887e-6  -4.35297e-6  -6.93476e-6  -5.72442e-6  -5.53919e-6  -7.85911e-6  -5.73962e-6  -7.92756e-6  -9.38316e-6  -1.99855e-9  -8.45892e-6  -8.58935e-6  -1.41592e-5  -1.09121e-5  -3.47102e-9  -8.66595e-6  -1.34925e-5  -9.37838e-6  -8.15975e-6  2.01391e-9  -1.29219e-5  -8.0526e-6  -8.6147e-6  -1.18785e-5  -9.22783e-6  3.27772e-9
300 Eigenvalues converges, out of 300 requested.
Running with l = 600
Starting Davidson with n_aux = 1920, l_buffer = 1080, lc = 606, thresh = 0.0025, max_iter = 100
Iter 1: V_size = 120, Converged = 0, ‖r‖ (largest λ) = 0.10358086508213564
Iter 2: V_size = 240, Converged = 0, ‖r‖ (largest λ) = 0.025588054618247306
Iter 3: V_size = 480, Converged = 0, ‖r‖ (largest λ) = 0.005422886881735896
Iter 4: V_size = 960, Converged = 0, ‖r‖ (largest λ) = 0.0006278081963591829
Iter 5: V_size = 1917, Converged = 3, ‖r‖ (largest λ) = 3.7478202962562267e-5
Iter 6: V_size = 1920, Converged = 3, ‖r‖ (largest λ) = 6.409506819223555e-5
Iter 7: V_size = 1920, Converged = 3, ‖r‖ (largest λ) = 0.0001280526007103528
Iter 8: V_size = 1920, Converged = 3, ‖r‖ (largest λ) = 0.00014891579658698003
Iter 9: V_size = 1658, Converged = 251, ‖r‖ (largest λ) = 0.00014294094620237737
Hybrid Davidson-JD corrections at iteration 10
Total MINRES iterations: 177
Iter 10: V_size = 1658, Converged = 251, ‖r‖ (largest λ) = 8.573477920961933e-5
Hybrid Davidson-JD corrections at iteration 11
Total MINRES iterations: 0
Iter 11: V_size = 1658, Converged = 251, ‖r‖ (largest λ) = 5.7077268878887047e-5
Converged all required eigenvalues.
12811.510455 seconds (156.84 M allocations: 10.612 TiB, 1.70% gc time)
Number of FLOPs: 41321996983879

Reading exact Eigenvalues...
Reading eigenvalues from ../../Eigenvalues_folder/eigenres_formaldehyde_RNDbasis1.jld2

Compute the difference between computed and exact eigenvalues:
1×600 adjoint(::Vector{Float64}) with eltype Float64:
 -2.84217e-14  0.0  3.90799e-14  7.10543e-15  -3.55271e-15  0.0  5.32907e-15  -1.24345e-14  -1.77636e-15  1.77636e-15  -8.88178e-16  1.77636e-15  0.0  -8.88178e-16  -2.66454e-15  8.88178e-16  2.66454e-15  2.66454e-15  -1.77636e-15  -2.66454e-15  -8.88178e-16  0.0  3.55271e-15  -4.44089e-15  0.0  -3.55271e-15  -4.44089e-15  8.88178e-16  4.44089e-16  4.44089e-16  -3.55271e-15  4.44089e-16  3.55271e-15  2.66454e-15  6.21725e-15  0.0  1.33227e-15  0.0  -1.33227e-15  3.10862e-15  -8.88178e-16  -1.33227e-15  -8.88178e-16  -8.88178e-16  1.33227e-15  -1.77636e-15  3.10862e-15  1.33227e-15  1.77636e-15  -1.33227e-15  -4.44089e-16  -1.33227e-15  -8.88178e-16  2.66454e-15  -6.21725e-15  2.66454e-15  -4.44089e-16  1.77636e-15  -1.77636e-15  2.22045e-16  8.88178e-16  -8.88178e-16  4.88498e-15  1.9984e-15  2.88658e-15  -1.55431e-15  -1.9984e-15  1.55431e-15  6.66134e-16  -1.11022e-15  4.66294e-15  -2.22045e-16  -1.33227e-15  8.88178e-16  1.33227e-15  -1.55431e-15  3.9968e-15  4.44089e-16  8.88178e-16  1.11022e-15  2.44249e-15  -1.33227e-15  1.55431e-15  -2.22045e-16  -1.9984e-15  -3.10862e-15  3.33067e-15  0.0  3.9968e-15  4.44089e-16  6.66134e-15  -2.22045e-16  -3.55271e-15  7.54952e-15  1.9984e-15  -2.88658e-15  2.22045e-16  -3.9968e-15  -4.21885e-15  -2.88658e-15  -3.10862e-15  -9.10383e-15  -1.55431e-15  1.9984e-15  -3.9968e-15  -2.66454e-15  3.55271e-15  2.22045e-15  1.55431e-15  -3.9968e-15  -3.9968e-15  8.88178e-16  1.9984e-15  -4.21885e-15  3.55271e-15  -9.54792e-15  -2.44249e-15  4.66294e-15  -3.10862e-15  -1.08802e-14  -1.96954e-13  -3.61933e-14  -4.64517e-13  -1.94622e-13  -4.79949e-13  -8.36775e-13  -8.41887e-11  -1.40307e-10  -2.3839e-10  -2.09676e-10  -2.10082e-10  -2.42033e-10  -2.14709e-10  -5.86475e-10  -2.36867e-10  -4.06651e-10  -6.10281e-10  -1.00455e-9  -9.0503e-10  -6.57544e-10  -6.40879e-10  -8.57126e-10  -7.8756e-10  -1.58548e-9  -6.35181e-10  -8.87302e-10  -1.40133e-9  -2.06516e-9  -1.09692e-9  -1.03387e-9  -2.33605e-9  -2.02162e-9  -1.12091e-9  -2.19858e-9  -2.65165e-9  -3.36514e-9  -4.0618e-9  -3.66502e-9  -4.1019e-9  -7.77841e-9  -7.26696e-9  -6.0988e-9  -7.89886e-9  -6.6226e-9  -7.99557e-9  -7.0791e-9  -8.71258e-9  -1.16886e-8  -1.07115e-8  -8.267e-9  -1.10663e-8  -5.38539e-9  -1.23729e-8  -1.80626e-8  -1.25215e-8  -2.1813e-8  -2.37999e-8  -2.03195e-8  -1.82957e-8  -1.86883e-8  -1.99463e-8  -2.89299e-8  -2.61979e-8  -1.86647e-8  -3.50569e-8  -2.90685e-8  -2.61843e-8  -3.25139e-8  -2.49394e-8  -2.53545e-8  -4.32641e-8  -2.81252e-8  -3.04612e-8  -2.30107e-8  -4.63753e-8  -4.08112e-8  -4.55493e-8  -3.82631e-8  -4.66657e-8  -6.3239e-8  -3.5251e-8  -3.83545e-8  -4.28127e-8  -5.09854e-8  -3.75613e-8  -5.41376e-8  -7.68634e-8  -7.26183e-8  -6.35707e-8  -6.05491e-8  -1.03296e-7  -7.08857e-8  -7.82332e-8  -8.06377e-8  -5.87308e-8  -6.95512e-8  -5.89069e-8  -8.5302e-8  -7.50949e-8  -8.56172e-8  -7.75512e-8  -1.03595e-7  -1.02212e-7  -6.7948e-8  -1.29734e-7  -8.14427e-8  -1.15712e-7  -1.33232e-7  -1.571e-7  -8.5934e-8  -1.23492e-7  -1.61715e-7  -1.15715e-7  -1.1803e-7  -1.45879e-7  -1.82907e-7  -2.12413e-7  -1.4267e-7  -1.86573e-7  -1.64806e-7  -2.1214e-7  -2.21993e-7  -2.01877e-7  -1.836e-7  -2.27035e-7  -2.45118e-8  -1.72219e-8  -1.76741e-8  -1.90573e-7  -1.56166e-8  -1.81485e-7  -1.34858e-7  -2.30486e-7  -2.32395e-7  -3.10833e-7  -2.56247e-8  -2.40366e-8  -2.93145e-8  -1.6663e-8  -1.89393e-8  -1.80705e-8  -2.46977e-8  -2.55196e-8  -2.03427e-8  -2.49892e-8  -2.99929e-8  -3.42361e-8  -3.8202e-8  -2.20934e-8  -1.99115e-8  -2.26894e-8  -3.5182e-8  -4.17512e-8  -3.15958e-8  -3.52129e-8  -3.91842e-8  -4.41874e-8  -3.70889e-8  -3.75009e-8  -5.02053e-8  -4.47694e-8  -4.05977e-8  -4.61998e-8  -5.15525e-8  -3.31816e-8  -5.49946e-8  -5.09385e-8  -5.80751e-8  -5.44705e-8  -5.89358e-8  -7.44099e-8  -5.5047e-8  -4.55149e-8  -4.90806e-8  -5.61838e-8  -6.32079e-8  -5.18791e-8  -4.67101e-8  -6.90486e-8  -7.51568e-8  -7.09361e-8  -6.66066e-8  -1.15246e-7  -7.60894e-8  -8.20376e-8  -1.05824e-7  -8.75583e-8  -5.61574e-8  -1.00584e-7  -7.13354e-8  -9.53519e-8  -1.04537e-7  -1.06699e-7  -8.49275e-8  -1.15408e-7  -8.68614e-8  -9.94415e-8  -1.22165e-7  -1.46321e-7  -8.88988e-8  -1.36501e-7  -1.22408e-7  -1.34129e-7  -1.34706e-7  -9.66403e-8  -1.54208e-7  -9.20363e-8  -1.60421e-7  -1.57915e-7  -9.67607e-8  -1.32065e-7  -1.30841e-7  -1.64073e-7  -1.48881e-7  -1.31235e-7  -1.66649e-7  -1.45427e-7  -1.97815e-7  -1.5598e-7  -1.99281e-7  -1.8522e-7  -2.46501e-7  -1.73025e-7  -1.62132e-7  -1.75409e-7  -2.26004e-7  -2.09277e-7  -2.16095e-7  -2.53157e-7  -2.64618e-7  -2.22662e-7  -3.09959e-7  -2.88693e-7  -2.52022e-7  -2.30307e-7  -3.13829e-7  -2.36963e-7  -2.28519e-7  -3.00114e-7  -2.92598e-7  -3.86149e-7  -3.83321e-7  -4.34683e-7  -3.0384e-7  -3.06873e-7  -4.43703e-7  -3.94112e-7  -3.45515e-7  -3.95724e-7  -5.97297e-7  -3.95511e-7  -4.28109e-7  -3.86732e-7  -5.1119e-7  -4.20179e-7  -4.00469e-7  -5.67201e-7  -4.85403e-7  -5.72924e-7  -4.42302e-7  -5.87137e-7  -4.29125e-7  -5.62522e-7  -5.30216e-7  -6.37185e-7  -4.72584e-7  -5.19505e-7  -8.01974e-7  -4.83432e-7  -7.54938e-7  -8.8089e-7  -8.05558e-7  -5.2252e-7  -9.76792e-7  -5.84362e-7  -8.38455e-7  -9.98986e-7  -9.21371e-7  -1.06009e-6  -1.25373e-6  -8.16107e-7  -9.09973e-7  -8.62055e-7  -8.44991e-7  -9.28243e-7  -9.28534e-7  -9.64025e-7  -8.5295e-7  -1.01569e-6  -7.0601e-7  -1.04908e-6  -7.90189e-7  -7.57881e-7  -1.14545e-6  -9.73213e-7  -1.05252e-6  -1.03207e-6  -9.18112e-7  -7.60997e-7  -1.25709e-6  -1.01026e-6  -1.19548e-6  -9.36135e-7  3.23539e-11  -1.00541e-6  -9.92234e-7  -1.009e-6  -1.12421e-6  -1.25262e-6  -1.3116e-6  -1.17928e-6  -1.11712e-6  -1.54446e-6  -1.23526e-6  -1.25924e-6  1.4925e-11  -1.10293e-6  -1.35244e-6  8.33154e-11  -1.15278e-6  -1.16485e-6  -1.15975e-6  -1.46352e-6  4.71748e-11  8.32525e-11  -1.39062e-6  -1.4992e-6  -1.49301e-6  -1.25738e-6  -1.34854e-6  5.8886e-11  5.94724e-11  -1.52926e-6  -1.55891e-6  7.60376e-11  -1.21604e-6  -2.03467e-10  -1.98235e-6  -1.29845e-6  -1.49832e-6  7.0577e-11  8.20037e-11  -1.54139e-6  1.87091e-10  1.40617e-10  -1.59157e-6  -1.38112e-6  1.30931e-10  -2.5033e-10  -1.82626e-6  7.37704e-11  1.5886e-10  -1.36731e-6  -6.37581e-11  -1.7473e-6  -1.68349e-6  -1.26192e-6  -1.01481e-9  1.18083e-10  -1.4802e-6  1.37791e-10  1.39545e-10  -2.04636e-6  -1.35849e-6  -1.49301e-6  -2.01097e-6  -1.66324e-6  -1.47238e-6  -2.09572e-6  -1.76074e-6  -1.94274e-6  -1.90674e-6  -1.68192e-6  -1.73868e-6  -2.56754e-6  -2.03219e-6  -1.74321e-6  -1.7878e-6  -4.67178e-10  -2.02431e-6  -1.64519e-6  -2.1351e-6  -2.04642e-6  -2.04626e-6  -2.09742e-6  8.20796e-11  -2.36862e-6  -2.23797e-6  -2.4091e-6  -2.74641e-6  -2.32109e-6  -2.12603e-6  -1.81213e-6  -2.32375e-6  -2.29027e-6  -2.28592e-6  -1.9212e-6  -2.29339e-6  -2.57231e-6  7.03288e-11  -4.651e-12  -2.52698e-10  -3.07828e-6  1.49816e-10  6.58982e-11  6.63119e-11  -2.37514e-6  1.19511e-10  2.10613e-10  7.9125e-11  -2.30486e-11  9.7561e-11  -2.50547e-6  -9.99821e-10  -2.97189e-6  -2.24974e-6  1.65445e-10  2.036e-10  -3.06976e-6  1.15785e-10  2.09057e-10  1.52418e-10  3.89675e-11  -2.19331e-6  -2.20763e-6  -3.96425e-9  -2.69481e-6  -2.81703e-10  -2.47447e-6  -2.98506e-9  -2.86877e-6  -1.01896e-10  -2.99671e-6  -2.58766e-6  -2.73301e-6  -2.28074e-11  -3.03086e-6  -2.95523e-6  -4.8997e-10  -2.53992e-6  -2.66589e-6  -1.49825e-9  -2.11783e-6  -2.52999e-6  -2.52825e-6  -2.88174e-6  -2.92142e-6  -1.00256e-9  -2.89635e-6  -2.99e-6  -2.4676e-6  -2.94257e-6  -3.28066e-6  -3.58808e-6  -3.67186e-10  -2.72835e-6  -2.93809e-6  -2.94136e-6  -3.53821e-6  -2.89813e-6  -2.90944e-6  -2.92493e-6  -3.5113e-6  -3.60198e-6  -2.98934e-6  -2.75088e-6  -3.21724e-6  -3.18978e-6  -3.30592e-6  -3.20455e-6  -3.58753e-6  -2.7826e-6  -3.25672e-6  -2.95528e-6  -3.2533e-6  -3.15751e-6  -2.90683e-6  -3.29516e-6  -3.34341e-6  -2.94353e-6
600 Eigenvalues converges, out of 600 requested.
Running with l = 1200
Starting Davidson with n_aux = 3840, l_buffer = 2160, lc = 1212, thresh = 0.003, max_iter = 100
Iter 1: V_size = 240, Converged = 0, ‖r‖ (largest λ) = 0.032488483234252935
Iter 2: V_size = 480, Converged = 0, ‖r‖ (largest λ) = 0.005894022566926656
Iter 3: V_size = 960, Converged = 0, ‖r‖ (largest λ) = 0.0006631194141480979
Iter 4: V_size = 1920, Converged = 0, ‖r‖ (largest λ) = 3.7134725888781206e-5
Iter 5: V_size = 3830, Converged = 10, ‖r‖ (largest λ) = 9.1695993363148e-7
Iter 6: V_size = 3840, Converged = 10, ‖r‖ (largest λ) = 1.0220558103756711e-5
Iter 7: V_size = 3840, Converged = 10, ‖r‖ (largest λ) = 2.101481437130782e-6
Iter 8: V_size = 3840, Converged = 10, ‖r‖ (largest λ) = 2.1623475035500976e-6
Iter 9: V_size = 3030, Converged = 645, ‖r‖ (largest λ) = 2.342547907066946e-6
Hybrid Davidson-JD corrections at iteration 10
Total MINRES iterations: 6
Iter 10: V_size = 3030, Converged = 645, ‖r‖ (largest λ) = 4.6434557187770165e-6
Hybrid Davidson-JD corrections at iteration 11
Total MINRES iterations: 0
Iter 11: V_size = 3030, Converged = 645, ‖r‖ (largest λ) = 5.278217072856037e-6
Converged all required eigenvalues.
37119.102404 seconds (609.27 M allocations: 41.199 TiB, 1.68% gc time)
Number of FLOPs: 92351630291964

Reading exact Eigenvalues...
Reading eigenvalues from ../../Eigenvalues_folder/eigenres_formaldehyde_RNDbasis1.jld2

Compute the difference between computed and exact eigenvalues:
1×1200 adjoint(::Vector{Float64}) with eltype Float64:
 0.0  2.4869e-14  1.06581e-14  1.06581e-14  -3.55271e-15  -3.55271e-15  1.06581e-14  -1.42109e-14  0.0  -5.32907e-15  -1.77636e-15  0.0  2.66454e-15  -2.66454e-15  -3.55271e-15  0.0  4.44089e-15  2.66454e-15  0.0  -8.88178e-16  1.77636e-15  -2.66454e-15  -8.88178e-16  -1.77636e-15  2.66454e-15  1.77636e-15  4.44089e-16  4.88498e-15  -3.55271e-15  4.44089e-16  -1.33227e-15  -4.44089e-15  2.66454e-15  -1.33227e-15  8.88178e-16  1.33227e-15  -4.44089e-16  8.88178e-16  -1.33227e-15  2.22045e-15  -1.77636e-15  -1.33227e-15  1.33227e-15  -1.77636e-15  -2.66454e-15  -1.33227e-15  4.44089e-16  -4.44089e-16  -1.33227e-15  0.0  -2.22045e-15  4.44089e-16  -8.88178e-16  -8.88178e-16  4.44089e-16  8.88178e-16  0.0  0.0  4.44089e-16  -6.66134e-16  -3.10862e-15  -1.77636e-15  6.66134e-16  -2.22045e-16  1.77636e-15  -2.22045e-15  -1.33227e-15  1.33227e-15  2.66454e-15  -1.11022e-15  1.33227e-15  3.10862e-15  -2.22045e-15  0.0  6.66134e-16  -2.22045e-16  1.55431e-15  -1.11022e-15  -2.88658e-15  -2.22045e-16  3.9968e-15  -1.11022e-15  -8.88178e-16  2.22045e-15  2.22045e-16  0.0  0.0  0.0  -6.66134e-16  6.66134e-16  -3.9968e-15  -1.11022e-15  -2.44249e-15  4.44089e-16  0.0  2.22045e-16  -3.33067e-15  2.88658e-15  1.33227e-15  4.44089e-16  -4.44089e-16  -3.33067e-15  -6.66134e-16  -1.33227e-15  1.55431e-15  -3.9968e-15  -1.33227e-15  1.33227e-15  -4.21885e-15  2.22045e-16  4.44089e-16  -2.44249e-15  -1.33227e-15  -2.44249e-15  4.44089e-16  8.88178e-16  6.66134e-16  1.77636e-15  -2.22045e-16  4.44089e-16  -3.33067e-15  1.11022e-16  -1.55431e-15  3.66374e-15  -3.33067e-15  1.88738e-15  -5.76539e-12  -1.59766e-11  -1.48354e-11  -1.81909e-11  -3.16175e-11  -3.81861e-11  -7.62705e-11  -1.4516e-10  -5.9142e-11  -8.65051e-11  -2.21166e-10  -2.16829e-10  -9.17251e-11  -1.86595e-10  -2.53812e-10  -1.85169e-10  -2.11133e-10  -2.06088e-10  -2.29893e-10  -2.80999e-10  -2.91421e-10  -5.20625e-10  -4.02763e-10  -3.82632e-10  -3.18209e-10  -6.73038e-10  -5.26969e-10  -4.03383e-10  -4.58189e-10  -1.22392e-9  -6.45189e-10  -1.17682e-9  -9.12043e-10  -8.52262e-10  -1.04341e-9  -1.36193e-9  -1.51074e-9  -2.32312e-9  -1.80916e-9  -1.50263e-9  -1.14206e-9  -1.69207e-9  -2.54041e-9  -1.5539e-9  -1.18536e-9  -1.9342e-9  -2.50435e-9  -3.14389e-9  -1.66871e-9  -3.61615e-9  -3.61367e-9  -3.98385e-9  -2.75061e-9  -2.38399e-9  -4.1415e-9  -3.73551e-9  -4.69277e-9  -3.80189e-9  -3.347e-9  -3.33864e-9  -3.84805e-9  -3.64992e-9  -4.46856e-9  -3.78126e-9  -4.35866e-9  -5.91576e-9  -4.24265e-9  -4.95414e-9  -6.13657e-9  -4.21477e-9  -4.75258e-9  -4.08662e-9  -6.14331e-9  -6.70033e-9  -4.33725e-9  -5.42865e-9  -6.03672e-9  -7.48695e-9  -5.7238e-9  -6.58405e-9  -1.11598e-8  -9.65256e-9  -7.02504e-9  -1.07446e-8  -7.24899e-9  -8.67601e-9  -1.0419e-8  -6.68096e-9  -8.64508e-9  -1.05744e-8  -9.65903e-9  -7.03302e-9  -7.72328e-9  -9.16827e-9  -9.99777e-9  -7.30547e-9  -8.10822e-9  -8.46853e-9  -8.11962e-9  -1.03852e-8  -8.83026e-9  -9.17365e-9  -8.00453e-9  -1.08649e-8  -1.08458e-8  -8.18988e-9  -1.02583e-8  -1.00783e-8  -1.32008e-8  -1.17988e-8  -1.14301e-8  -1.43381e-8  -1.20367e-8  -1.29018e-8  -1.85954e-8  -1.54397e-8  -1.46225e-8  -1.53826e-8  -2.22098e-8  -1.64588e-8  -1.53436e-8  -1.83054e-8  -1.28125e-8  -1.81697e-8  -1.53215e-8  -1.4455e-8  -2.10858e-8  -2.07747e-8  -2.08863e-8  -2.45602e-8  -1.60423e-8  -2.41355e-8  -2.53187e-8  -2.5494e-8  -2.68438e-8  -2.73555e-8  -2.06232e-8  -2.63084e-8  -2.97287e-8  -3.08937e-8  -2.2017e-8  -3.13814e-8  -3.01095e-8  -2.8285e-8  -2.56777e-8  -3.3627e-8  -2.90504e-8  -3.09325e-8  -2.27404e-8  -3.67548e-8  -3.49381e-8  -2.58684e-8  -2.95562e-8  -5.20514e-8  -3.7582e-8  -3.69057e-8  -4.66623e-8  -3.47084e-8  -3.8466e-8  -3.86828e-8  -3.7572e-8  -4.03049e-8  -4.80061e-8  -4.14255e-8  -5.35655e-8  -6.47007e-8  -3.80099e-8  -5.10864e-8  -3.42934e-8  -4.30787e-8  -6.3124e-8  -4.73814e-8  -4.02042e-8  -4.40619e-8  -5.55571e-8  -5.84222e-8  -7.37524e-8  -5.29501e-8  -4.35087e-8  -4.8146e-8  -5.27912e-8  -4.9359e-8  -5.09403e-8  -6.04785e-8  -5.64314e-8  -5.16366e-8  -4.35034e-8  -6.60513e-8  -7.40554e-8  -7.37448e-8  -9.97455e-8  -8.27864e-8  -1.09489e-7  -8.81388e-8  -8.6973e-8  -9.19354e-8  -8.19747e-8  -7.28686e-8  -7.84488e-8  -7.34741e-8  -7.47596e-8  -8.32752e-8  -1.07098e-7  -9.40554e-8  -1.12699e-7  -8.9693e-8  -8.28325e-8  -1.11705e-7  -1.1616e-7  -1.4034e-7  -1.04655e-7  -1.06426e-7  -1.07553e-7  -1.002e-7  -1.27712e-7  -1.59068e-7  -8.81977e-8  -1.56783e-7  -1.28545e-7  -1.6024e-7  -1.06975e-7  -1.52117e-7  -1.96671e-7  -1.1683e-7  -1.64156e-7  -1.38957e-7  -1.55776e-7  -1.86794e-7  -1.07855e-7  -1.88829e-7  -1.94585e-7  -1.98946e-7  -2.38651e-7  -1.81757e-7  -1.84029e-7  -9.31819e-9  -1.7437e-7  -1.95558e-7  -2.0063e-7  -2.14298e-7  -2.29038e-7  -2.09061e-7  -1.31778e-8  -1.28146e-8  -2.80815e-7  -1.40558e-8  -1.99912e-7  -1.43903e-8  -1.49689e-8  -1.27658e-8  -1.22465e-8  -1.94531e-8  -3.82765e-7  -1.43243e-8  -1.67176e-8  -1.97513e-8  -1.75007e-8  -1.8155e-8  -1.36149e-8  -1.36318e-8  -2.18153e-8  -2.55092e-8  -1.58347e-8  -2.91191e-8  -2.64535e-8  -2.36877e-8  -2.33801e-8  -3.01223e-8  -3.15208e-8  -2.19635e-8  -2.71072e-8  -2.20024e-8  -3.01256e-8  -3.14511e-8  -3.10342e-8  -3.8577e-8  -2.85951e-8  -2.83366e-8  -3.27996e-8  -3.10632e-8  -2.8919e-8  -3.18917e-8  -2.80794e-8  -2.34737e-8  -2.59e-8  -3.72881e-8  -2.77832e-8  -2.73326e-8  -4.48158e-8  -3.50164e-8  -3.73606e-8  -3.19738e-8  -3.48279e-8  -3.14122e-8  -4.91056e-8  -3.68646e-8  -4.26291e-8  -4.88646e-8  -6.67672e-8  -3.71595e-8  -5.20931e-8  -4.89506e-8  -4.72202e-8  -4.86803e-8  -4.58861e-8  -6.19934e-8  -6.33632e-8  -4.69872e-8  -5.28993e-8  -5.47851e-8  -4.28182e-8  -7.14451e-8  -5.50515e-8  -5.39231e-8  -7.96314e-8  -7.53318e-8  -5.72654e-8  -6.3962e-8  -7.43684e-8  -6.79893e-8  -9.50089e-8  -7.0115e-8  -7.66806e-8  -6.25659e-8  -6.92051e-8  -6.53842e-8  -8.23347e-8  -8.87144e-8  -8.40793e-8  -6.95797e-8  -8.17466e-8  -9.48476e-8  -8.16396e-8  -6.72656e-8  -6.82905e-8  -8.89153e-8  -1.00272e-7  -9.04492e-8  -7.52227e-8  -8.78268e-8  -1.03042e-7  -7.53495e-8  -9.46197e-8  -8.01017e-8  -1.10332e-7  -1.01983e-7  -1.07226e-7  -1.02937e-7  -1.02389e-7  -8.40288e-8  -8.34495e-8  -9.72472e-8  -1.02893e-7  -8.09177e-8  -7.02551e-8  -1.26698e-7  -9.5393e-8  -7.51465e-8  -1.05183e-7  -1.42391e-7  -1.17913e-7  -1.00776e-7  -1.09022e-7  -1.10402e-7  -1.19331e-7  -1.05958e-7  -1.05029e-7  -1.34136e-7  -1.19449e-7  -1.14826e-7  -1.38605e-7  -1.38552e-7  -1.29977e-7  -1.07517e-7  -1.27319e-7  -1.65261e-7  -1.09025e-7  -1.38295e-7  -9.172e-8  -1.16496e-7  -1.10493e-7  -1.69199e-7  -1.31294e-7  -1.525e-7  -1.15011e-7  1.38028e-11  1.53896e-11  -1.20456e-7  -1.5749e-7  -1.66835e-7  -1.64186e-7  -1.43548e-7  2.57617e-11  -1.77109e-7  -2.12913e-7  -1.41183e-7  -1.68351e-7  -1.5823e-7  -1.64986e-7  -1.6379e-7  -1.47196e-7  -1.27511e-7  -1.79332e-7  -1.35948e-7  4.89774e-11  -1.7554e-7  -1.62942e-7  -1.54952e-7  -1.91938e-7  -1.71793e-7  -1.46476e-7  -1.52875e-7  -1.80426e-7  -1.76256e-7  -1.75218e-7  -1.83272e-7  -1.82076e-7  -1.77177e-7  -1.53703e-7  -1.51912e-7  -1.41639e-7  -1.90445e-7  -1.75155e-7  -1.57245e-7  -1.66771e-7  -1.74603e-7  -1.88938e-7  -1.8669e-7  -1.91422e-7  -2.00594e-7  -1.82389e-7  -2.04196e-7  -2.23641e-7  -1.59307e-7  -1.6687e-7  -1.66613e-7  -1.59833e-7  -2.19769e-7  -1.81923e-7  -1.88169e-7  -1.78469e-7  -1.67277e-7  -2.06413e-7  -1.75661e-7  -1.63548e-7  -1.75437e-7  -1.84635e-7  -2.02813e-7  -1.86543e-7  -1.89483e-7  -2.28244e-7  -1.95226e-7  -2.04884e-7  -1.95653e-7  -1.81595e-7  -2.06987e-7  -1.79284e-7  -2.10818e-7  -1.92736e-7  -2.10642e-7  -1.96872e-7  -1.69764e-7  -2.15375e-7  -2.28334e-7  -1.96019e-7  -1.68714e-7  -1.87461e-7  -2.11662e-7  -2.19949e-7  -2.49231e-7  -1.96676e-7  -2.189e-7  -2.36935e-7  -1.87551e-7  -1.85185e-7  -2.10779e-7  -2.13769e-7  -1.7179e-7  -2.05688e-7  -1.88803e-7  -1.80203e-7  -2.7448e-7  -1.93422e-7  -2.29882e-7  -2.38406e-7  -1.87176e-7  -1.92315e-7  -2.00664e-7  -2.20767e-7  -2.13836e-7  -2.00347e-7  -1.97745e-7  -2.09401e-7  -2.04714e-7  -2.23185e-7  -2.18336e-7  -1.59207e-7  -1.97286e-7  -2.02664e-7  -2.3068e-7  -2.15634e-7  -2.22308e-7  -2.19509e-7  -2.15181e-7  -1.9896e-7  -2.48576e-7  -2.2852e-7  -1.92573e-7  -2.17375e-7  -1.84877e-7  -2.33694e-7  -2.42953e-7  -2.34035e-7  -2.55885e-7  -2.02683e-7  -2.36564e-7  -2.20452e-7  -2.42306e-7  -2.1257e-7  -1.96924e-7  -2.57112e-7  -2.18093e-7  -2.06282e-7  -2.10948e-7  -2.30757e-7  -2.24262e-7  -1.97765e-7  -2.1554e-7  -2.35329e-7  -2.50654e-7  -1.89967e-7  -2.46165e-7  -2.02434e-7  -2.06265e-7  -1.93422e-7  -2.10935e-7  -2.01377e-7  -1.939e-7  -1.92802e-7  -2.27503e-7  -2.29598e-7  -2.12065e-7  -2.34331e-7  -2.03705e-7  -2.19399e-7  -2.16981e-7  -2.12412e-7  -2.31379e-7  -2.11644e-7  -2.33969e-7  -2.19856e-7  -2.13903e-7  -2.06604e-7  -2.28665e-7  -2.01845e-7  -2.23009e-7  -2.43347e-7  -2.39422e-7  -2.3468e-7  -2.00381e-7  -1.95709e-7  -2.10132e-7  -2.10207e-7  -2.05393e-7  -2.37003e-7  -2.1353e-7  -2.13751e-7  -1.85468e-7  -2.36544e-7  -2.30195e-7  -2.05046e-7  -2.1013e-7  -2.04902e-7  -2.2325e-7  -2.31694e-7  -2.14809e-7  -2.48576e-7  -2.16612e-7  -2.15221e-7  -2.09449e-7  -2.15764e-7  -2.00236e-7  -2.24655e-7  -2.04564e-7  -2.20863e-7  -2.2685e-7  -1.90848e-7  -2.08371e-7  -1.95619e-7  -2.24593e-7  -2.22433e-7  -2.07227e-7  -2.65312e-7  -2.05895e-7  -1.83264e-7  -2.01697e-7  -2.01564e-7  -2.17073e-7  -2.19676e-7  -2.08588e-7  -1.9879e-7  -2.15003e-7  -2.14875e-7  -1.88517e-7  -2.26156e-7  -2.04324e-7  -2.08915e-7  -1.84488e-7  -1.84254e-7  -2.00883e-7  -2.08448e-7  -2.10256e-7  -2.06687e-7  -1.8658e-7  -2.27876e-7  -2.13164e-7  -2.33473e-7  -2.14163e-7  -2.17215e-7  -2.06935e-7  -2.17226e-7  -2.13219e-7  -1.99305e-7  -1.89866e-7  -2.07133e-7  -1.98259e-7  -2.06867e-7  -1.93591e-7  -2.18631e-7  -2.0076e-7  -2.09032e-7  -2.208e-7  -2.08276e-7  -1.96632e-7  -2.31329e-7  -1.996e-7  -2.12974e-7  -2.06955e-7  -2.13142e-7  -2.04958e-7  -2.19135e-7  -1.86163e-7  -1.93381e-7  -2.0079e-7  -2.43469e-7  -2.21145e-7  -2.06052e-7  -2.20052e-7  -2.1388e-7  -1.95672e-7  -2.19734e-7  -1.90485e-7  -2.01074e-7  -2.0332e-7  -2.18765e-7  -2.05511e-7  -2.08347e-7  -1.95132e-7  -2.04204e-7  -2.03163e-7  -2.16763e-7  -2.01029e-7  -1.97975e-7  -2.11939e-7  -1.97573e-7  -1.96874e-7  -1.79445e-7  -2.06417e-7  -1.87388e-7  -2.05094e-7  -1.86635e-7  -2.1028e-7  -2.14644e-7  -1.9105e-7  -2.1469e-7  -1.84912e-7  -1.74112e-7  -1.91734e-7  -2.00035e-7  -1.8781e-7  -2.27026e-7  -2.19345e-7  -1.89139e-7  -2.07234e-7  -1.7418e-7  -1.99722e-7  -2.07377e-7  -1.96172e-7  -1.99653e-7  -2.09694e-7  -1.79394e-7  -1.88412e-7  -2.02333e-7  -1.89301e-7  -2.00726e-7  -2.15106e-7  -2.01023e-7  -1.96694e-7  -2.09027e-7  -2.07633e-7  -1.99866e-7  -2.0689e-7  -2.0746e-7  -2.06986e-7  -2.1415e-7  -1.82753e-7  -1.75032e-7  -1.94565e-7  -2.06193e-7  -1.90887e-7  -2.08875e-7  -1.93285e-7  -2.18428e-7  -2.05783e-7  -2.20465e-7  -2.15222e-7  -2.03308e-7  -1.78177e-7  -1.92047e-7  -2.03546e-7  -2.03979e-7  -2.03358e-7  -2.05706e-7  -1.9087e-7  -2.04109e-7  -2.04006e-7  -2.16236e-7  -2.03178e-7  -2.23508e-7  -2.15572e-7  -1.93668e-7  -2.33745e-7  -1.93041e-7  -1.86451e-7  -1.85581e-7  -2.22738e-7  -1.86164e-7  -2.05878e-7  -2.0313e-7  -1.89392e-7  -2.07935e-7  -1.86112e-7  -1.96924e-7  -1.79349e-7  -1.98865e-7  -1.94073e-7  -1.97131e-7  -1.83702e-7  -2.05757e-7  -1.94089e-7  -1.94905e-7  -2.01406e-7  -1.77874e-7  -1.67365e-7  -1.88468e-7  -2.03977e-7  -1.82983e-7  -1.91159e-7  -1.92672e-7  -1.6948e-7  -2.08705e-7  -1.97147e-7  -1.92053e-7  -1.96861e-7  -2.06043e-7  -2.00385e-7  -2.12666e-7  -1.85369e-7  -2.09564e-7  -1.83738e-7  -1.91928e-7  -1.89245e-7  -1.97294e-7  -1.89378e-7  -2.23756e-7  -1.80344e-7  -1.95228e-7  -1.98442e-7  -1.96246e-7  -2.11295e-7  -1.97431e-7  -1.95149e-7  -1.95209e-7  -2.02753e-7  -2.02417e-7  -1.92294e-7  -2.01815e-7  -1.88584e-7  -1.94865e-7  -2.17315e-7  -1.94087e-7  -1.90185e-7  -2.29571e-7  -1.84772e-7  -2.17329e-7  -1.2268e-5  -1.89092e-7  -1.24279e-5  -1.24432e-5  -1.75233e-7  -2.04954e-7  -1.27312e-5  -2.03084e-7  -1.37333e-5  -1.22479e-5  -1.37023e-5  -1.32454e-5  -2.03835e-7  -2.24777e-7  -1.24493e-5  -1.23676e-5  -1.98601e-7  -1.83605e-7  -1.19168e-5  -1.31486e-5  -2.06907e-7  -1.30666e-5  -1.18314e-7  -6.57309e-6  -5.70702e-6  -2.41815e-7  -2.00217e-7  -2.05064e-7  -1.16541e-5  -1.33517e-5  -1.35964e-5  -1.13721e-5  -2.89264e-6  -1.40168e-5  -1.28037e-5  -1.28327e-5  -1.30048e-5  -1.34379e-5  -1.95591e-7  -1.34769e-5  -1.34997e-5  -1.29476e-5  -1.31015e-5  -1.27864e-5  -1.34461e-5  -1.32374e-5  -1.38456e-5  -1.34087e-5  -1.2624e-5  -1.25145e-5  -1.30876e-5  -1.26684e-5  -1.33732e-5  -1.40762e-5  -1.28841e-5  -1.24459e-5  -1.29765e-5  -1.37563e-5  -1.32936e-5  -1.34659e-5  -1.36759e-5  -1.30488e-5  -1.28433e-5  -1.41247e-5  -1.31574e-5  -1.22977e-5  -1.29302e-5  -1.36352e-5  -1.4054e-5  -1.27256e-5  -1.28993e-5  -1.33241e-5  -1.27033e-5  -1.36081e-5  -1.37935e-5  -1.44043e-5  -1.32898e-5  -1.35805e-5  -1.23861e-5  -1.45244e-5  -1.26651e-5  -1.39462e-5  -1.2762e-5  -1.31915e-5  -1.37568e-5  -1.43576e-5  -1.3364e-5  -1.34158e-5  -1.23437e-5  -1.39999e-5  -1.3381e-5  -1.33226e-5  -1.36007e-5  -1.27698e-5  -1.26258e-5  -1.22414e-5  -1.23373e-5  -1.21739e-5  -1.26415e-5  -1.28489e-5  -1.30439e-5  -1.26075e-5  -1.24988e-5  -1.27943e-5  -1.39143e-5  -1.29532e-5  -1.29768e-5  -1.23176e-5  -1.38907e-5  -1.37516e-5  -1.33997e-5  -1.32815e-5  -1.32935e-5  -1.29337e-5  -1.2191e-5  -1.27887e-5  -1.35993e-5  -1.26264e-5  -1.32002e-5  -1.29148e-5  -1.40245e-5  -1.25051e-5  -1.3112e-5  -1.31089e-5  -1.2134e-5  -1.20017e-5  -1.29123e-5  -1.44305e-5  -1.18763e-5  -1.34125e-5  -1.28971e-5  -1.14744e-5  -1.1616e-5  -1.22914e-5  -1.44854e-5  -1.25314e-5  -1.20346e-5  -1.26575e-5  -1.35423e-5  -1.26418e-5  -1.27673e-5  -1.28987e-5  -1.22063e-5  -1.25464e-5  -1.23521e-5  -1.33134e-5  -1.27876e-5  -1.23662e-5  -1.32682e-5  -1.33126e-5  -1.27339e-5  -1.27021e-5  -1.26379e-5  -1.3133e-5  -1.24482e-5  -1.2311e-5  -1.21245e-5  -1.20986e-5  -1.14783e-5  -1.21089e-5  -1.20711e-5  -1.2291e-5  -1.17828e-5  -1.32017e-5  -1.21265e-5  -1.25261e-5  -1.25649e-5  -1.24292e-5  -1.31207e-5  -1.20899e-5  -1.2595e-5  -1.27031e-5  -1.19298e-5  -1.18494e-5  -1.18945e-5  -1.2885e-5  -1.19953e-5  -1.23627e-5  -1.20455e-5  -1.24465e-5  -1.19593e-5  -1.17577e-5  -1.26092e-5  -1.15425e-5  -1.3157e-5  -1.26906e-5  -1.09557e-5  -1.18279e-5  -1.16706e-5  -1.29842e-5  -1.28136e-5  -1.22961e-5  -1.25381e-5  -1.29672e-5  -1.17149e-5  -1.20039e-5  -1.22703e-5  -1.19919e-5  -1.12448e-5  -1.17891e-5  -1.15083e-5  -1.13892e-5  -1.19107e-5  -1.22599e-5  -1.19926e-5  -1.14503e-5  -1.13845e-5  -1.16378e-5  -1.16814e-5  -1.23935e-5  -1.16638e-5  -1.06068e-5  -1.17495e-5  -1.24125e-5  -1.22963e-5  -1.24122e-5  -1.16439e-5  -1.15236e-5  -1.12285e-5  -1.17695e-5  -1.1469e-5  -1.12613e-5  -1.18067e-5  -1.16652e-5  -1.09082e-5  -1.12151e-5  -1.08263e-5  -1.19398e-5  -1.08176e-5  -1.14719e-5  -1.07559e-5  -1.12928e-5  -1.13321e-5  -1.16325e-5  -1.07867e-5  -1.12446e-5  -1.07155e-5  -1.0859e-5  -1.08604e-5  -1.09081e-5  -1.16243e-5  -1.0295e-5  -1.00997e-5  -1.10119e-5  -1.15744e-5  -1.1077e-5  -1.06367e-5  -1.09851e-5  -1.04504e-5  -1.042e-5  -1.09276e-5  -1.1492e-5  -1.1217e-5  -1.08875e-5  -1.09101e-5  -1.07078e-5  -1.09045e-5  -9.93131e-6  -1.11311e-5  -1.08836e-5  -1.11967e-5  -1.1121e-5  -1.04259e-5  -1.10084e-5  -1.07055e-5  -1.11707e-5  -1.09889e-5  -9.96587e-6  -1.1654e-5  -1.04091e-5  -1.03543e-5  -1.15001e-5  -1.09072e-5  -1.0301e-5  -9.86497e-6  -1.06022e-5  -1.06195e-5  -1.02996e-5  -1.085e-5
1200 Eigenvalues converges, out of 1200 requested.
Finished processing molecule: formaldehyde
