Processing molecule: formaldehyde
Running with beta = 40
Running with l = 60
Starting Davidson with n_aux = 640, l_buffer = 90, lc = 61, thresh = 0.0015, max_iter = 100
Iter 1: V_size = 32, Converged = 0, ‖r‖ (largest λ) = 0.8656922926223112
Iter 2: V_size = 64, Converged = 0, ‖r‖ (largest λ) = 0.18084421183679666
Iter 3: V_size = 128, Converged = 0, ‖r‖ (largest λ) = 0.060623910912410116
Iter 4: V_size = 218, Converged = 0, ‖r‖ (largest λ) = 0.09164873999488632
Iter 5: V_size = 308, Converged = 0, ‖r‖ (largest λ) = 0.49834366829223853
Iter 6: V_size = 394, Converged = 4, ‖r‖ (largest λ) = 0.11034496814644347
Iter 7: V_size = 480, Converged = 4, ‖r‖ (largest λ) = 0.007484730182962817
Iter 8: V_size = 566, Converged = 4, ‖r‖ (largest λ) = 0.00011806341109952234
Iter 9: V_size = 172, Converged = 4, ‖r‖ (largest λ) = 1.098672578425054e-6
Converged all required eigenvalues.
246.924845 seconds (2.34 M allocations: 164.067 GiB, 0.72% gc time)
Number of FLOPs: 4878703645662

Reading exact Eigenvalues...
Reading eigenvalues from ../../Eigenvalues_folder/eigenres_formaldehyde_RNDbasis1.jld2

Compute the difference between computed and exact eigenvalues:
1×60 adjoint(::Vector{Float64}) with eltype Float64:
 -3.55271e-15  7.10543e-15  0.0  5.32907e-15  1.77636e-15  -5.32907e-15  8.88178e-15  -7.10543e-15  1.77636e-15  7.10543e-15  1.77636e-15  8.88178e-16  8.88178e-16  1.77636e-15  -3.55271e-15  0.0  1.77636e-15  3.55271e-15  1.77636e-15  -4.44089e-15  8.88178e-16  2.66454e-15  2.66454e-15  0.0  -8.88178e-16  8.88178e-16  -4.44089e-16  -1.33227e-15  0.0  4.44089e-16  8.88178e-16  -2.66454e-15  -2.22045e-15  -3.55271e-15  4.44089e-16  -1.77636e-15  8.88178e-16  -1.77636e-15  -8.88178e-16  1.33227e-15  3.10862e-15  -4.44089e-15  4.44089e-16  4.44089e-16  -8.88178e-16  1.33227e-15  -3.55271e-15  0.0  2.22045e-15  1.33227e-15  4.44089e-16  -2.22045e-15  -1.77636e-15  -3.55271e-15  -2.66454e-15  4.44089e-15  4.44089e-16  1.77636e-15  -3.55271e-15  1.11022e-15
60 Eigenvalues converges, out of 60 requested.
Running with l = 300
Starting Davidson with n_aux = 1200, l_buffer = 450, lc = 303, thresh = 0.002, max_iter = 100
Iter 1: V_size = 60, Converged = 0, ‖r‖ (largest λ) = 0.26486861963827185
Iter 2: V_size = 120, Converged = 0, ‖r‖ (largest λ) = 0.06605965136343936
Iter 3: V_size = 240, Converged = 0, ‖r‖ (largest λ) = 0.024614027791462368
Iter 4: V_size = 480, Converged = 0, ‖r‖ (largest λ) = 0.005532686722171159
Iter 5: V_size = 929, Converged = 1, ‖r‖ (largest λ) = 0.0012823894690469453
Iter 6: V_size = 882, Converged = 9, ‖r‖ (largest λ) = 0.006959442605831579
Iter 7: V_size = 882, Converged = 9, ‖r‖ (largest λ) = 0.007446652446262207
Iter 8: V_size = 878, Converged = 11, ‖r‖ (largest λ) = 0.003944300837591246
Iter 9: V_size = 878, Converged = 11, ‖r‖ (largest λ) = 0.002790537558587821
Hybrid Davidson-JD corrections at iteration 10
Total MINRES iterations: 84
Iter 10: V_size = 859, Converged = 11, ‖r‖ (largest λ) = 0.002077002426359225
Hybrid Davidson-JD corrections at iteration 11
Total MINRES iterations: 0
Iter 11: V_size = 1056, Converged = 253, ‖r‖ (largest λ) = 0.0015805288918369705
Hybrid Davidson-JD corrections at iteration 12
Total MINRES iterations: 1069
Iter 12: V_size = 394, Converged = 253, ‖r‖ (largest λ) = 0.004179323176906304
Hybrid Davidson-JD corrections at iteration 13
Total MINRES iterations: 0
Iter 13: V_size = 591, Converged = 253, ‖r‖ (largest λ) = 0.0006566035097598011
Hybrid Davidson-JD corrections at iteration 14
Total MINRES iterations: 530
Iter 14: V_size = 788, Converged = 253, ‖r‖ (largest λ) = 0.007085557603745257
Hybrid Davidson-JD corrections at iteration 15
Total MINRES iterations: 500
Iter 15: V_size = 966, Converged = 272, ‖r‖ (largest λ) = 0.007140515190812546
Hybrid Davidson-JD corrections at iteration 16
Total MINRES iterations: 161
Iter 16: V_size = 1144, Converged = 272, ‖r‖ (largest λ) = 0.006125015571942149
Hybrid Davidson-JD corrections at iteration 17
Total MINRES iterations: 100
Iter 17: V_size = 356, Converged = 272, ‖r‖ (largest λ) = 0.007259799279437165
Hybrid Davidson-JD corrections at iteration 18
Total MINRES iterations: 25
Iter 18: V_size = 534, Converged = 272, ‖r‖ (largest λ) = 0.0029106146167478092
Hybrid Davidson-JD corrections at iteration 19
Total MINRES iterations: 174
Iter 19: V_size = 701, Converged = 283, ‖r‖ (largest λ) = 0.0034947615338596647
Hybrid Davidson-JD corrections at iteration 20
Total MINRES iterations: 55
Iter 20: V_size = 868, Converged = 283, ‖r‖ (largest λ) = 0.005123511655090593
Hybrid Davidson-JD corrections at iteration 21
Total MINRES iterations: 25
Iter 21: V_size = 1035, Converged = 283, ‖r‖ (largest λ) = 0.004402614768406769
Hybrid Davidson-JD corrections at iteration 22
Total MINRES iterations: 29
Iter 22: V_size = 334, Converged = 283, ‖r‖ (largest λ) = 0.002044990624285278
Hybrid Davidson-JD corrections at iteration 23
Total MINRES iterations: 58
Iter 23: V_size = 487, Converged = 297, ‖r‖ (largest λ) = 0.001182964558565348
Hybrid Davidson-JD corrections at iteration 24
Total MINRES iterations: 20
Iter 24: V_size = 640, Converged = 297, ‖r‖ (largest λ) = 0.002732953718288369
Hybrid Davidson-JD corrections at iteration 25
Total MINRES iterations: 0
Iter 25: V_size = 793, Converged = 297, ‖r‖ (largest λ) = 0.0009079728852797376
Hybrid Davidson-JD corrections at iteration 26
Total MINRES iterations: 129
Iter 26: V_size = 946, Converged = 297, ‖r‖ (largest λ) = 0.00310982834776917
Hybrid Davidson-JD corrections at iteration 27
Total MINRES iterations: 0
Iter 27: V_size = 1094, Converged = 302, ‖r‖ (largest λ) = 0.0016451164144400125
Hybrid Davidson-JD corrections at iteration 28
Total MINRES iterations: 3
Iter 28: V_size = 296, Converged = 302, ‖r‖ (largest λ) = 0.0015498483061243378
Hybrid Davidson-JD corrections at iteration 29
Total MINRES iterations: 0
Iter 29: V_size = 444, Converged = 302, ‖r‖ (largest λ) = 0.00504506115689308
Hybrid Davidson-JD corrections at iteration 30
Total MINRES iterations: 25
Iter 30: V_size = 592, Converged = 302, ‖r‖ (largest λ) = 0.005159266132322348
Converged all required eigenvalues.
4877.958031 seconds (105.55 M allocations: 7.095 TiB, 1.30% gc time, 0.02% compilation time)
Number of FLOPs: 53855303893381

Reading exact Eigenvalues...
Reading eigenvalues from ../../Eigenvalues_folder/eigenres_formaldehyde_RNDbasis1.jld2

Compute the difference between computed and exact eigenvalues:
1×300 adjoint(::Vector{Float64}) with eltype Float64:
 7.10543e-15  -3.55271e-15  7.10543e-15  3.55271e-15  -8.88178e-15  0.0  5.32907e-15  -1.59872e-14  0.0  0.0  -4.44089e-15  -8.88178e-16  4.44089e-15  0.0  0.0  -8.88178e-16  2.66454e-15  2.66454e-15  4.44089e-15  -8.88178e-16  0.0  8.88178e-16  8.88178e-16  -1.77636e-15  -8.88178e-16  -2.66454e-15  1.77636e-15  -8.88178e-16  -2.22045e-15  8.88178e-16  -4.44089e-16  -1.77636e-15  0.0  4.44089e-16  1.77636e-15  0.0  1.33227e-15  8.88178e-16  8.88178e-16  1.77636e-15  8.88178e-16  4.44089e-16  0.0  -8.88178e-16  1.33227e-15  -2.66454e-15  0.0  -4.44089e-16  -4.44089e-16  8.88178e-16  0.0  -8.88178e-16  4.44089e-16  2.22045e-15  0.0  8.88178e-16  -4.44089e-16  4.44089e-16  0.0  1.33227e-15  2.22045e-15  6.66134e-16  2.22045e-16  6.66134e-16  2.22045e-16  1.11022e-15  2.22045e-16  4.44089e-16  -8.88178e-16  6.66134e-16  1.11022e-15  -1.77636e-15  -4.44089e-16  -4.44089e-16  -3.55271e-15  8.88178e-16  -2.22045e-16  -8.88178e-16  -2.22045e-16  8.88178e-16  -4.44089e-16  0.0  0.0  6.66134e-16  1.11022e-15  3.55271e-15  8.88178e-16  2.22045e-16  -1.33227e-15  4.44089e-16  0.0  4.44089e-16  -4.44089e-16  -2.22045e-16  0.0  6.66134e-16  -1.55431e-15  6.66134e-16  8.88178e-16  1.55431e-15  1.77636e-15  -1.33227e-15  -6.66134e-16  1.55431e-15  1.55431e-15  -6.66134e-16  1.55431e-15  3.33067e-15  -6.66134e-16  -1.33227e-15  -3.37508e-14  -2.37588e-14  -4.32987e-14  -2.39364e-13  -2.81108e-13  -2.72449e-12  -4.14313e-12  -1.10578e-13  -8.67661e-12  -4.08158e-11  -1.31548e-10  -2.40505e-10  -1.5837e-10  -2.0663e-10  -1.36481e-10  -1.08352e-10  -3.90799e-10  -3.53259e-10  -4.63495e-10  -8.09996e-10  -3.75069e-10  -6.62497e-10  -1.48144e-9  -1.87983e-9  -2.4224e-9  -1.56544e-9  -1.75021e-9  -2.01915e-9  -2.28146e-9  -1.64108e-9  -1.84953e-9  -2.38291e-9  -3.65768e-9  -2.38942e-9  -2.54146e-9  -5.31586e-9  -4.64907e-9  -7.42766e-9  -2.81935e-9  -6.97872e-9  -6.52148e-9  -3.07594e-9  -4.68801e-9  -9.40223e-9  -7.19358e-9  -1.28711e-8  -1.62224e-8  -1.55636e-8  -2.70938e-8  -1.65221e-8  -3.86084e-8  -4.33377e-8  -3.53384e-8  -2.68557e-8  -3.95215e-8  -4.09346e-8  -3.69087e-8  -4.19471e-8  -9.73826e-8  -6.4831e-8  -7.69178e-8  -6.48141e-8  -5.28821e-8  -1.19165e-7  -9.95102e-8  -1.0152e-7  -1.23996e-7  -1.36607e-7  -8.0583e-8  -1.0272e-7  -1.28065e-7  -1.31878e-7  -2.73279e-7  -2.59243e-7  -2.93175e-7  -1.96912e-7  -2.14234e-7  -3.57066e-7  -3.38068e-7  -2.88414e-7  -2.91803e-7  -1.85251e-7  -2.76811e-7  -2.56707e-7  -4.85251e-7  -5.88074e-7  -2.75323e-7  -6.08835e-7  -3.30936e-7  -6.14786e-7  -3.37081e-7  -4.71248e-7  -4.89103e-7  -5.56885e-7  -3.1265e-7  -7.00514e-7  -9.11199e-7  -8.53639e-7  -5.45816e-7  -1.11278e-6  -9.26346e-7  -8.49887e-7  -6.43533e-7  -1.04206e-6  -1.28255e-6  -8.16625e-7  -1.48563e-6  -1.33652e-6  -1.18783e-6  -9.88523e-7  -1.1969e-6  -1.60982e-6  -1.18309e-6  -1.15174e-6  -1.03398e-6  -1.96725e-6  -1.81181e-6  -1.62307e-6  -1.51941e-6  -2.17681e-6  -1.66496e-6  -2.34624e-6  -1.56258e-6  -2.41995e-6  -2.83664e-6  -1.94797e-6  -3.91757e-6  -3.09786e-6  -2.09034e-6  -2.88975e-6  -4.27455e-6  -4.47009e-6  -5.2436e-6  -3.3503e-6  -3.0164e-6  -5.08895e-6  -5.43543e-6  -5.20795e-6  -6.16489e-6  -6.33736e-6  1.21229e-9  -6.37179e-6  -6.66784e-6  2.57192e-9  -5.10737e-6  -1.08591e-9  -1.22189e-9  -2.86253e-9  -2.57999e-9  -1.55751e-9  -2.33712e-9  -1.95626e-9  -3.49646e-9  -2.35872e-9  -4.47292e-9  -3.39995e-9  -3.95283e-9  -6.01663e-9  -6.10867e-9  -3.9116e-9  -5.87273e-9  -6.16948e-9  -6.27995e-10  -1.41141e-9  -1.29622e-9  -1.07704e-9  -2.10518e-9  -1.06601e-9  -1.16162e-9  -3.26816e-9  -1.44543e-9  -3.82495e-9  -1.13904e-8  -3.13682e-9  -7.71916e-6  -4.0665e-9  -6.69246e-9  -3.68069e-8  -2.84958e-8  -3.19988e-8  -3.92426e-9  -3.56822e-7  -1.09455e-6  -1.03247e-6  2.31876e-8  -2.48583e-9  -8.34488e-7  -3.93027e-6  9.74906e-8  -2.71834e-8
300 Eigenvalues converges, out of 300 requested.
Running with l = 600
Starting Davidson with n_aux = 2400, l_buffer = 900, lc = 606, thresh = 0.0025, max_iter = 100
Iter 1: V_size = 120, Converged = 0, ‖r‖ (largest λ) = 0.10358086508213564
Iter 2: V_size = 240, Converged = 0, ‖r‖ (largest λ) = 0.025588054618247306
Iter 3: V_size = 480, Converged = 0, ‖r‖ (largest λ) = 0.005422886881735896
Iter 4: V_size = 960, Converged = 0, ‖r‖ (largest λ) = 0.0006278081963591829
Iter 5: V_size = 1857, Converged = 3, ‖r‖ (largest λ) = 7.638828250977523e-5
Iter 6: V_size = 1794, Converged = 3, ‖r‖ (largest λ) = 0.000309542107819557
Iter 7: V_size = 1794, Converged = 3, ‖r‖ (largest λ) = 0.000432750921079079
Iter 8: V_size = 1794, Converged = 3, ‖r‖ (largest λ) = 0.00019612600253548308
Iter 9: V_size = 1302, Converged = 249, ‖r‖ (largest λ) = 0.0001402100988637185
Hybrid Davidson-JD corrections at iteration 10
Total MINRES iterations: 151
Iter 10: V_size = 1953, Converged = 249, ‖r‖ (largest λ) = 0.00011264657211560328
Hybrid Davidson-JD corrections at iteration 11
Total MINRES iterations: 0
Iter 11: V_size = 1302, Converged = 249, ‖r‖ (largest λ) = 0.00010059845025189954
Converged all required eigenvalues.
3756.011528 seconds (126.74 M allocations: 8.591 TiB, 1.88% gc time)
Number of FLOPs: 37130864981551

Reading exact Eigenvalues...
Reading eigenvalues from ../../Eigenvalues_folder/eigenres_formaldehyde_RNDbasis1.jld2

Compute the difference between computed and exact eigenvalues:
1×600 adjoint(::Vector{Float64}) with eltype Float64:
 -1.06581e-14  0.0  2.84217e-14  1.77636e-15  -1.77636e-15  0.0  5.32907e-15  -1.24345e-14  0.0  5.32907e-15  -8.88178e-16  -8.88178e-16  8.88178e-16  0.0  0.0  1.77636e-15  8.88178e-16  8.88178e-16  1.77636e-15  -8.88178e-16  3.55271e-15  0.0  -2.66454e-15  -1.77636e-15  4.44089e-15  -3.55271e-15  0.0  1.77636e-15  0.0  1.33227e-15  -1.33227e-15  0.0  3.55271e-15  2.22045e-15  -1.33227e-15  4.44089e-16  4.88498e-15  3.9968e-15  3.10862e-15  8.88178e-16  2.22045e-15  8.88178e-16  -5.77316e-15  8.88178e-16  1.33227e-15  -1.33227e-15  0.0  -4.44089e-15  0.0  -2.22045e-15  -4.44089e-16  -1.33227e-15  4.44089e-16  1.33227e-15  -5.32907e-15  -4.44089e-15  -4.44089e-16  -2.66454e-15  -2.66454e-15  1.77636e-15  -5.10703e-15  2.44249e-15  1.9984e-15  1.9984e-15  5.77316e-15  6.66134e-16  2.88658e-15  6.66134e-16  -1.9984e-15  1.77636e-15  -3.9968e-15  1.77636e-15  -3.55271e-15  -3.77476e-15  2.22045e-15  -4.44089e-15  7.10543e-15  5.10703e-15  -1.77636e-15  -4.44089e-16  -3.10862e-15  -2.66454e-15  3.55271e-15  1.33227e-15  1.11022e-15  5.10703e-15  5.55112e-15  4.21885e-15  -7.99361e-15  4.88498e-15  -7.77156e-15  -8.88178e-16  -4.44089e-16  -2.44249e-15  8.43769e-15  -4.44089e-16  6.43929e-15  4.44089e-15  3.10862e-15  7.99361e-15  3.33067e-15  4.88498e-15  4.66294e-15  -5.10703e-15  -9.32587e-15  -4.21885e-15  -5.55112e-15  -9.32587e-15  6.66134e-16  5.77316e-15  8.88178e-16  -2.66454e-15  -9.76996e-15  -6.21725e-15  -1.11022e-15  -1.13243e-14  -1.02141e-14  5.77316e-15  -9.99201e-15  -1.08802e-14  -2.34257e-13  -5.10703e-14  -4.9194e-13  -2.28706e-13  -1.1614e-12  -1.20104e-12  -1.12682e-10  -1.99314e-10  -2.80519e-10  -2.80353e-10  -2.72364e-10  -2.71917e-10  -2.54376e-10  -6.92526e-10  -3.40319e-10  -4.74479e-10  -7.07516e-10  -1.22141e-9  -1.03609e-9  -6.95477e-10  -6.59421e-10  -9.3878e-10  -7.84542e-10  -1.90058e-9  -6.99386e-10  -1.01592e-9  -1.83343e-9  -2.30301e-9  -1.10728e-9  -1.25289e-9  -2.46382e-9  -2.42548e-9  -1.31176e-9  -2.42021e-9  -3.23178e-9  -3.61816e-9  -4.53212e-9  -4.12461e-9  -4.43288e-9  -8.31373e-9  -7.56675e-9  -7.36178e-9  -7.74814e-9  -8.43879e-9  -8.82275e-9  -7.38049e-9  -1.01994e-8  -1.26983e-8  -1.1293e-8  -9.70188e-9  -1.21636e-8  -6.0104e-9  -1.34334e-8  -2.0499e-8  -1.50431e-8  -2.2948e-8  -2.78896e-8  -2.18015e-8  -2.03655e-8  -1.96583e-8  -2.67922e-8  -3.05514e-8  -3.08249e-8  -2.08898e-8  -3.72765e-8  -2.755e-8  -2.72901e-8  -3.73836e-8  -2.51927e-8  -2.54578e-8  -4.61653e-8  -2.96695e-8  -3.22455e-8  -2.45094e-8  -4.78168e-8  -3.99675e-8  -4.84683e-8  -4.1491e-8  -5.08993e-8  -7.25852e-8  -3.80678e-8  -4.3289e-8  -4.5521e-8  -5.38288e-8  -4.92564e-8  -5.80889e-8  -8.04841e-8  -8.42254e-8  -6.87905e-8  -6.12907e-8  -1.10048e-7  -8.34618e-8  -8.62471e-8  -9.6895e-8  -6.08742e-8  -7.85559e-8  -6.11336e-8  -8.63366e-8  -7.65742e-8  -9.57934e-8  -9.17331e-8  -1.07821e-7  -9.67851e-8  -7.36956e-8  -1.36328e-7  -8.76073e-8  -1.42861e-7  -1.32297e-7  -1.6731e-7  -9.08281e-8  -1.28375e-7  -1.57613e-7  -1.30722e-7  -1.32371e-7  -1.61578e-7  -1.98096e-7  -2.33348e-7  -1.50232e-7  -2.16059e-7  -1.81502e-7  -2.42499e-7  -2.31184e-7  -2.03941e-7  -1.94444e-7  -2.5231e-7  -3.61425e-8  -2.84053e-8  -3.19832e-8  -2.34394e-8  -2.97402e-8  -2.05869e-7  -1.52005e-7  -2.37745e-7  -2.50264e-7  -2.94278e-8  -4.4045e-8  -3.81922e-8  -4.9613e-8  -2.55179e-8  -3.2687e-8  -3.72446e-8  -3.96712e-8  -3.79847e-8  -3.25233e-8  -4.84509e-8  -5.49235e-8  -5.62113e-8  -6.91932e-8  -3.77452e-8  -3.61546e-8  -3.88212e-8  -5.9333e-8  -7.00016e-8  -5.68538e-8  -7.31023e-8  -7.75247e-8  -8.52718e-8  -7.29634e-8  -6.3637e-8  -8.92223e-8  -8.29686e-8  -7.19686e-8  -9.23035e-8  -8.78564e-8  -5.77169e-8  -9.57712e-8  -8.78535e-8  -1.04978e-7  -9.14148e-8  -1.13985e-7  -1.24838e-7  -1.00869e-7  -8.78556e-8  -9.09728e-8  -9.8643e-8  -1.21115e-7  -9.29269e-8  -8.6755e-8  -1.28429e-7  -1.20789e-7  -1.41382e-7  -1.15859e-7  -2.17473e-7  -1.45684e-7  -1.64447e-7  -1.86728e-7  -1.4938e-7  -1.19597e-7  -1.67233e-7  -1.33181e-7  -1.77614e-7  -1.94662e-7  -1.89235e-7  -1.72149e-7  -2.20691e-7  -1.75987e-7  -1.9994e-7  -2.44742e-7  -2.50096e-7  -1.7404e-7  -2.59661e-7  -2.21807e-7  -2.56627e-7  -2.48177e-7  -2.01208e-7  -2.79378e-7  -1.65299e-7  -3.07056e-7  -2.8765e-7  -2.08501e-7  -2.48169e-7  -2.46206e-7  -2.78589e-7  -3.44019e-7  -2.27593e-7  -3.23606e-7  -2.73506e-7  -3.81949e-7  -3.31973e-7  -4.10977e-7  -3.36365e-7  -4.73232e-7  -3.23276e-7  -3.48498e-7  -3.66007e-7  -4.10884e-7  -4.64336e-7  -4.48256e-7  -4.64942e-7  -4.8508e-7  -4.67464e-7  -5.90647e-7  -5.52817e-7  -4.61219e-7  -4.66077e-7  -5.72901e-7  -5.03308e-7  -4.39455e-7  -5.554e-7  -5.71851e-7  -7.12728e-7  -8.11635e-7  -8.78699e-7  -5.67822e-7  -7.24063e-7  -9.58738e-7  -7.9708e-7  -7.15887e-7  -7.29479e-7  -9.32023e-7  -8.54968e-7  -7.63862e-7  -7.88952e-7  -9.18331e-7  -9.35365e-7  -7.41949e-7  -1.03342e-6  -1.02599e-6  -9.96236e-7  -1.00627e-6  -1.10089e-6  -8.14317e-7  -1.0834e-6  -1.13099e-6  -1.21181e-6  -8.66445e-7  -9.85435e-7  -1.51455e-6  -8.98652e-7  -1.48485e-6  -1.42447e-6  -1.50826e-6  -1.14739e-6  -1.66993e-6  -1.22707e-6  -1.50246e-6  -1.91613e-6  -1.58088e-6  -1.80159e-6  -2.021e-6  -1.2487e-6  -1.22224e-6  -1.21932e-6  -1.16726e-6  -1.08207e-6  -1.34681e-6  -1.236e-6  -1.26233e-6  -1.14359e-6  -9.50795e-7  -1.37705e-6  -9.76756e-7  -1.18173e-6  -1.33387e-6  -1.20219e-6  -1.20945e-6  -1.41995e-6  -1.22314e-6  -1.09905e-6  -1.451e-6  -1.39812e-6  -1.50362e-6  2.7145e-13  -1.31562e-6  -1.35523e-6  -1.45357e-6  -1.33643e-6  -1.30166e-6  -1.96181e-6  -1.44055e-6  -1.38077e-6  -1.49383e-6  -2.01514e-6  -1.47109e-6  -1.44042e-6  -1.35035e-6  3.99379e-11  -1.56984e-6  -1.53092e-6  -1.36012e-6  -1.36652e-6  -1.48667e-6  -1.6519e-6  -1.62505e-6  5.11622e-11  -2.65984e-10  -1.64963e-6  -1.86219e-6  -1.71e-6  -1.8893e-6  2.9021e-11  2.03816e-11  -2.84213e-11  1.37831e-11  5.97219e-12  -7.45662e-10  -2.08034e-6  6.25744e-11  1.95155e-11  -4.18951e-12  -1.7717e-6  -3.21058e-11  -1.74107e-6  -1.61201e-6  -8.22921e-11  1.55523e-11  3.08528e-11  -1.83094e-6  -6.01978e-10  -1.93671e-6  -2.22492e-6  -1.14728e-12  -1.40747e-6  -1.84705e-6  -1.85056e-6  1.08273e-11  -1.53513e-6  -1.91553e-6  -2.99337e-11  -1.70921e-6  -8.03785e-11  -2.08225e-6  -2.45915e-6  -1.69119e-6  -1.82975e-6  -2.34075e-6  -2.11354e-6  -1.71727e-6  -2.24957e-6  -1.98134e-6  -2.33095e-6  -2.13094e-6  -2.06437e-6  -2.13098e-6  -2.96091e-6  -2.4442e-6  -2.21498e-6  -1.93386e-9  -2.70177e-6  -2.19008e-6  -1.77747e-6  -2.54905e-6  -2.32075e-6  -2.30524e-6  -2.25073e-6  -1.93728e-6  -2.51568e-6  -2.402e-6  -2.63664e-6  -2.98512e-6  -2.28029e-6  -2.5263e-6  -1.09097e-10  -2.5929e-6  -2.42458e-6  -2.72824e-6  -2.28543e-6  -2.68442e-6  -2.83084e-6  -2.60484e-6  -3.17793e-10  -5.04265e-10  -3.33806e-6  -1.77679e-10  -2.83279e-6  -2.61896e-10  -1.59695e-10  -2.13474e-9  -2.93927e-6  -2.21867e-10  -2.6591e-6  -7.82834e-10  -1.82395e-10  -1.7551e-10  -3.63926e-6  -1.27117e-10  -2.81308e-6  -2.46856e-6  -1.73886e-10  -1.88018e-10  -2.58386e-10  -2.53954e-10  -2.66533e-10  -1.52737e-10  -2.3852e-6  -2.36774e-6  -2.93423e-6  -8.48396e-10  -2.53658e-6  -3.29655e-10  -5.94211e-10  -3.0357e-6  -3.10481e-6  -2.93988e-6  -2.8048e-6  -5.2302e-10  -3.1525e-6  -3.03199e-6  -3.43254e-6  -3.46299e-9  -2.93328e-6  -1.22795e-9  -2.70598e-6  -2.44079e-6  -2.80371e-6  -2.92588e-6  -3.243e-6  -3.41252e-6  -3.1721e-6  -3.21847e-6  -2.87384e-6  -3.6481e-6  -9.08145e-9  -3.92986e-6  -3.95246e-6  -3.26272e-6  -3.55307e-6  -3.2812e-6  -3.9977e-6  -3.31233e-6  -3.20596e-6  -3.35576e-6  -3.36883e-6  -3.8688e-6  -3.75084e-6  -3.00979e-6  -3.44703e-6  -3.3612e-6  -3.88719e-6  -3.65213e-6  -3.83125e-6  -3.00828e-6  -3.49587e-6  -3.60982e-6  -3.57251e-6  -3.28853e-6  -3.14318e-6  -3.84361e-6  -3.63079e-6  -3.25016e-6
600 Eigenvalues converges, out of 600 requested.
Running with l = 1200
Starting Davidson with n_aux = 4800, l_buffer = 1800, lc = 1212, thresh = 0.003, max_iter = 100
Iter 1: V_size = 240, Converged = 0, ‖r‖ (largest λ) = 0.032488483234252935
Iter 2: V_size = 480, Converged = 0, ‖r‖ (largest λ) = 0.005894022566926656
Iter 3: V_size = 960, Converged = 0, ‖r‖ (largest λ) = 0.0006631194141480979
Iter 4: V_size = 1920, Converged = 0, ‖r‖ (largest λ) = 3.7134725888781206e-5
Iter 5: V_size = 3710, Converged = 10, ‖r‖ (largest λ) = 1.9791358956528203e-6
Iter 6: V_size = 3562, Converged = 19, ‖r‖ (largest λ) = 5.935506079909337e-6
Iter 7: V_size = 3562, Converged = 19, ‖r‖ (largest λ) = 8.288820578675107e-6
Iter 8: V_size = 3410, Converged = 95, ‖r‖ (largest λ) = 3.261749837839128e-6
Iter 9: V_size = 4572, Converged = 638, ‖r‖ (largest λ) = 2.2957256912670975e-6
Hybrid Davidson-JD corrections at iteration 10
Total MINRES iterations: 8251
Iter 10: V_size = 2324, Converged = 638, ‖r‖ (largest λ) = 1.0893459720565702e-5
Hybrid Davidson-JD corrections at iteration 11
Total MINRES iterations: 0
Iter 11: V_size = 3486, Converged = 638, ‖r‖ (largest λ) = 5.806424056202726e-5
Hybrid Davidson-JD corrections at iteration 12
Total MINRES iterations: 575
Iter 12: V_size = 4648, Converged = 638, ‖r‖ (largest λ) = 2.1932053677306123e-5
Converged all required eigenvalues.
35320.720713 seconds (599.57 M allocations: 40.534 TiB, 1.37% gc time)
Number of FLOPs: 130122128665482

Reading exact Eigenvalues...
Reading eigenvalues from ../../Eigenvalues_folder/eigenres_formaldehyde_RNDbasis1.jld2

Compute the difference between computed and exact eigenvalues:
1×1200 adjoint(::Vector{Float64}) with eltype Float64:
 -3.55271e-15  1.77636e-14  -7.10543e-15  7.10543e-15  1.77636e-15  -7.10543e-15  5.32907e-15  -2.13163e-14  0.0  -5.32907e-15  -2.66454e-15  1.77636e-15  3.55271e-15  1.77636e-15  -1.77636e-15  -8.88178e-16  2.66454e-15  2.66454e-15  0.0  -1.77636e-15  1.77636e-15  0.0  3.55271e-15  -4.44089e-15  -8.88178e-16  -2.66454e-15  8.88178e-16  -8.88178e-16  -1.33227e-15  2.66454e-15  -3.9968e-15  3.10862e-15  1.77636e-15  0.0  4.44089e-15  4.44089e-16  8.88178e-16  3.55271e-15  1.77636e-15  2.66454e-15  -2.22045e-15  -4.44089e-16  -8.88178e-16  -3.55271e-15  3.10862e-15  -1.77636e-15  2.22045e-15  2.66454e-15  -1.33227e-15  0.0  -3.10862e-15  4.44089e-16  8.88178e-16  1.77636e-15  0.0  -4.44089e-16  8.88178e-16  8.88178e-16  -2.22045e-15  2.22045e-15  -6.66134e-16  6.66134e-16  1.9984e-15  2.22045e-16  4.44089e-16  -4.44089e-16  2.22045e-16  1.33227e-15  -8.88178e-16  4.44089e-16  1.55431e-15  2.22045e-15  2.44249e-15  7.32747e-15  -8.43769e-15  -7.54952e-15  -4.44089e-15  -6.21725e-15  5.32907e-15  -2.44249e-15  -3.77476e-15  -7.99361e-15  1.9984e-15  1.9984e-15  3.33067e-15  2.66454e-15  1.77636e-15  -2.44249e-15  6.66134e-16  -3.10862e-15  -3.55271e-15  -1.33227e-15  -1.11022e-15  -1.55431e-15  1.11022e-15  -2.44249e-15  -3.33067e-15  -3.55271e-15  -2.66454e-15  8.88178e-16  1.55431e-15  8.88178e-16  -3.10862e-15  -6.66134e-16  6.66134e-16  -2.66454e-15  -8.88178e-16  6.66134e-16  0.0  -3.55271e-15  -1.11022e-15  -4.21885e-15  -3.33067e-15  3.9968e-15  -3.10862e-15  -8.88178e-16  8.88178e-16  -2.88658e-15  3.33067e-15  1.55431e-15  -1.9984e-15  1.77636e-15  9.99201e-16  4.44089e-15  -6.66134e-16  -3.33067e-15  -7.1233e-12  -2.06926e-11  -1.85225e-11  -2.41811e-11  -4.07137e-11  -4.76947e-11  -9.73402e-11  -1.89655e-10  -7.61957e-11  -1.1008e-10  -2.97627e-10  -2.72755e-10  -1.14779e-10  -2.57673e-10  -3.38707e-10  -2.55977e-10  -2.6781e-10  -2.53006e-10  -3.22013e-10  -3.65911e-10  -3.54355e-10  -7.48346e-10  -4.80603e-10  -5.10793e-10  -4.13923e-10  -8.92607e-10  -6.72402e-10  -5.67553e-10  -5.26172e-10  -1.38988e-9  -8.31862e-10  -1.43782e-9  -1.21854e-9  -1.09909e-9  -1.21663e-9  -1.69899e-9  -2.00164e-9  -3.19197e-9  -2.3031e-9  -1.97575e-9  -1.38217e-9  -2.10994e-9  -3.25267e-9  -1.88669e-9  -1.53739e-9  -2.24405e-9  -3.0317e-9  -3.87765e-9  -2.29255e-9  -4.60988e-9  -4.17185e-9  -4.93226e-9  -3.53162e-9  -3.04671e-9  -5.13517e-9  -4.62047e-9  -6.48952e-9  -4.60446e-9  -4.45776e-9  -4.22454e-9  -4.587e-9  -4.2763e-9  -5.58738e-9  -4.60641e-9  -5.64912e-9  -7.42517e-9  -5.26378e-9  -5.78206e-9  -8.46927e-9  -5.84483e-9  -6.12761e-9  -5.66349e-9  -7.97458e-9  -7.51483e-9  -5.69011e-9  -6.83725e-9  -7.41833e-9  -9.57905e-9  -6.97924e-9  -8.17847e-9  -1.41814e-8  -1.19181e-8  -9.17071e-9  -1.39013e-8  -8.83865e-9  -1.18143e-8  -1.29555e-8  -8.20006e-9  -1.05987e-8  -1.48853e-8  -1.28587e-8  -9.44965e-9  -9.30534e-9  -1.23311e-8  -1.24612e-8  -9.40819e-9  -9.55227e-9  -1.08233e-8  -9.80558e-9  -1.48678e-8  -1.16644e-8  -1.11423e-8  -9.84007e-9  -1.4325e-8  -1.42637e-8  -1.08621e-8  -1.4105e-8  -1.39982e-8  -1.71733e-8  -1.58795e-8  -1.40188e-8  -1.71863e-8  -1.4764e-8  -1.61584e-8  -2.41172e-8  -1.8134e-8  -1.98458e-8  -1.74535e-8  -2.96388e-8  -2.23334e-8  -1.93217e-8  -2.27151e-8  -1.60696e-8  -2.30109e-8  -1.77628e-8  -1.80698e-8  -2.72208e-8  -2.44991e-8  -2.76959e-8  -3.3739e-8  -2.14619e-8  -3.03816e-8  -3.58428e-8  -3.08002e-8  -3.33058e-8  -3.58326e-8  -2.66546e-8  -3.14512e-8  -3.97522e-8  -3.73268e-8  -2.985e-8  -4.20463e-8  -4.06935e-8  -3.4389e-8  -3.42217e-8  -3.75251e-8  -3.89089e-8  -4.29602e-8  -3.10572e-8  -4.51813e-8  -4.11967e-8  -3.23691e-8  -3.26919e-8  -7.01049e-8  -5.40929e-8  -4.71563e-8  -6.08512e-8  -3.92693e-8  -4.79924e-8  -5.26858e-8  -4.80437e-8  -5.65057e-8  -5.87049e-8  -5.2987e-8  -6.68673e-8  -8.60258e-8  -5.06747e-8  -7.01285e-8  -4.07573e-8  -5.16727e-8  -7.41071e-8  -6.35984e-8  -5.45741e-8  -5.69943e-8  -6.84839e-8  -8.78266e-8  -9.32782e-8  -6.85021e-8  -5.89943e-8  -6.46265e-8  -7.63972e-8  -6.2604e-8  -6.81116e-8  -7.6384e-8  -7.63033e-8  -6.52814e-8  -5.10474e-8  -8.31961e-8  -1.0022e-7  -8.51042e-8  -1.18098e-7  -1.01209e-7  -1.39619e-7  -1.10112e-7  -1.32638e-7  -1.11695e-7  -1.02867e-7  -1.00776e-7  -1.17157e-7  -1.09355e-7  -1.05104e-7  -1.04594e-7  -1.57161e-7  -1.15051e-7  -1.37222e-7  -1.20971e-7  -1.24187e-7  -1.63318e-7  -1.38329e-7  -1.97317e-7  -1.27891e-7  -1.54844e-7  -1.51127e-7  -1.33529e-7  -1.71962e-7  -2.16552e-7  -1.24878e-7  -2.39063e-7  -1.86346e-7  -2.05494e-7  -1.47277e-7  -2.08239e-7  -2.98768e-9  -1.61558e-7  -2.39241e-7  -1.9831e-7  -2.22836e-7  -2.42738e-7  -1.37616e-7  -2.63545e-7  -2.72769e-7  -2.49591e-7  -3.12582e-7  -2.37506e-7  -2.63956e-7  -4.52757e-9  -2.47148e-7  -2.36941e-7  -2.81397e-7  1.52384e-12  -3.5461e-7  -3.06438e-7  -5.76006e-9  -4.71329e-9  -3.18659e-7  -4.05784e-7  -2.88447e-7  -7.49021e-9  -6.43132e-9  -5.77076e-9  -4.41479e-9  -7.28259e-9  -5.28502e-9  -6.24355e-9  -6.84875e-9  -7.75995e-9  -6.54125e-9  3.5712e-12  -6.36008e-9  -5.83232e-9  -7.87231e-9  -8.96084e-9  -6.09901e-9  -9.48876e-9  -9.84656e-9  -1.03182e-8  -7.91604e-9  -1.07504e-8  -1.0764e-8  7.39386e-12  -8.86873e-9  -8.25288e-9  -9.8408e-9  -1.09626e-8  -9.2103e-9  -1.21886e-8  3.35096e-12  -7.59988e-9  -1.04468e-8  -1.02883e-8  -1.20552e-8  7.76609e-12  -8.33205e-9  -8.80306e-9  -7.14981e-9  7.57916e-12  -8.92557e-9  -1.11231e-8  -1.24503e-8  -1.29347e-8  -1.2851e-8  5.55705e-12  -8.97408e-9  -7.69958e-9  -1.30452e-8  -8.70092e-9  -1.22368e-8  -1.29888e-8  -1.84939e-8  -6.64348e-9  9.65969e-12  -1.40866e-8  -1.26837e-8  -1.22515e-8  8.93599e-12  -1.61238e-8  -1.67667e-8  -1.12584e-8  -1.32309e-8  -1.57202e-8  -1.07251e-8  -1.98452e-8  -1.55094e-8  -1.38687e-8  -1.62512e-8  -1.97393e-8  1.06441e-11  -1.91423e-8  -1.87879e-8  -1.79831e-8  -2.23007e-8  -1.74108e-8  -1.80758e-8  -1.52123e-8  -1.66493e-8  -1.73162e-8  1.66995e-11  -1.60368e-8  -1.96028e-8  -1.76655e-8  -1.81245e-8  -2.03374e-8  -1.92156e-8  -1.71583e-8  -1.55597e-8  -2.16512e-8  -2.55838e-8  -9.54116e-9  -1.54971e-8  -2.1199e-8  -1.00533e-8  1.36421e-11  -2.43831e-8  -2.07862e-8  -2.67813e-8  -2.21405e-8  -2.10681e-8  -2.44333e-8  -2.63117e-8  -2.25789e-8  -2.12856e-8  -2.27363e-8  -2.09981e-8  2.1461e-11  -1.85517e-8  -2.29511e-8  2.90541e-11  1.29578e-11  -1.66009e-8  -3.42587e-8  -2.59126e-8  -2.28075e-8  -2.19138e-8  -2.41195e-8  -2.88107e-8  -2.34788e-8  -2.62712e-8  -3.2783e-8  -3.24412e-8  -2.85668e-8  -2.75351e-8  -9.34872e-9  1.67986e-11  -2.38338e-8  -3.28855e-8  -3.35035e-8  -2.44193e-8  -3.11922e-8  -2.21676e-8  -3.08007e-8  -2.29922e-8  -3.63054e-8  -3.16232e-8  -3.53181e-8  -3.30761e-8  -3.56937e-8  -2.86545e-8  -3.1048e-8  -3.59074e-8  -4.1315e-8  -1.32374e-8  -3.45199e-8  -3.41857e-8  -4.23369e-8  -1.58193e-8  -3.8168e-8  -3.97819e-8  -3.94215e-8  -3.82976e-8  -4.50796e-8  -3.74757e-8  -2.95258e-8  -4.31176e-8  -3.5125e-8  -4.64005e-8  -4.53585e-8  -3.45027e-8  -3.74698e-8  -4.21564e-8  -2.95272e-8  -3.5783e-8  -4.22275e-8  -3.13268e-8  -3.4396e-8  -3.04984e-8  6.3555e-11  -2.5931e-8  5.12862e-11  -3.09827e-8  -3.88869e-8  -3.59242e-8  -4.20063e-8  -4.36897e-8  2.77841e-11  -1.0302e-8  -3.84354e-8  -5.215e-8  -5.13586e-8  -4.66278e-8  -5.00173e-8  -4.11886e-8  -4.7069e-8  -5.23505e-8  -4.07467e-8  -4.29055e-8  -4.03885e-8  -4.35124e-8  -4.84658e-8  -4.4133e-8  -4.34394e-8  -4.20307e-8  -4.26863e-8  -5.31036e-8  -3.91845e-8  -3.89183e-8  -4.40646e-8  -4.84013e-8  -5.00189e-8  -4.89188e-8  -4.71316e-8  -4.84032e-8  -5.08584e-8  -4.61129e-8  -4.84992e-8  -4.46775e-8  -4.65141e-8  -4.64981e-8  -5.23734e-8  -5.09447e-8  -5.19554e-8  9.79658e-12  -3.54091e-8  -4.82207e-8  -5.19495e-8  -4.46703e-8  -4.44614e-8  -4.54455e-8  -5.03525e-8  -5.80611e-8  -6.64589e-8  -4.8598e-8  -5.29285e-8  -6.0249e-8  -5.15566e-8  -4.8037e-8  -5.90051e-8  -5.2305e-8  -1.67422e-8  2.29254e-11  -3.86117e-8  -4.27959e-8  -6.71816e-8  -2.28139e-9  1.78882e-11  -5.818e-8  -5.29693e-8  -9.21615e-10  2.30619e-11  -6.01051e-8  -6.01228e-8  -4.8054e-8  -4.85244e-8  -4.86236e-8  -3.82292e-8  -5.36071e-8  -5.78165e-8  -3.81134e-8  -4.72117e-8  -5.31209e-8  -6.01528e-8  -5.55038e-8  -5.6032e-8  -5.33953e-8  -5.34912e-8  -4.89531e-8  -6.0897e-8  -5.90926e-8  -4.69527e-8  -5.58484e-8  -5.02388e-8  -5.05829e-8  -5.99265e-8  -5.7465e-8  -6.57898e-8  -4.93306e-8  -5.36193e-8  -5.27988e-8  -5.9035e-8  -5.1185e-8  -4.84461e-8  -6.75403e-8  -5.61939e-8  -4.86952e-8  -5.21758e-8  -6.09986e-8  -5.16034e-8  -4.97402e-8  -5.51507e-8  -5.7287e-8  -5.88566e-8  -4.65106e-8  -5.60623e-8  -4.89633e-8  -5.33251e-8  -5.40753e-8  -5.49108e-8  -5.13251e-8  -4.77374e-8  -5.5169e-8  -6.01753e-8  -5.53283e-8  -5.0847e-8  -5.844e-8  -5.15319e-8  -5.66174e-8  -5.62754e-8  -5.1781e-8  -5.81301e-8  -4.95002e-8  -5.84307e-8  -5.63765e-8  -5.6736e-8  -5.22335e-8  -5.71912e-8  -5.07566e-8  -5.53233e-8  -6.42649e-8  -5.89589e-8  -5.98652e-8  -4.82862e-8  -4.67405e-8  -5.37405e-8  -5.26264e-8  -5.22725e-8  -5.65063e-8  -5.52531e-8  -5.45682e-8  -4.62623e-8  -5.77928e-8  -5.88413e-8  -5.0715e-8  -5.6588e-8  -5.50379e-8  -5.3618e-8  -5.76094e-8  -5.72883e-8  -6.12727e-8  -5.28537e-8  -5.20081e-8  -5.33735e-8  -5.62708e-8  -5.00782e-8  -5.91923e-8  -5.12519e-8  -5.64519e-8  -5.73931e-8  -5.00137e-8  -4.97846e-8  -4.93841e-8  -5.56269e-8  -5.56235e-8  -5.90755e-8  -6.30954e-8  -5.45868e-8  -4.94021e-8  -5.27961e-8  -4.97406e-8  -5.66573e-8  -5.87334e-8  -5.10673e-8  -5.28832e-8  -5.63841e-8  -5.39527e-8  -4.9354e-8  -5.23112e-8  -5.04763e-8  -5.4957e-8  -5.32242e-8  -5.11707e-8  -5.32479e-8  -5.46769e-8  -4.98922e-8  -5.04454e-8  -4.98295e-8  -5.73501e-8  -5.80318e-8  -6.1602e-8  -5.32661e-8  -5.4662e-8  -5.39436e-8  -5.31081e-8  -5.44127e-8  -5.03196e-8  -4.72405e-8  -5.19959e-8  -4.84375e-8  -5.16126e-8  -4.8629e-8  -5.43885e-8  -4.91089e-8  -5.72813e-8  -5.48514e-8  -5.0729e-8  -5.28587e-8  -5.28162e-8  -5.18668e-8  -5.42312e-8  -4.98395e-8  -5.35457e-8  -4.79363e-8  -5.41071e-8  -4.64664e-8  -5.2711e-8  -4.79966e-8  -6.0653e-8  -5.8377e-8  -5.42938e-8  -5.18701e-8  -5.29791e-8  -4.87329e-8  -5.97214e-8  -4.72493e-8  -5.35159e-8  -5.34863e-8  -5.79415e-8  -4.87336e-8  -5.58462e-8  -5.02699e-8  -4.91617e-8  -4.9417e-8  -5.59133e-8  -5.13336e-8  -5.09528e-8  -5.38901e-8  -4.99855e-8  -5.02362e-8  -4.49969e-8  -5.24567e-8  -5.02904e-8  -5.23328e-8  -4.43184e-8  -5.59865e-8  -5.41358e-8  -4.25074e-8  -5.29831e-8  -4.65437e-8  -4.7195e-8  -5.06528e-8  -5.35694e-8  -4.75372e-8  -5.73403e-8  -5.65628e-8  -4.85666e-8  -5.32649e-8  -4.47633e-8  -4.86589e-8  -5.34069e-8  -5.04053e-8  -5.229e-8  -5.37358e-8  -4.38568e-8  -4.88229e-8  -5.48145e-8  -5.24511e-8  -5.392e-8  -5.53646e-8  -5.19938e-8  -4.9645e-8  -5.45448e-8  -5.40719e-8  -5.07888e-8  -5.13675e-8  -5.29468e-8  -5.2337e-8  -5.66502e-8  -4.43488e-8  -4.55093e-8  -4.97993e-8  -5.33468e-8  -5.05797e-8  -5.26151e-8  -4.89981e-8  -5.3852e-8  -5.5309e-8  -5.69752e-8  -5.45791e-8  -5.20116e-8  -5.03199e-8  -5.32085e-8  -5.6521e-8  -5.21625e-8  -5.16025e-8  -5.14934e-8  -4.79413e-8  -5.29374e-8  -5.7572e-8  -5.40383e-8  -5.21375e-8  -5.90489e-8  -5.66839e-8  -5.05944e-8  -6.27664e-8  -5.49599e-8  -4.92455e-8  -5.08282e-8  -5.65744e-8  -4.9391e-8  -5.16481e-8  -5.05844e-8  -5.11847e-8  -5.49492e-8  -5.04057e-8  -5.47543e-8  -4.51078e-8  -5.19974e-8  -5.29387e-8  -5.32618e-8  -5.01725e-8  -5.36884e-8  -4.93676e-8  -5.30028e-8  -5.40783e-8  -4.99279e-8  -4.49211e-8  -5.58228e-8  -5.35095e-8  -4.87754e-8  -5.23603e-8  -5.06523e-8  -4.67651e-8  -5.61613e-8  -5.49282e-8  -4.82267e-8  -5.4633e-8  -5.47424e-8  -5.48249e-8  -5.9665e-8  -4.90903e-8  -5.62268e-8  -4.75127e-8  -5.3169e-8  -5.13121e-8  -5.53108e-8  -5.05597e-8  -5.90387e-8  -4.8061e-8  -5.3499e-8  -4.9732e-8  -5.5616e-8  -5.51659e-8  -5.13096e-8  -5.19953e-8  -5.54104e-8  -5.63277e-8  -5.62152e-8  -5.21645e-8  -5.7191e-8  -5.54957e-8  -5.58721e-8  -6.29293e-8  -6.01051e-8  -5.49824e-8  -6.59923e-8  -5.40839e-8  -6.53942e-8  -1.26099e-5  -5.4491e-8  -1.25853e-5  -1.28043e-5  -4.88947e-8  -6.13349e-8  -1.32527e-5  -6.15896e-8  -1.39299e-5  -1.25488e-5  -1.41555e-5  -1.37076e-5  -5.53068e-8  -6.30316e-8  -1.27258e-6  -1.14925e-5  -5.51447e-8  -5.83299e-8  -1.23831e-5  -1.34228e-5  -5.83389e-8  -1.33952e-5  8.69485e-9  -6.43645e-6  -5.82834e-6  -7.01792e-8  -6.01456e-8  -5.62404e-8  -1.23013e-5  -1.3622e-5  -5.06681e-8  -1.12319e-5  -3.35879e-6  -1.43411e-5  -1.33459e-5  -1.30572e-5  -1.3278e-5  -1.36092e-5  -3.84521e-8  -1.4004e-5  -1.41591e-5  -1.34325e-5  -1.36649e-5  -1.31071e-5  -1.38265e-5  -1.37705e-5  -1.39872e-5  -1.38425e-5  -1.32737e-5  -1.28905e-5  -1.35191e-5  -1.31772e-5  -1.37296e-5  -1.44153e-5  -1.2999e-5  -1.28776e-5  -1.33877e-5  -1.40197e-5  -1.37099e-5  -1.37127e-5  -1.41084e-5  -1.33911e-5  -1.32941e-5  -1.43693e-5  -1.32706e-5  -1.29757e-5  -1.32037e-5  -1.41751e-5  -1.42099e-5  -1.31581e-5  -1.32269e-5  -1.35982e-5  -1.27881e-5  -1.41329e-5  -1.44737e-5  -1.47676e-5  -1.35477e-5  -1.41721e-5  -1.28913e-5  -1.47573e-5  -1.32355e-5  -1.42446e-5  -1.32654e-5  -1.32618e-5  -1.42673e-5  -1.49601e-5  -1.36157e-5  -1.3649e-5  -1.27887e-5  -1.44276e-5  -1.369e-5  -1.38841e-5  -1.39846e-5  -1.35185e-5  -1.27981e-5  -1.24219e-5  -1.2663e-5  -1.26525e-5  -1.30981e-5  -1.31109e-5  -1.32222e-5  -1.2864e-5  -1.30217e-5  -1.32387e-5  -1.42158e-5  -1.31967e-5  -1.353e-5  -1.25502e-5  -1.41095e-5  -1.42348e-5  -1.39908e-5  -1.36528e-5  -1.37661e-5  -1.32609e-5  -1.24979e-5  -1.30216e-5  -1.38767e-5  -1.30153e-5  -1.33987e-5  -1.32932e-5  -1.42309e-5  -1.28956e-5  -1.34764e-5  -1.37184e-5  -1.25152e-5  -1.23931e-5  -1.33981e-5  -1.50607e-5  -1.22053e-5  -1.38126e-5  -1.30499e-5  -1.19759e-5  -1.18364e-5  -1.25464e-5  -1.46878e-5  -1.3046e-5  -1.24005e-5  -1.28997e-5  -1.38287e-5  -1.29096e-5  -1.30619e-5  -1.3116e-5  -1.24967e-5  -1.27639e-5  -1.28077e-5  -1.36061e-5  -1.31213e-5  -1.25393e-5  -1.3531e-5  -1.34391e-5  -1.32388e-5  -1.3215e-5  -1.30499e-5  -1.34192e-5  -1.28006e-5  -1.26712e-5  -1.25652e-5  -1.25379e-5  -1.17377e-5  -1.24276e-5  -1.26231e-5  -1.28637e-5  -1.20362e-5  -1.36514e-5  -1.25455e-5  -1.27853e-5  -1.28815e-5  -1.28009e-5  -1.33619e-5  -1.23307e-5  -1.32056e-5  -1.29856e-5  -1.21959e-5  -1.22048e-5  -1.21549e-5  -1.34001e-5  -1.22996e-5  -1.29379e-5  -1.22905e-5  -1.27071e-5  -1.21443e-5  -1.233e-5  -1.31114e-5  -1.19872e-5  -1.35935e-5  -1.31139e-5  -1.1424e-5  -1.21166e-5  -1.1938e-5  -1.33983e-5  -1.3385e-5  -1.26264e-5  -1.26297e-5  -1.30146e-5  -1.21685e-5  -1.23125e-5  -1.2673e-5  -1.24086e-5  -1.14958e-5  -1.25174e-5  -1.15081e-5  -1.18623e-5  -1.22601e-5  -1.24956e-5  -1.21494e-5  -1.18678e-5  -1.18056e-5  -1.20277e-5  -1.20185e-5  -1.27936e-5  -1.1947e-5  -4.11472e-6  -4.2854e-5  -5.29155e-5  -5.20372e-5  -1.26277e-5  -3.97413e-7  -5.06981e-5  -4.82527e-5  -5.10275e-5  -4.91059e-5  -4.97364e-5  -5.13737e-5  -4.07277e-5  -2.27988e-5  -3.43714e-5  -4.78122e-5  -5.15545e-5  -4.79892e-5  -4.93124e-5  -4.62456e-5  -4.90598e-5  -4.84427e-5  -5.0137e-5  -4.76548e-5  -4.99253e-5  -4.75372e-5  -4.84699e-5  -4.84101e-5  -4.84704e-5  -5.02486e-5  -4.48458e-5  -4.48136e-5  -4.62935e-5  -4.88388e-5  -4.80198e-5  -4.62277e-5  -4.73703e-5  -4.57017e-5  -4.58908e-5  -4.76352e-5  -5.00013e-5  -4.77284e-5  -4.67209e-5  -4.81911e-5  -4.67844e-5  -4.7138e-5  -4.40266e-5  -4.75611e-5  -4.77163e-5  -4.79807e-5  -4.74527e-5  -4.51316e-5  -4.79397e-5  -4.64106e-5  -4.90822e-5  -4.73455e-5  -4.41144e-5  -4.91247e-5  -4.574e-5  -4.6112e-5  -4.92709e-5  -4.66235e-5  -4.54602e-5  -4.33051e-5  -4.59289e-5  -4.64369e-5  -4.29682e-5  -4.62298e-5
1200 Eigenvalues converges, out of 1200 requested.
Finished processing molecule: formaldehyde
