Processing molecule: formaldehyde
Running with beta = 20
Running with l = 60
Starting Davidson with n_aux = 320, l_buffer = 78, lc = 61, thresh = 0.0015, max_iter = 100
Iter 1: V_size = 32, Converged = 0, ‖r‖ (largest λ) = 0.8656922926223112
Iter 2: V_size = 64, Converged = 0, ‖r‖ (largest λ) = 0.18084421183679666
Iter 3: V_size = 128, Converged = 0, ‖r‖ (largest λ) = 0.060623910912410116
Iter 4: V_size = 206, Converged = 0, ‖r‖ (largest λ) = 0.15193115633891888
Iter 5: V_size = 284, Converged = 0, ‖r‖ (largest λ) = 0.6204652694730894
Iter 6: V_size = 148, Converged = 4, ‖r‖ (largest λ) = 0.12520322978929
Iter 7: V_size = 222, Converged = 4, ‖r‖ (largest λ) = 0.02478865127183014
Iter 8: V_size = 296, Converged = 4, ‖r‖ (largest λ) = 0.012123834434804697
Iter 9: V_size = 319, Converged = 55, ‖r‖ (largest λ) = 0.009212643964735801
Hybrid Davidson-JD corrections at iteration 10
Total MINRES iterations: 87
Iter 10: V_size = 46, Converged = 55, ‖r‖ (largest λ) = 10.495215917946886
Hybrid Davidson-JD corrections at iteration 11
Total MINRES iterations: 150
Iter 11: V_size = 69, Converged = 55, ‖r‖ (largest λ) = 0.017853128655656022
Hybrid Davidson-JD corrections at iteration 12
Total MINRES iterations: 150
Iter 12: V_size = 92, Converged = 55, ‖r‖ (largest λ) = 0.40425690593258456
Hybrid Davidson-JD corrections at iteration 13
Total MINRES iterations: 150
Iter 13: V_size = 115, Converged = 55, ‖r‖ (largest λ) = 0.3447163605294294
Hybrid Davidson-JD corrections at iteration 14
Total MINRES iterations: 150
Iter 14: V_size = 138, Converged = 55, ‖r‖ (largest λ) = 0.28053240904689447
Hybrid Davidson-JD corrections at iteration 15
Total MINRES iterations: 108
Iter 15: V_size = 161, Converged = 55, ‖r‖ (largest λ) = 0.19544424813834882
Hybrid Davidson-JD corrections at iteration 16
Total MINRES iterations: 16
Iter 16: V_size = 184, Converged = 55, ‖r‖ (largest λ) = 0.38537556164911796
Hybrid Davidson-JD corrections at iteration 17
Total MINRES iterations: 0
Iter 17: V_size = 207, Converged = 55, ‖r‖ (largest λ) = 0.018158139358062063
Hybrid Davidson-JD corrections at iteration 18
Total MINRES iterations: 0
Iter 18: V_size = 230, Converged = 55, ‖r‖ (largest λ) = 0.06264939517700854
Converged all required eigenvalues.
512.041757 seconds (2.82 M allocations: 176.485 GiB, 0.37% gc time, 0.23% compilation time)
Number of FLOPs: 8314411537664

Reading exact Eigenvalues...
Reading eigenvalues from ../../Eigenvalues_folder/eigenres_formaldehyde_RNDbasis1.jld2

Compute the difference between computed and exact eigenvalues:
1×60 adjoint(::Vector{Float64}) with eltype Float64:
 0.0  7.10543e-15  0.0  3.55271e-15  5.32907e-15  0.0  5.32907e-15  -5.32907e-15  -3.55271e-15  5.32907e-15  -2.66454e-15  0.0  -1.77636e-15  8.88178e-16  -1.77636e-15  -1.77636e-15  3.55271e-15  3.55271e-15  -8.88178e-16  1.77636e-15  -8.88178e-16  4.44089e-15  0.0  -3.55271e-15  -8.88178e-16  -1.77636e-15  3.9968e-15  4.44089e-16  -8.88178e-16  1.33227e-15  -4.44089e-15  2.66454e-15  4.88498e-15  -4.44089e-16  0.0  -2.66454e-15  -4.44089e-15  -3.10862e-15  -9.32587e-15  -1.82077e-14  -1.33227e-14  -2.88214e-13  -2.51843e-12  -2.93898e-12  -2.00151e-12  -2.98916e-12  -4.67448e-12  -5.9277e-12  -2.40736e-11  -2.87059e-11  -2.14806e-11  -1.46549e-14  -2.70606e-10  -1.24016e-10  -1.63377e-10  -2.2786e-10  -3.05089e-13  -6.03961e-14  -1.56897e-12  -6.1342e-12
60 Eigenvalues converges, out of 60 requested.
Running with l = 300
Starting Davidson with n_aux = 600, l_buffer = 390, lc = 303, thresh = 0.002, max_iter = 100
Iter 1: V_size = 60, Converged = 0, ‖r‖ (largest λ) = 0.26486861963827185
Iter 2: V_size = 120, Converged = 0, ‖r‖ (largest λ) = 0.06605965136343936
Iter 3: V_size = 240, Converged = 0, ‖r‖ (largest λ) = 0.024614027791462368
Iter 4: V_size = 480, Converged = 0, ‖r‖ (largest λ) = 0.005532686722171159
Iter 5: V_size = 600, Converged = 1, ‖r‖ (largest λ) = 0.002360572344797217
Iter 6: V_size = 600, Converged = 1, ‖r‖ (largest λ) = 0.004762412445432553
Iter 7: V_size = 600, Converged = 1, ‖r‖ (largest λ) = 0.014206309712091955
Iter 8: V_size = 600, Converged = 87, ‖r‖ (largest λ) = 0.011398385370260791
Iter 9: V_size = 600, Converged = 87, ‖r‖ (largest λ) = 0.006222019083583547
Hybrid Davidson-JD corrections at iteration 10
Total MINRES iterations: 0
Iter 10: V_size = 600, Converged = 87, ‖r‖ (largest λ) = 0.00526460682686246
Hybrid Davidson-JD corrections at iteration 11
Total MINRES iterations: 3
Iter 11: V_size = 266, Converged = 257, ‖r‖ (largest λ) = 0.004834608815654095
Hybrid Davidson-JD corrections at iteration 12
Total MINRES iterations: 0
Iter 12: V_size = 399, Converged = 257, ‖r‖ (largest λ) = 0.004749742026427338
Hybrid Davidson-JD corrections at iteration 13
Total MINRES iterations: 81
Iter 13: V_size = 532, Converged = 257, ‖r‖ (largest λ) = 0.004716250850354929
Hybrid Davidson-JD corrections at iteration 14
Total MINRES iterations: 0
Iter 14: V_size = 252, Converged = 264, ‖r‖ (largest λ) = 0.004285846074478643
Hybrid Davidson-JD corrections at iteration 15
Total MINRES iterations: 325
Iter 15: V_size = 378, Converged = 264, ‖r‖ (largest λ) = 0.0043451455426293676
Hybrid Davidson-JD corrections at iteration 16
Total MINRES iterations: 250
Iter 16: V_size = 504, Converged = 264, ‖r‖ (largest λ) = 0.004303192285541161
Converged all required eigenvalues.
1536.675391 seconds (28.43 M allocations: 1.932 TiB, 1.29% gc time)
Number of FLOPs: 18861788215334

Reading exact Eigenvalues...
Reading eigenvalues from ../../Eigenvalues_folder/eigenres_formaldehyde_RNDbasis1.jld2

Compute the difference between computed and exact eigenvalues:
1×300 adjoint(::Vector{Float64}) with eltype Float64:
 3.55271e-15  -1.06581e-14  7.10543e-15  1.06581e-14  5.32907e-15  0.0  1.06581e-14  -1.59872e-14  -3.55271e-15  8.88178e-15  -3.55271e-15  5.32907e-15  2.66454e-15  -1.77636e-15  -7.10543e-15  0.0  3.55271e-15  1.77636e-15  3.55271e-15  -3.55271e-15  4.44089e-15  8.88178e-16  3.55271e-15  5.32907e-15  2.66454e-15  3.55271e-15  4.44089e-16  -4.88498e-15  -1.33227e-15  -3.9968e-15  3.9968e-15  1.24345e-14  5.77316e-15  0.0  -2.22045e-15  1.24345e-14  -5.32907e-15  8.88178e-15  8.88178e-16  -7.54952e-15  -1.15463e-14  -9.76996e-15  -6.66134e-15  -3.55271e-15  3.9968e-15  1.06581e-14  8.43769e-15  5.32907e-15  4.88498e-15  4.44089e-15  1.33227e-14  1.42109e-14  1.77636e-14  6.21725e-15  2.08722e-14  9.32587e-15  -3.10862e-15  -1.33227e-14  1.73195e-14  1.53211e-14  -2.22045e-16  -5.10703e-15  4.44089e-16  -3.77476e-15  2.22045e-14  -7.99361e-15  3.9968e-15  9.10383e-15  -1.5099e-14  6.88338e-15  -2.88658e-15  2.22045e-15  -4.21885e-15  -1.24345e-14  6.21725e-15  -1.55431e-15  -1.37668e-14  -1.06581e-14  5.77316e-15  2.17604e-14  1.42109e-14  -9.99201e-15  1.31006e-14  1.62093e-14  1.33227e-15  -1.79856e-14  -1.42109e-14  6.66134e-16  -2.22045e-16  -8.88178e-16  -1.19904e-14  2.22045e-16  0.0  0.0  6.66134e-16  8.88178e-16  -4.44089e-16  -8.88178e-16  -1.33227e-15  -5.32907e-15  -1.59872e-14  -3.04201e-14  -8.65974e-14  -4.28546e-14  -4.93605e-13  -2.28106e-12  -9.86544e-13  -1.25233e-13  -2.33591e-13  -1.78146e-12  -1.24194e-11  -1.89584e-11  -2.1829e-11  -6.44624e-11  -4.36673e-11  -1.34821e-10  -2.00022e-10  -6.42568e-11  -8.19207e-11  -3.35287e-10  -3.61766e-10  -2.75388e-10  -4.98192e-10  -5.53047e-10  -3.4864e-10  -5.85947e-10  -1.46168e-9  -2.10107e-9  -2.54294e-9  -2.34317e-9  -2.71964e-9  -3.06724e-9  -3.91488e-9  -4.97029e-9  -6.14492e-9  -4.66025e-9  -5.86789e-9  -7.29315e-9  -6.63431e-9  -5.37276e-9  -5.23372e-9  -6.97157e-9  -1.2395e-8  -8.82904e-9  -9.14416e-9  -1.01471e-8  -9.17701e-9  -2.4674e-8  -9.96596e-9  -1.85624e-8  -2.76809e-8  -9.2509e-9  -1.74326e-8  -2.54401e-8  -2.37941e-8  -3.87988e-8  -4.30694e-8  -5.04521e-8  -6.39986e-8  -3.69282e-8  -1.13716e-7  -1.45636e-7  -9.42258e-8  -8.92828e-8  -8.61364e-8  -1.20452e-7  -1.05741e-7  -8.63903e-8  -2.6268e-7  -2.48545e-7  -1.31628e-7  -1.48005e-7  -1.37658e-7  -3.06789e-7  -1.9046e-7  -3.3039e-7  -3.29455e-7  -3.29437e-7  -2.40831e-7  -1.80491e-7  -2.25786e-7  -3.5182e-7  -5.7801e-7  -6.01028e-7  -4.31293e-7  -4.1526e-7  -5.5324e-7  -6.99363e-7  -8.4658e-7  -5.81989e-7  -7.08794e-7  -3.84872e-7  -6.15796e-7  -5.90896e-7  -1.09371e-6  -1.03698e-6  -5.30429e-7  -1.19998e-6  -5.95472e-7  -1.4587e-6  -5.80537e-7  -8.87219e-7  -1.24764e-6  -7.71463e-7  -4.3117e-7  -1.13476e-6  -1.5714e-6  -1.5283e-6  -1.26823e-6  -1.71483e-6  -2.07269e-6  -1.12921e-6  -1.01087e-6  -2.24241e-6  -1.91731e-6  -1.3164e-6  -2.58627e-6  -1.82111e-6  -2.06858e-6  -1.59092e-6  -2.03218e-6  -2.86151e-6  -1.74453e-6  -3.20126e-6  -1.82423e-6  -2.80482e-6  -2.74177e-6  -2.51079e-6  -2.31002e-6  -2.96955e-6  -3.48656e-6  -3.85244e-6  -2.67951e-6  -3.48638e-6  -4.82999e-6  -2.58014e-6  -5.63581e-6  -4.74177e-6  -4.31855e-6  -3.76989e-6  -7.54593e-6  -6.38521e-6  -5.60976e-6  -6.01199e-6  -6.24627e-6  -7.56726e-6  -1.0132e-5  -7.36355e-6  -5.88393e-6  -8.67053e-6  -5.64338e-9  -6.96685e-6  -8.1302e-6  -1.06477e-5  -9.57561e-6  -1.84867e-8  -1.21826e-5  -1.3271e-8  -1.12739e-5  5.27265e-9  -2.00454e-9  -2.04159e-8  1.0271e-8  -2.08321e-8  -8.33504e-9  -1.31342e-5  -3.27447e-8  2.6047e-9  -5.29825e-9  -5.68691e-9  2.42082e-9  4.03433e-9  -1.70783e-8  6.2315e-9  4.59566e-9  -1.5055e-8  4.82035e-9  3.23477e-9  -1.80927e-8  -6.20752e-8  5.51648e-9  -5.70166e-8  5.75314e-9  1.85327e-9  -7.73111e-8  -7.59618e-8  7.0887e-9  4.27902e-9  -9.35384e-8  2.89576e-9  8.92032e-9  -1.63582e-7  -9.18516e-8  -8.55019e-8  5.87844e-9  5.51547e-9  5.64077e-9  -1.1594e-7  1.22403e-9  7.21345e-9
300 Eigenvalues converges, out of 300 requested.
Running with l = 600
Starting Davidson with n_aux = 1200, l_buffer = 780, lc = 606, thresh = 0.0025, max_iter = 100
Iter 1: V_size = 120, Converged = 0, ‖r‖ (largest λ) = 0.10358086508213564
Iter 2: V_size = 240, Converged = 0, ‖r‖ (largest λ) = 0.025588054618247306
Iter 3: V_size = 480, Converged = 0, ‖r‖ (largest λ) = 0.005422886881735896
Iter 4: V_size = 960, Converged = 0, ‖r‖ (largest λ) = 0.0006278081963591829
Iter 5: V_size = 1200, Converged = 3, ‖r‖ (largest λ) = 0.0001896167111555052
Iter 6: V_size = 1200, Converged = 3, ‖r‖ (largest λ) = 0.000276532645814549
Iter 7: V_size = 1200, Converged = 3, ‖r‖ (largest λ) = 0.0003414169319697885
Iter 8: V_size = 1200, Converged = 152, ‖r‖ (largest λ) = 0.0005089660187610387
Iter 9: V_size = 1200, Converged = 152, ‖r‖ (largest λ) = 0.0007921340954661689
Hybrid Davidson-JD corrections at iteration 10
Total MINRES iterations: 0
Iter 10: V_size = 1200, Converged = 152, ‖r‖ (largest λ) = 0.0006007792598259608
Hybrid Davidson-JD corrections at iteration 11
Total MINRES iterations: 0
Iter 11: V_size = 952, Converged = 304, ‖r‖ (largest λ) = 0.0005026267492336933
Hybrid Davidson-JD corrections at iteration 12
Total MINRES iterations: 25
Iter 12: V_size = 952, Converged = 304, ‖r‖ (largest λ) = 0.00034081632555721614
Hybrid Davidson-JD corrections at iteration 13
Total MINRES iterations: 0
Iter 13: V_size = 952, Converged = 304, ‖r‖ (largest λ) = 0.0002341087375757516
Hybrid Davidson-JD corrections at iteration 14
Total MINRES iterations: 100
Iter 14: V_size = 1130, Converged = 602, ‖r‖ (largest λ) = 0.00017808816742999068
Hybrid Davidson-JD corrections at iteration 15
Total MINRES iterations: 5
Iter 15: V_size = 356, Converged = 602, ‖r‖ (largest λ) = 0.10106673594087692
Hybrid Davidson-JD corrections at iteration 16
Total MINRES iterations: 0
Iter 16: V_size = 534, Converged = 602, ‖r‖ (largest λ) = 8.245087836531832e-5
Hybrid Davidson-JD corrections at iteration 17
Total MINRES iterations: 100
Iter 17: V_size = 712, Converged = 602, ‖r‖ (largest λ) = 0.00044871815854701614
Converged all required eigenvalues.
3818.602117 seconds (123.36 M allocations: 8.365 TiB, 1.98% gc time)
Number of FLOPs: 38616030335879

Reading exact Eigenvalues...
Reading eigenvalues from ../../Eigenvalues_folder/eigenres_formaldehyde_RNDbasis1.jld2

Compute the difference between computed and exact eigenvalues:
1×600 adjoint(::Vector{Float64}) with eltype Float64:
 -1.06581e-14  -3.55271e-15  2.84217e-14  5.32907e-15  1.77636e-15  -1.77636e-15  8.88178e-15  -1.24345e-14  -1.77636e-15  3.55271e-15  -1.77636e-15  -8.88178e-16  1.77636e-15  1.77636e-15  -3.55271e-15  1.77636e-15  3.55271e-15  8.88178e-16  -8.88178e-16  -8.88178e-16  -2.66454e-15  -4.44089e-15  -8.88178e-16  -8.88178e-16  1.77636e-15  -6.21725e-15  3.10862e-15  8.88178e-16  -1.33227e-15  -2.66454e-15  -1.33227e-15  0.0  1.77636e-15  -1.77636e-15  2.22045e-15  2.66454e-15  -4.44089e-15  0.0  3.9968e-15  -2.66454e-15  3.10862e-15  8.88178e-16  -1.77636e-15  -3.10862e-15  -8.88178e-16  1.33227e-15  3.10862e-15  3.55271e-15  -5.32907e-15  3.10862e-15  -5.32907e-15  3.10862e-15  -4.44089e-16  1.77636e-15  3.10862e-15  -1.77636e-15  2.66454e-15  -4.44089e-15  1.77636e-15  -6.66134e-16  0.0  -5.9952e-15  1.77636e-15  -8.88178e-16  1.9984e-15  2.66454e-15  -3.55271e-15  2.22045e-15  -1.55431e-15  -2.66454e-15  1.9984e-15  -1.11022e-15  3.33067e-15  4.44089e-15  4.44089e-16  3.10862e-15  -4.44089e-16  4.88498e-15  -6.88338e-15  -5.10703e-15  -6.43929e-15  4.21885e-15  3.77476e-15  5.10703e-15  -2.22045e-16  4.21885e-15  2.22045e-16  1.11022e-15  3.77476e-15  -1.55431e-15  -2.44249e-15  2.66454e-15  -1.9984e-15  -2.22045e-16  -8.88178e-16  -4.44089e-16  2.22045e-16  -4.21885e-15  -4.44089e-15  2.88658e-15  -2.66454e-15  -4.44089e-15  -8.88178e-16  -2.66454e-15  2.22045e-16  -2.22045e-15  -5.10703e-15  0.0  5.10703e-15  -5.55112e-15  -3.13567e-11  -1.33484e-11  -2.01081e-11  -7.68714e-11  -4.082e-11  -1.50516e-10  -1.78425e-10  -1.8697e-11  -1.55454e-10  -4.99379e-10  -2.77807e-10  -6.52082e-10  -8.38856e-10  -1.24582e-9  -7.52317e-10  -1.48971e-9  -3.1655e-9  -3.81661e-9  -6.08307e-9  -5.71099e-9  -5.03814e-9  -1.07469e-8  -6.0504e-9  -1.56743e-8  -1.12384e-8  -1.19762e-8  -1.98274e-8  -3.23183e-8  -3.0716e-8  -2.28415e-8  -3.86928e-8  -2.84866e-8  -2.78298e-8  -5.49872e-8  -2.52225e-8  -3.24266e-8  -6.53076e-8  -6.50825e-8  -4.96781e-8  -3.77033e-8  -1.02154e-8  -7.69045e-8  -4.22606e-8  -8.10669e-9  -9.79807e-9  -1.21295e-8  -2.1757e-8  -1.62019e-8  -2.04193e-8  -2.82494e-8  -2.90092e-8  -2.61043e-8  -3.59204e-8  -3.09241e-8  -3.52388e-8  -3.17309e-8  -4.67159e-8  -5.79638e-8  -5.85094e-8  -3.93433e-8  -5.84194e-8  -2.99235e-8  -6.71541e-8  -7.6543e-8  -5.42822e-8  -8.05982e-8  -9.88881e-8  -8.48925e-8  -7.66409e-8  -6.67633e-8  -1.03384e-7  -1.61119e-7  -1.21753e-7  -9.20916e-8  -1.39946e-7  -1.42637e-7  -1.17856e-7  -1.45857e-7  -9.58719e-8  -1.03037e-7  -1.88957e-7  -1.03741e-7  -1.26198e-7  -1.01009e-7  -1.80499e-7  -1.55321e-7  -1.80217e-7  -1.45566e-7  -1.82745e-7  -2.93144e-7  -1.37816e-7  -1.70694e-7  -2.09391e-7  -1.93311e-7  -1.88758e-7  -2.70543e-7  -2.90479e-7  -2.39457e-7  -2.72986e-7  -2.23594e-7  -3.86392e-7  -3.49971e-7  -3.67114e-7  -3.21479e-7  -3.12381e-7  -2.55626e-7  -2.38503e-7  -3.42589e-7  -3.44687e-7  -3.89688e-7  -4.0924e-7  -3.78536e-7  -2.89234e-7  -2.63293e-7  -3.31775e-7  -3.94659e-7  -4.70053e-7  -5.4809e-7  -6.3975e-7  -3.72974e-7  -4.85887e-7  -4.63685e-7  -4.35989e-7  -5.56994e-7  -6.71785e-7  -7.88944e-7  -7.8846e-7  -7.8387e-7  -7.57796e-7  -7.31357e-7  -8.36299e-7  -7.95709e-7  -7.36305e-7  -8.14348e-7  -1.23478e-6  -1.14278e-6  -1.07676e-6  -1.21961e-6  -8.5924e-7  -1.14115e-6  -8.51876e-7  -7.12247e-7  -8.59045e-7  -8.59963e-7  -1.13981e-6  -1.52919e-6  -1.32459e-6  -1.90754e-6  -9.80841e-7  -9.57795e-7  -1.69569e-6  -1.51931e-6  -1.7328e-6  -1.32227e-6  -1.98292e-6  -1.97887e-6  -2.73492e-6  -2.2633e-6  -1.64047e-6  -1.50372e-6  -1.66021e-6  -2.55969e-6  -2.67311e-6  -1.96976e-6  -2.27331e-6  -3.00654e-6  -2.84153e-6  -2.90324e-6  -1.77896e-6  -3.25896e-6  -3.12758e-6  -3.22595e-6  -3.95889e-6  -4.14572e-6  -2.73827e-6  -3.48632e-6  -3.56182e-6  -4.08365e-6  -3.25156e-6  -3.59661e-6  -1.29201e-6  -5.15228e-6  -2.99747e-6  -4.43042e-6  -3.82885e-6  -4.08802e-6  -3.78316e-6  -4.13449e-6  -5.5536e-6  -4.77366e-6  -4.8823e-6  -5.52862e-6  -1.67945e-6  -6.10844e-6  -1.50073e-6  -1.83198e-6  -1.43929e-6  -5.2199e-6  -1.77389e-6  -1.27696e-6  -1.46889e-6  -1.71517e-6  -1.75626e-6  -1.49991e-6  -2.24018e-6  -5.67842e-6  -2.18451e-6  -2.42259e-6  -2.73361e-6  -1.47033e-6  -2.58291e-6  -2.08569e-6  -2.3518e-6  -2.63941e-6  -2.17204e-6  -2.89454e-6  -1.32779e-6  -2.93899e-6  -3.23476e-6  -2.26406e-6  -2.8124e-6  -2.53095e-6  -2.78161e-6  -3.55778e-6  -3.40554e-6  -3.18455e-6  -2.89507e-6  -3.11186e-6  -3.30051e-6  -3.39693e-6  -2.67326e-6  -3.59359e-6  -3.25864e-6  -3.41769e-6  -3.60815e-6  -4.12058e-6  -4.7479e-6  -4.75913e-6  -4.37717e-6  -4.54957e-6  -3.99382e-6  -5.52845e-6  -4.93445e-6  -4.94884e-6  -4.07299e-6  -5.23821e-6  -5.86007e-6  -3.88192e-6  -4.79555e-6  -3.52889e-6  -6.34313e-6  -6.42585e-6  -9.11977e-6  -6.26502e-6  -5.21709e-6  -6.61362e-6  -6.82268e-6  -7.67622e-6  -6.93789e-6  -8.92204e-6  -6.51696e-6  -6.39712e-6  -7.93591e-6  -9.29198e-6  -8.41131e-6  -8.673e-6  -8.70583e-6  -1.04005e-5  -7.94319e-6  -7.79862e-6  -1.09176e-5  -1.03345e-5  -1.04371e-5  -9.41794e-6  -1.0966e-5  -7.43625e-6  -1.0736e-5  -1.24264e-5  -2.15106e-9  -1.18613e-5  -1.58745e-5  -1.1556e-5  -1.08222e-5  -1.46273e-5  -1.04618e-5  -1.20317e-5  -1.61905e-5  -1.27354e-5  -1.66982e-5  -1.92974e-5  -1.26292e-5  -1.36603e-5  -1.21794e-5  -1.41767e-5  -1.34162e-5  -1.47324e-5  -1.03917e-5  2.70473e-9  1.76808e-9  -6.87594e-6  -9.19522e-6  -8.70078e-6  -7.42098e-6  2.23646e-9  1.44029e-9  5.26749e-10  -9.79339e-6  -6.47748e-6  -5.80071e-6  -7.74405e-6  -7.41668e-6  6.04944e-10  -6.18802e-6  -6.24733e-6  -7.05747e-6  -7.84929e-6  -6.23584e-6  -9.39394e-6  -1.12569e-5  -6.6004e-6  1.38704e-9  -7.87358e-6  -8.8988e-6  -8.7475e-6  -8.05996e-6  -7.51821e-6  -7.16675e-6  -6.71601e-6  -7.09851e-6  -8.01866e-6  -6.91186e-6  -7.01374e-6  -8.36875e-6  -7.24221e-6  -1.03335e-5  -8.72162e-6  -7.68319e-6  -1.0381e-5  -8.53469e-6  -7.24732e-6  -6.32565e-6  -5.37447e-6  -6.9888e-6  -6.52587e-6  -8.82629e-6  -7.06876e-6  -9.90437e-6  -8.75502e-6  -7.70872e-6  -8.15036e-6  -8.30585e-6  -7.90852e-6  -8.56474e-6  -6.82962e-6  -9.61171e-6  -7.09523e-6  -7.5263e-6  -6.68755e-6  -6.8965e-6  -8.22732e-6  -1.02774e-5  -7.54828e-6  -8.13379e-6  -6.90441e-6  -7.51946e-6  -8.95475e-6  -8.24541e-6  -7.83691e-6  5.2282e-9  -6.98322e-6  -9.29208e-6  -8.21888e-6  -8.09788e-6  -6.00295e-6  -6.94735e-6  -8.85922e-6  -1.04751e-5  -7.02796e-6  -8.02619e-6  -8.5222e-6  -1.05963e-5  -8.68927e-6  -9.28544e-6  -8.88461e-6  -1.0874e-5  -9.1088e-6  -1.00544e-5  -6.9172e-6  -1.08183e-5  -7.0495e-6  -8.49614e-6  -9.64826e-6  -9.61794e-6  -8.62905e-6  -8.26673e-6  -8.70937e-6  -9.60575e-6  -1.0483e-5  -1.14251e-5  -9.93503e-6  -9.98403e-6  -8.88826e-6  -7.46316e-6  -1.0099e-5  -1.13606e-5  -9.54052e-6  -1.00603e-5  -8.46259e-6  -1.19337e-5  -1.24723e-5  -9.50954e-6  -8.49139e-6  -1.09332e-5  -9.74048e-6  -1.01022e-5  -1.0841e-5  -9.46819e-6  -9.54319e-6  -1.07671e-5  -9.85141e-6  -1.07019e-5  -1.19839e-5  -1.16181e-5  -1.15116e-5  -1.18342e-5  -1.01516e-5  -1.02713e-5  -1.04713e-5  -1.04532e-5  -1.21839e-5  -1.05826e-5  -1.00111e-5  -1.2898e-5  -1.00766e-5  -7.67373e-6  -9.55599e-6  -9.81978e-6  -1.16144e-5  -1.17075e-5  -1.21299e-5  -1.22382e-5  -1.25629e-5  -1.26423e-5  -1.25204e-5  -1.18369e-5  -1.29144e-5  -1.29224e-5  -1.30256e-5  -1.49606e-5  -1.19833e-5  -1.04616e-5  -1.26827e-5  -1.21789e-5  -1.03338e-5  -1.11787e-5  -1.13767e-5  -1.39907e-5  -1.40478e-5  -1.00478e-5  -1.23458e-5  -1.18249e-5  -1.37604e-5  -1.44516e-5  -1.78031e-5  -1.69864e-5  -1.31883e-5  -1.43145e-5  -1.35698e-5  -1.45677e-5  -1.25188e-5  -1.35675e-5  -1.41191e-5  -1.48329e-5  -1.71136e-5  -1.65939e-5  -1.26132e-5  -1.34307e-5  -1.41052e-5  -1.56833e-5  -1.51265e-5  -1.56068e-5  -1.2219e-5  -1.48032e-5  -1.34605e-5  -1.48985e-5  -1.62658e-5  -1.29524e-5  -1.63794e-5  -1.54118e-5  -1.23153e-5
600 Eigenvalues converges, out of 600 requested.
Running with l = 1200
Starting Davidson with n_aux = 2400, l_buffer = 1560, lc = 1212, thresh = 0.003, max_iter = 100
Iter 1: V_size = 240, Converged = 0, ‖r‖ (largest λ) = 0.032488483234252935
Iter 2: V_size = 480, Converged = 0, ‖r‖ (largest λ) = 0.005894022566926656
Iter 3: V_size = 960, Converged = 0, ‖r‖ (largest λ) = 0.0006631194141480979
Iter 4: V_size = 1920, Converged = 0, ‖r‖ (largest λ) = 3.7134725888781206e-5
Iter 5: V_size = 2400, Converged = 10, ‖r‖ (largest λ) = 5.8665097464467185e-6
Iter 6: V_size = 2400, Converged = 10, ‖r‖ (largest λ) = 8.860916533939194e-6
Iter 7: V_size = 2400, Converged = 10, ‖r‖ (largest λ) = 1.0376841823008097e-5
Iter 8: V_size = 2400, Converged = 180, ‖r‖ (largest λ) = 1.1345940542409396e-5
Iter 9: V_size = 2400, Converged = 180, ‖r‖ (largest λ) = 1.727078923818415e-5
Hybrid Davidson-JD corrections at iteration 10
Total MINRES iterations: 0
Iter 10: V_size = 2400, Converged = 180, ‖r‖ (largest λ) = 1.868266134832507e-5
Hybrid Davidson-JD corrections at iteration 11
Total MINRES iterations: 25
Iter 11: V_size = 1396, Converged = 862, ‖r‖ (largest λ) = 1.872304280909922e-5
Hybrid Davidson-JD corrections at iteration 12
Total MINRES iterations: 0
Iter 12: V_size = 2094, Converged = 862, ‖r‖ (largest λ) = 1.882759397000219e-5
Hybrid Davidson-JD corrections at iteration 13
Total MINRES iterations: 50
Iter 13: V_size = 1396, Converged = 862, ‖r‖ (largest λ) = 1.7243930287372263e-5
Converged all required eigenvalues.
10583.544409 seconds (375.71 M allocations: 25.525 TiB, 1.97% gc time)
Number of FLOPs: 68736205053077

Reading exact Eigenvalues...
Reading eigenvalues from ../../Eigenvalues_folder/eigenres_formaldehyde_RNDbasis1.jld2

Compute the difference between computed and exact eigenvalues:
1×1200 adjoint(::Vector{Float64}) with eltype Float64:
 -3.55271e-15  1.77636e-14  -7.10543e-15  7.10543e-15  1.77636e-15  -7.10543e-15  3.55271e-15  -1.95399e-14  0.0  -1.77636e-15  -8.88178e-16  -8.88178e-16  2.66454e-15  8.88178e-16  0.0  0.0  2.66454e-15  1.77636e-15  0.0  0.0  8.88178e-16  0.0  8.88178e-16  -6.21725e-15  8.88178e-16  -2.66454e-15  2.22045e-15  1.33227e-15  -2.66454e-15  -4.44089e-16  -1.33227e-15  1.33227e-15  2.22045e-15  -4.44089e-16  8.88178e-16  0.0  4.44089e-16  8.88178e-16  8.88178e-16  2.22045e-15  3.10862e-15  -8.88178e-16  -2.22045e-15  -1.33227e-15  1.77636e-15  -8.88178e-16  -4.44089e-16  0.0  -1.33227e-15  -2.22045e-15  0.0  -1.77636e-15  4.44089e-16  -4.44089e-16  0.0  0.0  -1.33227e-15  8.88178e-16  4.44089e-16  2.22045e-16  -8.88178e-16  8.88178e-16  4.44089e-16  -1.33227e-15  1.55431e-15  8.88178e-16  4.44089e-16  0.0  4.44089e-16  -1.11022e-15  2.22045e-16  -6.66134e-16  -4.44089e-16  4.44089e-16  -2.22045e-15  1.33227e-15  6.66134e-16  1.11022e-15  -2.44249e-15  -3.55271e-15  -4.44089e-16  -4.44089e-16  -1.33227e-15  0.0  1.9984e-15  3.33067e-15  -8.88178e-16  -1.55431e-15  -6.66134e-16  1.11022e-15  -8.88178e-16  0.0  2.22045e-16  3.55271e-15  0.0  2.66454e-15  -1.11022e-15  2.22045e-16  -4.44089e-16  -1.77636e-15  8.88178e-16  -2.22045e-16  -2.22045e-15  2.22045e-16  -1.33227e-15  2.22045e-16  8.88178e-16  -1.55431e-15  2.22045e-16  -2.22045e-15  6.66134e-16  -1.33227e-15  -1.11022e-15  4.44089e-16  4.44089e-16  -2.22045e-15  2.88658e-15  2.88658e-15  -4.12115e-13  -7.55174e-13  -5.12479e-13  -9.68114e-14  -6.88671e-13  -6.04405e-13  -3.43581e-12  -8.81406e-13  -1.27188e-10  -3.45326e-10  -3.63677e-10  -5.67972e-10  -8.47609e-10  -7.83748e-10  -1.59568e-9  -2.38758e-9  -1.21362e-9  -1.55466e-9  -3.45772e-9  -4.24619e-9  -1.65421e-9  -3.49222e-9  -4.79097e-9  -4.43518e-9  -3.43498e-9  -3.09491e-9  -3.71673e-9  -5.99235e-9  -6.83296e-9  -9.01317e-9  -8.39196e-9  -7.26903e-9  -6.69255e-9  -1.78535e-8  -1.25571e-8  -6.82451e-9  -8.80791e-9  -2.54621e-8  -1.30437e-8  -2.30864e-8  -2.21665e-8  -1.88014e-8  -2.08973e-8  -3.28911e-8  -2.73143e-8  -5.37862e-8  -4.12642e-8  -3.12099e-8  -2.92242e-8  -3.72979e-8  -5.91608e-8  -3.73408e-8  -2.80871e-8  -4.55257e-8  -6.46366e-8  -7.69806e-8  -5.37139e-8  -5.08803e-9  -9.24922e-8  -4.40496e-9  -7.34321e-8  -5.07408e-8  -1.0054e-7  -8.18742e-8  -6.46293e-9  -4.42706e-9  -4.3493e-9  -3.98873e-9  -4.11284e-9  -4.01936e-9  -5.59804e-9  -4.04526e-9  -5.82331e-9  -7.38261e-9  -4.9647e-9  -5.20464e-9  -8.44866e-9  -5.52697e-9  -5.2062e-9  -5.4183e-9  -7.92791e-9  -8.85641e-9  -5.13996e-9  -8.72377e-9  -6.35823e-9  -9.52614e-9  -6.96482e-9  -7.90607e-9  -1.44352e-8  -1.17382e-8  -9.4452e-9  -1.23756e-8  -8.92623e-9  -9.85751e-9  -1.0478e-8  -7.07101e-9  -9.00185e-9  -1.30468e-8  -1.31066e-8  -8.2955e-9  -1.02366e-8  -1.45881e-8  -1.37658e-8  -1.06248e-8  -1.00078e-8  -1.13265e-8  -9.32945e-9  -1.77268e-8  -1.08825e-8  -1.00225e-8  -1.0934e-8  -1.46548e-8  -1.24288e-8  -9.11863e-9  -1.57837e-8  -1.28395e-8  -2.00967e-8  -1.60822e-8  -1.73136e-8  -2.01677e-8  -1.2726e-8  -1.45539e-8  -2.27976e-8  -1.58299e-8  -2.00812e-8  -1.53272e-8  -3.01581e-8  -1.83475e-8  -1.80003e-8  -2.28118e-8  -1.70647e-8  -2.58315e-8  -1.65034e-8  -1.86851e-8  -2.56311e-8  -2.82637e-8  -2.33796e-8  -3.46758e-8  -2.5471e-8  -2.68749e-8  -3.15538e-8  -3.03716e-8  -3.48877e-8  -3.43219e-8  -3.10265e-8  -3.69298e-8  -3.7354e-8  -3.84562e-8  -3.09937e-8  -3.45101e-8  -4.89461e-8  -3.03161e-8  -3.38494e-8  -4.77343e-8  -3.96834e-8  -4.92685e-8  -3.12573e-8  -5.24739e-8  -4.40146e-8  -3.07844e-8  -3.79616e-8  -7.07511e-8  -5.16866e-8  -5.36937e-8  -5.53795e-8  -4.94617e-8  -5.45587e-8  -3.83335e-8  -5.44482e-8  -4.99775e-8  -5.69132e-8  -4.6566e-8  -7.38008e-8  -9.37432e-8  -5.04701e-8  -6.66603e-8  -4.18434e-8  -6.67808e-8  -7.6301e-8  -5.65903e-8  -6.97801e-8  -5.83212e-8  -7.32483e-8  -7.31905e-8  -8.40823e-8  -6.06627e-8  -6.48975e-8  -6.81855e-8  -6.54648e-8  -5.85099e-8  -8.70354e-8  -8.24435e-8  -7.31132e-8  -7.69726e-8  -6.67524e-8  -7.81566e-8  -1.00346e-7  -9.25691e-8  -1.16192e-7  -9.7785e-8  -1.31209e-7  -1.19009e-7  -7.96104e-8  -1.16823e-7  -1.16147e-7  -8.91207e-8  -1.18792e-7  -1.09758e-7  -9.56418e-8  -1.10766e-7  -1.45089e-7  -1.1706e-7  -1.26956e-7  -1.18734e-7  -1.36678e-7  -1.45813e-7  -1.48714e-7  -1.29312e-7  -1.34297e-7  -1.31238e-7  -1.64715e-7  -1.43871e-7  -1.98406e-7  -2.00405e-7  -1.52781e-7  -1.77316e-7  -1.74757e-7  -1.63909e-7  -1.44385e-7  -1.69603e-7  -2.45248e-7  -1.55099e-7  -1.89142e-7  -1.63273e-7  -2.22177e-7  -1.93545e-7  -1.76716e-7  -2.52318e-7  -2.25725e-7  -2.66246e-7  -2.68081e-7  -2.47377e-7  -2.4486e-7  -3.11188e-7  -2.14786e-7  -2.06731e-7  -2.31999e-7  -3.902e-7  -2.73803e-7  -2.73684e-7  -4.56853e-7  -3.54158e-7  -3.82014e-7  -4.02068e-7  -2.5801e-7  -4.58395e-7  -4.71266e-7  -4.59781e-7  -4.44448e-7  -7.73313e-7  -3.84965e-7  -4.12382e-7  -6.14663e-7  -6.02641e-7  -5.9849e-7  -8.32193e-7  -5.81839e-7  -5.26955e-7  -8.10684e-7  -7.96433e-7  -6.61772e-7  -8.88364e-7  -9.72244e-7  -9.12511e-7  -8.48238e-7  -1.03386e-6  -9.75938e-7  -8.88773e-7  -1.00099e-6  -8.11755e-7  -1.03758e-6  -1.14383e-6  -9.81856e-7  -1.07331e-6  -1.135e-6  -8.55584e-7  -1.12217e-6  -9.01126e-7  -1.08532e-6  -1.08326e-6  -1.09797e-6  -8.46056e-7  -1.08379e-6  -1.28111e-6  -1.06599e-6  -1.20631e-6  -1.3811e-6  -1.4658e-6  -1.39562e-6  -1.22697e-6  -1.12668e-6  -1.12408e-6  -1.84956e-6  -1.43679e-6  -1.54958e-6  -1.6649e-6  -2.29914e-6  -1.17114e-6  -1.69441e-6  -1.58016e-6  -1.72269e-6  -1.50807e-6  -1.57936e-6  -1.8784e-6  -2.01194e-6  -1.37549e-6  -1.75208e-6  -1.94813e-6  -1.51184e-6  -2.21603e-6  -1.85218e-6  -1.87858e-6  -2.13657e-6  -2.38218e-6  -1.7405e-6  -2.12813e-6  -2.30643e-6  -2.24604e-6  -2.36237e-6  -2.33153e-6  -2.40398e-6  -2.04053e-6  -1.59221e-6  -1.94264e-6  -2.23876e-6  -2.37392e-6  -2.47719e-6  -1.83156e-6  -2.15017e-6  -2.6863e-6  -2.13196e-6  -2.0855e-6  -1.87725e-6  -2.37994e-6  -2.37869e-6  -2.22461e-6  -1.85818e-6  -2.39865e-6  -2.60885e-6  -1.86493e-6  -2.48509e-6  -2.47083e-6  -2.53191e-6  -2.28785e-6  -2.20841e-6  -2.53129e-6  -2.42053e-6  -2.18232e-6  -2.14217e-6  -2.0744e-6  -2.24953e-6  -1.94077e-6  -1.89374e-6  -2.57864e-6  -2.33614e-6  -1.89459e-6  -2.28087e-6  -2.86476e-6  -2.79183e-6  -2.41808e-6  -2.31123e-6  -2.63629e-6  -2.41966e-6  -2.15313e-6  -2.11694e-6  -2.44769e-6  -2.58803e-6  -2.56598e-6  -2.68163e-6  -2.79876e-6  -2.64403e-6  -2.41478e-6  -2.71875e-6  -2.7569e-6  -2.48785e-6  -2.73691e-6  -2.23622e-6  -2.52509e-6  -2.37704e-6  -3.12227e-6  -2.38319e-6  -2.64628e-6  -2.61494e-6  -2.54251e-6  -2.34924e-6  -2.65827e-6  -3.22319e-6  -2.94875e-6  -3.10368e-6  -2.71016e-6  -3.06936e-6  -2.95763e-6  -3.4459e-6  -2.87777e-6  -2.93787e-6  -3.01125e-6  -2.98211e-6  -3.12017e-6  -3.27486e-6  -2.43928e-6  -3.22487e-6  -2.54826e-6  -3.19158e-6  -2.89458e-6  -3.21599e-6  -2.52174e-6  -3.01853e-6  -2.93717e-6  -2.68217e-6  -2.79054e-6  -2.90713e-6  -3.05956e-6  -3.19332e-6  -2.8257e-6  -2.79526e-6  -2.86676e-6  -2.80818e-6  -3.01079e-6  -2.68901e-6  -2.79083e-6  -2.8693e-6  -2.60864e-6  -2.72966e-6  -3.4979e-6  -3.11967e-6  -3.35236e-6  -3.27259e-6  -3.40292e-6  -3.16787e-6  -3.03091e-6  -3.44101e-6  -2.33825e-6  -2.73699e-6  -2.90547e-6  -2.73017e-6  -2.97846e-6  -2.94409e-6  -2.7195e-6  -2.99882e-6  -2.81649e-6  -3.24116e-6  -2.74186e-6  -2.91927e-6  -2.79372e-6  -3.03693e-6  -3.14381e-6  -2.7962e-6  -3.26398e-6  -3.28468e-6  -3.35377e-6  -3.06997e-6  -2.95684e-6  -2.85809e-6  -2.82675e-6  -2.82818e-6  -3.62517e-6  -3.17437e-6  -3.11522e-6  -2.93015e-6  -2.85664e-6  -3.58076e-6  -3.39653e-6  -3.07454e-6  -2.61529e-6  -2.99734e-6  -3.31173e-6  -3.28155e-6  -3.38896e-6  -3.01495e-6  -3.14852e-6  -3.35301e-6  -2.75238e-6  -2.60284e-6  -3.28215e-6  -2.89553e-6  -2.75563e-6  -2.9247e-6  -2.50694e-6  -3.06363e-6  -3.46956e-6  -3.10161e-6  -3.22839e-6  -3.41523e-6  -2.85605e-6  -2.82885e-6  -2.86961e-6  -3.19547e-6  -2.99712e-6  -3.02015e-6  -2.87556e-6  -2.80175e-6  -2.95767e-6  -2.96416e-6  -3.11691e-6  -2.46639e-6  -2.60972e-6  -3.15651e-6  -3.35926e-6  -3.11011e-6  -3.18498e-6  -2.89257e-6  -2.89047e-6  -2.84053e-6  -3.30488e-6  -3.26662e-6  -2.8159e-6  -2.92885e-6  -2.66116e-6  -2.86585e-6  -3.44488e-6  -3.40321e-6  -3.28209e-6  -2.88637e-6  -3.20044e-6  -2.91345e-6  -3.1403e-6  -3.06709e-6  -2.83783e-6  -3.21764e-6  -3.00078e-6  -2.69665e-6  -2.77768e-6  -3.03881e-6  -2.99176e-6  -2.5453e-6  -2.99116e-6  -3.05333e-6  -3.16235e-6  -2.6094e-6  -3.09433e-6  -2.83748e-6  -2.86767e-6  -2.70828e-6  -2.79217e-6  -3.20035e-6  -2.69446e-6  -2.6674e-6  -3.04094e-6  -2.99971e-6  -2.72411e-6  -3.15546e-6  -2.67689e-6  -2.87817e-6  -2.7508e-6  -2.78504e-6  -2.93553e-6  -2.75276e-6  -2.98392e-6  -2.87523e-6  -2.764e-6  -2.73745e-6  -2.72442e-6  -2.68209e-6  -2.63028e-6  -2.79431e-6  -2.89549e-6  -2.9285e-6  -2.47257e-6  -2.57044e-6  -2.74253e-6  -2.6301e-6  -2.70993e-6  -3.03256e-6  -2.75293e-6  -2.54365e-6  -2.39344e-6  -2.72284e-6  -2.79917e-6  -2.54563e-6  -2.73861e-6  -2.90561e-6  -2.88498e-6  -2.63663e-6  -2.53243e-6  -2.84651e-6  -2.7938e-6  -2.56744e-6  -2.60458e-6  -2.40887e-6  -2.51063e-6  -2.82643e-6  -2.49489e-6  -2.61667e-6  -2.80188e-6  -2.39812e-6  -2.46869e-6  -2.41286e-6  -2.72006e-6  -2.65431e-6  -2.55757e-6  -2.97287e-6  -2.66012e-6  -2.39225e-6  -2.50372e-6  -2.51677e-6  -2.72332e-6  -2.64375e-6  -2.50078e-6  -2.42951e-6  -2.58483e-6  -2.55544e-6  -2.58624e-6  -2.68946e-6  -2.41465e-6  -2.55543e-6  -2.41494e-6  -2.39429e-6  -2.55619e-6  -2.41481e-6  -2.53612e-6  -2.32924e-6  -2.21517e-6  -2.89034e-6  -2.68646e-6  -2.80891e-6  -2.43193e-6  -2.63399e-6  -2.55106e-6  -2.49942e-6  -2.58791e-6  -2.4229e-6  -2.25132e-6  -2.4029e-6  -2.48555e-6  -2.33361e-6  -2.41977e-6  -2.57041e-6  -2.37147e-6  -2.78763e-6  -2.66812e-6  -2.56628e-6  -2.37616e-6  -2.6621e-6  -2.28363e-6  -2.34556e-6  -2.41523e-6  -2.57902e-6  -2.30882e-6  -2.55555e-6  -2.25493e-6  -2.41725e-6  -2.29974e-6  -2.8608e-6  -2.7339e-6  -2.51203e-6  -2.47914e-6  -2.4445e-6  -2.31142e-6  -2.64474e-6  -2.23162e-6  -2.37399e-6  -2.51296e-6  -2.58161e-6  -2.52478e-6  -2.60203e-6  -2.44679e-6  -2.32637e-6  -2.49046e-6  -2.63352e-6  -2.39513e-6  -2.25495e-6  -2.81975e-6  -2.33759e-6  -2.5103e-6  -2.3906e-6  -2.50766e-6  -2.41325e-6  -2.40403e-6  -2.32565e-6  -2.54137e-6  -2.72283e-6  -2.36408e-6  -2.54386e-6  -2.27649e-6  -2.32532e-6  -2.49449e-6  -2.5963e-6  -2.55146e-6  -2.9897e-6  -2.98587e-6  -2.7767e-6  -2.65027e-6  -2.32756e-6  -2.84702e-6  -2.99562e-6  -2.47408e-6  -2.9375e-6  -2.93098e-6  -2.34398e-6  -2.74672e-6  -2.79634e-6  -2.46128e-6  -2.70494e-6  -3.09732e-6  -3.0327e-6  -2.53629e-6  -3.16528e-6  -2.90682e-6  -3.20434e-6  -3.74898e-6  -3.15692e-6  -2.85031e-6  -3.68534e-6  -2.6503e-6  -2.39926e-6  -3.57345e-6  -3.49409e-6  -3.37308e-6  -4.4584e-6  -3.66021e-6  -3.82964e-6  -5.40966e-6  -4.21829e-6  -5.05021e-6  -4.70356e-6  -2.76946e-6  -6.89393e-6  -5.45675e-6  -6.52381e-6  -7.35069e-6  -6.18092e-6  -5.4879e-6  -5.80375e-6  -6.14637e-6  -7.15119e-6  -1.01588e-5  -1.3178e-5  -1.36741e-5  -8.21506e-6  -1.21582e-5  -1.25235e-5  -8.72826e-6  -1.55968e-5  -2.29329e-5  -4.15763e-7  -4.87324e-7  -6.61732e-7  -7.21514e-7  -8.08576e-7  -6.60658e-7  -9.13843e-7  -1.07116e-6  -9.59907e-7  -1.17289e-6  -1.2456e-6  -1.00283e-6  -1.18013e-6  -1.07689e-6  -1.12454e-6  -1.14423e-6  -1.02155e-6  -1.02168e-6  -1.18591e-6  -1.22288e-6  -1.0975e-6  -1.17329e-6  -1.28258e-6  -1.21599e-6  -1.18167e-6  -1.16962e-6  -1.16229e-6  -1.29477e-6  -1.42836e-6  -1.22998e-6  -1.34806e-6  -1.14008e-6  -1.28086e-6  -1.40979e-6  -1.24816e-6  -1.31959e-6  -1.09291e-6  -1.20411e-6  -1.25221e-6  -1.59875e-6  -9.97262e-7  -1.12517e-6  -1.36343e-6  -1.32982e-6  -1.35394e-6  -1.27458e-6  -1.28108e-6  -1.59856e-6  -1.35146e-6  -1.34809e-6  -1.50779e-6  -1.33732e-6  -1.36403e-6  -1.28279e-6  -1.40185e-6  -1.39869e-6  -1.38241e-6  -1.48352e-6  -1.59815e-6  -1.24367e-6  -1.56075e-6  -1.37129e-6  -1.24265e-6  -1.41002e-6  -1.54629e-6  -1.37439e-6  -1.47337e-6  -1.36722e-6  -1.31357e-6  -1.38217e-6  -1.47573e-6  -1.5482e-6  -1.71378e-6  -1.72761e-6  -1.21195e-6  -1.36228e-6  -1.45733e-6  -1.41339e-6  -1.35012e-6  -1.54363e-6  -1.51529e-6  -1.74341e-6  -1.44641e-6  -1.43571e-6  -1.66221e-6  -1.72987e-6  -1.59609e-6  -1.35471e-6  -1.52146e-6  -1.68973e-6  -1.69082e-6  -1.22554e-6  -2.10117e-6  -1.62854e-6  -1.4418e-6  -1.88722e-6  -1.53529e-6  -1.69088e-6  -1.81598e-6  -1.76233e-6  -1.52922e-6  -1.64193e-6  -1.50025e-6  -1.69318e-6  -1.71894e-6  -1.90461e-6  -2.06799e-6  -1.57049e-6  -1.63051e-6  -1.66485e-6  -1.71707e-6  -1.80389e-6  -1.70099e-6  -1.6713e-6  -1.57988e-6  -1.46597e-6  -2.07371e-6  -1.6808e-6  -2.03067e-6  -1.79831e-6  -1.82719e-6  -1.73687e-6  -1.97072e-6  -1.84166e-6  -1.58771e-6  -1.82797e-6  -1.75169e-6  -1.74372e-6  -1.76845e-6  -1.8714e-6  -1.89019e-6  -1.54371e-6  -1.81511e-6  -1.99031e-6  -2.17781e-6  -1.8305e-6  -2.28447e-6  -1.95762e-6  -2.19285e-6  -2.03631e-6  -1.74022e-6  -2.10338e-6  -1.84356e-6  -1.95158e-6  -2.36462e-6  -2.6627e-6  -2.16586e-6  -1.86905e-6  -1.9897e-6  -2.34044e-6  -2.35711e-6  -2.21912e-6  -2.59096e-6  -2.17603e-6  -1.92923e-6  -1.82907e-6  -2.00197e-6  -2.15163e-6  -2.22637e-6  -2.0283e-6  -2.49771e-6  -2.2484e-6  -2.21995e-6  -1.82899e-6  -1.88729e-6  -2.50536e-6  -1.98479e-6  -2.08366e-6  -2.08057e-6  -2.48347e-6  -2.37118e-6  -2.21738e-6  -2.16145e-6  -1.91661e-6  -2.11369e-6  -2.33489e-6  -2.03004e-6  -2.0194e-6  -2.02924e-6  -2.3336e-6  -2.90808e-6  -3.36166e-6  -2.17685e-6  -1.78254e-6  -2.25785e-6  -1.98792e-6  -2.69186e-6  -2.13085e-6  -2.22074e-6  -2.77099e-6  -2.00183e-6  -2.47889e-6  -2.46897e-6  -2.85411e-6  -2.19793e-6  -2.18171e-6  -2.37618e-6  -2.42632e-6  -2.83902e-6  -2.80435e-6  -2.7023e-6  -1.9506e-6  -1.98682e-6  -2.2541e-6  -2.46773e-6  -2.45338e-6  -2.53034e-6  -2.51905e-6  -2.92834e-6  -2.67836e-6  -2.33633e-6  -2.3633e-6  -2.24222e-6  -2.3391e-6  -3.04434e-6  -2.43644e-6  -2.47493e-6  -2.92285e-6  -3.37406e-6  -2.02817e-6  -2.23895e-6  -2.80393e-6  -2.78933e-6  -2.6411e-6  -2.47933e-6  -2.46588e-6  -3.27873e-6  -2.94389e-6  -3.142e-6  -2.86275e-6  -2.66796e-6  -2.63163e-6  -2.32409e-6  -2.73811e-6  -2.34254e-6  -3.35045e-6  -2.91381e-6  -2.89752e-6  -3.32592e-6  -3.20091e-6  -2.19327e-6  -2.12493e-6  -2.64737e-6  -4.08903e-6  -3.8133e-6  -2.38218e-6  -2.57553e-6  -3.21926e-6  -3.5256e-6  -3.40718e-6  -2.93723e-6  -3.61138e-6  -3.10333e-6  -2.55604e-6  -3.54895e-6  -2.6414e-6  -3.15423e-6  -3.00275e-6  -3.15465e-6  -2.65264e-6  -2.78599e-6  -2.5836e-6  -3.2916e-6  -2.5716e-6  -2.6454e-6  -2.87014e-6  -4.08443e-6  -3.3022e-6  -2.62683e-6  -3.67673e-6  -3.7657e-6  -4.83624e-6  -4.30601e-6  -2.75632e-6  -3.741e-6  -3.5771e-6  -3.77368e-6  -2.93951e-6  -3.71477e-6  -2.99181e-6  -3.77901e-6  -3.89738e-6  -3.38437e-6  -3.40874e-6  -4.16414e-6  -3.46287e-6  -3.35223e-6  -3.08929e-6  -3.97273e-6  -3.73789e-6  -4.04394e-6  -3.42016e-6  -3.70558e-6  -9.61051e-9  -3.32341e-6  -3.35395e-6  -3.62954e-6  -3.66854e-6  -5.11088e-6  -4.6332e-6  -3.23745e-6  -3.81817e-6  -4.24298e-6  -4.95008e-6  -4.10346e-6  -4.81742e-6  -5.28308e-6  -3.70367e-6  -4.96074e-6  -4.85998e-6  -5.56114e-6  -4.89059e-6  -5.25117e-6  -5.39312e-6  -5.06438e-6  -4.44586e-6  -5.41325e-6  -5.73125e-6  -5.78312e-6  -3.26478e-8  -5.33062e-6  -5.93141e-6  -6.49167e-6  -8.0812e-6  -7.75081e-6  -9.53755e-6  -6.13442e-6  -1.00824e-5  -8.17257e-6  -1.05197e-5  -1.46562e-5  -7.82791e-6  -1.38411e-5  -8.43014e-6  -1.20731e-5  -9.39515e-6  -1.08023e-5  -8.88586e-6
1200 Eigenvalues converges, out of 1200 requested.
Running with beta = 36
Running with l = 60
Starting Davidson with n_aux = 576, l_buffer = 78, lc = 61, thresh = 0.0015, max_iter = 100
Iter 1: V_size = 32, Converged = 0, ‖r‖ (largest λ) = 0.8656922926223112
Iter 2: V_size = 64, Converged = 0, ‖r‖ (largest λ) = 0.18084421183679666
Iter 3: V_size = 128, Converged = 0, ‖r‖ (largest λ) = 0.060623910912410116
Iter 4: V_size = 206, Converged = 0, ‖r‖ (largest λ) = 0.15193115633891888
Iter 5: V_size = 284, Converged = 0, ‖r‖ (largest λ) = 0.6204652694730894
Iter 6: V_size = 358, Converged = 4, ‖r‖ (largest λ) = 0.12520322978929
Iter 7: V_size = 428, Converged = 8, ‖r‖ (largest λ) = 0.004766604184805661
Iter 8: V_size = 498, Converged = 8, ‖r‖ (largest λ) = 9.486917027948771e-5
Iter 9: V_size = 568, Converged = 8, ‖r‖ (largest λ) = 4.84494872083867e-5
Hybrid Davidson-JD corrections at iteration 10
Total MINRES iterations: 21
Iter 10: V_size = 138, Converged = 8, ‖r‖ (largest λ) = 3.1624248443897905e-7
Converged all required eigenvalues.
263.720931 seconds (2.39 M allocations: 167.532 GiB, 0.73% gc time)
Number of FLOPs: 5443193527940

Reading exact Eigenvalues...
Reading eigenvalues from ../../Eigenvalues_folder/eigenres_formaldehyde_RNDbasis1.jld2

Compute the difference between computed and exact eigenvalues:
1×60 adjoint(::Vector{Float64}) with eltype Float64:
 0.0  7.10543e-15  0.0  3.55271e-15  -3.55271e-15  0.0  5.32907e-15  -1.06581e-14  -1.77636e-15  5.32907e-15  -8.88178e-16  1.77636e-15  -2.66454e-15  -8.88178e-16  1.77636e-15  8.88178e-16  8.88178e-16  2.66454e-15  -8.88178e-16  -4.44089e-15  1.77636e-15  -8.88178e-16  -1.77636e-15  -4.44089e-15  8.88178e-16  0.0  1.33227e-15  -8.88178e-16  -1.33227e-15  8.88178e-16  1.77636e-15  2.22045e-15  3.10862e-15  -1.77636e-15  4.44089e-16  -1.77636e-15  -1.77636e-15  -1.33227e-15  3.9968e-15  8.88178e-16  -8.88178e-16  -4.88498e-15  8.88178e-16  -6.21725e-15  -1.33227e-15  -2.66454e-15  -4.44089e-15  -2.22045e-15  -3.9968e-15  1.77636e-15  2.22045e-15  1.33227e-15  3.10862e-15  -2.66454e-15  4.44089e-15  -1.33227e-15  8.88178e-16  3.10862e-15  2.22045e-15  -3.33067e-15
60 Eigenvalues converges, out of 60 requested.
Running with l = 300
Starting Davidson with n_aux = 1080, l_buffer = 390, lc = 303, thresh = 0.002, max_iter = 100
Iter 1: V_size = 60, Converged = 0, ‖r‖ (largest λ) = 0.26486861963827185
Iter 2: V_size = 120, Converged = 0, ‖r‖ (largest λ) = 0.06605965136343936
Iter 3: V_size = 240, Converged = 0, ‖r‖ (largest λ) = 0.024614027791462368
Iter 4: V_size = 480, Converged = 0, ‖r‖ (largest λ) = 0.005532686722171159
Iter 5: V_size = 869, Converged = 1, ‖r‖ (largest λ) = 0.002360572344797217
Iter 6: V_size = 762, Converged = 9, ‖r‖ (largest λ) = 0.012721368221644203
Iter 7: V_size = 762, Converged = 9, ‖r‖ (largest λ) = 0.013268383834199203
Iter 8: V_size = 758, Converged = 11, ‖r‖ (largest λ) = 0.006993626309478431
Iter 9: V_size = 758, Converged = 11, ‖r‖ (largest λ) = 0.005433537205256556
Hybrid Davidson-JD corrections at iteration 10
Total MINRES iterations: 23
Iter 10: V_size = 755, Converged = 11, ‖r‖ (largest λ) = 0.004512778812563536
Hybrid Davidson-JD corrections at iteration 11
Total MINRES iterations: 0
Iter 11: V_size = 905, Converged = 240, ‖r‖ (largest λ) = 0.004094515473254025
Hybrid Davidson-JD corrections at iteration 12
Total MINRES iterations: 1337
Iter 12: V_size = 1055, Converged = 240, ‖r‖ (largest λ) = 0.6297960962042473
Hybrid Davidson-JD corrections at iteration 13
Total MINRES iterations: 0
Iter 13: V_size = 300, Converged = 240, ‖r‖ (largest λ) = 0.0042454906545890195
Hybrid Davidson-JD corrections at iteration 14
Total MINRES iterations: 63
Iter 14: V_size = 450, Converged = 240, ‖r‖ (largest λ) = 0.004159745011018002
Hybrid Davidson-JD corrections at iteration 15
Total MINRES iterations: 0
Iter 15: V_size = 583, Converged = 257, ‖r‖ (largest λ) = 0.0037642913865307366
Hybrid Davidson-JD corrections at iteration 16
Total MINRES iterations: 59
Iter 16: V_size = 716, Converged = 257, ‖r‖ (largest λ) = 0.003806248417584259
Hybrid Davidson-JD corrections at iteration 17
Total MINRES iterations: 25
Iter 17: V_size = 849, Converged = 257, ‖r‖ (largest λ) = 0.003752807698122936
Hybrid Davidson-JD corrections at iteration 18
Total MINRES iterations: 1125
Iter 18: V_size = 982, Converged = 257, ‖r‖ (largest λ) = 0.0037641728047975824
Converged all required eigenvalues.
3019.636023 seconds (48.77 M allocations: 3.297 TiB, 0.74% gc time)
Number of FLOPs: 33678173456044

Reading exact Eigenvalues...
Reading eigenvalues from ../../Eigenvalues_folder/eigenres_formaldehyde_RNDbasis1.jld2

Compute the difference between computed and exact eigenvalues:
1×300 adjoint(::Vector{Float64}) with eltype Float64:
 3.55271e-15  -7.10543e-15  -7.10543e-15  3.55271e-15  -3.55271e-15  -1.77636e-15  8.88178e-15  -1.42109e-14  -5.32907e-15  3.55271e-15  2.66454e-15  -3.55271e-15  8.88178e-16  0.0  0.0  2.66454e-15  1.77636e-15  2.66454e-15  1.77636e-15  -8.88178e-16  -8.88178e-16  0.0  8.88178e-16  -1.77636e-15  -8.88178e-16  -1.77636e-15  2.66454e-15  -4.44089e-16  -4.44089e-16  8.88178e-16  4.44089e-16  -4.44089e-16  1.77636e-15  -4.44089e-16  0.0  4.44089e-16  -1.33227e-15  2.66454e-15  4.44089e-16  8.88178e-16  1.33227e-15  -4.44089e-16  -1.33227e-15  -2.22045e-15  8.88178e-16  1.33227e-15  4.44089e-16  0.0  -1.33227e-15  -4.44089e-16  -1.33227e-15  1.77636e-15  -8.88178e-16  -8.88178e-16  0.0  1.77636e-15  -8.88178e-16  4.44089e-16  0.0  1.11022e-15  -1.11022e-15  2.22045e-16  -2.22045e-16  1.55431e-15  1.77636e-15  8.88178e-16  -8.88178e-16  -4.44089e-16  -2.22045e-16  2.22045e-16  8.88178e-16  -2.22045e-16  -1.55431e-15  6.66134e-16  -1.55431e-15  1.77636e-15  4.44089e-16  8.88178e-16  1.55431e-15  0.0  -6.66134e-16  1.77636e-15  6.66134e-16  1.9984e-15  8.88178e-16  2.66454e-15  1.77636e-15  -8.88178e-16  1.55431e-15  -1.77636e-15  -1.55431e-15  4.44089e-16  2.22045e-16  2.22045e-16  -6.66134e-16  1.55431e-15  -1.11022e-15  -6.66134e-16  -1.77636e-15  1.77636e-15  2.44249e-15  -2.22045e-15  -4.44089e-16  1.77636e-15  1.55431e-15  2.22045e-16  1.11022e-15  -4.44089e-16  -6.66134e-16  2.22045e-16  -4.68514e-14  -8.72635e-14  -1.07248e-13  -7.94698e-13  -4.32099e-13  -1.67044e-12  -1.21576e-11  -1.26388e-12  -2.29474e-11  -6.76401e-11  -1.94596e-10  -4.28733e-10  -2.31605e-10  -3.91782e-10  -1.6137e-10  -1.76991e-10  -6.68818e-10  -7.73312e-10  -8.50453e-10  -1.25189e-9  -8.02483e-10  -1.3178e-9  -3.21468e-9  -4.11229e-9  -4.43021e-9  -2.8535e-9  -3.21863e-9  -4.32566e-9  -2.81894e-9  -3.06806e-9  -3.69403e-9  -4.3233e-9  -7.72792e-9  -4.87949e-9  -4.90631e-9  -8.10882e-9  -7.16556e-9  -1.69454e-8  -5.8356e-9  -1.49083e-8  -1.39966e-8  -7.0077e-9  -1.02298e-8  -1.82464e-8  -1.20572e-8  -2.87458e-8  -3.40609e-8  -2.62663e-8  -5.09021e-8  -2.68409e-8  -7.0832e-8  -8.16513e-8  -7.68397e-8  -5.35909e-8  -7.7734e-8  -8.10771e-8  -6.30124e-8  -7.79237e-8  -1.88192e-7  -1.27613e-7  -1.41498e-7  -1.11071e-7  -1.05593e-7  -2.02399e-7  -2.04626e-7  -2.11618e-7  -2.56313e-7  -2.80237e-7  -1.76036e-7  -1.94622e-7  -2.43642e-7  -2.86723e-7  -5.34628e-7  -4.80211e-7  -5.3676e-7  -4.00502e-7  -4.12881e-7  -6.66377e-7  -7.07936e-7  -5.23469e-7  -6.4171e-7  -3.55046e-7  -6.12761e-7  -5.43743e-7  -9.65773e-7  -1.10038e-6  -6.08781e-7  -1.15516e-6  -6.92515e-7  -1.34193e-6  -6.55262e-7  -1.1431e-6  -1.01177e-6  -9.67419e-7  -6.82741e-7  -1.35339e-6  -1.53882e-6  -1.61125e-6  -1.227e-6  -1.99783e-6  -1.91114e-6  -1.74515e-6  -1.46698e-6  -2.03488e-6  -2.51993e-6  -1.75126e-6  -3.04213e-6  -2.83879e-6  -2.26317e-6  -1.9219e-6  -2.48141e-6  -3.65897e-6  -2.51338e-6  -2.55065e-6  -2.64955e-6  -4.08042e-6  -4.10128e-6  -3.48263e-6  -3.29365e-6  -4.39437e-6  -3.49032e-6  -5.18672e-6  -3.64332e-6  -5.1417e-6  -6.42257e-6  -4.46585e-6  -1.63627e-9  -7.03119e-6  -6.10873e-6  -5.8695e-6  1.08033e-10  -1.33022e-9  -2.46926e-9  -2.50519e-9  -6.91408e-6  -1.55518e-9  -1.72353e-9  -1.57059e-9  -1.95048e-9  -2.55622e-9  -3.22164e-9  -3.0027e-9  -3.5634e-9  7.28048e-10  -3.96814e-9  1.31453e-9  1.659e-9  2.20433e-9  9.67556e-10  1.21878e-9  1.52547e-9  -9.76643e-9  1.80363e-9  -6.36528e-9  1.24005e-9  7.20088e-10  1.34692e-9  1.64212e-9  2.39874e-9  -1.05157e-8  5.32166e-10  1.10547e-9  2.30604e-9  1.69739e-9  1.03049e-9  1.8687e-9  2.47831e-9  1.2603e-9  1.7594e-9  2.79779e-9  3.09501e-9  2.63211e-9  2.79933e-9  2.23372e-9  3.10685e-9  1.98714e-9  3.04576e-9  2.73731e-9  2.53808e-9  1.04923e-9  3.63148e-9  2.35741e-9  3.35198e-9  1.91109e-9  2.6785e-9  2.01488e-9  2.26863e-9  1.93911e-9  3.03056e-9  5.08541e-9
300 Eigenvalues converges, out of 300 requested.
Running with l = 600
Starting Davidson with n_aux = 2160, l_buffer = 780, lc = 606, thresh = 0.0025, max_iter = 100
Iter 1: V_size = 120, Converged = 0, ‖r‖ (largest λ) = 0.10358086508213564
Iter 2: V_size = 240, Converged = 0, ‖r‖ (largest λ) = 0.025588054618247306
Iter 3: V_size = 480, Converged = 0, ‖r‖ (largest λ) = 0.005422886881735896
Iter 4: V_size = 960, Converged = 0, ‖r‖ (largest λ) = 0.0006278081963591829
Iter 5: V_size = 1737, Converged = 3, ‖r‖ (largest λ) = 0.0001896167111555052
Iter 6: V_size = 1538, Converged = 11, ‖r‖ (largest λ) = 0.0006083555236374545
Iter 7: V_size = 1538, Converged = 11, ‖r‖ (largest λ) = 0.0008444437240960127
Iter 8: V_size = 1538, Converged = 11, ‖r‖ (largest λ) = 0.0003599503408828685
Iter 9: V_size = 2077, Converged = 241, ‖r‖ (largest λ) = 0.00026788440754240507
Hybrid Davidson-JD corrections at iteration 10
Total MINRES iterations: 4638
Iter 10: V_size = 1078, Converged = 241, ‖r‖ (largest λ) = 0.0006243108252307368
Hybrid Davidson-JD corrections at iteration 11
Total MINRES iterations: 137
Iter 11: V_size = 1617, Converged = 241, ‖r‖ (largest λ) = 0.00020144437905939304
Hybrid Davidson-JD corrections at iteration 12
Total MINRES iterations: 0
Iter 12: V_size = 2156, Converged = 241, ‖r‖ (largest λ) = 0.0005485858330436969
Hybrid Davidson-JD corrections at iteration 13
Total MINRES iterations: 0
Iter 13: V_size = 418, Converged = 571, ‖r‖ (largest λ) = 0.0004988171368098242
Hybrid Davidson-JD corrections at iteration 14
Total MINRES iterations: 0
Iter 14: V_size = 627, Converged = 571, ‖r‖ (largest λ) = 0.000457472136281007
Hybrid Davidson-JD corrections at iteration 15
Total MINRES iterations: 0
Iter 15: V_size = 836, Converged = 571, ‖r‖ (largest λ) = 0.00047744219791267585
Hybrid Davidson-JD corrections at iteration 16
Total MINRES iterations: 0
Iter 16: V_size = 1045, Converged = 571, ‖r‖ (largest λ) = 0.00042091295413821295
Hybrid Davidson-JD corrections at iteration 17
Total MINRES iterations: 0
Iter 17: V_size = 1254, Converged = 571, ‖r‖ (largest λ) = 0.00029991998574928645
Hybrid Davidson-JD corrections at iteration 18
Total MINRES iterations: 0
Iter 18: V_size = 1463, Converged = 571, ‖r‖ (largest λ) = 0.0003452000845355889
Converged all required eigenvalues.
7190.504608 seconds (174.11 M allocations: 11.766 TiB, 1.13% gc time)
Number of FLOPs: 65285560920983

Reading exact Eigenvalues...
Reading eigenvalues from ../../Eigenvalues_folder/eigenres_formaldehyde_RNDbasis1.jld2

Compute the difference between computed and exact eigenvalues:
1×600 adjoint(::Vector{Float64}) with eltype Float64:
 -1.06581e-14  -3.55271e-15  2.84217e-14  8.88178e-15  -3.55271e-15  -3.55271e-15  7.10543e-15  -1.24345e-14  0.0  1.77636e-15  -8.88178e-16  0.0  1.77636e-15  8.88178e-16  -8.88178e-16  0.0  8.88178e-16  3.55271e-15  -2.66454e-15  0.0  1.77636e-15  -2.66454e-15  1.77636e-15  -3.55271e-15  2.66454e-15  -4.44089e-15  3.10862e-15  0.0  -8.88178e-16  8.88178e-16  -1.33227e-15  -2.22045e-15  8.88178e-16  1.77636e-15  -4.44089e-16  -3.9968e-15  3.9968e-15  1.77636e-15  1.77636e-15  0.0  8.88178e-16  -3.10862e-15  -1.77636e-15  -4.44089e-16  4.44089e-15  -4.88498e-15  -4.44089e-16  -2.66454e-15  3.10862e-15  -2.22045e-15  2.22045e-15  -2.66454e-15  1.33227e-15  0.0  4.44089e-16  -2.22045e-15  -1.77636e-15  -4.44089e-15  8.88178e-16  1.11022e-15  2.66454e-15  -1.77636e-15  -6.66134e-16  3.33067e-15  -1.55431e-15  -3.9968e-15  3.33067e-15  -2.22045e-15  -3.9968e-15  4.44089e-16  1.11022e-15  -3.9968e-15  -1.55431e-15  -2.22045e-16  2.22045e-16  -4.44089e-16  -1.11022e-15  -4.44089e-15  -2.66454e-15  3.77476e-15  7.99361e-15  -3.10862e-15  -3.10862e-15  3.55271e-15  -2.88658e-15  4.88498e-15  1.11022e-15  2.44249e-15  -4.66294e-15  -7.77156e-15  -2.22045e-16  -4.88498e-15  -7.54952e-15  -4.44089e-16  3.10862e-15  -5.9952e-15  1.77636e-15  2.22045e-16  2.22045e-16  2.22045e-15  -8.88178e-15  3.10862e-15  -4.44089e-16  7.99361e-15  -7.32747e-15  6.43929e-15  6.88338e-15  8.21565e-15  9.99201e-15  3.10862e-15  -2.22045e-16  -1.55431e-15  9.54792e-15  3.10862e-15  -9.76996e-15  8.43769e-15  0.0  -5.55112e-15  -5.55112e-15  -3.55271e-15  -2.74447e-13  -1.2168e-13  -7.08433e-13  -4.86722e-13  -1.55109e-12  -2.39753e-12  -1.42777e-10  -2.76808e-10  -4.41192e-10  -4.05263e-10  -3.52503e-10  -5.22064e-10  -4.17419e-10  -1.17401e-9  -5.54688e-10  -8.61945e-10  -1.16244e-9  -2.06599e-9  -1.72624e-9  -1.33656e-9  -1.28713e-9  -1.414e-9  -1.39968e-9  -3.26202e-9  -1.17281e-9  -1.78102e-9  -3.47037e-9  -3.81901e-9  -2.28401e-9  -2.10259e-9  -4.13092e-9  -3.71372e-9  -2.12285e-9  -3.95705e-9  -5.16016e-9  -5.65675e-9  -7.94606e-9  -6.64009e-9  -7.85944e-9  -1.27045e-8  -1.12001e-8  -1.16721e-8  -1.38954e-8  -1.55212e-8  -1.41296e-8  -1.24343e-8  -1.67826e-8  -2.09034e-8  -2.17013e-8  -1.85141e-8  -2.0544e-8  -1.04328e-8  -2.36766e-8  -3.47989e-8  -3.1527e-8  -4.22463e-8  -5.20342e-8  -3.92291e-8  -3.49073e-8  -3.89109e-8  -4.73747e-8  -5.95036e-8  -5.8023e-8  -3.96945e-8  -6.80621e-8  -5.42941e-8  -5.3068e-8  -6.19586e-8  -4.69878e-8  -5.19884e-8  -8.44286e-8  -6.37935e-8  -5.61644e-8  -4.4355e-8  -9.19591e-8  -7.14118e-8  -8.69946e-8  -7.04772e-8  -9.12595e-8  -1.29883e-7  -6.84263e-8  -8.32239e-8  -9.34673e-8  -9.87044e-8  -8.84408e-8  -1.03201e-7  -1.50081e-7  -1.35693e-7  -1.26893e-7  -1.1549e-7  -2.18013e-7  -1.54109e-7  -1.5658e-7  -1.68065e-7  -1.36815e-7  -1.40315e-7  -1.10508e-7  -1.77187e-7  -1.55674e-7  -1.64288e-7  -1.79968e-7  -1.85967e-7  -2.22222e-7  -1.46198e-7  -2.57465e-7  -1.76668e-7  -2.96826e-7  -2.55007e-7  -3.41624e-7  -1.8653e-7  -2.5108e-7  -2.97099e-7  -2.87192e-7  -2.57025e-7  -3.15581e-7  -2.92737e-8  -5.08722e-7  -2.91116e-7  -4.61978e-7  -3.44405e-8  -3.96348e-8  -3.64874e-8  -3.8668e-7  -3.94547e-7  -4.57834e-8  -5.04863e-8  -4.40458e-8  -4.37669e-8  -3.90422e-8  -5.15046e-8  -3.74995e-8  -3.2892e-7  -3.94156e-8  2.81114e-12  -5.41821e-8  -8.43676e-8  -7.3282e-8  -7.80136e-8  -5.95298e-8  -5.15308e-8  -8.33986e-8  -6.97193e-8  -6.94611e-8  -5.83479e-8  -1.03718e-7  -9.87225e-8  -9.61708e-8  -9.09039e-8  -7.81611e-8  -8.25233e-8  -8.12286e-8  -1.23109e-7  -1.5681e-7  -9.38212e-8  -1.0581e-7  1.68865e-12  3.55743e-12  -1.23768e-7  2.46231e-12  -1.53108e-7  -1.51162e-7  -1.68911e-7  4.25426e-12  -1.90022e-7  1.7617e-12  -1.9334e-7  -1.80984e-7  -2.29322e-7  -1.6624e-7  -2.51564e-7  -2.3772e-7  -2.13244e-7  3.66807e-12  -2.06586e-7  -2.26795e-7  -2.66609e-7  -2.31731e-7  -2.3566e-7  -2.43798e-7  1.92996e-12  -2.54804e-7  -2.45284e-7  -3.94037e-7  -3.54929e-7  -3.1242e-7  5.46468e-12  -3.4014e-7  -2.23253e-7  -3.14992e-7  -2.81855e-7  -3.64714e-7  -3.68935e-7  -4.05776e-7  -3.83018e-7  -4.6379e-7  -3.81158e-7  -4.4068e-7  -5.12627e-7  6.11217e-12  -3.92074e-7  -6.47615e-7  -4.79736e-7  -5.32684e-7  -5.50486e-7  -5.5315e-7  -7.77157e-7  -4.07891e-7  -8.05469e-7  -6.78045e-7  -5.1675e-7  -6.39568e-7  -5.34976e-7  -7.72447e-7  -7.13113e-7  -5.75312e-7  -8.92878e-7  -6.51143e-7  -7.80047e-7  -7.97989e-7  -8.69471e-7  -7.32602e-7  -9.02408e-7  -8.30654e-7  -9.92871e-7  -8.86394e-7  -1.0725e-6  -1.1492e-6  -1.13261e-6  -1.00782e-6  -1.17467e-6  -1.25675e-6  -1.55085e-6  -1.08844e-6  -1.13771e-6  -1.158e-6  -1.61413e-6  -1.44879e-6  -1.00199e-6  -1.37684e-6  -1.35988e-6  -1.85021e-6  -1.88038e-6  -2.27e-6  -1.7303e-6  -2.02789e-6  -2.11783e-6  -2.04291e-6  -2.02136e-6  -1.87246e-6  -2.19941e-6  -1.98453e-6  -1.84929e-6  -1.91385e-6  -2.46344e-6  -1.96839e-6  -2.2059e-6  -2.03245e-6  -2.66097e-6  -2.15564e-6  -2.17574e-6  -2.75048e-6  -2.19864e-6  -2.85918e-6  -2.9116e-6  -2.85909e-6  -2.1771e-6  -2.52588e-6  -3.15218e-6  -2.21632e-6  -3.41907e-6  -3.8838e-6  -1.45171e-10  -2.48024e-6  -3.63595e-6  -2.93598e-6  -3.30096e-6  -4.89311e-6  -4.44932e-6  -3.34517e-6  -4.02685e-6  -2.70459e-6  -2.82008e-6  -3.22692e-11  -5.70412e-11  -7.88182e-11  -2.65494e-6  -2.28448e-6  -2.05922e-6  -2.8237e-6  -1.36168e-6  -2.02635e-6  1.59412e-11  -1.76077e-6  -2.40675e-6  -2.15725e-6  -1.8852e-6  -2.0541e-6  -1.72602e-6  -1.65809e-6  -2.18528e-6  -2.08082e-6  -1.9807e-6  -1.71844e-6  -1.7884e-6  -1.90473e-6  -1.91698e-6  -1.82635e-6  -2.41564e-6  -2.45407e-6  -1.87336e-6  -1.63987e-6  -2.06636e-6  -2.48592e-6  -1.75905e-6  -2.43074e-6  -1.75955e-6  -1.97698e-6  -2.17966e-6  -1.89409e-6  -2.11504e-6  -2.08437e-6  -1.91639e-6  -2.03679e-6  -2.03784e-6  -1.74161e-6  -1.99412e-6  -2.18648e-6  -2.02667e-6  -2.09869e-6  -1.71487e-6  -1.82033e-6  -1.43863e-6  -1.92384e-6  -2.20129e-6  -2.02812e-6  -1.68743e-6  -2.16209e-6  -2.33167e-6  -1.90603e-6  -2.0015e-6  -2.20506e-6  -2.049e-6  -1.86807e-6  -2.01295e-6  -2.32355e-6  -1.94105e-6  -1.7373e-6  -1.89583e-6  -1.89829e-6  -2.18056e-6  -2.16034e-6  -1.82179e-6  -1.72039e-6  -1.98033e-6  -2.00655e-6  -1.71138e-6  -1.73828e-6  -1.90684e-6  -2.49749e-6  -1.71459e-6  -2.28514e-6  -1.96458e-6  -2.2431e-6  -1.76615e-6  -1.8316e-6  -2.03612e-6  -1.74052e-6  -1.78964e-6  -2.40609e-6  -2.04277e-6  -2.10945e-6  -1.87097e-6  -1.89913e-6  -1.76362e-6  -2.52428e-6  -2.19472e-6  -1.94694e-6  -1.95556e-6  -2.49583e-6  -1.92452e-6  -1.72589e-6  -2.34916e-6  -2.23846e-6  -2.06939e-6  -2.02098e-6  -1.71659e-6  -2.15024e-6  -2.05197e-6  -2.34362e-6  -2.21811e-6  -2.18839e-6  -2.01351e-6  -1.90814e-6  -2.06921e-6  -2.22383e-6  -2.11385e-6  -1.89987e-6  -2.21036e-6  -2.53759e-6  -2.09639e-6  -2.32622e-6  -1.89366e-6  -2.59e-6  -1.92711e-6  -2.18694e-6  -2.21026e-6  -2.13731e-6  -2.04054e-6  -2.41953e-6  -2.17758e-6  -2.00684e-6  -2.18794e-6  -2.02208e-6  -1.9958e-6  -2.61623e-6  -2.36819e-6  -2.2393e-6  -2.12643e-6  -2.30676e-6  -2.12124e-6  -2.20292e-6  -2.31644e-6  -2.71786e-6  -2.1013e-6  -1.95814e-6  -1.98445e-6  -2.06269e-6  -2.33042e-6  -1.99998e-6  -2.29982e-6  -2.30384e-6  -2.46663e-6  -2.19231e-6  -2.17852e-6  -1.81523e-6  -2.46386e-6  -2.78919e-6  -2.30489e-6  -2.57966e-6  -2.24232e-6  -2.23885e-6  -2.45832e-6  -2.08871e-6  -2.16187e-6  -2.13325e-6  -2.164e-6  -2.5883e-6  -3.01217e-6  -2.8919e-6  -3.87914e-6  -2.77775e-6  -1.71036e-5  -1.86041e-5  -1.72839e-5  -1.77212e-5  -1.72249e-5  -1.6961e-5  -1.7603e-5  -2.34823e-5  -2.40438e-5  -2.17311e-5  -2.05084e-5  -1.77216e-5  -1.59282e-5  -1.5928e-5  -1.93731e-5  -1.82824e-5  -2.15914e-5  -1.94671e-5  -2.25458e-5  -1.67091e-5  -1.97079e-5  -1.71329e-5  -2.11683e-5  -1.81478e-5  -1.74901e-5  -2.06746e-5  -1.87995e-5  -1.9031e-5  -2.23611e-5
600 Eigenvalues converges, out of 600 requested.
Running with l = 1200
Starting Davidson with n_aux = 4320, l_buffer = 1560, lc = 1212, thresh = 0.003, max_iter = 100
Iter 1: V_size = 240, Converged = 0, ‖r‖ (largest λ) = 0.032488483234252935
Iter 2: V_size = 480, Converged = 0, ‖r‖ (largest λ) = 0.005894022566926656
Iter 3: V_size = 960, Converged = 0, ‖r‖ (largest λ) = 0.0006631194141480979
Iter 4: V_size = 1920, Converged = 0, ‖r‖ (largest λ) = 3.7134725888781206e-5
Iter 5: V_size = 3470, Converged = 10, ‖r‖ (largest λ) = 5.8665097464467185e-6
Iter 6: V_size = 3100, Converged = 10, ‖r‖ (largest λ) = 1.458244235330184e-5
Iter 7: V_size = 3100, Converged = 10, ‖r‖ (largest λ) = 1.9000064222803004e-5
Iter 8: V_size = 3100, Converged = 10, ‖r‖ (largest λ) = 1.0064192052103293e-5
Iter 9: V_size = 4021, Converged = 639, ‖r‖ (largest λ) = 6.604792562584921e-6
Hybrid Davidson-JD corrections at iteration 10
Total MINRES iterations: 8977
Iter 10: V_size = 1842, Converged = 639, ‖r‖ (largest λ) = 1.5029189084217431e-5
Hybrid Davidson-JD corrections at iteration 11
Total MINRES iterations: 25
Iter 11: V_size = 2763, Converged = 639, ‖r‖ (largest λ) = 3.281900648659333e-5
Hybrid Davidson-JD corrections at iteration 12
Total MINRES iterations: 1025
Iter 12: V_size = 3684, Converged = 639, ‖r‖ (largest λ) = 2.7175684310406646e-5
Hybrid Davidson-JD corrections at iteration 13
Total MINRES iterations: 0
Iter 13: V_size = 4055, Converged = 1189, ‖r‖ (largest λ) = 1.6722240135702274e-5
Hybrid Davidson-JD corrections at iteration 14
Total MINRES iterations: 104
Iter 14: V_size = 742, Converged = 1189, ‖r‖ (largest λ) = 0.02328062503795944
Hybrid Davidson-JD corrections at iteration 15
Total MINRES iterations: 0
Iter 15: V_size = 1113, Converged = 1189, ‖r‖ (largest λ) = 4.256546833167183e-6
Hybrid Davidson-JD corrections at iteration 16
Total MINRES iterations: 0
Iter 16: V_size = 1484, Converged = 1189, ‖r‖ (largest λ) = 1.3907470427170153e-5
Hybrid Davidson-JD corrections at iteration 17
Total MINRES iterations: 0
Iter 17: V_size = 1855, Converged = 1189, ‖r‖ (largest λ) = 1.5533063865048228e-5
Hybrid Davidson-JD corrections at iteration 18
Total MINRES iterations: 0
Iter 18: V_size = 2226, Converged = 1189, ‖r‖ (largest λ) = 1.7246299687379212e-5
Hybrid Davidson-JD corrections at iteration 19
Total MINRES iterations: 0
Iter 19: V_size = 2597, Converged = 1189, ‖r‖ (largest λ) = 7.798552196910399e-6
Hybrid Davidson-JD corrections at iteration 20
Total MINRES iterations: 0
Iter 20: V_size = 2946, Converged = 1211, ‖r‖ (largest λ) = 5.9332992467835635e-6
Hybrid Davidson-JD corrections at iteration 21
Total MINRES iterations: 2
Iter 21: V_size = 3295, Converged = 1211, ‖r‖ (largest λ) = 1.1786184828199836e-5
Hybrid Davidson-JD corrections at iteration 22
Total MINRES iterations: 0
Iter 22: V_size = 3644, Converged = 1211, ‖r‖ (largest λ) = 8.13783674386479e-6
Hybrid Davidson-JD corrections at iteration 23
Total MINRES iterations: 0
Iter 23: V_size = 3993, Converged = 1211, ‖r‖ (largest λ) = 5.2681171744724846e-6
Converged all required eigenvalues.
29679.332728 seconds (980.57 M allocations: 66.109 TiB, 1.37% gc time)
Number of FLOPs: 184617655327063

Reading exact Eigenvalues...
Reading eigenvalues from ../../Eigenvalues_folder/eigenres_formaldehyde_RNDbasis1.jld2

Compute the difference between computed and exact eigenvalues:
1×1200 adjoint(::Vector{Float64}) with eltype Float64:
 -3.55271e-15  1.77636e-14  -7.10543e-15  7.10543e-15  1.77636e-15  -7.10543e-15  3.55271e-15  -1.95399e-14  0.0  -1.77636e-15  -8.88178e-16  0.0  3.55271e-15  2.66454e-15  0.0  0.0  8.88178e-16  4.44089e-15  8.88178e-16  -4.44089e-15  1.77636e-15  0.0  1.77636e-15  -8.88178e-16  8.88178e-16  -1.77636e-15  1.33227e-15  -1.33227e-15  -1.33227e-15  4.44089e-16  -8.88178e-16  -8.88178e-16  -4.44089e-16  4.44089e-16  -4.44089e-16  -1.33227e-15  -4.44089e-16  -2.22045e-15  4.44089e-16  8.88178e-16  -2.22045e-15  -2.66454e-15  0.0  -1.77636e-15  2.22045e-15  -1.77636e-15  -1.33227e-15  -1.33227e-15  -3.9968e-15  -1.33227e-15  4.44089e-16  -1.77636e-15  8.88178e-16  -8.88178e-16  -2.22045e-15  1.77636e-15  -2.66454e-15  2.22045e-15  -8.88178e-16  8.88178e-16  4.44089e-16  0.0  -4.44089e-16  -1.9984e-15  1.11022e-15  0.0  6.66134e-16  0.0  0.0  -2.22045e-15  2.88658e-15  -1.9984e-15  -4.44089e-16  4.44089e-16  -2.66454e-15  1.11022e-15  2.66454e-15  0.0  -6.66134e-16  1.9984e-15  6.66134e-16  1.55431e-15  -1.33227e-15  2.22045e-16  6.66134e-16  4.44089e-16  -4.44089e-16  2.44249e-15  -1.77636e-15  -2.44249e-15  1.77636e-15  1.55431e-15  0.0  -1.9984e-15  1.55431e-15  8.88178e-16  8.88178e-16  -6.66134e-16  -2.22045e-15  -2.88658e-15  -6.66134e-16  1.33227e-15  4.44089e-16  3.33067e-15  -1.55431e-15  2.22045e-16  -1.55431e-15  6.66134e-16  -1.9984e-15  3.77476e-15  -2.22045e-16  -1.11022e-15  0.0  -1.11022e-15  -1.55431e-15  1.9984e-15  4.44089e-16  -3.77476e-15  -2.22045e-15  1.77636e-15  3.77476e-15  2.22045e-15  -1.55431e-15  6.66134e-16  1.22125e-15  -2.77556e-15  -7.90323e-12  -2.22011e-11  -2.06166e-11  -2.58658e-11  -4.52418e-11  -5.31735e-11  -1.04179e-10  -2.05123e-10  -8.20497e-11  -1.18481e-10  -3.23397e-10  -2.94433e-10  -1.25764e-10  -2.83771e-10  -3.47537e-10  -2.55576e-10  -2.87295e-10  -2.86333e-10  -3.35415e-10  -4.07579e-10  -4.13888e-10  -7.34422e-10  -5.33328e-10  -5.28169e-10  -4.43654e-10  -9.83511e-10  -6.87278e-10  -5.44543e-10  -6.1592e-10  -1.51725e-9  -8.73506e-10  -1.57115e-9  -1.24349e-9  -1.18432e-9  -1.35772e-9  -1.86539e-9  -2.02995e-9  -3.0673e-9  -2.5031e-9  -2.03702e-9  -1.51793e-9  -2.18136e-9  -3.64326e-9  -2.12238e-9  -1.63343e-9  -2.52698e-9  -3.21972e-9  -4.34366e-9  -2.45676e-9  -4.79141e-9  -4.88273e-9  -5.58982e-9  -3.7962e-9  -3.35316e-9  -5.70409e-9  -4.69346e-9  -6.11633e-9  -5.20837e-9  -4.37319e-9  -4.6332e-9  -4.98328e-9  -4.60405e-9  -6.47308e-9  -4.90306e-9  -6.05003e-9  -7.86728e-9  -5.59471e-9  -6.40332e-9  -8.2675e-9  -6.1887e-9  -6.18839e-9  -6.14262e-9  -8.09338e-9  -9.11076e-9  -5.59653e-9  -7.57277e-9  -7.76811e-9  -1.02862e-8  -7.51617e-9  -9.24751e-9  -1.46644e-8  -1.26609e-8  -9.51339e-9  -1.5897e-8  -9.61271e-9  -1.1489e-8  -1.40957e-8  -9.02489e-9  -1.2056e-8  -1.46879e-8  -1.26601e-8  -9.73425e-9  -1.02862e-8  -1.31624e-8  -1.40968e-8  -1.06425e-8  -1.08436e-8  -1.16901e-8  -1.04745e-8  -1.547e-8  -1.21031e-8  -1.26533e-8  -1.11821e-8  -1.49466e-8  -1.46955e-8  -1.16794e-8  -1.34291e-8  -1.44579e-8  -1.91876e-8  -1.62946e-8  -1.61623e-8  -1.94494e-8  -1.64112e-8  -1.74164e-8  -2.6381e-8  -2.01308e-8  -2.13555e-8  -2.07399e-8  -3.23121e-8  -2.38141e-8  -2.00176e-8  -2.43939e-8  -1.73367e-8  -2.43388e-8  -2.11747e-8  -2.08333e-8  -2.81197e-8  -2.88749e-8  -2.83716e-8  -3.47052e-8  -2.33196e-8  -3.42723e-8  -3.45547e-8  -3.47449e-8  -3.74693e-8  -3.85736e-8  -2.95286e-8  -3.65989e-8  -4.04647e-8  -4.2894e-8  -3.04945e-8  -4.27202e-8  -4.29251e-8  -3.78067e-8  -3.85901e-8  -4.74827e-8  -4.06328e-8  -4.25739e-8  -2.9731e-8  -5.20141e-8  -4.74806e-8  -3.4907e-8  -4.10452e-8  -7.35403e-8  -5.24076e-8  -5.36408e-8  -6.5223e-8  -4.67434e-8  -5.28585e-8  -5.37105e-8  -5.21198e-8  -5.78265e-8  -6.53527e-8  -5.49442e-8  -7.58519e-8  -9.5805e-8  -5.64221e-8  -7.17527e-8  -4.78083e-8  -5.97078e-8  -8.41304e-8  -6.09373e-8  -6.10004e-8  -6.04946e-8  -7.41336e-8  -7.93075e-8  -9.74697e-8  -7.48891e-8  -6.06355e-8  -6.6476e-8  -7.38071e-8  -7.21641e-8  -6.90908e-8  -8.34003e-8  -8.09792e-8  -7.16255e-8  -5.90458e-8  -8.86465e-8  -9.94468e-8  -9.70364e-8  -1.34575e-7  -1.15954e-7  -1.4672e-7  -1.13893e-7  -1.18473e-7  -1.21813e-7  -1.12305e-7  -1.01931e-7  -1.0747e-7  -9.86164e-8  -9.70428e-8  -1.17745e-7  -1.53978e-7  -1.29905e-7  -1.56257e-7  -1.18876e-7  -1.16997e-7  -1.50297e-7  -1.52213e-7  -1.88801e-7  -1.3151e-7  -1.48178e-7  -1.39809e-7  -1.30989e-7  -1.70716e-7  -2.21895e-7  -1.14234e-7  -2.03446e-7  -1.71796e-7  -2.09849e-7  -1.46708e-7  -2.06033e-7  -2.69021e-7  -1.5748e-7  -2.40391e-7  -1.89712e-7  -2.34221e-7  -2.50193e-7  -1.52389e-7  -2.55645e-7  -2.54031e-7  -2.7552e-7  -3.07976e-7  -2.33383e-7  -2.67734e-7  -5.45772e-9  -2.47843e-7  -2.62631e-7  -2.62121e-7  -3.18136e-7  -3.14224e-7  -2.74924e-7  -8.83963e-9  -5.90117e-9  -3.71824e-7  -4.17351e-7  -2.81593e-7  -9.27824e-9  -9.2363e-9  5.40001e-12  -6.87073e-9  -1.16456e-8  -5.0662e-7  -8.97344e-9  -9.61685e-9  -1.20045e-8  -1.15568e-8  -1.38502e-8  -1.04093e-8  -8.8612e-9  8.05106e-12  -1.28161e-8  -9.51106e-9  -1.29005e-8  -8.50468e-9  6.25719e-12  -1.2621e-8  -1.46792e-8  -1.85323e-8  -1.3865e-8  -1.5489e-8  -1.33411e-8  7.07692e-12  8.28582e-12  -1.34766e-8  -1.73724e-8  -1.38743e-8  -1.16165e-8  -1.1589e-8  -1.35916e-8  1.05477e-11  -1.43538e-8  -1.39708e-8  5.77138e-12  -1.23977e-8  -1.53591e-8  -1.08057e-8  -1.30537e-8  -1.56819e-8  -1.6457e-8  -1.19827e-8  -1.13649e-8  7.98489e-12  5.73394e-12  -1.7414e-8  -1.26939e-8  1.34515e-11  8.18226e-12  -2.21364e-8  -1.05925e-8  1.38666e-11  -1.46004e-8  1.65407e-11  -1.55108e-8  -1.57878e-8  2.24899e-11  -2.1918e-8  -1.4017e-8  -1.73212e-8  1.3417e-11  -1.48632e-8  -2.34e-8  -2.14752e-8  -1.9668e-8  -2.51605e-8  -2.50178e-8  -2.4706e-8  -2.49617e-8  3.02582e-11  -2.40424e-8  -2.61907e-8  -2.49604e-8  -2.37383e-8  -2.2711e-8  -2.13765e-8  -2.12512e-8  -2.55154e-8  -2.68013e-8  1.9883e-11  -2.417e-8  -2.43428e-8  -3.24792e-8  -2.41769e-8  -2.15034e-8  -1.84143e-8  -3.02499e-8  -3.03138e-8  -2.57787e-8  -2.08198e-8  -2.40779e-8  -3.01242e-8  -2.71482e-8  -3.51177e-8  -3.15136e-8  -3.22139e-8  -3.07762e-8  -3.00493e-8  -2.49331e-8  -3.5934e-8  -2.73044e-8  -2.45211e-8  -2.61583e-8  -3.15481e-8  -2.63147e-8  2.24307e-11  -1.17931e-9  -3.03295e-8  -2.33799e-8  -2.96874e-8  4.72973e-11  -3.74713e-8  -2.52336e-8  -3.67511e-8  -3.4815e-8  2.77287e-11  -2.92798e-8  -2.54396e-8  -2.45526e-8  3.23567e-11  -3.64453e-8  -3.59799e-8  -3.51077e-8  -3.23724e-8  3.67821e-11  -4.59153e-8  -4.28668e-8  2.6436e-11  -3.38958e-8  -2.58084e-8  -2.92563e-8  3.00817e-11  -3.74967e-8  -3.36516e-8  -4.4896e-8  -3.48307e-8  -4.33153e-8  3.2589e-11  -3.38603e-8  -3.90807e-8  -3.6147e-8  4.75066e-11  -5.14294e-8  5.51564e-11  4.41046e-11  7.88255e-11  3.45735e-11  3.99683e-11  -2.95558e-8  5.32779e-11  -4.18562e-8  -4.26354e-8  -3.89224e-8  -5.25244e-8  -4.25354e-8  -5.87334e-8  -4.64118e-8  -4.62428e-8  4.2246e-11  -1.45607e-9  -4.4332e-8  -4.36744e-8  6.26564e-11  -5.1219e-8  -5.04115e-8  -5.75922e-8  -5.53916e-8  -5.21767e-8  -5.69062e-8  -5.11481e-8  -5.64874e-8  -4.76713e-8  -5.35651e-8  -4.58635e-8  4.0368e-11  5.15546e-11  -3.24923e-8  -5.80223e-8  -6.80096e-8  -5.81425e-8  -5.40296e-8  4.19093e-11  -6.09511e-8  -8.03944e-8  -4.32971e-8  -6.01436e-8  -5.30394e-8  -5.44651e-8  -7.21043e-8  -7.1163e-8  -5.4876e-8  -4.86853e-8  -3.02815e-8  5.79661e-11  -5.44085e-8  -5.8773e-8  -5.90682e-8  -5.63655e-8  -1.95207e-8  -6.99761e-8  -6.18717e-8  -7.23781e-8  -7.19753e-8  -8.16225e-8  -7.27746e-8  -5.93487e-8  -6.26344e-8  -6.28082e-8  -6.90187e-8  -7.30771e-8  4.57649e-11  -6.27749e-8  6.28524e-11  -6.83916e-8  -8.18222e-8  -6.91235e-8  -6.00006e-8  -5.96571e-8  -7.33005e-8  -7.56789e-8  -9.16226e-8  -6.50012e-8  -7.11851e-8  -8.82268e-8  -6.17233e-8  -6.84169e-8  -9.32861e-8  -7.02704e-8  -5.26098e-8  -2.82072e-8  2.19942e-11  -6.12896e-8  -1.01275e-7  -8.29569e-8  -8.66607e-8  -8.15457e-8  -5.96992e-8  -6.37593e-8  -7.33486e-8  -8.30989e-8  -7.17865e-8  -6.79946e-8  -6.6697e-8  -7.70977e-8  -7.50122e-8  -7.8961e-8  -7.84221e-8  -6.1037e-8  -7.21821e-8  -7.16142e-8  -8.39393e-8  -7.44093e-8  -8.81794e-8  -7.54297e-8  -7.91125e-8  -6.40625e-8  -8.63917e-8  -8.19681e-8  -6.47748e-8  -7.81806e-8  -6.94971e-8  -8.00297e-8  -8.69442e-8  -7.49229e-8  -9.78647e-8  -7.13124e-8  -7.97845e-8  -7.371e-8  -9.05847e-8  -7.99937e-8  -7.27034e-8  -9.70241e-8  -7.99905e-8  -7.22011e-8  -7.4035e-8  -7.87721e-8  -7.68246e-8  -7.00305e-8  -7.73045e-8  -7.555e-8  -8.77682e-8  -6.17114e-8  -8.25436e-8  -7.42106e-8  -7.70851e-8  -7.67755e-8  -7.52977e-8  -7.85096e-8  -6.94896e-8  -7.25492e-8  -8.34338e-8  -7.7216e-8  -7.99764e-8  -8.23549e-8  -7.43563e-8  -7.91241e-8  -7.72968e-8  -7.54975e-8  -8.25823e-8  -7.98114e-8  -8.32693e-8  -7.9798e-8  -8.20615e-8  -7.41303e-8  -8.663e-8  -7.31536e-8  -7.77518e-8  -9.19888e-8  -8.7202e-8  -8.61021e-8  -7.24549e-8  -7.20607e-8  -7.99328e-8  -7.469e-8  -7.66398e-8  -9.00605e-8  -9.02839e-8  -7.80971e-8  -7.34365e-8  -9.27346e-8  -8.60007e-8  -7.34963e-8  -8.43141e-8  -7.09044e-8  -8.10194e-8  -8.15825e-8  -8.00479e-8  -8.83863e-8  -8.06435e-8  -8.12381e-8  -7.74009e-8  -8.36751e-8  -7.36925e-8  -8.14887e-8  -7.365e-8  -8.14094e-8  -8.01206e-8  -7.37178e-8  -7.38562e-8  -7.3474e-8  -8.04055e-8  -7.90609e-8  -8.28133e-8  -8.95206e-8  -7.67287e-8  -7.35312e-8  -7.5927e-8  -7.04629e-8  -8.21918e-8  -8.11993e-8  -7.5167e-8  -7.51987e-8  -8.35238e-8  -7.89428e-8  -7.2821e-8  -8.03252e-8  -7.16819e-8  -7.94801e-8  -7.27575e-8  -6.82009e-8  -7.4679e-8  -7.69314e-8  -7.50953e-8  -7.86172e-8  -6.97482e-8  -8.61974e-8  -8.21449e-8  -8.71379e-8  -7.75924e-8  -8.58501e-8  -7.4703e-8  -7.96558e-8  -7.76e-8  -7.6628e-8  -7.48325e-8  -7.32068e-8  -7.2647e-8  -7.45669e-8  -7.6171e-8  -8.36784e-8  -7.84162e-8  -8.25081e-8  -8.16615e-8  -8.01208e-8  -7.88904e-8  -8.0837e-8  -7.97713e-8  -7.88361e-8  -7.59817e-8  -7.92633e-8  -7.20571e-8  -8.04387e-8  -6.7739e-8  -7.43727e-8  -7.11808e-8  -8.97286e-8  -8.50822e-8  -8.08119e-8  -7.69875e-8  -8.42472e-8  -7.14726e-8  -8.6001e-8  -7.06592e-8  -7.86962e-8  -7.43037e-8  -8.27395e-8  -8.09362e-8  -8.46087e-8  -7.04497e-8  -7.34824e-8  -7.34698e-8  -8.29978e-8  -7.53979e-8  -7.10267e-8  -8.08058e-8  -7.0942e-8  -7.69823e-8  -6.55065e-8  -7.36612e-8  -7.30125e-8  -7.68222e-8  -6.48598e-8  -7.97281e-8  -8.26179e-8  -6.44912e-8  -7.69857e-8  -7.17141e-8  -7.14568e-8  -7.20265e-8  -7.67503e-8  -7.23672e-8  -8.60848e-8  -8.67579e-8  -6.6477e-8  -7.94788e-8  -6.75063e-8  -7.21768e-8  -8.17506e-8  -7.68295e-8  -7.45013e-8  -7.77681e-8  -6.84778e-8  -6.99687e-8  -8.01418e-8  -7.37225e-8  -7.58887e-8  -7.92223e-8  -7.68762e-8  -7.38318e-8  -8.09887e-8  -8.30012e-8  -7.42892e-8  -8.14605e-8  -7.73727e-8  -7.74094e-8  -8.35714e-8  -6.96502e-8  -6.66865e-8  -7.57501e-8  -7.89901e-8  -6.96303e-8  -8.12573e-8  -7.21134e-8  -8.02228e-8  -7.8464e-8  -8.31199e-8  -8.33524e-8  -7.52267e-8  -7.20063e-8  -7.69741e-8  -8.26063e-8  -8.29348e-8  -8.0797e-8  -7.97759e-8  -7.66591e-8  -7.3648e-8  -7.71152e-8  -8.25661e-8  -7.36096e-8  -8.27308e-8  -8.46005e-8  -7.47937e-8  -8.76031e-8  -7.56941e-8  -7.32359e-8  -7.39903e-8  -8.50038e-8  -7.46778e-8  -7.76767e-8  -7.25154e-8  -7.42511e-8  -7.71825e-8  -7.52591e-8  -7.73463e-8  -6.71924e-8  -7.42186e-8  -7.63263e-8  -7.63647e-8  -7.25098e-8  -7.39185e-8  -7.355e-8  -8.3298e-8  -7.57601e-8  -7.04943e-8  -6.50704e-8  -8.28702e-8  -7.96626e-8  -6.88561e-8  -7.78791e-8  -7.43266e-8  -6.56622e-8  -7.99648e-8  -7.85887e-8  -7.23685e-8  -7.77045e-8  -7.85353e-8  -7.93958e-8  -8.2007e-8  -6.97891e-8  -8.064e-8  -7.1006e-8  -7.55171e-8  -7.44804e-8  -7.54956e-8  -7.52581e-8  -8.54686e-8  -6.97416e-8  -7.86332e-8  -7.22025e-8  -7.83599e-8  -8.4818e-8  -7.55593e-8  -8.13471e-8  -7.96249e-8  -7.96801e-8  -8.63693e-8  -7.09538e-8  -7.75182e-8  -7.69567e-8  -8.05436e-8  -8.65396e-8  -8.05253e-8  -7.78832e-8  -9.22355e-8  -7.52738e-8  -8.8165e-8  -1.43658e-5  -3.34138e-5  -1.41493e-5  -1.42637e-5  -3.48458e-5  -3.04385e-5  -1.46609e-5  -3.34763e-5  -7.93597e-7  -1.3743e-5  -3.23208e-5  -1.51089e-5  -3.32919e-5  -3.24105e-5  -1.4115e-5  -3.15256e-5  -3.34638e-5  -3.27476e-5  -3.4569e-5  -1.49859e-5  -3.59639e-5  -1.49472e-5  -3.36348e-5  -1.36878e-5  -3.34035e-5  -3.36491e-5  -3.56007e-5  -2.96493e-5  -1.35224e-5  -1.51589e-5  -3.3222e-5  -1.61655e-5  -3.05396e-5  -3.26665e-5  -1.47527e-5  -1.46186e-5  -1.47761e-5  -1.51334e-5  -3.5733e-5  -3.17803e-5  -1.58102e-5  -1.48908e-5  -1.49522e-5  -1.47674e-5  -1.51731e-5  -1.54385e-5  -1.5927e-5  -1.54427e-5  -1.47231e-5  -1.43921e-5  -1.4921e-5  -1.48504e-5  -1.53886e-5  -1.59806e-5  -1.44485e-5  -1.41152e-5  -1.5118e-5  -1.56807e-5  -1.55629e-5  -1.51123e-5  -1.57702e-5  -1.50578e-5  -1.48377e-5  -1.61187e-5  -1.49675e-5  -1.42915e-5  -1.46555e-5  -1.57729e-5  -1.59721e-5  -1.47229e-5  -1.4498e-5  -1.52048e-5  -1.41859e-5  -1.55352e-5  -1.63055e-5  -1.63993e-5  -1.4959e-5  -1.5563e-5  -1.4114e-5  -1.63845e-5  -1.48379e-5  -1.58154e-5  -1.47946e-5  -1.47869e-5  -1.57294e-5  -1.65212e-5  -1.53584e-5  -1.53456e-5  -1.41088e-5  -1.62077e-5  -1.53795e-5  -1.53632e-5  -1.54159e-5  -1.51473e-5  -1.45259e-5  -1.39635e-5  -1.43e-5  -1.40463e-5  -1.45685e-5  -1.46159e-5  -1.47726e-5  -1.4496e-5  -1.4359e-5  -1.49317e-5  -1.58817e-5  -1.4904e-5  -1.53199e-5  -1.39154e-5  -1.57995e-5  -1.58839e-5  -1.53907e-5  -1.54711e-5  -1.52879e-5  -1.45917e-5  -1.39062e-5  -1.48617e-5  -1.5425e-5  -1.44308e-5  -1.50644e-5  -1.46561e-5  -1.63155e-5  -1.44027e-5  -1.51521e-5  -1.53911e-5  -1.4045e-5  -1.39739e-5  -1.48717e-5  -1.67713e-5  -1.36902e-5  -1.57384e-5  -1.4942e-5  -1.33541e-5  -1.33033e-5  -1.42939e-5  -1.66794e-5  -1.43653e-5  -1.38463e-5  -1.47211e-5  -1.54017e-5  -1.44667e-5  -1.45352e-5  -1.4914e-5  -1.42989e-5  -1.4231e-5  -1.42039e-5  -1.54263e-5  -1.4582e-5  -1.42084e-5  -1.52574e-5  -1.52732e-5  -1.4663e-5  -1.48962e-5  -1.45697e-5  -1.49526e-5  -1.4189e-5  -1.46081e-5  -1.41366e-5  -1.40394e-5  -1.32553e-5  -1.39301e-5  -1.40564e-5  -1.43587e-5  -1.33797e-5  -1.52965e-5  -1.4099e-5  -1.42809e-5  -1.45919e-5  -1.42272e-5  -1.48378e-5  -1.38712e-5  -1.46863e-5  -1.47143e-5  -1.40185e-5  -1.34898e-5  -1.37623e-5  -1.483e-5  -1.39056e-5  -1.46454e-5  -1.37893e-5  -1.42916e-5  -1.36387e-5  -1.37388e-5  -1.46614e-5  -1.3437e-5  -1.52635e-5  -1.46747e-5  -1.27301e-5  -1.39957e-5  -1.34216e-5  -1.48513e-5  -1.51702e-5  -1.41211e-5  -1.42715e-5  -1.49831e-5  -1.37269e-5  -1.40655e-5  -1.43675e-5  -1.40393e-5  -1.29843e-5  -1.39212e-5  -1.31534e-5  -1.33473e-5  -1.39144e-5  -1.41966e-5  -1.38087e-5  -1.35747e-5  -1.32253e-5  -1.3491e-5  -1.3512e-5  -1.41399e-5  -1.36011e-5  -1.23154e-5  -1.35898e-5  -1.44931e-5  -1.42552e-5  -1.45245e-5  -1.36963e-5  -1.33619e-5  -1.29044e-5  -1.39396e-5  -1.3277e-5  -1.34148e-5  -1.37003e-5  -1.36321e-5  -1.27718e-5  -1.32481e-5  -1.29468e-5  -1.4061e-5  -1.27925e-5  -1.37506e-5  -1.27483e-5  -1.31945e-5  -1.33145e-5  -1.36865e-5  -1.28616e-5  -1.32802e-5  -1.28187e-5  -1.31719e-5  -1.26898e-5  -1.28825e-5  -1.36245e-5  -1.2038e-5  -1.18987e-5  -1.26404e-5  -1.33333e-5  -1.28263e-5  -1.24768e-5  -1.28121e-5  -1.23732e-5  -1.23965e-5  -1.27595e-5  -1.35033e-5  -1.32958e-5  -1.29129e-5  -1.31851e-5  -1.25801e-5  -1.29283e-5  -1.20973e-5  -1.35016e-5  -1.29718e-5  -1.32432e-5  -1.31105e-5  -1.2669e-5  -1.27227e-5  -1.26431e-5  -1.35184e-5  -1.31388e-5  -1.19439e-5  -1.40571e-5  -1.24864e-5  -1.24428e-5  -1.38353e-5  -1.28412e-5  -1.22977e-5  -1.17637e-5  -1.24256e-5  -1.26792e-5  -1.22511e-5  -1.27527e-5
1200 Eigenvalues converges, out of 1200 requested.
Finished processing molecule: formaldehyde
