Processing molecule: uracil
Running with beta = 25
Running with l = 210
Starting Davidson with n_aux = 525, l_buffer = 273, lc = 212, thresh = 0.0015, max_iter = 100
Iter 1: V_size = 42, Converged = 0, ‖r‖ (largest λ) = 1.4440469943908738
Iter 2: V_size = 84, Converged = 0, ‖r‖ (largest λ) = 0.3472672833475846
Iter 3: V_size = 168, Converged = 0, ‖r‖ (largest λ) = 0.1630019671042047
Iter 4: V_size = 336, Converged = 0, ‖r‖ (largest λ) = 0.042939359637024006
Iter 5: V_size = 525, Converged = 0, ‖r‖ (largest λ) = 0.2600799401361963
Iter 6: V_size = 525, Converged = 1, ‖r‖ (largest λ) = 0.8568001749187003
Iter 7: V_size = 525, Converged = 2, ‖r‖ (largest λ) = 0.56942708395599
Iter 8: V_size = 525, Converged = 2, ‖r‖ (largest λ) = 0.18820820668851818
Iter 9: V_size = 525, Converged = 2, ‖r‖ (largest λ) = 0.16341837072587181
Hybrid Davidson-JD corrections at iteration 10
Total MINRES iterations: 11
Iter 10: V_size = 264, Converged = 141, ‖r‖ (largest λ) = 0.10227136914595428
Hybrid Davidson-JD corrections at iteration 11
Total MINRES iterations: 0
Iter 11: V_size = 396, Converged = 141, ‖r‖ (largest λ) = 0.10199930142358579
Hybrid Davidson-JD corrections at iteration 12
Total MINRES iterations: 0
Iter 12: V_size = 264, Converged = 141, ‖r‖ (largest λ) = 0.07908070064406905
Hybrid Davidson-JD corrections at iteration 13
Total MINRES iterations: 0
Iter 13: V_size = 326, Converged = 211, ‖r‖ (largest λ) = 0.016082222553197884
Hybrid Davidson-JD corrections at iteration 14
Total MINRES iterations: 1
Iter 14: V_size = 388, Converged = 211, ‖r‖ (largest λ) = 9.49574150175401
Hybrid Davidson-JD corrections at iteration 15
Total MINRES iterations: 0
Iter 15: V_size = 450, Converged = 211, ‖r‖ (largest λ) = 0.004807732007608004
Hybrid Davidson-JD corrections at iteration 16
Total MINRES iterations: 0
Iter 16: V_size = 512, Converged = 211, ‖r‖ (largest λ) = 0.005424738773030782
Converged all required eigenvalues.
888.082074 seconds (17.55 M allocations: 1.376 TiB, 0.63% gc time, 0.07% compilation time)
Number of FLOPs: 18405759486072

Reading exact Eigenvalues...
Reading eigenvalues from ../../Eigenvalues_folder/eigenres_uracil_RNDbasis1.jld2

Compute the difference between computed and exact eigenvalues:
1×210 adjoint(::Vector{Float64}) with eltype Float64:
 -1.42109e-14  -3.55271e-15  7.10543e-15  3.55271e-15  3.55271e-15  0.0  -1.06581e-14  1.06581e-14  3.55271e-15  -1.42109e-14  -1.06581e-14  0.0  5.32907e-15  1.77636e-15  0.0  1.77636e-15  1.77636e-15  1.77636e-15  -7.10543e-15  -1.77636e-15  0.0  3.55271e-15  5.32907e-15  5.32907e-15  0.0  0.0  -1.77636e-15  0.0  1.77636e-15  1.77636e-15  3.55271e-15  -5.32907e-15  3.55271e-15  1.77636e-15  1.77636e-15  3.55271e-15  -8.88178e-15  -3.55271e-15  5.32907e-15  -5.32907e-15  7.99361e-15  -5.32907e-15  1.77636e-15  -7.10543e-15  3.55271e-15  -4.44089e-15  -3.55271e-15  -8.88178e-16  -4.44089e-15  -2.66454e-15  1.77636e-15  -6.21725e-15  6.21725e-15  -4.44089e-15  2.66454e-15  4.44089e-15  -1.77636e-15  -2.66454e-15  -6.21725e-15  1.77636e-15  -6.21725e-15  7.10543e-15  -8.88178e-16  -3.55271e-15  -3.55271e-15  -6.21725e-15  3.55271e-15  -9.76996e-15  -1.15463e-14  -1.42109e-14  -7.99361e-15  -3.55271e-15  -1.77636e-14  -2.84217e-14  -4.08562e-14  -7.10543e-15  -5.24025e-14  -7.99361e-14  -4.9738e-14  -3.4639e-14  -5.77316e-14  -4.41425e-13  -2.49578e-13  -2.14051e-13  -1.83853e-13  -3.92575e-13  -3.53495e-13  -1.7053e-13  -2.54019e-13  -2.73559e-13  -4.84057e-13  -4.9738e-13  -4.70735e-13  -8.58869e-13  -1.25278e-12  -1.66045e-12  -1.20037e-12  -2.64766e-12  -2.01572e-12  -8.0469e-13  -6.37224e-12  -2.60902e-12  -3.99725e-12  -4.34808e-12  -3.5878e-12  -6.36202e-12  -4.71223e-12  -3.13038e-12  -3.34754e-12  -4.65894e-12  -1.3348e-11  -1.40079e-11  -8.61045e-12  -7.74403e-12  -6.93445e-12  -2.03726e-11  -1.25251e-11  -2.43676e-11  -1.18829e-11  -1.91669e-11  -2.85669e-11  -1.34959e-11  -2.37632e-11  -2.02625e-11  -1.66249e-11  -2.09361e-11  -7.78009e-11  -4.54552e-11  -2.79625e-11  -4.22897e-11  -1.0263e-10  -5.59295e-11  -8.77476e-11  -5.7629e-11  -1.33227e-15  -1.98701e-10  -2.17321e-10  -1.57977e-10  -1.97582e-10  -3.49076e-10  -8.88178e-16  -1.61237e-10  -2.99244e-10  2.66454e-15  -8.88178e-16  4.44089e-16  -1.33227e-15  0.0  -4.44089e-16  4.44089e-16  0.0  4.44089e-16  4.44089e-16  -1.77636e-15  -3.10862e-15  -1.33227e-15  -5.32907e-15  -5.32907e-15  -9.76996e-15  -8.43769e-15  -1.33227e-14  -1.02141e-14  -2.13163e-14  -8.88178e-15  -1.15463e-14  -1.95399e-14  -2.70894e-14  -5.28466e-14  -7.50511e-14  -9.4591e-14  -2.66454e-14  -2.79776e-14  -1.35447e-13  -2.58904e-13  -2.04281e-13  -2.11386e-13  -1.77636e-13  -2.13607e-13  -1.10578e-13  -3.49054e-13  -3.92131e-13  -5.35127e-13  -7.98916e-13  -1.21858e-12  -1.49614e-12  -7.21201e-13  -1.73772e-12  -1.43396e-12  -9.45466e-13  -3.57758e-12  -2.64633e-12  -6.34293e-12  -3.3733e-12  -3.53229e-12  -5.85576e-12  -5.01599e-12  -3.93063e-12  -7.66498e-12  -4.81704e-12  -3.471e-12  -9.79394e-12  -5.34062e-12  -9.24505e-12  -9.0421e-12  -5.92104e-12  -2.61049e-11  -1.66422e-11  -1.21188e-11  -2.95017e-11  -3.41589e-11
210 Eigenvalues converges, out of 210 requested.
Running with l = 1050
Starting Davidson with n_aux = 2625, l_buffer = 1365, lc = 1060, thresh = 0.002, max_iter = 100
Iter 1: V_size = 210, Converged = 0, ‖r‖ (largest λ) = 0.1516315241105587
Iter 2: V_size = 420, Converged = 0, ‖r‖ (largest λ) = 0.03270368987561489
Iter 3: V_size = 840, Converged = 0, ‖r‖ (largest λ) = 0.009779089027487775
Iter 4: V_size = 1680, Converged = 0, ‖r‖ (largest λ) = 0.0025810782883984172
Iter 5: V_size = 2625, Converged = 1, ‖r‖ (largest λ) = 0.0058616684806025955
Iter 6: V_size = 2625, Converged = 2, ‖r‖ (largest λ) = 0.01512075944672874
Iter 7: V_size = 2625, Converged = 2, ‖r‖ (largest λ) = 0.012209199742794587
Iter 8: V_size = 2625, Converged = 2, ‖r‖ (largest λ) = 0.005986006271347227
Iter 9: V_size = 1718, Converged = 506, ‖r‖ (largest λ) = 0.0046978640725899735
Hybrid Davidson-JD corrections at iteration 10
Total MINRES iterations: 0
Iter 10: V_size = 2577, Converged = 506, ‖r‖ (largest λ) = 0.0031412616751406667
Hybrid Davidson-JD corrections at iteration 11
Total MINRES iterations: 0
Iter 11: V_size = 1718, Converged = 506, ‖r‖ (largest λ) = 0.003278714653438463
Hybrid Davidson-JD corrections at iteration 12
Total MINRES iterations: 0
Iter 12: V_size = 2198, Converged = 885, ‖r‖ (largest λ) = 0.0017298807813593217
Hybrid Davidson-JD corrections at iteration 13
Total MINRES iterations: 3241
Iter 13: V_size = 960, Converged = 885, ‖r‖ (largest λ) = 0.0013042525215507543
Hybrid Davidson-JD corrections at iteration 14
Total MINRES iterations: 0
Iter 14: V_size = 1440, Converged = 885, ‖r‖ (largest λ) = 0.00208697486200028
Hybrid Davidson-JD corrections at iteration 15
Total MINRES iterations: 364
Iter 15: V_size = 1920, Converged = 885, ‖r‖ (largest λ) = 0.006570855462651862
Hybrid Davidson-JD corrections at iteration 16
Total MINRES iterations: 254
Iter 16: V_size = 2236, Converged = 1049, ‖r‖ (largest λ) = 0.010895383732778685
Hybrid Davidson-JD corrections at iteration 17
Total MINRES iterations: 32
Iter 17: V_size = 2552, Converged = 1049, ‖r‖ (largest λ) = 0.025814342238652414
Hybrid Davidson-JD corrections at iteration 18
Total MINRES iterations: 0
Iter 18: V_size = 632, Converged = 1049, ‖r‖ (largest λ) = 0.009219058673359773
Hybrid Davidson-JD corrections at iteration 19
Total MINRES iterations: 4
Iter 19: V_size = 948, Converged = 1049, ‖r‖ (largest λ) = 0.004664035223576286
Hybrid Davidson-JD corrections at iteration 20
Total MINRES iterations: 0
Iter 20: V_size = 1264, Converged = 1049, ‖r‖ (largest λ) = 0.008175319358944865
Hybrid Davidson-JD corrections at iteration 21
Total MINRES iterations: 0
Iter 21: V_size = 1580, Converged = 1049, ‖r‖ (largest λ) = 0.005075522939550548
Hybrid Davidson-JD corrections at iteration 22
Total MINRES iterations: 0
Iter 22: V_size = 1894, Converged = 1051, ‖r‖ (largest λ) = 0.002648068285233152
Hybrid Davidson-JD corrections at iteration 23
Total MINRES iterations: 9
Iter 23: V_size = 2208, Converged = 1051, ‖r‖ (largest λ) = 0.0031624427357123657
Hybrid Davidson-JD corrections at iteration 24
Total MINRES iterations: 3
Iter 24: V_size = 2522, Converged = 1051, ‖r‖ (largest λ) = 0.0032892279880687445
Hybrid Davidson-JD corrections at iteration 25
Total MINRES iterations: 0
Iter 25: V_size = 628, Converged = 1051, ‖r‖ (largest λ) = 0.0023721638614466723
Converged all required eigenvalues.
22318.455624 seconds (656.61 M allocations: 51.946 TiB, 1.58% gc time)
Number of FLOPs: 162809891476984

Reading exact Eigenvalues...
Reading eigenvalues from ../../Eigenvalues_folder/eigenres_uracil_RNDbasis1.jld2

Compute the difference between computed and exact eigenvalues:
1×1050 adjoint(::Vector{Float64}) with eltype Float64:
 -3.55271e-15  -3.55271e-15  7.10543e-15  -1.42109e-14  3.55271e-15  0.0  -7.10543e-15  1.77636e-14  3.55271e-15  -1.06581e-14  0.0  0.0  1.77636e-15  -5.32907e-15  3.55271e-15  3.55271e-15  3.55271e-15  -5.32907e-15  -1.24345e-14  -8.88178e-15  8.88178e-15  0.0  5.32907e-15  5.32907e-15  8.88178e-15  -1.77636e-15  -3.55271e-15  0.0  5.32907e-15  3.55271e-15  7.10543e-15  -1.77636e-15  3.55271e-15  3.55271e-15  3.55271e-15  1.77636e-15  1.77636e-15  -3.55271e-15  -3.55271e-15  0.0  -5.32907e-15  -1.77636e-15  6.21725e-15  1.77636e-15  6.21725e-15  0.0  -1.77636e-15  -2.66454e-15  -8.88178e-16  7.10543e-15  1.77636e-15  -1.77636e-15  1.77636e-15  -8.88178e-16  5.32907e-15  -3.55271e-15  6.21725e-15  -4.44089e-15  4.44089e-15  -4.44089e-15  3.55271e-15  4.44089e-15  -2.66454e-15  1.77636e-15  4.44089e-15  0.0  2.66454e-15  8.88178e-16  1.77636e-15  -2.66454e-15  7.10543e-15  1.77636e-15  -8.88178e-16  8.88178e-16  -4.44089e-15  -1.77636e-15  8.88178e-16  2.66454e-15  -5.32907e-15  4.44089e-15  3.55271e-15  3.55271e-15  -4.44089e-15  5.32907e-15  -7.10543e-15  5.32907e-15  -3.55271e-15  0.0  -4.44089e-15  -2.66454e-15  1.06581e-14  1.77636e-15  8.88178e-15  6.21725e-15  -3.9968e-15  -2.22045e-15  8.88178e-15  -3.9968e-15  4.44089e-15  -8.88178e-15  -4.88498e-15  -2.66454e-15  1.11022e-14  7.99361e-15  2.66454e-15  -4.44089e-16  4.44089e-16  2.22045e-15  8.43769e-15  -5.77316e-15  -7.99361e-15  1.11022e-14  6.66134e-15  -9.32587e-15  -5.32907e-15  -1.15463e-14  -2.22045e-15  -1.02141e-14  -1.15463e-14  3.9968e-15  -8.43769e-15  1.06581e-14  2.22045e-15  1.02141e-14  -8.88178e-15  -3.10862e-15  1.33227e-15  2.22045e-15  -6.66134e-15  -4.44089e-16  3.9968e-15  4.44089e-15  3.55271e-15  -4.44089e-15  -9.76996e-15  7.99361e-15  -2.22045e-15  -9.32587e-15  9.32587e-15  1.42109e-14  2.22045e-15  -1.77636e-15  -4.88498e-15  -8.88178e-16  1.77636e-15  -2.22045e-15  4.44089e-15  -1.33227e-15  -1.11022e-14  -1.02141e-14  -2.66454e-15  -1.55431e-14  5.32907e-15  -1.28786e-14  -6.66134e-15  -7.10543e-15  4.44089e-16  1.55431e-14  8.43769e-15  -4.44089e-16  -1.59872e-14  -1.24345e-14  -1.24345e-14  1.59872e-14  -3.55271e-15  1.64313e-14  -4.44089e-15  7.99361e-15  5.77316e-15  -1.95399e-14  8.88178e-15  -1.37668e-14  -9.32587e-15  8.88178e-16  -1.77636e-14  -4.88498e-15  1.15463e-14  1.77636e-14  1.15463e-14  -1.55431e-14  8.88178e-15  1.15463e-14  6.21725e-15  1.64313e-14  1.77636e-15  5.32907e-15  -3.10862e-15  7.54952e-15  -1.77636e-14  8.88178e-15  7.10543e-15  1.15463e-14  8.88178e-16  1.28786e-14  -1.59872e-14  8.88178e-15  -4.44089e-15  -4.44089e-16  -1.33227e-14  -4.88498e-15  -1.68754e-14  1.95399e-14  -4.44089e-15  5.32907e-15  -7.99361e-15  -4.44089e-15  3.55271e-15  1.55431e-14  -1.90958e-14  -1.90958e-14  1.95399e-14  7.99361e-15  -5.32907e-15  -1.77636e-14  -1.5099e-14  4.44089e-15  -8.43769e-15  3.9968e-15  -1.90958e-14  6.66134e-15  -1.19904e-14  -1.88738e-14  6.43929e-15  -1.59872e-14  2.15383e-14  -1.35447e-14  -9.54792e-15  1.93179e-14  -2.44249e-15  -1.4877e-14  -2.17604e-14  -6.66134e-15  6.43929e-15  1.9762e-14  -1.37668e-14  1.9984e-15  1.73195e-14  -2.10942e-14  -7.77156e-15  -1.59872e-14  1.17684e-14  1.19904e-14  1.82077e-14  2.66454e-15  -1.62093e-14  6.66134e-15  -2.19824e-14  -7.54952e-15  1.68754e-14  -5.77316e-15  -2.17604e-14  -1.9984e-14  -1.59872e-14  1.04361e-14  5.77316e-15  -2.66454e-15  -6.66134e-16  -1.59872e-14  1.42109e-14  1.06581e-14  -1.17684e-14  1.95399e-14  0.0  -1.73195e-14  1.08802e-14  7.99361e-15  1.33227e-14  9.76996e-15  -2.22045e-15  -9.54792e-15  1.79856e-14  1.73195e-14  -1.15463e-14  -1.35447e-14  6.43929e-15  -2.44249e-15  1.17684e-14  1.62093e-14  1.53211e-14  -1.04361e-14  -1.28786e-14  -2.57572e-14  -2.4869e-14  1.93179e-14  -1.90958e-14  -1.86517e-14  -2.81997e-14  -8.88178e-16  4.66294e-15  9.54792e-15  2.13163e-14  2.4647e-14  2.08722e-14  1.90958e-14  9.32587e-15  1.4877e-14  2.88658e-15  1.37668e-14  1.04361e-14  -1.9762e-14  -2.75335e-14  -1.59872e-14  1.77636e-14  -2.14273e-13  -1.87184e-13  -5.4845e-14  -5.27134e-13  -2.19602e-13  -3.53273e-13  -3.1708e-13  -7.00107e-13  -2.11386e-13  -5.71321e-13  -7.58948e-13  -2.33147e-13  -3.25961e-13  -6.01963e-13  -2.46692e-13  -5.19806e-13  -5.71321e-13  -3.25029e-12  -1.1835e-12  -3.43747e-12  -3.61688e-12  -3.46567e-12  -3.59868e-12  -1.16172e-11  -1.12605e-11  -1.74767e-11  -5.91149e-12  -3.06051e-11  -3.02443e-11  -4.69362e-11  -2.27649e-11  -1.13823e-10  -6.52469e-11  -8.5868e-11  -5.02651e-11  -1.1225e-10  -1.4865e-10  -1.66885e-10  -2.38585e-10  -1.34717e-10  -1.50293e-10  -2.01433e-10  -2.94468e-10  -1.35746e-10  -3.30223e-10  -1.82626e-10  -2.2593e-10  -3.14206e-10  -6.04224e-10  -5.25863e-10  -8.5604e-10  -5.92294e-10  -7.95234e-10  -6.81452e-10  -4.42999e-10  -1.04542e-9  -8.53995e-10  -6.34327e-10  -1.40334e-9  -8.27425e-10  -1.85486e-9  -1.81888e-9  -9.88302e-10  -9.62337e-10  -2.1977e-9  -2.29418e-9  -2.02034e-9  -2.41694e-9  -2.52901e-9  -2.50652e-9  -2.84373e-9  -2.0311e-9  -2.05574e-9  -3.15756e-9  -2.65245e-9  -3.79495e-9  -3.31578e-9  -2.76713e-9  -4.31168e-9  -3.24275e-9  -4.3913e-9  -4.16979e-9  -6.14078e-9  -5.44203e-9  -7.03444e-9  -4.97428e-9  -5.17953e-9  -8.83156e-9  -4.31242e-9  -5.3348e-9  -6.86343e-9  -6.0807e-9  -6.49093e-9  -7.22216e-9  -9.23594e-9  -9.52526e-9  -6.50113e-9  -1.29744e-8  -9.41841e-9  -1.24021e-8  -9.71159e-9  -1.51708e-8  -1.28312e-8  -1.05325e-8  -1.43521e-8  -1.24322e-8  -1.05598e-8  -1.23403e-8  -1.37688e-8  -1.85526e-8  -1.55869e-8  -1.95025e-8  -2.16643e-8  -1.73106e-8  -1.59013e-8  -2.56104e-8  -1.19644e-8  -1.80938e-8  -2.35341e-8  -2.2757e-8  -1.89601e-8  -2.53087e-8  -2.6771e-8  -2.87133e-8  -2.52379e-8  -2.45211e-8  -2.22502e-8  -2.529e-8  -1.94798e-8  -3.39181e-8  -3.31007e-8  -3.60777e-8  -2.9061e-8  -2.80499e-8  -3.91643e-8  -2.7997e-8  -4.75006e-8  -3.66516e-8  -3.59267e-8  -4.58136e-8  -3.40878e-8  -5.10065e-8  -3.67929e-8  -4.59309e-8  -6.98286e-8  -5.15908e-8  -4.57925e-8  -5.68129e-8  -3.94e-8  -6.50224e-8  -5.45565e-8  -6.08204e-8  -4.27646e-8  -7.19812e-8  -8.47576e-8  -7.49597e-8  -5.71807e-8  -4.93207e-8  -9.81788e-8  -8.95616e-8  -6.1316e-8  -9.22726e-8  -1.09971e-7  -8.79502e-8  -9.70189e-8  -8.28924e-8  -8.25307e-8  -9.34037e-8  -1.15516e-7  -1.07811e-7  -1.00524e-7  -1.02226e-7  -1.04331e-7  -8.42705e-8  -1.14559e-7  -1.20742e-7  -1.07238e-7  -1.16998e-7  -1.09247e-7  -1.83726e-7  -1.44872e-7  -1.35554e-7  -1.79069e-7  -1.50434e-7  -1.70438e-7  -2.10889e-7  -1.48175e-7  -1.26034e-7  -1.52054e-7  -2.00539e-7  -1.93931e-7  -2.07259e-7  -1.98021e-7  -2.0375e-7  -2.42132e-7  -2.42034e-7  -2.17589e-7  -2.3163e-7  -5.87055e-8  -1.92962e-7  -4.42515e-8  -1.99622e-7  -1.94784e-7  -6.64328e-8  -6.14768e-8  -5.91875e-8  -7.20336e-8  -5.92913e-8  -1.89129e-7  -6.29365e-8  -6.44144e-8  -5.47466e-8  -2.56806e-7  -6.17122e-8  -7.45104e-8  -5.26037e-8  -6.82653e-8  -5.8634e-8  -9.00852e-8  -6.65822e-8  -7.17737e-8  -8.97399e-8  -7.1493e-8  -9.24956e-8  -1.07479e-7  -8.72164e-8  -1.11579e-7  -1.06063e-7  -1.03099e-7  -1.30154e-7  -1.1983e-7  -9.30444e-8  -1.37026e-7  -1.52846e-7  -1.22161e-7  -1.04825e-7  -1.69814e-7  -1.05481e-7  -1.02067e-7  -1.45423e-7  -1.24274e-7  -1.26913e-7  -1.18253e-7  -1.24652e-7  -1.09209e-7  -1.38148e-7  -1.38092e-7  -1.40277e-7  -1.04352e-7  -1.5674e-7  -1.80984e-7  -1.44429e-7  -2.02764e-7  -1.7077e-7  -1.59576e-7  -1.34914e-7  -1.54015e-7  -1.88212e-7  -1.80961e-7  -2.14033e-7  -2.46338e-7  -1.93737e-7  -1.89961e-7  -2.10322e-7  -2.06992e-7  -2.67536e-7  -2.42661e-7  -1.9421e-7  -2.10563e-7  -2.59317e-7  -3.07491e-7  -3.16022e-7  -2.13436e-7  -2.43702e-7  -2.84824e-7  -2.64931e-7  -2.98447e-7  -4.0188e-7  -3.89454e-7  -2.87936e-7  -2.74496e-7  -2.37419e-7  -3.93617e-7  -2.70345e-7  -2.44382e-7  -3.29876e-7  -3.29541e-7  -3.50896e-7  -3.22685e-7  -3.91595e-7  -5.42043e-7  -3.65886e-7  -4.30805e-7  -4.50151e-7  -4.50844e-7  -4.14144e-7  -3.14616e-7  -4.40545e-7  -4.5604e-7  -4.83681e-7  -4.60227e-7  -4.42055e-7  -4.30244e-7  -5.992e-7  -4.98731e-7  -4.86817e-7  -4.73457e-7  -5.16755e-7  -4.34193e-7  -4.88648e-7  -5.01999e-7  -4.40081e-7  -5.8375e-7  -5.51131e-7  -6.88021e-7  -6.05158e-7  -5.03073e-7  -5.15788e-7  -5.05637e-7  -5.50528e-7  -5.03693e-7  -4.94501e-7  -5.86447e-7  -6.06418e-7  -6.66482e-7  -6.51729e-7  -6.44478e-7  -6.82103e-7  -6.60722e-7  -6.893e-7  -6.78263e-7  -7.67411e-7  -7.11254e-7  -6.80529e-7  -8.59706e-7  -8.35017e-7  -8.48255e-7  -7.37951e-7  -9.29381e-7  -7.43182e-7  -7.54782e-7  -8.51378e-7  -8.84254e-7  -9.08121e-7  -8.93601e-7  -8.71713e-7  -7.32125e-7  -9.82674e-7  -1.00109e-6  -1.04283e-6  -8.44255e-7  -9.46765e-7  -9.61553e-7  -1.22061e-6  -9.88165e-7  -9.33985e-7  -1.18778e-6  -7.99687e-7  -1.28619e-6  -9.95209e-7  -1.27926e-6  -1.24943e-6  -1.06515e-6  -1.38289e-6  -1.22626e-6  -1.50753e-6  -1.16549e-6  -1.25586e-6  -1.05565e-6  -1.07956e-6  -1.27497e-6  -9.32062e-7  -1.32073e-6  -1.15615e-6  -1.08672e-6  -1.33402e-6  -1.11236e-6  -1.20698e-6  -1.23953e-6  -1.46351e-6  -1.33898e-6  -1.16913e-6  -1.28214e-6  -1.65309e-6  -1.38354e-6  -1.36309e-6  -1.38823e-6  -1.32904e-6  -1.62399e-6  -1.61529e-6  -1.91559e-6  -1.77721e-6  -1.39397e-6  -1.55936e-6  -1.83958e-6  -1.60459e-6  -1.6537e-6  -1.60921e-6  -2.05681e-6  -1.45539e-6  -1.50095e-6  -1.3479e-6  -1.63429e-6  -1.76138e-6  -2.00302e-6  -1.99816e-6  -1.64626e-6  -1.80315e-6  -2.17458e-6  -1.99763e-6  -2.15789e-6  -1.72605e-6  -2.1074e-6  -1.76792e-6  -2.02188e-6  -1.91356e-6  -2.31625e-6  -2.13758e-6  -2.55878e-6  -1.98281e-6  -1.75103e-6  -2.22543e-6  -1.72937e-6  -2.12627e-6  -2.55805e-6  -2.49811e-6  -2.15022e-6  -2.22098e-6  -2.71346e-6  -2.18665e-6  -2.80921e-6  -2.58322e-6  -2.69642e-6  -2.56362e-6  -1.97714e-6  -2.65644e-6  -2.87551e-6  -3.08465e-6  -2.80147e-6  -2.73075e-6  -3.24272e-6  -2.85929e-6  -3.07078e-6  -3.41741e-6  -2.67479e-6  -2.78834e-6  -2.73631e-6  -2.6822e-6  -3.32834e-6  -3.31809e-6  -3.15789e-6  -3.26943e-6  -3.42424e-6  -3.77049e-6  -3.63569e-6  -3.03621e-6  -3.36978e-6  -4.08746e-6  -3.89299e-6  -3.37837e-6  -3.26681e-6  -4.15469e-6  -3.34391e-6  -3.98855e-6  -3.69688e-6  -3.7764e-6  -3.51204e-6  -2.96789e-6  -3.54516e-6  -4.48509e-6  -4.33168e-6  -3.69203e-6  -3.98264e-6  -3.067e-6  -4.52162e-6  -3.24453e-6  -4.37006e-6  -4.0169e-6  -4.14002e-6  -4.47867e-6  -4.85956e-6  -4.00775e-6  -4.85326e-6  -4.71743e-6  -5.09916e-6  -4.81331e-6  -3.99812e-6  -4.26384e-6  -3.32571e-6  -4.60378e-6  -4.60645e-6  -4.71318e-6  -4.41467e-6  -4.65407e-6  -4.35142e-6  -4.70711e-6  -4.85801e-6  -5.35691e-6  -5.88736e-6  -4.86226e-6  -5.11514e-6  -5.86215e-6  -5.34588e-6  -6.4574e-6  -6.56318e-6  -4.86315e-6  -5.7386e-6  -5.52988e-6  -5.25385e-6  -5.58117e-6  -6.23969e-6  -5.74301e-6  -5.16664e-6  -5.12248e-6  -5.75448e-6  -5.92324e-6  -7.30956e-6  -6.40719e-6  -4.84996e-6  -7.45442e-6  -6.73066e-6  -6.47316e-6  -5.78018e-6  -5.47826e-6  -7.7062e-6  -6.1162e-6  -7.39827e-6  -6.71406e-6  -6.99889e-6  -2.43435e-10  -5.77452e-6  -7.02131e-6  -5.81435e-6  -7.70274e-6  -2.3361e-9  -7.62597e-6  -7.27104e-6  -7.21929e-6  -6.25295e-6  -1.6316e-9  -8.27478e-6  -6.69591e-6  -8.41064e-6  -9.83096e-10  -8.54236e-6  -8.21558e-6  -6.45669e-6  -8.3131e-6  -8.2839e-6  -7.84577e-6  -1.44458e-9  -6.73011e-6  -3.65036e-9  -4.08882e-10  -8.50762e-6  -1.23485e-9  -8.65546e-6  -8.76385e-6  2.88373e-9  -1.74024e-10  -3.53047e-10  -8.46153e-6  -1.31953e-9  -1.13595e-10  -4.55392e-9  -8.5497e-6  -8.15746e-6  -7.27391e-10  8.13246e-10  3.48914e-10  4.63572e-10  -4.46825e-10  -4.21619e-10  -8.50976e-6  9.08947e-10  -5.72092e-10  -8.24099e-10  -7.87437e-10  -1.02498e-8  -9.11161e-6  4.57088e-8  -5.56604e-10  2.91663e-10  -4.95017e-10  -6.23139e-10  -7.1059e-10  -1.13045e-9  -8.84147e-10  -1.12033e-9  -1.10037e-9  -1.48064e-9  -1.17126e-9  -9.04293e-10  -1.15068e-9  -1.28801e-9  -1.56594e-9  -1.07808e-9  -1.47947e-9  -1.39379e-9  -1.19595e-9  -1.46447e-9  -1.37376e-9  -1.58595e-9  -1.60652e-9  -1.86212e-9  -1.92303e-9  -1.69337e-9  -1.4406e-9  -2.17099e-9  -1.69512e-9  -1.88169e-9  -2.73091e-9  -2.36144e-9  -2.14705e-9  -2.30553e-9  -2.6036e-9  -2.71396e-9  -2.30143e-9  -2.24062e-9  -2.53902e-9  -2.89248e-9  -2.26957e-9  -2.69287e-9  -6.90819e-10  -4.97993e-10  -1.02238e-9  -6.8851e-10  -3.04282e-10  -4.66024e-10  -2.1538e-10  -5.88106e-10  -3.27115e-10  -2.83375e-10  -4.66684e-10  -5.43106e-10  -2.90567e-10  -4.25472e-10  -2.6904e-10  -4.25503e-10  -2.9166e-10  -3.71378e-10  -3.4036e-10  -5.12789e-10  -4.75862e-10  -1.34475e-6  -9.67842e-7  -1.30132e-6  -7.73521e-7  -5.61963e-7  -7.15409e-7  -6.49224e-7  -5.66187e-7  -7.50477e-7  -7.59079e-7  -6.1918e-7  -8.14751e-7  -6.81287e-7  -4.52069e-6  -4.47575e-7  -3.73612e-7  -4.55736e-7  -3.19371e-7  -3.20643e-7  -3.45926e-7  -3.83801e-7  -3.43353e-7  -3.27124e-7  -3.28046e-7  -2.68361e-7  -2.8758e-7  -2.97781e-7  -3.02811e-7  -2.5013e-7  -2.72403e-7  -2.89139e-7  -3.08323e-7  -2.44824e-7  -3.28167e-6  -3.63959e-6  -2.04223e-7  -2.56639e-7  -3.66613e-6  -2.41099e-7  -2.24328e-7  -3.62784e-6  -3.55474e-6  -2.29225e-7  -3.62742e-6  -1.89318e-7  -1.89193e-7  -3.64667e-6  -1.95683e-7  -2.03426e-7  -1.70699e-7  -3.54197e-6  -2.03903e-7  -1.66533e-7  -1.68988e-7  -1.76267e-7  -1.69561e-7  -1.39405e-7  -1.72763e-7  -1.55147e-7  -3.29816e-6  -1.47642e-7  -1.76637e-7  -1.53958e-7  -3.36925e-6  -3.14509e-6  -3.34824e-6  -1.53108e-7  -1.47508e-7  -1.49261e-7  -3.27518e-6  -1.52034e-7  -1.20837e-7  -3.07931e-6  -3.26952e-6  -1.5204e-7  -3.23209e-6  -1.56436e-7  -3.23608e-6  -1.3197e-7  -1.38908e-7  -3.21753e-6  -1.38868e-7  -1.28329e-7  -1.18259e-7  -1.2435e-7  -1.21582e-7  -1.58768e-7  -1.42141e-7  -2.83488e-6  -3.06208e-6  -1.37527e-7  -1.38123e-7  -2.62023e-6  -1.65343e-7  -2.95847e-6  -1.47172e-7  -2.0221e-7  -1.81122e-7  -3.11372e-6  -2.35871e-6  -3.2358e-6  -2.99807e-6  -2.38926e-7
1050 Eigenvalues converges, out of 1050 requested.
Running with l = 2100
Starting Davidson with n_aux = 5250, l_buffer = 2730, lc = 2121, thresh = 0.0025, max_iter = 100
Iter 1: V_size = 420, Converged = 0, ‖r‖ (largest λ) = 0.05009456722285485
Iter 2: V_size = 840, Converged = 0, ‖r‖ (largest λ) = 0.00974895232376983
Iter 3: V_size = 1680, Converged = 0, ‖r‖ (largest λ) = 0.002621504589096449
Iter 4: V_size = 3360, Converged = 0, ‖r‖ (largest λ) = 0.00037949040280745277
Iter 5: V_size = 5250, Converged = 12, ‖r‖ (largest λ) = 0.0001979692051019184
Iter 6: V_size = 5250, Converged = 12, ‖r‖ (largest λ) = 0.000340430640469239
Iter 7: V_size = 5250, Converged = 12, ‖r‖ (largest λ) = 0.00038625463434766965
Iter 8: V_size = 4446, Converged = 507, ‖r‖ (largest λ) = 0.00020615044058603187
Iter 9: V_size = 4446, Converged = 507, ‖r‖ (largest λ) = 9.871444923923692e-5
Hybrid Davidson-JD corrections at iteration 10
Total MINRES iterations: 0
Iter 10: V_size = 4446, Converged = 507, ‖r‖ (largest λ) = 6.58324979386943e-5
Converged all required eigenvalues.
31242.201967 seconds (958.69 M allocations: 76.506 TiB, 1.84% gc time)
Number of FLOPs: 166811163320352

Reading exact Eigenvalues...
Reading eigenvalues from ../../Eigenvalues_folder/eigenres_uracil_RNDbasis1.jld2

Compute the difference between computed and exact eigenvalues:
1×2100 adjoint(::Vector{Float64}) with eltype Float64:
 -2.84217e-14  -1.06581e-14  1.77636e-14  -3.55271e-15  -3.55271e-15  -1.42109e-14  3.55271e-15  1.42109e-14  7.10543e-15  7.10543e-15  -1.06581e-14  3.55271e-15  0.0  0.0  1.77636e-15  3.55271e-15  0.0  1.77636e-15  -3.55271e-15  1.77636e-14  0.0  -1.77636e-14  1.77636e-15  7.10543e-15  5.32907e-15  0.0  -1.77636e-15  -7.10543e-15  1.77636e-15  3.55271e-15  3.55271e-15  0.0  -5.32907e-15  8.88178e-15  7.10543e-15  -1.59872e-14  1.77636e-15  1.77636e-15  0.0  1.77636e-15  5.32907e-15  -8.88178e-16  0.0  -1.77636e-15  2.66454e-15  -6.21725e-15  -4.44089e-15  -8.88178e-16  3.55271e-15  1.77636e-15  -2.66454e-15  -3.55271e-15  -6.21725e-15  1.77636e-15  8.88178e-16  3.55271e-15  0.0  0.0  -1.77636e-15  -9.76996e-15  8.88178e-16  1.77636e-15  -2.66454e-15  1.77636e-15  2.66454e-15  4.44089e-15  -3.55271e-15  -8.88178e-16  0.0  0.0  6.21725e-15  1.77636e-15  8.88178e-16  -8.88178e-16  2.66454e-15  8.88178e-16  0.0  1.77636e-15  -8.88178e-16  -8.88178e-16  8.88178e-16  2.66454e-15  0.0  8.88178e-16  8.88178e-16  2.66454e-15  8.88178e-16  1.77636e-15  -1.77636e-15  8.88178e-16  -1.77636e-15  -3.55271e-15  1.77636e-15  6.21725e-15  -8.88178e-16  2.22045e-15  4.44089e-16  -6.66134e-15  -2.22045e-15  1.33227e-15  -4.44089e-16  -1.33227e-15  2.66454e-15  -4.44089e-16  2.66454e-15  -3.55271e-15  3.55271e-15  2.22045e-15  -3.10862e-15  -3.55271e-15  1.33227e-15  -1.77636e-15  -3.9968e-15  -1.33227e-15  1.33227e-15  3.9968e-15  4.44089e-16  2.22045e-15  -3.55271e-15  5.32907e-15  4.88498e-15  4.44089e-15  2.22045e-15  8.88178e-16  -1.33227e-15  2.22045e-15  -1.33227e-15  1.77636e-15  -8.88178e-16  0.0  -1.33227e-15  -1.77636e-15  1.77636e-15  -3.10862e-15  8.88178e-16  1.77636e-15  -4.44089e-16  1.77636e-15  1.06581e-14  0.0  -3.9968e-15  4.44089e-16  -3.10862e-15  1.77636e-15  2.22045e-15  4.44089e-16  -1.77636e-15  -4.44089e-16  3.9968e-15  -4.88498e-15  -3.9968e-15  0.0  -3.10862e-15  -3.10862e-15  -3.55271e-15  -2.66454e-15  -2.22045e-15  2.66454e-15  -2.22045e-15  -3.9968e-15  -1.33227e-15  -3.10862e-15  8.88178e-16  -1.33227e-15  -2.22045e-15  -2.66454e-15  -4.44089e-16  -2.66454e-15  1.77636e-15  -1.33227e-15  -2.22045e-15  3.10862e-15  2.66454e-15  -4.44089e-16  -3.10862e-15  0.0  4.44089e-16  -1.77636e-15  -3.55271e-15  -2.66454e-15  -3.10862e-15  -2.22045e-15  -2.66454e-15  0.0  -4.44089e-16  3.9968e-15  8.88178e-16  1.33227e-15  -1.77636e-15  1.77636e-15  3.55271e-15  4.88498e-15  -3.10862e-15  8.88178e-16  0.0  -3.9968e-15  -1.77636e-15  3.55271e-15  2.66454e-15  5.77316e-15  4.88498e-15  4.88498e-15  2.22045e-15  -4.44089e-15  2.22045e-15  -4.44089e-16  -8.88178e-16  -8.88178e-16  -4.88498e-15  0.0  -8.88178e-16  -1.77636e-15  3.9968e-15  4.44089e-15  4.44089e-15  2.66454e-15  5.77316e-15  3.9968e-15  1.77636e-15  3.9968e-15  3.55271e-15  2.66454e-15  -2.88658e-15  -4.44089e-16  6.21725e-15  -1.33227e-15  -4.44089e-16  4.66294e-15  3.9968e-15  -6.66134e-16  -1.11022e-15  -5.9952e-15  -3.55271e-15  2.88658e-15  2.44249e-15  0.0  -3.33067e-15  1.77636e-15  -4.21885e-15  5.55112e-15  4.88498e-15  1.77636e-15  1.77636e-15  -4.44089e-15  -2.88658e-15  5.32907e-15  2.22045e-15  2.22045e-15  3.55271e-15  -2.44249e-15  -1.11022e-15  1.55431e-15  -8.88178e-16  2.44249e-15  -3.77476e-15  -2.88658e-15  -4.66294e-15  -4.44089e-15  6.66134e-16  1.9984e-15  8.88178e-16  4.88498e-15  6.43929e-15  6.66134e-16  -4.88498e-15  -1.11022e-15  -2.66454e-15  -8.88178e-16  5.77316e-15  -3.10862e-15  5.10703e-15  -1.9984e-15  2.88658e-15  -2.22045e-15  2.44249e-15  3.55271e-15  5.55112e-15  6.66134e-16  1.55431e-15  -3.55271e-15  1.11022e-15  3.9968e-15  3.55271e-15  -5.9952e-15  1.9984e-15  0.0  -2.88658e-15  -2.22045e-16  0.0  -1.11022e-15  -2.88658e-15  5.55112e-15  7.10543e-15  5.32907e-15  6.43929e-15  3.55271e-15  2.44249e-15  2.22045e-16  5.55112e-15  -1.9984e-15  -2.88658e-15  -8.88178e-16  -2.44249e-15  -2.22045e-15  4.66294e-15  1.55431e-15  -6.66134e-16  -5.55112e-15  -1.77636e-15  4.66294e-15  7.54952e-15  3.9968e-15  -4.21885e-15  8.88178e-16  -2.22045e-15  4.21885e-15  4.44089e-15  3.10862e-15  -4.88498e-15  2.44249e-15  -2.22045e-15  2.44249e-15  8.88178e-16  4.66294e-15  -5.9952e-15  7.32747e-15  -2.22045e-15  -4.66294e-15  -5.10703e-15  -6.66134e-16  6.66134e-16  4.44089e-15  5.55112e-15  -2.22045e-15  -4.66294e-15  -3.55271e-15  -1.77636e-15  -3.9968e-15  -5.10703e-15  -7.32747e-15  -5.9952e-15  -1.64313e-14  -2.68674e-14  -1.44329e-14  -4.41869e-14  -6.21725e-14  -1.02141e-14  -5.09814e-13  -5.28466e-13  -4.01901e-13  -2.26974e-12  -8.20455e-13  -6.21769e-12  -1.78892e-11  -3.49769e-11  -6.90115e-12  -1.88749e-11  -5.15488e-11  -4.63201e-11  -2.98417e-11  -1.37244e-10  -7.12126e-11  -2.52685e-10  -3.15263e-10  -2.75989e-10  -2.56243e-10  -3.67926e-10  -5.3166e-10  -7.33708e-10  -4.31728e-10  -5.2557e-10  -6.69612e-10  -5.81836e-10  -5.86047e-10  -5.54487e-10  -4.5547e-10  -7.33382e-10  -8.13953e-10  -7.06543e-10  -8.83082e-10  -9.95985e-10  -8.43523e-10  -7.39309e-10  -8.8307e-10  -8.46673e-10  -8.47883e-10  -1.52729e-9  -1.17551e-9  -1.03345e-9  -1.55815e-9  -7.83536e-10  -1.37151e-9  -1.88109e-9  -1.19233e-9  -1.28287e-9  -1.62164e-9  -1.42402e-9  -1.49865e-9  -2.16097e-9  -1.78637e-9  -1.42624e-9  -2.1762e-9  -1.59523e-9  -1.79518e-9  -1.5035e-9  -2.90353e-9  -2.21562e-9  -1.98998e-9  -2.14558e-9  -1.75543e-9  -2.27634e-9  -2.63547e-9  -2.89238e-9  -1.99966e-9  -3.05498e-9  -3.07559e-9  -2.62875e-9  -2.56427e-9  -3.53207e-9  -3.88137e-9  -2.20222e-9  -2.86701e-9  -3.34898e-9  -2.99971e-9  -3.25795e-9  -3.80422e-9  -4.35673e-9  -3.16336e-9  -3.6372e-9  -3.5564e-9  -4.07603e-9  -3.64513e-9  -4.24688e-9  -5.3975e-9  -4.93036e-9  -5.19318e-9  -4.51675e-9  -4.69611e-9  -5.73391e-9  -6.09262e-9  -4.49905e-9  -6.17519e-9  -6.90278e-9  -5.04675e-9  -6.41359e-9  -8.18949e-9  -6.66401e-9  -5.14596e-9  -7.28426e-9  -6.62394e-9  -6.46521e-9  -6.6969e-9  -8.29358e-9  -6.19659e-9  -7.28906e-9  -6.47929e-9  -7.8626e-9  -8.63093e-9  -9.5438e-9  -7.63618e-9  -8.48783e-9  -8.79797e-9  -9.35648e-9  -8.90663e-9  -8.77664e-9  -1.06322e-8  -8.28804e-9  -1.01874e-8  -9.52639e-9  -1.00795e-8  -8.40844e-9  -1.03391e-8  -7.30289e-9  -1.119e-8  -9.82941e-9  -1.32239e-8  -1.1102e-8  -1.14729e-8  -1.19739e-8  -1.25667e-8  -1.01311e-8  -1.07575e-8  -1.48916e-8  -1.35888e-8  -1.1375e-8  -1.43525e-8  -1.36515e-8  -1.24115e-8  -1.55086e-8  -1.2987e-8  -4.09904e-10  -1.73448e-8  -1.49915e-8  -1.61534e-8  -1.38381e-8  -1.68825e-8  -1.69689e-8  -1.71422e-8  -1.59271e-8  -1.56206e-8  -4.55624e-10  -1.90652e-8  -4.12959e-10  -3.96509e-10  -1.68525e-8  -3.73563e-10  -4.02757e-10  -3.7607e-10  -4.62763e-10  -4.22152e-10  -1.85666e-8  -1.89649e-8  -1.60356e-8  -4.3287e-10  -5.13939e-10  -4.17795e-10  -4.88295e-10  -1.57766e-8  -4.56829e-10  -2.23109e-8  -1.77182e-8  -4.85793e-10  -4.53033e-10  -5.30109e-10  -4.73538e-10  -4.83594e-10  -5.59114e-10  -4.9628e-10  -5.98195e-10  -6.49055e-10  -6.67077e-10  -5.95451e-10  -5.74488e-10  -6.8824e-10  -6.64893e-10  -8.11701e-10  -6.56308e-10  -6.49447e-10  -5.40559e-10  -6.89064e-10  -7.74146e-10  -5.96947e-10  -6.09562e-10  -7.00806e-10  -6.97252e-10  -6.11614e-10  -6.96516e-10  -7.56501e-10  -8.22126e-10  -5.68867e-10  -7.96787e-10  -6.96787e-10  -8.58002e-10  -8.86917e-10  -6.52767e-10  -8.06325e-10  -6.98254e-10  -9.80626e-10  -8.74959e-10  -9.27284e-10  -7.30079e-10  -9.53459e-10  -7.60423e-10  -9.02224e-10  -1.08304e-9  -9.28583e-10  -8.14075e-10  -1.02174e-9  -1.11964e-9  -8.98253e-10  -1.10326e-9  -9.74633e-10  -1.4412e-9  -9.35215e-10  -1.04657e-9  -1.35302e-9  -1.06944e-9  -1.48907e-9  -1.03833e-9  -1.12847e-9  -1.23963e-9  -1.34521e-9  -1.03885e-9  -1.38426e-9  -1.11343e-9  -1.40691e-9  -1.48049e-9  -1.05714e-9  -1.34452e-9  -1.37707e-9  -1.88766e-9  -1.67543e-9  -1.37363e-9  -1.76754e-9  -2.10768e-9  -1.59266e-9  -1.9361e-9  -1.18324e-9  -1.62336e-9  -1.54346e-9  -1.6841e-9  -1.79424e-9  -1.53914e-9  -1.78505e-9  -1.90851e-9  -1.76846e-9  -2.03542e-9  -1.8624e-9  -1.75588e-9  -1.88069e-9  -1.64682e-9  -1.84405e-9  -1.84848e-9  -2.06448e-9  -1.77916e-9  -2.13413e-9  -2.17934e-9  -2.13022e-9  -1.98478e-9  -1.68058e-9  -2.00727e-9  -2.49517e-9  -2.41157e-9  -1.90095e-9  -2.74599e-9  -2.56714e-9  -2.21888e-9  -2.15622e-9  -2.32263e-9  -2.01629e-9  -2.01483e-9  -2.48985e-9  -2.00292e-9  -2.33057e-9  -2.57844e-9  -2.87087e-9  -2.51817e-9  -2.25438e-9  -2.79537e-9  -2.76881e-9  -2.49888e-9  -3.06488e-9  -2.43759e-9  -2.70227e-9  -3.43775e-9  -3.20693e-9  -2.75686e-9  -2.82605e-9  -2.89627e-9  -2.96233e-9  -3.67508e-9  -3.37605e-9  -2.82446e-9  -3.05625e-9  -3.27513e-9  -2.80488e-9  -3.32569e-9  -4.70451e-9  -3.15238e-9  