Processing molecule: uracil
Running with beta = 20
Running with l = 210
Starting Davidson with n_aux = 420, l_buffer = 378, lc = 212, thresh = 0.0015, max_iter = 100
Iter 1: V_size = 42, Converged = 0, ‖r‖ (largest λ) = 1.4440469943908738
Iter 2: V_size = 84, Converged = 0, ‖r‖ (largest λ) = 0.3472672833475846
Iter 3: V_size = 168, Converged = 0, ‖r‖ (largest λ) = 0.1630019671042047
Iter 4: V_size = 336, Converged = 0, ‖r‖ (largest λ) = 0.042939359637024006
Iter 5: V_size = 420, Converged = 0, ‖r‖ (largest λ) = 0.015942471674074914
Iter 6: V_size = 420, Converged = 1, ‖r‖ (largest λ) = 0.08644770388689418
Iter 7: V_size = 420, Converged = 2, ‖r‖ (largest λ) = 0.1375571899313917
Iter 8: V_size = 420, Converged = 2, ‖r‖ (largest λ) = 0.21568617507313184
Iter 9: V_size = 420, Converged = 2, ‖r‖ (largest λ) = 0.39048125026175173
Hybrid Davidson-JD corrections at iteration 10
Total MINRES iterations: 404
Iter 10: V_size = 420, Converged = 58, ‖r‖ (largest λ) = 0.36875367169521506
Hybrid Davidson-JD corrections at iteration 11
Total MINRES iterations: 301
Iter 11: V_size = 420, Converged = 58, ‖r‖ (largest λ) = 0.42811277801741277
Hybrid Davidson-JD corrections at iteration 12
Total MINRES iterations: 287
Iter 12: V_size = 420, Converged = 58, ‖r‖ (largest λ) = 0.3098473915100912
Hybrid Davidson-JD corrections at iteration 13
Total MINRES iterations: 227
Iter 13: V_size = 420, Converged = 74, ‖r‖ (largest λ) = 0.231612498439857
Hybrid Davidson-JD corrections at iteration 14
Total MINRES iterations: 21
Iter 14: V_size = 420, Converged = 74, ‖r‖ (largest λ) = 0.14199222383644464
Hybrid Davidson-JD corrections at iteration 15
Total MINRES iterations: 29
Iter 15: V_size = 420, Converged = 74, ‖r‖ (largest λ) = 0.11368537463697828
Hybrid Davidson-JD corrections at iteration 16
Total MINRES iterations: 0
Iter 16: V_size = 390, Converged = 183, ‖r‖ (largest λ) = 0.10992634687236122
Hybrid Davidson-JD corrections at iteration 17
Total MINRES iterations: 0
Iter 17: V_size = 390, Converged = 183, ‖r‖ (largest λ) = 0.07542679890811113
Hybrid Davidson-JD corrections at iteration 18
Total MINRES iterations: 39
Iter 18: V_size = 390, Converged = 183, ‖r‖ (largest λ) = 0.05916927621680214
Converged all required eigenvalues.
3351.856439 seconds (26.80 M allocations: 2.100 TiB, 0.59% gc time, 0.06% compilation time)
Number of FLOPs: 30295801653508

Reading exact Eigenvalues...
Reading eigenvalues from ../../Eigenvalues_folder/eigenres_uracil_RNDbasis1.jld2

Compute the difference between computed and exact eigenvalues:
1×210 adjoint(::Vector{Float64}) with eltype Float64:
 -3.55271e-15  7.10543e-15  7.10543e-15  0.0  1.42109e-14  3.55271e-15  0.0  1.42109e-14  3.55271e-15  -1.77636e-14  -1.06581e-14  -3.55271e-15  1.77636e-15  5.32907e-15  -3.55271e-15  3.55271e-15  -1.77636e-15  -1.77636e-15  0.0  0.0  -5.32907e-15  1.77636e-15  5.32907e-15  7.10543e-15  7.10543e-15  8.88178e-15  1.77636e-15  -5.32907e-15  7.10543e-15  -3.55271e-15  5.32907e-15  -5.32907e-15  -1.77636e-15  0.0  -1.77636e-15  -3.55271e-15  1.77636e-15  3.55271e-15  -1.77636e-15  0.0  -2.66454e-15  0.0  3.55271e-15  2.66454e-15  -8.88178e-16  3.55271e-15  -3.13538e-9  -5.63532e-9  -9.05322e-9  -3.25312e-8  -1.53714e-8  -1.50047e-7  -1.38444e-7  -2.29444e-7  -2.39494e-7  -1.54286e-7  -2.03118e-7  -5.05039e-7  1.98952e-12  -7.62945e-13  9.76996e-13  3.03935e-12  1.77636e-12  1.32072e-12  -2.70539e-12  1.10489e-12  8.14637e-12  -2.53308e-11  -3.86065e-11  9.7593e-12  1.00009e-12  -5.78799e-11  -1.37454e-10  4.66516e-11  3.1033e-12  6.59739e-12  2.04858e-11  2.02149e-12  1.63238e-11  1.18545e-11  2.47002e-12  1.21352e-11  1.42535e-11  4.09051e-11  3.48299e-11  2.41185e-11  2.06866e-11  2.43014e-11  2.53104e-11  1.22062e-11  1.39924e-11  2.31957e-11  1.4033e-10  1.24565e-10  6.7307e-11  2.70854e-11  3.29634e-11  1.48137e-10  1.08056e-10  3.83737e-11  5.38685e-11  2.5477e-11  4.72067e-11  4.83276e-11  1.53522e-11  1.59127e-10  2.46463e-10  4.27094e-11  2.53491e-11  2.2412e-10  6.33644e-11  5.16029e-10  1.90616e-11  8.64908e-11  6.34808e-11  3.35212e-11  4.89164e-11  4.19433e-11  7.00138e-11  2.03272e-10  3.58404e-10  1.57237e-10  2.97997e-11  2.94653e-11  6.94831e-11  5.0516e-11  3.61889e-10  5.44867e-10  2.22196e-11  4.7784e-11  3.19646e-10  4.58777e-10  1.98638e-10  3.06456e-10  2.23323e-10  1.64072e-10  1.18359e-10  3.4177e-10  2.00429e-10  5.0377e-11  1.28155e-10  9.83511e-11  1.61382e-10  3.58188e-10  2.38701e-10  1.37389e-10  1.82414e-10  1.07865e-9  3.7674e-10  2.04883e-10  5.87723e-10  3.42852e-10  2.42367e-10  1.36652e-10  1.74568e-9  5.19984e-10  1.34323e-9  8.30245e-10  4.52381e-10  3.74572e-10  4.49623e-10  2.55128e-10  6.82328e-10  2.31022e-9  1.20768e-9  1.7392e-9  1.08515e-9  3.14461e-10  9.32317e-10  5.98734e-10  5.3986e-10  2.17647e-9  3.56196e-10  1.89017e-9  2.00828e-9  3.78656e-10  8.07564e-10  1.10201e-9  9.91933e-10  2.63568e-10  1.06897e-9  4.16372e-9  2.13905e-9  5.12576e-10  2.68874e-9  3.17507e-9  1.29552e-9  5.53684e-10  3.52617e-9  1.86847e-9  6.2861e-10  2.31967e-9  2.77556e-9  2.53308e-9  1.58087e-9  5.08483e-10  6.54435e-10  3.81328e-9  3.12399e-9  4.69309e-9  3.41531e-9  5.19958e-10  4.13942e-10  1.50229e-9  -6.60822e-8  3.06298e-9  7.03078e-10  5.51472e-9  6.32889e-9  2.66311e-9
210 Eigenvalues converges, out of 210 requested.
Running with l = 1050
Starting Davidson with n_aux = 2100, l_buffer = 1890, lc = 1060, thresh = 0.002, max_iter = 100
Iter 1: V_size = 210, Converged = 0, ‖r‖ (largest λ) = 0.1516315241105587
Iter 2: V_size = 420, Converged = 0, ‖r‖ (largest λ) = 0.03270368987561489
Iter 3: V_size = 840, Converged = 0, ‖r‖ (largest λ) = 0.009779089027487775
Iter 4: V_size = 1680, Converged = 0, ‖r‖ (largest λ) = 0.0025810782883984172
Iter 5: V_size = 2100, Converged = 1, ‖r‖ (largest λ) = 0.00038442704085419195
Iter 6: V_size = 2100, Converged = 2, ‖r‖ (largest λ) = 0.0011076663489737325
Iter 7: V_size = 2100, Converged = 2, ‖r‖ (largest λ) = 0.0013363240301302154
Iter 8: V_size = 2100, Converged = 2, ‖r‖ (largest λ) = 0.001468290757350592
Iter 9: V_size = 2100, Converged = 373, ‖r‖ (largest λ) = 0.0016588310651812885
Hybrid Davidson-JD corrections at iteration 10
Total MINRES iterations: 55
Iter 10: V_size = 2100, Converged = 373, ‖r‖ (largest λ) = 0.002245943054045613
Hybrid Davidson-JD corrections at iteration 11
Total MINRES iterations: 0
Iter 11: V_size = 2100, Converged = 373, ‖r‖ (largest λ) = 0.002468482272184574
Hybrid Davidson-JD corrections at iteration 12
Total MINRES iterations: 25
Iter 12: V_size = 2100, Converged = 552, ‖r‖ (largest λ) = 0.002785816273020158
Hybrid Davidson-JD corrections at iteration 13
Total MINRES iterations: 187
Iter 13: V_size = 2100, Converged = 552, ‖r‖ (largest λ) = 0.003252126187398179
Hybrid Davidson-JD corrections at iteration 14
Total MINRES iterations: 0
Iter 14: V_size = 2100, Converged = 552, ‖r‖ (largest λ) = 0.002625322363184385
Hybrid Davidson-JD corrections at iteration 15
Total MINRES iterations: 0
Iter 15: V_size = 2100, Converged = 762, ‖r‖ (largest λ) = 0.002467522519883463
Hybrid Davidson-JD corrections at iteration 16
Total MINRES iterations: 0
Iter 16: V_size = 2100, Converged = 762, ‖r‖ (largest λ) = 0.001965897134349973
Hybrid Davidson-JD corrections at iteration 17
Total MINRES iterations: 0
Iter 17: V_size = 2100, Converged = 762, ‖r‖ (largest λ) = 0.0016851922372152764
Converged all required eigenvalues.
25641.756057 seconds (617.56 M allocations: 48.877 TiB, 1.49% gc time)
Number of FLOPs: 131512152363476

Reading exact Eigenvalues...
Reading eigenvalues from ../../Eigenvalues_folder/eigenres_uracil_RNDbasis1.jld2

Compute the difference between computed and exact eigenvalues:
1×1050 adjoint(::Vector{Float64}) with eltype Float64:
 3.55271e-15  -7.10543e-15  3.55271e-15  1.06581e-14  1.42109e-14  3.55271e-15  -3.55271e-15  1.42109e-14  3.55271e-15  -1.42109e-14  -7.10543e-15  0.0  0.0  3.55271e-15  -1.77636e-15  5.32907e-15  0.0  8.88178e-15  -7.10543e-15  3.55271e-15  -5.32907e-15  -1.77636e-15  1.77636e-15  7.10543e-15  3.55271e-15  1.77636e-15  -5.32907e-15  3.55271e-15  -1.77636e-15  5.32907e-15  -5.32907e-15  -5.32907e-15  -1.77636e-15  3.55271e-15  0.0  0.0  0.0  -3.55271e-15  -7.10543e-15  3.55271e-15  1.06581e-14  -1.77636e-15  8.88178e-16  1.77636e-15  5.32907e-15  -7.10543e-15  -6.21725e-15  5.32907e-15  2.66454e-15  -4.44089e-15  -4.44089e-15  -8.88178e-16  -1.77636e-15  -8.88178e-16  -4.44089e-15  8.88178e-16  2.66454e-15  -6.21725e-15  -5.32907e-15  -4.44089e-15  6.21725e-15  0.0  3.55271e-15  7.99361e-15  -3.55271e-15  -3.55271e-15  -2.66454e-15  9.76996e-15  -2.66454e-15  7.99361e-15  -1.77636e-15  -8.88178e-16  -2.66454e-15  -8.88178e-15  1.77636e-15  8.88178e-15  -7.10543e-15  2.66454e-15  1.77636e-15  -5.32907e-15  -5.32907e-15  1.15463e-14  0.0  5.32907e-15  0.0  6.21725e-15  -7.10543e-15  9.76996e-15  -6.21725e-15  -7.99361e-15  5.32907e-15  -1.77636e-15  8.88178e-15  -5.32907e-15  5.77316e-15  5.32907e-15  6.66134e-15  -7.10543e-15  7.54952e-15  -6.21725e-15  -5.77316e-15  -1.11022e-14  8.88178e-15  -3.10862e-15  8.88178e-15  -2.22045e-15  1.02141e-14  -4.44089e-15  -3.10862e-15  -5.32907e-15  -4.44089e-16  -3.9968e-15  -1.19904e-14  8.43769e-15  8.88178e-15  -9.76996e-15  -7.99361e-15  1.02141e-14  -5.77316e-15  3.55271e-15  6.21725e-15  7.99361e-15  1.06581e-14  6.21725e-15  6.21725e-15  -2.22045e-15  2.66454e-15  0.0  -8.43769e-15  1.33227e-15  4.44089e-15  -6.21725e-15  -1.77636e-15  -9.32587e-15  -6.21725e-15  -4.44089e-16  4.88498e-15  -1.02141e-14  -4.88498e-15  9.76996e-15  -5.77316e-15  -4.44089e-16  -1.42109e-14  1.11022e-14  1.77636e-15  -1.46549e-14  -1.5099e-14  1.55431e-14  9.76996e-15  -1.19904e-14  1.06581e-14  1.37668e-14  -9.32587e-15  -5.77316e-15  -1.33227e-14  -1.42109e-14  6.66134e-15  -1.06581e-14  1.42109e-14  7.99361e-15  -1.59872e-14  1.5099e-14  1.33227e-14  8.88178e-15  -1.11022e-14  7.54952e-15  -1.33227e-15  -4.88498e-15  8.88178e-16  1.46549e-14  -4.44089e-15  -4.88498e-15  -1.42109e-14  -2.66454e-15  1.59872e-14  -1.42109e-14  -4.44089e-16  3.10862e-15  4.44089e-15  -9.76996e-15  -8.88178e-15  5.77316e-15  1.37668e-14  -1.90958e-14  -6.21725e-15  8.43769e-15  -1.28786e-14  -1.5099e-14  -1.28786e-14  -8.88178e-16  6.66134e-15  -4.88498e-15  6.66134e-15  -1.77636e-15  1.55431e-14  3.55271e-15  -9.32587e-15  -1.19904e-14  8.43769e-15  -1.42109e-14  1.37668e-14  -1.82077e-14  -3.10862e-15  8.43769e-15  6.66134e-15  -1.55431e-14  -1.68754e-14  1.06581e-14  -3.9968e-15  -3.10862e-15  -1.28786e-14  8.43769e-15  -7.10543e-15  5.77316e-15  -8.75922e-12  -1.58384e-11  -9.71623e-12  -6.90648e-12  -1.15188e-11  -1.71902e-11  -1.87579e-11  -1.68552e-11  -1.70626e-11  -1.59683e-11  -2.9037e-11  -1.53102e-11  -2.75433e-11  -3.74496e-11  -3.1338e-11  -3.06333e-11  -2.43452e-11  -2.91041e-11  -3.68829e-11  -3.85774e-11  -3.49565e-11  -8.78808e-11  -4.73999e-11  -4.90528e-11  -6.71256e-11  -3.50076e-11  -6.6452e-11  -1.10945e-10  -5.85247e-11  -1.00004e-10  -1.19107e-10  -1.19429e-10  -1.24892e-10  -8.82452e-11  -1.99797e-10  -1.67487e-10  -1.2534e-10  -1.52809e-10  -2.36727e-10  -2.57115e-10  -3.0174e-10  -2.2701e-10  -3.14766e-10  -2.42819e-10  -4.68915e-10  -3.01481e-10  -3.53511e-10  -4.77676e-10  -6.05198e-10  -6.17672e-10  -4.36912e-10  -7.58217e-10  -4.89878e-10  -6.33943e-10  -5.2382e-10  -6.46436e-10  -6.39442e-10  -8.00505e-10  -1.95933e-9  -8.6322e-10  -8.03876e-10  -1.14341e-9  -1.12005e-9  -1.48056e-9  -1.70899e-9  -1.16782e-9  -1.08499e-9  -2.06256e-9  -2.47699e-9  -2.72897e-9  -2.15234e-9  -1.95384e-9  -3.95064e-9  -2.07951e-9  -2.09852e-9  -2.10357e-9  -2.87238e-9  -1.83215e-9  -5.10166e-9  -3.86957e-9  -3.34643e-9  -2.4204e-9  -3.65923e-9  -4.20962e-9  -6.61936e-9  -5.89912e-9  -4.30463e-9  -9.08147e-9  -9.2558e-9  -8.25452e-9  -7.12922e-9  -1.18141e-8  -1.04257e-8  -7.49898e-9  -2.30371e-8  -8.83432e-9  -1.39359e-8  -3.15518e-8  -2.45476e-8  -2.09995e-8  -1.86737e-8  -1.68681e-8  -1.46314e-8  -1.98937e-8  -1.66897e-8  -2.72917e-8  -3.87552e-8  -3.38675e-8  -1.04259e-7  -5.84893e-8  -2.52857e-8  -4.44423e-8  -7.37759e-8  -1.06706e-7  -1.05416e-7  -7.13636e-8  -1.27062e-7  -1.67642e-7  -3.24539e-7  -1.89879e-7  -2.40719e-7  -1.6209e-7  -1.5405e-7  -2.80036e-7  -3.10789e-7  -3.26593e-7  -5.25029e-7  -5.30768e-7  -3.93656e-7  -4.0068e-7  -5.71661e-7  -7.83307e-7  -4.96482e-7  -4.68411e-7  -4.54288e-7  -7.56371e-7  -6.16902e-7  -9.71742e-7  -8.69367e-7  -1.03828e-6  -8.45574e-7  -9.45141e-7  -1.04107e-6  -1.05127e-6  -1.34834e-6  -1.06511e-6  -1.22111e-6  -1.37194e-6  -8.88094e-7  -1.42994e-6  -1.91927e-6  -1.04912e-6  -1.39593e-6  -1.49107e-6  -7.36535e-9  -1.97313e-6  -9.59525e-9  -1.94485e-6  -1.71365e-6  -6.69549e-9  -1.76977e-6  -1.88078e-6  -1.03364e-8  -9.00854e-9  -1.2769e-8  -9.38288e-9  -1.07024e-8  -1.1903e-8  -1.4937e-8  -1.39759e-8  -1.46629e-8  -2.02044e-8  -2.2136e-8  -2.4468e-8  -2.65306e-8  -1.64967e-8  -3.54344e-8  -1.48356e-8  -2.27258e-8  -2.20612e-8  -2.15722e-8  -2.73569e-8  -2.79077e-8  -4.60843e-8  -3.88359e-8  -3.99309e-8  -4.13027e-8  -5.82318e-8  -3.99655e-8  -4.89233e-8  -4.20735e-8  -6.56586e-8  -3.59435e-8  -7.98868e-8  -4.88276e-8  -4.7854e-8  -4.5764e-8  -9.73301e-8  -7.25373e-8  -6.25511e-8  -8.33715e-8  -9.42075e-8  -7.14596e-8  -8.68456e-8  -9.45783e-8  -6.49182e-8  -7.11896e-8  -1.07279e-7  -1.00059e-7  -7.02517e-8  -1.20087e-7  -9.83563e-8  -1.41517e-7  -1.03624e-7  -1.17664e-7  -1.16183e-7  -1.1581e-7  -9.74696e-8  -1.27193e-7  -1.25081e-7  -1.79692e-7  -1.25482e-7  -9.71988e-8  -1.43265e-7  -1.53387e-7  -1.67176e-7  -1.71943e-7  -1.214e-7  -1.88632e-7  -1.19186e-7  -2.40002e-7  -1.65348e-7  -2.16862e-7  -2.94321e-7  -1.72032e-7  -2.23866e-7  -2.63104e-7  -1.88191e-7  -2.44232e-7  -2.18946e-7  -2.91265e-7  -1.67811e-7  -3.29798e-7  -3.08426e-7  -3.17275e-7  -2.42868e-7  -2.24144e-7  -4.15376e-7  -3.20511e-7  -2.52247e-7  -3.78471e-7  -5.3554e-7  -3.77859e-7  -3.36925e-7  -3.85237e-7  -3.89535e-7  -4.47021e-7  -4.66267e-7  -4.37394e-7  -5.10827e-7  -5.45099e-7  -4.87909e-7  -4.33701e-7  -5.48173e-7  -5.58039e-7  -5.237e-7  -4.46373e-7  -4.41755e-7  -5.968e-7  -5.05938e-7  -6.64721e-7  -7.7282e-7  -6.60077e-7  -6.32743e-7  -7.09433e-7  -5.18891e-7  -6.23284e-7  -5.22914e-7  -7.46582e-7  -6.91973e-7  -7.77112e-7  -8.95811e-7  -7.77707e-7  -1.15294e-6  -7.74519e-7  -9.83435e-7  -9.20868e-7  -1.06747e-6  -7.44619e-7  -1.04277e-6  -7.089e-7  -8.40564e-7  -1.71677e-6  -1.16281e-6  -1.27905e-6  -1.4609e-6  -1.33397e-6  -8.27586e-7  -1.4052e-6  -1.21792e-6  -9.25356e-7  -9.53812e-7  -8.18303e-7  -1.48667e-6  -1.19074e-6  -1.20079e-6  -1.06723e-6  -1.35414e-6  -1.07945e-6  -1.18116e-6  -1.78409e-6  -1.29167e-6  -1.41611e-6  -1.78661e-6  -1.44655e-6  -1.55277e-6  -1.76452e-6  -1.82168e-6  -5.30125e-7  -4.17278e-7  -1.17827e-6  -2.13759e-6  -2.31701e-6  -1.98994e-6  -1.70346e-6  -6.08265e-7  -1.98454e-6  -1.77401e-6  -4.50026e-7  -1.58287e-6  -1.80136e-6  -2.1647e-6  -1.84008e-6  -2.22873e-6  -4.87105e-7  -2.24964e-6  -2.30499e-6  -1.67549e-6  -5.53523e-7  -2.37869e-6  -2.13144e-6  -5.07182e-7  -5.05442e-7  -2.1989e-6  -2.31371e-6  -5.37515e-7  -5.73559e-7  -6.04812e-7  -5.84791e-7  -7.74606e-7  -2.45891e-6  -5.60267e-7  -6.5152e-7  -5.57853e-7  -7.89116e-7  -6.85417e-7  -5.45156e-7  -6.20508e-7  -7.61243e-7  -8.42333e-7  -1.15796e-6  -6.42248e-7  -7.19016e-7  -7.30253e-7  -8.03746e-7  -7.28748e-7  -1.00582e-6  -8.65919e-7  -7.78477e-7  -6.95575e-7  -7.13826e-7  -1.06262e-6  -8.52945e-7  -6.5156e-7  -1.00202e-6  -8.34841e-7  -8.28426e-7  -7.54297e-7  -6.97401e-7  -1.17901e-6  -9.94151e-7  -1.09144e-6  -1.08853e-6  -1.09578e-6  -1.1564e-6  -9.78594e-7  -9.09505e-7  -1.1077e-6  -1.01562e-6  -1.06896e-6  -1.04347e-6  -1.07149e-6  -1.26657e-6  -1.2405e-6  -1.171e-6  -1.20643e-6  -1.04534e-6  -1.30284e-6  -1.30336e-6  -1.28772e-6  -1.01682e-6  -1.30566e-6  -1.49281e-6  -1.43808e-6  -1.69251e-6  -1.33998e-6  -1.36051e-6  -1.23675e-6  -1.18097e-6  -1.17519e-6  -1.3139e-6  -1.51554e-6  -1.41507e-6  -1.56461e-6  -1.51986e-6  -1.48863e-6  -1.62751e-6  -1.74875e-6  -1.79352e-6  -1.43775e-6  -1.66983e-6  -1.40968e-6  -1.24802e-6  -1.9271e-6  -2.02408e-6  -1.82257e-6  -1.87787e-6  -1.92071e-6  -1.59197e-6  -1.79079e-6  -2.03368e-6  -1.85654e-6  -1.54038e-6  -1.8177e-6  -1.83597e-6  -1.66122e-6  -1.9216e-6  -2.42095e-6  -1.98134e-6  -2.12919e-6  -1.96604e-6  -2.35494e-6  -2.28329e-6  -2.5045e-6  -1.53958e-6  -2.14542e-6  -1.70975e-6  -2.08974e-6  -1.88654e-6  -2.2289e-6  -2.17467e-6  -2.34918e-6  -1.96782e-6  -2.4423e-6  -3.02957e-6  -2.09211e-6  -2.75375e-6  -1.96849e-6  -1.97548e-6  -2.25248e-6  -2.11627e-6  -2.30826e-6  -2.4196e-6  -2.07226e-6  -2.64467e-6  -2.27907e-6  -2.19917e-6  -2.57404e-6  -3.40075e-6  -2.2444e-6  -2.06542e-6  -2.92202e-6  -3.09426e-6  -2.5191e-6  -2.32151e-6  -2.65529e-6  -2.38354e-6  -2.82669e-6  -2.50866e-6  -3.11828e-6  -2.78453e-6  -3.17599e-6  -3.24547e-6  -2.87498e-6  -3.10947e-6  -2.62105e-6  -2.7709e-6  -3.44162e-6  -2.55936e-6  -3.14834e-6  -2.80981e-6  -2.49958e-6  -3.35175e-6  -5.16417e-7  -3.07767e-6  -2.79994e-6  -3.29976e-6  -3.68144e-6  -3.15237e-6  -3.20535e-6  -2.71619e-6  -3.12443e-6  -2.813e-6  -3.40936e-6  -3.06614e-6  -3.12276e-6  -3.19387e-6  -3.36281e-6  -3.20601e-6  -3.35113e-6  -3.61679e-6  -3.30611e-6  -6.93075e-7  -3.27388e-6  -4.0398e-6  -3.47567e-6  -6.63394e-7  -3.49181e-6  -3.12016e-6  -4.11639e-6  -3.65075e-6  -3.96662e-6  -3.91067e-6  -2.95848e-6  -3.8302e-6  -4.18396e-6  -4.0524e-6  -4.06571e-6  -4.05767e-6  -6.78945e-7  -6.57388e-7  -4.05021e-6  -3.16257e-6  -3.86199e-6  -4.12329e-6  -4.32286e-6  -3.82149e-6  -7.83037e-7  -3.97829e-6  -4.217e-6  -4.35269e-6  -5.87171e-7  -7.85755e-7  -7.82805e-7  -3.94247e-6  -4.35146e-6  -8.00554e-7  -8.06592e-7  -7.39801e-7  -3.52436e-6  -5.11598e-6  -4.33749e-6  -7.86198e-7  -6.98538e-7  -6.16594e-7  -4.402e-6  -3.71111e-6  -4.15422e-6  -4.98845e-6  -8.07082e-7  -7.0371e-7  -7.75161e-7  -3.92634e-6  -7.73032e-7  -4.29092e-6  -7.29504e-7  -7.70795e-7  -8.24604e-7  -5.10224e-6  -6.70265e-7  -6.78562e-7  -9.42961e-7  -8.1039e-7  -9.2594e-7  -9.39629e-7  -7.15995e-7  -7.59285e-7  -4.25448e-6  -7.40487e-7  -8.17727e-7  -8.62227e-7  -8.42769e-7  -7.68819e-7  -7.56231e-7  -8.32087e-7  -7.80529e-7  -9.60718e-7  -1.01983e-6  -8.90521e-7  -9.67276e-7  -9.57664e-7  -8.79184e-7  -9.10482e-7  -8.93942e-7  -9.30068e-7  -8.05996e-7  -8.76192e-7  -7.5283e-7  -1.08403e-6  -8.34184e-7  -7.92727e-7  -9.76869e-7  -8.98832e-7  -9.64891e-7  -9.66078e-7  -1.00416e-6  -8.64765e-7  -7.94893e-7  -1.09731e-6  -7.9208e-7  -9.70698e-7  -1.00106e-6  -1.03313e-6  -9.92767e-7  -9.00805e-7  -1.0723e-6  -8.82544e-7  -1.10485e-6  -1.05966e-6  -8.08084e-7  -7.77381e-7  -7.66604e-7  -9.88844e-7  -8.50574e-7  -9.82819e-7  -1.02532e-6  -9.87993e-7  -9.55379e-7  -8.59528e-7  -1.2091e-6  -8.89492e-7  -9.53208e-7  -1.15917e-6  -9.11496e-7  -1.26011e-6  -8.90567e-7  -1.11844e-6  -9.59724e-7  -1.15397e-6  -1.17589e-6  -1.07388e-6  -1.06075e-6  -9.78881e-7  -1.01381e-6  -1.17993e-6  -1.07359e-6  -9.4856e-7  -1.19779e-6  -9.00893e-7  -9.96592e-7  -1.27409e-6  -1.0606e-6  -1.03863e-6  -1.12219e-6  -1.06701e-6  -1.23872e-6  -1.22424e-6  -1.37584e-6  -1.25992e-6  -1.10541e-6  -1.1453e-6  -1.16504e-6  -1.36708e-6  -1.43773e-6  -1.02819e-6  -1.254e-6  -1.4242e-6  -1.24849e-6  -1.30535e-6  -1.3227e-6  -1.14337e-6  -1.15382e-6  -1.28003e-6  -1.1152e-6  -1.20823e-6  -1.06471e-6  -1.22431e-6  -1.35691e-6  -1.33452e-6  -1.35078e-6  -1.32724e-6  -1.38017e-6  -1.21743e-6  -1.25819e-6  -1.24604e-6  -1.33894e-6  -1.26752e-6  -1.43995e-6  -1.22713e-6  -1.24467e-6  -1.27755e-6  -1.16658e-6  -1.21289e-6  -1.4742e-6  -1.68321e-6  -1.57991e-6  -1.62966e-6  -1.41219e-6  -1.35323e-6  -1.37248e-6  -1.45313e-6  -1.40463e-6  -1.49457e-6  -1.40203e-6  -1.50728e-6  -1.35137e-6  -1.42389e-6  -1.56087e-6  -1.40434e-6  -1.75521e-6  -1.58873e-6  -1.53551e-6  -1.30704e-6  -1.49416e-6  -1.68797e-6  -1.64066e-6  -1.62508e-6  -1.35296e-6  -1.43497e-6  -1.74219e-6  -1.57623e-6  -1.67962e-6  -1.46594e-6  -1.58558e-6  -1.72772e-6  -1.72968e-6  -1.39162e-6  -1.46874e-6  -1.67407e-6  -1.48523e-6  -1.32797e-6  -1.43943e-6  -1.34657e-6  -1.02801e-6  -9.37381e-7  -1.26568e-6  -6.11917e-7  -7.04977e-7  -1.16501e-6  -7.03182e-7  -6.83556e-7  -8.84193e-7  -9.06873e-7  -8.24396e-7  -6.02727e-7  -5.86196e-7  -7.4552e-7  -6.77924e-7  -5.21751e-7  -5.27096e-7  -6.60322e-7  -5.38539e-7  -4.97656e-7  -5.804e-7  -6.22648e-7  -6.20184e-7  -6.57887e-7  -5.83315e-7  -4.43088e-7  -5.08537e-7  -6.11458e-7  -5.33811e-7  -6.02395e-7  -5.80154e-7  -6.50821e-7  -5.43759e-7  -7.00779e-7  -6.14298e-7  -6.86199e-7  -7.18115e-7  -6.18205e-7  -6.20741e-7  -6.19916e-7  -4.97549e-7  -6.29773e-7  -6.16025e-7  -7.12858e-7  -6.70781e-7  -6.48942e-7  -7.78732e-7  -7.05586e-7  -7.05594e-7  -4.88345e-7  -5.80037e-7  -4.95155e-7  -5.48376e-7  -5.90628e-7  -5.28504e-7  -5.94962e-7  -5.10669e-7  -5.63438e-7  -5.98145e-7  -5.33601e-7  -5.97559e-7  -5.87374e-7  -6.43274e-7  -7.65226e-7  -6.79369e-7  -7.88886e-7  -6.14703e-7  -6.57766e-7  -6.05323e-7  -5.93329e-7  -8.06366e-7  -6.07372e-7  -7.8288e-7  -6.94397e-7  -6.88367e-7  -5.2855e-7  -7.65376e-7  -6.76745e-7  -6.34511e-7  -7.08063e-7  -6.0734e-7  -6.29022e-7  -6.71396e-7  -5.85693e-7  -5.74682e-7  -6.24744e-7  -6.35114e-7  -5.20638e-7  -6.90622e-7  -5.2608e-7  -5.48695e-7  -6.10089e-7  -7.29906e-7  -6.79056e-7  -6.48427e-7  -6.75174e-7  -7.21545e-7  -6.10978e-7  -5.6709e-7  -5.08244e-7  -6.5781e-7  -5.99834e-7  -6.32148e-7
1050 Eigenvalues converges, out of 1050 requested.
Running with l = 2100
Starting Davidson with n_aux = 4200, l_buffer = 3780, lc = 2121, thresh = 0.0025, max_iter = 100
Iter 1: V_size = 420, Converged = 0, ‖r‖ (largest λ) = 0.05009456722285485
Iter 2: V_size = 840, Converged = 0, ‖r‖ (largest λ) = 0.00974895232376983
Iter 3: V_size = 1680, Converged = 0, ‖r‖ (largest λ) = 0.002621504589096449
Iter 4: V_size = 3360, Converged = 0, ‖r‖ (largest λ) = 0.00037949040280745277
Iter 5: V_size = 4200, Converged = 12, ‖r‖ (largest λ) = 1.3879581706369635e-5
Iter 6: V_size = 4200, Converged = 12, ‖r‖ (largest λ) = 2.2306138399004882e-5
Iter 7: V_size = 4200, Converged = 12, ‖r‖ (largest λ) = 2.4900042133931525e-5
Iter 8: V_size = 4200, Converged = 451, ‖r‖ (largest λ) = 2.6499618677769847e-5
Iter 9: V_size = 4200, Converged = 451, ‖r‖ (largest λ) = 7.735087647686434e-5
Hybrid Davidson-JD corrections at iteration 10
Total MINRES iterations: 75
Iter 10: V_size = 4200, Converged = 451, ‖r‖ (largest λ) = 5.6083685564095e-5
Hybrid Davidson-JD corrections at iteration 11
Total MINRES iterations: 3825
Iter 11: V_size = 4200, Converged = 899, ‖r‖ (largest λ) = 6.412132363338937e-5
Hybrid Davidson-JD corrections at iteration 12
Total MINRES iterations: 2056
Iter 12: V_size = 4200, Converged = 899, ‖r‖ (largest λ) = 0.00013406313800287377
Hybrid Davidson-JD corrections at iteration 13
Total MINRES iterations: 0
Iter 13: V_size = 4200, Converged = 899, ‖r‖ (largest λ) = 0.0001268404904478416
Hybrid Davidson-JD corrections at iteration 14
Total MINRES iterations: 0
Iter 14: V_size = 4200, Converged = 1572, ‖r‖ (largest λ) = 0.0001226452274472627
Hybrid Davidson-JD corrections at iteration 15
Total MINRES iterations: 1000
Iter 15: V_size = 4200, Converged = 1572, ‖r‖ (largest λ) = 8.751048774662444e-5
Hybrid Davidson-JD corrections at iteration 16
Total MINRES iterations: 11075
Iter 16: V_size = 4200, Converged = 1572, ‖r‖ (largest λ) = 8.11056351282243e-5
Converged all required eigenvalues.
115868.710277 seconds (2.28 G allocations: 180.339 TiB, 1.46% gc time)
Number of FLOPs: 365655702213152

Reading exact Eigenvalues...
Reading eigenvalues from ../../Eigenvalues_folder/eigenres_uracil_RNDbasis1.jld2

Compute the difference between computed and exact eigenvalues:
1×2100 adjoint(::Vector{Float64}) with eltype Float64:
 -2.4869e-14  -7.10543e-15  2.4869e-14  3.55271e-15  3.55271e-15  -7.10543e-15  0.0  1.77636e-14  2.13163e-14  -3.55271e-15  -7.10543e-15  7.10543e-15  -1.77636e-15  1.77636e-15  -5.32907e-15  5.32907e-15  -1.77636e-15  1.77636e-15  1.77636e-15  -1.77636e-15  -7.10543e-15  1.77636e-15  0.0  0.0  5.32907e-15  0.0  -5.32907e-15  -3.55271e-15  0.0  1.77636e-15  -7.10543e-15  -5.32907e-15  1.77636e-15  0.0  0.0  8.88178e-15  -1.77636e-15  0.0  0.0  -3.55271e-15  3.55271e-15  -2.66454e-15  0.0  -8.88178e-16  8.88178e-16  -1.77636e-15  -2.66454e-15  8.88178e-16  -1.77636e-15  1.77636e-15  -4.44089e-15  -2.66454e-15  8.88178e-16  -4.44089e-15  -1.77636e-15  -8.88178e-16  2.66454e-15  7.10543e-15  8.88178e-16  -4.44089e-15  -1.77636e-15  2.66454e-15  0.0  -8.88178e-16  -8.88178e-16  4.44089e-15  -2.66454e-15  -1.77636e-15  0.0  0.0  -8.88178e-16  8.88178e-16  -2.66454e-15  -8.88178e-16  0.0  -1.77636e-15  1.77636e-15  -1.77636e-15  -3.55271e-15  -1.77636e-15  0.0  2.66454e-15  -8.88178e-16  8.88178e-16  2.66454e-15  -1.77636e-15  3.55271e-15  1.77636e-15  -2.66454e-15  -1.77636e-15  8.88178e-16  -1.77636e-15  0.0  -8.88178e-16  -4.44089e-16  -4.44089e-15  4.44089e-16  4.44089e-16  0.0  4.44089e-16  4.44089e-16  3.55271e-15  2.22045e-15  -1.33227e-15  1.33227e-15  0.0  4.44089e-16  4.44089e-16  1.33227e-15  0.0  0.0  -1.33227e-15  -1.77636e-15  -4.44089e-16  -2.66454e-15  -1.77636e-15  3.9968e-15  2.22045e-15  -8.88178e-16  1.33227e-15  0.0  -8.88178e-16  -2.22045e-15  4.44089e-16  2.22045e-15  -4.44089e-16  -2.22045e-15  -8.88178e-16  1.77636e-15  8.88178e-16  0.0  3.10862e-15  8.88178e-16  -8.88178e-16  -1.77636e-15  1.33227e-15  -3.55271e-15  2.66454e-15  0.0  2.22045e-15  4.44089e-16  3.9968e-15  -8.88178e-16  1.33227e-15  1.77636e-15  -1.33227e-15  -3.55271e-15  -1.77636e-15  1.33227e-15  -8.88178e-16  8.88178e-16  0.0  8.88178e-16  0.0  -4.44089e-16  -8.88178e-16  1.33227e-15  1.77636e-15  -3.55271e-15  1.33227e-15  -8.88178e-16  -8.88178e-16  2.66454e-15  2.22045e-15  1.77636e-15  -4.44089e-16  3.55271e-15  -2.22045e-15  -1.33227e-15  0.0  -2.66454e-15  8.88178e-16  8.88178e-16  -8.88178e-16  3.10862e-15  1.77636e-15  -1.33227e-15  -4.44089e-16  1.77636e-15  -8.88178e-16  0.0  1.33227e-15  1.33227e-15  8.88178e-16  1.33227e-15  0.0  2.22045e-15  3.55271e-15  2.66454e-15  4.44089e-16  -4.44089e-15  1.33227e-15  -3.10862e-15  0.0  8.88178e-16  4.44089e-16  1.33227e-15  -1.77636e-15  1.77636e-15  1.77636e-15  8.88178e-16  2.22045e-15  3.10862e-15  8.88178e-16  -1.77636e-15  -4.44089e-16  4.44089e-16  2.66454e-15  -7.10543e-15  -1.33227e-15  -4.44089e-16  -4.44089e-16  4.44089e-16  -8.88178e-16  0.0  0.0  -4.44089e-16  -2.22045e-15  -8.88178e-16  -2.66454e-15  2.22045e-15  1.77636e-15  2.44249e-15  1.33227e-15  2.22045e-16  -1.55431e-15  -1.11022e-15  -6.21725e-15  -6.66134e-16  3.77476e-15  -4.44089e-16  -3.33067e-15  6.66134e-16  -2.22045e-16  4.44089e-15  1.33227e-15  1.33227e-15  -1.77636e-15  -6.21725e-15  0.0  -1.11022e-15  1.33227e-15  -3.55271e-15  -6.66134e-16  5.55112e-15  -1.55431e-15  4.44089e-15  1.11022e-15  2.22045e-16  -5.77316e-15  1.33227e-15  7.10543e-15  -3.33067e-15  -5.77316e-15  8.88178e-16  -4.21885e-15  4.21885e-15  3.33067e-15  -1.55431e-15  1.33227e-15  8.88178e-16  5.9952e-15  3.33067e-15  -2.22045e-15  -1.55431e-15  -2.88658e-15  4.88498e-15  3.10862e-15  -2.22045e-16  2.66454e-15  -3.9968e-15  -3.9968e-15  6.66134e-16  5.55112e-15  -1.9984e-15  6.66134e-16  0.0  -6.66134e-16  -2.66454e-15  1.33227e-15  2.88658e-15  -1.33227e-15  -5.77316e-15  2.44249e-15  -3.10862e-15  -2.44249e-15  -2.22045e-16  1.55431e-15  -8.88178e-16  1.11022e-15  3.9968e-15  -5.55112e-15  -1.11022e-15  -1.11022e-15  2.66454e-15  6.43929e-15  -3.33067e-15  -3.10862e-15  1.55431e-15  0.0  -1.9984e-15  -3.10862e-15  4.44089e-15  -6.66134e-16  2.22045e-16  2.44249e-15  1.55431e-15  -6.21725e-15  4.44089e-16  -4.44089e-16  2.22045e-16  -7.77156e-15  -4.44089e-15  -1.55431e-15  4.88498e-15  -5.9952e-15  2.66454e-15  1.55431e-15  1.11022e-15  2.88658e-15  2.88658e-15  7.77156e-15  6.66134e-16  -4.66294e-15  1.33227e-15  7.54952e-15  3.10862e-15  1.9984e-15  3.10862e-15  4.66294e-15  -4.21885e-15  1.11022e-15  -4.66294e-15  1.33227e-15  7.54952e-15  -5.32907e-15  3.77476e-15  -3.9968e-15  -4.44089e-16  -4.88498e-15  -3.9968e-15  1.55431e-15  1.11022e-15  2.22045e-15  -5.32907e-15  -6.88338e-15  8.65974e-15  -6.21725e-15  6.21725e-15  -5.77316e-15  3.33067e-15  -4.66294e-15  2.44249e-15  -7.54952e-15  -1.53211e-14  -9.54792e-15  4.44089e-16  -6.32827e-14  -3.35287e-14  -3.04201e-14  -6.98552e-13  -5.56e-13  -1.22913e-11  -1.44111e-11  -2.63389e-11  -4.16283e-11  -5.10829e-11  -3.63176e-11  -7.14264e-11  -1.96676e-10  -1.73365e-10  -2.72276e-10  -3.84605e-10  -1.50384e-10  -1.78991e-10  -2.3736e-10  -1.76101e-10  -7.34636e-10  -7.62789e-10  -9.13803e-10  -1.16345e-9  -9.02567e-10  -9.71748e-10  -9.96974e-10  -1.802e-9  -1.51507e-9  -2.51604e-9  -2.25519e-9  -2.54975e-9  -3.08596e-9  -2.11324e-9  -2.75738e-9  -4.70298e-9  -4.25953e-9  -6.48472e-9  -6.66169e-9  -5.4186e-9  -6.61764e-9  -1.29299e-8  -7.89532e-9  -7.86982e-9  -1.29843e-8  -9.94976e-9  -8.88871e-9  -1.01187e-8  -1.59074e-8  -1.20885e-8  -1.45028e-8  -1.23327e-8  -1.27411e-8  -1.41969e-8  -1.97628e-8  -1.62806e-8  -1.55559e-8  -2.80775e-8  -2.42898e-8  -2.18068e-8  -2.13433e-8  -2.92359e-8  -3.44328e-8  -1.95851e-8  -2.6251e-8  -2.70938e-8  -3.0665e-8  -3.10734e-8  -3.70529e-8  -4.08571e-8  -3.85247e-8  -3.67525e-8  -3.40091e-8  -3.92508e-8  -3.49591e-8  -5.12423e-8  -1.5411e-9  -5.3547e-8  -1.59223e-9  -6.01942e-8  -6.24046e-8  -1.83552e-9  -6.2356e-8  -5.32875e-8  -2.6269e-9  -2.45405e-9  -5.00466e-8  -5.36547e-7  -7.28542e-7  -6.98336e-7  -5.84473e-7  -7.33054e-7  -7.0701e-7  -6.69941e-7  -7.3491e-7  -6.01215e-9  -6.74737e-7  -6.86894e-9  -7.40457e-7  -6.15345e-9  -7.15192e-9  -7.86746e-9  -7.90144e-7  -8.2277e-9  -7.64688e-9  -7.64053e-9  -1.00998e-8  -8.28303e-9  -1.11338e-8  -7.97958e-9  -1.01866e-8  -1.00737e-8  -1.00275e-8  -8.42442e-9  -1.19049e-8  -8.31931e-7  -1.15518e-8  -1.01412e-8  -1.26084e-8  -1.32757e-8  -1.11813e-8  -1.42386e-8  -1.42284e-8  -1.23589e-8  -1.28967e-8  -1.76905e-8  -1.67587e-8  -1.64811e-8  -1.88332e-8  -1.91771e-8  -1.49258e-8  -2.1313e-8  -1.78203e-8  -2.28357e-8  -2.41057e-8  -1.95814e-8  -2.15073e-8  -2.00193e-8  -2.88427e-8  -2.77475e-8  -2.85314e-8  -2.39507e-8  -2.70773e-8  -3.24936e-8  -3.16657e-8  -2.92079e-8  -3.01659e-8  -2.686e-8  -2.81618e-8  -2.99636e-8  -3.02514e-8  -3.70585e-8  -3.1058e-8  -3.30665e-8  -3.28964e-8  -2.72297e-8  -3.47645e-8  -4.18242e-8  -3.8164e-8  -3.76915e-8  -3.31723e-8  -4.30426e-8  -4.09033e-8  -3.18794e-8  -4.47866e-8  -4.20049e-8  -3.99109e-8  -4.27289e-8  -3.75632e-8  -4.35146e-8  -4.70465e-8  -5.17645e-8  -6.16715e-8  -6.62988e-8  -5.6916e-8  -5.60574e-8  -6.22234e-8  -5.51227e-8  -5.9386e-8  -5.4524e-8  -5.3607e-8  -5.40354e-8  -6.09588e-8  -8.0062e-8  -5.97663e-8  -6.57205e-8  -7.39581e-8  -7.12831e-8  -6.14369e-8  -7.53881e-8  -8.00057e-8  -7.75348e-8  -4.75748e-8  -7.29046e-8  -7.89135e-8  -8.90417e-8  -7.59587e-8  -7.3366e-8  -8.86427e-8  -8.17435e-8  -8.48779e-8  -8.3175e-8  -1.07355e-7  -7.87446e-8  -9.66813e-8  -7.99558e-8  -1.01311e-7  -1.01283e-7  -9.85662e-8  -1.02158e-7  -1.20318e-7  -1.3855e-7  -9.82325e-8  -1.1078e-7  -9.82494e-8  -1.44571e-7  -9.88847e-8  -1.16552e-7  -1.35293e-7  -1.20226e-7  -1.29828e-7  -1.08632e-7  -1.27432e-7  -1.24494e-7  -1.13304e-7  -1.3983e-7  -1.26918e-7  -1.17177e-7  -1.50403e-7  -1.5159e-7  -1.26612e-7  -1.57195e-7  -1.43245e-7  -1.95741e-7  -1.58235e-7  -1.69697e-7  -2.13689e-7  -2.04957e-7  -1.88549e-7  -1.79646e-7  -1.51679e-7  -1.72839e-7  -1.81716e-7  -1.52496e-7  -1.82959e-7  -1.79957e-7  -1.87879e-7  -2.36138e-7  -2.25558e-7  -2.18139e-7  -2.18378e-7  -1.80098e-7  -2.18364e-7  -1.87333e-7  -2.34865e-7  -2.19071e-7  -2.32522e-7  -2.16718e-7  -2.39835e-7  -2.59102e-7  -2.38362e-7  -2.45517e-7  -2.36507e-7  -2.21439e-7  -2.75642e-7  -2.63596e-7  -2.21287e-7  -2.52446e-7  -2.88126e-7  -2.40926e-7  -2.34775e-7  -2.79007e-7  -2.88056e-7  -2.6342e-7  -2.62348e-7  -2.43992e-7  -2.7145e-7  -3.3631e-7  -3.48122e-7  -2.62285e-7  -2.8963e-7  -3.15585e-7  -3.58788e-7  -3.08549e-7  -4.05648e-7  -3.07813e-7  -3.51339e-7  -3.83381e-7  -4.01103e-7  -3.52822e-7  -3.04036e-7  -3.4047e-7  -3.09618e-7  -4.01417e-7  -4.04924e-7  -3.38516e-7  -3.57111e-7  -3.68525e-7  -3.88829e-7  -4.45764e-7  -5.72101e-7  -3.85855e-7  -3.84207e-7  -3.77563e-7  -3.91397e-7  -4.83722e-7  -4.54813e-7  -5.3963e-7  -4.45211e-7  -4.7368e-7  -5.38098e-7  -5.88629e-7  -5.30359e-7  -4.31797e-7  -5.86201e-7  -4.71644e-7  -5.32498e-7  -5.06977e-7  -4.9095e-7  -4.85351e-7  -4.74892e-7  -5.38639e-7  -4.59073e-7  -5.84062e-7  -5.69278e-7  -5.5634e-7  -5.62462e-7  -5.72659e-7  -5.27783e-7  -6.24904e-7  -5.0672e-7  slurmstepd-andoria01: error: *** JOB 25308 ON andoria01 CANCELLED AT 2025-10-05T11:03:59 DUE TO TIME LIMIT ***

[110653] signal 15: Terminated
in expression starting at /home/fmereto/MA_best/Davidson_jacobi/adaptive_JD_dav/hybrid_mix.jl:426
dgemm_kernel_ZEN at /home/fmereto/julia/bin/../lib/julia/libopenblas64_.so (unknown line)
unknown function (ip: (nil))
Allocations: 4482866702 (Pool: 4482866096; Big: 606); GC: 536865
-5.6795e-7  -5.02824e-7  -5.41231e-7  -6.90678e-7  -5.94957e-7  -7.06446e-7  -6.6401e-7  -7.24387e-7  -6.7083e-7  -7.0579e-7  -5.88727e-7  -7.0418e-7  -7.39496e-7  -6.16372e-7  -6.56002e-7  -6.482e-7  -6.94789e-7  -6.12167e-7  -8.01163e-7  -7.67664e-7  -7.8856e-7  -7.06575e-7  -7.16008e-7  -8.57319e-7  -8.53842e-7  -7.72721e-7  -7.58374e-7  -8.50314e-7  -8.1178e-7  -7.49032e-7  -9.44627e-7  -8.80986e-7  -7.69958e-7  -9.91314e-7  -8.04696e-7  -9.53283e-7  -8.43781e-7  -7.67642e-7  -1.08149e-6  -8.3498e-7  -8.65246e-7  -9.13324e-7  -9.05912e-7  -1.04146e-6  -8.2145e-7  -1.04214e-6  -1.03905e-6  -1.1091e-6  -9.92854e-7  -9.87573e-7  -9.76109e-7  -8.98269e-7  -9.93395e-7  -1.14183e-6  -1.09343e-6  -9.31844e-7  -1.19848e-6  -1.08488e-6  -1.10767e-6  -1.07026e-6  -1.03025e-6  -1.07458e-6  -1.08989e-6  -1.13269e-6  -9.3742e-7  -1.25936e-6  -1.05327e-6  -1.53709e-6  -1.13132e-6  -1.13857e-6  -1.17859e-6  -1.33618e-6  -1.25629e-6  -9.68619e-7  -1.18352e-6  -1.2202e-6  -1.1767e-6  -1.28882e-6  -1.4014e-6  -1.15034e-6  -1.34577e-6  -1.45772e-6  -1.30614e-6  -1.67903e-6  -1.2776e-6  -1.52131e-6  -1.4702e-6  -1.40463e-6  -1.15092e-6  -1.15696e-6  -1.46631e-6  -1.5385e-6  -1.41993e-6  -1.47693e-6  -1.50996e-6  -1.49957e-6  -1.47436e-6  -1.55481e-6  -1.44119e-6  -1.74484e-6  -1.88123e-6  -1.68472e-6  -1.53408e-6  -1.45654e-6  -1.96716e-6  -1.55498e-6  -1.83717e-6  -1.5487e-6  -1.89774e-6  -1.71462e-6  -1.71791e-6  -1.66658e-6  -1.35521e-6  -2.10589e-6  -1.77086e-6  -1.7717e-6  -1.83431e-6  -2.10558e-6  -1.9338e-6  -2.18973e-6  -1.66926e-6  -1.95249e-6  -2.00956e-6  -2.26826e-6  -1.78107e-6  -1.86503e-6  -2.19639e-6  -1.83281e-6  -2.13636e-6  -2.20423e-6  -2.06959e-6  -2.02899e-6  -2.61214e-6  -2.27844e-6  -2.3241e-6  -2.19994e-6  -2.35197e-6  -2.33823e-6  -2.40349e-6  -2.47725e-6  -2.6321e-6  -1.95795e-6  -2.19869e-6  -2.32416e-6  -2.08443e-6  -2.11114e-6  -2.92414e-6  -2.21564e-6  -2.611e-6  -2.65718e-6  -2.58182e-6  -2.99081e-6  -2.47661e-6  -2.76979e-6  -2.435e-6  -2.88002e-6  -2.57765e-6  -2.7841e-6  -2.77312e-6  -3.04899e-6  -2.47247e-6  -2.66303e-6  -2.90568e-6  -2.87512e-6  -3.01145e-6  -2.55572e-6  -3.21991e-6  -3.07276e-6  -3.04832e-6  -2.87912e-6  -3.12781e-6  -3.49107e-6  -2.65567e-6  -3.05444e-6  -3.05346e-6  -3.17129e-6  -2.9109e-6  -3.20658e-6  -2.68431e-6  -3.55203e-6  -3.03351e-6  -3.24356e-6  -8.82408e-8  -3.56073e-6  -2.80487e-6  -3.34048e-6  -3.60153e-6  -3.56728e-6  -3.38135e-6  -3.86972e-6  -3.62467e-6  -3.76839e-6  -3.58214e-6  -4.12206e-6  -3.57329e-6  -4.12404e-6  -4.277e-6  -3.43098e-6  -4.1357e-6  -3.25988e-6  -3.58063e-6  -1.16958e-7  -3.70893e-6  -1.22715e-7  -1.14543e-7  -1.2705e-7  -1.13813e-7  -4.15247e-6  -1.23068e-7  -1.08843e-7  -3.4164e-6  -3.6884e-6  -1.08171e-7  -4.42535e-6  -4.22708e-6  -1.32733e-7  -1.38618e-7  -4.10715e-6  -4.2088e-6  -4.15178e-6  -1.1868e-7  -1.33645e-7  -1.2794e-7  -1.537e-7  -1.24222e-7  -1.38479e-7  -1.03043e-7  -1.29215e-7  -9.76982e-8  -1.29908e-7  -1.368e-7  -1.28074e-7  -1.32169e-7  -1.45408e-7  -1.28e-7  -1.50302e-7  -1.3148e-7  -1.3115e-7  -1.22175e-7  -1.37796e-7  -4.58305e-6  -1.38908e-7  -1.49361e-7  -1.51456e-7  -1.12581e-7  -1.31061e-7  -1.50784e-7  -1.3526e-7  -1.40063e-7  -1.63195e-7  -1.63305e-7  -1.50428e-7  -1.4164e-7  -4.4981e-6  -1.63716e-7  -1.63969e-7  -1.86698e-7  -1.54447e-7  -1.76194e-7  -1.27282e-7  -1.36267e-7  -1.39784e-7  -1.23239e-7  -1.01505e-7  -1.03933e-7  -1.23543e-7  -1.84139e-7  -1.09541e-7  -1.37651e-7  -1.23318e-7  -1.26611e-7  -1.23248e-7  -1.29859e-7  -8.68831e-8  -1.00572e-7  -9.17717e-8  -1.00697e-7  -1.11848e-7  -1.10762e-7  -8.89286e-8  -1.18461e-7  -1.00805e-7  -1.02726e-7  -9.28992e-8  -8.73741e-8  -8.42209e-8  -1.11725e-7  -8.81319e-8  -8.52911e-8  -9.00936e-8  -8.26265e-8  -7.6802e-8  -9.43327e-8  -8.77814e-8  -9.53615e-8  -9.74654e-8  -9.68977e-8  -8.29064e-8  -7.34177e-8  -8.51565e-8  -9.50106e-8  -9.70933e-8  -8.97095e-8  -8.7516e-8  -8.7215e-8  -7.8685e-8  -8.78849e-8  -9.71615e-8  -9.77369e-8  -9.40166e-8  -8.87203e-8  -1.05491e-7  -9.00546e-8  -7.52236e-8  -8.85412e-8  -1.00966e-7  -1.00564e-7  -9.14637e-8  -7.96189e-8  -9.9106e-8  -8.86741e-8  -7.35486e-8  -8.74662e-8  -8.50952e-8  -8.55541e-8  -7.70728e-8  -9.46063e-8  -8.58457e-8  -9.05547e-8  -8.68672e-8  -9.23204e-8  -7.84666e-8  -7.76211e-8  -8.21172e-8  -7.46405e-8  -9.365e-8  -8.07853e-8  -7.7091e-8  -8.36992e-8  -7.1448e-8  -7.82356e-8  -7.71878e-8  -8.49646e-8  -7.92122e-8  -6.70291e-8  -8.15979e-8  -8.27076e-8  -7.79915e-8  -8.87275e-8  -7.51135e-8  -8.20578e-8  -7.33534e-8  -7.86145e-8  -7.63512e-8  -8.08902e-8  -1.00779e-7  -9.44951e-8  -6.88651e-8  -7.58373e-8  -8.65159e-8  -7.69119e-8  -7.28162e-8  -6.59747e-8  -6.90853e-8  -8.13197e-8  -8.16145e-8  -7.9889e-8  -8.36078e-8  -7.78132e-8  -8.6935e-8  -7.5146e-8  -8.38735e-8  -8.03751e-8  -6.92451e-8  -8.42821e-8  -8.27836e-8  -7.32876e-8  -7.47874e-8  -8.37219e-8  -6.69746e-8  -7.24253e-8  -8.13921e-8  -7.50679e-8  -7.43923e-8  -7.26509e-8  -7.45972e-8  -8.03535e-8  -6.48517e-8  -7.20519e-8  -7.47962e-8  -6.74756e-8  -6.85345e-8  -7.75829e-8  -6.23275e-8  -7.42025e-8  -7.58009e-8  -7.38627e-8  -6.80333e-8  -7.05049e-8  -7.42341e-8  -6.44423e-8  -7.00989e-8  -7.10556e-8  -7.41569e-8  -6.51302e-8  -6.54589e-8  -6.73511e-8  -7.0767e-8  -6.63853e-8  -5.55708e-8  -7.69732e-8  -6.83515e-8  -7.68319e-8  -6.69906e-8  -7.30125e-8  -8.18881e-8  -6.41139e-8  -7.00857e-8  -6.74679e-8  -6.60966e-8  -7.28085e-8  -6.3074e-8  -7.0707e-8  -7.16929e-8  -6.55955e-8  -7.13945e-8  -7.39606e-8  -7.05332e-8  -6.92399e-8  -7.28063e-8  -4.99423e-8  -7.39012e-8  -6.08899e-8  -7.11659e-8  -6.52209e-8  -6.52621e-8  -6.28771e-8  -6.80515e-8  -6.79534e-8  -7.61018e-8  -6.76969e-8  -6.60771e-8  -6.18949e-8  -8.26701e-8  -6.85688e-8  -7.19649e-8  -7.14975e-8  -5.99744e-8  -6.85506e-8  -6.30646e-8  -5.83468e-8  -7.23011e-8  -5.90574e-8  -6.75475e-8  -7.38656e-8  -7.00633e-8  -7.54716e-8  -6.75684e-8  -5.80861e-8  -5.90671e-8  -6.82335e-8  -5.10953e-8  -5.88322e-8  -7.2082e-8  -5.29292e-8  -5.95225e-8  -7.50193e-8  -5.90095e-8  -6.63695e-8  -6.52542e-8  -6.43718e-8  -5.44103e-8  -6.28593e-8  -5.66386e-8  -6.31585e-8  -6.55702e-8  -7.07795e-8  -6.06331e-8  -5.78446e-8  -6.31025e-8  -6.12152e-8  -5.38622e-8  -5.16332e-8  -6.40393e-8  -6.84197e-8  -6.56727e-8  -6.71748e-8  -6.89269e-8  -7.05847e-8  -6.25079e-8  -6.37294e-8  -7.38514e-8  -6.36715e-8  -6.56467e-8  -8.04746e-8  -6.74251e-8  -5.96278e-8  -6.65458e-8  -5.89844e-8  -6.74134e-8  -7.80094e-8  -7.21885e-8  -6.72945e-8  -6.66541e-8  -5.13022e-8  -7.20154e-8  -6.20479e-8  -7.14296e-8  -6.08815e-8  -5.87829e-8  -6.1947e-8  -6.04038e-8  -7.17415e-8  -5.71333e-8  -7.69287e-8  -8.5387e-8  -7.07427e-8  -6.74894e-8  -6.2438e-8  -6.0907e-8  -6.98056e-8  -6.21931e-8  -6.78851e-8  -6.47565e-8  -5.40772e-8  -7.12642e-8  -6.49386e-8  -6.69192e-8  -6.15135e-8  -6.59895e-8  -6.10127e-8  -6.76253e-8  -6.8577e-8  -5.91522e-8  -6.66933e-8  -6.29451e-8  -7.33778e-8  -6.88024e-8  -6.01542e-8  -6.13131e-8  -6.94861e-8  -7.23599e-8  -6.05579e-8  -6.78765e-8  -6.0823e-8  -5.93766e-8  -6.57514e-8  -7.08905e-8  -5.96604e-8  -6.29328e-8  -6.70204e-8  -5.8615e-8  -6.88008e-8  -5.48325e-8  -5.89924e-8  -6.97983e-8  -6.11222e-8  -6.40504e-8  -7.3819e-8  -6.27649e-8  -6.17878e-8  -5.28786e-8  -6.16969e-8  -5.55769e-8  -5.92653e-8  -6.88877e-8  -6.28651e-8  -7.27243e-8  -7.37675e-8  -7.74363e-8  -5.92418e-8  -6.98674e-8  -6.91446e-8  -6.25262e-8  -5.99617e-8  -6.86284e-8  -6.66384e-8  -5.78571e-8  -6.71854e-8  -7.30789e-8  -5.45033e-8  -6.65116e-8  -6.11061e-8  -7.14201e-8  -5.61761e-8  -6.6264e-8  -6.51664e-8  -6.93592e-8  -7.10315e-8  -6.8795e-8  -6.18168e-8  -6.44272e-8  -6.02921e-8  -6.43538e-8  -6.61331e-8  -5.77264e-8  -5.87535e-8  -6.05786e-8  -6.25136e-8  -7.31681e-8  -6.79334e-8  -7.05228e-8  -6.44469e-8  -6.52395e-8  -6.90517e-8  -6.6343e-8  -6.66998e-8  -5.73602e-8  -6.3392e-8  -6.74769e-8  -5.90649e-8  -6.05922e-8  -6.02441e-8  -5.37901e-8  -6.74798e-8  -6.95874e-8  -6.50063e-8  -6.76859e-8  -6.40432e-8  -6.5511e-8  -6.38102e-8  -6.40955e-8  -5.84724e-8  -6.29484e-8  -6.04619e-8  -6.31257e-8  -7.37178e-8  -5.95572e-8  -7.21338e-8  -6.57536e-8  -7.02487e-8  -7.512e-8  -6.53875e-8  -9.57703e-8  -6.5425e-7  -6.86124e-7  -6.85592e-7  -7.3419e-7  -7.10708e-7  -6.58266e-7  -7.02011e-7  -7.91437e-7  -7.00868e-7  -6.88595e-7  -6.37516e-7  -8.59764e-7  -7.22658e-7  -6.13757e-7  -6.77253e-7  -6.45822e-7  -8.50765e-7  -8.16813e-7  -6.63426e-7  -8.00664e-7  -7.73878e-7  -7.39249e-7  -8.03872e-7  -7.67803e-7  -7.30802e-7  -7.48126e-7  -7.14131e-7  -8.01815e-7  -6.93598e-7  -7.36652e-7  -7.92749e-7  -8.06954e-7  -7.83984e-7  -7.84328e-7  -7.80505e-7  -8.59967e-7  -7.94266e-7  -9.00848e-7  -8.15299e-7  -9.85133e-7  -9.2015e-7  -7.63741e-7  -8.76897e-7  -8.29709e-7  -8.23035e-7  -1.09345e-6  -8.56043e-7  -8.3495e-7  -7.81697e-7  -8.53877e-7  -9.47816e-7  -9.33846e-7  -8.66173e-7  -8.09535e-7  -9.03962e-7  -7.75667e-7  -8.22573e-7  -9.40819e-7  -9.98773e-7  -9.18747e-7  -9.02588e-7  -9.05314e-7  -9.14462e-7  -8.30001e-7  -8.76844e-7  -8.59675e-7  -8.30919e-7  -1.02936e-6  -9.47841e-7  -8.43934e-7  -8.45812e-7  -8.80914e-7  -8.73184e-7  -9.50082e-7  -9.51504e-7  -9.07917e-7  -9.8036e-7  -8.58673e-7  -9.41623e-7  -9.4253e-7  -8.76393e-7  -1.04783e-6  -9.25981e-7  -9.16405e-7  -1.17427e-6  -1.21151e-6  -9.26577e-7  -1.00846e-6  -1.23515e-6  -1.19817e-6  -1.13719e-6  -1.11782e-6  -9.59708e-7  -1.01267e-6  -9.77909e-7  -1.14222e-6  -1.18665e-6  -1.16717e-6  -8.41095e-7  -1.09094e-6  -1.01522e-6  -1.19214e-6  -9.5552e-7  -1.30019e-6  -1.08632e-6  -1.11225e-6  -1.12977e-6  -1.10218e-6  -1.28319e-6  -1.11024e-6  -1.23686e-6  -1.15311e-6  -1.10965e-6  -1.19075e-6  -1.30713e-6  -1.14665e-6  -1.2297e-6  -1.35565e-6  -1.23438e-6  -1.14959e-6  -1.2491e-6  -1.15605e-6  -1.14538e-6  -1.31087e-6  -1.27164e-6  -1.27976e-6  -1.18655e-6  -1.07073e-6  -1.13919e-6  -1.40491e-6  -1.20074e-6  -1.09725e-6  -1.24311e-6  -1.40301e-6  -1.28573e-6  -1.15834e-6  -1.21697e-6  -1.27487e-6  -1.25096e-6  -1.171e-6  -1.23505e-6  -1.33225e-6  -1.35282e-6  -1.26843e-6  -1.23807e-6  -1.27349e-6  -1.22853e-6  -1.31993e-6  -1.28015e-6  -1.29117e-6  -1.21074e-6  -1.37614e-6  -1.23452e-6  -1.26882e-6  -1.27872e-6  -1.34142e-6  -1.37761e-6  -1.20899e-6  -1.19938e-6  -1.30495e-6  -1.34421e-6  -1.24795e-6  -1.34753e-6  -1.27315e-6  -1.44436e-6  -1.4491e-6  -1.24811e-6  -1.36838e-6  -1.43066e-6  -1.42486e-6  -1.26186e-6  -1.17974e-6  -1.34337e-6  -1.4158e-6  -1.38062e-6  1.32317e-8  -1.11944e-6  1.12912e-8  -1.07829e-6  -1.49271e-6  -1.45796e-6  -1.49492e-6  -1.17433e-6  -1.42798e-6  -1.38728e-6  -1.40335e-6  -1.42952e-6  -1.34094e-6  -1.52083e-6  -1.50991e-6  -1.41305e-6  -1.41427e-6  -1.54646e-6  -1.31548e-6  -1.33108e-6  -1.61924e-6  -1.48269e-6  -1.34904e-6  -1.43538e-6  -1.59457e-6  -1.46453e-6  -1.34215e-6  -1.49591e-6  -1.26182e-6  -1.27037e-6  -1.32136e-6  -1.44749e-6  -1.3387e-6  -1.54986e-6  -1.45512e-6  -1.44288e-6  -1.31125e-6  -1.37743e-6  -1.36275e-6  -1.45683e-6  -1.41737e-6  1.36192e-8  1.24986e-8  -1.33142e-6  1.229e-8  1.54663e-8  1.39941e-8  1.7031e-8  -1.43128e-6  -1.5003e-6  1.15823e-8  -1.68525e-6  -1.48493e-6  9.92608e-9  -1.6738e-6  -1.39926e-6  -1.41399e-6  -1.55321e-6  2.42154e-8  1.6946e-8  -1.4805e-6  1.25623e-8  -1.4504e-6  -1.48183e-6  1.90846e-8  1.63901e-8  1.55831e-8  -1.40656e-6  -1.46098e-6  1.13748e-8  -1.4669e-6  -1.49249e-6  2.15945e-8  -1.53304e-6  2.09149e-8  1.41167e-8  1.22279e-8  1.80394e-8  1.96056e-8  -1.50545e-6  1.25774e-8  -1.47425e-6  -1.72497e-6  -1.60104e-6  1.47867e-8  -1.62837e-6  -1.4534e-6  3.07838e-8  2.65161e-8  1.83783e-8  1.85028e-8  1.14943e-8  1.08556e-8  1.80452e-8  1.78909e-8  -1.47821e-6  -1.54083e-6  1.67628e-8  -1.54534e-6  -1.66937e-6  -1.37497e-6  1.58547e-8  1.6962e-8  1.12894e-8  -1.45101e-6  -1.85835e-6  -1.64088e-6  1.48573e-8  1.99752e-8  1.30859e-8  2.34772e-8  -1.51578e-6  -1.56105e-6  2.4161e-8  1.47744e-8  2.49652e-8  1.85514e-8  3.92513e-8  1.4081e-8  1.33074e-8  1.76788e-8  2.8713e-8  1.66147e-8  2.31273e-8  2.76939e-8  2.06795e-8  1.5636e-8  -1.69225e-6  2.24543e-8  1.79366e-8  2.0959e-8  -1.69996e-6  2.49979e-8  2.63232e-8  1.65483e-8  1.86456e-8  3.24572e-8  2.20034e-8  1.57417e-8  2.60829e-8  2.58663e-8  1.64768e-8  2.91735e-8  2.08563e-8  3.38282e-8  4.13625e-8  2.19608e-8  1.25008e-8  4.16531e-8  4.14464e-8  2.27206e-8  1.94273e-8  2.32574e-8  2.05184e-8  2.21075e-8  2.8964e-8  1.61517e-8  2.3824e-8  1.18247e-8  2.34499e-8  2.70312e-8  2.51286e-8  5.54558e-8  2.42908e-8  3.22196e-8  2.80692e-8  5.04919e-8  2.83814e-8  3.23911e-8  4.11827e-8  2.61659e-8  4.10314e-8  2.641e-8  2.03531e-8  4.97045e-8  -2.11698e-6  2.44573e-8  3.21882e-8  5.92686e-8  4.56013e-8  5.90362e-8  4.18483e-8  6.12696e-8  3.66812e-8  3.7122e-8  5.4857e-8  2.39367e-8  4.42572e-8  4.80522e-8  6.21617e-8  2.8376e-8  5.14573e-8  4.46461e-8  5.79573e-8  5.06154e-8  2.35731e-8  4.61472e-8  6.103e-8  5.87991e-8  4.41608e-8  5.3633e-8  3.25205e-8  4.45173e-8  3.68108e-8  5.81032e-8  2.24499e-8  6.23977e-8  2.80655e-8  5.83558e-8  5.98312e-8  6.37106e-8  5.21364e-8  4.7593e-8  4.93968e-8  3.2323e-8  5.42653e-8  6.22779e-8  6.55407e-8  6.24042e-8  6.59047e-8  5.41235e-8  4.795e-8  5.6961e-8  6.00585e-8  6.11023e-8  5.62424e-8  3.50596e-8  7.41779e-8  7.06216e-8  5.85343e-8  6.2632e-8  4.25039e-8  6.6647e-8  7.48737e-8  7.45857e-8  6.30018e-8  5.70957e-8  2.99088e-8  6.99199e-8  8.06883e-8  6.25923e-8  9.70294e-8  7.26144e-8  7.70992e-8  7.6327e-8  3.3691e-8  7.79715e-8  7.52093e-8  6.49684e-8  6.56772e-8  6.32937e-8  6.99471e-8  7.35185e-8  6.74299e-8  7.62759e-8  8.73055e-8  8.55109e-8  8.40337e-8  7.90072e-8  8.5982e-8  8.07958e-8  5.90917e-8  7.35597e-8  7.11715e-8  9.17875e-8  8.72866e-8  7.0915e-8  6.75216e-8  8.40577e-8  9.37073e-8  7.96241e-8  8.73542e-8  1.0792e-7  9.74888e-8  8.36139e-8  9.52495e-8  9.42418e-8  8.66337e-8  8.30168e-8  9.62368e-8  8.8162e-8  9.98018e-8  9.52981e-8  6.90197e-8  7.82434e-8  6.74008e-8  7.4712e-8  8.95534e-8  9.86832e-8  7.28851e-8  1.11503e-7  9.27517e-8  1.10467e-7  1.16648e-7  9.41754e-8  1.0864e-7  1.06241e-7  8.50563e-8  9.85813e-8  6.42753e-8  8.35595e-8  9.85803e-8  1.10794e-7  1.01929e-7  1.0371e-7  1.09052e-7  1.01648e-7  9.50946e-8  1.21154e-7  1.28015e-7  1.21196e-7  1.19485e-7  1.0604e-7  8.90436e-8  1.0359e-7  1.30039e-7  1.15823e-7  1.18501e-7  1.34539e-7  1.46981e-7  1.38308e-7  1.38914e-7  1.20737e-7  1.10222e-7  1.30559e-7  1.10106e-7  1.01861e-7  1.62775e-7  1.27096e-7  1.09326e-7  1.16774e-7  1.30515e-7  1.57263e-7  9.89216e-8  1.1193e-7  1.20788e-7  1.27216e-7  1.29662e-7  1.11769e-7  1.16766e-7  1.37313e-7  1.1979e-7  1.48458e-7  1.47072e-7  1.29944e-7  1.23057e-7  1.48336e-7  1.70383e-7  1.40253e-7  1.54788e-7  1.53527e-7  1.21557e-7  1.653e-7  1.54466e-7  1.35922e-7  1.46435e-7  1.3982e-7  1.62098e-7  1.93642e-7  1.47863e-7  1.39438e-7  8.6861e-8  1.60198e-7  1.48897e-7  1.79321e-7  1.63154e-7  1.25164e-7  1.86701e-7  1.41445e-7  1.33903e-7  1.36638e-7  1.89217e-7  1.80959e-7  1.74744e-7  1.80652e-7  2.03688e-7  1.54842e-7  1.68302e-7  1.39434e-7  1.57928e-7  1.79793e-7  1.69785e-7  1.67427e-7  1.76201e-7  1.75444e-7  1.55045e-7  2.38669e-7  1.849e-7  1.92196e-7  1.87054e-7  1.80307e-7  1.86882e-7  1.87309e-7  1.57943e-7  1.70885e-7  1.98935e-7  1.83231e-7  1.75092e-7  2.74771e-7  2.16717e-7  1.63107e-7  2.34353e-7  1.65921e-7  1.66493e-7  1.85271e-7  2.39504e-7  1.73221e-7  2.21034e-7  1.06813e-7  1.07515e-7  2.12367e-7  1.32146e-7  9.37087e-8  8.11859e-8  7.19388e-8  1.30147e-7  1.17801e-7  1.38237e-7  1.08718e-7  6.48422e-8  1.53603e-7  9.98639e-8  9.45546e-8  1.03347e-7  7.76652e-8  8.35743e-8  1.11994e-7  1.3337e-7  1.6846e-7  1.38569e-7  1.05173e-7  1.49617e-7  5.71388e-8  1.40874e-7  1.2579e-7  1.1748e-7  8.2509e-8  1.70353e-7  1.60685e-7  1.75394e-7  5.80636e-8  1.32264e-7  9.73585e-8  1.18406e-7  1.68908e-7  1.46735e-7  1.12908e-7  1.14582e-7  1.52785e-7  1.32059e-7  9.83769e-8  1.19446e-7  1.32235e-7  1.07415e-7  1.32181e-7  6.81636e-8  9.95373e-8  1.84861e-7  1.41817e-7  1.30338e-7  7.87793e-8  1.25577e-7  7.87189e-8  1.1709e-7  1.82136e-7  1.36975e-7  1.11281e-7  1.33414e-7  1.4459e-7  1.55755e-7  2.03178e-7  1.46436e-7  1.20209e-7  7.78865e-8  8.86664e-8  7.54989e-8  2.14862e-7  1.54068e-7  1.4149e-7  1.50243e-7  3.73367e-8  1.10891e-7  1.2235e-7  1.75307e-7  1.55714e-7  1.73903e-7  7.82897e-8  1.33433e-7  1.79742e-7  1.01156e-7  1.46191e-7  1.87826e-7  1.70047e-7  1.60464e-7  1.29314e-7  1.37849e-7  6.72556e-8  1.294e-7  1.84266e-7  8.28978e-8  1.30282e-7  2.13151e-7  1.8358e-7  1.56241e-7  1.49833e-7  1.58492e-7  9.97656e-8  1.85572e-7  2.65605e-7  1.0712e-7  1.64434e-7  2.12566e-7  1.75869e-7  1.63394e-7  1.17848e-7  1.29394e-7  1.92803e-7  2.15897e-7  1.86722e-7  8.26279e-8  1.17318e-7  1.87241e-7  3.19669e-7  1.1612e-7  1.78967e-7  2.30754e-7  1.54208e-7  4.75066e-8  1.21703e-7  2.45416e-7  8.16259e-8  1.85463e-7  1.69076e-7  1.09392e-7  1.53777e-7  1.70353e-7  1.41428e-7  1.74864e-7  1.59867e-7  1.38523e-7  2.11279e-7  1.9816e-7  2.64432e-7  1.3597e-7  1.52321e-7  2.10397e-7  1.15066e-7  2.1101e-7  1.68162e-7  2.85188e-7  8.40358e-8  1.28549e-7  1.64533e-7  1.63413e-7  1.45789e-7  1.83616e-7  8.58848e-8  1.37534e-7  1.99253e-7  2.38794e-7  6.80589e-8  1.32862e-7  7.21109e-8  1.05265e-7  2.40717e-7  2.02138e-7  1.95156e-7  3.21547e-7  1.00297e-7  1.96485e-7  1.52145e-7  1.33198e-7  7.94741e-8  2.07277e-7  1.44418e-7  1.30759e-7  1.49054e-7  1.42773e-7  1.45647e-7  2.1132e-7  2.13705e-7  1.77147e-7  1.88118e-7  8.44014e-8  1.32428e-7  1.6806e-7  3.21397e-8  2.16783e-7  8.64873e-8  2.29386e-7  1.772e-7  8.01078e-8  2.83466e-7  1.18041e-7  1.40214e-7  1.01398e-7  2.11448e-7  2.29866e-7  8.4107e-8  3.9184e-7  2.20194e-7  5.68021e-8  6.59607e-8
2100 Eigenvalues converges, out of 2100 requested.
Running with l = 4200
Starting Davidson with n_aux = 8400, l_buffer = 7560, lc = 4242, thresh = 0.003, max_iter = 100
Iter 1: V_size = 840, Converged = 0, ‖r‖ (largest λ) = 0.016329236256352252
Iter 2: V_size = 1680, Converged = 0, ‖r‖ (largest λ) = 0.002753839798033227
Iter 3: V_size = 3360, Converged = 0, ‖r‖ (largest λ) = 0.00038522833322008834
Iter 4: V_size = 6720, Converged = 0, ‖r‖ (largest λ) = 1.3032418776577445e-5
Iter 5: V_size = 8400, Converged = 30, ‖r‖ (largest λ) = 1.1217597681369027e-7
Iter 6: V_size = 8400, Converged = 30, ‖r‖ (largest λ) = 9.924720776480417e-8
Iter 7: V_size = 8400, Converged = 30, ‖r‖ (largest λ) = 1.1413773038652915e-7
Iter 8: V_size = 8400, Converged = 731, ‖r‖ (largest λ) = 1.1947328153401329e-7
Iter 9: V_size = 8400, Converged = 731, ‖r‖ (largest λ) = 4.434042638756601e-5
