Processing molecule: uracil
Running with beta = 16
Running with l = 210
Starting Davidson with n_aux = 336, l_buffer = 273, lc = 212, thresh = 0.0015, max_iter = 100
Iter 1: V_size = 42, Converged = 0, ‖r‖ (largest λ) = 1.4440469943908738
Iter 2: V_size = 84, Converged = 0, ‖r‖ (largest λ) = 0.3472672833475846
Iter 3: V_size = 168, Converged = 0, ‖r‖ (largest λ) = 0.1630019671042047
Iter 4: V_size = 336, Converged = 0, ‖r‖ (largest λ) = 0.042939359637024006
Iter 5: V_size = 336, Converged = 0, ‖r‖ (largest λ) = 0.2600799401361963
Iter 6: V_size = 336, Converged = 1, ‖r‖ (largest λ) = 0.3636200431021962
Iter 7: V_size = 336, Converged = 2, ‖r‖ (largest λ) = 0.7544149601394001
Iter 8: V_size = 336, Converged = 2, ‖r‖ (largest λ) = 0.7921823725561697
Iter 9: V_size = 336, Converged = 2, ‖r‖ (largest λ) = 0.5351487678301189
Hybrid Davidson-JD corrections at iteration 10
Total MINRES iterations: 257
Iter 10: V_size = 336, Converged = 67, ‖r‖ (largest λ) = 0.4120367373649648
Hybrid Davidson-JD corrections at iteration 11
Total MINRES iterations: 197
Iter 11: V_size = 336, Converged = 67, ‖r‖ (largest λ) = 0.34992143008436427
Hybrid Davidson-JD corrections at iteration 12
Total MINRES iterations: 130
Iter 12: V_size = 336, Converged = 67, ‖r‖ (largest λ) = 0.28028037807031236
Hybrid Davidson-JD corrections at iteration 13
Total MINRES iterations: 51
Iter 13: V_size = 328, Converged = 109, ‖r‖ (largest λ) = 0.2602031557164685
Hybrid Davidson-JD corrections at iteration 14
Total MINRES iterations: 9
Iter 14: V_size = 328, Converged = 109, ‖r‖ (largest λ) = 0.16101460972724965
Hybrid Davidson-JD corrections at iteration 15
Total MINRES iterations: 0
Iter 15: V_size = 328, Converged = 109, ‖r‖ (largest λ) = 0.1298191444384994
Hybrid Davidson-JD corrections at iteration 16
Total MINRES iterations: 0
Iter 16: V_size = 130, Converged = 208, ‖r‖ (largest λ) = 0.10615934517838167
Hybrid Davidson-JD corrections at iteration 17
Total MINRES iterations: 0
Iter 17: V_size = 195, Converged = 208, ‖r‖ (largest λ) = 0.09469595283478248
Hybrid Davidson-JD corrections at iteration 18
Total MINRES iterations: 0
Iter 18: V_size = 260, Converged = 208, ‖r‖ (largest λ) = 0.05209125195413801
Converged all required eigenvalues.
905.029684 seconds (14.92 M allocations: 1.166 TiB, 0.53% gc time, 0.07% compilation time)
Number of FLOPs: 20275504546912

Reading exact Eigenvalues...
Reading eigenvalues from ../../Eigenvalues_folder/eigenres_uracil_RNDbasis1.jld2

Compute the difference between computed and exact eigenvalues:
1×210 adjoint(::Vector{Float64}) with eltype Float64:
 0.0  0.0  7.10543e-15  0.0  0.0  -7.10543e-15  0.0  7.10543e-15  3.55271e-15  -1.42109e-14  -7.10543e-15  -7.10543e-15  -3.55271e-15  1.77636e-15  1.77636e-15  -5.32907e-15  1.77636e-15  -1.77636e-15  -3.55271e-15  -5.32907e-15  -3.55271e-15  -3.55271e-15  1.77636e-15  1.77636e-15  1.77636e-15  -1.77636e-15  -3.55271e-15  0.0  3.55271e-15  -1.77636e-15  3.55271e-15  -5.32907e-15  -3.55271e-15  -1.77636e-15  1.77636e-15  -1.77636e-15  -7.10543e-15  -3.55271e-15  5.32907e-15  3.55271e-15  8.88178e-16  -4.44089e-15  1.77636e-15  -4.44089e-15  1.77636e-15  -3.55271e-15  -2.66454e-15  8.88178e-16  -1.77636e-15  -7.10543e-15  -4.44089e-15  -8.88178e-16  -8.88178e-16  -4.44089e-15  -8.88178e-16  -9.76996e-15  0.0  -6.21725e-15  -4.44089e-15  -5.32907e-15  -3.19744e-14  -3.4639e-14  -8.43769e-14  -3.01981e-14  -1.1191e-13  -2.42473e-13  -7.59393e-13  -5.32907e-15  -2.4869e-14  -2.84217e-14  -8.61533e-14  -3.28626e-14  -1.78524e-13  -3.33067e-13  -1.97176e-13  -2.81553e-13  -2.03482e-12  -6.22613e-13  -1.01519e-12  -9.42357e-13  -1.14753e-12  -1.89981e-12  -7.47846e-13  -2.3741e-12  -6.77947e-12  -1.57829e-12  -4.13181e-12  -9.30278e-12  -6.99796e-12  -2.37321e-12  -3.22675e-12  -4.05453e-12  -9.36051e-12  -9.4218e-12  -1.58304e-11  -2.18581e-11  -2.62634e-11  -1.35647e-11  -1.51945e-11  -2.78533e-11  0.0  -3.58207e-11  -4.44089e-16  -3.4281e-11  -1.7264e-11  -3.44631e-11  -3.98828e-11  -4.52487e-11  4.44089e-16  1.77636e-15  -4.9095e-11  -4.91598e-11  -1.77636e-15  4.44089e-16  -4.44089e-16  -2.22045e-15  0.0  8.88178e-16  -8.88178e-16  -4.44089e-16  1.77636e-15  8.88178e-16  0.0  4.44089e-16  -7.3427e-11  0.0  0.0  -8.88178e-16  -8.88178e-16  0.0  -2.22045e-15  -1.33227e-15  -1.33227e-15  -1.33227e-15  -3.55271e-15  -4.88498e-15  -9.76996e-15  -7.99361e-15  -4.88498e-15  -2.66454e-15  -9.76996e-15  -1.64313e-14  -1.59872e-14  -1.82077e-14  -6.9722e-14  -1.65201e-13  -1.57208e-13  -1.1946e-13  -7.86038e-14  -4.60521e-13  -3.88578e-13  -4.84501e-13  -4.56524e-13  -1.10623e-12  -1.73817e-12  -2.1112e-12  -4.99378e-12  -8.28448e-12  -7.88614e-12  -9.54747e-12  -5.70965e-12  -1.12896e-11  -1.79812e-11  -9.59322e-12  -2.05453e-11  -9.25571e-12  -3.59979e-11  -4.20619e-11  -4.69993e-11  -3.22178e-11  -6.1906e-11  -1.03796e-10  -1.60908e-10  -1.79277e-10  -1.15248e-10  -2.86635e-10  -1.05403e-10  -2.7192e-10  -1.8727e-10  -1.48635e-10  -2.73278e-10  -3.10659e-10  -4.67997e-10  -2.5388e-10  -1.37984e-9  -9.83366e-10  -5.59872e-9  -3.19602e-9  -1.6493e-9  -1.49201e-9  -1.61826e-9  -2.93738e-9  -3.79424e-9  -3.57405e-9  -3.04557e-9  -5.59307e-9  -2.90756e-9  -9.69143e-9  -2.81448e-9  -4.29392e-9  -1.7132e-8  -7.15887e-9  -1.58563e-8  -1.57541e-8  -5.81061e-9  -2.04055e-8  -5.45686e-8  -5.82778e-12  -6.28386e-13  -4.05635e-8
210 Eigenvalues converges, out of 210 requested.
Running with l = 1050
Starting Davidson with n_aux = 1680, l_buffer = 1365, lc = 1060, thresh = 0.002, max_iter = 100
Iter 1: V_size = 210, Converged = 0, ‖r‖ (largest λ) = 0.1516315241105587
Iter 2: V_size = 420, Converged = 0, ‖r‖ (largest λ) = 0.03270368987561489
Iter 3: V_size = 840, Converged = 0, ‖r‖ (largest λ) = 0.009779089027487775
Iter 4: V_size = 1680, Converged = 0, ‖r‖ (largest λ) = 0.0025810782883984172
Iter 5: V_size = 1680, Converged = 1, ‖r‖ (largest λ) = 0.0058616684806025955
Iter 6: V_size = 1680, Converged = 2, ‖r‖ (largest λ) = 0.007602730355283193
Iter 7: V_size = 1680, Converged = 2, ‖r‖ (largest λ) = 0.011200018081934908
Iter 8: V_size = 1680, Converged = 2, ‖r‖ (largest λ) = 0.01269327547955894
Iter 9: V_size = 1680, Converged = 382, ‖r‖ (largest λ) = 0.008458947623617737
Hybrid Davidson-JD corrections at iteration 10
Total MINRES iterations: 46
Iter 10: V_size = 1680, Converged = 382, ‖r‖ (largest λ) = 0.0064337358833106185
Hybrid Davidson-JD corrections at iteration 11
Total MINRES iterations: 0
Iter 11: V_size = 1680, Converged = 382, ‖r‖ (largest λ) = 0.005231676110634331
Hybrid Davidson-JD corrections at iteration 12
Total MINRES iterations: 0
Iter 12: V_size = 1360, Converged = 685, ‖r‖ (largest λ) = 0.004830482340848409
Hybrid Davidson-JD corrections at iteration 13
Total MINRES iterations: 141
Iter 13: V_size = 1360, Converged = 685, ‖r‖ (largest λ) = 0.003454720554218053
Hybrid Davidson-JD corrections at iteration 14
Total MINRES iterations: 0
Iter 14: V_size = 1360, Converged = 685, ‖r‖ (largest λ) = 0.0026217292973061673
Hybrid Davidson-JD corrections at iteration 15
Total MINRES iterations: 98
Iter 15: V_size = 1669, Converged = 1056, ‖r‖ (largest λ) = 0.002264004848782815
Hybrid Davidson-JD corrections at iteration 16
Total MINRES iterations: 6
Iter 16: V_size = 618, Converged = 1056, ‖r‖ (largest λ) = 0.5215194403619046
Hybrid Davidson-JD corrections at iteration 17
Total MINRES iterations: 0
Iter 17: V_size = 927, Converged = 1056, ‖r‖ (largest λ) = 0.0017253535805106365
Hybrid Davidson-JD corrections at iteration 18
Total MINRES iterations: 79
Iter 18: V_size = 1236, Converged = 1056, ‖r‖ (largest λ) = 0.005671919520782539
Converged all required eigenvalues.
11106.313188 seconds (347.25 M allocations: 27.605 TiB, 1.75% gc time)
Number of FLOPs: 91535026574436

Reading exact Eigenvalues...
Reading eigenvalues from ../../Eigenvalues_folder/eigenres_uracil_RNDbasis1.jld2

Compute the difference between computed and exact eigenvalues:
1×1050 adjoint(::Vector{Float64}) with eltype Float64:
 -7.10543e-15  -3.55271e-15  1.06581e-14  -3.55271e-15  7.10543e-15  0.0  -1.42109e-14  7.10543e-15  3.55271e-15  -1.42109e-14  -1.42109e-14  0.0  -5.32907e-15  8.88178e-15  3.55271e-15  5.32907e-15  -5.32907e-15  5.32907e-15  1.77636e-15  -5.32907e-15  -8.88178e-15  3.55271e-15  -1.77636e-15  0.0  8.88178e-15  1.77636e-15  -5.32907e-15  -3.55271e-15  3.55271e-15  -3.55271e-15  -7.10543e-15  0.0  0.0  3.55271e-15  1.77636e-15  -1.24345e-14  -5.32907e-15  -3.55271e-15  3.55271e-15  -3.55271e-15  -4.44089e-15  -5.32907e-15  -7.10543e-15  -1.77636e-15  1.77636e-15  -8.88178e-16  8.88178e-15  3.55271e-15  -4.44089e-15  -1.77636e-15  0.0  -8.88178e-16  2.66454e-15  -7.99361e-15  4.44089e-15  -6.21725e-15  -2.66454e-15  -2.66454e-15  0.0  -7.10543e-15  -4.44089e-15  3.55271e-15  -4.44089e-15  1.77636e-15  2.66454e-15  1.77636e-15  0.0  0.0  -8.88178e-16  -1.77636e-15  2.66454e-15  -3.55271e-15  -1.77636e-15  -9.76996e-15  2.66454e-15  0.0  1.77636e-15  0.0  8.88178e-16  1.77636e-15  1.06581e-14  -5.32907e-15  -3.55271e-15  -8.88178e-16  -7.10543e-15  0.0  -8.88178e-16  5.32907e-15  -6.21725e-15  4.44089e-15  -1.77636e-15  -8.88178e-15  4.44089e-15  4.44089e-15  1.77636e-15  7.10543e-15  -8.88178e-16  0.0  6.21725e-15  4.88498e-15  0.0  -1.33227e-15  5.77316e-15  -7.54952e-15  9.76996e-15  -3.9968e-15  5.77316e-15  3.9968e-15  5.32907e-15  -7.99361e-15  -4.88498e-15  -1.33227e-15  2.66454e-15  3.55271e-15  1.77636e-15  4.44089e-15  -3.10862e-15  6.21725e-15  -6.21725e-15  1.46549e-14  1.06581e-14  -7.10543e-15  3.10862e-15  -4.88498e-15  -4.44089e-15  1.19904e-14  -4.44089e-15  1.33227e-14  1.33227e-15  4.44089e-15  8.88178e-16  0.0  -7.99361e-15  -3.10862e-15  -1.77636e-15  -1.11022e-14  2.22045e-15  -4.88498e-15  8.88178e-16  2.22045e-15  -1.42109e-14  8.88178e-15  3.55271e-15  -1.02141e-14  -5.32907e-15  4.44089e-16  -1.77636e-15  1.11022e-14  3.9968e-15  3.55271e-15  6.21725e-15  1.02141e-14  -3.9968e-15  6.21725e-15  -3.10862e-15  -5.77316e-15  3.55271e-15  3.55271e-15  5.32907e-15  -4.44089e-16  8.43769e-15  1.77636e-15  8.43769e-15  -8.88178e-16  -3.55271e-15  -1.73195e-14  4.44089e-16  -3.10862e-15  -4.88498e-15  7.10543e-15  -5.32907e-15  -6.66134e-15  -3.55271e-15  4.44089e-16  -1.55431e-14  -8.88178e-16  1.15463e-14  3.10862e-15  4.44089e-15  1.33227e-15  3.9968e-15  3.9968e-15  7.54952e-15  -2.22045e-15  7.54952e-15  -5.32907e-15  4.88498e-15  8.88178e-16  0.0  -9.32587e-15  1.64313e-14  0.0  1.77636e-14  5.32907e-15  -9.32587e-15  -7.99361e-15  9.76996e-15  -9.76996e-15  -5.32907e-15  8.88178e-15  -4.88498e-15  5.32907e-15  -4.88498e-15  -2.22045e-15  -7.54952e-15  2.22045e-15  6.66134e-15  -8.88178e-15  -1.24345e-14  -1.33227e-15  6.21725e-15  5.77316e-15  3.9968e-15  -4.44089e-16  1.77636e-15  1.33227e-14  0.0  -2.22045e-15  3.55271e-15  -3.10862e-15  -7.99361e-15  5.55112e-15  8.43769e-15  -2.66454e-15  1.11022e-15  -6.88338e-15  2.02061e-14  -8.43769e-15  9.76996e-15  3.55271e-15  1.9984e-15  -7.99361e-15  -1.17684e-14  6.66134e-16  2.24265e-14  -1.13243e-14  -1.39888e-14  -8.88178e-16  -2.44249e-15  8.65974e-15  5.32907e-15  9.10383e-15  1.22125e-14  -8.21565e-15  1.08802e-14  0.0  2.13163e-14  -9.54792e-15  -1.26565e-14  -1.02141e-14  -4.44089e-15  -2.17604e-14  2.15383e-14  -1.77636e-15  -5.32907e-15  -4.88498e-15  -1.17684e-14  -8.88178e-15  -1.04361e-14  -6.21725e-15  -4.66294e-15  1.9984e-15  1.15463e-14  -4.21885e-15  -1.55431e-15  -1.42109e-14  -2.66454e-15  -5.10703e-15  -1.37668e-14  9.54792e-15  -3.77476e-15  -2.66454e-15  -9.54792e-15  -6.66134e-15  9.76996e-15  -1.31006e-14  -2.44249e-15  -2.22045e-15  -5.77316e-15  6.43929e-15  -1.82077e-14  9.10383e-15  -1.26565e-14  -4.44089e-15  9.32587e-15  -4.21885e-15  -1.5099e-14  -2.90878e-14  1.37668e-14  -3.77476e-15  7.10543e-15  -7.10543e-15  -5.55112e-15  -9.99201e-15  -6.43929e-15  2.04281e-14  -7.081e-13  -7.63833e-14  5.55112e-15  -9.12159e-13  -3.28848e-13  -2.32481e-13  -1.48836e-12  -1.63558e-12  -9.2506e-12  -6.21481e-12  -1.92415e-11  -3.30225e-12  -2.65634e-11  -4.49818e-12  -1.05027e-11  -2.41933e-11  -1.34372e-10  -3.04454e-11  -1.50462e-11  -1.34415e-11  -2.1267e-11  -1.93135e-10  -3.23479e-10  -3.78239e-8  -6.05759e-8  -4.69431e-8  -7.48907e-8  -8.42287e-8  -9.83622e-8  -1.01467e-7  -1.26686e-7  -7.57246e-8  -1.09342e-7  -1.26754e-7  -1.49865e-7  -1.00293e-7  -1.48132e-7  -1.66138e-7  -1.63994e-7  -1.16595e-7  -1.05635e-7  -1.42994e-7  -1.35998e-7  -1.4813e-7  -2.48114e-7  -1.76196e-7  -1.67303e-7  -1.91885e-7  -1.81684e-7  -2.12671e-7  -1.81009e-7  -2.04335e-7  -1.45022e-7  -2.23463e-7  -1.68795e-7  -2.13652e-7  -3.34472e-7  -2.72085e-7  -2.4821e-7  -2.40365e-7  -3.39245e-7  -2.73731e-7  -2.75752e-7  -2.98912e-7  -2.87836e-7  -3.4181e-7  -2.96274e-7  -5.87043e-7  -4.95169e-7  -3.26569e-7  -3.94786e-7  -5.40512e-7  -6.3684e-7  -4.23325e-7  -6.97136e-7  -6.12582e-7  -5.01422e-7  -5.5199e-7  -4.41819e-7  -4.5108e-7  -5.5228e-7  -6.59924e-7  -6.90464e-7  -5.99032e-9  -6.21484e-7  -5.79902e-9  -5.9839e-9  -5.162e-9  -5.21726e-9  -5.45456e-9  -9.53709e-9  -5.53518e-9  -5.88623e-9  -8.72556e-7  -1.02244e-8  -8.05771e-7  -7.63318e-9  -9.27063e-9  -8.75258e-9  -1.05046e-8  -1.17803e-8  -1.23739e-8  -9.31189e-9  -1.31596e-8  -1.81999e-8  -1.44323e-8  -1.71627e-8  -1.72899e-8  -1.62127e-8  -2.53279e-8  -1.8184e-8  -2.22677e-8  -1.80768e-8  -1.32549e-8  -1.62992e-8  -2.25187e-8  -2.01946e-8  -2.67705e-8  -2.83557e-8  -3.9768e-8  -3.13001e-8  -3.03147e-8  -3.31443e-8  -2.23537e-8  -2.97879e-8  -3.36109e-8  -2.88011e-8  -2.81847e-8  -3.56227e-8  -3.33739e-8  -3.97755e-8  -3.90557e-8  -3.48469e-8  -3.80034e-8  -3.6907e-8  -3.67357e-8  -4.86601e-8  -4.23905e-8  -5.40097e-8  -4.13624e-8  -3.307e-8  -4.99122e-8  -3.8411e-8  -5.82211e-8  -5.60302e-8  -4.10551e-8  -5.18957e-8  -4.61039e-8  -6.72872e-8  -5.00103e-8  -5.87696e-8  -8.48809e-8  -6.1809e-8  -5.99805e-8  -7.10062e-8  -6.00507e-8  -7.28739e-8  -6.93197e-8  -9.80656e-8  -7.78321e-8  -8.75669e-8  -1.05186e-7  -1.00168e-7  -8.13198e-8  -8.32678e-8  -1.26091e-7  -1.0906e-7  -9.46403e-8  -1.16417e-7  -1.28407e-7  -9.81673e-8  -1.15477e-7  -9.44618e-8  -1.40089e-7  -1.35622e-7  -1.34519e-7  -1.46742e-7  -1.19471e-7  -1.19024e-7  -1.78495e-7  -1.29381e-7  -1.74084e-7  -1.58196e-7  -1.49213e-7  -1.42265e-7  -1.35924e-7  -1.92155e-7  -1.76172e-7  -1.75051e-7  -2.04291e-7  -1.54486e-7  -1.77862e-7  -2.66513e-7  -1.62568e-7  -1.77153e-7  -1.93607e-7  -2.34615e-7  -2.46402e-7  -2.77632e-7  -2.52726e-7  -2.09817e-7  -2.42293e-7  -2.61505e-7  -2.53258e-7  -3.01624e-7  -3.54339e-7  -1.99355e-7  -2.50118e-7  -2.59409e-7  -2.32976e-7  -3.5932e-7  -3.72466e-7  -3.56448e-7  -3.55692e-7  -3.52827e-7  -2.56597e-7  -4.41569e-7  -3.04377e-7  -2.80744e-7  -3.04947e-7  -2.94267e-7  -3.78571e-7  -3.36841e-7  -3.9061e-7  -3.28947e-7  -3.8658e-7  -3.05126e-7  -3.67677e-7  -4.21895e-7  -3.23058e-7  -4.21802e-7  -4.00633e-7  -4.20829e-7  -4.91484e-7  -5.35904e-7  -4.83167e-7  -5.59803e-7  -6.33225e-7  -4.36058e-7  -5.84848e-7  -7.35238e-7  -5.36284e-7  -5.27471e-7  -7.65931e-7  -5.91922e-7  -5.30895e-7  -5.76125e-7  -4.64834e-7  -4.60302e-7  -6.69266e-7  -5.77658e-7  -3.92172e-7  -5.90388e-7  -6.15735e-7  -6.06208e-7  -4.87243e-7  -6.52621e-7  -5.78006e-7  -4.84773e-7  -6.96941e-7  -7.35546e-7  -5.86402e-7  -5.83108e-7  -7.37205e-7  -8.09275e-7  -7.58661e-7  -9.70995e-7  -9.22292e-7  -6.72624e-7  -8.17598e-7  -8.32597e-7  -7.37485e-7  -1.03515e-6  -9.18166e-7  -7.23384e-7  -7.44685e-7  -1.05118e-6  -1.07076e-6  -1.06461e-6  -9.49545e-7  -9.17654e-7  -1.12407e-6  -8.22072e-7  -1.04323e-6  -1.34871e-6  -1.09333e-6  -1.14679e-6  -9.7627e-7  -1.17454e-6  -1.42256e-6  -1.16601e-6  -1.03331e-6  -1.22106e-6  -1.20552e-6  -1.35809e-6  -1.03937e-6  -1.35074e-6  -1.87026e-6  -1.26045e-6  -1.41663e-6  -1.66622e-6  -1.49809e-6  -1.5063e-6  -1.22235e-6  -1.42403e-6  -1.44998e-6  -1.3364e-6  -1.61729e-6  -1.28337e-6  -1.80375e-6  -1.47202e-6  -1.71767e-6  -1.59799e-6  -1.72993e-6  -1.69674e-6  -1.36531e-6  -1.73824e-6  -1.51991e-6  -1.35768e-6  -1.89616e-6  -1.71566e-6  -2.017e-6  -2.07542e-6  -1.52912e-6  -1.82167e-6  -1.89274e-6  -1.8206e-6  -1.90167e-6  -1.68083e-6  -1.88408e-6  -1.6919e-6  -2.18769e-6  -2.27214e-6  -1.85196e-6  -2.38151e-6  -2.37069e-6  -2.41193e-6  -2.25947e-6  -2.25719e-6  -1.81608e-6  -2.17199e-6  -2.58594e-6  -2.61519e-6  -2.502e-6  -2.48023e-6  -2.91606e-6  -2.40376e-6  -2.52079e-6  -2.56262e-6  -2.57696e-6  -3.05932e-6  -2.60497e-6  -2.57017e-6  -2.24172e-6  -2.87015e-6  -9.55087e-7  -3.14815e-6  -2.594e-6  -2.87761e-6  -2.93442e-6  -3.19336e-6  -3.39792e-6  -2.78196e-6  -3.21612e-6  -2.27167e-6  -3.47897e-6  -3.01267e-6  -3.28641e-6  -3.19708e-6  -3.07495e-6  -2.97677e-6  -8.58877e-7  -1.12588e-6  -3.25792e-6  -3.44792e-6  -3.20209e-6  -2.59658e-6  -3.32385e-6  -2.72433e-6  -3.52986e-6  -9.20776e-7  -2.56472e-6  -9.69669e-7  -3.25995e-6  -3.33154e-6  -3.74732e-6  -8.5593e-7  -8.09928e-7  -3.3171e-6  -3.63086e-6  -1.13142e-6  -1.03494e-6  -3.46877e-6  -3.18028e-6  -3.40374e-6  -1.02173e-6  -1.09683e-6  -1.04919e-6  -1.02271e-6  -1.03205e-6  -1.1294e-6  -1.10193e-6  -1.04601e-6  -1.068e-6  -1.15307e-6  -1.18696e-6  -1.13516e-6  -1.02607e-6  -3.89211e-6  -9.80124e-7  -1.10059e-6  -1.44783e-6  -3.83268e-6  -9.85493e-7  -1.42154e-6  -1.35927e-6  -1.21916e-6  -1.3005e-6  -1.3015e-6  -9.73206e-7  -1.41999e-6  -1.28116e-6  -1.1619e-6  -1.10581e-6  -1.26647e-6  -1.28983e-6  -1.18204e-6  -1.03152e-6  -1.2341e-6  -3.80204e-6  -1.35998e-6  -1.28124e-6  -1.75067e-6  -1.12432e-6  -1.3707e-6  -1.37501e-6  -1.31509e-6  -1.7579e-6  -1.44284e-6  -1.43753e-6  -1.22758e-6  -1.13298e-6  -1.37532e-6  -1.63454e-6  -1.55091e-6  -1.71584e-6  -1.31961e-6  -1.76399e-6  -1.63241e-6  -1.65609e-6  -1.4343e-6  -1.60021e-6  -1.55432e-6  -1.81448e-6  -1.40964e-6  -2.22445e-6  -1.76171e-6  -1.83495e-6  -1.50011e-6  -1.65932e-6  -2.0948e-6  -2.13593e-6  -1.80682e-6  -1.82422e-6  -2.11349e-6  -2.12688e-6  -1.59271e-6  -1.7264e-6  -2.18339e-6  -1.86873e-6  -1.8209e-6  -1.98581e-6  -1.4996e-6  -1.86353e-6  -1.61182e-6  -1.65183e-6  -1.77803e-6  -2.0587e-6  -1.80804e-6  -2.26546e-6  -1.64815e-6  -2.07462e-6  -1.73615e-6  -2.15901e-6  -1.80682e-6  -1.90687e-6  -2.02031e-6  -1.79838e-6  -1.98394e-6  -2.28668e-6  -2.23195e-6  -2.47434e-6  -2.412e-6  -2.08413e-6  -2.58792e-6  -2.02554e-6  -2.13366e-6  -2.12073e-6  -2.2025e-6  -2.14354e-6  -2.03836e-6  -1.89957e-6  -2.35228e-6  -2.31383e-6  -2.45883e-6  -2.25311e-6  -2.21165e-6  -1.89387e-6  -2.3164e-6  -2.29233e-6  -2.46993e-6  -2.44368e-6  -2.45495e-6  -1.80712e-6  -2.05541e-6  -7.92806e-10  -2.49575e-6  -2.29498e-6  -2.50226e-6  -2.34215e-6  -2.47792e-6  -2.51802e-6  -2.37247e-6  -2.70317e-6  -2.10079e-6  -1.9629e-6  -3.09257e-6  -2.18358e-6  -2.25151e-6  -2.48337e-6  -2.44858e-6  -2.6891e-6  -2.56281e-6  -3.26405e-6  -2.74635e-6  -2.79168e-6  -2.59092e-6  -8.83559e-10  -2.29362e-6  -1.67516e-9  -1.45252e-9  -2.94626e-6  -1.82241e-9  -2.10666e-9  -1.38288e-9  -1.55334e-9  -2.52764e-6  -1.90093e-9  -1.36759e-9  -1.45305e-9  -2.68587e-6  -2.74906e-6  -1.92795e-9  -1.50055e-9  -2.90526e-6  -2.33608e-9  -3.52424e-6  -3.70284e-6  -2.46979e-6  -2.12563e-9  -2.26789e-9  -2.45881e-6  -3.30798e-6  -2.81088e-9  -2.79138e-6  -3.34255e-6  -2.60871e-9  -2.72265e-6  -2.15028e-9  -3.6855e-9  -3.12989e-9  -3.05172e-6  -3.34886e-9  -2.87801e-9  -3.19017e-9  1.9869e-9  -3.62349e-9  -3.58584e-9  -4.44787e-9  -3.16193e-6  -3.31586e-9  -2.88637e-9  -2.54626e-9  -4.08169e-9  -3.34367e-9  -4.63756e-9  -3.23174e-6  -3.94501e-6  -3.38677e-6  -3.7809e-9  -3.13516e-9  -3.14321e-6  -3.66767e-6  -3.42123e-6  -4.33309e-9  -3.4587e-6  -4.89934e-9  -5.05815e-9  -5.62197e-9  -5.11597e-9  -3.44863e-6  -3.7155e-6  -3.85659e-6  -3.7908e-6  -3.02224e-6  -3.63716e-6  -4.15772e-9  -3.11964e-6  -3.93424e-6  3.19654e-9  -3.52613e-6  -3.30004e-6  -4.07042e-6  -3.95714e-6  -4.61229e-6  -3.72243e-6  -3.50431e-6  -3.65808e-6  -5.23981e-9  -3.81179e-6  -5.68712e-9  -3.35859e-6  -4.73081e-6  -4.48029e-6  -5.07437e-6  -3.58975e-6  -5.87724e-9  2.31297e-9  -4.2236e-6  -4.54382e-6  -4.2816e-6  -7.68134e-9  -4.15782e-6  2.80531e-9  -4.04693e-6  -4.39648e-6  -4.78578e-6  -4.12545e-6  -4.31867e-6  -4.43633e-6  -4.8828e-6  -3.96468e-6  -4.25871e-6  -4.08375e-6  -4.67374e-6  -4.14857e-6  -4.73459e-6  -4.65157e-6  -4.48294e-6  -3.88322e-6  -3.76769e-6  -1.81861e-6  -3.58137e-6  -3.03979e-6  -1.86402e-6  -2.45084e-6  -3.44982e-6  -2.75357e-6  -2.51669e-6  -1.89687e-6  -2.24915e-6  -2.38087e-6  -1.87228e-6  -1.55567e-6  -2.11996e-6  -1.7536e-6  -1.84594e-6  -1.3989e-6  -1.39116e-6  -1.41389e-6  -1.49695e-6  -1.65733e-6  -1.74126e-6  -1.92408e-6  -1.98095e-6  -1.59184e-6  -1.24906e-6  -1.39395e-6  -1.70491e-6  -1.31395e-6  -1.51174e-6  -1.61725e-6  -1.21164e-6  -1.32796e-6  -1.41755e-6  -1.5359e-6  -1.4117e-6  -1.38134e-6  -1.4699e-6  -1.16872e-6  -1.44337e-6  -1.04699e-6  -1.21498e-6  -1.4566e-6  -1.45076e-6  -1.24013e-6  -1.3025e-6  -1.2928e-6  -1.50172e-6  -1.63916e-6  -1.24682e-6  -1.03785e-6  -1.36006e-6  -1.31407e-6  -1.16035e-6  -1.03205e-6  -1.27455e-6  -1.1168e-6  -9.20374e-7  -1.36075e-6  -9.26275e-7  -1.34859e-6  -1.34665e-6  -1.3422e-6  -1.23044e-6  -1.38139e-6  -1.35328e-6  -1.07521e-6  -1.19958e-6  -1.17965e-6  -1.07173e-6  -1.18224e-6  -1.20071e-6  -1.09447e-6  -1.2279e-6  -1.11963e-6  -7.86823e-7  -1.14859e-6  -9.29578e-7  -1.18823e-6  -1.403e-6  -1.03081e-6  -1.01617e-6  -1.04752e-6  -1.14986e-6  -1.27686e-6  -1.14746e-6  -1.22045e-6  -1.02507e-6  -8.82238e-7  -1.15665e-6  -9.52943e-7  -8.94727e-7  -9.73981e-7  -1.26538e-6  -1.02776e-6  -1.18207e-6  -1.12031e-6  -1.13668e-6  -1.3704e-6  -1.01168e-6  -1.08687e-6  -1.25999e-6  -1.16218e-6
1050 Eigenvalues converges, out of 1050 requested.
Running with l = 2100
Starting Davidson with n_aux = 3360, l_buffer = 2730, lc = 2121, thresh = 0.0025, max_iter = 100
Iter 1: V_size = 420, Converged = 0, ‖r‖ (largest λ) = 0.05009456722285485
Iter 2: V_size = 840, Converged = 0, ‖r‖ (largest λ) = 0.00974895232376983
Iter 3: V_size = 1680, Converged = 0, ‖r‖ (largest λ) = 0.002621504589096449
Iter 4: V_size = 3360, Converged = 0, ‖r‖ (largest λ) = 0.00037949040280745277
Iter 5: V_size = 3360, Converged = 12, ‖r‖ (largest λ) = 0.0001979692051019184
Iter 6: V_size = 3360, Converged = 12, ‖r‖ (largest λ) = 0.00023767045169797353
Iter 7: V_size = 3360, Converged = 12, ‖r‖ (largest λ) = 0.0002549799374877696
Iter 8: V_size = 3360, Converged = 440, ‖r‖ (largest λ) = 0.000271888534738232
Iter 9: V_size = 3360, Converged = 440, ‖r‖ (largest λ) = 0.0003392309167920472
Hybrid Davidson-JD corrections at iteration 10
Total MINRES iterations: 0
Iter 10: V_size = 3360, Converged = 440, ‖r‖ (largest λ) = 0.00037078698307082744
Hybrid Davidson-JD corrections at iteration 11
Total MINRES iterations: 1075
Iter 11: V_size = 3360, Converged = 917, ‖r‖ (largest λ) = 0.0003887337738978644
Hybrid Davidson-JD corrections at iteration 12
Total MINRES iterations: 3984
Iter 12: V_size = 3360, Converged = 917, ‖r‖ (largest λ) = 0.000350080284106767
Hybrid Davidson-JD corrections at iteration 13
Total MINRES iterations: 0
Iter 13: V_size = 3360, Converged = 917, ‖r‖ (largest λ) = 0.00023947112336257121
Hybrid Davidson-JD corrections at iteration 14
Total MINRES iterations: 0
Iter 14: V_size = 1970, Converged = 1745, ‖r‖ (largest λ) = 0.0002149983451063112
Hybrid Davidson-JD corrections at iteration 15
Total MINRES iterations: 1225
Iter 15: V_size = 2955, Converged = 1745, ‖r‖ (largest λ) = 0.00014893856104541744
Hybrid Davidson-JD corrections at iteration 16
Total MINRES iterations: 3150
Iter 16: V_size = 1970, Converged = 1745, ‖r‖ (largest λ) = 0.00014003516308469595
Converged all required eigenvalues.
42832.672053 seconds (1.28 G allocations: 101.745 TiB, 1.78% gc time)
Number of FLOPs: 235322706257212

Reading exact Eigenvalues...
Reading eigenvalues from ../../Eigenvalues_folder/eigenres_uracil_RNDbasis1.jld2

Compute the difference between computed and exact eigenvalues:
1×2100 adjoint(::Vector{Float64}) with eltype Float64:
 -2.84217e-14  -1.06581e-14  1.77636e-14  -3.55271e-15  -3.55271e-15  -1.42109e-14  3.55271e-15  1.42109e-14  7.10543e-15  7.10543e-15  -1.06581e-14  3.55271e-15  -5.32907e-15  0.0  -1.77636e-15  0.0  -1.77636e-15  1.77636e-15  0.0  1.77636e-15  -1.06581e-14  -3.55271e-15  1.77636e-15  5.32907e-15  3.55271e-15  -3.55271e-15  -1.77636e-15  -3.55271e-15  1.77636e-15  1.77636e-15  -5.32907e-15  -3.55271e-15  -3.55271e-15  1.77636e-15  3.55271e-15  -3.55271e-15  -1.77636e-15  -1.77636e-15  1.77636e-15  -1.77636e-15  8.88178e-15  -3.55271e-15  -2.66454e-15  -3.55271e-15  -1.77636e-15  -4.44089e-15  0.0  7.10543e-15  -5.32907e-15  0.0  -1.77636e-15  2.66454e-15  5.32907e-15  0.0  7.10543e-15  -5.32907e-15  8.88178e-16  0.0  -3.55271e-15  0.0  -1.77636e-15  3.55271e-15  -3.55271e-15  -1.77636e-15  2.66454e-15  -2.66454e-15  -3.55271e-15  -1.77636e-15  8.88178e-16  0.0  3.55271e-15  8.88178e-16  -8.88178e-16  -1.77636e-15  2.66454e-15  -1.77636e-15  -8.88178e-16  2.66454e-15  0.0  0.0  -4.44089e-15  1.77636e-15  0.0  1.77636e-15  1.77636e-15  1.77636e-15  -8.88178e-16  -8.88178e-16  -1.77636e-15  -8.88178e-16  0.0  -2.66454e-15  -1.77636e-15  -4.44089e-16  -8.88178e-16  -6.21725e-15  8.88178e-16  -8.88178e-16  -1.33227e-15  0.0  7.54952e-15  8.88178e-16  2.66454e-15  -1.33227e-15  2.66454e-15  -8.88178e-16  3.55271e-15  1.33227e-15  -3.55271e-15  4.44089e-16  0.0  -4.88498e-15  4.44089e-16  -1.33227e-15  -2.22045e-15  4.44089e-16  -4.44089e-16  3.10862e-15  1.33227e-15  2.66454e-15  3.10862e-15  1.77636e-15  3.10862e-15  3.10862e-15  -1.77636e-15  -8.88178e-16  0.0  3.9968e-15  0.0  -1.77636e-15  3.55271e-15  -4.44089e-16  3.55271e-15  -8.88178e-16  0.0  -4.44089e-16  1.33227e-15  -2.22045e-15  2.66454e-15  -2.22045e-15  -2.66454e-15  -1.33227e-15  -8.88178e-16  8.88178e-16  -2.22045e-15  4.44089e-16  -2.22045e-15  0.0  -8.88178e-16  8.88178e-16  -2.66454e-15  3.55271e-15  -8.88178e-16  2.22045e-15  -4.44089e-16  1.33227e-15  1.33227e-15  -1.77636e-15  8.88178e-16  -1.33227e-15  4.44089e-16  8.88178e-16  -8.88178e-16  8.88178e-16  8.88178e-16  3.55271e-15  0.0  -2.66454e-15  -2.66454e-15  -8.88178e-16  1.33227e-15  2.66454e-15  3.10862e-15  3.9968e-15  2.22045e-15  -4.44089e-16  5.32907e-15  8.88178e-16  1.33227e-15  1.77636e-15  -1.77636e-15  -8.88178e-16  -8.88178e-16  -3.55271e-15  4.44089e-16  -1.33227e-15  -4.44089e-16  1.77636e-15  -1.33227e-15  2.22045e-15  8.88178e-16  -6.21725e-15  -8.88178e-16  1.77636e-15  1.77636e-15  -5.32907e-15  1.33227e-15  -1.77636e-15  -1.33227e-15  3.10862e-15  2.66454e-15  2.22045e-15  2.22045e-15  -4.44089e-16  -3.55271e-15  -2.66454e-15  -1.77636e-15  3.10862e-15  -1.33227e-15  -3.55271e-15  -3.9968e-15  -3.10862e-15  -2.22045e-15  -2.66454e-15  2.22045e-15  -3.10862e-15  8.88178e-16  -1.77636e-15  -1.77636e-15  -4.44089e-16  8.88178e-16  -8.88178e-16  3.10862e-15  -3.33067e-15  -3.77476e-15  2.88658e-15  3.77476e-15  2.66454e-15  1.11022e-15  3.77476e-15  1.77636e-15  1.77636e-15  2.88658e-15  3.33067e-15  3.55271e-15  5.32907e-15  1.33227e-15  2.22045e-16  -1.33227e-15  -3.9968e-15  1.33227e-15  -3.33067e-15  -1.33227e-15  4.66294e-15  1.11022e-15  1.55431e-15  -5.32907e-15  3.33067e-15  3.10862e-15  -4.66294e-15  -1.9984e-15  -2.22045e-15  -2.22045e-15  -3.55271e-15  -6.66134e-16  2.22045e-15  1.33227e-15  -3.10862e-15  -4.88498e-15  -2.66454e-15  4.88498e-15  1.33227e-15  1.33227e-15  4.88498e-15  -2.88658e-15  -5.77316e-15  1.11022e-15  3.10862e-15  5.77316e-15  5.9952e-15  5.32907e-15  -1.55431e-15  -3.9968e-15  7.32747e-15  4.44089e-16  -7.10543e-15  -2.88658e-15  3.10862e-15  1.11022e-15  -3.9968e-15  -2.22045e-16  4.21885e-15  -3.77476e-15  2.66454e-15  -6.66134e-16  4.21885e-15  -8.88178e-16  2.22045e-16  -6.66134e-16  1.33227e-15  -6.66134e-16  3.10862e-15  -3.10862e-15  -3.77476e-15  -1.33227e-15  -4.66294e-15  -1.9984e-15  4.88498e-15  5.9952e-15  5.9952e-15  7.10543e-15  7.32747e-15  -4.44089e-15  -5.77316e-15  -6.43929e-15  -6.88338e-15  2.88658e-15  5.10703e-15  1.77636e-15  -1.11022e-15  1.33227e-15  -6.43929e-15  8.88178e-16  -6.21725e-15  1.77636e-15  -1.9984e-15  -5.77316e-15  4.88498e-15  -2.44249e-15  -6.43929e-15  -5.10703e-15  1.77636e-15  5.10703e-15  -1.33227e-15  2.88658e-15  1.33227e-15  8.88178e-16  0.0  -8.88178e-16  2.22045e-15  5.55112e-15  -2.44249e-15  -5.32907e-15  2.66454e-15  2.44249e-15  -2.44249e-15  -6.66134e-15  -1.55431e-15  -2.77556e-14  -5.32907e-14  -2.9754e-14  -8.92619e-14  -1.92069e-13  -1.10356e-13  -3.65707e-13  -4.17e-13  -5.973e-14  -4.08718e-12  -3.0298e-12  -1.94977e-12  -8.28648e-12  -4.30656e-12  -2.11755e-11  -4.31102e-11  -1.06485e-10  -2.01599e-11  -6.42324e-11  -1.60135e-10  -1.45206e-10  -1.27695e-10  -4.68937e-10  -1.69817e-10  -1.06743e-9  -1.19012e-9  -1.08805e-9  -1.51478e-9  -1.73544e-9  -2.1753e-9  -3.77498e-9  -2.1177e-9  -2.72695e-9  -4.72322e-9  -3.99378e-9  -3.60653e-9  -3.17785e-9  -3.70834e-9  -3.92638e-9  -6.37829e-9  -5.99691e-9  -6.77999e-9  -6.70789e-9  -6.46105e-9  -5.71827e-9  -7.74906e-9  -8.16347e-9  -8.8555e-9  -1.40263e-8  -1.16623e-8  -1.10115e-8  -1.33054e-8  -8.68202e-9  -1.22735e-8  -1.70889e-8  -1.41242e-8  -1.91108e-8  -2.07279e-8  -1.83371e-8  -1.82534e-8  -3.03274e-8  -2.23023e-8  -2.01709e-8  -3.02067e-8  -2.3189e-8  -2.20129e-8  -2.16124e-8  -3.76182e-8  -2.82731e-8  -3.23801e-8  -2.8294e-8  -2.51218e-8  -3.0426e-8  -4.09154e-8  -4.03195e-8  -2.93599e-8  -4.25531e-8  -4.89582e-8  -4.24731e-8  -3.83485e-8  -5.63882e-8  -6.75934e-8  -3.43632e-8  -4.23554e-8  -4.64921e-8  -5.03259e-8  -5.27231e-8  -6.47925e-8  -6.82014e-8  -5.89499e-8  -6.04399e-8  -5.7772e-8  -6.32867e-8  -5.55164e-8  -8.12174e-8  -6.00072e-9  -8.61786e-8  -5.15629e-9  -8.54893e-8  -9.49842e-8  -6.71939e-9  -9.51656e-8  -7.3724e-8  -7.84548e-9  -7.8214e-9  -8.42301e-8  -6.80219e-9  -9.10743e-9  -7.40495e-9  -1.00691e-7  -9.54244e-9  -9.04842e-9  -7.92505e-9  -8.13798e-9  -9.28981e-9  -8.43764e-9  -9.64297e-9  -8.64295e-9  -1.02571e-8  -1.09585e-8  -1.28686e-8  -9.45365e-9  -1.10485e-8  -1.08859e-8  -1.32345e-8  -1.24362e-8  -1.22104e-8  -1.53485e-8  -1.11028e-8  -1.51619e-8  -1.29406e-8  -1.36988e-8  -1.23949e-8  -1.52967e-8  -1.07044e-8  -1.52128e-8  -1.50779e-8  -1.75801e-8  -1.61433e-8  -1.64853e-8  -1.88636e-8  -1.94149e-8  -1.54094e-8  -1.78736e-8  -2.09464e-8  -2.14069e-8  -1.89054e-8  -2.08806e-8  -2.07376e-8  -1.96116e-8  -2.55648e-8  -1.98998e-8  -2.56582e-8  -2.73181e-8  -2.37813e-8  -2.5175e-8  -2.17231e-8  -2.72594e-8  -2.67989e-8  -3.1126e-8  -2.74063e-8  -2.66652e-8  -3.44011e-8  -3.10228e-8  -3.11925e-8  -2.89252e-8  -2.80137e-8  -2.96507e-8  -2.75933e-8  -3.2557e-8  -3.75244e-8  -2.89607e-8  -3.23541e-8  -3.48062e-8  -2.8069e-8  -3.61039e-8  -3.90943e-8  -3.68445e-8  -3.44962e-8  -2.84642e-8  -3.12988e-8  -3.80748e-8  -3.11829e-8  -4.57277e-8  -3.96507e-8  -4.02073e-8  -3.93418e-8  -3.69826e-8  -3.99003e-8  -4.20351e-8  -4.21329e-8  -5.35234e-8  -5.39532e-8  -5.12561e-8  -5.05453e-8  -5.36097e-8  -5.10739e-8  -6.0328e-8  -4.82811e-8  -4.949e-8  -4.63258e-8  -5.74505e-8  -6.62001e-8  -5.10236e-8  -5.62955e-8  -6.09387e-8  -6.35353e-8  -5.27887e-8  -5.70807e-8  -6.67279e-8  -6.65508e-8  -4.55016e-8  -6.37032e-8  -6.08246e-8  -7.84541e-8  -6.99391e-8  -5.34625e-8  -7.15862e-8  -6.11421e-8  -7.51811e-8  -7.07265e-8  -9.27688e-8  -6.53644e-8  -7.819e-8  -6.75056e-8  -7.75203e-8  -8.19677e-8  -7.91597e-8  -7.60834e-8  -9.51979e-8  -1.05244e-7  -7.77828e-8  -9.3561e-8  -8.75316e-8  -1.1268e-7  -8.58137e-8  -9.83998e-8  -1.18039e-7  -9.17043e-8  -1.12401e-7  -8.79064e-8  -1.01368e-7  -1.04133e-7  -9.8786e-8  -1.05372e-7  -1.10906e-7  -9.88938e-8  -1.18587e-7  -1.29415e-7  -9.57144e-8  -1.26006e-7  -1.29601e-7  -1.6435e-7  -1.30813e-7  -1.27704e-7  -1.5924e-7  -1.65601e-7  -1.46336e-7  -1.55663e-7  -1.11897e-7  -1.37478e-7  -1.37216e-7  -1.47159e-7  -1.44474e-7  -1.34614e-7  -1.73848e-7  -1.70528e-7  -1.6193e-7  -1.66187e-7  -1.59543e-7  -1.54344e-7  -1.54863e-7  -1.40222e-7  -1.72461e-7  -1.68811e-7  -1.68306e-7  -1.65057e-7  -2.00517e-7  -2.01547e-7  -1.90202e-7  -1.77682e-7  -1.81444e-7  -1.70199e-7  -2.27051e-7  -2.36934e-7  -1.60031e-7  -2.12648e-7  -2.10564e-7  -1.88583e-7  -1.86407e-7  -2.06625e-7  -2.09957e-7  -1.99393e-7  -2.13805e-7  -1.80108e-7  -2.16143e-7  -2.54124e-7  -2.6473e-7  -2.14179e-7  -2.12419e-7  -2.37995e-7  -2.81773e-7  -2.39216e-7  -2.97171e-7  -2.13145e-7  -2.67024e-7  -3.0057e-7  -3.15584e-7  -2.48552e-7  -2.45928e-7  -2.58445e-7  -2.62871e-7  -3.0977e-7  -3.10372e-7  -2.59178e-7  -2.83839e-7  -2.9486e-7  -3.21918e-7  -3.44593e-7  -4.43515e-7  -2.9294e-7  -3.13325e-7  -2.93738e-7  -2.94411e-7  -3.72899e-7  -3.44146e-7  -3.96921e-7  