Processing molecule: formaldehyde
Running with beta = 25
Running with l = 60
Starting Davidson with n_aux = 400, l_buffer = 102, lc = 61, thresh = 0.0015, max_iter = 100
Iter 1: V_size = 32, Converged = 0, ‖r‖ (largest λ) = 0.8656922926223112
Iter 2: V_size = 64, Converged = 0, ‖r‖ (largest λ) = 0.18084421183679666
Iter 3: V_size = 128, Converged = 0, ‖r‖ (largest λ) = 0.060623910912410116
Iter 4: V_size = 230, Converged = 0, ‖r‖ (largest λ) = 0.06268156151612157
Iter 5: V_size = 332, Converged = 0, ‖r‖ (largest λ) = 0.5192649562677062
Iter 6: V_size = 196, Converged = 4, ‖r‖ (largest λ) = 0.14149573548580505
Iter 7: V_size = 294, Converged = 4, ‖r‖ (largest λ) = 0.03904652429545792
Iter 8: V_size = 392, Converged = 4, ‖r‖ (largest λ) = 0.02774786339453435
Iter 9: V_size = 84, Converged = 60, ‖r‖ (largest λ) = 0.01255148517034772
Hybrid Davidson-JD corrections at iteration 10
Iter 10: V_size = 126, Converged = 60, ‖r‖ (largest λ) = 0.0019196197295938168
Hybrid Davidson-JD corrections at iteration 11
Total MINRES iterations: 5
Iter 11: V_size = 168, Converged = 60, ‖r‖ (largest λ) = 0.0012179134013022605
Converged all required eigenvalues.
612.252059 seconds (3.08 M allocations: 148.247 GiB, 0.68% gc time, 3.46% compilation time)
Number of FLOPs: 4531721548555

Reading exact Eigenvalues...
Reading eigenvalues from ../../Eigenvalues_folder/eigenres_formaldehyde_RNDbasis1.jld2

Compute the difference between computed and exact eigenvalues:
1×60 adjoint(::Vector{Float64}) with eltype Float64:
 -7.10543e-15  1.06581e-14  -3.55271e-15  8.88178e-15  -3.55271e-15  -5.32907e-15  7.10543e-15  -1.06581e-14  -1.77636e-15  0.0  0.0  -1.77636e-15  8.88178e-16  8.88178e-16  0.0  -1.77636e-15  6.21725e-15  0.0  1.77636e-15  1.77636e-15  -8.88178e-16  0.0  1.77636e-15  -5.32907e-15  -8.88178e-16  -2.66454e-15  -1.77636e-15  0.0  0.0  3.55271e-15  -1.33227e-15  0.0  -2.66454e-15  2.22045e-15  3.55271e-15  -1.33227e-15  4.44089e-16  -8.88178e-16  -3.55271e-15  8.88178e-16  2.22045e-15  -7.10543e-15  -1.24345e-14  -2.66454e-14  -2.57572e-14  -2.75335e-14  -5.72875e-14  -1.00808e-13  -2.58016e-13  -2.7045e-13  -4.7029e-13  -2.71294e-12  -2.49178e-12  -1.36868e-12  -1.72351e-12  -1.29985e-12  4.44089e-16  -8.12728e-12  -1.24873e-11  -4.73466e-12
60 Eigenvalues converges, out of 60 requested.
Running with l = 300
Starting Davidson with n_aux = 750, l_buffer = 510, lc = 303, thresh = 0.002, max_iter = 100
Iter 1: V_size = 60, Converged = 0, ‖r‖ (largest λ) = 0.26486861963827185
Iter 2: V_size = 120, Converged = 0, ‖r‖ (largest λ) = 0.06605965136343936
Iter 3: V_size = 240, Converged = 0, ‖r‖ (largest λ) = 0.024614027791462368
Iter 4: V_size = 480, Converged = 0, ‖r‖ (largest λ) = 0.005532686722171159
Iter 5: V_size = 750, Converged = 1, ‖r‖ (largest λ) = 0.0006166304238302248
Iter 6: V_size = 750, Converged = 1, ‖r‖ (largest λ) = 0.0012158555155698824
Iter 7: V_size = 750, Converged = 1, ‖r‖ (largest λ) = 0.001980015522751753
Iter 8: V_size = 750, Converged = 94, ‖r‖ (largest λ) = 0.005670437113816669
Iter 9: V_size = 750, Converged = 94, ‖r‖ (largest λ) = 0.004200563367982366
Hybrid Davidson-JD corrections at iteration 10
Total MINRES iterations: 226
Iter 10: V_size = 750, Converged = 94, ‖r‖ (largest λ) = 0.003880463277911657
Hybrid Davidson-JD corrections at iteration 11
Total MINRES iterations: 33
Iter 11: V_size = 480, Converged = 270, ‖r‖ (largest λ) = 0.0021848428887322547
Hybrid Davidson-JD corrections at iteration 12
Total MINRES iterations: 825
Iter 12: V_size = 720, Converged = 270, ‖r‖ (largest λ) = 0.0016407799409604903
Hybrid Davidson-JD corrections at iteration 13
Total MINRES iterations: 825
Iter 13: V_size = 480, Converged = 270, ‖r‖ (largest λ) = 0.0014569982745219802
Converged all required eigenvalues.
5463.933350 seconds (42.79 M allocations: 2.573 TiB, 1.13% gc time, 0.04% compilation time)
Number of FLOPs: 24505259212954

Reading exact Eigenvalues...
Reading eigenvalues from ../../Eigenvalues_folder/eigenres_formaldehyde_RNDbasis1.jld2

Compute the difference between computed and exact eigenvalues:
1×300 adjoint(::Vector{Float64}) with eltype Float64:
 1.77636e-14  0.0  1.06581e-14  8.88178e-15  -3.55271e-15  -1.77636e-15  1.24345e-14  -1.24345e-14  1.77636e-15  0.0  -3.55271e-15  5.32907e-15  1.77636e-15  1.77636e-15  8.88178e-16  -1.77636e-15  8.88178e-16  -3.55271e-15  5.32907e-15  7.99361e-15  6.21725e-15  8.88178e-16  6.21725e-15  1.77636e-15  -8.88178e-15  -1.15463e-14  1.02141e-14  4.44089e-16  -3.10862e-15  3.9968e-15  2.22045e-15  -6.66134e-15  0.0  -7.10543e-15  7.10543e-15  9.32587e-15  2.22045e-15  0.0  4.44089e-16  -1.24345e-14  8.43769e-15  -9.32587e-15  9.32587e-15  -7.99361e-15  1.06581e-14  3.55271e-15  -1.33227e-15  6.21725e-15  -7.54952e-15  1.77636e-15  -3.55271e-15  1.19904e-14  -1.77636e-15  -1.46549e-14  6.66134e-15  1.55431e-14  -1.95399e-14  6.66134e-15  -4.88498e-15  -1.17684e-14  -1.42109e-14  8.21565e-15  -4.44089e-15  -2.24265e-14  7.10543e-15  9.54792e-15  -1.22125e-14  1.93179e-14  -2.06501e-14  1.77636e-15  -1.82077e-14  -6.43929e-15  1.13243e-14  -1.82077e-14  -1.73195e-14  1.33227e-15  -1.82077e-14  2.22045e-14  -2.19824e-14  -2.17604e-14  2.08722e-14  7.99361e-15  2.42029e-14  2.39808e-14  2.66454e-14  1.88738e-14  2.28706e-14  -7.10543e-15  6.66134e-16  -1.73195e-14  -1.19904e-14  8.88178e-15  -2.84217e-14  4.44089e-16  8.88178e-16  -1.19904e-14  -6.66134e-16  -4.44089e-16  2.22045e-16  8.88178e-16  -2.22045e-16  -4.44089e-16  0.0  4.44089e-16  2.22045e-16  -4.44089e-16  0.0  1.33227e-15  0.0  6.66134e-16  2.22045e-16  2.22045e-16  -8.88178e-16  2.22045e-16  2.22045e-16  0.0  8.88178e-16  2.22045e-16  2.22045e-16  -4.44089e-16  0.0  -2.22045e-16  -6.66134e-16  9.99201e-16  -1.11022e-16  -9.99201e-16  -6.66134e-16  -1.77636e-15  -2.55351e-15  -1.22125e-15  -1.77636e-15  -2.22045e-15  -6.21725e-15  -1.03251e-14  -1.09912e-14  -6.21725e-15  -9.21485e-15  -9.21485e-15  -1.18794e-14  -7.32747e-15  -9.99201e-15  -1.38778e-14  -2.38698e-14  -1.24345e-14  -1.79856e-14  -2.39808e-14  -1.92069e-14  -4.78506e-14  -2.07612e-14  -4.39648e-14  -5.08482e-14  -1.96509e-14  -3.14193e-14  -7.49401e-14  -5.42899e-14  -9.75886e-14  -1.68643e-13  -1.51101e-13  -2.04725e-13  -1.27121e-13  -4.87832e-13  -4.05564e-13  -4.20552e-13  -4.64628e-13  -3.99791e-13  -5.09814e-13  -4.18332e-13  -4.58189e-13  -1.16029e-12  -1.03562e-12  -6.07958e-13  -6.02185e-13  -6.83897e-13  -1.42109e-12  -1.13909e-12  -1.97675e-12  -2.03515e-12  -1.4736e-12  -1.54921e-12  -1.47249e-12  -2.13318e-12  -2.54641e-12  -5.68467e-12  -6.60294e-12  -3.52351e-12  -4.40969e-12  -4.81981e-12  -6.26554e-12  -6.17539e-12  -6.01741e-12  -3.86025e-12  -4.95015e-12  -6.81966e-12  -9.04044e-12  -1.16547e-11  -1.71174e-11  -8.23797e-12  -1.75936e-11  -9.861e-12  -1.72258e-11  -6.69576e-12  -1.64965e-11  -1.92613e-11  -1.65523e-11  -8.41038e-12  -1.72269e-11  -2.52588e-11  -3.55207e-11  -2.39114e-11  -3.73703e-11  -4.2272e-11  -2.39546e-11  -2.84754e-11  -4.39172e-11  -6.7526e-11  -4.09464e-11  -7.15014e-11  -5.52245e-11  -5.1964e-11  -3.8368e-11  -7.31028e-11  -1.62486e-7  -1.34816e-7  -1.66922e-7  -1.48398e-7  -2.14297e-7  -3.03071e-7  -2.73272e-7  -3.06241e-7  -2.33058e-7  -3.87848e-7  -3.32246e-7  -2.31454e-7  -3.13258e-7  -5.40824e-7  -2.02545e-7  -8.34088e-7  -8.54699e-7  -4.14784e-7  -9.1334e-7  -5.68568e-7  -6.43858e-7  -5.70774e-7  -5.39059e-7  -5.48785e-7  -1.1155e-6  -1.10364e-6  -9.35512e-7  -6.66141e-7  -1.79796e-6  -1.03955e-6  -1.195e-6  -1.26623e-6  -1.49738e-6  -9.20234e-7  -1.52639e-6  -1.74842e-6  -1.4847e-6  -3.00297e-6  -2.50332e-6  -2.46861e-6  -2.56503e-6  8.55194e-11  -1.74255e-6  -5.30816e-10  -3.40558e-6  -1.47734e-6  -2.98845e-11  2.31269e-11  -1.88086e-6  -2.92513e-6  -2.49916e-6  -3.36953e-6  1.11466e-9  4.34956e-11  -3.7489e-6  5.63986e-10  2.17224e-10  2.58358e-9  4.93571e-10  2.20247e-10  9.50885e-10  3.65997e-10  2.63957e-10  3.54103e-10  1.94673e-10  2.52262e-10  2.24608e-10  4.77002e-10  3.34609e-10  6.08067e-10  3.26326e-10  1.85364e-10  3.95513e-10  5.03029e-10  2.0077e-10  4.30286e-10  2.83503e-10  1.26941e-10  3.56232e-10
300 Eigenvalues converges, out of 300 requested.
Running with l = 600
Starting Davidson with n_aux = 1500, l_buffer = 1020, lc = 606, thresh = 0.0025, max_iter = 100
Iter 1: V_size = 120, Converged = 0, ‖r‖ (largest λ) = 0.10358086508213564
Iter 2: V_size = 240, Converged = 0, ‖r‖ (largest λ) = 0.025588054618247306
Iter 3: V_size = 480, Converged = 0, ‖r‖ (largest λ) = 0.005422886881735896
Iter 4: V_size = 960, Converged = 0, ‖r‖ (largest λ) = 0.0006278081963591829
Iter 5: V_size = 1500, Converged = 3, ‖r‖ (largest λ) = 3.7478202962562267e-5
Iter 6: V_size = 1500, Converged = 3, ‖r‖ (largest λ) = 7.077734841688989e-5
Iter 7: V_size = 1500, Converged = 3, ‖r‖ (largest λ) = 8.495753045447901e-5
Iter 8: V_size = 1500, Converged = 153, ‖r‖ (largest λ) = 0.00010078780391573579
Iter 9: V_size = 1500, Converged = 153, ‖r‖ (largest λ) = 0.00017360307392720923
Hybrid Davidson-JD corrections at iteration 10
Total MINRES iterations: 816
Iter 10: V_size = 1500, Converged = 153, ‖r‖ (largest λ) = 0.0002127445729575297
Hybrid Davidson-JD corrections at iteration 11
Total MINRES iterations: 1245
Iter 11: V_size = 1360, Converged = 340, ‖r‖ (largest λ) = 0.00013689785014216153
Hybrid Davidson-JD corrections at iteration 12
Total MINRES iterations: 2692
Iter 12: V_size = 1360, Converged = 340, ‖r‖ (largest λ) = 8.623595134016527e-5
Hybrid Davidson-JD corrections at iteration 13
Total MINRES iterations: 327
Iter 13: V_size = 1360, Converged = 340, ‖r‖ (largest λ) = 6.558333196728513e-5
Converged all required eigenvalues.
17960.633856 seconds (177.80 M allocations: 10.702 TiB, 1.34% gc time, 0.02% compilation time)
Number of FLOPs: 58150141399259

Reading exact Eigenvalues...
Reading eigenvalues from ../../Eigenvalues_folder/eigenres_formaldehyde_RNDbasis1.jld2

Compute the difference between computed and exact eigenvalues:
1×600 adjoint(::Vector{Float64}) with eltype Float64:
 -2.84217e-14  0.0  3.90799e-14  1.06581e-14  -1.77636e-15  0.0  7.10543e-15  -1.06581e-14  1.77636e-15  3.55271e-15  8.88178e-16  -2.66454e-15  1.77636e-15  3.55271e-15  0.0  0.0  2.66454e-15  -8.88178e-16  8.88178e-16  -8.88178e-16  2.66454e-15  -1.77636e-15  -1.77636e-15  -1.77636e-15  3.55271e-15  -4.44089e-15  5.77316e-15  -1.77636e-15  -2.66454e-15  8.88178e-16  -4.44089e-16  -4.44089e-16  4.44089e-15  -2.66454e-15  2.22045e-15  0.0  -1.33227e-15  -4.44089e-16  4.44089e-16  0.0  3.10862e-15  3.10862e-15  3.55271e-15  3.55271e-15  8.88178e-16  4.44089e-16  -8.88178e-16  -4.44089e-15  2.22045e-15  4.44089e-16  -2.66454e-15  -5.32907e-15  1.77636e-15  -8.88178e-16  4.44089e-16  1.77636e-15  0.0  2.22045e-15  4.44089e-16  5.77316e-15  6.66134e-16  8.88178e-16  -6.21725e-15  -5.9952e-15  1.77636e-15  4.21885e-15  -1.55431e-15  6.43929e-15  -2.22045e-15  -3.77476e-15  6.66134e-16  -3.77476e-15  1.33227e-15  -4.66294e-15  -4.44089e-15  0.0  3.77476e-15  3.33067e-15  6.66134e-16  2.22045e-15  -6.88338e-15  5.55112e-15  -3.77476e-15  -2.22045e-15  -2.22045e-15  2.44249e-15  -4.44089e-16  -1.55431e-15  7.99361e-15  -2.66454e-15  1.33227e-15  2.88658e-15  -1.9984e-15  -1.33227e-15  1.55431e-15  -4.21885e-15  -2.88658e-15  4.44089e-15  8.88178e-16  1.9984e-15  -2.22045e-16  -1.55431e-15  3.55271e-15  4.44089e-16  5.77316e-15  -4.21885e-15  -2.22045e-15  4.66294e-15  6.66134e-16  2.44249e-15  -1.33227e-15  4.44089e-16  2.44249e-15  5.32907e-15  -9.76996e-15  -3.10862e-15  -3.33067e-15  -3.77476e-15  -7.99361e-15  -5.9952e-15  -6.62803e-13  -3.48943e-13  -4.01601e-12  -6.88449e-12  -7.31593e-12  -1.72323e-11  -4.50385e-10  -8.55774e-10  -2.78967e-9  -2.0414e-9  -1.3825e-9  -3.67986e-9  -1.76584e-9  -6.78872e-9  -4.45084e-9  -4.23282e-9  -6.98284e-9  -1.40842e-8  -1.21506e-8  -1.09304e-8  -1.38194e-8  -1.32312e-8  -1.21556e-8  -2.47401e-8  -9.70759e-9  -1.38609e-8  -2.63229e-8  -3.03179e-8  -2.03471e-8  -1.56183e-8  -8.88178e-15  -3.43493e-8  -1.61987e-8  5.77316e-15  -3.67981e-8  4.77396e-15  3.55271e-15  1.66533e-15  6.21725e-15  1.65423e-14  1.21014e-14  5.88418e-15  8.54872e-15  6.55032e-15  1.74305e-14  7.77156e-15  2.09832e-14  8.10463e-15  1.69864e-14  7.66054e-15  1.69864e-14  4.88498e-15  5.88418e-15  3.69704e-14  1.27676e-14  1.14353e-14  3.15303e-14  8.54872e-15  1.21014e-14  8.43769e-15  2.13163e-14  2.77556e-14  5.44009e-15  2.54241e-14  2.60902e-14  1.58762e-14  2.19824e-14  2.36478e-14  1.62093e-14  7.66054e-15  3.01981e-14  1.16573e-14  1.79856e-14  1.24345e-14  1.22125e-14  1.4988e-14  5.77316e-14  2.5091e-14  3.67484e-14  6.16174e-14  8.99281e-15  2.44249e-14  4.55191e-14  1.02141e-14  1.57652e-14  1.88738e-14  2.78666e-14  2.498e-14  3.53051e-14  1.90958e-14  8.87068e-14  1.44218e-13  1.57652e-14  4.29656e-14  1.39333e-14  2.14828e-14  5.85088e-14  4.10783e-14  5.78426e-14  2.75335e-14  3.96905e-14  5.79536e-14  5.9952e-14  2.54241e-14  8.87623e-14  3.78586e-14  7.92699e-14  4.39093e-14  2.29816e-13  1.67089e-14  7.54952e-14  8.26561e-14  6.36158e-14  1.03695e-13  2.07889e-13  2.40141e-13  2.49245e-14  1.16629e-13  3.33067e-14  5.09592e-14  8.6875e-14  9.63118e-14  3.88578e-14  1.22125e-15  9.88654e-14  4.29989e-13  2.03948e-13  9.21485e-14  1.20237e-13  -3.60822e-15  4.37983e-14  6.93334e-14  -7.43849e-15  5.56777e-14  8.4599e-14  3.08364e-13  2.9865e-14  9.17599e-14  2.46858e-13  2.9754e-14  1.02807e-13  -1.97065e-14  3.88023e-14  -8.34888e-14  -4.4964e-14  -4.19664e-14  1.69975e-13  1.50546e-13  3.95239e-14  -7.51066e-14  8.28781e-14  2.56684e-13  -3.24074e-13  -2.43472e-13  -2.45914e-14  3.71814e-13  -3.03979e-13  -1.19238e-13  -2.06224e-13  -7.56839e-13  -5.3646e-13  -3.9263e-13  -8.80407e-14  -6.00131e-13  -3.16469e-13  -1.46771e-13  -1.01585e-12  1.30951e-13  -3.13471e-13  -6.15064e-13  -4.39704e-13  -4.57245e-13  -1.25955e-13  -8.5526e-13  -7.06712e-13  -1.07431e-12  -8.42937e-13  -1.05549e-12  -8.89511e-13  -3.08253e-13  -1.01713e-12  -1.06781e-12  9.66449e-14  -1.34942e-12  -1.43613e-12  -1.38339e-12  -2.51393e-12  -2.24198e-12  -3.676e-12  -2.49084e-12  -3.19805e-12  -4.06408e-12  -4.84213e-12  -2.24282e-12  -5.2342e-12  -5.26762e-12  -6.14475e-12  -6.9062e-12  -4.10016e-12  -4.9078e-12  -3.93707e-12  -4.31088e-12  -7.852e-12  -9.72639e-12  -5.17941e-12  -1.43957e-11  -4.09722e-12  -1.0387e-11  6.60116e-12  -7.03171e-12  -1.30562e-11  -9.93106e-12  -1.25918e-11  -1.07241e-11  -9.01068e-12  3.87393e-12  -1.01916e-11  -8.98531e-12  -1.44751e-11  6.5068e-12  -1.25668e-11  9.73971e-12  -1.29588e-11  9.97796e-12  -1.50114e-11  9.83152e-12  4.25449e-12  4.25823e-12  1.11465e-11  7.47977e-12  4.43065e-12  1.8117e-11  5.17081e-12  6.90792e-12  1.2824e-11  5.5437e-12  2.06228e-11  8.64067e-12  3.69754e-12  8.46456e-12  1.4313e-11  9.4095e-12  2.18893e-11  5.90195e-12  9.72256e-12  1.0139e-11  1.35039e-11  1.39895e-11  8.78642e-12  6.14767e-12  1.32667e-11  6.4703e-12  1.32825e-11  2.3345e-11  2.37916e-11  2.77183e-11  3.45098e-11  2.58737e-11  1.7565e-11  1.91522e-11  1.36084e-11  1.93615e-11  1.93801e-11  6.79837e-12  9.6404e-12  1.13922e-11  7.67328e-12  1.97186e-11  1.9073e-11  3.47887e-11  1.19985e-11  1.82627e-11  1.17961e-11  3.79319e-11  1.65115e-11  1.16158e-11  2.38756e-11  3.04974e-11  1.88564e-11  1.82137e-11  2.80641e-11  3.12548e-11  1.55132e-11  1.62866e-11  1.86064e-11  2.01799e-11  1.00364e-11  2.52554e-11  3.16346e-11  9.18596e-12  1.89579e-11  1.25321e-11  3.0404e-11  1.74722e-11  2.01452e-11  1.57281e-11  8.71953e-12  1.43008e-11  1.67613e-11  3.48536e-11  2.39128e-11  1.87784e-11  1.0429e-11  2.01071e-11  1.1474e-11  6.16134e-11  1.42126e-11  2.77382e-11  2.49948e-11  1.93585e-11  1.9529e-11  1.59037e-11  1.85892e-11  2.29529e-11  1.37506e-11  3.70955e-11  1.72239e-11  1.64903e-11  2.98622e-11  3.39e-11  2.32201e-11  7.87645e-12  1.85438e-11  1.86903e-11  3.8582e-11  2.55536e-11  1.44439e-11  1.25643e-11  1.75957e-11  7.17632e-12  2.31788e-11  1.50655e-11  1.54874e-11  2.47996e-11  2.95487e-11  3.51928e-11  2.39444e-11  3.88203e-11  1.60519e-11  2.88529e-11  1.84949e-11  3.59053e-11  1.1509e-11  1.64144e-11  1.4646e-11  1.58485e-11  1.77364e-11  1.98522e-11  4.59535e-11  4.76155e-11  2.8484e-11  2.39214e-11  2.40412e-11  1.72872e-11  3.63111e-11  1.84834e-11  2.92606e-11  4.28166e-11  2.83139e-11  3.40968e-11  1.53313e-11  2.45587e-11  3.62867e-11  3.62575e-11  2.02992e-11  1.00613e-10  2.66291e-11  8.68425e-11  4.17574e-11  9.73439e-11  7.5e-11  7.77649e-11  4.86939e-11  7.3104e-11  6.60362e-11  1.68938e-10  7.1215e-11  2.93638e-11  1.20254e-10  9.70335e-11  8.92991e-11  1.03502e-10  1.42007e-10  5.76967e-11  5.14405e-11  9.22066e-11  1.17207e-10  1.07426e-10  8.87414e-11  1.13571e-10  9.6587e-11  9.21777e-11  3.96786e-11  1.09875e-10  1.53852e-10  1.16638e-10  1.61799e-10  1.19742e-10  1.01202e-10  1.52749e-10  6.82039e-11  1.5002e-10  1.28685e-10  1.43134e-10  9.4645e-11  1.21761e-10  9.53994e-11  1.38006e-10  2.16994e-10  1.05211e-10  2.00032e-10  1.96824e-10  3.05784e-10  6.82772e-11  1.4894e-10  1.41638e-10  1.78314e-10  1.34151e-10  6.70481e-10  2.28369e-10  2.19966e-10  1.4843e-10  1.34173e-10  9.7964e-11  8.77581e-11  1.38569e-10  2.26546e-10  2.23845e-10  5.13903e-10  1.72541e-10  1.99057e-10  1.553e-10  2.89508e-10  3.9234e-10  3.61287e-10  2.67551e-10  1.81116e-10  2.97644e-10  4.56134e-10  4.246e-10  1.8107e-10  4.4968e-10  2.31572e-10  3.38278e-10  4.69799e-10  2.2896e-10  2.72878e-10  3.85978e-10  3.47226e-10  1.9732e-10  4.08091e-10  2.64785e-10  4.02515e-10  3.24217e-10  2.19758e-10  3.45645e-10  1.71212e-10  6.17278e-10  3.30658e-10  5.63933e-10  3.09411e-10  3.81416e-10  2.99858e-10  3.43169e-10  4.77964e-10  3.98319e-10  8.51822e-10  3.2656e-10  3.78277e-10  7.706e-10  4.70276e-10  5.73703e-10  1.11675e-9  5.05154e-10  2.441e-10  3.05864e-10  5.15743e-10  5.2763e-10  3.58906e-10  7.01019e-10
600 Eigenvalues converges, out of 600 requested.
Running with l = 1200
Starting Davidson with n_aux = 3000, l_buffer = 2040, lc = 1212, thresh = 0.003, max_iter = 100
Iter 1: V_size = 240, Converged = 0, ‖r‖ (largest λ) = 0.032488483234252935
Iter 2: V_size = 480, Converged = 0, ‖r‖ (largest λ) = 0.005894022566926656
Iter 3: V_size = 960, Converged = 0, ‖r‖ (largest λ) = 0.0006631194141480979
Iter 4: V_size = 1920, Converged = 0, ‖r‖ (largest λ) = 3.7134725888781206e-5
Iter 5: V_size = 3000, Converged = 10, ‖r‖ (largest λ) = 9.1695993363148e-7
Iter 6: V_size = 3000, Converged = 10, ‖r‖ (largest λ) = 1.6804667863220608e-6
Iter 7: V_size = 3000, Converged = 10, ‖r‖ (largest λ) = 2.0448001435925187e-6
Iter 8: V_size = 3000, Converged = 181, ‖r‖ (largest λ) = 2.1402004616410554e-6
Iter 9: V_size = 3000, Converged = 181, ‖r‖ (largest λ) = 5.353044305603393e-6
Hybrid Davidson-JD corrections at iteration 10
Total MINRES iterations: 12922
Iter 10: V_size = 3000, Converged = 181, ‖r‖ (largest λ) = 6.057665660124575e-6
Hybrid Davidson-JD corrections at iteration 11
Total MINRES iterations: 325
Iter 11: V_size = 1682, Converged = 1199, ‖r‖ (largest λ) = 2.6910451092730543e-5
Hybrid Davidson-JD corrections at iteration 12
Iter 12: V_size = 2523, Converged = 1199, ‖r‖ (largest λ) = 1.3978023710678924e-5
Hybrid Davidson-JD corrections at iteration 13
Iter 13: V_size = 1682, Converged = 1199, ‖r‖ (largest λ) = 8.567526755007212e-6
Converged all required eigenvalues.
46761.598895 seconds (671.63 M allocations: 39.560 TiB, 1.66% gc time, 0.05% compilation time)
Number of FLOPs: 132987245009446

Reading exact Eigenvalues...
Reading eigenvalues from ../../Eigenvalues_folder/eigenres_formaldehyde_RNDbasis1.jld2

Compute the difference between computed and exact eigenvalues:
1×1200 adjoint(::Vector{Float64}) with eltype Float64:
 0.0  2.4869e-14  1.06581e-14  1.06581e-14  -3.55271e-15  -3.55271e-15  1.06581e-14  -1.42109e-14  0.0  -5.32907e-15  -1.77636e-15  2.66454e-15  -1.77636e-15  1.77636e-15  -1.77636e-15  0.0  8.88178e-16  3.55271e-15  2.66454e-15  -1.77636e-15  8.88178e-16  8.88178e-16  -8.88178e-16  -1.77636e-15  -1.77636e-15  -5.32907e-15  4.44089e-16  8.88178e-16  -4.44089e-16  4.44089e-16  4.44089e-16  -4.44089e-16  1.33227e-15  -2.22045e-15  -4.44089e-16  1.77636e-15  -2.66454e-15  8.88178e-16  5.77316e-15  8.88178e-16  2.22045e-15  -1.77636e-15  -2.22045e-15  -1.77636e-15  8.88178e-16  -3.55271e-15  -1.77636e-15  -8.88178e-16  -2.22045e-15  1.77636e-15  4.44089e-16  -4.44089e-16  -2.22045e-15  1.77636e-15  4.44089e-16  -8.88178e-16  -2.22045e-15  -8.88178e-16  1.33227e-15  0.0  0.0  -1.55431e-15  2.22045e-15  -1.55431e-15  -2.22045e-15  2.66454e-15  -1.33227e-15  1.9984e-15  8.88178e-16  1.11022e-15  0.0  2.44249e-15  -1.9984e-15  -3.33067e-15  -2.88658e-15  1.33227e-15  3.55271e-15  1.55431e-15  -1.11022e-15  1.9984e-15  1.77636e-15  -4.44089e-16  -1.55431e-15  6.66134e-16  2.66454e-15  4.44089e-16  2.66454e-15  4.44089e-16  -2.66454e-15  -2.22045e-15  0.0  -3.10862e-15  8.88178e-16  2.66454e-15  8.88178e-16  -4.44089e-16  1.11022e-15  -1.11022e-15  -1.77636e-15  2.44249e-15  -2.44249e-15  -6.66134e-16  -8.88178e-16  -2.44249e-15  4.44089e-15  1.55431e-15  -2.22045e-15  -2.22045e-16  6.66134e-16  -1.11022e-15  -3.10862e-15  1.11022e-15  2.66454e-15  -1.77636e-15  -2.44249e-15  1.11022e-15  -2.44249e-15  -1.55431e-15  3.55271e-15  -3.77476e-15  -2.44249e-15  1.9984e-15  0.0  -1.22125e-15  3.10862e-15  1.66533e-15  -1.55272e-11  -6.62735e-11  -5.05063e-11  -7.27349e-11  -1.32648e-10  -2.09087e-10  -6.52917e-10  -7.33937e-10  -3.34552e-10  -5.39077e-10  -1.42296e-9  -1.62e-9  -6.34497e-10  -1.42153e-9  -2.02897e-9  -1.70095e-9  -1.41836e-9  -1.34813e-9  -1.5756e-9  -2.55721e-9  -2.55273e-9  -3.84821e-9  -3.63813e-9  -3.30733e-9  -3.03017e-9  -7.07369e-9  -5.06987e-9  -2.77705e-9  -4.22159e-9  -1.04069e-8  -5.84356e-9  -1.09023e-8  -9.84083e-9  -7.35907e-9  -9.7343e-9  -1.20277e-8  -1.2996e-8  -2.26001e-8  -1.90335e-8  -1.38463e-8  -1.30618e-8  -1.65605e-8  -2.49256e-8  -1.53792e-8  -1.22419e-8  -1.9412e-8  -2.67625e-8  -3.48664e-8  -1.98698e-8  8.43769e-15  -4.15626e-8  3.16414e-14  -2.89056e-8  -2.46827e-8  -4.31766e-8  -3.73386e-8  -4.42979e-14  -3.98853e-8  1.62093e-14  1.37668e-14  1.08802e-14  1.08802e-14  1.0103e-14  1.02141e-14  1.40998e-14  2.37588e-14  9.10383e-15  1.23235e-14  1.26565e-14  1.45439e-14  7.32747e-15  9.99201e-15  1.06581e-14  1.60982e-14  4.996e-15  1.76525e-14  5.77316e-15  3.21965e-15  1.31006e-14  1.38778e-14  3.07532e-14  1.26565e-14  7.88258e-15  2.36478e-14  1.22125e-14  1.78746e-14  1.84297e-14  4.21885e-15  2.7478e-14  1.27121e-14  1.05471e-14  2.44249e-15  6.71685e-15  6.60583e-15  7.10543e-15  8.49321e-15  9.88098e-15  1.60982e-14  1.72085e-14  1.5099e-14  9.15934e-15  6.82787e-15  5.93969e-15  2.73115e-14  6.4948e-15  3.60822e-15  1.36557e-14  1.31561e-14  4.44089e-14  2.22045e-14  2.05946e-14  2.15383e-14  1.21014e-14  1.53766e-14  2.56462e-14  1.28231e-14  1.9762e-14  3.05866e-14  4.31877e-14  2.39253e-14  1.89848e-14  2.86438e-14  9.82547e-15  1.28231e-14  1.17129e-14  2.68119e-14  4.50751e-14  6.9833e-14  2.05391e-14  2.32037e-14  2.51466e-14  3.90243e-14  7.04437e-14  4.10783e-14  5.58442e-14  3.92464e-14  3.13083e-14  4.45199e-14  2.33702e-14  4.92939e-14  5.49005e-14  4.92384e-14  3.84137e-14  4.90719e-14  2.76446e-14  4.90719e-14  4.60743e-14  4.72955e-14  5.46785e-14  3.78586e-14  5.10147e-14  2.20934e-14  2.9976e-14  9.62008e-14  3.84137e-14  1.08247e-13  1.0103e-13  7.62168e-14  7.11653e-14  4.79616e-14  5.35127e-14  3.31402e-14  8.02691e-14  4.18554e-14  1.0858e-13  2.70284e-13  1.21292e-13  1.24123e-13  4.45199e-14  7.7327e-14  1.60372e-13  5.10703e-14  2.92544e-14  8.17124e-14  1.44051e-13  7.96585e-14  1.94345e-13  1.18461e-13  6.78346e-14  1.47604e-13  1.88904e-13  1.71363e-13  1.14853e-13  9.24816e-14  5.7232e-14  7.54952e-14  6.27276e-14  1.31117e-13  2.0961e-13  8.9706e-14  3.01925e-13  2.06224e-13  2.7589e-13  2.79277e-13  1.14408e-13  3.57547e-13  1.40499e-13  5.7232e-14  1.21625e-13  1.35059e-13  1.244e-13  1.75193e-13  1.75082e-13  1.61732e-13  1.83548e-13  3.63987e-13  1.93207e-13  1.43829e-13  8.49043e-14  3.93297e-13  2.22017e-13  1.78024e-13  3.11057e-13  1.72057e-13  3.28515e-13  8.45018e-13  1.0314e-13  1.79468e-13  2.02255e-13  3.36786e-13  4.0723e-13  1.33032e-13  4.75286e-13  2.28512e-13  2.45581e-13  4.8897e-13  6.31883e-13  3.41893e-13  2.56489e-13  4.81726e-13  3.07865e-13  4.76175e-13  6.52756e-13  7.86066e-13  6.70936e-13  5.05623e-13  1.81161e-13  3.91381e-13  2.72338e-13  4.61686e-13  1.23773e-12  3.31485e-13  1.22272e-12  1.14542e-12  6.60944e-13  1.42822e-12  2.49828e-13  4.6721e-13  5.22332e-13  3.93824e-13  7.3791e-13  1.49622e-12  7.91867e-13  1.0765e-12  9.81631e-13  1.71793e-12  8.05217e-13  8.11629e-13  7.46903e-13  1.29508e-12  8.64114e-13  1.83006e-12  9.06969e-13  1.88269e-12  4.96209e-12  1.81202e-12  1.67943e-12  2.19003e-12  2.60808e-12  1.92832e-12  2.849e-12  2.22641e-12  2.84864e-12  2.00159e-12  2.50489e-12  3.49631e-12  1.08313e-12  1.34368e-12  2.31468e-12  2.0931e-12  2.63128e-12  2.75402e-12  5.7499e-12  1.37851e-12  2.40971e-12  4.16348e-12  2.16827e-12  4.4218e-12  5.53782e-12  5.26049e-12  5.57557e-12  4.12648e-12  2.5063e-12  2.1125e-12  3.43148e-12  5.24208e-12  8.38829e-12  2.03718e-12  1.03763e-11  3.52224e-12  5.58467e-12  5.58534e-12  9.82647e-12  3.90776e-12  1.10403e-11  5.80358e-12  6.55767e-12  4.13156e-12  6.09585e-12  9.72494e-12  3.71725e-12  7.33283e-12  6.24056e-12  3.61644e-12  3.53764e-12  1.52574e-11  6.18097e-12  1.60549e-11  1.12913e-11  6.13637e-12  1.43684e-11  6.3001e-12  1.47376e-11  5.70702e-12  1.23015e-11  9.99692e-12  1.00956e-11  8.78134e-12  9.59247e-12  1.1712e-11  1.15329e-11  9.45488e-12  9.98904e-12  1.18302e-11  9.36967e-12  1.10603e-11  1.46055e-11  8.48296e-12  6.65812e-12  1.60343e-11  1.56171e-11  7.29755e-12  1.44154e-11  1.55068e-11  1.40997e-11  2.67879e-11  1.01709e-11  8.62982e-12  2.79211e-11  1.24045e-11  1.43385e-11  1.52568e-11  1.26335e-11  4.88205e-12  1.39722e-11  1.91221e-11  2.07069e-11  1.02002e-11  1.47672e-11  1.18441e-11  8.60015e-12  1.01352e-11  8.22237e-12  9.16613e-12  1.4976e-11  1.73868e-11  7.74331e-12  1.21469e-11  -1.89184e-7  -1.91938e-7  -1.77962e-7  -1.87897e-7  -1.88044e-7  -1.50054e-7  -1.69276e-7  -1.82821e-7  -1.77083e-7  -1.73535e-7  -1.51416e-7  -2.12682e-7  -1.95652e-7  -2.45048e-7  -1.90644e-7  -1.94146e-7  -2.28549e-7  -1.78425e-7  -2.32023e-7  -2.75997e-7  -2.71849e-7  -2.84562e-7  -2.7943e-7  -2.63982e-7  -2.75986e-7  -2.85631e-7  -3.19539e-7  -2.50952e-7  -2.49851e-7  -2.53397e-7  -2.76793e-7  -3.29878e-7  -3.29801e-7  -2.35536e-7  -3.48017e-7  -3.19617e-7  -3.56272e-7  -2.99267e-7  -3.35432e-7  -3.04302e-7  -3.17501e-7  -3.46269e-7  -3.97077e-7  -2.72289e-7  -4.39176e-7  -4.272e-7  -4.30573e-7  -4.14571e-7  -3.8051e-7  -3.15971e-7  -4.963e-7  -4.60112e-7  -3.7118e-7  -4.77601e-7  -4.1276e-7  -3.68692e-7  -4.75321e-7  -4.73711e-7  -4.86648e-7  -7.04955e-7  -4.78172e-7  -5.21185e-7  -5.84247e-7  -5.3578e-7  -6.0015e-7  -4.15755e-7  -5.77181e-7  -4.87635e-7  -4.00238e-7  -6.25057e-7  -5.8597e-7  -5.55343e-7  -5.61845e-7  -5.50858e-7  -6.81274e-7  -5.40121e-7  -5.28766e-7  -5.04062e-7  -6.80395e-7  -6.77323e-7  -6.27008e-7  -7.31567e-7  -8.32144e-7  -6.97072e-7  -7.76449e-7  -7.15507e-7  -6.10499e-7  -7.73826e-7  -6.50006e-7  -7.85522e-7  -7.77422e-7  -8.91202e-7  -7.42871e-7  -7.96621e-7  -8.67665e-7  -9.48234e-7  -8.84973e-7  -8.81086e-7  -7.93617e-7  -8.98789e-7  -1.11685e-6  -1.11999e-6  -9.87534e-7  -8.83661e-7  -9.46405e-7  -8.05213e-7  -9.92755e-7  -1.03659e-6  -8.84917e-7  -8.76159e-7  -9.15582e-7  -1.06819e-6  -9.08562e-7  -1.3057e-6  -1.27609e-6  -1.21001e-6  -1.0781e-6  -1.05251e-6  -1.08181e-6  -1.01112e-6  -9.9568e-7  -1.16013e-6  -1.24743e-6  -9.78232e-7  -1.25484e-6  -1.28952e-6  -1.37577e-6  -1.20919e-6  -9.43059e-7  -1.08623e-6  -1.21275e-6  -1.33526e-6  -1.33142e-6  -1.3494e-6  -1.32385e-6  -1.45957e-6  -1.28064e-6  -1.3708e-6  -1.49831e-6  -1.41171e-6  -1.3357e-6  -1.31403e-6  -1.3429e-6  -1.55581e-6  -1.5759e-6  -1.77316e-6  -1.39542e-6  -1.55915e-6  -1.7488e-6  -1.66778e-6  -1.50055e-6  -1.59865e-6  -1.91339e-6  -1.41183e-6  -1.5013e-6  -1.72273e-6  -1.60637e-6  -1.60558e-6  -1.80575e-6  -1.72104e-6  -1.7413e-6  -1.57211e-6  -1.4102e-6  -2.00814e-6  -1.70742e-6  -1.98738e-6  -1.59547e-6  -1.74296e-6  -1.77781e-6  -1.63173e-6  -1.75102e-6  -1.79948e-6  -1.90587e-6  -1.7362e-6  -1.91381e-6  -1.79716e-6  -1.81977e-6  -1.79856e-6  -1.92739e-6  -2.27393e-6  -2.16578e-6  -1.99351e-6  -2.00044e-6  -2.08179e-6  -1.97119e-6  -2.26324e-6  -2.1706e-6  -1.83072e-6  -2.42314e-6  -2.11939e-6  -2.43152e-6  -2.11862e-6  -1.98448e-6  -2.08506e-6  -1.82349e-6  -1.98692e-6  -2.36124e-6  -2.04017e-6  -2.19905e-6  -1.97618e-6  -2.36556e-6  -2.35465e-6  -2.11833e-6  -2.14513e-6  -2.36241e-6  -2.21061e-6  -2.19473e-6  -2.3875e-6  -2.49245e-6  -2.26834e-6  -2.40687e-6  -2.42604e-6  -2.39833e-6  -2.23209e-6  -2.40038e-6  -2.32924e-6  -2.51038e-6  -2.60482e-6  -2.21886e-6  -2.30755e-6  -2.16414e-6  -2.42139e-6  -2.63464e-6  -2.61267e-6  -3.1845e-6  -2.46107e-6  -2.47624e-6  -2.67548e-6  -2.27773e-6  -2.58904e-6  -2.79151e-6  -2.26468e-6  -2.45674e-6  -2.55683e-6  -2.65099e-6  -2.6226e-6  -2.86518e-6  -2.4047e-6  -2.45392e-6  -2.50855e-6  -2.49773e-6  -2.52194e-6  -2.68761e-6  -2.68399e-6  -2.68861e-6  -2.45599e-6  -2.61966e-6  -2.79307e-6  -2.75691e-6  -3.04274e-6  -3.11782e-6  -2.48689e-6  -2.89861e-6  -3.03284e-6  -2.80904e-6  -2.95552e-6  -2.66161e-6  -2.8008e-6  -2.78459e-6  -2.67826e-6  -3.1545e-6  -2.92046e-6  -3.36111e-6  -3.0522e-6  -2.67697e-6  -3.08909e-6  -3.23467e-6  -2.91159e-6  -2.65012e-6  -2.6913e-6  -3.13455e-6  -2.75709e-6  -3.14187e-6  -2.47278e-6  -2.89795e-6  -2.51165e-6  -3.12866e-6  -2.92124e-6  -3.1041e-6  -2.98938e-6  -2.99376e-6  -2.80351e-6  -2.97491e-6  -2.75213e-6  -2.9583e-6  -3.13781e-6  -2.94229e-6  -2.96497e-6  -2.83567e-6  -2.95806e-6  -3.01926e-6  -2.90054e-6  -3.10315e-6  -3.01547e-6  -2.85817e-6  -3.21483e-6  -3.12263e-6  -3.12172e-6  -2.84427e-6  -3.14601e-6  -2.9164e-6  -3.20966e-6  -2.68728e-6  -3.35748e-6  -3.23765e-6  -2.80031e-6  -3.36183e-6  -3.08987e-6  -2.97098e-6  -3.03382e-6  -3.2617e-6  -3.03457e-6  -3.45935e-6  -3.7338e-6  -2.81506e-6  -3.15001e-6  -2.77634e-6  -3.2626e-6  -3.38061e-6  -2.99716e-6  -3.34452e-6  -3.23407e-6  -3.04898e-6  -3.06496e-6  -3.17927e-6  -2.88014e-6  -3.47611e-6  -3.31654e-6  -3.09272e-6  -3.12953e-6  -3.21658e-6  -3.58703e-6  -3.41894e-6  -3.57712e-6  -3.19679e-6  -3.18447e-6  -3.50922e-6  -3.10453e-6  -2.81388e-6  -3.40029e-6  -3.21538e-6  -3.02766e-6  -3.35588e-6  -3.00493e-6  -3.41029e-6  -3.48368e-6  -3.56064e-6  -3.65577e-6  -3.4081e-6  -3.27604e-6  -3.44409e-6  -3.44567e-6  -3.55201e-6  -3.6252e-6  -3.3462e-6  -3.16259e-6  -3.28587e-6  -3.48249e-6  -3.52242e-6  -3.27321e-6  -3.42078e-6  -3.54053e-6  -3.546e-6  -3.64693e-6  -3.39463e-6  -3.41673e-6  -3.44697e-6  -3.59652e-6  -3.4712e-6  -3.55272e-6  -3.31857e-6  -3.37813e-6  -3.54816e-6  -3.35062e-6  -3.42041e-6  -3.2272e-6  -3.5221e-6  -3.62044e-6  -3.72308e-6  -3.20292e-6  -3.66243e-6  -3.6339e-6  -3.57311e-6  -3.34546e-6  -3.29933e-6  -3.33262e-6  -3.56296e-6  -3.61742e-6  -3.13325e-6  -3.55507e-6  -3.72783e-6  -3.29993e-6  -3.4928e-6  -3.6503e-6  -3.6898e-6  -3.72337e-6  -3.5942e-6  -3.54242e-6  -4.0044e-6  -3.36255e-6  -3.74146e-6  -3.61481e-6  -3.6256e-6  -3.58784e-6  -3.50711e-6  -3.44863e-6  -3.95067e-6  -3.57755e-6  -3.74947e-6  -3.43335e-6  -3.77562e-6  -4.01812e-6  -3.69813e-6  -3.60205e-6  -3.61455e-6  -3.89462e-6  -4.09163e-6  -4.00442e-6  -3.77332e-6  -3.73961e-6  -3.63069e-6  -4.24156e-6  -3.55904e-6  -3.74278e-6  -4.09591e-6  -3.55306e-6  -4.18458e-6  -3.42932e-6  -3.65396e-6  -3.71191e-6  -3.82363e-6  -3.64513e-6  -3.87788e-6  -3.66589e-6  -3.63562e-6  -4.14499e-6  -3.61633e-6  -4.23696e-6  -4.1581e-6  -4.0673e-6  -4.43287e-6  -4.13775e-6  -3.45944e-6  -4.11445e-6  -4.09923e-6  -3.55888e-6  -4.20262e-6  -4.28047e-6  -4.01376e-6  -3.9388e-6  -3.78017e-6  -4.03093e-6  -5.03537e-6  -4.11241e-6  -4.67909e-6  -3.76152e-6  -4.43741e-6  -4.48285e-6  -4.3072e-6  -4.10331e-6  -4.392e-6  -3.8825e-6  -4.25897e-6  -4.35568e-6  -4.33992e-6  -4.5704e-6  -4.55539e-6  -4.92336e-6  -4.28429e-6  -5.16751e-6  -5.33444e-6  -4.74343e-6  -4.65607e-6  -5.00141e-6  -5.27392e-6  -4.2876e-6  -4.61904e-6  -5.0939e-6  -5.03839e-6  -5.27828e-6  -6.08468e-6  -5.03682e-6  -5.62032e-6  -5.66472e-6  -1.43591e-5  -1.05582e-5  -1.18952e-5  -1.79012e-5  -1.95252e-5  -2.02473e-5  -2.16013e-5  -1.95306e-5  -1.99671e-5  -2.20024e-5  -2.11958e-5  -2.19028e-5  -2.16242e-5  -2.14685e-5  -2.42009e-5  -2.2852e-5  -2.2495e-5  -2.23153e-5  -2.33565e-5  -2.21582e-5  -2.53648e-5  -2.2615e-5  -2.41379e-5  -2.47148e-5  -2.25688e-5  -2.48064e-5  -2.21522e-5  -2.30188e-5  -2.48949e-5  -2.26577e-5  -2.36229e-5  -2.20055e-5  -2.44172e-5  -2.3517e-5  -2.32234e-5  -2.90985e-5  -2.3525e-5  -2.55393e-5  -2.31715e-5  -2.41246e-5  -2.37159e-5  -2.34026e-5  -2.30135e-5  -2.28345e-5  -2.42938e-5  -2.50769e-5  -2.67651e-5  -2.6808e-5  -2.65587e-5  -2.87723e-5  -2.61452e-5  -2.70476e-5  -2.99698e-5  -2.86559e-5  -2.7861e-5  -2.76368e-5  -2.53212e-5  -2.74068e-5  -2.72693e-5  -2.57492e-5  -2.316e-5  -2.68741e-5  -2.96739e-5  -2.95219e-5  -2.55804e-5  -3.1586e-5  -3.14251e-5  -2.7882e-5  -3.07313e-5  -2.64566e-5  -3.18426e-5  -3.00445e-5  -3.04229e-5  -3.25262e-5  -2.7448e-5  -2.7316e-5  -2.92989e-5  -3.71941e-5  -3.56968e-5  -3.38439e-5  -3.34762e-5  -3.38995e-5  -3.32826e-5  -3.09327e-5  -3.77121e-5  -3.29284e-5  -3.28975e-5  -3.11695e-5  -3.17286e-5  -3.56051e-5  -3.17403e-5  -3.65098e-5  -4.0505e-5  -3.48344e-5  -3.60229e-5  -3.71116e-5  -3.56663e-5  -3.20405e-5  -3.25932e-5  -3.60689e-5  -3.31462e-5  -3.27919e-5  -3.48086e-5  -3.74787e-5  -3.78206e-5  -3.70271e-5  -3.50656e-5  -3.2576e-5  -4.02645e-5  -3.87219e-5  -4.0383e-5  -4.23356e-5  -3.76278e-5  -4.17692e-5  -4.01824e-5  -4.04391e-5  -3.66249e-5  -3.51604e-5  -3.71855e-5  -3.9864e-5  -4.23047e-5  -4.06595e-5  -3.84934e-5  -3.51627e-5  -3.78028e-5  -3.89067e-5  -3.72421e-5  -3.60831e-5  -4.11495e-5  -3.96174e-5  -4.26224e-5  -3.87865e-5  -4.42238e-5  -3.85297e-5  -4.69438e-5  -4.53256e-5  -4.41028e-5  -3.97405e-5  -4.51096e-5  -4.12659e-5  -4.438e-5  -3.733e-5  -4.62919e-5  -4.77572e-5  -4.00525e-5  -5.00934e-5  -4.38482e-5  -4.19773e-5  -4.67175e-5  -4.60008e-5  -4.07778e-5  -4.86479e-5  -5.05699e-5  -4.62298e-5  -4.35897e-5  -4.93829e-5  -4.37779e-5  -4.62064e-6  -5.28801e-5  -5.04401e-5  -5.44947e-5  -4.8553e-5  -4.5263e-5  -4.78615e-5  -4.62771e-5  -5.49662e-5  -5.50585e-5  -4.86741e-5  -5.29921e-5  -5.24682e-5  -4.76731e-5  -5.12806e-5  -5.36475e-5  -5.07559e-5  -5.38413e-5  -5.28984e-5  -5.31461e-5  -4.86964e-5  -5.3446e-5  -4.99313e-5  -1.54623e-5  -3.86771e-5  -5.75583e-5  -5.31123e-5  -5.33737e-5  -4.77549e-5  -5.57301e-5  -5.74416e-5  -5.90268e-5  -4.97986e-5  -5.66263e-5  -5.30227e-5  -4.63138e-5  -5.53098e-5  1.83445e-7  -5.63752e-5  -5.56293e-5  -5.20886e-5  -5.74449e-5  -5.87489e-5  -5.12537e-5  -3.81505e-5  -2.04468e-5  -6.40036e-5  -6.20057e-5  -5.2113e-5  -5.72364e-5  -5.91572e-5  -4.12354e-5  -1.96611e-5  -5.54132e-5  -2.03783e-5  -5.07941e-5  -4.56051e-5  -1.11007e-5  -5.22076e-5  -6.59259e-5  -5.48556e-5  -3.16635e-5  -5.83058e-5  -3.76184e-5  -2.42404e-6
1200 Eigenvalues converges, out of 1200 requested.
Finished processing molecule: formaldehyde
