Processing molecule: formaldehyde
Running with beta = 20
Running with l = 60
Starting Davidson with n_aux = 320, l_buffer = 90, lc = 61, thresh = 0.0015, max_iter = 100
Iter 1: V_size = 32, Converged = 0, ‖r‖ (largest λ) = 0.8656922926223112
Iter 2: V_size = 64, Converged = 0, ‖r‖ (largest λ) = 0.18084421183679666
Iter 3: V_size = 128, Converged = 0, ‖r‖ (largest λ) = 0.060623910912410116
Iter 4: V_size = 218, Converged = 0, ‖r‖ (largest λ) = 0.09164873999488632
Iter 5: V_size = 308, Converged = 0, ‖r‖ (largest λ) = 0.49834366829223853
Iter 6: V_size = 172, Converged = 4, ‖r‖ (largest λ) = 0.11034496814644347
Iter 7: V_size = 258, Converged = 4, ‖r‖ (largest λ) = 0.02115619981408248
Iter 8: V_size = 172, Converged = 4, ‖r‖ (largest λ) = 0.008363807198925969
Iter 9: V_size = 203, Converged = 59, ‖r‖ (largest λ) = 0.0054038373566526274
Hybrid Davidson-JD corrections at iteration 10
Total MINRES iterations: 4
Iter 10: V_size = 234, Converged = 59, ‖r‖ (largest λ) = 7.5994673635110255
Hybrid Davidson-JD corrections at iteration 11
Total MINRES iterations: 0
Iter 11: V_size = 265, Converged = 59, ‖r‖ (largest λ) = 0.0026796559689928885
Hybrid Davidson-JD corrections at iteration 12
Total MINRES iterations: 0
Iter 12: V_size = 296, Converged = 59, ‖r‖ (largest λ) = 0.00034931840231308876
Converged all required eigenvalues.
422.642137 seconds (2.57 M allocations: 160.197 GiB, 0.68% gc time, 0.50% compilation time)
Number of FLOPs: 4882511772896

Reading exact Eigenvalues...
Reading eigenvalues from ../../Eigenvalues_folder/eigenres_formaldehyde_RNDbasis1.jld2

Compute the difference between computed and exact eigenvalues:
1×60 adjoint(::Vector{Float64}) with eltype Float64:
 -3.55271e-15  7.10543e-15  0.0  5.32907e-15  -1.77636e-15  0.0  7.10543e-15  -7.10543e-15  -1.77636e-15  3.55271e-15  -3.55271e-15  8.88178e-16  -3.55271e-15  -2.66454e-15  -1.77636e-15  0.0  3.55271e-15  0.0  3.55271e-15  -1.77636e-15  -3.55271e-15  0.0  -8.88178e-16  -5.32907e-15  1.77636e-15  -3.55271e-15  1.77636e-15  -2.22045e-15  8.88178e-16  -1.77636e-15  -8.88178e-16  1.77636e-15  2.66454e-15  2.22045e-15  3.10862e-15  4.44089e-16  -6.66134e-15  -5.32907e-15  -1.02141e-14  -1.06581e-14  -1.46549e-14  -1.14131e-13  -1.40554e-12  -2.54463e-12  -1.1946e-12  -2.08589e-12  -3.7037e-12  -1.11258e-11  -1.50338e-11  -1.59108e-11  -3.41918e-11  -4.03896e-10  -1.11548e-10  -1.07126e-10  -1.46526e-10  -1.74979e-10  0.0  -7.75359e-10  0.0  -1.34402e-9
60 Eigenvalues converges, out of 60 requested.
Running with l = 300
Starting Davidson with n_aux = 600, l_buffer = 450, lc = 303, thresh = 0.002, max_iter = 100
Iter 1: V_size = 60, Converged = 0, ‖r‖ (largest λ) = 0.26486861963827185
Iter 2: V_size = 120, Converged = 0, ‖r‖ (largest λ) = 0.06605965136343936
Iter 3: V_size = 240, Converged = 0, ‖r‖ (largest λ) = 0.024614027791462368
Iter 4: V_size = 480, Converged = 0, ‖r‖ (largest λ) = 0.005532686722171159
Iter 5: V_size = 600, Converged = 1, ‖r‖ (largest λ) = 0.0012823894690469453
Iter 6: V_size = 600, Converged = 1, ‖r‖ (largest λ) = 0.0016707921576714886
Iter 7: V_size = 600, Converged = 1, ‖r‖ (largest λ) = 0.003152408363666603
Iter 8: V_size = 600, Converged = 87, ‖r‖ (largest λ) = 0.0063459452001169946
Iter 9: V_size = 600, Converged = 87, ‖r‖ (largest λ) = 0.007249035774414498
Hybrid Davidson-JD corrections at iteration 10
Total MINRES iterations: 0
Iter 10: V_size = 600, Converged = 87, ‖r‖ (largest λ) = 0.004686022320250968
Hybrid Davidson-JD corrections at iteration 11
Total MINRES iterations: 0
Iter 11: V_size = 378, Converged = 261, ‖r‖ (largest λ) = 0.004284003626512073
Hybrid Davidson-JD corrections at iteration 12
Total MINRES iterations: 0
Iter 12: V_size = 567, Converged = 261, ‖r‖ (largest λ) = 0.002980144683143334
Hybrid Davidson-JD corrections at iteration 13
Total MINRES iterations: 35
Iter 13: V_size = 378, Converged = 261, ‖r‖ (largest λ) = 0.0026823099513339846
Hybrid Davidson-JD corrections at iteration 14
Total MINRES iterations: 0
Iter 14: V_size = 549, Converged = 279, ‖r‖ (largest λ) = 0.001973423318011134
Hybrid Davidson-JD corrections at iteration 15
Total MINRES iterations: 73
Iter 15: V_size = 342, Converged = 279, ‖r‖ (largest λ) = 0.0013780366124005853
Hybrid Davidson-JD corrections at iteration 16
Total MINRES iterations: 0
Iter 16: V_size = 513, Converged = 279, ‖r‖ (largest λ) = 0.006374231291253954
Hybrid Davidson-JD corrections at iteration 17
Total MINRES iterations: 503
Iter 17: V_size = 342, Converged = 279, ‖r‖ (largest λ) = 0.004745449060424974
Hybrid Davidson-JD corrections at iteration 18
Total MINRES iterations: 0
Iter 18: V_size = 490, Converged = 302, ‖r‖ (largest λ) = 0.003962924696630545
Hybrid Davidson-JD corrections at iteration 19
Total MINRES iterations: 2
Iter 19: V_size = 296, Converged = 302, ‖r‖ (largest λ) = 0.0007227696314389629
Hybrid Davidson-JD corrections at iteration 20
Total MINRES iterations: 0
Iter 20: V_size = 444, Converged = 302, ‖r‖ (largest λ) = 0.0026331093513003645
Hybrid Davidson-JD corrections at iteration 21
Total MINRES iterations: 25
Iter 21: V_size = 592, Converged = 302, ‖r‖ (largest λ) = 0.006290907843025594
Converged all required eigenvalues.
3402.013076 seconds (46.62 M allocations: 3.155 TiB, 1.26% gc time)
Number of FLOPs: 25308072779159

Reading exact Eigenvalues...
Reading eigenvalues from ../../Eigenvalues_folder/eigenres_formaldehyde_RNDbasis1.jld2

Compute the difference between computed and exact eigenvalues:
1×300 adjoint(::Vector{Float64}) with eltype Float64:
 7.10543e-15  0.0  0.0  7.10543e-15  -3.55271e-15  0.0  8.88178e-15  -7.10543e-15  -3.55271e-15  1.77636e-15  -5.32907e-15  -8.88178e-16  3.55271e-15  8.88178e-16  -8.88178e-15  -2.66454e-15  3.55271e-15  1.77636e-15  7.99361e-15  1.77636e-15  -8.88178e-16  -6.21725e-15  2.66454e-15  -4.44089e-15  1.06581e-14  8.88178e-16  0.0  5.77316e-15  8.88178e-16  4.44089e-16  7.54952e-15  5.32907e-15  2.66454e-15  1.11022e-14  1.33227e-15  -3.9968e-15  1.77636e-15  -8.88178e-15  -2.22045e-15  8.43769e-15  -4.44089e-16  -2.66454e-15  4.44089e-16  -1.33227e-15  -1.33227e-15  -8.88178e-16  5.32907e-15  5.32907e-15  3.55271e-15  -6.21725e-15  0.0  -8.88178e-16  -6.66134e-15  2.22045e-15  -2.22045e-15  7.10543e-15  7.99361e-15  8.43769e-15  8.88178e-15  3.55271e-15  2.06501e-14  -1.24345e-14  1.84297e-14  7.10543e-15  1.79856e-14  1.15463e-14  0.0  8.88178e-16  -3.33067e-15  -5.10703e-15  2.13163e-14  -1.06581e-14  -1.11022e-14  6.66134e-15  5.32907e-15  -1.26565e-14  -8.88178e-16  -6.66134e-16  3.77476e-15  2.44249e-14  5.10703e-15  -1.22125e-14  -5.10703e-15  -1.19904e-14  1.33227e-15  -3.33067e-15  2.22045e-16  2.22045e-16  -6.66134e-16  -1.55431e-15  -7.32747e-15  -2.22045e-16  -6.66134e-16  4.44089e-16  2.22045e-16  8.88178e-16  -4.44089e-16  -2.22045e-16  -2.22045e-16  -7.32747e-15  -2.22045e-15  -4.44089e-15  -3.84137e-14  -8.88178e-15  -9.21707e-13  -1.41331e-12  -7.11653e-13  -5.15143e-14  -9.08162e-14  -2.19913e-12  -1.1618e-11  -2.05636e-12  -8.88734e-12  -5.89351e-12  -1.39622e-11  -2.77636e-11  -2.20253e-11  -2.79381e-11  -3.65123e-11  -2.48993e-10  -1.39226e-10  -3.57606e-10  -2.5578e-10  -2.50806e-10  -1.84907e-10  -2.58422e-10  -7.02984e-10  -1.50709e-9  -2.04388e-9  -1.51262e-9  -1.16719e-9  -1.34172e-9  -3.44975e-9  -4.70068e-9  -5.42001e-9  -3.92696e-9  -3.46058e-9  -6.21692e-9  -4.9008e-9  -5.21125e-9  -4.14703e-9  -5.86092e-9  -1.00784e-8  -7.24127e-9  -6.09299e-9  -8.52006e-9  -6.4415e-9  -2.07458e-8  -7.51135e-9  -1.1444e-8  -1.94788e-8  -5.55047e-9  -1.09123e-8  -1.58562e-8  -1.89955e-8  -2.28083e-8  -3.15009e-8  -3.42715e-8  -3.26719e-8  -1.80787e-8  -6.43013e-8  -7.56059e-8  -6.00801e-8  -6.18263e-8  -6.09439e-8  -1.08228e-7  -7.69096e-8  -5.94888e-8  -1.52414e-7  -1.46671e-7  -7.18965e-8  -8.76016e-8  -8.00879e-8  -1.86248e-7  -1.28757e-7  -2.31781e-7  -1.87796e-7  -1.59673e-7  -1.47324e-7  -1.54882e-7  -1.88135e-7  -2.41566e-7  -3.46036e-7  -4.04254e-7  -3.68748e-7  -3.16238e-7  -2.5023e-7  -4.70556e-7  -4.41095e-7  -3.99052e-7  -4.62853e-7  -2.3563e-7  -4.34796e-7  -3.31169e-7  -5.84561e-7  -6.95083e-7  -3.65431e-7  -7.85512e-7  -2.59366e-7  -8.29843e-7  -3.60488e-7  -6.30247e-7  -7.28227e-7  -4.74801e-7  -3.22181e-7  -6.96517e-7  -8.23018e-7  -8.85922e-7  -7.24056e-7  -1.17165e-6  -1.23122e-6  -6.77757e-7  -7.20472e-7  -1.678e-6  -1.13508e-6  -8.35653e-7  -1.97458e-6  -1.2614e-6  -1.2448e-6  -7.58977e-7  -1.66943e-6  -1.57545e-6  -1.13277e-6  -1.58877e-6  -1.21123e-6  -1.70774e-6  -1.72867e-6  -1.47968e-6  -1.46557e-6  -1.9721e-6  -1.94073e-6  -2.61935e-6  -1.8329e-6  -2.5456e-6  -2.46232e-6  -1.74942e-6  -3.54922e-6  -3.13551e-6  -2.52306e-6  -2.7841e-6  -4.33774e-6  -3.31303e-6  -3.81566e-6  -3.34071e-6  -4.33969e-6  -4.54513e-6  -5.89892e-6  -4.63318e-6  -2.96206e-6  -5.33329e-6  -8.08936e-6  -4.05853e-6  -4.76747e-6  -6.07685e-6  -5.75398e-6  -6.60182e-6  -6.55193e-6  -5.96132e-10  -6.63669e-6  -1.47915e-9  -4.4688e-9  -8.28132e-6  -3.49083e-6  -1.55842e-9  -2.97498e-6  -6.61079e-6  -9.45206e-6  -4.21162e-9  -1.03408e-9  -7.45733e-10  -4.51577e-9  -5.05974e-9  -5.91424e-9  -4.49074e-9  3.00635e-9  -5.8475e-9  1.20015e-9  -8.11831e-9  -8.11036e-9  1.95088e-9  4.56543e-9  3.9844e-9  2.22075e-9  -1.93987e-8  4.25868e-9  -3.06704e-10  3.23079e-9  3.3118e-9  -2.54073e-9  2.52046e-9  3.57626e-9  2.5988e-9  1.40285e-9  1.30646e-9  3.01998e-9  2.47486e-9  1.5443e-9  -2.13199e-8  -9.77344e-6  3.09311e-9
300 Eigenvalues converges, out of 300 requested.
Running with l = 600
Starting Davidson with n_aux = 1200, l_buffer = 900, lc = 606, thresh = 0.0025, max_iter = 100
Iter 1: V_size = 120, Converged = 0, ‖r‖ (largest λ) = 0.10358086508213564
Iter 2: V_size = 240, Converged = 0, ‖r‖ (largest λ) = 0.025588054618247306
Iter 3: V_size = 480, Converged = 0, ‖r‖ (largest λ) = 0.005422886881735896
Iter 4: V_size = 960, Converged = 0, ‖r‖ (largest λ) = 0.0006278081963591829
Iter 5: V_size = 1200, Converged = 3, ‖r‖ (largest λ) = 7.638828250977523e-5
Iter 6: V_size = 1200, Converged = 3, ‖r‖ (largest λ) = 0.00011927500369596499
Iter 7: V_size = 1200, Converged = 3, ‖r‖ (largest λ) = 0.0001384085857718261
Iter 8: V_size = 1200, Converged = 151, ‖r‖ (largest λ) = 0.00015559813754169321
Iter 9: V_size = 1200, Converged = 151, ‖r‖ (largest λ) = 0.00025582398362594043
Hybrid Davidson-JD corrections at iteration 10
Total MINRES iterations: 0
Iter 10: V_size = 1200, Converged = 151, ‖r‖ (largest λ) = 0.000319281319659876
Hybrid Davidson-JD corrections at iteration 11
Total MINRES iterations: 0
Iter 11: V_size = 1200, Converged = 291, ‖r‖ (largest λ) = 0.00036408433635108883
Hybrid Davidson-JD corrections at iteration 12
Total MINRES iterations: 49
Iter 12: V_size = 1200, Converged = 291, ‖r‖ (largest λ) = 0.0003613848791030476
Hybrid Davidson-JD corrections at iteration 13
Total MINRES iterations: 0
Iter 13: V_size = 1200, Converged = 291, ‖r‖ (largest λ) = 0.00019667226936154788
Hybrid Davidson-JD corrections at iteration 14
Total MINRES iterations: 0
Iter 14: V_size = 646, Converged = 577, ‖r‖ (largest λ) = 0.0001642027816226842
Hybrid Davidson-JD corrections at iteration 15
Total MINRES iterations: 0
Iter 15: V_size = 969, Converged = 577, ‖r‖ (largest λ) = 0.00013191702837981334
Hybrid Davidson-JD corrections at iteration 16
Total MINRES iterations: 25
Iter 16: V_size = 646, Converged = 577, ‖r‖ (largest λ) = 0.0001333651288862348
Converged all required eigenvalues.
8434.709426 seconds (144.63 M allocations: 9.794 TiB, 1.72% gc time)
Number of FLOPs: 41279873495703

Reading exact Eigenvalues...
Reading eigenvalues from ../../Eigenvalues_folder/eigenres_formaldehyde_RNDbasis1.jld2

Compute the difference between computed and exact eigenvalues:
1×600 adjoint(::Vector{Float64}) with eltype Float64:
 -1.06581e-14  0.0  2.84217e-14  1.06581e-14  0.0  0.0  8.88178e-15  -1.24345e-14  3.55271e-15  3.55271e-15  8.88178e-16  0.0  8.88178e-16  2.66454e-15  0.0  8.88178e-16  1.77636e-15  2.66454e-15  8.88178e-16  -3.55271e-15  1.77636e-15  -1.77636e-15  3.55271e-15  -2.66454e-15  1.77636e-15  -2.66454e-15  3.55271e-15  4.44089e-16  -2.22045e-15  8.88178e-16  -1.33227e-15  -1.33227e-15  -1.77636e-15  -8.88178e-16  -4.44089e-16  2.66454e-15  4.44089e-16  8.88178e-16  1.33227e-15  8.88178e-16  1.33227e-15  8.88178e-16  -1.33227e-15  3.10862e-15  5.32907e-15  0.0  3.10862e-15  8.88178e-16  -2.66454e-15  -3.55271e-15  -1.33227e-15  -8.88178e-16  -2.22045e-15  -3.10862e-15  -4.44089e-16  8.88178e-16  -1.77636e-15  -4.88498e-15  8.88178e-16  -1.9984e-15  3.55271e-15  2.66454e-15  -2.88658e-15  5.77316e-15  5.9952e-15  -6.21725e-15  -4.21885e-15  -1.9984e-15  -3.9968e-15  -1.55431e-15  1.9984e-15  -2.44249e-15  5.77316e-15  1.77636e-15  2.44249e-15  6.43929e-15  1.9984e-15  3.9968e-15  3.77476e-15  -1.11022e-15  -5.10703e-15  8.21565e-15  2.66454e-15  3.55271e-15  7.99361e-15  6.66134e-16  4.66294e-15  1.55431e-15  3.77476e-15  6.66134e-16  5.9952e-15  2.88658e-15  -1.33227e-15  -5.77316e-15  -3.55271e-15  -4.66294e-15  6.66134e-16  4.44089e-16  8.88178e-16  8.88178e-15  0.0  -1.06581e-14  8.65974e-15  -2.22045e-16  -6.43929e-15  5.32907e-15  -8.88178e-16  -7.10543e-15  -7.77156e-15  6.66134e-15  -2.81508e-12  -1.56342e-12  -2.33569e-12  -8.51319e-12  -7.38831e-12  -2.77369e-11  -2.82339e-11  -2.00773e-12  -2.41451e-11  -7.55191e-11  -3.39653e-11  -9.52765e-11  -1.54365e-10  -2.67522e-10  -1.84259e-10  -4.90106e-10  -1.49913e-9  -2.27258e-9  -4.95663e-9  -3.98634e-9  -3.37186e-9  -7.31943e-9  -3.91425e-9  -1.30269e-8  -8.56123e-9  -7.98696e-9  -1.33191e-8  -3.22803e-8  -2.7123e-8  -2.14863e-8  -3.30985e-8  -2.4986e-8  -2.4176e-8  -4.8101e-8  -2.35179e-8  -2.92458e-8  -5.68149e-8  -6.09646e-8  -4.13851e-8  -3.42323e-8  -8.49962e-9  -8.62568e-9  -3.85991e-8  -7.1248e-9  -9.5392e-9  -1.1503e-8  -2.03384e-8  -1.47523e-8  -1.88651e-8  -3.11711e-8  -3.08462e-8  -2.6749e-8  -3.51368e-8  -2.88323e-8  -3.19382e-8  -3.63126e-8  -4.52675e-8  -6.39214e-8  -6.43627e-8  -4.5537e-8  -6.68035e-8  -2.71154e-8  -6.39012e-8  -8.95677e-8  -6.19876e-8  -1.1036e-7  -1.1282e-7  -1.01949e-7  -8.64715e-8  -7.68558e-8  -1.35628e-7  -1.75766e-7  -1.53325e-7  -1.18548e-7  -1.61124e-7  -1.89289e-7  -1.47499e-7  -1.57441e-7  -1.18505e-7  -1.545e-7  -2.44411e-7  -1.43869e-7  -1.61941e-7  -1.1119e-7  -2.4463e-7  -1.83051e-7  -2.45682e-7  -1.8145e-7  -2.49904e-7  -3.84905e-7  -1.90665e-7  -2.16491e-7  -2.18492e-7  -2.63339e-7  -2.0971e-7  -3.08737e-7  -3.98182e-7  -3.42623e-7  -3.71432e-7  -3.46969e-7  -5.38226e-7  -4.05464e-7  -4.88385e-7  -3.82369e-7  -4.55037e-7  -3.63974e-7  -3.53033e-7  -4.51271e-7  -4.59038e-7  -4.96326e-7  -5.58003e-7  -6.09011e-7  -4.05058e-7  -3.35687e-7  -4.62324e-7  -5.78981e-7  -6.69826e-7  -7.73729e-7  -8.16542e-7  -4.71901e-7  -7.95484e-7  -8.00433e-7  -6.29056e-7  -8.68959e-7  -9.53365e-7  -1.12743e-6  -1.16232e-6  -1.14946e-6  -9.77714e-7  -1.15962e-6  -1.16793e-6  -1.16195e-6  -1.09369e-6  -1.10383e-6  -1.76836e-6  -1.76764e-6  -1.61602e-6  -1.7297e-6  -1.24489e-6  -1.54384e-6  -1.29562e-6  -9.34266e-7  -1.288e-6  -1.49658e-6  -1.82409e-6  -2.07376e-6  -1.99058e-6  -2.45657e-6  -1.64369e-6  -1.41448e-6  -2.75049e-6  -2.07205e-6  -2.59792e-6  -2.12519e-6  -2.77211e-6  -2.74147e-6  -4.6795e-6  -3.06335e-6  -2.61546e-6  -2.30334e-6  -2.92671e-6  -3.36243e-6  -4.48792e-6  -3.38077e-6  -3.33386e-6  -5.10529e-6  -4.08824e-6  -3.61182e-6  -3.16449e-6  -5.53478e-6  -5.33112e-6  -5.54899e-6  -6.42135e-6  -6.11472e-7  -4.5463e-6  -5.1638e-6  -5.70505e-6  -6.99664e-7  -5.08061e-6  -5.51622e-6  -8.37773e-7  -8.31171e-7  -4.88241e-6  -7.84301e-7  -6.8326e-7  -8.05933e-7  -7.2078e-6  -7.02501e-6  -1.08286e-6  -7.35433e-7  -9.54995e-7  -8.07278e-7  -1.22594e-6  -1.05276e-6  -1.19425e-6  -1.35321e-6  -9.65307e-7  -9.98005e-7  -9.02509e-7  -1.07831e-6  -1.12892e-6  -1.24322e-6  -1.31672e-6  -1.14823e-6  -1.48969e-6  -8.67299e-7  -1.80932e-6  -1.74035e-6  -1.6939e-6  -1.07006e-6  -1.59736e-6  -1.44833e-6  -1.53093e-6  -1.61921e-6  -1.28075e-6  -2.13735e-6  -8.45652e-7  -1.85318e-6  -2.64672e-6  -1.79673e-6  -1.62343e-6  -1.9963e-6  -2.55627e-6  -2.59928e-6  -2.24994e-6  -2.28601e-6  -1.8442e-6  -1.63603e-6  -2.56729e-6  -2.27413e-6  -1.80317e-6  -2.3809e-6  -2.5407e-6  -2.67249e-6  -2.08938e-6  -2.56086e-6  -3.09152e-6  -3.35738e-6  -3.11534e-6  -3.43567e-6  1.20929e-9  -4.02819e-6  -4.07165e-6  -3.17483e-6  -2.6097e-6  -3.51852e-6  -3.73279e-6  -3.09272e-6  -3.41995e-6  1.13158e-9  -4.54587e-6  -3.86689e-6  -4.75899e-6  -4.73642e-6  -3.54975e-6  -5.1008e-6  -5.61434e-6  -4.2667e-6  1.55543e-9  -5.1563e-6  -4.56776e-6  7.30421e-10  -4.86979e-6  -5.65254e-6  -5.66379e-6  2.40084e-9  2.09586e-9  -5.08019e-10  -5.05495e-6  1.28118e-9  -5.75225e-6  -1.72367e-8  -5.87579e-6  -5.8198e-6  6.98038e-9  -5.44647e-6  -5.72452e-6  -7.46455e-6  -4.19566e-6  -7.22079e-6  -8.38693e-6  -6.74579e-6  -5.76849e-6  -9.93441e-6  -6.23562e-6  -6.8971e-6  -1.0363e-5  -8.1399e-6  -7.67504e-6  -1.0043e-5  -8.54109e-6  -7.31433e-6  -7.38663e-6  -8.77112e-6  -7.49814e-6  -9.2762e-6  -9.78338e-6  -8.08915e-6  -9.82464e-6  -6.25956e-6  -9.40111e-6  -7.51958e-6  -7.57724e-6  -8.78957e-6  -8.19561e-6  -7.03146e-6  -8.95654e-6  -8.33537e-6  -7.59545e-6  -9.49852e-6  -8.41768e-6  -1.06626e-5  -7.18667e-6  -8.59974e-6  -8.76322e-6  -9.61054e-6  -7.53594e-6  -1.07354e-5  -1.17889e-5  -6.67962e-6  -8.16051e-6  -9.46194e-6  -1.05742e-5  -9.53304e-6  -9.18386e-6  -8.51682e-6  -7.3133e-6  -8.65884e-6  -7.98975e-6  -8.17245e-6  -8.10508e-6  -8.47514e-6  -9.53765e-6  -8.76369e-6  -9.30029e-6  -9.28539e-6  -8.79742e-6  -1.05831e-5  -8.95406e-6  -6.62301e-6  -7.47771e-6  -7.22132e-6  -7.90743e-6  -8.58522e-6  -1.0761e-5  -7.45446e-6  -9.46587e-6  -1.00303e-5  -8.26723e-6  -9.56842e-6  -9.54724e-6  -8.36733e-6  -9.0577e-6  -9.10527e-6  -1.0361e-5  -8.57065e-6  -7.98227e-6  -7.06462e-6  -7.65306e-6  -9.86563e-6  -1.02951e-5  -8.27636e-6  -7.91879e-6  -8.79494e-6  -8.97124e-6  -8.79781e-6  -7.84203e-6  -8.15511e-6  -9.41169e-6  -7.80954e-6  -9.904e-6  -8.19795e-6  -9.55755e-6  -7.05317e-6  -8.07275e-6  -1.11939e-5  -8.85374e-6  -8.25174e-6  -9.17395e-6  -8.22149e-6  -9.86709e-6  -8.79376e-6  -8.21725e-6  -9.02572e-6  -1.13294e-5  -9.45638e-6  -8.52528e-6  -8.59059e-6  -9.98591e-6  -8.36974e-6  -8.01781e-6  -1.00516e-5  -8.79577e-6  -9.27754e-6  -9.13605e-6  -8.52506e-6  -9.00544e-6  -1.05525e-5  -1.00799e-5  -1.06274e-5  -9.63393e-6  -9.15472e-6  -8.07005e-6  -9.66638e-6  -1.1176e-5  -9.75184e-6  -9.3532e-6  -9.43915e-6  -1.2619e-5  -1.12289e-5  -1.04247e-5  -8.85869e-6  -1.07876e-5  -9.73003e-6  -1.15768e-5  -9.63493e-6  -9.20127e-6  -1.04738e-5  -1.05472e-5  -1.10398e-5  -1.0516e-5  -1.16945e-5  -1.11441e-5  -1.16024e-5  -1.19792e-5  -1.03255e-5  -1.02973e-5  -9.91183e-6  -1.14061e-5  -1.12079e-5  -1.00758e-5  -1.04533e-5  -1.32871e-5  -1.17071e-5  -9.02104e-6  -9.32033e-6  -1.06176e-5  -1.20495e-5  -1.21994e-5  -1.35017e-5  -1.32053e-5  -1.23327e-5  -1.42967e-5  -1.24257e-5  -1.10991e-5  -1.35852e-5  -1.25678e-5  -1.26602e-5  -1.37814e-5  -1.20794e-5  -1.21548e-5  -1.28509e-5  -1.29091e-5  -1.06691e-5  -1.14013e-5  -1.26482e-5  -1.60693e-5  -1.4335e-5  -1.15447e-5  -1.25019e-5  -1.246e-5  -1.48926e-5  -1.56048e-5  -1.52304e-6  -1.58811e-6  -1.34441e-5  -1.4629e-5  -1.48386e-6  -1.62978e-6  -1.36374e-5  -1.70678e-6  -1.62572e-5  -1.40805e-6  -1.89474e-6  -1.77335e-6  -1.35721e-6  -1.74482e-6  -1.60254e-6  -2.05272e-6  -1.6607e-6  -1.81994e-6  -1.53575e-5  -1.92292e-6  -1.97433e-6  -2.41755e-6  -1.94896e-6  -2.16838e-6  -2.36223e-6  -2.4033e-6  -1.81277e-6
600 Eigenvalues converges, out of 600 requested.
Running with l = 1200
Starting Davidson with n_aux = 2400, l_buffer = 1800, lc = 1212, thresh = 0.003, max_iter = 100
Iter 1: V_size = 240, Converged = 0, ‖r‖ (largest λ) = 0.032488483234252935
Iter 2: V_size = 480, Converged = 0, ‖r‖ (largest λ) = 0.005894022566926656
Iter 3: V_size = 960, Converged = 0, ‖r‖ (largest λ) = 0.0006631194141480979
Iter 4: V_size = 1920, Converged = 0, ‖r‖ (largest λ) = 3.7134725888781206e-5
Iter 5: V_size = 2400, Converged = 10, ‖r‖ (largest λ) = 1.9791358956528203e-6
Iter 6: V_size = 2400, Converged = 10, ‖r‖ (largest λ) = 3.433601199723286e-6
Iter 7: V_size = 2400, Converged = 10, ‖r‖ (largest λ) = 3.905159207592564e-6
Iter 8: V_size = 2400, Converged = 176, ‖r‖ (largest λ) = 4.230400455892189e-6
Iter 9: V_size = 2400, Converged = 176, ‖r‖ (largest λ) = 1.0592880298061465e-5
Hybrid Davidson-JD corrections at iteration 10
Total MINRES iterations: 2250
Iter 10: V_size = 2400, Converged = 176, ‖r‖ (largest λ) = 1.1326245114776718e-5
Hybrid Davidson-JD corrections at iteration 11
Total MINRES iterations: 3525
Iter 11: V_size = 2360, Converged = 620, ‖r‖ (largest λ) = 1.0633096317551223e-5
Hybrid Davidson-JD corrections at iteration 12
Total MINRES iterations: 0
Iter 12: V_size = 2360, Converged = 620, ‖r‖ (largest λ) = 5.578850565120102e-5
Hybrid Davidson-JD corrections at iteration 13
Total MINRES iterations: 225
Iter 13: V_size = 2360, Converged = 620, ‖r‖ (largest λ) = 2.57004181906278e-5
Converged all required eigenvalues.
32550.681877 seconds (469.81 M allocations: 31.830 TiB, 1.51% gc time)
Number of FLOPs: 97802455405408

Reading exact Eigenvalues...
Reading eigenvalues from ../../Eigenvalues_folder/eigenres_formaldehyde_RNDbasis1.jld2

Compute the difference between computed and exact eigenvalues:
1×1200 adjoint(::Vector{Float64}) with eltype Float64:
 -3.55271e-15  1.77636e-14  -7.10543e-15  7.10543e-15  1.77636e-15  -7.10543e-15  5.32907e-15  -2.13163e-14  0.0  -5.32907e-15  -4.44089e-15  0.0  0.0  0.0  -1.77636e-15  -8.88178e-16  8.88178e-16  2.66454e-15  -1.77636e-15  -8.88178e-16  0.0  5.32907e-15  0.0  -4.44089e-15  -8.88178e-16  -8.88178e-16  -2.66454e-15  1.33227e-15  -1.77636e-15  1.77636e-15  -4.44089e-16  0.0  4.44089e-16  -1.33227e-15  0.0  4.44089e-16  4.44089e-16  1.33227e-15  2.66454e-15  4.44089e-16  1.77636e-15  -2.66454e-15  -4.44089e-16  4.44089e-16  3.10862e-15  -1.77636e-15  8.88178e-16  8.88178e-16  3.10862e-15  -2.66454e-15  -3.10862e-15  4.44089e-16  -8.88178e-16  1.77636e-15  0.0  1.33227e-15  0.0  -4.44089e-16  -4.44089e-16  0.0  -6.66134e-16  -2.22045e-16  -6.66134e-16  -6.66134e-16  -8.88178e-16  2.22045e-16  2.22045e-16  0.0  -8.88178e-16  6.66134e-16  -6.66134e-16  -1.33227e-15  2.22045e-16  -6.66134e-16  -4.44089e-16  1.11022e-15  2.22045e-16  1.33227e-15  -1.77636e-15  -1.55431e-15  2.22045e-15  -8.88178e-16  -4.44089e-16  8.88178e-16  2.44249e-15  -8.88178e-16  -1.33227e-15  1.11022e-15  1.55431e-15  -2.66454e-15  1.55431e-15  1.33227e-15  0.0  -8.88178e-16  0.0  -1.55431e-15  1.55431e-15  3.9968e-15  -2.44249e-15  2.22045e-15  1.33227e-15  -1.33227e-15  0.0  -2.88658e-15  1.55431e-15  -3.10862e-15  -1.33227e-15  -6.66134e-16  1.11022e-15  -6.66134e-16  -8.88178e-16  3.10862e-15  6.66134e-16  1.77636e-15  -1.33227e-15  6.66134e-16  1.11022e-15  1.33227e-15  -5.44009e-14  -1.06359e-13  -6.75016e-14  -1.64313e-14  -7.4607e-14  -7.66054e-14  -5.0604e-13  -7.58282e-14  -4.00091e-11  -1.37957e-10  -1.31896e-10  -2.20245e-10  -3.74691e-10  -4.68206e-10  -1.51381e-9  -1.60469e-9  -7.15938e-10  -1.27848e-9  -3.15492e-9  -4.07943e-9  -1.6788e-9  -3.28026e-9  -5.30165e-9  -4.22854e-9  -3.55095e-9  -3.36778e-9  -3.88107e-9  -6.35125e-9  -7.90726e-9  -9.78551e-9  -9.63949e-9  -8.41644e-9  -7.65932e-9  -2.24629e-8  -1.43796e-8  -9.79979e-9  -1.09723e-8  -3.25724e-8  -1.73174e-8  -2.8637e-8  -2.9667e-8  -2.43093e-8  -2.93521e-8  -4.12777e-8  -3.69033e-8  -6.92202e-8  -6.00467e-8  -4.45029e-8  -4.03268e-8  -5.53402e-8  -8.14017e-8  -5.74375e-8  -3.919e-8  -5.7985e-8  -1.00841e-7  -6.58493e-9  -8.09312e-8  -8.44517e-9  -8.37055e-9  -6.37429e-9  -7.71266e-9  -7.5621e-8  -1.36473e-7  -7.77808e-9  -1.22959e-8  -8.22251e-9  -8.62253e-9  -7.72535e-9  -8.64749e-9  -8.33557e-9  -1.10336e-8  -8.93245e-9  -9.94513e-9  -1.29652e-8  -9.55314e-9  -1.04121e-8  -1.66425e-8  -1.21341e-8  -1.13955e-8  -1.07993e-8  -1.56085e-8  -1.51326e-8  -1.07197e-8  -1.74885e-8  -1.20643e-8  -1.78792e-8  -1.4842e-8  -1.52443e-8  -2.77485e-8  -2.42146e-8  -1.78988e-8  -2.46772e-8  -1.81639e-8  -2.34687e-8  -2.21704e-8  -1.4362e-8  -1.89641e-8  -2.71045e-8  -2.5321e-8  -1.78608e-8  -2.01459e-8  -2.61684e-8  -2.82987e-8  -2.18115e-8  -1.99848e-8  -2.20233e-8  -2.31663e-8  -3.45018e-8  -2.37658e-8  -2.16266e-8  -2.51885e-8  -2.9864e-8  -2.56492e-8  -2.15486e-8  -3.3545e-8  -2.68735e-8  -4.38815e-8  -3.69654e-8  -3.89487e-8  -4.02118e-8  -3.21796e-8  -3.38107e-8  -4.61137e-8  -3.82408e-8  -4.67612e-8  -4.07083e-8  -6.442e-8  -3.65356e-8  -4.06588e-8  -5.58173e-8  -3.90057e-8  -5.63874e-8  -3.90286e-8  -3.99078e-8  -5.08953e-8  -6.54892e-8  -5.28734e-8  -7.17697e-8  -5.10644e-8  -6.71475e-8  -6.97111e-8  -7.50764e-8  -7.74625e-8  -7.91442e-8  -6.46957e-8  -7.66734e-8  -8.61717e-8  -9.62347e-8  -6.40915e-8  -8.61738e-8  -1.11919e-7  -8.11892e-8  -7.57875e-8  -1.05419e-7  -9.21442e-8  -1.11948e-7  -8.31774e-8  -1.25717e-7  -1.20283e-7  -7.59711e-8  -8.5134e-8  -1.57996e-7  -1.13399e-7  -1.27888e-7  -1.29944e-7  -1.3352e-7  -1.39517e-7  -1.1487e-7  -1.28472e-7  -1.3315e-7  -1.39673e-7  -1.31731e-7  -1.80867e-7  -2.21134e-7  -1.52503e-7  -1.58691e-7  -1.15089e-7  -1.89099e-7  -2.29833e-7  -1.43475e-7  -1.77048e-7  -1.39327e-7  -1.88821e-7  -1.82067e-7  -2.09641e-7  -1.50903e-7  -1.53991e-7  -1.67019e-7  -1.63643e-7  -1.57333e-7  -1.987e-7  -2.0931e-7  -2.0177e-7  -1.87536e-7  -1.62374e-7  -2.06393e-7  -2.6847e-7  -2.63344e-7  -3.23643e-7  -2.68793e-7  -2.93265e-7  -2.93139e-7  -2.31926e-7  -2.65316e-7  -3.01314e-7  -2.21978e-7  -2.81416e-7  -2.94554e-7  -2.59452e-7  -2.82439e-7  -3.96354e-7  -3.10692e-7  -3.20635e-7  -3.90432e-7  -3.13912e-7  -3.93115e-7  -3.43074e-7  -3.10432e-7  -3.71382e-7  -3.25033e-7  -4.25625e-7  -3.96609e-7  -5.15047e-7  -5.04949e-7  -4.13541e-7  -4.53134e-7  -4.53928e-7  -4.97381e-7  -3.87743e-7  -4.45e-7  -6.42861e-7  -4.39525e-7  -4.29393e-7  -3.81342e-7  -5.61961e-7  -5.03161e-7  -4.27248e-7  -6.40747e-7  -6.23954e-7  -7.18507e-7  -7.12048e-7  -6.42427e-7  -6.51545e-7  -7.32105e-7  -5.2111e-7  -5.14225e-7  -5.96659e-7  -9.35295e-7  -6.794e-7  -6.40635e-7  -1.1772e-6  -8.81218e-7  -9.2849e-7  -9.12425e-7  -7.12508e-7  -1.18219e-6  -1.22034e-6  -1.2182e-6  -1.03514e-6  -1.82041e-6  -9.32142e-7  -9.88187e-7  -1.38284e-6  -1.42888e-6  -1.61277e-6  -1.95403e-6  -1.55847e-6  -1.24507e-6  -1.69703e-6  -1.94448e-6  -1.802e-6  -1.78743e-6  -2.20412e-6  -2.033e-6  -2.0248e-6  -2.61173e-6  -2.33673e-6  -2.07314e-6  -2.46247e-6  -1.80541e-6  -2.75144e-6  -2.57282e-6  -2.46122e-6  -2.61207e-6  -3.05796e-6  -1.74742e-6  -2.82076e-6  -2.3901e-6  -2.5853e-6  -2.5624e-6  -2.6194e-6  -1.9375e-6  -2.68567e-6  -2.82361e-6  -2.08594e-6  -2.99271e-6  -3.0296e-6  -3.42676e-6  -2.96317e-6  -2.50952e-6  -2.62243e-6  -2.17288e-6  -3.54807e-6  -2.99894e-6  -3.57351e-6  -3.3715e-6  -4.65706e-6  -2.29714e-6  -3.34172e-6  -3.34303e-6  -3.81796e-6  -3.10055e-6  -3.10615e-6  -4.12653e-6  -3.95963e-6  -2.76205e-6  -3.49545e-6  -4.04352e-6  -2.98073e-6  -4.7965e-6  -3.60239e-6  -3.64327e-6  -4.40142e-6  -4.38832e-6  -3.7889e-6  -3.79111e-6  -4.49354e-6  -4.21591e-6  -4.1807e-6  -4.67793e-6  -4.04206e-6  -3.59806e-6  -2.82405e-6  -3.87091e-6  -4.24573e-6  -4.28886e-6  -4.3246e-6  -3.08415e-6  -3.85465e-6  -4.4246e-6  -3.88981e-6  -3.75625e-6  -3.3522e-6  -4.32727e-6  -4.34732e-6  -3.91319e-6  -3.45683e-6  -4.09439e-6  -4.09118e-6  -3.55355e-6  -4.80223e-6  -4.07424e-6  -4.56911e-6  -4.10697e-6  -3.97749e-6  -4.26742e-6  -4.31479e-6  -4.26265e-6  -3.90373e-6  -3.35672e-6  -3.81972e-6  -3.77374e-6  -3.26344e-6  -4.27478e-6  -3.84294e-6  -3.44464e-6  -3.63054e-6  -4.36932e-6  -4.7554e-6  -4.26578e-6  -3.99197e-6  -4.21601e-6  -3.93342e-6  -3.63108e-6  -3.36141e-6  -4.30619e-6  -4.3776e-6  -4.05144e-6  -4.2465e-6  -4.22942e-6  -4.31395e-6  -4.04136e-6  -4.44801e-6  -4.24597e-6  -3.88225e-6  -4.21977e-6  -3.54586e-6  -4.37751e-6  -3.80743e-6  -5.07467e-6  -3.96559e-6  -4.11714e-6  -4.23127e-6  -3.79128e-6  -4.14163e-6  -3.97729e-6  -4.9605e-6  -4.2783e-6  -4.66102e-6  -3.89677e-6  -4.68597e-6  -4.78021e-6  -5.09227e-6  -4.20889e-6  -4.48783e-6  -4.75107e-6  -4.36368e-6  -4.85527e-6  -4.81065e-6  -3.71943e-6  -4.6253e-6  -3.92525e-6  -4.82811e-6  -4.2798e-6  -4.78819e-6  -3.76983e-6  -4.35507e-6  -4.6662e-6  -3.96381e-6  -4.0679e-6  -4.38571e-6  -4.43757e-6  -4.45132e-6  -4.26117e-6  -4.11868e-6  -4.06572e-6  -4.10845e-6  -4.29253e-6  -4.10654e-6  -4.09319e-6  -4.55903e-6  -3.69218e-6  -4.09207e-6  -4.61389e-6  -4.51997e-6  -4.52569e-6  -4.42996e-6  -4.66323e-6  -4.26999e-6  -4.18248e-6  -5.11826e-6  -3.60636e-6  -3.95813e-6  -4.20168e-6  -3.9972e-6  -4.11497e-6  -4.15197e-6  -3.79794e-6  -4.20868e-6  -3.88853e-6  -4.46116e-6  -3.72365e-6  -3.75117e-6  -3.90645e-6  -4.46494e-6  -4.45612e-6  -3.94532e-6  -4.41151e-6  -4.77015e-6  -4.62356e-6  -4.51301e-6  -4.11677e-6  -4.00192e-6  -3.86766e-6  -3.85164e-6  -4.79833e-6  -4.55568e-6  -4.32927e-6  -4.08557e-6  -3.96999e-6  -4.93858e-6  -4.3381e-6  -4.1509e-6  -3.57477e-6  -4.01003e-6  -4.4959e-6  -4.43193e-6  -4.55522e-6  -4.18142e-6  -4.47948e-6  -4.40685e-6  -3.79989e-6  -3.65902e-6  -4.43091e-6  -4.05109e-6  -3.8396e-6  -4.10084e-6  -3.48609e-6  -4.03859e-6  -4.73408e-6  -4.208e-6  -4.02274e-6  -4.52196e-6  -3.84591e-6  -3.92845e-6  -4.01186e-6  -4.38637e-6  -4.26301e-6  -4.33951e-6  -3.88214e-6  -4.88533e-6  -4.22774e-6  -6.46043e-7  -6.7704e-7  -5.87222e-7  -6.00659e-7  -7.38939e-7  -7.2559e-7  -7.10575e-7  -8.29084e-7  -7.34165e-7  -7.21373e-7  -7.86988e-7  -8.40872e-7  -8.60994e-7  -6.87349e-7  -6.9443e-7  -6.8465e-7  -7.83686e-7  -9.11446e-7  -9.88491e-7  -1.004e-6  -7.0167e-7  -8.57886e-7  -7.14156e-7  -9.09655e-7  -7.76993e-7  -8.02681e-7  -1.09015e-6  -8.95022e-7  -7.18561e-7  -8.10077e-7  -9.47739e-7  -8.36115e-7  -8.18305e-7  -8.45162e-7  -9.7076e-7  -1.06894e-6  -7.37767e-7  -9.13724e-7  -9.56844e-7  -8.14573e-7  -8.57805e-7  -8.1522e-7  -8.44001e-7  -7.26542e-7  -8.83686e-7  -1.00938e-6  -8.43048e-7  -9.39571e-7  -1.02057e-6  -9.23034e-7  -8.93649e-7  -9.23351e-7  -9.23173e-7  -1.0181e-6  -9.3098e-7  -9.6462e-7  -9.42724e-7  -9.11211e-7  -8.90184e-7  -9.47983e-7  -8.25158e-7  -9.51776e-7  -1.14981e-6  -1.14572e-6  -1.0454e-6  -9.71277e-7  -8.92862e-7  -9.55418e-7  -8.86132e-7  -1.00238e-6  -9.79676e-7  -1.04784e-6  -1.02354e-6  -8.75439e-7  -1.07539e-6  -1.06209e-6  -8.89502e-7  -9.59733e-7  -1.12866e-6  -1.00736e-6  -1.0267e-6  -9.88841e-7  -1.16806e-6  -1.03871e-6  -1.14179e-6  -1.04055e-6  -9.56411e-7  -9.50138e-7  -1.2156e-6  -9.80156e-7  -1.03717e-6  -1.08551e-6  -9.89384e-7  -9.15636e-7  -9.86074e-7  -1.12488e-6  -1.09073e-6  -1.0915e-6  -1.29793e-6  -1.09029e-6  -1.03287e-6  -1.1414e-6  -9.50504e-7  -1.10379e-6  -1.19644e-6  -9.49146e-7  -1.10131e-6  -1.12266e-6  -9.83227e-7  -1.14004e-6  -1.16176e-6  -9.72103e-7  -1.1324e-6  -9.94788e-7  -1.01133e-6  -1.01605e-6  -1.05763e-6  -1.21258e-6  -1.0317e-6  -9.53412e-7  -1.16897e-6  -1.37917e-6  -1.29134e-6  -1.08636e-6  -1.17497e-6  -1.05873e-6  -1.12924e-6  -1.13745e-6  -1.18221e-6  -1.15945e-6  -1.04307e-6  -1.26618e-6  -1.04048e-6  -1.06286e-6  -1.28449e-6  -1.18173e-6  -1.22754e-6  -1.34509e-6  -1.07244e-6  -1.15293e-6  -1.30626e-6  -1.1246e-6  -1.1566e-6  -1.08992e-6  -1.23414e-6  -1.12415e-6  -1.33301e-6  -9.93604e-7  -1.2111e-6  -1.18059e-6  -1.24194e-6  -1.22694e-6  -1.23794e-6  -1.2256e-6  -1.21711e-6  -1.09897e-6  -1.22574e-6  -1.13571e-6  -1.22021e-6  -1.30265e-6  -1.16573e-6  -1.25519e-6  -1.24078e-6  -1.12626e-6  -1.22902e-6  -1.06666e-6  -1.22709e-6  -1.18428e-6  -1.18891e-6  -1.23519e-6  -1.13855e-6  -1.12894e-6  -1.1275e-6  -1.1765e-6  -1.16788e-6  -1.19321e-6  -1.13845e-6  -1.27392e-6  -1.24227e-6  -1.09098e-6  -1.22874e-6  -1.22028e-6  -1.20095e-6  -1.21003e-6  -1.36528e-6  -1.24445e-6  -1.28351e-6  -1.43047e-6  -1.18985e-6  -1.37536e-6  -1.04357e-6  -1.27502e-6  -1.43977e-6  -1.18961e-6  -1.31282e-6  -1.25838e-6  -1.12347e-6  -1.31619e-6  -1.2434e-6  -1.12101e-6  -1.31005e-6  -1.34916e-6  -1.30388e-6  -1.26547e-6  -1.38433e-6  -1.39918e-6  -1.23481e-6  -1.2864e-6  -1.14745e-6  -1.28507e-6  -1.30827e-6  -1.18171e-6  -1.12442e-6  -1.3955e-6  -1.37591e-6  -1.14864e-6  -1.27551e-6  -1.27311e-6  -1.26279e-6  -1.31306e-6  -1.43483e-6  -1.28521e-6  -1.52228e-6  -1.14406e-6  -1.40785e-6  -1.30373e-6  -1.29934e-6  -1.35823e-6  -1.38258e-6  -1.33401e-6  -1.40247e-6  -1.31944e-6  -1.36589e-6  -1.28709e-6  -1.42606e-6  -1.30314e-6  -1.3928e-6  -1.50968e-6  -1.39753e-6  -1.23457e-6  -1.47315e-6  -1.53737e-6  -1.38116e-6  -1.32827e-6  -1.29826e-6  -1.43664e-6  -1.3064e-6  -1.32491e-6  -1.40842e-6  -1.42989e-6  -1.46339e-6  -1.50198e-6  -1.56724e-6  -1.46905e-6  -1.44925e-6  -1.41372e-6  -1.38298e-6  -1.35608e-6  -1.2512e-6  -1.26288e-6  -1.3523e-6  -1.39248e-6  -1.46598e-6  -1.39235e-6  -1.49838e-6  -1.33481e-6  -1.47263e-6  -1.53337e-6  -1.40372e-6  -1.50537e-6  -1.55788e-6  -1.3686e-6  -1.72265e-6  -1.45761e-6  -1.42869e-6  -1.42877e-6  -1.53606e-6  -1.37985e-6  -1.4379e-6  -1.42877e-6  -1.56581e-6  -1.43403e-6  -1.39687e-6  -1.37754e-6  -1.53603e-6  -1.62857e-6  -1.60871e-6  -1.49391e-6  -1.5324e-6  -1.65382e-6  -1.65168e-6  -1.6862e-6  -1.60123e-6  -1.61142e-6  -1.5422e-6  -1.79081e-6  -1.60579e-6  -1.56528e-6  -1.85768e-6  -1.59813e-6  -1.96466e-6  -1.42181e-6  -1.49844e-6  -1.65354e-6  -1.61193e-6  -1.64972e-6  -1.89891e-6  -1.75271e-6  -1.81647e-6  -1.93695e-6  -1.69142e-6  -2.2988e-6  -1.89864e-6  -2.05461e-6  -2.5507e-6  -2.53907e-6  -1.6992e-6  -1.96149e-6  -2.03962e-6  -1.80908e-6  -2.60476e-6  -3.22282e-6  -2.51643e-6  -2.13174e-6  -2.29e-6  -3.23395e-6  -6.11775e-6  -3.96102e-6  -4.0897e-6  -3.83941e-6  -4.48404e-6  -4.49434e-6  -6.86213e-6  -5.60929e-6  -8.69251e-6  -7.27863e-6  -9.11419e-6  -7.25919e-6  -8.52187e-6  -8.47715e-6  -1.05082e-5  -8.13903e-6  -7.42951e-6  -9.88847e-6  -8.90343e-6  -1.02884e-5  -9.69456e-6  -9.24801e-6  -9.20361e-6  -5.91693e-6  -8.88958e-6  -9.96024e-6  -1.14626e-5  -1.15622e-5  -1.1481e-5  -1.14319e-5  -9.84759e-6  -8.68364e-6  -1.24583e-5  -9.59913e-6  -1.13238e-5  -1.09421e-5  -1.11676e-5  -1.13386e-5  -1.15805e-5  -9.95106e-6  -1.07341e-5  -1.16519e-5  -1.07674e-5  -1.13874e-5  -1.12691e-5  -1.06725e-5  -1.0141e-5  -1.06409e-5  -1.02023e-5  -1.18397e-5  -8.67055e-6  -1.0373e-5  -1.09437e-5  -9.86708e-6  -9.46043e-6  -4.09573e-6  -9.14204e-6  -9.18903e-6  -7.48574e-6  -7.94254e-6  -1.14916e-5  -9.93147e-6  -1.0118e-5  -1.08757e-5  -9.50537e-6  -8.75975e-6  -6.71501e-6  -4.81586e-6  -1.03282e-5  -9.31678e-6  -7.52915e-6  -9.37989e-6  -9.9444e-6  -9.76719e-6  -1.03909e-5  -8.66536e-6  -1.06662e-5  -5.12662e-6  -9.42345e-6  -5.72646e-6  -6.30656e-6  -8.39085e-6  1.75425e-7  -2.91666e-6  -8.93191e-6  -1.04136e-5  -9.58735e-6  -3.62504e-6  -5.66667e-6  -6.40072e-6  -6.96713e-6  -3.61442e-6  -7.1978e-6  -7.77351e-6  -1.19681e-5  -6.14453e-6  -6.26467e-6  -8.78573e-6  -1.06587e-5  -6.49252e-6  -8.60347e-6  -8.44899e-6  -9.16834e-6  -8.14367e-6  -6.34219e-6  -1.09143e-5  -1.0239e-5  -7.58638e-6  -4.40759e-6  -5.55531e-6  -8.8327e-6  -9.95537e-6  -7.48577e-6  -6.26364e-6  -1.15465e-5  -7.57155e-6  -8.89428e-6  -5.82952e-6  -5.15121e-6  -7.63627e-6  -9.07871e-6  -5.16122e-6  -5.8044e-6  -6.14956e-6  -8.1066e-6  -6.84765e-6  -9.2836e-6  -9.13672e-6  -9.96502e-6  -1.02742e-5  -6.50628e-6  -7.83289e-6  -7.01848e-6  -5.1246e-6  -5.96233e-6  -6.39908e-6  -5.99106e-6  -6.33894e-6  -5.54207e-6  -6.83119e-6  -6.66626e-6  -3.47644e-6  -4.31072e-6  1.58472e-7  -5.28507e-6  -6.4437e-6  -6.12956e-6  -4.07287e-6  -5.13325e-6  -5.72577e-6  -6.64556e-6  -5.32606e-6  -5.97632e-6  -6.39342e-6  -3.92444e-6  -4.11976e-6  -5.21467e-6  -3.33253e-6  -5.42337e-6  -4.75315e-6  -3.27704e-6  -4.21237e-6  -4.51048e-6  -2.94038e-6  6.58782e-7  -4.29477e-6  -6.14894e-6  -3.76759e-6  -2.7914e-6  -2.71865e-6  5.15806e-7  -6.73012e-6  6.80749e-7  -7.21972e-6  -1.62202e-6  -2.08037e-6  -6.13777e-6  -4.42036e-6  -5.41283e-6  -5.32852e-6  -9.53116e-6  -7.07757e-6  -6.11399e-6  -6.01807e-6  -6.20399e-6  -6.39497e-6  -7.5789e-6  -7.94362e-6  -7.38976e-6  -9.94529e-6  -9.0026e-6  -7.39228e-6  -4.22305e-6  -9.64777e-6  -2.16954e-7  -7.43691e-6  -4.33515e-6  -6.23638e-6  -7.84835e-6  -6.03423e-6  -8.81911e-6  -6.10622e-6  -9.09533e-6  -8.07916e-6  -8.62052e-6  -5.2584e-6  -7.22487e-6  -8.46028e-6  -7.51184e-6  -7.15634e-6  -1.07455e-5  -5.64663e-6  -7.09621e-6  -1.16416e-5  -8.25799e-6  -7.32568e-6  -1.10249e-6  -5.18556e-6  -5.97935e-6  -4.71178e-6  -7.64282e-6  -7.41428e-6  -8.47423e-6  -1.02241e-5  -6.50991e-6  -6.60228e-6  7.01472e-7  -8.60735e-6  -7.03284e-6  -8.33395e-6  -1.09119e-5  -8.87972e-6  -5.49371e-6  -9.46822e-6  -1.12416e-5  -1.1871e-5  -9.83675e-6  -1.13814e-5  -1.05758e-5  -1.29315e-5  -1.2038e-5  -9.35549e-6  -1.05204e-5  -1.18964e-5  -1.55119e-5  -1.42083e-5  -1.67105e-5  -1.72532e-5  -1.60657e-5  -1.10357e-5  -1.87134e-5  -1.37094e-5  -1.2889e-5  -1.59495e-5
1200 Eigenvalues converges, out of 1200 requested.
Finished processing molecule: formaldehyde
