Processing molecule: formaldehyde
Running with beta = 8
Running with l = 60
read ../formaldehyde/gamma_VASP_RNDbasis1.dat
Davidson
Iter 1: V_size = 32, Converged = 0, ‖r‖ (largest λ) = 44.648751310431436
Iter 2: V_size = 64, Converged = 0, ‖r‖ (largest λ) = 29.631669466799888
Iter 3: V_size = 124, Converged = 0, ‖r‖ (largest λ) = 21.19109417929311
Iter 4: V_size = 120, Converged = 0, ‖r‖ (largest λ) = 0.8112863850145101
Iter 5: V_size = 120, Converged = 0, ‖r‖ (largest λ) = 0.2642926702632518
EV   1 converged λ = -735.4153437081, ‖r‖ = 1.92e-12, stable for 3 iters
EV   2 converged λ = -611.6773615864, ‖r‖ = 5.09e-12, stable for 3 iters
EV   3 converged λ = -594.7742412739, ‖r‖ = 4.61e-12, stable for 3 iters
Iter 6: V_size = 114, Converged = 3, ‖r‖ (largest λ) = 0.05793499550074754
Iter 7: V_size = 114, Converged = 3, ‖r‖ (largest λ) = 0.033698954927939236
Iter 8: V_size = 114, Converged = 3, ‖r‖ (largest λ) = 0.016646635812185732
EV   4 converged λ = -178.9518495502, ‖r‖ = 1.76e-15, stable for 3 iters
EV   5 converged λ = -167.9280307310, ‖r‖ = 4.37e-15, stable for 3 iters
EV   6 converged λ = -139.8613654990, ‖r‖ = 4.09e-14, stable for 3 iters
EV   7 converged λ = -134.6090002247, ‖r‖ = 4.13e-14, stable for 3 iters
EV   8 converged λ = -131.6601989757, ‖r‖ = 2.25e-14, stable for 3 iters
EV   9 converged λ = -89.1246093928, ‖r‖ = 3.12e-13, stable for 3 iters
EV  10 converged λ = -85.0975968389, ‖r‖ = 3.94e-13, stable for 3 iters
EV  11 converged λ = -63.1374088909, ‖r‖ = 6.30e-12, stable for 3 iters
EV  12 converged λ = -46.3616597076, ‖r‖ = 8.83e-11, stable for 3 iters
EV  13 converged λ = -45.8340340820, ‖r‖ = 1.22e-10, stable for 3 iters
EV  14 converged λ = -45.3851815451, ‖r‖ = 1.42e-10, stable for 3 iters
EV  15 converged λ = -36.3324001585, ‖r‖ = 8.14e-10, stable for 3 iters
EV  16 converged λ = -31.1572242298, ‖r‖ = 2.15e-09, stable for 3 iters
EV  17 converged λ = -27.4351946096, ‖r‖ = 1.59e-08, stable for 3 iters
EV  18 converged λ = -25.6627957975, ‖r‖ = 4.61e-08, stable for 3 iters
EV  19 converged λ = -24.7580637576, ‖r‖ = 1.51e-08, stable for 3 iters
EV  20 converged λ = -19.9884918895, ‖r‖ = 1.15e-07, stable for 3 iters
EV  21 converged λ = -19.4865336759, ‖r‖ = 9.89e-08, stable for 3 iters
EV  22 converged λ = -18.1142002056, ‖r‖ = 2.31e-07, stable for 3 iters
EV  23 converged λ = -17.2609173949, ‖r‖ = 1.04e-06, stable for 3 iters
EV  24 converged λ = -16.3526879910, ‖r‖ = 1.65e-07, stable for 3 iters
EV  25 converged λ = -16.2829937153, ‖r‖ = 5.80e-07, stable for 3 iters
EV  26 converged λ = -16.1152499782, ‖r‖ = 3.39e-07, stable for 3 iters
EV  27 converged λ = -15.4658967762, ‖r‖ = 1.93e-06, stable for 3 iters
EV  28 converged λ = -14.3190661648, ‖r‖ = 1.94e-06, stable for 3 iters
EV  29 converged λ = -13.7222574537, ‖r‖ = 2.06e-06, stable for 3 iters
EV  30 converged λ = -13.6825129287, ‖r‖ = 1.33e-06, stable for 3 iters
EV  31 converged λ = -13.5269622006, ‖r‖ = 1.40e-06, stable for 3 iters
EV  32 converged λ = -12.8445327967, ‖r‖ = 1.84e-06, stable for 3 iters
EV  33 converged λ = -12.7590433133, ‖r‖ = 3.16e-06, stable for 3 iters
EV  34 converged λ = -11.9681742751, ‖r‖ = 4.10e-06, stable for 3 iters
Iter 9: V_size = 52, Converged = 34, ‖r‖ (largest λ) = 0.01487470172661818
Iter 10: V_size = 78, Converged = 34, ‖r‖ (largest λ) = 0.008368347699979546
Iter 11: V_size = 104, Converged = 34, ‖r‖ (largest λ) = 0.006298671621038846
EV  35 converged λ = -11.8045444347, ‖r‖ = 1.21e-08, stable for 3 iters
EV  36 converged λ = -11.7043630519, ‖r‖ = 7.80e-09, stable for 3 iters
EV  37 converged λ = -9.8477604663, ‖r‖ = 1.44e-08, stable for 3 iters
EV  38 converged λ = -9.7475907440, ‖r‖ = 6.07e-09, stable for 3 iters
EV  39 converged λ = -9.6326196688, ‖r‖ = 3.06e-08, stable for 3 iters
EV  40 converged λ = -9.4947928788, ‖r‖ = 3.46e-08, stable for 3 iters
EV  41 converged λ = -9.4656609716, ‖r‖ = 9.44e-08, stable for 3 iters
EV  42 converged λ = -7.7273393554, ‖r‖ = 4.70e-07, stable for 3 iters
EV  43 converged λ = -6.8329402410, ‖r‖ = 2.22e-06, stable for 3 iters
EV  44 converged λ = -6.6283479163, ‖r‖ = 9.16e-07, stable for 3 iters
EV  45 converged λ = -6.5857751728, ‖r‖ = 1.92e-06, stable for 3 iters
EV  46 converged λ = -6.5384346764, ‖r‖ = 2.06e-06, stable for 3 iters
EV  47 converged λ = -6.2223720999, ‖r‖ = 2.30e-06, stable for 3 iters
Iter 12: V_size = 26, Converged = 47, ‖r‖ (largest λ) = 0.0013454426881905073
Iter 13: V_size = 39, Converged = 47, ‖r‖ (largest λ) = 0.00027250247088884434
Iter 14: V_size = 52, Converged = 47, ‖r‖ (largest λ) = 6.844743875580814e-5
EV  48 converged λ = -5.7891716333, ‖r‖ = 5.32e-08, stable for 3 iters
EV  49 converged λ = -5.7190116271, ‖r‖ = 6.91e-08, stable for 3 iters
EV  50 converged λ = -5.2281211943, ‖r‖ = 1.48e-07, stable for 3 iters
EV  51 converged λ = -5.0399288323, ‖r‖ = 5.10e-07, stable for 3 iters
EV  52 converged λ = -4.7875655256, ‖r‖ = 5.07e-07, stable for 3 iters
EV  53 converged λ = -4.7814412996, ‖r‖ = 3.17e-06, stable for 3 iters
EV  54 converged λ = -4.6652046288, ‖r‖ = 5.50e-07, stable for 3 iters
EV  55 converged λ = -4.6211801645, ‖r‖ = 5.88e-06, stable for 3 iters
EV  56 converged λ = -4.5200151772, ‖r‖ = 6.87e-06, stable for 3 iters
EV  57 converged λ = -4.4887209626, ‖r‖ = 1.06e-05, stable for 3 iters
EV  58 converged λ = -4.0016557945, ‖r‖ = 2.26e-05, stable for 3 iters
EV  59 converged λ = -3.8956051936, ‖r‖ = 4.36e-05, stable for 3 iters
Iter 15: V_size = 2, Converged = 59, ‖r‖ (largest λ) = 4.3560325358734254e-5
Iter 16: V_size = 3, Converged = 59, ‖r‖ (largest λ) = 7.741725842103748e-5
Iter 17: V_size = 4, Converged = 59, ‖r‖ (largest λ) = 6.0689759154708925e-5
EV  60 converged λ = -4.0926204523, ‖r‖ = 3.39e-05, stable for 3 iters
Converged all eigenvalues.
129.273420 seconds (904.95 k allocations: 55.478 GiB, 0.42% gc time, 0.45% compilation time)
Total estimated FLOPs: 2706356024674

Reading exact Eigenvalues...
Reading eigenvalues from ../Eigenvalues_folder/eigenres_formaldehyde_RNDbasis1.jld2

Relative deviation between Davidson and exact eigenvalues:
1×60 adjoint(::Vector{Float64}) with eltype Float64:
 -0.0  -0.0  -3.82286e-16  4.7647e-16  -1.69249e-16  -2.03213e-16  2.32257e-15  -3.0222e-15  -3.18899e-16  1.66995e-16  -1.57555e-15  -4.59783e-16  -0.0  -0.0  -7.82269e-16  -9.12203e-16  1.81293e-15  -1.93814e-15  -4.30492e-16  -1.58187e-14  -1.07567e-14  -5.82502e-14  -1.18822e-12  -3.08503e-14  -3.7157e-13  -1.2566e-13  -4.13265e-12  -4.24257e-12  -4.75757e-12  -1.99362e-12  -2.19015e-12  -3.86747e-12  -1.12242e-11  -1.93559e-11  -3.00962e-16  -0.0  -3.60764e-16  3.64471e-16  -1.10646e-15  -1.12252e-15  -9.57083e-15  -2.41948e-13  -5.46521e-12  -9.491e-13  -4.23673e-12  -4.69326e-12  -6.239e-12  -5.36972e-15  -9.47347e-15  -4.84172e-14  -6.45525e-13  -5.99408e-13  -2.77546e-11  -7.60202e-13  -1.06409e-10  -1.52609e-10  -3.76367e-10  -1.73777e-9  -3.5372e-9  -1.85122e-8
Running with l = 300
read ../formaldehyde/gamma_VASP_RNDbasis1.dat
Davidson
Iter 1: V_size = 60, Converged = 0, ‖r‖ (largest λ) = 33.54955441081027
Iter 2: V_size = 120, Converged = 0, ‖r‖ (largest λ) = 21.49566240134153
Iter 3: V_size = 240, Converged = 0, ‖r‖ (largest λ) = 23.085141122086267
Iter 4: V_size = 240, Converged = 0, ‖r‖ (largest λ) = 21.895554385074007
Iter 5: V_size = 240, Converged = 0, ‖r‖ (largest λ) = 21.895554384731387
EV   1 converged λ = -735.4153437081, ‖r‖ = 6.96e-08, stable for 3 iters
EV   2 converged λ = -611.6773615864, ‖r‖ = 2.12e-07, stable for 3 iters
EV   3 converged λ = -594.7742412739, ‖r‖ = 9.38e-08, stable for 3 iters
EV   4 converged λ = -178.9518495308, ‖r‖ = 1.04e-05, stable for 3 iters
EV   5 converged λ = -167.9280306474, ‖r‖ = 2.22e-05, stable for 3 iters
EV   6 converged λ = -139.8613654375, ‖r‖ = 2.09e-05, stable for 3 iters
EV   7 converged λ = -134.6090001774, ‖r‖ = 1.86e-05, stable for 3 iters
EV   8 converged λ = -131.6601987668, ‖r‖ = 3.96e-05, stable for 3 iters
EV   9 converged λ = -89.1246091115, ‖r‖ = 5.58e-05, stable for 3 iters
EV  10 converged λ = -85.0975966909, ‖r‖ = 4.15e-05, stable for 3 iters
EV  11 converged λ = -63.1374062080, ‖r‖ = 2.04e-04, stable for 3 iters
EV  12 converged λ = -46.3616464671, ‖r‖ = 5.29e-04, stable for 3 iters
EV  13 converged λ = -45.8340136390, ‖r‖ = 6.59e-04, stable for 3 iters
EV  14 converged λ = -45.3851659591, ‖r‖ = 5.78e-04, stable for 3 iters
EV  15 converged λ = -36.3322339668, ‖r‖ = 2.10e-03, stable for 3 iters
EV  16 converged λ = -31.1571026684, ‖r‖ = 1.93e-03, stable for 3 iters
EV  17 converged λ = -27.4347457699, ‖r‖ = 3.96e-03, stable for 3 iters
EV  18 converged λ = -25.6623178479, ‖r‖ = 4.21e-03, stable for 3 iters
EV  19 converged λ = -24.7576139589, ‖r‖ = 4.18e-03, stable for 3 iters
EV  20 converged λ = -19.4858867930, ‖r‖ = 5.58e-03, stable for 3 iters
Iter 6: V_size = 240, Converged = 20, ‖r‖ (largest λ) = 21.89555438473173
Iter 7: V_size = 240, Converged = 20, ‖r‖ (largest λ) = 26.57736801022401
Iter 8: V_size = 240, Converged = 20, ‖r‖ (largest λ) = 26.577368010298006
EV  21 converged λ = -19.9884907581, ‖r‖ = 2.11e-04, stable for 3 iters
EV  22 converged λ = -18.1141988085, ‖r‖ = 2.80e-04, stable for 3 iters
EV  23 converged λ = -17.2609137164, ‖r‖ = 4.63e-04, stable for 3 iters
EV  24 converged λ = -16.3526846307, ‖r‖ = 4.51e-04, stable for 3 iters
EV  25 converged λ = -16.2829815657, ‖r‖ = 8.50e-04, stable for 3 iters
EV  26 converged λ = -16.1152457387, ‖r‖ = 5.11e-04, stable for 3 iters
EV  27 converged λ = -15.4658939173, ‖r‖ = 4.39e-04, stable for 3 iters
EV  28 converged λ = -14.3190588750, ‖r‖ = 6.93e-04, stable for 3 iters
EV  29 converged λ = -13.7222432297, ‖r‖ = 9.87e-04, stable for 3 iters
EV  30 converged λ = -13.6825029053, ‖r‖ = 8.27e-04, stable for 3 iters
EV  31 converged λ = -13.5269552977, ‖r‖ = 6.97e-04, stable for 3 iters
EV  32 converged λ = -12.8445108510, ‖r‖ = 1.26e-03, stable for 3 iters
EV  33 converged λ = -12.7590318817, ‖r‖ = 9.39e-04, stable for 3 iters
EV  34 converged λ = -11.9681602780, ‖r‖ = 1.06e-03, stable for 3 iters
EV  35 converged λ = -11.8045037994, ‖r‖ = 1.78e-03, stable for 3 iters
EV  36 converged λ = -11.7043135188, ‖r‖ = 1.95e-03, stable for 3 iters
EV  37 converged λ = -9.8476008454, ‖r‖ = 3.78e-03, stable for 3 iters
EV  38 converged λ = -9.7475221794, ‖r‖ = 2.54e-03, stable for 3 iters
EV  39 converged λ = -9.6324648111, ‖r‖ = 3.76e-03, stable for 3 iters
EV  40 converged λ = -9.4945529148, ‖r‖ = 4.44e-03, stable for 3 iters
Iter 9: V_size = 240, Converged = 40, ‖r‖ (largest λ) = 26.57736801023432
Iter 10: V_size = 240, Converged = 40, ‖r‖ (largest λ) = 26.763508868086017
Iter 11: V_size = 240, Converged = 40, ‖r‖ (largest λ) = 26.763508867981848
EV  41 converged λ = -9.4656661126, ‖r‖ = 1.52e-03, stable for 3 iters
EV  42 converged λ = -7.7272939201, ‖r‖ = 2.31e-03, stable for 3 iters
EV  43 converged λ = -6.8328346334, ‖r‖ = 3.78e-03, stable for 3 iters
EV  44 converged λ = -6.6282057988, ‖r‖ = 5.11e-03, stable for 3 iters
EV  45 converged λ = -6.5383786548, ‖r‖ = 2.82e-03, stable for 3 iters
EV  46 converged λ = -6.2221988547, ‖r‖ = 5.31e-03, stable for 3 iters
EV  47 converged λ = -5.7890699221, ‖r‖ = 4.41e-03, stable for 3 iters
Iter 12: V_size = 240, Converged = 47, ‖r‖ (largest λ) = 26.76350886799618
Iter 13: V_size = 240, Converged = 47, ‖r‖ (largest λ) = 32.55928489384444
Iter 14: V_size = 240, Converged = 47, ‖r‖ (largest λ) = 32.55928489465142
EV  48 converged λ = -6.5857859711, ‖r‖ = 2.14e-03, stable for 3 iters
EV  49 converged λ = -5.7190197491, ‖r‖ = 2.37e-03, stable for 3 iters
EV  50 converged λ = -5.2281296819, ‖r‖ = 2.89e-03, stable for 3 iters
EV  51 converged λ = -5.0399349655, ‖r‖ = 2.53e-03, stable for 3 iters
EV  52 converged λ = -4.7875702850, ‖r‖ = 4.25e-03, stable for 3 iters
EV  53 converged λ = -4.7814401556, ‖r‖ = 1.86e-03, stable for 3 iters
EV  54 converged λ = -4.6652037981, ‖r‖ = 1.85e-03, stable for 3 iters
Iter 15: V_size = 240, Converged = 54, ‖r‖ (largest λ) = 32.5592848941923
Iter 16: V_size = 240, Converged = 54, ‖r‖ (largest λ) = 28.767003243037752
Iter 17: V_size = 240, Converged = 54, ‖r‖ (largest λ) = 28.767003242562872
EV  55 converged λ = -4.6212008929, ‖r‖ = 4.81e-03, stable for 3 iters
EV  56 converged λ = -4.5200170311, ‖r‖ = 2.34e-03, stable for 3 iters
EV  57 converged λ = -4.4887324587, ‖r‖ = 3.92e-03, stable for 3 iters
EV  58 converged λ = -4.0926224601, ‖r‖ = 3.64e-03, stable for 3 iters
EV  59 converged λ = -4.0016835327, ‖r‖ = 5.84e-03, stable for 3 iters
EV  60 converged λ = -3.8956030268, ‖r‖ = 2.38e-03, stable for 3 iters
Iter 18: V_size = 240, Converged = 60, ‖r‖ (largest λ) = 28.767003242399113
Iter 19: V_size = 240, Converged = 60, ‖r‖ (largest λ) = 32.93973914087282
Iter 20: V_size = 240, Converged = 60, ‖r‖ (largest λ) = 32.93973914114107
EV  61 converged λ = -3.6818237567, ‖r‖ = 4.03e-03, stable for 3 iters
Iter 21: V_size = 240, Converged = 61, ‖r‖ (largest λ) = 32.93973914138539
Iter 22: V_size = 240, Converged = 61, ‖r‖ (largest λ) = 31.777122041935584
Iter 23: V_size = 240, Converged = 61, ‖r‖ (largest λ) = 36.574555432526076
Iter 24: V_size = 240, Converged = 61, ‖r‖ (largest λ) = 30.769861249704526
EV  62 converged λ = -3.5017546570, ‖r‖ = 4.94e-03, stable for 3 iters
Iter 25: V_size = 240, Converged = 62, ‖r‖ (largest λ) = 33.75954858052348
Iter 26: V_size = 240, Converged = 62, ‖r‖ (largest λ) = 38.728835018935804
Iter 27: V_size = 240, Converged = 62, ‖r‖ (largest λ) = 43.83792541278887
EV  63 converged λ = -3.4531376945, ‖r‖ = 5.97e-03, stable for 3 iters
Iter 28: V_size = 240, Converged = 63, ‖r‖ (largest λ) = 28.787060676426382
Iter 29: V_size = 240, Converged = 63, ‖r‖ (largest λ) = 27.712094287476358
Iter 30: V_size = 240, Converged = 63, ‖r‖ (largest λ) = 27.993126913568634
EV  64 converged λ = -3.3993035977, ‖r‖ = 4.95e-03, stable for 3 iters
Iter 31: V_size = 240, Converged = 64, ‖r‖ (largest λ) = 35.31480864908045
Iter 32: V_size = 240, Converged = 64, ‖r‖ (largest λ) = 29.239529866360822
Iter 33: V_size = 240, Converged = 64, ‖r‖ (largest λ) = 39.475509764437255
EV  65 converged λ = -3.2422779893, ‖r‖ = 3.45e-03, stable for 3 iters
Iter 34: V_size = 240, Converged = 65, ‖r‖ (largest λ) = 26.51693773425805
Iter 35: V_size = 240, Converged = 65, ‖r‖ (largest λ) = 24.97866377426275
Iter 36: V_size = 240, Converged = 65, ‖r‖ (largest λ) = 27.76288388598747
Iter 37: V_size = 240, Converged = 65, ‖r‖ (largest λ) = 25.263827832295707
EV  66 converged λ = -3.1851028981, ‖r‖ = 4.17e-03, stable for 3 iters
EV  67 converged λ = -2.9940410411, ‖r‖ = 4.35e-03, stable for 3 iters
Iter 38: V_size = 240, Converged = 67, ‖r‖ (largest λ) = 21.90241208541097
Iter 39: V_size = 240, Converged = 67, ‖r‖ (largest λ) = 30.311034424859578
Iter 40: V_size = 240, Converged = 67, ‖r‖ (largest λ) = 15.51265373338725
Iter 41: V_size = 240, Converged = 67, ‖r‖ (largest λ) = 19.222309007890384
Iter 42: V_size = 240, Converged = 67, ‖r‖ (largest λ) = 17.29139428705932
EV  68 converged λ = -2.5874583152, ‖r‖ = 4.51e-03, stable for 3 iters
Iter 43: V_size = 240, Converged = 68, ‖r‖ (largest λ) = 19.330833185767947
Iter 44: V_size = 240, Converged = 68, ‖r‖ (largest λ) = 18.94867633903508
Iter 45: V_size = 240, Converged = 68, ‖r‖ (largest λ) = 22.543488486121504
Iter 46: V_size = 240, Converged = 68, ‖r‖ (largest λ) = 17.065675926825335
Iter 47: V_size = 240, Converged = 68, ‖r‖ (largest λ) = 19.00517859404159
Iter 48: V_size = 240, Converged = 68, ‖r‖ (largest λ) = 13.30385915403614
Iter 49: V_size = 240, Converged = 68, ‖r‖ (largest λ) = 11.855710271831605
Iter 50: V_size = 240, Converged = 68, ‖r‖ (largest λ) = 24.07713939904108
Iter 51: V_size = 240, Converged = 68, ‖r‖ (largest λ) = 14.148534822721201
Iter 52: V_size = 240, Converged = 68, ‖r‖ (largest λ) = 20.143248741995993
Iter 53: V_size = 240, Converged = 68, ‖r‖ (largest λ) = 23.6359162276944
EV  69 converged λ = -2.4160838670, ‖r‖ = 5.36e-03, stable for 3 iters
Iter 54: V_size = 240, Converged = 69, ‖r‖ (largest λ) = 14.594652420431716
Iter 55: V_size = 240, Converged = 69, ‖r‖ (largest λ) = 15.696588393281916
Iter 56: V_size = 240, Converged = 69, ‖r‖ (largest λ) = 13.30353955636927
Iter 57: V_size = 240, Converged = 69, ‖r‖ (largest λ) = 17.069543783744113
Iter 58: V_size = 240, Converged = 69, ‖r‖ (largest λ) = 9.72232748256642
Iter 59: V_size = 240, Converged = 69, ‖r‖ (largest λ) = 7.535461253511314
Iter 60: V_size = 240, Converged = 69, ‖r‖ (largest λ) = 9.16044458371859
Iter 61: V_size = 240, Converged = 69, ‖r‖ (largest λ) = 6.467443133824057
Iter 62: V_size = 240, Converged = 69, ‖r‖ (largest λ) = 5.2977080042621925
Iter 63: V_size = 240, Converged = 69, ‖r‖ (largest λ) = 6.460429136710846
Iter 64: V_size = 240, Converged = 69, ‖r‖ (largest λ) = 5.571632225975674
Iter 65: V_size = 240, Converged = 69, ‖r‖ (largest λ) = 4.847034213934308
Iter 66: V_size = 240, Converged = 69, ‖r‖ (largest λ) = 5.681029943818388
Iter 67: V_size = 240, Converged = 69, ‖r‖ (largest λ) = 4.905732252969307
Iter 68: V_size = 240, Converged = 69, ‖r‖ (largest λ) = 3.8551424384228055
Iter 69: V_size = 240, Converged = 69, ‖r‖ (largest λ) = 3.9536678938879977
Iter 70: V_size = 240, Converged = 69, ‖r‖ (largest λ) = 4.156049506794332
Iter 71: V_size = 240, Converged = 69, ‖r‖ (largest λ) = 3.433981908782125
Iter 72: V_size = 240, Converged = 69, ‖r‖ (largest λ) = 4.065325831361019
EV  70 converged λ = -2.2323358545, ‖r‖ = 5.29e-03, stable for 3 iters
Iter 73: V_size = 240, Converged = 70, ‖r‖ (largest λ) = 3.7533194479921743
Iter 74: V_size = 240, Converged = 70, ‖r‖ (largest λ) = 2.5166748223151507
Iter 75: V_size = 240, Converged = 70, ‖r‖ (largest λ) = 1.829306981614744
Iter 76: V_size = 240, Converged = 70, ‖r‖ (largest λ) = 2.3021386070825978
Iter 77: V_size = 240, Converged = 70, ‖r‖ (largest λ) = 2.1245314954624597
Iter 78: V_size = 240, Converged = 70, ‖r‖ (largest λ) = 1.3390485699920038
Iter 79: V_size = 240, Converged = 70, ‖r‖ (largest λ) = 1.5951212972396698
Iter 80: V_size = 240, Converged = 70, ‖r‖ (largest λ) = 1.2739159225488723
Iter 81: V_size = 240, Converged = 70, ‖r‖ (largest λ) = 1.259555799791021
EV  71 converged λ = -2.1395487558, ‖r‖ = 5.04e-03, stable for 3 iters
Iter 82: V_size = 240, Converged = 71, ‖r‖ (largest λ) = 0.8866628956192338
Iter 83: V_size = 240, Converged = 71, ‖r‖ (largest λ) = 0.821897863042466
Iter 84: V_size = 240, Converged = 71, ‖r‖ (largest λ) = 0.6844970905070419
Iter 85: V_size = 240, Converged = 71, ‖r‖ (largest λ) = 0.6815818224451119
Iter 86: V_size = 240, Converged = 71, ‖r‖ (largest λ) = 0.6362859079917155
Iter 87: V_size = 240, Converged = 71, ‖r‖ (largest λ) = 0.49152474988658357
Iter 88: V_size = 240, Converged = 71, ‖r‖ (largest λ) = 0.4760305005847571
Iter 89: V_size = 240, Converged = 71, ‖r‖ (largest λ) = 0.40823611711435065
Iter 90: V_size = 240, Converged = 71, ‖r‖ (largest λ) = 0.4963413443461066
Iter 91: V_size = 240, Converged = 71, ‖r‖ (largest λ) = 0.42551772057863213
Iter 92: V_size = 240, Converged = 71, ‖r‖ (largest λ) = 0.41697355253761714
Iter 93: V_size = 240, Converged = 71, ‖r‖ (largest λ) = 0.3822966618498018
Iter 94: V_size = 240, Converged = 71, ‖r‖ (largest λ) = 0.3368609203070508
Iter 95: V_size = 240, Converged = 71, ‖r‖ (largest λ) = 0.33357951514267614
Iter 96: V_size = 240, Converged = 71, ‖r‖ (largest λ) = 0.33723748474236015
Iter 97: V_size = 240, Converged = 71, ‖r‖ (largest λ) = 0.3236939462668571
Iter 98: V_size = 240, Converged = 71, ‖r‖ (largest λ) = 0.31592717988483454
Iter 99: V_size = 240, Converged = 71, ‖r‖ (largest λ) = 0.2961460979072294
Iter 100: V_size = 240, Converged = 71, ‖r‖ (largest λ) = 0.27869625837023515
Iter 101: V_size = 240, Converged = 71, ‖r‖ (largest λ) = 0.2274030927397391
Iter 102: V_size = 240, Converged = 71, ‖r‖ (largest λ) = 0.22940290187755724
Iter 103: V_size = 240, Converged = 71, ‖r‖ (largest λ) = 0.23521167838444682
Iter 104: V_size = 240, Converged = 71, ‖r‖ (largest λ) = 0.23432130636141776
Iter 105: V_size = 240, Converged = 71, ‖r‖ (largest λ) = 0.18039079775653322
Iter 106: V_size = 240, Converged = 71, ‖r‖ (largest λ) = 0.16855391696376176
Iter 107: V_size = 240, Converged = 71, ‖r‖ (largest λ) = 0.17808666682254382
Iter 108: V_size = 240, Converged = 71, ‖r‖ (largest λ) = 0.173949353646146
Iter 109: V_size = 240, Converged = 71, ‖r‖ (largest λ) = 0.167484540851717
Iter 110: V_size = 240, Converged = 71, ‖r‖ (largest λ) = 0.16566806794887903
Iter 111: V_size = 240, Converged = 71, ‖r‖ (largest λ) = 0.16685230680614527
Iter 112: V_size = 240, Converged = 71, ‖r‖ (largest λ) = 0.16886382559693142
Iter 113: V_size = 240, Converged = 71, ‖r‖ (largest λ) = 0.16604647879109574
Iter 114: V_size = 240, Converged = 71, ‖r‖ (largest λ) = 0.164679477813113
Iter 115: V_size = 240, Converged = 71, ‖r‖ (largest λ) = 0.1653544941833699
Iter 116: V_size = 240, Converged = 71, ‖r‖ (largest λ) = 0.165269447909101
Iter 117: V_size = 240, Converged = 71, ‖r‖ (largest λ) = 0.16204497669182372
Iter 118: V_size = 240, Converged = 71, ‖r‖ (largest λ) = 0.15659143096932934
Iter 119: V_size = 240, Converged = 71, ‖r‖ (largest λ) = 0.1500508646262075
Iter 120: V_size = 240, Converged = 71, ‖r‖ (largest λ) = 0.15165384164271334
Iter 121: V_size = 240, Converged = 71, ‖r‖ (largest λ) = 0.15722383502150744
Iter 122: V_size = 240, Converged = 71, ‖r‖ (largest λ) = 0.1564498645651678
Iter 123: V_size = 240, Converged = 71, ‖r‖ (largest λ) = 0.1556328499289104
Iter 124: V_size = 240, Converged = 71, ‖r‖ (largest λ) = 0.15576881363968237
Iter 125: V_size = 240, Converged = 71, ‖r‖ (largest λ) = 0.1539513865796174
Iter 126: V_size = 240, Converged = 71, ‖r‖ (largest λ) = 0.14689501081943843
Iter 127: V_size = 240, Converged = 71, ‖r‖ (largest λ) = 0.14707150129248456
Iter 128: V_size = 240, Converged = 71, ‖r‖ (largest λ) = 0.14657102905724922
Iter 129: V_size = 240, Converged = 71, ‖r‖ (largest λ) = 0.14063422415606708
Iter 130: V_size = 240, Converged = 71, ‖r‖ (largest λ) = 0.14188090618985572
Iter 131: V_size = 240, Converged = 71, ‖r‖ (largest λ) = 0.14181581005058524
Iter 132: V_size = 240, Converged = 71, ‖r‖ (largest λ) = 0.14580955595541997
Iter 133: V_size = 240, Converged = 71, ‖r‖ (largest λ) = 0.14076112942989713
Iter 134: V_size = 240, Converged = 71, ‖r‖ (largest λ) = 0.13830530086204898
Iter 135: V_size = 240, Converged = 71, ‖r‖ (largest λ) = 0.13604648248680135
Iter 136: V_size = 240, Converged = 71, ‖r‖ (largest λ) = 0.1362962325430743
Iter 137: V_size = 240, Converged = 71, ‖r‖ (largest λ) = 0.13528531630112994
Iter 138: V_size = 240, Converged = 71, ‖r‖ (largest λ) = 0.13252937723722377
Iter 139: V_size = 240, Converged = 71, ‖r‖ (largest λ) = 0.1320029505410178
Iter 140: V_size = 240, Converged = 71, ‖r‖ (largest λ) = 0.13018273183994952
Iter 141: V_size = 240, Converged = 71, ‖r‖ (largest λ) = 0.12974045017618102
Iter 142: V_size = 240, Converged = 71, ‖r‖ (largest λ) = 0.12852046432833472
Iter 143: V_size = 240, Converged = 71, ‖r‖ (largest λ) = 0.12830747166317014
Iter 144: V_size = 240, Converged = 71, ‖r‖ (largest λ) = 0.1275476202313458
Iter 145: V_size = 240, Converged = 71, ‖r‖ (largest λ) = 0.12519136777214446
Iter 146: V_size = 240, Converged = 71, ‖r‖ (largest λ) = 0.1230682109217835
Iter 147: V_size = 240, Converged = 71, ‖r‖ (largest λ) = 0.12197960595445116
Iter 148: V_size = 240, Converged = 71, ‖r‖ (largest λ) = 0.12116705459658474
Iter 149: V_size = 240, Converged = 71, ‖r‖ (largest λ) = 0.1193095050868808
Iter 150: V_size = 240, Converged = 71, ‖r‖ (largest λ) = 0.11898713683052338
Iter 151: V_size = 240, Converged = 71, ‖r‖ (largest λ) = 0.11878799187506173
Iter 152: V_size = 240, Converged = 71, ‖r‖ (largest λ) = 0.11789313537890833
Iter 153: V_size = 240, Converged = 71, ‖r‖ (largest λ) = 0.11712397515157517
Iter 154: V_size = 240, Converged = 71, ‖r‖ (largest λ) = 0.11465872683004295
Iter 155: V_size = 240, Converged = 71, ‖r‖ (largest λ) = 0.11357619877538322
Iter 156: V_size = 240, Converged = 71, ‖r‖ (largest λ) = 0.11297345573919385
Iter 157: V_size = 240, Converged = 71, ‖r‖ (largest λ) = 0.11366813241449127
Iter 158: V_size = 240, Converged = 71, ‖r‖ (largest λ) = 0.11205913641449153
Iter 159: V_size = 240, Converged = 71, ‖r‖ (largest λ) = 0.11066814479951685
Iter 160: V_size = 240, Converged = 71, ‖r‖ (largest λ) = 0.10939738535867685
Iter 161: V_size = 240, Converged = 71, ‖r‖ (largest λ) = 0.10872596773973608
Iter 162: V_size = 240, Converged = 71, ‖r‖ (largest λ) = 0.10862803563016032
Iter 163: V_size = 240, Converged = 71, ‖r‖ (largest λ) = 0.1072243656257169
Iter 164: V_size = 240, Converged = 71, ‖r‖ (largest λ) = 0.10676438433093437
Iter 165: V_size = 240, Converged = 71, ‖r‖ (largest λ) = 0.10654115560420949
Iter 166: V_size = 240, Converged = 71, ‖r‖ (largest λ) = 0.10502437000423198
Iter 167: V_size = 240, Converged = 71, ‖r‖ (largest λ) = 0.10460345232028792
Iter 168: V_size = 240, Converged = 71, ‖r‖ (largest λ) = 0.1044574670537227
Iter 169: V_size = 240, Converged = 71, ‖r‖ (largest λ) = 0.10455543046147946
Iter 170: V_size = 240, Converged = 71, ‖r‖ (largest λ) = 0.10441976447633237
Iter 171: V_size = 240, Converged = 71, ‖r‖ (largest λ) = 0.104289921124831
Iter 172: V_size = 240, Converged = 71, ‖r‖ (largest λ) = 0.10412403330202151
Iter 173: V_size = 240, Converged = 71, ‖r‖ (largest λ) = 0.1042877752379182
Iter 174: V_size = 240, Converged = 71, ‖r‖ (largest λ) = 0.10435804682073775
Iter 175: V_size = 240, Converged = 71, ‖r‖ (largest λ) = 0.10440612557414
Iter 176: V_size = 240, Converged = 71, ‖r‖ (largest λ) = 0.10467135929145988
Iter 177: V_size = 240, Converged = 71, ‖r‖ (largest λ) = 0.10246683886718803
Iter 178: V_size = 240, Converged = 71, ‖r‖ (largest λ) = 0.10239295223409696
Iter 179: V_size = 240, Converged = 71, ‖r‖ (largest λ) = 0.10205872422662388
Iter 180: V_size = 240, Converged = 71, ‖r‖ (largest λ) = 0.10205625947641773
Iter 181: V_size = 240, Converged = 71, ‖r‖ (largest λ) = 0.10205295603028508
Iter 182: V_size = 240, Converged = 71, ‖r‖ (largest λ) = 0.10187659091200844
Iter 183: V_size = 240, Converged = 71, ‖r‖ (largest λ) = 0.10088940520519078
Iter 184: V_size = 240, Converged = 71, ‖r‖ (largest λ) = 0.10061738222195635
Iter 185: V_size = 240, Converged = 71, ‖r‖ (largest λ) = 0.1002368267907534
Iter 186: V_size = 240, Converged = 71, ‖r‖ (largest λ) = 0.10025095074393786
Iter 187: V_size = 240, Converged = 71, ‖r‖ (largest λ) = 0.10006066607427098
Iter 188: V_size = 240, Converged = 71, ‖r‖ (largest λ) = 0.10008956661496242
Iter 189: V_size = 240, Converged = 71, ‖r‖ (largest λ) = 0.10016047554880061
Iter 190: V_size = 240, Converged = 71, ‖r‖ (largest λ) = 0.09938230024304391
Iter 191: V_size = 240, Converged = 71, ‖r‖ (largest λ) = 0.09957530911768434
Iter 192: V_size = 240, Converged = 71, ‖r‖ (largest λ) = 0.09948755703697214
Iter 193: V_size = 240, Converged = 71, ‖r‖ (largest λ) = 0.09947902752626682
Iter 194: V_size = 240, Converged = 71, ‖r‖ (largest λ) = 0.09949515012971807
Iter 195: V_size = 240, Converged = 71, ‖r‖ (largest λ) = 0.0993117970931453
Iter 196: V_size = 240, Converged = 71, ‖r‖ (largest λ) = 0.09947872499970217
Iter 197: V_size = 240, Converged = 71, ‖r‖ (largest λ) = 0.09930931425873626
Iter 198: V_size = 240, Converged = 71, ‖r‖ (largest λ) = 0.09904753836924873
Iter 199: V_size = 240, Converged = 71, ‖r‖ (largest λ) = 0.09886566132945698
Iter 200: V_size = 240, Converged = 71, ‖r‖ (largest λ) = 0.09859939762598675
Iter 201: V_size = 240, Converged = 71, ‖r‖ (largest λ) = 0.09835364639111682
Iter 202: V_size = 240, Converged = 71, ‖r‖ (largest λ) = 0.09776770688685578
Iter 203: V_size = 240, Converged = 71, ‖r‖ (largest λ) = 0.09739591820284041
Iter 204: V_size = 240, Converged = 71, ‖r‖ (largest λ) = 0.0970125339789995
Iter 205: V_size = 240, Converged = 71, ‖r‖ (largest λ) = 0.0969433807629719
Iter 206: V_size = 240, Converged = 71, ‖r‖ (largest λ) = 0.09664053207350282
Iter 207: V_size = 240, Converged = 71, ‖r‖ (largest λ) = 0.09624796916564135
Iter 208: V_size = 240, Converged = 71, ‖r‖ (largest λ) = 0.09526156286197579
Iter 209: V_size = 240, Converged = 71, ‖r‖ (largest λ) = 0.09489266596395303
Iter 210: V_size = 240, Converged = 71, ‖r‖ (largest λ) = 0.09511045094851908
Iter 211: V_size = 240, Converged = 71, ‖r‖ (largest λ) = 0.09497111878670966
Iter 212: V_size = 240, Converged = 71, ‖r‖ (largest λ) = 0.09457266001410841
Iter 213: V_size = 240, Converged = 71, ‖r‖ (largest λ) = 0.09460833542820854
Iter 214: V_size = 240, Converged = 71, ‖r‖ (largest λ) = 0.09380053637102193
Iter 215: V_size = 240, Converged = 71, ‖r‖ (largest λ) = 0.09390578357554408
Iter 216: V_size = 240, Converged = 71, ‖r‖ (largest λ) = 0.0934761708625523
Iter 217: V_size = 240, Converged = 71, ‖r‖ (largest λ) = 0.09338341093602634
Iter 218: V_size = 240, Converged = 71, ‖r‖ (largest λ) = 0.0933904038286544
Iter 219: V_size = 240, Converged = 71, ‖r‖ (largest λ) = 0.09333388722054312
Iter 220: V_size = 240, Converged = 71, ‖r‖ (largest λ) = 0.09321853893277261
Iter 221: V_size = 240, Converged = 71, ‖r‖ (largest λ) = 0.09293533967894291
Iter 222: V_size = 240, Converged = 71, ‖r‖ (largest λ) = 0.09296360298678719
Iter 223: V_size = 240, Converged = 71, ‖r‖ (largest λ) = 0.09296205711000206
Iter 224: V_size = 240, Converged = 71, ‖r‖ (largest λ) = 0.0925726424212974
Iter 225: V_size = 240, Converged = 71, ‖r‖ (largest λ) = 0.0924299079168736
Iter 226: V_size = 240, Converged = 71, ‖r‖ (largest λ) = 0.09194975939424645
Iter 227: V_size = 240, Converged = 71, ‖r‖ (largest λ) = 0.09162628177765134
Iter 228: V_size = 240, Converged = 71, ‖r‖ (largest λ) = 0.09167339970992895
Iter 229: V_size = 240, Converged = 71, ‖r‖ (largest λ) = 0.0915151935535882
Iter 230: V_size = 240, Converged = 71, ‖r‖ (largest λ) = 0.09131128590331827
Iter 231: V_size = 240, Converged = 71, ‖r‖ (largest λ) = 0.09121383849092721
Iter 232: V_size = 240, Converged = 71, ‖r‖ (largest λ) = 0.0911627335706057
Iter 233: V_size = 240, Converged = 71, ‖r‖ (largest λ) = 0.09115239022994105
Iter 234: V_size = 240, Converged = 71, ‖r‖ (largest λ) = 0.09102767608405705
Iter 235: V_size = 240, Converged = 71, ‖r‖ (largest λ) = 0.0909618139742942
Iter 236: V_size = 240, Converged = 71, ‖r‖ (largest λ) = 0.09080902954693428
Iter 237: V_size = 240, Converged = 71, ‖r‖ (largest λ) = 0.09070867467922616
Iter 238: V_size = 240, Converged = 71, ‖r‖ (largest λ) = 0.09066389478575551
Iter 239: V_size = 240, Converged = 71, ‖r‖ (largest λ) = 0.09044604078914255
Iter 240: V_size = 240, Converged = 71, ‖r‖ (largest λ) = 0.08977018881291585
Iter 241: V_size = 240, Converged = 71, ‖r‖ (largest λ) = 0.0895047015590378
Iter 242: V_size = 240, Converged = 71, ‖r‖ (largest λ) = 0.08951194892776673
Iter 243: V_size = 240, Converged = 71, ‖r‖ (largest λ) = 0.08959122116002718
Iter 244: V_size = 240, Converged = 71, ‖r‖ (largest λ) = 0.08951021720588087
ERROR: LoadError: BoundsError: attempt to access 71-element Vector{Float64} at index [1:300]
Stacktrace:
 [1] throw_boundserror(A::Vector{Float64}, I::Tuple{UnitRange{Int64}})
   @ Base ./essentials.jl:14
 [2] checkbounds
   @ ./abstractarray.jl:699 [inlined]
 [3] getindex
   @ ./array.jl:936 [inlined]
 [4] main(molecule::String, l::Int64, beta::Int64, factor::Int64, max_iter::Int64)
   @ Main ~/MA_best/OFFICIAL_calculations/Defl_formaldehyde.jl:266
 [5] top-level scope
   @ ~/MA_best/OFFICIAL_calculations/Defl_formaldehyde.jl:282
in expression starting at /home/fmereto/MA_best/OFFICIAL_calculations/Defl_formaldehyde.jl:275
Iter 245: V_size = 240, Converged = 71, ‖r‖ (largest λ) = 0.08951051477532072
Iter 246: V_size = 240, Converged = 71, ‖r‖ (largest λ) = 0.0893364222821439
Iter 247: V_size = 240, Converged = 71, ‖r‖ (largest λ) = 0.08873735786526972
Iter 248: V_size = 240, Converged = 71, ‖r‖ (largest λ) = 0.08877102671264563
Iter 249: V_size = 240, Converged = 71, ‖r‖ (largest λ) = 0.0888219297411469
Iter 250: V_size = 240, Converged = 71, ‖r‖ (largest λ) = 0.08873514492418066
Iter 251: V_size = 240, Converged = 71, ‖r‖ (largest λ) = 0.08856821836425748
Iter 252: V_size = 240, Converged = 71, ‖r‖ (largest λ) = 0.08873324374835376
Iter 253: V_size = 240, Converged = 71, ‖r‖ (largest λ) = 0.08859491035805206
Iter 254: V_size = 240, Converged = 71, ‖r‖ (largest λ) = 0.08847736171464726
Iter 255: V_size = 240, Converged = 71, ‖r‖ (largest λ) = 0.08831119399535949
Iter 256: V_size = 240, Converged = 71, ‖r‖ (largest λ) = 0.0881674920656122
Iter 257: V_size = 240, Converged = 71, ‖r‖ (largest λ) = 0.08808393171915928
Iter 258: V_size = 240, Converged = 71, ‖r‖ (largest λ) = 0.08815109102845704
Iter 259: V_size = 240, Converged = 71, ‖r‖ (largest λ) = 0.08808829917841828
Iter 260: V_size = 240, Converged = 71, ‖r‖ (largest λ) = 0.08799833697410445
Iter 261: V_size = 240, Converged = 71, ‖r‖ (largest λ) = 0.08802386324727794
Iter 262: V_size = 240, Converged = 71, ‖r‖ (largest λ) = 0.08791531477960296
Iter 263: V_size = 240, Converged = 71, ‖r‖ (largest λ) = 0.08788108583247706
Iter 264: V_size = 240, Converged = 71, ‖r‖ (largest λ) = 0.08742837334980352
Iter 265: V_size = 240, Converged = 71, ‖r‖ (largest λ) = 0.08744032242571532
Iter 266: V_size = 240, Converged = 71, ‖r‖ (largest λ) = 0.08746884800709569
Iter 267: V_size = 240, Converged = 71, ‖r‖ (largest λ) = 0.08743707685637951
Iter 268: V_size = 240, Converged = 71, ‖r‖ (largest λ) = 0.08718691715190184
Iter 269: V_size = 240, Converged = 71, ‖r‖ (largest λ) = 0.08683609174146849
Iter 270: V_size = 240, Converged = 71, ‖r‖ (largest λ) = 0.086744203195186
Iter 271: V_size = 240, Converged = 71, ‖r‖ (largest λ) = 0.08671968117381366
Iter 272: V_size = 240, Converged = 71, ‖r‖ (largest λ) = 0.08673984028975494
Iter 273: V_size = 240, Converged = 71, ‖r‖ (largest λ) = 0.0867960533537454
Iter 274: V_size = 240, Converged = 71, ‖r‖ (largest λ) = 0.08680368122032299
Iter 275: V_size = 240, Converged = 71, ‖r‖ (largest λ) = 0.0868395414957524
Iter 276: V_size = 240, Converged = 71, ‖r‖ (largest λ) = 0.0864042155911173
Iter 277: V_size = 240, Converged = 71, ‖r‖ (largest λ) = 0.08643510391676781
Iter 278: V_size = 240, Converged = 71, ‖r‖ (largest λ) = 0.08634680555860122
Iter 279: V_size = 240, Converged = 71, ‖r‖ (largest λ) = 0.08627510714077741
Iter 280: V_size = 240, Converged = 71, ‖r‖ (largest λ) = 0.08622324939160975
Iter 281: V_size = 240, Converged = 71, ‖r‖ (largest λ) = 0.08610581890481954
Iter 282: V_size = 240, Converged = 71, ‖r‖ (largest λ) = 0.08592609046722331
Iter 283: V_size = 240, Converged = 71, ‖r‖ (largest λ) = 0.0856201972619319
Iter 284: V_size = 240, Converged = 71, ‖r‖ (largest λ) = 0.08539231314716071
Iter 285: V_size = 240, Converged = 71, ‖r‖ (largest λ) = 0.08530253293311842
Iter 286: V_size = 240, Converged = 71, ‖r‖ (largest λ) = 0.08526164833428115
Iter 287: V_size = 240, Converged = 71, ‖r‖ (largest λ) = 0.08525846269707762
Iter 288: V_size = 240, Converged = 71, ‖r‖ (largest λ) = 0.08531734015206277
Iter 289: V_size = 240, Converged = 71, ‖r‖ (largest λ) = 0.08534487078654139
Iter 290: V_size = 240, Converged = 71, ‖r‖ (largest λ) = 0.085256007323809
Iter 291: V_size = 240, Converged = 71, ‖r‖ (largest λ) = 0.08516555848170247
Iter 292: V_size = 240, Converged = 71, ‖r‖ (largest λ) = 0.08512881270881932
Iter 293: V_size = 240, Converged = 71, ‖r‖ (largest λ) = 0.0849687329987713
Iter 294: V_size = 240, Converged = 71, ‖r‖ (largest λ) = 0.08499309183361964
Iter 295: V_size = 240, Converged = 71, ‖r‖ (largest λ) = 0.08498768595122204
Iter 296: V_size = 240, Converged = 71, ‖r‖ (largest λ) = 0.08490702577956127
Iter 297: V_size = 240, Converged = 71, ‖r‖ (largest λ) = 0.0848563366948566
Iter 298: V_size = 240, Converged = 71, ‖r‖ (largest λ) = 0.08478584488268431
Iter 299: V_size = 240, Converged = 71, ‖r‖ (largest λ) = 0.08473435680952918
Iter 300: V_size = 240, Converged = 71, ‖r‖ (largest λ) = 0.08462730027606817
Iter 301: V_size = 240, Converged = 71, ‖r‖ (largest λ) = 0.08455284486912655
Iter 302: V_size = 240, Converged = 71, ‖r‖ (largest λ) = 0.08444755628011485
Iter 303: V_size = 240, Converged = 71, ‖r‖ (largest λ) = 0.08440938293436892
Iter 304: V_size = 240, Converged = 71, ‖r‖ (largest λ) = 0.08439563028898207
Iter 305: V_size = 240, Converged = 71, ‖r‖ (largest λ) = 0.08428365431961558
Iter 306: V_size = 240, Converged = 71, ‖r‖ (largest λ) = 0.08415988446913225
Iter 307: V_size = 240, Converged = 71, ‖r‖ (largest λ) = 0.08395053875612023
Iter 308: V_size = 240, Converged = 71, ‖r‖ (largest λ) = 0.0839214965385698
Iter 309: V_size = 240, Converged = 71, ‖r‖ (largest λ) = 0.08391224290215686
Iter 310: V_size = 240, Converged = 71, ‖r‖ (largest λ) = 0.08362806598408613
Iter 311: V_size = 240, Converged = 71, ‖r‖ (largest λ) = 0.08357698948342092
Iter 312: V_size = 240, Converged = 71, ‖r‖ (largest λ) = 0.08359591596656209
Iter 313: V_size = 240, Converged = 71, ‖r‖ (largest λ) = 0.0834344030205131
Iter 314: V_size = 240, Converged = 71, ‖r‖ (largest λ) = 0.08347902014104633
Iter 315: V_size = 240, Converged = 71, ‖r‖ (largest λ) = 0.08345078222719893
Iter 316: V_size = 240, Converged = 71, ‖r‖ (largest λ) = 0.0834981056253077
Iter 317: V_size = 240, Converged = 71, ‖r‖ (largest λ) = 0.08344883846079544
Iter 318: V_size = 240, Converged = 71, ‖r‖ (largest λ) = 0.0832205018207981
Iter 319: V_size = 240, Converged = 71, ‖r‖ (largest λ) = 0.08318529074907564
Iter 320: V_size = 240, Converged = 71, ‖r‖ (largest λ) = 0.08316719519556234
Iter 321: V_size = 240, Converged = 71, ‖r‖ (largest λ) = 0.08308560548016695
Iter 322: V_size = 240, Converged = 71, ‖r‖ (largest λ) = 0.08300398659060228
Iter 323: V_size = 240, Converged = 71, ‖r‖ (largest λ) = 0.08289068203311042
Iter 324: V_size = 240, Converged = 71, ‖r‖ (largest λ) = 0.08293462244424608
Iter 325: V_size = 240, Converged = 71, ‖r‖ (largest λ) = 0.08289347725481294
Iter 326: V_size = 240, Converged = 71, ‖r‖ (largest λ) = 0.08280604894685901
Iter 327: V_size = 240, Converged = 71, ‖r‖ (largest λ) = 0.08281730745838231
Iter 328: V_size = 240, Converged = 71, ‖r‖ (largest λ) = 0.08272259774687601
Iter 329: V_size = 240, Converged = 71, ‖r‖ (largest λ) = 0.08274152573973194
Iter 330: V_size = 240, Converged = 71, ‖r‖ (largest λ) = 0.08279137425867826
Iter 331: V_size = 240, Converged = 71, ‖r‖ (largest λ) = 0.0828481731288227
Iter 332: V_size = 240, Converged = 71, ‖r‖ (largest λ) = 0.0827471417198563
Iter 333: V_size = 240, Converged = 71, ‖r‖ (largest λ) = 0.08274400089944801
Iter 334: V_size = 240, Converged = 71, ‖r‖ (largest λ) = 0.08260064937457534
Iter 335: V_size = 240, Converged = 71, ‖r‖ (largest λ) = 0.08264412482702066
Iter 336: V_size = 240, Converged = 71, ‖r‖ (largest λ) = 0.08252349848030521
Iter 337: V_size = 240, Converged = 71, ‖r‖ (largest λ) = 0.0825224952944946
Iter 338: V_size = 240, Converged = 71, ‖r‖ (largest λ) = 0.08245398368859158
Iter 339: V_size = 240, Converged = 71, ‖r‖ (largest λ) = 0.08252346145492329
Iter 340: V_size = 240, Converged = 71, ‖r‖ (largest λ) = 0.08254745309395961
Iter 341: V_size = 240, Converged = 71, ‖r‖ (largest λ) = 0.08254514834435285
Iter 342: V_size = 240, Converged = 71, ‖r‖ (largest λ) = 0.08245259250024559
Iter 343: V_size = 240, Converged = 71, ‖r‖ (largest λ) = 0.08241585787659884
Iter 344: V_size = 240, Converged = 71, ‖r‖ (largest λ) = 0.08240751218280992
Iter 345: V_size = 240, Converged = 71, ‖r‖ (largest λ) = 0.08240720700856395
Iter 346: V_size = 240, Converged = 71, ‖r‖ (largest λ) = 0.08240236628518441
Iter 347: V_size = 240, Converged = 71, ‖r‖ (largest λ) = 0.08238019798295271
Iter 348: V_size = 240, Converged = 71, ‖r‖ (largest λ) = 0.08239017178006552
Iter 349: V_size = 240, Converged = 71, ‖r‖ (largest λ) = 0.08243575349586336
Iter 350: V_size = 240, Converged = 71, ‖r‖ (largest λ) = 0.08223075357934775
Iter 351: V_size = 240, Converged = 71, ‖r‖ (largest λ) = 0.08218925419917121
Iter 352: V_size = 240, Converged = 71, ‖r‖ (largest λ) = 0.08211683019062371
Iter 353: V_size = 240, Converged = 71, ‖r‖ (largest λ) = 0.08212308297795812
Iter 354: V_size = 240, Converged = 71, ‖r‖ (largest λ) = 0.08210779793176452
Iter 355: V_size = 240, Converged = 71, ‖r‖ (largest λ) = 0.08186355141034134
Iter 356: V_size = 240, Converged = 71, ‖r‖ (largest λ) = 0.08185421835899769
Iter 357: V_size = 240, Converged = 71, ‖r‖ (largest λ) = 0.08183047445642287
Iter 358: V_size = 240, Converged = 71, ‖r‖ (largest λ) = 0.08185953510645397
Iter 359: V_size = 240, Converged = 71, ‖r‖ (largest λ) = 0.08183514203849215
Iter 360: V_size = 240, Converged = 71, ‖r‖ (largest λ) = 0.0818308345110122
Iter 361: V_size = 240, Converged = 71, ‖r‖ (largest λ) = 0.08176200939688776
Iter 362: V_size = 240, Converged = 71, ‖r‖ (largest λ) = 0.08179397272164352
Iter 363: V_size = 240, Converged = 71, ‖r‖ (largest λ) = 0.08177919413526089
Iter 364: V_size = 240, Converged = 71, ‖r‖ (largest λ) = 0.08176592156483042
Iter 365: V_size = 240, Converged = 71, ‖r‖ (largest λ) = 0.0816811706272018
Iter 366: V_size = 240, Converged = 71, ‖r‖ (largest λ) = 0.08170586377571823
Iter 367: V_size = 240, Converged = 71, ‖r‖ (largest λ) = 0.08170639908022753
Iter 368: V_size = 240, Converged = 71, ‖r‖ (largest λ) = 0.08169809160843743
Iter 369: V_size = 240, Converged = 71, ‖r‖ (largest λ) = 0.08167578468300586
Iter 370: V_size = 240, Converged = 71, ‖r‖ (largest λ) = 0.08167093467255422
Iter 371: V_size = 240, Converged = 71, ‖r‖ (largest λ) = 0.08164413152296145
Iter 372: V_size = 240, Converged = 71, ‖r‖ (largest λ) = 0.08162971533032058
Iter 373: V_size = 240, Converged = 71, ‖r‖ (largest λ) = 0.08157008967461296
Iter 374: V_size = 240, Converged = 71, ‖r‖ (largest λ) = 0.08152126470707884
Iter 375: V_size = 240, Converged = 71, ‖r‖ (largest λ) = 0.08142102378711702
Iter 376: V_size = 240, Converged = 71, ‖r‖ (largest λ) = 0.0814224550181727
Iter 377: V_size = 240, Converged = 71, ‖r‖ (largest λ) = 0.0814323893076151
Iter 378: V_size = 240, Converged = 71, ‖r‖ (largest λ) = 0.08137843694113878
Iter 379: V_size = 240, Converged = 71, ‖r‖ (largest λ) = 0.08139064483876163
Iter 380: V_size = 240, Converged = 71, ‖r‖ (largest λ) = 0.08138854904460704
Iter 381: V_size = 240, Converged = 71, ‖r‖ (largest λ) = 0.08140756172595462
Iter 382: V_size = 240, Converged = 71, ‖r‖ (largest λ) = 0.08142805930797861
Iter 383: V_size = 240, Converged = 71, ‖r‖ (largest λ) = 0.08142077707719507
Iter 384: V_size = 240, Converged = 71, ‖r‖ (largest λ) = 0.08141805590821505
Iter 385: V_size = 240, Converged = 71, ‖r‖ (largest λ) = 0.08141782811939498
Iter 386: V_size = 240, Converged = 71, ‖r‖ (largest λ) = 0.08142755604020335
Iter 387: V_size = 240, Converged = 71, ‖r‖ (largest λ) = 0.08141821235146596
Iter 388: V_size = 240, Converged = 71, ‖r‖ (largest λ) = 0.0814211016304941
Iter 389: V_size = 240, Converged = 71, ‖r‖ (largest λ) = 0.08141704286764785
Iter 390: V_size = 240, Converged = 71, ‖r‖ (largest λ) = 0.08133432524482093
Iter 391: V_size = 240, Converged = 71, ‖r‖ (largest λ) = 0.081334435276292
Iter 392: V_size = 240, Converged = 71, ‖r‖ (largest λ) = 0.08130463758250815
Iter 393: V_size = 240, Converged = 71, ‖r‖ (largest λ) = 0.08129984744391326
Iter 394: V_size = 240, Converged = 71, ‖r‖ (largest λ) = 0.08131756958465734
Iter 395: V_size = 240, Converged = 71, ‖r‖ (largest λ) = 0.08131403817722205
Iter 396: V_size = 240, Converged = 71, ‖r‖ (largest λ) = 0.0813015897420894
Iter 397: V_size = 240, Converged = 71, ‖r‖ (largest λ) = 0.0813425943549342
Iter 398: V_size = 240, Converged = 71, ‖r‖ (largest λ) = 0.08134431086574019
Iter 399: V_size = 240, Converged = 71, ‖r‖ (largest λ) = 0.08132379290266044
Iter 400: V_size = 240, Converged = 71, ‖r‖ (largest λ) = 0.08133009582937033
Iter 401: V_size = 240, Converged = 71, ‖r‖ (largest λ) = 0.08130665549562541
Iter 402: V_size = 240, Converged = 71, ‖r‖ (largest λ) = 0.08128498368570106
Iter 403: V_size = 240, Converged = 71, ‖r‖ (largest λ) = 0.0812355932528299
Iter 404: V_size = 240, Converged = 71, ‖r‖ (largest λ) = 0.08117834890098277
Iter 405: V_size = 240, Converged = 71, ‖r‖ (largest λ) = 0.08116941481766614
Iter 406: V_size = 240, Converged = 71, ‖r‖ (largest λ) = 0.08116020583892107
Iter 407: V_size = 240, Converged = 71, ‖r‖ (largest λ) = 0.08099859634512098
Iter 408: V_size = 240, Converged = 71, ‖r‖ (largest λ) = 0.08096549258811402
Iter 409: V_size = 240, Converged = 71, ‖r‖ (largest λ) = 0.08092299888300698
Iter 410: V_size = 240, Converged = 71, ‖r‖ (largest λ) = 0.08092443709431067
Iter 411: V_size = 240, Converged = 71, ‖r‖ (largest λ) = 0.08089758702681157
Iter 412: V_size = 240, Converged = 71, ‖r‖ (largest λ) = 0.08082499932507423
Iter 413: V_size = 240, Converged = 71, ‖r‖ (largest λ) = 0.08086376476233481
Iter 414: V_size = 240, Converged = 71, ‖r‖ (largest λ) = 0.08080299684915765
Iter 415: V_size = 240, Converged = 71, ‖r‖ (largest λ) = 0.0807350182014933
Iter 416: V_size = 240, Converged = 71, ‖r‖ (largest λ) = 0.08070879460561355
Iter 417: V_size = 240, Converged = 71, ‖r‖ (largest λ) = 0.08070077947587327
Iter 418: V_size = 240, Converged = 71, ‖r‖ (largest λ) = 0.0807050806055838
Iter 419: V_size = 240, Converged = 71, ‖r‖ (largest λ) = 0.08071483350348861
Iter 420: V_size = 240, Converged = 71, ‖r‖ (largest λ) = 0.08079504542410641
Iter 421: V_size = 240, Converged = 71, ‖r‖ (largest λ) = 0.08074439564674961
Iter 422: V_size = 240, Converged = 71, ‖r‖ (largest λ) = 0.08072499121584291
Iter 423: V_size = 240, Converged = 71, ‖r‖ (largest λ) = 0.08073019670126053
Iter 424: V_size = 240, Converged = 71, ‖r‖ (largest λ) = 0.0807074169836033
Iter 425: V_size = 240, Converged = 71, ‖r‖ (largest λ) = 0.0806505189699557
Iter 426: V_size = 240, Converged = 71, ‖r‖ (largest λ) = 0.08062271349187335
Iter 427: V_size = 240, Converged = 71, ‖r‖ (largest λ) = 0.08063177560153069
Iter 428: V_size = 240, Converged = 71, ‖r‖ (largest λ) = 0.08061652966978987
Iter 429: V_size = 240, Converged = 71, ‖r‖ (largest λ) = 0.08062856644312695
Iter 430: V_size = 240, Converged = 71, ‖r‖ (largest λ) = 0.080611485610908
Iter 431: V_size = 240, Converged = 71, ‖r‖ (largest λ) = 0.08061251942317156
Iter 432: V_size = 240, Converged = 71, ‖r‖ (largest λ) = 0.08061687982233534
Iter 433: V_size = 240, Converged = 71, ‖r‖ (largest λ) = 0.0806210283716298
Iter 434: V_size = 240, Converged = 71, ‖r‖ (largest λ) = 0.08057811505370821
Iter 435: V_size = 240, Converged = 71, ‖r‖ (largest λ) = 0.08059712803981099
Iter 436: V_size = 240, Converged = 71, ‖r‖ (largest λ) = 0.08060395492266285
Iter 437: V_size = 240, Converged = 71, ‖r‖ (largest λ) = 0.08059796732624847
Iter 438: V_size = 240, Converged = 71, ‖r‖ (largest λ) = 0.08062037185056767
Iter 439: V_size = 240, Converged = 71, ‖r‖ (largest λ) = 0.080600780241844
Iter 440: V_size = 240, Converged = 71, ‖r‖ (largest λ) = 0.08056725926267404
Iter 441: V_size = 240, Converged = 71, ‖r‖ (largest λ) = 0.08055146984627085
Iter 442: V_size = 240, Converged = 71, ‖r‖ (largest λ) = 0.08054882837615308
Iter 443: V_size = 240, Converged = 71, ‖r‖ (largest λ) = 0.08055471513508278
Iter 444: V_size = 240, Converged = 71, ‖r‖ (largest λ) = 0.08061292245412131
Iter 445: V_size = 240, Converged = 71, ‖r‖ (largest λ) = 0.08047054502410803
Iter 446: V_size = 240, Converged = 71, ‖r‖ (largest λ) = 0.08046077282296266
Iter 447: V_size = 240, Converged = 71, ‖r‖ (largest λ) = 0.08046716374711217
Iter 448: V_size = 240, Converged = 71, ‖r‖ (largest λ) = 0.0804038468485008
Iter 449: V_size = 240, Converged = 71, ‖r‖ (largest λ) = 0.08039403004943588
Iter 450: V_size = 240, Converged = 71, ‖r‖ (largest λ) = 0.08039282924617298
Iter 451: V_size = 240, Converged = 71, ‖r‖ (largest λ) = 0.0804007212090775
Iter 452: V_size = 240, Converged = 71, ‖r‖ (largest λ) = 0.08040028191571397
Iter 453: V_size = 240, Converged = 71, ‖r‖ (largest λ) = 0.08032044192616465
Iter 454: V_size = 240, Converged = 71, ‖r‖ (largest λ) = 0.0802707222744444
Iter 455: V_size = 240, Converged = 71, ‖r‖ (largest λ) = 0.08016034369843641
Iter 456: V_size = 240, Converged = 71, ‖r‖ (largest λ) = 0.0801054183617713
Iter 457: V_size = 240, Converged = 71, ‖r‖ (largest λ) = 0.07990210186256558
Iter 458: V_size = 240, Converged = 71, ‖r‖ (largest λ) = 0.07992464788056353
Iter 459: V_size = 240, Converged = 71, ‖r‖ (largest λ) = 0.07991940519614046
Iter 460: V_size = 240, Converged = 71, ‖r‖ (largest λ) = 0.07984448991084038
Iter 461: V_size = 240, Converged = 71, ‖r‖ (largest λ) = 0.079824897440717
Iter 462: V_size = 240, Converged = 71, ‖r‖ (largest λ) = 0.07983544192318268
Iter 463: V_size = 240, Converged = 71, ‖r‖ (largest λ) = 0.07971614635066662
Iter 464: V_size = 240, Converged = 71, ‖r‖ (largest λ) = 0.07969030584026181
Iter 465: V_size = 240, Converged = 71, ‖r‖ (largest λ) = 0.0796458633457535
Iter 466: V_size = 240, Converged = 71, ‖r‖ (largest λ) = 0.07961386374549756
Iter 467: V_size = 240, Converged = 71, ‖r‖ (largest λ) = 0.07962607247876495
Iter 468: V_size = 240, Converged = 71, ‖r‖ (largest λ) = 0.07961244368892519
Iter 469: V_size = 240, Converged = 71, ‖r‖ (largest λ) = 0.07958348918138461
Iter 470: V_size = 240, Converged = 71, ‖r‖ (largest λ) = 0.0794501267222368
Iter 471: V_size = 240, Converged = 71, ‖r‖ (largest λ) = 0.07940114328572385
Iter 472: V_size = 240, Converged = 71, ‖r‖ (largest λ) = 0.07939242114385286
Iter 473: V_size = 240, Converged = 71, ‖r‖ (largest λ) = 0.07940008266267462
Iter 474: V_size = 240, Converged = 71, ‖r‖ (largest λ) = 0.07934880299546486
Iter 475: V_size = 240, Converged = 71, ‖r‖ (largest λ) = 0.07940152992546
Iter 476: V_size = 240, Converged = 71, ‖r‖ (largest λ) = 0.07917443269351268
Iter 477: V_size = 240, Converged = 71, ‖r‖ (largest λ) = 0.07915302892196081
Iter 478: V_size = 240, Converged = 71, ‖r‖ (largest λ) = 0.07920136908408143
Iter 479: V_size = 240, Converged = 71, ‖r‖ (largest λ) = 0.07903589770857833
Iter 480: V_size = 240, Converged = 71, ‖r‖ (largest λ) = 0.0790580727287251
Iter 481: V_size = 240, Converged = 71, ‖r‖ (largest λ) = 0.07896101614901051
Iter 482: V_size = 240, Converged = 71, ‖r‖ (largest λ) = 0.07892054257238752
Iter 483: V_size = 240, Converged = 71, ‖r‖ (largest λ) = 0.07892574795725267
Iter 484: V_size = 240, Converged = 71, ‖r‖ (largest λ) = 0.07889504794224325
Iter 485: V_size = 240, Converged = 71, ‖r‖ (largest λ) = 0.07887935079706619
Iter 486: V_size = 240, Converged = 71, ‖r‖ (largest λ) = 0.07878242653788496
Iter 487: V_size = 240, Converged = 71, ‖r‖ (largest λ) = 0.07878981224310104
Iter 488: V_size = 240, Converged = 71, ‖r‖ (largest λ) = 0.07876961715221217
Iter 489: V_size = 240, Converged = 71, ‖r‖ (largest λ) = 0.07872507728363344
Iter 490: V_size = 240, Converged = 71, ‖r‖ (largest λ) = 0.07871555880933066
Iter 491: V_size = 240, Converged = 71, ‖r‖ (largest λ) = 0.07873698817354212
Iter 492: V_size = 240, Converged = 71, ‖r‖ (largest λ) = 0.07869583307373453
Iter 493: V_size = 240, Converged = 71, ‖r‖ (largest λ) = 0.0787182405797323
Iter 494: V_size = 240, Converged = 71, ‖r‖ (largest λ) = 0.07871173996036132
Iter 495: V_size = 240, Converged = 71, ‖r‖ (largest λ) = 0.07868871188106422
Iter 496: V_size = 240, Converged = 71, ‖r‖ (largest λ) = 0.07867222127208397
Iter 497: V_size = 240, Converged = 71, ‖r‖ (largest λ) = 0.07866391535478466
Iter 498: V_size = 240, Converged = 71, ‖r‖ (largest λ) = 0.07863710279199805
Iter 499: V_size = 240, Converged = 71, ‖r‖ (largest λ) = 0.07863790222401584
Iter 500: V_size = 240, Converged = 71, ‖r‖ (largest λ) = 0.07865499109478068
Max iterations (500) reached without convergence. Skipping this case.
16084.248360 seconds (432.42 M allocations: 29.130 TiB, 0.66% gc time)
Total estimated FLOPs: 365360038772985

Reading exact Eigenvalues...
Reading eigenvalues from ../Eigenvalues_folder/eigenres_formaldehyde_RNDbasis1.jld2

Relative deviation between Davidson and exact eigenvalues:
