Processing molecule: H2
Running with beta = 8
Running with l = 10
read ../H2/gamma_VASP_RNDbasis1.dat
Davidson
Iter 1: V_size = 32, Converged = 0, ‖r‖ (largest λ) = 126.05438394279834
Iter 2: V_size = 48, Converged = 0, ‖r‖ (largest λ) = 6.743599445566427
Iter 3: V_size = 64, Converged = 0, ‖r‖ (largest λ) = 0.3669083025916106
Iter 4: V_size = 80, Converged = 0, ‖r‖ (largest λ) = 0.0879267487350278
Iter 5: V_size = 96, Converged = 0, ‖r‖ (largest λ) = 0.02153915130489975
EV   1 converged λ = -41.7736162218, ‖r‖ = 3.01e-12, stable for 3 iters
EV   2 converged λ = -28.6339145596, ‖r‖ = 1.88e-11, stable for 3 iters
EV   3 converged λ = -13.4635262472, ‖r‖ = 7.82e-10, stable for 3 iters
EV   4 converged λ = -13.4575148590, ‖r‖ = 6.43e-10, stable for 3 iters
Iter 6: V_size = 24, Converged = 4, ‖r‖ (largest λ) = 0.0005574271971258564
Iter 7: V_size = 36, Converged = 4, ‖r‖ (largest λ) = 3.1289441717198664e-5
Iter 8: V_size = 48, Converged = 4, ‖r‖ (largest λ) = 3.2163949011064905e-6
EV   5 converged λ = -5.4867357314, ‖r‖ = 2.13e-12, stable for 3 iters
EV   6 converged λ = -3.7366409838, ‖r‖ = 9.26e-11, stable for 3 iters
EV   7 converged λ = -3.7365658009, ‖r‖ = 1.36e-11, stable for 3 iters
EV   8 converged λ = -3.2147111475, ‖r‖ = 5.08e-11, stable for 3 iters
EV   9 converged λ = -2.9171851071, ‖r‖ = 1.42e-10, stable for 3 iters
EV  10 converged λ = -2.3436627916, ‖r‖ = 2.15e-09, stable for 3 iters
Converged all eigenvalues.
 10.757685 seconds (201.06 k allocations: 2.521 GiB, 1.64% gc time, 5.51% compilation time)
Total estimated FLOPs: 167481257424

Reading exact Eigenvalues...
Reading eigenvalues from ../Eigenvalues_folder/eigenres_H2_RNDbasis1.jld2

Relative deviation between Davidson and exact eigenvalues:
1×10 adjoint(::Vector{Float64}) with eltype Float64:
 -1.02056e-15  -9.92589e-16  -1.31938e-16  -0.0  -1.61877e-15  5.94236e-16  1.1885e-16  4.14428e-16  1.52232e-15  9.47426e-16
Running with l = 50
read ../H2/gamma_VASP_RNDbasis1.dat
Davidson
Iter 1: V_size = 32, Converged = 0, ‖r‖ (largest λ) = 126.05438394279834
Iter 2: V_size = 64, Converged = 0, ‖r‖ (largest λ) = 90.58762713753514
Iter 3: V_size = 114, Converged = 0, ‖r‖ (largest λ) = 17.05595270684662
Iter 4: V_size = 100, Converged = 0, ‖r‖ (largest λ) = 0.6581244913745531
Iter 5: V_size = 100, Converged = 0, ‖r‖ (largest λ) = 0.2493987629631244
EV   1 converged λ = -41.7736162218, ‖r‖ = 4.09e-13, stable for 3 iters
EV   2 converged λ = -28.6339145596, ‖r‖ = 2.24e-12, stable for 3 iters
EV   3 converged λ = -13.4635262472, ‖r‖ = 1.62e-10, stable for 3 iters
EV   4 converged λ = -13.4575148590, ‖r‖ = 1.59e-10, stable for 3 iters
Iter 6: V_size = 92, Converged = 4, ‖r‖ (largest λ) = 0.04779801093963514
Iter 7: V_size = 92, Converged = 4, ‖r‖ (largest λ) = 0.06361536225281623
Iter 8: V_size = 92, Converged = 4, ‖r‖ (largest λ) = 0.02897828538034409
EV   5 converged λ = -5.4867357314, ‖r‖ = 4.36e-14, stable for 3 iters
EV   6 converged λ = -3.7366409838, ‖r‖ = 1.36e-12, stable for 3 iters
EV   7 converged λ = -3.7365658009, ‖r‖ = 3.85e-13, stable for 3 iters
EV   8 converged λ = -3.2147111475, ‖r‖ = 1.14e-12, stable for 3 iters
EV   9 converged λ = -2.9171851071, ‖r‖ = 1.33e-12, stable for 3 iters
EV  10 converged λ = -2.3436627916, ‖r‖ = 7.02e-11, stable for 3 iters
EV  11 converged λ = -2.3421329598, ‖r‖ = 5.48e-11, stable for 3 iters
EV  12 converged λ = -1.8313787990, ‖r‖ = 2.54e-10, stable for 3 iters
EV  13 converged λ = -1.8302318116, ‖r‖ = 3.12e-10, stable for 3 iters
EV  14 converged λ = -1.3463946793, ‖r‖ = 7.05e-10, stable for 3 iters
EV  15 converged λ = -1.1821827552, ‖r‖ = 6.48e-09, stable for 3 iters
EV  16 converged λ = -1.1820233138, ‖r‖ = 1.76e-08, stable for 3 iters
EV  17 converged λ = -1.0757859280, ‖r‖ = 9.47e-09, stable for 3 iters
EV  18 converged λ = -0.9519714914, ‖r‖ = 1.80e-08, stable for 3 iters
EV  19 converged λ = -0.9515871966, ‖r‖ = 9.67e-09, stable for 3 iters
EV  20 converged λ = -0.7484866263, ‖r‖ = 2.60e-07, stable for 3 iters
EV  21 converged λ = -0.7480675498, ‖r‖ = 2.28e-07, stable for 3 iters
EV  22 converged λ = -0.6611017313, ‖r‖ = 4.96e-07, stable for 3 iters
EV  23 converged λ = -0.6608082648, ‖r‖ = 1.03e-06, stable for 3 iters
EV  24 converged λ = -0.5775514450, ‖r‖ = 4.33e-07, stable for 3 iters
EV  25 converged λ = -0.4976860636, ‖r‖ = 3.87e-06, stable for 3 iters
EV  26 converged λ = -0.4965902543, ‖r‖ = 4.34e-06, stable for 3 iters
EV  27 converged λ = -0.4828394888, ‖r‖ = 4.45e-06, stable for 3 iters
EV  28 converged λ = -0.4459730203, ‖r‖ = 8.32e-06, stable for 3 iters
EV  29 converged λ = -0.4326351292, ‖r‖ = 2.44e-05, stable for 3 iters
EV  30 converged λ = -0.4323713676, ‖r‖ = 6.42e-06, stable for 3 iters
EV  31 converged λ = -0.3791543413, ‖r‖ = 5.02e-05, stable for 3 iters
EV  32 converged λ = -0.3537506407, ‖r‖ = 7.96e-05, stable for 3 iters
EV  33 converged λ = -0.3534184487, ‖r‖ = 2.85e-05, stable for 3 iters
Iter 9: V_size = 34, Converged = 33, ‖r‖ (largest λ) = 0.044224360242188086
Iter 10: V_size = 51, Converged = 33, ‖r‖ (largest λ) = 0.0201861133448682
Iter 11: V_size = 68, Converged = 33, ‖r‖ (largest λ) = 0.05290018324611684
EV  34 converged λ = -0.3788921614, ‖r‖ = 6.72e-08, stable for 3 iters
EV  35 converged λ = -0.3077168637, ‖r‖ = 4.32e-07, stable for 3 iters
EV  36 converged λ = -0.3076040426, ‖r‖ = 5.86e-07, stable for 3 iters
EV  37 converged λ = -0.2739327311, ‖r‖ = 2.08e-06, stable for 3 iters
EV  38 converged λ = -0.2416696040, ‖r‖ = 4.35e-06, stable for 3 iters
EV  39 converged λ = -0.2414981245, ‖r‖ = 1.03e-05, stable for 3 iters
EV  40 converged λ = -0.2319217832, ‖r‖ = 2.77e-06, stable for 3 iters
EV  41 converged λ = -0.2314242587, ‖r‖ = 1.62e-05, stable for 3 iters
EV  42 converged λ = -0.2162482525, ‖r‖ = 1.18e-05, stable for 3 iters
EV  43 converged λ = -0.1895919323, ‖r‖ = 1.31e-05, stable for 3 iters
Iter 12: V_size = 14, Converged = 43, ‖r‖ (largest λ) = 0.004836938904967803
Iter 13: V_size = 21, Converged = 43, ‖r‖ (largest λ) = 0.0010858720282384989
Iter 14: V_size = 28, Converged = 43, ‖r‖ (largest λ) = 0.00030517742437966743
EV  44 converged λ = -0.2159117710, ‖r‖ = 1.29e-06, stable for 3 iters
EV  45 converged λ = -0.1706636383, ‖r‖ = 2.08e-05, stable for 3 iters
EV  46 converged λ = -0.1657930116, ‖r‖ = 2.85e-05, stable for 3 iters
EV  47 converged λ = -0.1657233305, ‖r‖ = 2.53e-05, stable for 3 iters
EV  48 converged λ = -0.1558948255, ‖r‖ = 2.36e-04, stable for 3 iters
EV  49 converged λ = -0.1557333029, ‖r‖ = 2.80e-04, stable for 3 iters
EV  50 converged λ = -0.1530518260, ‖r‖ = 1.87e-04, stable for 3 iters
Converged all eigenvalues.
 22.975365 seconds (509.48 k allocations: 15.726 GiB, 3.26% gc time)
Total estimated FLOPs: 401956422852

Reading exact Eigenvalues...
Reading eigenvalues from ../Eigenvalues_folder/eigenres_H2_RNDbasis1.jld2

Relative deviation between Davidson and exact eigenvalues:
1×50 adjoint(::Vector{Float64}) with eltype Float64:
 -1.02056e-15  -7.44442e-16  5.27754e-16  1.05598e-15  -4.85632e-16  8.3193e-16  1.30735e-15  9.67e-16  9.13393e-16  5.68455e-16  2.84413e-15  -2.42489e-16  4.85282e-16  -9.89507e-16  -3.75652e-16  -1.87851e-16  -8.25609e-16  -9.32988e-16  -1.28338e-15  -7.11979e-14  -5.63966e-14  -2.67353e-13  -1.14566e-12  -2.05878e-13  -1.69343e-11  -2.10853e-11  -2.209e-11  -7.85136e-11  -6.87627e-10  -4.63078e-11  -2.98104e-9  8.058e-15  -7.66927e-9  -9.48569e-10  -1.96272e-13  -3.95936e-13  -4.97028e-12  -2.1739e-11  -1.26903e-10  -8.88861e-12  -3.0915e-10  -1.62355e-10  5.84005e-13  -2.14124e-10  -5.81551e-10  -1.54409e-9  -9.02198e-10  -2.29881e-7  -2.79067e-7  -1.07074e-7
Running with l = 100
read ../H2/gamma_VASP_RNDbasis1.dat
Davidson
Iter 1: V_size = 32, Converged = 0, ‖r‖ (largest λ) = 126.05438394279834
Iter 2: V_size = 64, Converged = 0, ‖r‖ (largest λ) = 90.58762713753514
Iter 3: V_size = 128, Converged = 0, ‖r‖ (largest λ) = 65.24784178219039
Iter 4: V_size = 128, Converged = 0, ‖r‖ (largest λ) = 12.537610764476478
Iter 5: V_size = 128, Converged = 0, ‖r‖ (largest λ) = 8.790462185093359
EV   1 converged λ = -41.7736162218, ‖r‖ = 1.37e-13, stable for 3 iters
EV   2 converged λ = -28.6339145596, ‖r‖ = 8.62e-13, stable for 3 iters
EV   3 converged λ = -13.4635262472, ‖r‖ = 4.35e-11, stable for 3 iters
EV   4 converged λ = -13.4575148590, ‖r‖ = 6.13e-11, stable for 3 iters
Iter 6: V_size = 128, Converged = 4, ‖r‖ (largest λ) = 0.6537761081050434
Iter 7: V_size = 128, Converged = 4, ‖r‖ (largest λ) = 0.22959392739792514
Iter 8: V_size = 128, Converged = 4, ‖r‖ (largest λ) = 0.14890777743813927
EV   5 converged λ = -5.4867357314, ‖r‖ = 1.14e-15, stable for 3 iters
EV   6 converged λ = -3.7366409838, ‖r‖ = 2.38e-15, stable for 3 iters
EV   7 converged λ = -3.7365658009, ‖r‖ = 9.64e-16, stable for 3 iters
EV   8 converged λ = -3.2147111475, ‖r‖ = 2.03e-15, stable for 3 iters
EV   9 converged λ = -2.9171851071, ‖r‖ = 2.37e-15, stable for 3 iters
EV  10 converged λ = -2.3436627916, ‖r‖ = 7.91e-14, stable for 3 iters
EV  11 converged λ = -2.3421329598, ‖r‖ = 6.45e-14, stable for 3 iters
EV  12 converged λ = -1.8313787990, ‖r‖ = 2.73e-13, stable for 3 iters
EV  13 converged λ = -1.8302318116, ‖r‖ = 3.79e-13, stable for 3 iters
EV  14 converged λ = -1.3463946793, ‖r‖ = 9.00e-13, stable for 3 iters
EV  15 converged λ = -1.1821827552, ‖r‖ = 2.18e-10, stable for 3 iters
EV  16 converged λ = -1.1820233138, ‖r‖ = 9.79e-10, stable for 3 iters
EV  17 converged λ = -1.0757859280, ‖r‖ = 5.27e-10, stable for 3 iters
EV  18 converged λ = -0.9519714914, ‖r‖ = 2.52e-10, stable for 3 iters
EV  19 converged λ = -0.9515871966, ‖r‖ = 3.42e-11, stable for 3 iters
EV  20 converged λ = -0.7484866263, ‖r‖ = 3.67e-09, stable for 3 iters
EV  21 converged λ = -0.7480675498, ‖r‖ = 3.51e-09, stable for 3 iters
EV  22 converged λ = -0.6611017313, ‖r‖ = 5.35e-09, stable for 3 iters
EV  23 converged λ = -0.6608082648, ‖r‖ = 9.39e-10, stable for 3 iters
EV  24 converged λ = -0.5775514450, ‖r‖ = 2.25e-09, stable for 3 iters
EV  25 converged λ = -0.4976860636, ‖r‖ = 1.49e-08, stable for 3 iters
EV  26 converged λ = -0.4965902543, ‖r‖ = 5.18e-08, stable for 3 iters
EV  27 converged λ = -0.4828394889, ‖r‖ = 1.80e-08, stable for 3 iters
EV  28 converged λ = -0.4459730203, ‖r‖ = 2.19e-08, stable for 3 iters
EV  29 converged λ = -0.4326351295, ‖r‖ = 1.33e-07, stable for 3 iters
EV  30 converged λ = -0.4323713676, ‖r‖ = 3.90e-07, stable for 3 iters
EV  31 converged λ = -0.3791543425, ‖r‖ = 4.11e-07, stable for 3 iters
EV  32 converged λ = -0.3788921614, ‖r‖ = 1.11e-07, stable for 3 iters
EV  33 converged λ = -0.3537506434, ‖r‖ = 2.15e-07, stable for 3 iters
EV  34 converged λ = -0.3534184490, ‖r‖ = 3.44e-07, stable for 3 iters
EV  35 converged λ = -0.3077168637, ‖r‖ = 1.07e-06, stable for 3 iters
EV  36 converged λ = -0.3076040426, ‖r‖ = 4.75e-07, stable for 3 iters
EV  37 converged λ = -0.2739327227, ‖r‖ = 1.73e-04, stable for 3 iters
EV  38 converged λ = -0.2416695880, ‖r‖ = 2.53e-04, stable for 3 iters
EV  39 converged λ = -0.2414980881, ‖r‖ = 3.82e-04, stable for 3 iters
EV  40 converged λ = -0.2319214786, ‖r‖ = 1.12e-03, stable for 3 iters
EV  41 converged λ = -0.1895918985, ‖r‖ = 4.13e-04, stable for 3 iters
Iter 9: V_size = 118, Converged = 41, ‖r‖ (largest λ) = 0.13408291638928435
Iter 10: V_size = 118, Converged = 41, ‖r‖ (largest λ) = 0.11022516403324195
Iter 11: V_size = 118, Converged = 41, ‖r‖ (largest λ) = 0.03648628185036387
EV  42 converged λ = -0.2314242590, ‖r‖ = 3.02e-06, stable for 3 iters
EV  43 converged λ = -0.2162482525, ‖r‖ = 5.89e-06, stable for 3 iters
EV  44 converged λ = -0.2159117710, ‖r‖ = 5.19e-06, stable for 3 iters
EV  45 converged λ = -0.1706636384, ‖r‖ = 3.21e-06, stable for 3 iters
EV  46 converged λ = -0.1657930119, ‖r‖ = 4.07e-06, stable for 3 iters
EV  47 converged λ = -0.1657233306, ‖r‖ = 7.97e-06, stable for 3 iters
EV  48 converged λ = -0.1558948613, ‖r‖ = 4.96e-06, stable for 3 iters
EV  49 converged λ = -0.1557333464, ‖r‖ = 1.04e-05, stable for 3 iters
EV  50 converged λ = -0.1530518423, ‖r‖ = 1.70e-05, stable for 3 iters
EV  51 converged λ = -0.1524217487, ‖r‖ = 8.78e-06, stable for 3 iters
EV  52 converged λ = -0.1440587150, ‖r‖ = 1.10e-05, stable for 3 iters
EV  53 converged λ = -0.1440548290, ‖r‖ = 1.39e-05, stable for 3 iters
EV  54 converged λ = -0.1327368791, ‖r‖ = 1.54e-05, stable for 3 iters
EV  55 converged λ = -0.1324584617, ‖r‖ = 2.48e-05, stable for 3 iters
EV  56 converged λ = -0.1137697108, ‖r‖ = 9.96e-06, stable for 3 iters
EV  57 converged λ = -0.1133949026, ‖r‖ = 2.76e-05, stable for 3 iters
EV  58 converged λ = -0.0995094353, ‖r‖ = 2.67e-05, stable for 3 iters
EV  59 converged λ = -0.0988872344, ‖r‖ = 3.20e-05, stable for 3 iters
EV  60 converged λ = -0.0973754155, ‖r‖ = 1.87e-05, stable for 3 iters
EV  61 converged λ = -0.0949131039, ‖r‖ = 5.77e-06, stable for 3 iters
EV  62 converged λ = -0.0906898247, ‖r‖ = 2.99e-05, stable for 3 iters
EV  63 converged λ = -0.0901092947, ‖r‖ = 6.64e-05, stable for 3 iters
EV  64 converged λ = -0.0895073458, ‖r‖ = 3.53e-05, stable for 3 iters
EV  65 converged λ = -0.0894398410, ‖r‖ = 4.01e-05, stable for 3 iters
EV  66 converged λ = -0.0787353076, ‖r‖ = 4.87e-05, stable for 3 iters
EV  67 converged λ = -0.0781754988, ‖r‖ = 9.99e-05, stable for 3 iters
EV  68 converged λ = -0.0727134368, ‖r‖ = 3.53e-05, stable for 3 iters
EV  69 converged λ = -0.0704466262, ‖r‖ = 6.97e-05, stable for 3 iters
EV  70 converged λ = -0.0703960302, ‖r‖ = 7.92e-05, stable for 3 iters
EV  71 converged λ = -0.0661627014, ‖r‖ = 9.90e-05, stable for 3 iters
EV  72 converged λ = -0.0650376302, ‖r‖ = 1.16e-04, stable for 3 iters
EV  73 converged λ = -0.0650363875, ‖r‖ = 1.20e-04, stable for 3 iters
EV  74 converged λ = -0.0618537992, ‖r‖ = 1.31e-04, stable for 3 iters
EV  75 converged λ = -0.0615962681, ‖r‖ = 1.05e-04, stable for 3 iters
EV  76 converged λ = -0.0602665721, ‖r‖ = 5.81e-05, stable for 3 iters
EV  77 converged λ = -0.0602473554, ‖r‖ = 9.65e-05, stable for 3 iters
Iter 12: V_size = 46, Converged = 77, ‖r‖ (largest λ) = 0.018959595265455594
Iter 13: V_size = 69, Converged = 77, ‖r‖ (largest λ) = 0.013015828094550546
Iter 14: V_size = 92, Converged = 77, ‖r‖ (largest λ) = 0.00807825332566943
EV  78 converged λ = -0.0562235966, ‖r‖ = 7.66e-05, stable for 3 iters
EV  79 converged λ = -0.0561606759, ‖r‖ = 7.83e-05, stable for 3 iters
EV  80 converged λ = -0.0556893988, ‖r‖ = 1.04e-04, stable for 3 iters
EV  81 converged λ = -0.0554482373, ‖r‖ = 5.51e-05, stable for 3 iters
EV  82 converged λ = -0.0486027874, ‖r‖ = 2.78e-04, stable for 3 iters
EV  83 converged λ = -0.0484758875, ‖r‖ = 2.01e-04, stable for 3 iters
EV  84 converged λ = -0.0483264397, ‖r‖ = 2.16e-04, stable for 3 iters
EV  85 converged λ = -0.0451131051, ‖r‖ = 3.87e-04, stable for 3 iters
EV  86 converged λ = -0.0450908350, ‖r‖ = 6.23e-04, stable for 3 iters
EV  87 converged λ = -0.0424434703, ‖r‖ = 5.32e-04, stable for 3 iters
EV  88 converged λ = -0.0424312570, ‖r‖ = 4.10e-04, stable for 3 iters
EV  89 converged λ = -0.0409327817, ‖r‖ = 1.25e-03, stable for 3 iters
EV  90 converged λ = -0.0405494455, ‖r‖ = 1.72e-03, stable for 3 iters
Iter 15: V_size = 20, Converged = 90, ‖r‖ (largest λ) = 0.005544381624610267
Iter 16: V_size = 30, Converged = 90, ‖r‖ (largest λ) = 0.004571369377380168
Iter 17: V_size = 40, Converged = 90, ‖r‖ (largest λ) = 0.004048240679466219
EV  91 converged λ = -0.0373720229, ‖r‖ = 2.52e-03, stable for 3 iters
EV  92 converged λ = -0.0373672850, ‖r‖ = 1.58e-03, stable for 3 iters
EV  93 converged λ = -0.0344512050, ‖r‖ = 2.99e-03, stable for 3 iters
EV  94 converged λ = -0.0332707005, ‖r‖ = 3.26e-03, stable for 3 iters
EV  95 converged λ = -0.0332550791, ‖r‖ = 3.16e-03, stable for 3 iters
EV  96 converged λ = -0.0288418067, ‖r‖ = 3.77e-03, stable for 3 iters
Iter 18: V_size = 8, Converged = 96, ‖r‖ (largest λ) = 0.0037669917879304
Iter 19: V_size = 12, Converged = 96, ‖r‖ (largest λ) = 0.010148487405661493
Iter 20: V_size = 16, Converged = 96, ‖r‖ (largest λ) = 0.009825592477506384
EV  97 converged λ = -0.0315854876, ‖r‖ = 4.64e-03, stable for 3 iters
Iter 21: V_size = 6, Converged = 97, ‖r‖ (largest λ) = 0.009409188154692593
Iter 22: V_size = 9, Converged = 97, ‖r‖ (largest λ) = 0.009080637336035794
Iter 23: V_size = 12, Converged = 97, ‖r‖ (largest λ) = 0.008879578479879633
Iter 24: V_size = 15, Converged = 97, ‖r‖ (largest λ) = 0.008694658850444023
Iter 25: V_size = 18, Converged = 97, ‖r‖ (largest λ) = 0.008456283789388631
Iter 26: V_size = 21, Converged = 97, ‖r‖ (largest λ) = 0.008222755890096467
Iter 27: V_size = 24, Converged = 97, ‖r‖ (largest λ) = 0.007995031319564442
Iter 28: V_size = 27, Converged = 97, ‖r‖ (largest λ) = 0.007833459161172857
Iter 29: V_size = 30, Converged = 97, ‖r‖ (largest λ) = 0.007684073086601235
Iter 30: V_size = 33, Converged = 97, ‖r‖ (largest λ) = 0.007474477029212879
Iter 31: V_size = 36, Converged = 97, ‖r‖ (largest λ) = 0.0072402125414244255
Iter 32: V_size = 39, Converged = 97, ‖r‖ (largest λ) = 0.007071640717553196
Iter 33: V_size = 42, Converged = 97, ‖r‖ (largest λ) = 0.006986943735412487
Iter 34: V_size = 45, Converged = 97, ‖r‖ (largest λ) = 0.006913151506698621
Iter 35: V_size = 48, Converged = 97, ‖r‖ (largest λ) = 0.006797907923929234
Iter 36: V_size = 51, Converged = 97, ‖r‖ (largest λ) = 0.006696411242751098
Iter 37: V_size = 54, Converged = 97, ‖r‖ (largest λ) = 0.006626023451306533
Iter 38: V_size = 57, Converged = 97, ‖r‖ (largest λ) = 0.006581081838169656
Iter 39: V_size = 60, Converged = 97, ‖r‖ (largest λ) = 0.006526476700718207
Iter 40: V_size = 63, Converged = 97, ‖r‖ (largest λ) = 0.006446749117186728
Iter 41: V_size = 66, Converged = 97, ‖r‖ (largest λ) = 0.006333849168560405
Iter 42: V_size = 69, Converged = 97, ‖r‖ (largest λ) = 0.006249960829100268
Iter 43: V_size = 72, Converged = 97, ‖r‖ (largest λ) = 0.006215473792111329
Iter 44: V_size = 75, Converged = 97, ‖r‖ (largest λ) = 0.006158096013254524
Iter 45: V_size = 78, Converged = 97, ‖r‖ (largest λ) = 0.006076767110507912
Iter 46: V_size = 81, Converged = 97, ‖r‖ (largest λ) = 0.006030085386580203
Iter 47: V_size = 84, Converged = 97, ‖r‖ (largest λ) = 0.0059926215000860455
Iter 48: V_size = 87, Converged = 97, ‖r‖ (largest λ) = 0.0059498138424020535
Iter 49: V_size = 90, Converged = 97, ‖r‖ (largest λ) = 0.005875346379142191
Iter 50: V_size = 93, Converged = 97, ‖r‖ (largest λ) = 0.005817021592806126
Iter 51: V_size = 96, Converged = 97, ‖r‖ (largest λ) = 0.005793368805221206
Iter 52: V_size = 99, Converged = 97, ‖r‖ (largest λ) = 0.0057297907066569
Iter 53: V_size = 102, Converged = 97, ‖r‖ (largest λ) = 0.005629919407191138
Iter 54: V_size = 105, Converged = 97, ‖r‖ (largest λ) = 0.005576981673523306
Iter 55: V_size = 108, Converged = 97, ‖r‖ (largest λ) = 0.005564365974472677
Iter 56: V_size = 111, Converged = 97, ‖r‖ (largest λ) = 0.005520577629464814
Iter 57: V_size = 114, Converged = 97, ‖r‖ (largest λ) = 0.005453781577478138
Iter 58: V_size = 117, Converged = 97, ‖r‖ (largest λ) = 0.005386270039157089
Iter 59: V_size = 120, Converged = 97, ‖r‖ (largest λ) = 0.005288869395736939
Iter 60: V_size = 123, Converged = 97, ‖r‖ (largest λ) = 0.0051763519689312495
Iter 61: V_size = 126, Converged = 97, ‖r‖ (largest λ) = 0.005147424740095913
Iter 62: V_size = 6, Converged = 97, ‖r‖ (largest λ) = 0.00508617023003663
Iter 63: V_size = 9, Converged = 97, ‖r‖ (largest λ) = 0.004775041676661619
Iter 64: V_size = 12, Converged = 97, ‖r‖ (largest λ) = 0.004717394380351604
EV  98 converged λ = -0.0314472137, ‖r‖ = 4.70e-03, stable for 3 iters
Iter 65: V_size = 4, Converged = 98, ‖r‖ (largest λ) = 0.004695701467552305
Iter 66: V_size = 6, Converged = 98, ‖r‖ (largest λ) = 0.004986232187809549
EV  99 converged λ = -0.0315922555, ‖r‖ = 4.98e-03, stable for 3 iters
Iter 67: V_size = 2, Converged = 99, ‖r‖ (largest λ) = 0.004981402862536606
Iter 68: V_size = 3, Converged = 99, ‖r‖ (largest λ) = 0.004983719009275134
Iter 69: V_size = 4, Converged = 99, ‖r‖ (largest λ) = 0.0049700132646342795
EV 100 converged λ = -0.0316712666, ‖r‖ = 4.97e-03, stable for 3 iters
Converged all eigenvalues.
110.705193 seconds (5.05 M allocations: 152.814 GiB, 2.70% gc time)
Total estimated FLOPs: 1604528329168

Reading exact Eigenvalues...
Reading eigenvalues from ../Eigenvalues_folder/eigenres_H2_RNDbasis1.jld2

Relative deviation between Davidson and exact eigenvalues:
1×100 adjoint(::Vector{Float64}) with eltype Float64:
 -1.02056e-15  -9.92589e-16  -3.95815e-16  2.63995e-16  -8.09387e-16  8.3193e-16  4.75398e-16  4.14428e-16  7.6116e-16  1.3264e-15  2.27531e-15  -1.21244e-16  1.33453e-15  -8.2459e-16  -0.0  -5.63554e-16  -1.23841e-15  -1.16624e-15  -1.05004e-15  2.96658e-16  -1.1873e-15  -3.35871e-16  -1.6801e-16  -9.61146e-16  1.33846e-15  -4.47138e-16  -1.83949e-15  -1.61814e-15  -1.9888e-14  -1.56761e-13  -1.73786e-13  -1.34788e-14  -4.86457e-14  -1.20315e-13  -1.19369e-12  -2.32978e-13  -3.09565e-8  -6.61316e-8  -1.50535e-7  -1.31354e-6  1.04703e-9  -2.52958e-11  -2.47827e-11  -1.78243e-7  4.52608e-12  1.35894e-11  6.90605e-11  -2.43641e-11  -4.42265e-11  -2.73832e-10  2.31917e-11  1.38869e-10  -1.72573e-10  -1.82486e-10  -5.71047e-10  -5.51061e-11  -7.44925e-10  -8.13686e-11  -1.07134e-9  -1.14422e-11  -1.97741e-11  -7.3633e-10  -4.27044e-9  -1.17723e-9  -1.53572e-9  -1.93622e-9  -1.08248e-8  -1.23686e-9  -5.47852e-9  -7.52671e-9  -1.13019e-8  -1.40992e-8  -1.62065e-8  -1.21453e-8  -6.15067e-9  -3.45014e-9  -9.6021e-9  -5.26571e-9  -5.43238e-9  -6.21117e-9  -1.24878e-9  -7.9675e-8  -4.12769e-8  -4.55653e-8  -1.49806e-7  -3.94785e-7  -2.92078e-7  -1.70335e-7  -1.5862e-6  -3.03813e-6  -6.44426e-6  -2.49476e-6  -8.99475e-6  -1.08295e-5  -1.01332e-5  -2.4904e-5  -2.47603e-5  -2.20966e-5  -2.22109e-5  -1.60693e-5
Running with l = 200
read ../H2/gamma_VASP_RNDbasis1.dat
Davidson
Iter 1: V_size = 40, Converged = 0, ‖r‖ (largest λ) = 137.11967673569285
Iter 2: V_size = 80, Converged = 0, ‖r‖ (largest λ) = 94.60877782942111
Iter 3: V_size = 160, Converged = 0, ‖r‖ (largest λ) = 68.37562000350502
Iter 4: V_size = 160, Converged = 0, ‖r‖ (largest λ) = 59.27781454786669
Iter 5: V_size = 160, Converged = 0, ‖r‖ (largest λ) = 59.277814547975105
EV   1 converged λ = -41.7736162218, ‖r‖ = 1.75e-07, stable for 3 iters
EV   2 converged λ = -28.6339145596, ‖r‖ = 5.59e-07, stable for 3 iters
EV   3 converged λ = -13.4635262468, ‖r‖ = 5.72e-06, stable for 3 iters
EV   4 converged λ = -13.4575148585, ‖r‖ = 5.99e-06, stable for 3 iters
EV   5 converged λ = -5.4867356082, ‖r‖ = 1.49e-04, stable for 3 iters
EV   6 converged λ = -3.7366397364, ‖r‖ = 5.72e-04, stable for 3 iters
EV   7 converged λ = -3.7365652457, ‖r‖ = 3.83e-04, stable for 3 iters
EV   8 converged λ = -3.2147099411, ‖r‖ = 6.06e-04, stable for 3 iters
EV   9 converged λ = -2.9171837093, ‖r‖ = 6.85e-04, stable for 3 iters
EV  10 converged λ = -2.3436593859, ‖r‖ = 1.19e-03, stable for 3 iters
EV  11 converged λ = -2.3421154581, ‖r‖ = 2.71e-03, stable for 3 iters
EV  12 converged λ = -1.8313672890, ‖r‖ = 2.45e-03, stable for 3 iters
EV  13 converged λ = -1.8302176099, ‖r‖ = 2.74e-03, stable for 3 iters
Iter 6: V_size = 160, Converged = 13, ‖r‖ (largest λ) = 59.27781454798334
Iter 7: V_size = 160, Converged = 13, ‖r‖ (largest λ) = 62.327551115203406
Iter 8: V_size = 160, Converged = 13, ‖r‖ (largest λ) = 62.327551117110424
EV  14 converged λ = -1.3463946542, ‖r‖ = 1.44e-04, stable for 3 iters
EV  15 converged λ = -1.1821827141, ‖r‖ = 1.88e-04, stable for 3 iters
EV  16 converged λ = -1.1820232432, ‖r‖ = 2.60e-04, stable for 3 iters
EV  17 converged λ = -1.0757858205, ‖r‖ = 3.22e-04, stable for 3 iters
EV  18 converged λ = -0.9519708368, ‖r‖ = 8.17e-04, stable for 3 iters
EV  19 converged λ = -0.9515869284, ‖r‖ = 5.22e-04, stable for 3 iters
EV  20 converged λ = -0.7484851620, ‖r‖ = 1.35e-03, stable for 3 iters
EV  21 converged λ = -0.7480651899, ‖r‖ = 1.75e-03, stable for 3 iters
EV  22 converged λ = -0.6611002197, ‖r‖ = 1.46e-03, stable for 3 iters
EV  23 converged λ = -0.6608010818, ‖r‖ = 3.18e-03, stable for 3 iters
EV  24 converged λ = -0.5775450056, ‖r‖ = 3.19e-03, stable for 3 iters
Iter 9: V_size = 160, Converged = 24, ‖r‖ (largest λ) = 62.32755111708485
Iter 10: V_size = 160, Converged = 24, ‖r‖ (largest λ) = 64.16584099740652
Iter 11: V_size = 160, Converged = 24, ‖r‖ (largest λ) = 64.16584099624559
EV  25 converged λ = -0.4976860447, ‖r‖ = 7.87e-04, stable for 3 iters
EV  26 converged λ = -0.4965900854, ‖r‖ = 7.14e-04, stable for 3 iters
EV  27 converged λ = -0.4828387456, ‖r‖ = 1.65e-03, stable for 3 iters
EV  28 converged λ = -0.4459714899, ‖r‖ = 1.92e-03, stable for 3 iters
EV  29 converged λ = -0.4326303583, ‖r‖ = 3.18e-03, stable for 3 iters
EV  30 converged λ = -0.4323706487, ‖r‖ = 1.71e-03, stable for 3 iters
EV  31 converged λ = -0.3788897212, ‖r‖ = 2.42e-03, stable for 3 iters
EV  32 converged λ = -0.3537450816, ‖r‖ = 4.35e-03, stable for 3 iters
EV  33 converged λ = -0.3534154794, ‖r‖ = 2.90e-03, stable for 3 iters
Iter 12: V_size = 160, Converged = 33, ‖r‖ (largest λ) = 64.16584099628221
Iter 13: V_size = 160, Converged = 33, ‖r‖ (largest λ) = 61.22235565613751
Iter 14: V_size = 160, Converged = 33, ‖r‖ (largest λ) = 61.22235565621069
EV  34 converged λ = -0.3791547284, ‖r‖ = 2.06e-03, stable for 3 iters
EV  35 converged λ = -0.3077136870, ‖r‖ = 3.33e-03, stable for 3 iters
EV  36 converged λ = -0.3075992138, ‖r‖ = 3.92e-03, stable for 3 iters
EV  37 converged λ = -0.2739308316, ‖r‖ = 3.95e-03, stable for 3 iters
EV  38 converged λ = -0.2416688309, ‖r‖ = 3.18e-03, stable for 3 iters
Iter 15: V_size = 160, Converged = 38, ‖r‖ (largest λ) = 61.22235565624722
Iter 16: V_size = 160, Converged = 38, ‖r‖ (largest λ) = 59.38083546025946
Iter 17: V_size = 160, Converged = 38, ‖r‖ (largest λ) = 59.38083545924266
EV  39 converged λ = -0.2414985794, ‖r‖ = 3.94e-03, stable for 3 iters
EV  40 converged λ = -0.2319218357, ‖r‖ = 2.23e-03, stable for 3 iters
EV  41 converged λ = -0.2314247102, ‖r‖ = 4.06e-03, stable for 3 iters
EV  42 converged λ = -0.2159116516, ‖r‖ = 2.84e-03, stable for 3 iters
Iter 18: V_size = 160, Converged = 42, ‖r‖ (largest λ) = 59.380835459215604
Iter 19: V_size = 160, Converged = 42, ‖r‖ (largest λ) = 45.00533925027063
Iter 20: V_size = 160, Converged = 42, ‖r‖ (largest λ) = 18.57019782163243
EV  43 converged λ = -0.2162489863, ‖r‖ = 4.93e-03, stable for 3 iters
Iter 21: V_size = 160, Converged = 43, ‖r‖ (largest λ) = 28.447045355349726
Iter 22: V_size = 160, Converged = 43, ‖r‖ (largest λ) = 28.788816892580147
Iter 23: V_size = 160, Converged = 43, ‖r‖ (largest λ) = 18.071647977801504
EV  44 converged λ = -0.1895920972, ‖r‖ = 2.77e-03, stable for 3 iters
EV  45 converged λ = -0.1706642336, ‖r‖ = 4.02e-03, stable for 3 iters
Iter 24: V_size = 160, Converged = 45, ‖r‖ (largest λ) = 22.95316442954535
Iter 25: V_size = 160, Converged = 45, ‖r‖ (largest λ) = 19.19319593052597
Iter 26: V_size = 160, Converged = 45, ‖r‖ (largest λ) = 13.733954411265335
Iter 27: V_size = 160, Converged = 45, ‖r‖ (largest λ) = 19.004432486657958
EV  46 converged λ = -0.1530524194, ‖r‖ = 4.16e-03, stable for 3 iters
Iter 28: V_size = 160, Converged = 46, ‖r‖ (largest λ) = 15.553357119727858
Iter 29: V_size = 160, Converged = 46, ‖r‖ (largest λ) = 17.69303393703869
Iter 30: V_size = 160, Converged = 46, ‖r‖ (largest λ) = 16.746270288584093
Iter 31: V_size = 160, Converged = 46, ‖r‖ (largest λ) = 25.2088075528104
Iter 32: V_size = 160, Converged = 46, ‖r‖ (largest λ) = 18.19686470137574
Iter 33: V_size = 160, Converged = 46, ‖r‖ (largest λ) = 15.428848149664715
EV  47 converged λ = -0.1440590018, ‖r‖ = 4.02e-03, stable for 3 iters
Iter 34: V_size = 160, Converged = 47, ‖r‖ (largest λ) = 12.433577145294997
Iter 35: V_size = 160, Converged = 47, ‖r‖ (largest λ) = 14.317169953181638
Iter 36: V_size = 160, Converged = 47, ‖r‖ (largest λ) = 14.21939290496981
Iter 37: V_size = 160, Converged = 47, ‖r‖ (largest λ) = 13.797297225369201
Iter 38: V_size = 160, Converged = 47, ‖r‖ (largest λ) = 11.729573598243313
Iter 39: V_size = 160, Converged = 47, ‖r‖ (largest λ) = 10.769015369137316
Iter 40: V_size = 160, Converged = 47, ‖r‖ (largest λ) = 11.81904350368864
Iter 41: V_size = 160, Converged = 47, ‖r‖ (largest λ) = 9.685644256206059
Iter 42: V_size = 160, Converged = 47, ‖r‖ (largest λ) = 11.408675491409602
Iter 43: V_size = 160, Converged = 47, ‖r‖ (largest λ) = 10.356637014307061
Iter 44: V_size = 160, Converged = 47, ‖r‖ (largest λ) = 12.186338461852012
Iter 45: V_size = 160, Converged = 47, ‖r‖ (largest λ) = 9.742383134333044
Iter 46: V_size = 160, Converged = 47, ‖r‖ (largest λ) = 13.314048318906034
Iter 47: V_size = 160, Converged = 47, ‖r‖ (largest λ) = 10.641091683525152
Iter 48: V_size = 160, Converged = 47, ‖r‖ (largest λ) = 10.83131133993522
Iter 49: V_size = 160, Converged = 47, ‖r‖ (largest λ) = 9.402901628244324
Iter 50: V_size = 160, Converged = 47, ‖r‖ (largest λ) = 9.994717516664988
Iter 51: V_size = 160, Converged = 47, ‖r‖ (largest λ) = 8.67461267317189
Iter 52: V_size = 160, Converged = 47, ‖r‖ (largest λ) = 8.187743617782191
Iter 53: V_size = 160, Converged = 47, ‖r‖ (largest λ) = 9.494661273147896
Iter 54: V_size = 160, Converged = 47, ‖r‖ (largest λ) = 8.55170405278641
Iter 55: V_size = 160, Converged = 47, ‖r‖ (largest λ) = 8.329913837527751
Iter 56: V_size = 160, Converged = 47, ‖r‖ (largest λ) = 6.576847705348502
Iter 57: V_size = 160, Converged = 47, ‖r‖ (largest λ) = 13.66764664034276
Iter 58: V_size = 160, Converged = 47, ‖r‖ (largest λ) = 9.43380818840014
Iter 59: V_size = 160, Converged = 47, ‖r‖ (largest λ) = 10.943581123010594
Iter 60: V_size = 160, Converged = 47, ‖r‖ (largest λ) = 7.898513697885812
Iter 61: V_size = 160, Converged = 47, ‖r‖ (largest λ) = 8.067623751091302
Iter 62: V_size = 160, Converged = 47, ‖r‖ (largest λ) = 8.204011922863128
Iter 63: V_size = 160, Converged = 47, ‖r‖ (largest λ) = 7.512315561964269
Iter 64: V_size = 160, Converged = 47, ‖r‖ (largest λ) = 6.136248891430734
Iter 65: V_size = 160, Converged = 47, ‖r‖ (largest λ) = 3.976226104836663
Iter 66: V_size = 160, Converged = 47, ‖r‖ (largest λ) = 4.325143516802382
Iter 67: V_size = 160, Converged = 47, ‖r‖ (largest λ) = 5.594539236772827
Iter 68: V_size = 160, Converged = 47, ‖r‖ (largest λ) = 3.82382101814029
Iter 69: V_size = 160, Converged = 47, ‖r‖ (largest λ) = 3.142447132272164
Iter 70: V_size = 160, Converged = 47, ‖r‖ (largest λ) = 2.436591521237763
Iter 71: V_size = 160, Converged = 47, ‖r‖ (largest λ) = 2.372623816640881
Iter 72: V_size = 160, Converged = 47, ‖r‖ (largest λ) = 1.7317160221234307
Iter 73: V_size = 160, Converged = 47, ‖r‖ (largest λ) = 1.5986178578442818
Iter 74: V_size = 160, Converged = 47, ‖r‖ (largest λ) = 1.7480862435463527
Iter 75: V_size = 160, Converged = 47, ‖r‖ (largest λ) = 1.6290153808863665
Iter 76: V_size = 160, Converged = 47, ‖r‖ (largest λ) = 1.3775178328312285
Iter 77: V_size = 160, Converged = 47, ‖r‖ (largest λ) = 0.972944189776847
Iter 78: V_size = 160, Converged = 47, ‖r‖ (largest λ) = 1.3942986435384954
Iter 79: V_size = 160, Converged = 47, ‖r‖ (largest λ) = 0.7689249106603179
Iter 80: V_size = 160, Converged = 47, ‖r‖ (largest λ) = 0.4639472323674544
Iter 81: V_size = 160, Converged = 47, ‖r‖ (largest λ) = 0.5858596840198557
Iter 82: V_size = 160, Converged = 47, ‖r‖ (largest λ) = 0.5525205002866885
Iter 83: V_size = 160, Converged = 47, ‖r‖ (largest λ) = 0.4517199689236891
Iter 84: V_size = 160, Converged = 47, ‖r‖ (largest λ) = 0.4343463202014775
Iter 85: V_size = 160, Converged = 47, ‖r‖ (largest λ) = 0.42937086087294185
Iter 86: V_size = 160, Converged = 47, ‖r‖ (largest λ) = 0.4314099664538536
Iter 87: V_size = 160, Converged = 47, ‖r‖ (largest λ) = 0.3865358115345606
Iter 88: V_size = 160, Converged = 47, ‖r‖ (largest λ) = 0.3189157858256467
Iter 89: V_size = 160, Converged = 47, ‖r‖ (largest λ) = 0.29423915045947224
Iter 90: V_size = 160, Converged = 47, ‖r‖ (largest λ) = 0.2664999526729349
Iter 91: V_size = 160, Converged = 47, ‖r‖ (largest λ) = 0.404592704878441
Iter 92: V_size = 160, Converged = 47, ‖r‖ (largest λ) = 0.25952007539870525
Iter 93: V_size = 160, Converged = 47, ‖r‖ (largest λ) = 0.25694601892108665
Iter 94: V_size = 160, Converged = 47, ‖r‖ (largest λ) = 0.23610333058903626
Iter 95: V_size = 160, Converged = 47, ‖r‖ (largest λ) = 0.2967190896079166
Iter 96: V_size = 160, Converged = 47, ‖r‖ (largest λ) = 0.2816983390845732
Iter 97: V_size = 160, Converged = 47, ‖r‖ (largest λ) = 0.270153075346925
Iter 98: V_size = 160, Converged = 47, ‖r‖ (largest λ) = 0.27465575007773785
Iter 99: V_size = 160, Converged = 47, ‖r‖ (largest λ) = 0.25654817866994384
Iter 100: V_size = 160, Converged = 47, ‖r‖ (largest λ) = 0.2466469669904002
Iter 101: V_size = 160, Converged = 47, ‖r‖ (largest λ) = 0.20737762634325244
Iter 102: V_size = 160, Converged = 47, ‖r‖ (largest λ) = 0.19913473773928053
Iter 103: V_size = 160, Converged = 47, ‖r‖ (largest λ) = 0.1970505980507176
Iter 104: V_size = 160, Converged = 47, ‖r‖ (largest λ) = 0.19824946250130682
Iter 105: V_size = 160, Converged = 47, ‖r‖ (largest λ) = 0.19521890098493622
Iter 106: V_size = 160, Converged = 47, ‖r‖ (largest λ) = 0.1963129219621838
Iter 107: V_size = 160, Converged = 47, ‖r‖ (largest λ) = 0.19512083941739064
Iter 108: V_size = 160, Converged = 47, ‖r‖ (largest λ) = 0.19808889163205692
Iter 109: V_size = 160, Converged = 47, ‖r‖ (largest λ) = 0.20944737029858435
Iter 110: V_size = 160, Converged = 47, ‖r‖ (largest λ) = 0.13291397481524225
Iter 111: V_size = 160, Converged = 47, ‖r‖ (largest λ) = 0.1311329865572424
Iter 112: V_size = 160, Converged = 47, ‖r‖ (largest λ) = 0.12943080250363412
Iter 113: V_size = 160, Converged = 47, ‖r‖ (largest λ) = 0.12636748491956995
Iter 114: V_size = 160, Converged = 47, ‖r‖ (largest λ) = 0.1289656312235624
Iter 115: V_size = 160, Converged = 47, ‖r‖ (largest λ) = 0.12712632764315845
Iter 116: V_size = 160, Converged = 47, ‖r‖ (largest λ) = 0.12824334824929756
Iter 117: V_size = 160, Converged = 47, ‖r‖ (largest λ) = 0.1258603552671047
Iter 118: V_size = 160, Converged = 47, ‖r‖ (largest λ) = 0.12875869495872302
Iter 119: V_size = 160, Converged = 47, ‖r‖ (largest λ) = 0.1303066307723674
Iter 120: V_size = 160, Converged = 47, ‖r‖ (largest λ) = 0.1309996655096595
Iter 121: V_size = 160, Converged = 47, ‖r‖ (largest λ) = 0.13239511103698837
Iter 122: V_size = 160, Converged = 47, ‖r‖ (largest λ) = 0.13309500372046967
Iter 123: V_size = 160, Converged = 47, ‖r‖ (largest λ) = 0.13461134310535108
Iter 124: V_size = 160, Converged = 47, ‖r‖ (largest λ) = 0.1332833161921803
Iter 125: V_size = 160, Converged = 47, ‖r‖ (largest λ) = 0.1336442685861986
Iter 126: V_size = 160, Converged = 47, ‖r‖ (largest λ) = 0.13313343820594248
Iter 127: V_size = 160, Converged = 47, ‖r‖ (largest λ) = 0.13298180317380115
Iter 128: V_size = 160, Converged = 47, ‖r‖ (largest λ) = 0.13234712037189442
Iter 129: V_size = 160, Converged = 47, ‖r‖ (largest λ) = 0.13151132358260914
Iter 130: V_size = 160, Converged = 47, ‖r‖ (largest λ) = 0.13045403042722387
Iter 131: V_size = 160, Converged = 47, ‖r‖ (largest λ) = 0.13098894335654526
Iter 132: V_size = 160, Converged = 47, ‖r‖ (largest λ) = 0.13079282008449652
Iter 133: V_size = 160, Converged = 47, ‖r‖ (largest λ) = 0.13165272882167972
Iter 134: V_size = 160, Converged = 47, ‖r‖ (largest λ) = 0.133030162002005
Iter 135: V_size = 160, Converged = 47, ‖r‖ (largest λ) = 0.13223370287252867
Iter 136: V_size = 160, Converged = 47, ‖r‖ (largest λ) = 0.13203695680777242
Iter 137: V_size = 160, Converged = 47, ‖r‖ (largest λ) = 0.08688450593205477
Iter 138: V_size = 160, Converged = 47, ‖r‖ (largest λ) = 0.0790714057003747
Iter 139: V_size = 160, Converged = 47, ‖r‖ (largest λ) = 0.07842210852961033
Iter 140: V_size = 160, Converged = 47, ‖r‖ (largest λ) = 0.0804266098233129
Iter 141: V_size = 160, Converged = 47, ‖r‖ (largest λ) = 0.07973480780684399
Iter 142: V_size = 160, Converged = 47, ‖r‖ (largest λ) = 0.07616352047569389
Iter 143: V_size = 160, Converged = 47, ‖r‖ (largest λ) = 0.07561099976459881
Iter 144: V_size = 160, Converged = 47, ‖r‖ (largest λ) = 0.07538929192767731
Iter 145: V_size = 160, Converged = 47, ‖r‖ (largest λ) = 0.07546226458023295
Iter 146: V_size = 160, Converged = 47, ‖r‖ (largest λ) = 0.07581770783115986
Iter 147: V_size = 160, Converged = 47, ‖r‖ (largest λ) = 0.07568363043436216
Iter 148: V_size = 160, Converged = 47, ‖r‖ (largest λ) = 0.07568376123223054
Iter 149: V_size = 160, Converged = 47, ‖r‖ (largest λ) = 0.07566195957851526
Iter 150: V_size = 160, Converged = 47, ‖r‖ (largest λ) = 0.07678952864410304
Iter 151: V_size = 160, Converged = 47, ‖r‖ (largest λ) = 0.07685026234080593
Iter 152: V_size = 160, Converged = 47, ‖r‖ (largest λ) = 0.07705321129149133
Iter 153: V_size = 160, Converged = 47, ‖r‖ (largest λ) = 0.07686291189690338
Iter 154: V_size = 160, Converged = 47, ‖r‖ (largest λ) = 0.07672384486614194
Iter 155: V_size = 160, Converged = 47, ‖r‖ (largest λ) = 0.0771504003014683
Iter 156: V_size = 160, Converged = 47, ‖r‖ (largest λ) = 0.07722133580449775
Iter 157: V_size = 160, Converged = 47, ‖r‖ (largest λ) = 0.0764128293022658
Iter 158: V_size = 160, Converged = 47, ‖r‖ (largest λ) = 0.07549380841203658
Iter 159: V_size = 160, Converged = 47, ‖r‖ (largest λ) = 0.0749209169203557
Iter 160: V_size = 160, Converged = 47, ‖r‖ (largest λ) = 0.07496791506074417
Iter 161: V_size = 160, Converged = 47, ‖r‖ (largest λ) = 0.07469752142490105
Iter 162: V_size = 160, Converged = 47, ‖r‖ (largest λ) = 0.07474229669917638
Iter 163: V_size = 160, Converged = 47, ‖r‖ (largest λ) = 0.07368542359696836
Iter 164: V_size = 160, Converged = 47, ‖r‖ (largest λ) = 0.07325258066711803
Iter 165: V_size = 160, Converged = 47, ‖r‖ (largest λ) = 0.07219935007868339
Iter 166: V_size = 160, Converged = 47, ‖r‖ (largest λ) = 0.0740454421018324
Iter 167: V_size = 160, Converged = 47, ‖r‖ (largest λ) = 0.07175528530067395
Iter 168: V_size = 160, Converged = 47, ‖r‖ (largest λ) = 0.07053831471481818
Iter 169: V_size = 160, Converged = 47, ‖r‖ (largest λ) = 0.06578510571371676
Iter 170: V_size = 160, Converged = 47, ‖r‖ (largest λ) = 0.06452130309714241
Iter 171: V_size = 160, Converged = 47, ‖r‖ (largest λ) = 0.06491486523814106
Iter 172: V_size = 160, Converged = 47, ‖r‖ (largest λ) = 0.06418797072057122
Iter 173: V_size = 160, Converged = 47, ‖r‖ (largest λ) = 0.06424597249504407
Iter 174: V_size = 160, Converged = 47, ‖r‖ (largest λ) = 0.06408831086612415
Iter 175: V_size = 160, Converged = 47, ‖r‖ (largest λ) = 0.064045115119419
Iter 176: V_size = 160, Converged = 47, ‖r‖ (largest λ) = 0.06404206446371276
Iter 177: V_size = 160, Converged = 47, ‖r‖ (largest λ) = 0.06404154083707182
Iter 178: V_size = 160, Converged = 47, ‖r‖ (largest λ) = 0.06422268388754801
Iter 179: V_size = 160, Converged = 47, ‖r‖ (largest λ) = 0.06425662278614622
Iter 180: V_size = 160, Converged = 47, ‖r‖ (largest λ) = 0.06432159299349471
Iter 181: V_size = 160, Converged = 47, ‖r‖ (largest λ) = 0.0657550155671513
Iter 182: V_size = 160, Converged = 47, ‖r‖ (largest λ) = 0.06433910987109448
Iter 183: V_size = 160, Converged = 47, ‖r‖ (largest λ) = 0.06502560613392584
Iter 184: V_size = 160, Converged = 47, ‖r‖ (largest λ) = 0.0647588603809951
Iter 185: V_size = 160, Converged = 47, ‖r‖ (largest λ) = 0.06462277703300374
Iter 186: V_size = 160, Converged = 47, ‖r‖ (largest λ) = 0.06405317480465605
Iter 187: V_size = 160, Converged = 47, ‖r‖ (largest λ) = 0.06422453343451305
Iter 188: V_size = 160, Converged = 47, ‖r‖ (largest λ) = 0.06399432523392948
Iter 189: V_size = 160, Converged = 47, ‖r‖ (largest λ) = 0.06136145427264985
Iter 190: V_size = 160, Converged = 47, ‖r‖ (largest λ) = 0.06596777116568808
Iter 191: V_size = 160, Converged = 47, ‖r‖ (largest λ) = 0.05979985874853707
Iter 192: V_size = 160, Converged = 47, ‖r‖ (largest λ) = 0.05779301986003154
Iter 193: V_size = 160, Converged = 47, ‖r‖ (largest λ) = 0.0532598258299452
Iter 194: V_size = 160, Converged = 47, ‖r‖ (largest λ) = 0.05578307642179795
Iter 195: V_size = 160, Converged = 47, ‖r‖ (largest λ) = 0.05291529336966756
Iter 196: V_size = 160, Converged = 47, ‖r‖ (largest λ) = 0.05302170215375175
Iter 197: V_size = 160, Converged = 47, ‖r‖ (largest λ) = 0.05407059242487895
Iter 198: V_size = 160, Converged = 47, ‖r‖ (largest λ) = 0.0550323720319887
Iter 199: V_size = 160, Converged = 47, ‖r‖ (largest λ) = 0.05493922277773987
Iter 200: V_size = 160, Converged = 47, ‖r‖ (largest λ) = 0.056165542027253115
Iter 201: V_size = 160, Converged = 47, ‖r‖ (largest λ) = 0.05579820279767568
Iter 202: V_size = 160, Converged = 47, ‖r‖ (largest λ) = 0.0586691463537224
Iter 203: V_size = 160, Converged = 47, ‖r‖ (largest λ) = 0.05481767892897998
Iter 204: V_size = 160, Converged = 47, ‖r‖ (largest λ) = 0.05585499794839914
Iter 205: V_size = 160, Converged = 47, ‖r‖ (largest λ) = 0.05461668353668185
Iter 206: V_size = 160, Converged = 47, ‖r‖ (largest λ) = 0.05464154190208833
Iter 207: V_size = 160, Converged = 47, ‖r‖ (largest λ) = 0.05407179006386986
Iter 208: V_size = 160, Converged = 47, ‖r‖ (largest λ) = 0.05465883020845187
Iter 209: V_size = 160, Converged = 47, ‖r‖ (largest λ) = 0.05892109158574182
Iter 210: V_size = 160, Converged = 47, ‖r‖ (largest λ) = 0.05852017405981127
Iter 211: V_size = 160, Converged = 47, ‖r‖ (largest λ) = 0.05843064712168982
Iter 212: V_size = 160, Converged = 47, ‖r‖ (largest λ) = 0.05844489580042356
Iter 213: V_size = 160, Converged = 47, ‖r‖ (largest λ) = 0.05849675429776694
Iter 214: V_size = 160, Converged = 47, ‖r‖ (largest λ) = 0.058435232073337035
Iter 215: V_size = 160, Converged = 47, ‖r‖ (largest λ) = 0.058444494339362066
Iter 216: V_size = 160, Converged = 47, ‖r‖ (largest λ) = 0.058431614002517104
Iter 217: V_size = 160, Converged = 47, ‖r‖ (largest λ) = 0.058524595338767166
Iter 218: V_size = 160, Converged = 47, ‖r‖ (largest λ) = 0.058495440807462384
Iter 219: V_size = 160, Converged = 47, ‖r‖ (largest λ) = 0.05857391782522636
Iter 220: V_size = 160, Converged = 47, ‖r‖ (largest λ) = 0.058575788109378836
Iter 221: V_size = 160, Converged = 47, ‖r‖ (largest λ) = 0.0585939885692988
Iter 222: V_size = 160, Converged = 47, ‖r‖ (largest λ) = 0.058581161605464255
Iter 223: V_size = 160, Converged = 47, ‖r‖ (largest λ) = 0.05818599465623017
Iter 224: V_size = 160, Converged = 47, ‖r‖ (largest λ) = 0.05821498991654765
Iter 225: V_size = 160, Converged = 47, ‖r‖ (largest λ) = 0.05820561242719261
Iter 226: V_size = 160, Converged = 47, ‖r‖ (largest λ) = 0.05850626379260995
Iter 227: V_size = 160, Converged = 47, ‖r‖ (largest λ) = 0.05718205044158446
Iter 228: V_size = 160, Converged = 47, ‖r‖ (largest λ) = 0.057328647083809775
Iter 229: V_size = 160, Converged = 47, ‖r‖ (largest λ) = 0.057285319924837756
Iter 230: V_size = 160, Converged = 47, ‖r‖ (largest λ) = 0.056058090387420996
Iter 231: V_size = 160, Converged = 47, ‖r‖ (largest λ) = 0.056116005845881445
Iter 232: V_size = 160, Converged = 47, ‖r‖ (largest λ) = 0.0556406454360448
Iter 233: V_size = 160, Converged = 47, ‖r‖ (largest λ) = 0.055978505039223386
Iter 234: V_size = 160, Converged = 47, ‖r‖ (largest λ) = 0.055960480496101965
Iter 235: V_size = 160, Converged = 47, ‖r‖ (largest λ) = 0.056824403589241776
Iter 236: V_size = 160, Converged = 47, ‖r‖ (largest λ) = 0.056295903238139225
Iter 237: V_size = 160, Converged = 47, ‖r‖ (largest λ) = 0.05534249299069079
Iter 238: V_size = 160, Converged = 47, ‖r‖ (largest λ) = 0.054256043993579334
Iter 239: V_size = 160, Converged = 47, ‖r‖ (largest λ) = 0.05592616233775031
Iter 240: V_size = 160, Converged = 47, ‖r‖ (largest λ) = 0.05213913870751237
Iter 241: V_size = 160, Converged = 47, ‖r‖ (largest λ) = 0.052354368008818555
Iter 242: V_size = 160, Converged = 47, ‖r‖ (largest λ) = 0.053931256525101286
Iter 243: V_size = 160, Converged = 47, ‖r‖ (largest λ) = 0.054514670811286484
Iter 244: V_size = 160, Converged = 47, ‖r‖ (largest λ) = 0.05453137605142205
Iter 245: V_size = 160, Converged = 47, ‖r‖ (largest λ) = 0.054527386148757115
Iter 246: V_size = 160, Converged = 47, ‖r‖ (largest λ) = 0.05430324125985202
Iter 247: V_size = 160, Converged = 47, ‖r‖ (largest λ) = 0.054316173664247146
Iter 248: V_size = 160, Converged = 47, ‖r‖ (largest λ) = 0.05442618847078931
Iter 249: V_size = 160, Converged = 47, ‖r‖ (largest λ) = 0.054894081201535126
Iter 250: V_size = 160, Converged = 47, ‖r‖ (largest λ) = 0.0548927682641946
Iter 251: V_size = 160, Converged = 47, ‖r‖ (largest λ) = 0.054870812741503676
Iter 252: V_size = 160, Converged = 47, ‖r‖ (largest λ) = 0.05459722888389682
Iter 253: V_size = 160, Converged = 47, ‖r‖ (largest λ) = 0.05598013136008984
Iter 254: V_size = 160, Converged = 47, ‖r‖ (largest λ) = 0.057016097063889035
Iter 255: V_size = 160, Converged = 47, ‖r‖ (largest λ) = 0.057921030180789486
Iter 256: V_size = 160, Converged = 47, ‖r‖ (largest λ) = 0.059528290528832864
Iter 257: V_size = 160, Converged = 47, ‖r‖ (largest λ) = 0.059687438781814865
Iter 258: V_size = 160, Converged = 47, ‖r‖ (largest λ) = 0.05962103503106418
Iter 259: V_size = 160, Converged = 47, ‖r‖ (largest λ) = 0.05980056601502178
Iter 260: V_size = 160, Converged = 47, ‖r‖ (largest λ) = 0.06011662256221247
Iter 261: V_size = 160, Converged = 47, ‖r‖ (largest λ) = 0.06002496851978598
Iter 262: V_size = 160, Converged = 47, ‖r‖ (largest λ) = 0.05960030486977132
Iter 263: V_size = 160, Converged = 47, ‖r‖ (largest λ) = 0.059656042263722356
Iter 264: V_size = 160, Converged = 47, ‖r‖ (largest λ) = 0.05966622942794116
Iter 265: V_size = 160, Converged = 47, ‖r‖ (largest λ) = 0.059673759787974706
Iter 266: V_size = 160, Converged = 47, ‖r‖ (largest λ) = 0.05971422019285051
Iter 267: V_size = 160, Converged = 47, ‖r‖ (largest λ) = 0.0596940266634009
Iter 268: V_size = 160, Converged = 47, ‖r‖ (largest λ) = 0.059694885149231866
Iter 269: V_size = 160, Converged = 47, ‖r‖ (largest λ) = 0.05973303210895687
Iter 270: V_size = 160, Converged = 47, ‖r‖ (largest λ) = 0.059848040240633296
Iter 271: V_size = 160, Converged = 47, ‖r‖ (largest λ) = 0.05983057792939466
Iter 272: V_size = 160, Converged = 47, ‖r‖ (largest λ) = 0.05961191972913731
Iter 273: V_size = 160, Converged = 47, ‖r‖ (largest λ) = 0.05951861207608431
Iter 274: V_size = 160, Converged = 47, ‖r‖ (largest λ) = 0.05941589295132842
Iter 275: V_size = 160, Converged = 47, ‖r‖ (largest λ) = 0.05899637278153136
Iter 276: V_size = 160, Converged = 47, ‖r‖ (largest λ) = 0.05888755198896625
Iter 277: V_size = 160, Converged = 47, ‖r‖ (largest λ) = 0.05883906692940146
Iter 278: V_size = 160, Converged = 47, ‖r‖ (largest λ) = 0.0584557053739104
Iter 279: V_size = 160, Converged = 47, ‖r‖ (largest λ) = 0.05842869268702624
Iter 280: V_size = 160, Converged = 47, ‖r‖ (largest λ) = 0.05835413196219753
Iter 281: V_size = 160, Converged = 47, ‖r‖ (largest λ) = 0.058046422226199115
Iter 282: V_size = 160, Converged = 47, ‖r‖ (largest λ) = 0.05801098623531175
Iter 283: V_size = 160, Converged = 47, ‖r‖ (largest λ) = 0.05816426013412196
Iter 284: V_size = 160, Converged = 47, ‖r‖ (largest λ) = 0.058217288561872506
Iter 285: V_size = 160, Converged = 47, ‖r‖ (largest λ) = 0.0582835848729397
Iter 286: V_size = 160, Converged = 47, ‖r‖ (largest λ) = 0.058216755213651064
Iter 287: V_size = 160, Converged = 47, ‖r‖ (largest λ) = 0.057942224038124324
Iter 288: V_size = 160, Converged = 47, ‖r‖ (largest λ) = 0.057666137908972494
Iter 289: V_size = 160, Converged = 47, ‖r‖ (largest λ) = 0.057508485766100896
Iter 290: V_size = 160, Converged = 47, ‖r‖ (largest λ) = 0.05750272339819248
Iter 291: V_size = 160, Converged = 47, ‖r‖ (largest λ) = 0.057942098607141314
Iter 292: V_size = 160, Converged = 47, ‖r‖ (largest λ) = 0.05747409958578505
Iter 293: V_size = 160, Converged = 47, ‖r‖ (largest λ) = 0.05607049769197755
Iter 294: V_size = 160, Converged = 47, ‖r‖ (largest λ) = 0.056090517948998504
Iter 295: V_size = 160, Converged = 47, ‖r‖ (largest λ) = 0.055798079805269386
Iter 296: V_size = 160, Converged = 47, ‖r‖ (largest λ) = 0.05566112856564142
Iter 297: V_size = 160, Converged = 47, ‖r‖ (largest λ) = 0.05558548119721888
Iter 298: V_size = 160, Converged = 47, ‖r‖ (largest λ) = 0.05570030263338717
Iter 299: V_size = 160, Converged = 47, ‖r‖ (largest λ) = 0.05560782232880617
Iter 300: V_size = 160, Converged = 47, ‖r‖ (largest λ) = 0.055050234422671554
Iter 301: V_size = 160, Converged = 47, ‖r‖ (largest λ) = 0.05511424205499461
Iter 302: V_size = 160, Converged = 47, ‖r‖ (largest λ) = 0.054136974026073835
Iter 303: V_size = 160, Converged = 47, ‖r‖ (largest λ) = 0.05275015024355313
Iter 304: V_size = 160, Converged = 47, ‖r‖ (largest λ) = 0.05203789160577394
Iter 305: V_size = 160, Converged = 47, ‖r‖ (largest λ) = 0.0511694851728913
Iter 306: V_size = 160, Converged = 47, ‖r‖ (largest λ) = 0.050869457271069576
Iter 307: V_size = 160, Converged = 47, ‖r‖ (largest λ) = 0.05086965803808697
Iter 308: V_size = 160, Converged = 47, ‖r‖ (largest λ) = 0.050898465681479474
Iter 309: V_size = 160, Converged = 47, ‖r‖ (largest λ) = 0.05089580432652585
Iter 310: V_size = 160, Converged = 47, ‖r‖ (largest λ) = 0.05083749849858042
Iter 311: V_size = 160, Converged = 47, ‖r‖ (largest λ) = 0.05080180882622586
Iter 312: V_size = 160, Converged = 47, ‖r‖ (largest λ) = 0.050760424507374134
Iter 313: V_size = 160, Converged = 47, ‖r‖ (largest λ) = 0.05073974045805754
Iter 314: V_size = 160, Converged = 47, ‖r‖ (largest λ) = 0.050668157684893855
Iter 315: V_size = 160, Converged = 47, ‖r‖ (largest λ) = 0.050639711930038626
Iter 316: V_size = 160, Converged = 47, ‖r‖ (largest λ) = 0.05063788285121984
Iter 317: V_size = 160, Converged = 47, ‖r‖ (largest λ) = 0.05060455514775873
Iter 318: V_size = 160, Converged = 47, ‖r‖ (largest λ) = 0.050650681633451246
Iter 319: V_size = 160, Converged = 47, ‖r‖ (largest λ) = 0.050659568215863406
Iter 320: V_size = 160, Converged = 47, ‖r‖ (largest λ) = 0.05072521392298702
Iter 321: V_size = 160, Converged = 47, ‖r‖ (largest λ) = 0.050752108491183
Iter 322: V_size = 160, Converged = 47, ‖r‖ (largest λ) = 0.050879367611462105
Iter 323: V_size = 160, Converged = 47, ‖r‖ (largest λ) = 0.05110244284771387
Iter 324: V_size = 160, Converged = 47, ‖r‖ (largest λ) = 0.051079569110154606
Iter 325: V_size = 160, Converged = 47, ‖r‖ (largest λ) = 0.051080417830417925
Iter 326: V_size = 160, Converged = 47, ‖r‖ (largest λ) = 0.05104264981054039
Iter 327: V_size = 160, Converged = 47, ‖r‖ (largest λ) = 0.051038871691739374
Iter 328: V_size = 160, Converged = 47, ‖r‖ (largest λ) = 0.05106172868495601
Iter 329: V_size = 160, Converged = 47, ‖r‖ (largest λ) = 0.05096578243386446
Iter 330: V_size = 160, Converged = 47, ‖r‖ (largest λ) = 0.05098242169073821
Iter 331: V_size = 160, Converged = 47, ‖r‖ (largest λ) = 0.050977157775665735
Iter 332: V_size = 160, Converged = 47, ‖r‖ (largest λ) = 0.05095740179313533
Iter 333: V_size = 160, Converged = 47, ‖r‖ (largest λ) = 0.05092974581114067
Iter 334: V_size = 160, Converged = 47, ‖r‖ (largest λ) = 0.05087636171649659
Iter 335: V_size = 160, Converged = 47, ‖r‖ (largest λ) = 0.05087101366572702
Iter 336: V_size = 160, Converged = 47, ‖r‖ (largest λ) = 0.050827812793501695
Iter 337: V_size = 160, Converged = 47, ‖r‖ (largest λ) = 0.050830627545949525
Iter 338: V_size = 160, Converged = 47, ‖r‖ (largest λ) = 0.0508067916775933
Iter 339: V_size = 160, Converged = 47, ‖r‖ (largest λ) = 0.05084253589523292
Iter 340: V_size = 160, Converged = 47, ‖r‖ (largest λ) = 0.05064634066722197
Iter 341: V_size = 160, Converged = 47, ‖r‖ (largest λ) = 0.05049517320145662
Iter 342: V_size = 160, Converged = 47, ‖r‖ (largest λ) = 0.05039067841711639
Iter 343: V_size = 160, Converged = 47, ‖r‖ (largest λ) = 0.05035925549896096
Iter 344: V_size = 160, Converged = 47, ‖r‖ (largest λ) = 0.050389408445073586
Iter 345: V_size = 160, Converged = 47, ‖r‖ (largest λ) = 0.05035326753295916
Iter 346: V_size = 160, Converged = 47, ‖r‖ (largest λ) = 0.05038669744023939
Iter 347: V_size = 160, Converged = 47, ‖r‖ (largest λ) = 0.05040154630989441
Iter 348: V_size = 160, Converged = 47, ‖r‖ (largest λ) = 0.05047467838832822
Iter 349: V_size = 160, Converged = 47, ‖r‖ (largest λ) = 0.05044762090539743
Iter 350: V_size = 160, Converged = 47, ‖r‖ (largest λ) = 0.050446476343311494
Iter 351: V_size = 160, Converged = 47, ‖r‖ (largest λ) = 0.05033782930514358
Iter 352: V_size = 160, Converged = 47, ‖r‖ (largest λ) = 0.050410777323677824
Iter 353: V_size = 160, Converged = 47, ‖r‖ (largest λ) = 0.05043006534861084
Iter 354: V_size = 160, Converged = 47, ‖r‖ (largest λ) = 0.05046507585560302
Iter 355: V_size = 160, Converged = 47, ‖r‖ (largest λ) = 0.05047841084052087
Iter 356: V_size = 160, Converged = 47, ‖r‖ (largest λ) = 0.05051368408651724
Iter 357: V_size = 160, Converged = 47, ‖r‖ (largest λ) = 0.050703285450854424
Iter 358: V_size = 160, Converged = 47, ‖r‖ (largest λ) = 0.05072558058955395
Iter 359: V_size = 160, Converged = 47, ‖r‖ (largest λ) = 0.05086597134297765
Iter 360: V_size = 160, Converged = 47, ‖r‖ (largest λ) = 0.0508703719037553
Iter 361: V_size = 160, Converged = 47, ‖r‖ (largest λ) = 0.05090963512156
Iter 362: V_size = 160, Converged = 47, ‖r‖ (largest λ) = 0.05112643780809957
Iter 363: V_size = 160, Converged = 47, ‖r‖ (largest λ) = 0.05116341123786113
Iter 364: V_size = 160, Converged = 47, ‖r‖ (largest λ) = 0.05109543331489193
Iter 365: V_size = 160, Converged = 47, ‖r‖ (largest λ) = 0.05280328178233413
Iter 366: V_size = 160, Converged = 47, ‖r‖ (largest λ) = 0.051861062823526115
Iter 367: V_size = 160, Converged = 47, ‖r‖ (largest λ) = 0.0510603129578205
Iter 368: V_size = 160, Converged = 47, ‖r‖ (largest λ) = 0.05170340772142518
Iter 369: V_size = 160, Converged = 47, ‖r‖ (largest λ) = 0.05227021180065237
Iter 370: V_size = 160, Converged = 47, ‖r‖ (largest λ) = 0.052313701847803026
Iter 371: V_size = 160, Converged = 47, ‖r‖ (largest λ) = 0.053568094567939345
Iter 372: V_size = 160, Converged = 47, ‖r‖ (largest λ) = 0.054014990005813175
Iter 373: V_size = 160, Converged = 47, ‖r‖ (largest λ) = 0.05445728844657707
Iter 374: V_size = 160, Converged = 47, ‖r‖ (largest λ) = 0.054932757907098874
Iter 375: V_size = 160, Converged = 47, ‖r‖ (largest λ) = 0.05590093147985005
Iter 376: V_size = 160, Converged = 47, ‖r‖ (largest λ) = 0.056468583793303107
Iter 377: V_size = 160, Converged = 47, ‖r‖ (largest λ) = 0.056415749114089704
Iter 378: V_size = 160, Converged = 47, ‖r‖ (largest λ) = 0.056933262337385264
Iter 379: V_size = 160, Converged = 47, ‖r‖ (largest λ) = 0.05631190742275538
Iter 380: V_size = 160, Converged = 47, ‖r‖ (largest λ) = 0.05738993001633116
Iter 381: V_size = 160, Converged = 47, ‖r‖ (largest λ) = 0.05718790899016982
Iter 382: V_size = 160, Converged = 47, ‖r‖ (largest λ) = 0.05718760136123913
Iter 383: V_size = 160, Converged = 47, ‖r‖ (largest λ) = 0.05717531991134052
Iter 384: V_size = 160, Converged = 47, ‖r‖ (largest λ) = 0.05711498232580946
Iter 385: V_size = 160, Converged = 47, ‖r‖ (largest λ) = 0.05720817640158036
Iter 386: V_size = 160, Converged = 47, ‖r‖ (largest λ) = 0.057262059667634695
Iter 387: V_size = 160, Converged = 47, ‖r‖ (largest λ) = 0.057273062836391844
Iter 388: V_size = 160, Converged = 47, ‖r‖ (largest λ) = 0.0572610096761448
Iter 389: V_size = 160, Converged = 47, ‖r‖ (largest λ) = 0.057280871495447985
Iter 390: V_size = 160, Converged = 47, ‖r‖ (largest λ) = 0.057227176028065735
Iter 391: V_size = 160, Converged = 47, ‖r‖ (largest λ) = 0.057092272090813384
Iter 392: V_size = 160, Converged = 47, ‖r‖ (largest λ) = 0.057076043695323
Iter 393: V_size = 160, Converged = 47, ‖r‖ (largest λ) = 0.05707892286461122
Iter 394: V_size = 160, Converged = 47, ‖r‖ (largest λ) = 0.05708430421315115
Iter 395: V_size = 160, Converged = 47, ‖r‖ (largest λ) = 0.057082313246011325
Iter 396: V_size = 160, Converged = 47, ‖r‖ (largest λ) = 0.057094999632609604
Iter 397: V_size = 160, Converged = 47, ‖r‖ (largest λ) = 0.05710069931611704
Iter 398: V_size = 160, Converged = 47, ‖r‖ (largest λ) = 0.05710135047934308
Iter 399: V_size = 160, Converged = 47, ‖r‖ (largest λ) = 0.05710198002553214
Iter 400: V_size = 160, Converged = 47, ‖r‖ (largest λ) = 0.05711356321853736
Iter 401: V_size = 160, Converged = 47, ‖r‖ (largest λ) = 0.05710045959354312
Iter 402: V_size = 160, Converged = 47, ‖r‖ (largest λ) = 0.05710126742724207
Iter 403: V_size = 160, Converged = 47, ‖r‖ (largest λ) = 0.057081621514322126
Iter 404: V_size = 160, Converged = 47, ‖r‖ (largest λ) = 0.05712473118811112
Iter 405: V_size = 160, Converged = 47, ‖r‖ (largest λ) = 0.057179195552710484
Iter 406: V_size = 160, Converged = 47, ‖r‖ (largest λ) = 0.05718280393193448
Iter 407: V_size = 160, Converged = 47, ‖r‖ (largest λ) = 0.0572159690918764
Iter 408: V_size = 160, Converged = 47, ‖r‖ (largest λ) = 0.05721205948448786
Iter 409: V_size = 160, Converged = 47, ‖r‖ (largest λ) = 0.05721182698658831
Iter 410: V_size = 160, Converged = 47, ‖r‖ (largest λ) = 0.05721005612548467
Iter 411: V_size = 160, Converged = 47, ‖r‖ (largest λ) = 0.05720965126228136
Iter 412: V_size = 160, Converged = 47, ‖r‖ (largest λ) = 0.057209662534376454
Iter 413: V_size = 160, Converged = 47, ‖r‖ (largest λ) = 0.05720961412568755
Iter 414: V_size = 160, Converged = 47, ‖r‖ (largest λ) = 0.05720943572804733
Iter 415: V_size = 160, Converged = 47, ‖r‖ (largest λ) = 0.0572095065703672
Iter 416: V_size = 160, Converged = 47, ‖r‖ (largest λ) = 0.05720932050151394
Iter 417: V_size = 160, Converged = 47, ‖r‖ (largest λ) = 0.05720935724379728
Iter 418: V_size = 160, Converged = 47, ‖r‖ (largest λ) = 0.0572093133142504
Iter 419: V_size = 160, Converged = 47, ‖r‖ (largest λ) = 0.05720941135946
Iter 420: V_size = 160, Converged = 47, ‖r‖ (largest λ) = 0.05720925793752101
Iter 421: V_size = 160, Converged = 47, ‖r‖ (largest λ) = 0.05720954609641001
Iter 422: V_size = 160, Converged = 47, ‖r‖ (largest λ) = 0.05720844979829743
Iter 423: V_size = 160, Converged = 47, ‖r‖ (largest λ) = 0.05719592194461379
Iter 424: V_size = 160, Converged = 47, ‖r‖ (largest λ) = 0.057069966650114316
Iter 425: V_size = 160, Converged = 47, ‖r‖ (largest λ) = 0.056940343432919864
Iter 426: V_size = 160, Converged = 47, ‖r‖ (largest λ) = 0.05693816819382813
Iter 427: V_size = 160, Converged = 47, ‖r‖ (largest λ) = 0.05693842452937214
Iter 428: V_size = 160, Converged = 47, ‖r‖ (largest λ) = 0.05693937517215679
Iter 429: V_size = 160, Converged = 47, ‖r‖ (largest λ) = 0.05693905542701664
Iter 430: V_size = 160, Converged = 47, ‖r‖ (largest λ) = 0.05694125328941524
Iter 431: V_size = 160, Converged = 47, ‖r‖ (largest λ) = 0.056940798027443854
Iter 432: V_size = 160, Converged = 47, ‖r‖ (largest λ) = 0.05695385586344924
Iter 433: V_size = 160, Converged = 47, ‖r‖ (largest λ) = 0.05695257025230312
Iter 434: V_size = 160, Converged = 47, ‖r‖ (largest λ) = 0.057032649175328784
Iter 435: V_size = 160, Converged = 47, ‖r‖ (largest λ) = 0.05703146358648713
Iter 436: V_size = 160, Converged = 47, ‖r‖ (largest λ) = 0.05703542601368514
Iter 437: V_size = 160, Converged = 47, ‖r‖ (largest λ) = 0.05703601524358167
Iter 438: V_size = 160, Converged = 47, ‖r‖ (largest λ) = 0.057054625180241125
Iter 439: V_size = 160, Converged = 47, ‖r‖ (largest λ) = 0.0570576578630282
Iter 440: V_size = 160, Converged = 47, ‖r‖ (largest λ) = 0.05705595574039666
Iter 441: V_size = 160, Converged = 47, ‖r‖ (largest λ) = 0.057045657966361504
Iter 442: V_size = 160, Converged = 47, ‖r‖ (largest λ) = 0.05704684865745628
Iter 443: V_size = 160, Converged = 47, ‖r‖ (largest λ) = 0.05716143194644085
Iter 444: V_size = 160, Converged = 47, ‖r‖ (largest λ) = 0.05741790918827585
Iter 445: V_size = 160, Converged = 47, ‖r‖ (largest λ) = 0.0575035763718924
Iter 446: V_size = 160, Converged = 47, ‖r‖ (largest λ) = 0.057491351438331666
Iter 447: V_size = 160, Converged = 47, ‖r‖ (largest λ) = 0.057560069830657576
Iter 448: V_size = 160, Converged = 47, ‖r‖ (largest λ) = 0.057068545609657524
Iter 449: V_size = 160, Converged = 47, ‖r‖ (largest λ) = 0.0570802811809899
Iter 450: V_size = 160, Converged = 47, ‖r‖ (largest λ) = 0.057068310445062304
Iter 451: V_size = 160, Converged = 47, ‖r‖ (largest λ) = 0.05705143421353578
Iter 452: V_size = 160, Converged = 47, ‖r‖ (largest λ) = 0.05704571933173364
Iter 453: V_size = 160, Converged = 47, ‖r‖ (largest λ) = 0.05701487488889908
Iter 454: V_size = 160, Converged = 47, ‖r‖ (largest λ) = 0.05701417857872387
Iter 455: V_size = 160, Converged = 47, ‖r‖ (largest λ) = 0.056989598158671065
Iter 456: V_size = 160, Converged = 47, ‖r‖ (largest λ) = 0.05698999847069138
Iter 457: V_size = 160, Converged = 47, ‖r‖ (largest λ) = 0.05698622131781222
Iter 458: V_size = 160, Converged = 47, ‖r‖ (largest λ) = 0.056984181397722225
Iter 459: V_size = 160, Converged = 47, ‖r‖ (largest λ) = 0.0569540422497133
Iter 460: V_size = 160, Converged = 47, ‖r‖ (largest λ) = 0.05695263274239952
Iter 461: V_size = 160, Converged = 47, ‖r‖ (largest λ) = 0.05702562232296348
Iter 462: V_size = 160, Converged = 47, ‖r‖ (largest λ) = 0.057029882928709516
Iter 463: V_size = 160, Converged = 47, ‖r‖ (largest λ) = 0.05702555944391564
Iter 464: V_size = 160, Converged = 47, ‖r‖ (largest λ) = 0.05694774806493233
Iter 465: V_size = 160, Converged = 47, ‖r‖ (largest λ) = 0.05679080521994824
Iter 466: V_size = 160, Converged = 47, ‖r‖ (largest λ) = 0.056790534891305464
Iter 467: V_size = 160, Converged = 47, ‖r‖ (largest λ) = 0.05678650088129636
Iter 468: V_size = 160, Converged = 47, ‖r‖ (largest λ) = 0.056786547658435355
Iter 469: V_size = 160, Converged = 47, ‖r‖ (largest λ) = 0.056779930536201374
Iter 470: V_size = 160, Converged = 47, ‖r‖ (largest λ) = 0.056707462025217516
ERROR: LoadError: BoundsError: attempt to access 47-element Vector{Float64} at index [1:200]
Stacktrace:
 [1] throw_boundserror(A::Vector{Float64}, I::Tuple{UnitRange{Int64}})
   @ Base ./essentials.jl:14
 [2] checkbounds
   @ ./abstractarray.jl:699 [inlined]
 [3] getindex
   @ ./array.jl:936 [inlined]
 [4] main(molecule::String, l::Int64, beta::Int64, max_iter::Int64)
   @ Main ~/MA_best/OFFICIAL_calculations/Defl_H2.jl:265
 [5] top-level scope
   @ ~/MA_best/OFFICIAL_calculations/Defl_H2.jl:280
in expression starting at /home/fmereto/MA_best/OFFICIAL_calculations/Defl_H2.jl:274
Iter 471: V_size = 160, Converged = 47, ‖r‖ (largest λ) = 0.05669530151369113
Iter 472: V_size = 160, Converged = 47, ‖r‖ (largest λ) = 0.056673764898025475
Iter 473: V_size = 160, Converged = 47, ‖r‖ (largest λ) = 0.05668850728745208
Iter 474: V_size = 160, Converged = 47, ‖r‖ (largest λ) = 0.05666362150669191
Iter 475: V_size = 160, Converged = 47, ‖r‖ (largest λ) = 0.05666307300156756
Iter 476: V_size = 160, Converged = 47, ‖r‖ (largest λ) = 0.05664833937344923
Iter 477: V_size = 160, Converged = 47, ‖r‖ (largest λ) = 0.056648764339110466
Iter 478: V_size = 160, Converged = 47, ‖r‖ (largest λ) = 0.056646117743990705
Iter 479: V_size = 160, Converged = 47, ‖r‖ (largest λ) = 0.05663986046143996
Iter 480: V_size = 160, Converged = 47, ‖r‖ (largest λ) = 0.05663828635730427
Iter 481: V_size = 160, Converged = 47, ‖r‖ (largest λ) = 0.05663733050498256
Iter 482: V_size = 160, Converged = 47, ‖r‖ (largest λ) = 0.056636688823087256
Iter 483: V_size = 160, Converged = 47, ‖r‖ (largest λ) = 0.056669611468249816
Iter 484: V_size = 160, Converged = 47, ‖r‖ (largest λ) = 0.05646059415513379
Iter 485: V_size = 160, Converged = 47, ‖r‖ (largest λ) = 0.056026288067342396
Iter 486: V_size = 160, Converged = 47, ‖r‖ (largest λ) = 0.05527280413791431
Iter 487: V_size = 160, Converged = 47, ‖r‖ (largest λ) = 0.0551041663343324
Iter 488: V_size = 160, Converged = 47, ‖r‖ (largest λ) = 0.05509975126111888
Iter 489: V_size = 160, Converged = 47, ‖r‖ (largest λ) = 0.05510159593269677
Iter 490: V_size = 160, Converged = 47, ‖r‖ (largest λ) = 0.055103650651282234
Iter 491: V_size = 160, Converged = 47, ‖r‖ (largest λ) = 0.05510380836517531
Iter 492: V_size = 160, Converged = 47, ‖r‖ (largest λ) = 0.05510336270673434
Iter 493: V_size = 160, Converged = 47, ‖r‖ (largest λ) = 0.05510356750988003
Iter 494: V_size = 160, Converged = 47, ‖r‖ (largest λ) = 0.05510407682821333
Iter 495: V_size = 160, Converged = 47, ‖r‖ (largest λ) = 0.05510313425695785
Iter 496: V_size = 160, Converged = 47, ‖r‖ (largest λ) = 0.05510218181958528
Iter 497: V_size = 160, Converged = 47, ‖r‖ (largest λ) = 0.055096593895887
Iter 498: V_size = 160, Converged = 47, ‖r‖ (largest λ) = 0.05508550458434314
Iter 499: V_size = 160, Converged = 47, ‖r‖ (largest λ) = 0.05507635777010508
Iter 500: V_size = 160, Converged = 47, ‖r‖ (largest λ) = 0.055057143502133345
Max iterations (500) reached without convergence. Skipping this case.
2461.297759 seconds (193.13 M allocations: 5.660 TiB, 2.44% gc time)
Total estimated FLOPs: 46407005314934

Reading exact Eigenvalues...
Reading eigenvalues from ../Eigenvalues_folder/eigenres_H2_RNDbasis1.jld2

Relative deviation between Davidson and exact eigenvalues:
