Processing molecule: H2
Running with alpha = 2
Running with l = 10
read ../H2/gamma_VASP_RNDbasis1.dat
Davidson
iter=     1  rel‖R‖=  2.814e+00  size(V,2)=    10
iter=     2  rel‖R‖=  1.642e+00  size(V,2)=    20
iter=     3  rel‖R‖=  5.316e-01  size(V,2)=    20
iter=     4  rel‖R‖=  4.895e-01  size(V,2)=    20
iter=     5  rel‖R‖=  1.678e-01  size(V,2)=    20
iter=     6  rel‖R‖=  1.075e-01  size(V,2)=    20
iter=     7  rel‖R‖=  5.403e-02  size(V,2)=    20
iter=     8  rel‖R‖=  3.955e-02  size(V,2)=    20
iter=     9  rel‖R‖=  1.959e-02  size(V,2)=    20
iter=    10  rel‖R‖=  1.439e-02  size(V,2)=    20
iter=    11  rel‖R‖=  6.922e-03  size(V,2)=    20
iter=    12  rel‖R‖=  5.115e-03  size(V,2)=    20
iter=    13  rel‖R‖=  2.254e-03  size(V,2)=    20
iter=    14  rel‖R‖=  1.669e-03  size(V,2)=    20
iter=    15  rel‖R‖=  8.105e-04  size(V,2)=    20
converged!
 12.385276 seconds (3.33 k allocations: 198.320 MiB, 0.10% gc time)
Total estimated FLOPs: 126949034860

Reading exact Eigenvalues...
Reading eigenvalues from ../Eigenvalues_folder/eigenres_H2_RNDbasis1.jld2

Relative deviation between Davidson and exact eigenvalues:
1×10 adjoint(::Vector{Float64}) with eltype Float64:
 -1.02056e-15  -1.98518e-15  7.91631e-16  6.59987e-16  -2.10441e-15  -3.67579e-10  -4.49882e-11  -7.74981e-14  -3.12407e-8  -1.81564e-5
Running with l = 50
read ../H2/gamma_VASP_RNDbasis1.dat
Davidson
iter=     1  rel‖R‖=  1.333e+00  size(V,2)=    50
iter=     2  rel‖R‖=  7.933e-01  size(V,2)=   100
iter=     3  rel‖R‖=  1.537e-01  size(V,2)=   100
iter=     4  rel‖R‖=  2.638e-02  size(V,2)=   100
iter=     5  rel‖R‖=  7.321e-03  size(V,2)=   100
iter=     6  rel‖R‖=  4.027e-03  size(V,2)=   100
iter=     7  rel‖R‖=  2.406e-03  size(V,2)=   100
iter=     8  rel‖R‖=  2.072e-03  size(V,2)=   100
iter=     9  rel‖R‖=  1.439e-03  size(V,2)=   100
iter=    10  rel‖R‖=  1.443e-03  size(V,2)=   100
iter=    11  rel‖R‖=  1.064e-03  size(V,2)=   100
iter=    12  rel‖R‖=  1.140e-03  size(V,2)=   100
iter=    13  rel‖R‖=  8.601e-04  size(V,2)=   100
converged!
 24.145622 seconds (10.10 k allocations: 856.824 MiB, 1.26% gc time)
Total estimated FLOPs: 554316724300

Reading exact Eigenvalues...
Reading eigenvalues from ../Eigenvalues_folder/eigenres_H2_RNDbasis1.jld2

Relative deviation between Davidson and exact eigenvalues:
1×50 adjoint(::Vector{Float64}) with eltype Float64:
 -1.02056e-15  -4.96295e-16  -0.0  3.95992e-16  -3.23755e-16  1.06962e-15  5.94248e-16  1.38143e-16  1.52232e-15  2.46331e-15  2.84413e-15  -3.63733e-16  -3.63961e-16  2.47377e-15  -2.06609e-15  -2.62992e-15  1.03201e-15  -2.33247e-15  -4.55016e-15  5.04319e-15  -4.74919e-15  4.36632e-15  -4.20025e-15  4.03682e-15  8.58846e-15  9.83705e-15  -1.05771e-14  -1.03312e-14  -1.03931e-14  4.23679e-15  -9.51651e-15  -2.63716e-15  -6.90455e-15  6.28277e-16  -4.27721e-13  -1.68011e-13  -2.22816e-11  -4.22838e-10  -5.3228e-10  -6.1366e-10  -1.52251e-9  -2.77891e-8  -1.0513e-8  -1.13414e-6  -5.88223e-5  -2.5054e-5  -6.94441e-5  -0.00077598  -0.00383142  -0.0147447
Running with l = 100
read ../H2/gamma_VASP_RNDbasis1.dat
Davidson
iter=     1  rel‖R‖=  9.993e-01  size(V,2)=   100
iter=     2  rel‖R‖=  5.324e-01  size(V,2)=   200
iter=     3  rel‖R‖=  4.592e-02  size(V,2)=   200
iter=     4  rel‖R‖=  1.228e-02  size(V,2)=   200
iter=     5  rel‖R‖=  7.480e-03  size(V,2)=   200
iter=     6  rel‖R‖=  5.331e-03  size(V,2)=   200
iter=     7  rel‖R‖=  4.195e-03  size(V,2)=   200
iter=     8  rel‖R‖=  3.640e-03  size(V,2)=   200
iter=     9  rel‖R‖=  3.333e-03  size(V,2)=   200
iter=    10  rel‖R‖=  3.148e-03  size(V,2)=   200
iter=    11  rel‖R‖=  3.048e-03  size(V,2)=   200
iter=    12  rel‖R‖=  2.977e-03  size(V,2)=   200
iter=    13  rel‖R‖=  2.924e-03  size(V,2)=   200
iter=    14  rel‖R‖=  2.888e-03  size(V,2)=   200
iter=    15  rel‖R‖=  2.856e-03  size(V,2)=   200
iter=    16  rel‖R‖=  2.828e-03  size(V,2)=   200
iter=    17  rel‖R‖=  2.801e-03  size(V,2)=   200
iter=    18  rel‖R‖=  2.781e-03  size(V,2)=   200
iter=    19  rel‖R‖=  2.761e-03  size(V,2)=   200
iter=    20  rel‖R‖=  2.741e-03  size(V,2)=   200
iter=    21  rel‖R‖=  2.724e-03  size(V,2)=   200
iter=    22  rel‖R‖=  2.698e-03  size(V,2)=   200
iter=    23  rel‖R‖=  2.683e-03  size(V,2)=   200
iter=    24  rel‖R‖=  2.668e-03  size(V,2)=   200
iter=    25  rel‖R‖=  2.650e-03  size(V,2)=   200
iter=    26  rel‖R‖=  2.636e-03  size(V,2)=   200
iter=    27  rel‖R‖=  2.624e-03  size(V,2)=   200
iter=    28  rel‖R‖=  2.611e-03  size(V,2)=   200
iter=    29  rel‖R‖=  2.598e-03  size(V,2)=   200
iter=    30  rel‖R‖=  2.585e-03  size(V,2)=   200
iter=    31  rel‖R‖=  2.570e-03  size(V,2)=   200
iter=    32  rel‖R‖=  2.554e-03  size(V,2)=   200
iter=    33  rel‖R‖=  2.538e-03  size(V,2)=   200
iter=    34  rel‖R‖=  2.524e-03  size(V,2)=   200
iter=    35  rel‖R‖=  2.512e-03  size(V,2)=   200
iter=    36  rel‖R‖=  2.500e-03  size(V,2)=   200
iter=    37  rel‖R‖=  2.490e-03  size(V,2)=   200
iter=    38  rel‖R‖=  2.480e-03  size(V,2)=   200
iter=    39  rel‖R‖=  2.470e-03  size(V,2)=   200
iter=    40  rel‖R‖=  2.460e-03  size(V,2)=   200
iter=    41  rel‖R‖=  2.450e-03  size(V,2)=   200
iter=    42  rel‖R‖=  2.441e-03  size(V,2)=   200
iter=    43  rel‖R‖=  2.432e-03  size(V,2)=   200
iter=    44  rel‖R‖=  2.421e-03  size(V,2)=   200
iter=    45  rel‖R‖=  2.409e-03  size(V,2)=   200
iter=    46  rel‖R‖=  2.399e-03  size(V,2)=   200
iter=    47  rel‖R‖=  2.391e-03  size(V,2)=   200
iter=    48  rel‖R‖=  2.382e-03  size(V,2)=   200
iter=    49  rel‖R‖=  2.374e-03  size(V,2)=   200
iter=    50  rel‖R‖=  2.367e-03  size(V,2)=   200
iter=    51  rel‖R‖=  2.359e-03  size(V,2)=   200
iter=    52  rel‖R‖=  2.351e-03  size(V,2)=   200
iter=    53  rel‖R‖=  2.344e-03  size(V,2)=   200
iter=    54  rel‖R‖=  2.335e-03  size(V,2)=   200
iter=    55  rel‖R‖=  2.328e-03  size(V,2)=   200
iter=    56  rel‖R‖=  2.322e-03  size(V,2)=   200
iter=    57  rel‖R‖=  2.314e-03  size(V,2)=   200
iter=    58  rel‖R‖=  2.307e-03  size(V,2)=   200
iter=    59  rel‖R‖=  2.300e-03  size(V,2)=   200
iter=    60  rel‖R‖=  2.293e-03  size(V,2)=   200
iter=    61  rel‖R‖=  2.286e-03  size(V,2)=   200
iter=    62  rel‖R‖=  2.279e-03  size(V,2)=   200
iter=    63  rel‖R‖=  2.272e-03  size(V,2)=   200
iter=    64  rel‖R‖=  2.265e-03  size(V,2)=   200
iter=    65  rel‖R‖=  2.258e-03  size(V,2)=   200
iter=    66  rel‖R‖=  2.252e-03  size(V,2)=   200
iter=    67  rel‖R‖=  2.245e-03  size(V,2)=   200
iter=    68  rel‖R‖=  2.240e-03  size(V,2)=   200
iter=    69  rel‖R‖=  2.234e-03  size(V,2)=   200
iter=    70  rel‖R‖=  2.228e-03  size(V,2)=   200
iter=    71  rel‖R‖=  2.223e-03  size(V,2)=   200
iter=    72  rel‖R‖=  2.217e-03  size(V,2)=   200
iter=    73  rel‖R‖=  2.212e-03  size(V,2)=   200
iter=    74  rel‖R‖=  2.206e-03  size(V,2)=   200
iter=    75  rel‖R‖=  2.199e-03  size(V,2)=   200
iter=    76  rel‖R‖=  2.193e-03  size(V,2)=   200
iter=    77  rel‖R‖=  2.186e-03  size(V,2)=   200
iter=    78  rel‖R‖=  2.178e-03  size(V,2)=   200
iter=    79  rel‖R‖=  2.171e-03  size(V,2)=   200
iter=    80  rel‖R‖=  2.166e-03  size(V,2)=   200
iter=    81  rel‖R‖=  2.161e-03  size(V,2)=   200
iter=    82  rel‖R‖=  2.155e-03  size(V,2)=   200
iter=    83  rel‖R‖=  2.149e-03  size(V,2)=   200
iter=    84  rel‖R‖=  2.143e-03  size(V,2)=   200
iter=    85  rel‖R‖=  2.137e-03  size(V,2)=   200
iter=    86  rel‖R‖=  2.132e-03  size(V,2)=   200
iter=    87  rel‖R‖=  2.126e-03  size(V,2)=   200
iter=    88  rel‖R‖=  2.120e-03  size(V,2)=   200
iter=    89  rel‖R‖=  2.115e-03  size(V,2)=   200
iter=    90  rel‖R‖=  2.109e-03  size(V,2)=   200
iter=    91  rel‖R‖=  2.103e-03  size(V,2)=   200
iter=    92  rel‖R‖=  2.097e-03  size(V,2)=   200
iter=    93  rel‖R‖=  2.092e-03  size(V,2)=   200
iter=    94  rel‖R‖=  2.087e-03  size(V,2)=   200
iter=    95  rel‖R‖=  2.082e-03  size(V,2)=   200
iter=    96  rel‖R‖=  2.077e-03  size(V,2)=   200
iter=    97  rel‖R‖=  2.072e-03  size(V,2)=   200
iter=    98  rel‖R‖=  2.068e-03  size(V,2)=   200
iter=    99  rel‖R‖=  2.063e-03  size(V,2)=   200
iter=   100  rel‖R‖=  2.058e-03  size(V,2)=   200
iter=   101  rel‖R‖=  2.052e-03  size(V,2)=   200
iter=   102  rel‖R‖=  2.048e-03  size(V,2)=   200
iter=   103  rel‖R‖=  2.043e-03  size(V,2)=   200
iter=   104  rel‖R‖=  2.038e-03  size(V,2)=   200
iter=   105  rel‖R‖=  2.033e-03  size(V,2)=   200
iter=   106  rel‖R‖=  2.028e-03  size(V,2)=   200
iter=   107  rel‖R‖=  2.022e-03  size(V,2)=   200
iter=   108  rel‖R‖=  2.018e-03  size(V,2)=   200
iter=   109  rel‖R‖=  2.013e-03  size(V,2)=   200
iter=   110  rel‖R‖=  2.008e-03  size(V,2)=   200
iter=   111  rel‖R‖=  2.003e-03  size(V,2)=   200
iter=   112  rel‖R‖=  1.998e-03  size(V,2)=   200
iter=   113  rel‖R‖=  1.994e-03  size(V,2)=   200
iter=   114  rel‖R‖=  1.990e-03  size(V,2)=   200
iter=   115  rel‖R‖=  1.985e-03  size(V,2)=   200
iter=   116  rel‖R‖=  1.981e-03  size(V,2)=   200
iter=   117  rel‖R‖=  1.976e-03  size(V,2)=   200
iter=   118  rel‖R‖=  1.972e-03  size(V,2)=   200
iter=   119  rel‖R‖=  1.967e-03  size(V,2)=   200
iter=   120  rel‖R‖=  1.962e-03  size(V,2)=   200
iter=   121  rel‖R‖=  1.957e-03  size(V,2)=   200
iter=   122  rel‖R‖=  1.953e-03  size(V,2)=   200
iter=   123  rel‖R‖=  1.949e-03  size(V,2)=   200
iter=   124  rel‖R‖=  1.944e-03  size(V,2)=   200
iter=   125  rel‖R‖=  1.939e-03  size(V,2)=   200
iter=   126  rel‖R‖=  1.934e-03  size(V,2)=   200
iter=   127  rel‖R‖=  1.927e-03  size(V,2)=   200
iter=   128  rel‖R‖=  1.922e-03  size(V,2)=   200
iter=   129  rel‖R‖=  1.916e-03  size(V,2)=   200
iter=   130  rel‖R‖=  1.912e-03  size(V,2)=   200
iter=   131  rel‖R‖=  1.908e-03  size(V,2)=   200
iter=   132  rel‖R‖=  1.903e-03  size(V,2)=   200
iter=   133  rel‖R‖=  1.899e-03  size(V,2)=   200
iter=   134  rel‖R‖=  1.894e-03  size(V,2)=   200
iter=   135  rel‖R‖=  1.890e-03  size(V,2)=   200
iter=   136  rel‖R‖=  1.886e-03  size(V,2)=   200
iter=   137  rel‖R‖=  1.882e-03  size(V,2)=   200
iter=   138  rel‖R‖=  1.877e-03  size(V,2)=   200
iter=   139  rel‖R‖=  1.873e-03  size(V,2)=   200
iter=   140  rel‖R‖=  1.869e-03  size(V,2)=   200
iter=   141  rel‖R‖=  1.865e-03  size(V,2)=   200
iter=   142  rel‖R‖=  1.861e-03  size(V,2)=   200
iter=   143  rel‖R‖=  1.857e-03  size(V,2)=   200
iter=   144  rel‖R‖=  1.853e-03  size(V,2)=   200
iter=   145  rel‖R‖=  1.849e-03  size(V,2)=   200
iter=   146  rel‖R‖=  1.845e-03  size(V,2)=   200
iter=   147  rel‖R‖=  1.841e-03  size(V,2)=   200
iter=   148  rel‖R‖=  1.837e-03  size(V,2)=   200
iter=   149  rel‖R‖=  1.833e-03  size(V,2)=   200
iter=   150  rel‖R‖=  1.829e-03  size(V,2)=   200
iter=   151  rel‖R‖=  1.825e-03  size(V,2)=   200
iter=   152  rel‖R‖=  1.821e-03  size(V,2)=   200
iter=   153  rel‖R‖=  1.817e-03  size(V,2)=   200
iter=   154  rel‖R‖=  1.814e-03  size(V,2)=   200
iter=   155  rel‖R‖=  1.810e-03  size(V,2)=   200
iter=   156  rel‖R‖=  1.806e-03  size(V,2)=   200
iter=   157  rel‖R‖=  1.803e-03  size(V,2)=   200
iter=   158  rel‖R‖=  1.799e-03  size(V,2)=   200
iter=   159  rel‖R‖=  1.795e-03  size(V,2)=   200
iter=   160  rel‖R‖=  1.791e-03  size(V,2)=   200
iter=   161  rel‖R‖=  1.788e-03  size(V,2)=   200
iter=   162  rel‖R‖=  1.784e-03  size(V,2)=   200
iter=   163  rel‖R‖=  1.780e-03  size(V,2)=   200
iter=   164  rel‖R‖=  1.777e-03  size(V,2)=   200
iter=   165  rel‖R‖=  1.773e-03  size(V,2)=   200
iter=   166  rel‖R‖=  1.769e-03  size(V,2)=   200
iter=   167  rel‖R‖=  1.765e-03  size(V,2)=   200
iter=   168  rel‖R‖=  1.762e-03  size(V,2)=   200
iter=   169  rel‖R‖=  1.758e-03  size(V,2)=   200
iter=   170  rel‖R‖=  1.755e-03  size(V,2)=   200
iter=   171  rel‖R‖=  1.751e-03  size(V,2)=   200
iter=   172  rel‖R‖=  1.748e-03  size(V,2)=   200
iter=   173  rel‖R‖=  1.745e-03  size(V,2)=   200
iter=   174  rel‖R‖=  1.741e-03  size(V,2)=   200
iter=   175  rel‖R‖=  1.738e-03  size(V,2)=   200
iter=   176  rel‖R‖=  1.734e-03  size(V,2)=   200
iter=   177  rel‖R‖=  1.730e-03  size(V,2)=   200
iter=   178  rel‖R‖=  1.726e-03  size(V,2)=   200
iter=   179  rel‖R‖=  1.721e-03  size(V,2)=   200
iter=   180  rel‖R‖=  1.718e-03  size(V,2)=   200
iter=   181  rel‖R‖=  1.714e-03  size(V,2)=   200
iter=   182  rel‖R‖=  1.710e-03  size(V,2)=   200
iter=   183  rel‖R‖=  1.707e-03  size(V,2)=   200
iter=   184  rel‖R‖=  1.703e-03  size(V,2)=   200
iter=   185  rel‖R‖=  1.700e-03  size(V,2)=   200
iter=   186  rel‖R‖=  1.697e-03  size(V,2)=   200
iter=   187  rel‖R‖=  1.693e-03  size(V,2)=   200
iter=   188  rel‖R‖=  1.690e-03  size(V,2)=   200
iter=   189  rel‖R‖=  1.687e-03  size(V,2)=   200
iter=   190  rel‖R‖=  1.684e-03  size(V,2)=   200
iter=   191  rel‖R‖=  1.681e-03  size(V,2)=   200
iter=   192  rel‖R‖=  1.677e-03  size(V,2)=   200
iter=   193  rel‖R‖=  1.673e-03  size(V,2)=   200
iter=   194  rel‖R‖=  1.669e-03  size(V,2)=   200
iter=   195  rel‖R‖=  1.666e-03  size(V,2)=   200
iter=   196  rel‖R‖=  1.662e-03  size(V,2)=   200
iter=   197  rel‖R‖=  1.659e-03  size(V,2)=   200
iter=   198  rel‖R‖=  1.655e-03  size(V,2)=   200
iter=   199  rel‖R‖=  1.652e-03  size(V,2)=   200
iter=   200  rel‖R‖=  1.648e-03  size(V,2)=   200
iter=   201  rel‖R‖=  1.645e-03  size(V,2)=   200
iter=   202  rel‖R‖=  1.641e-03  size(V,2)=   200
iter=   203  rel‖R‖=  1.638e-03  size(V,2)=   200
iter=   204  rel‖R‖=  1.635e-03  size(V,2)=   200
iter=   205  rel‖R‖=  1.632e-03  size(V,2)=   200
iter=   206  rel‖R‖=  1.629e-03  size(V,2)=   200
iter=   207  rel‖R‖=  1.625e-03  size(V,2)=   200
iter=   208  rel‖R‖=  1.622e-03  size(V,2)=   200
iter=   209  rel‖R‖=  1.619e-03  size(V,2)=   200
iter=   210  rel‖R‖=  1.616e-03  size(V,2)=   200
iter=   211  rel‖R‖=  1.612e-03  size(V,2)=   200
iter=   212  rel‖R‖=  1.609e-03  size(V,2)=   200
iter=   213  rel‖R‖=  1.606e-03  size(V,2)=   200
iter=   214  rel‖R‖=  1.602e-03  size(V,2)=   200
iter=   215  rel‖R‖=  1.599e-03  size(V,2)=   200
iter=   216  rel‖R‖=  1.596e-03  size(V,2)=   200
iter=   217  rel‖R‖=  1.593e-03  size(V,2)=   200
iter=   218  rel‖R‖=  1.590e-03  size(V,2)=   200
iter=   219  rel‖R‖=  1.587e-03  size(V,2)=   200
iter=   220  rel‖R‖=  1.584e-03  size(V,2)=   200
iter=   221  rel‖R‖=  1.579e-03  size(V,2)=   200
iter=   222  rel‖R‖=  1.576e-03  size(V,2)=   200
iter=   223  rel‖R‖=  1.573e-03  size(V,2)=   200
iter=   224  rel‖R‖=  1.570e-03  size(V,2)=   200
iter=   225  rel‖R‖=  1.567e-03  size(V,2)=   200
iter=   226  rel‖R‖=  1.563e-03  size(V,2)=   200
iter=   227  rel‖R‖=  1.560e-03  size(V,2)=   200
iter=   228  rel‖R‖=  1.557e-03  size(V,2)=   200
iter=   229  rel‖R‖=  1.555e-03  size(V,2)=   200
iter=   230  rel‖R‖=  1.551e-03  size(V,2)=   200
iter=   231  rel‖R‖=  1.548e-03  size(V,2)=   200
iter=   232  rel‖R‖=  1.545e-03  size(V,2)=   200
iter=   233  rel‖R‖=  1.543e-03  size(V,2)=   200
iter=   234  rel‖R‖=  1.540e-03  size(V,2)=   200
iter=   235  rel‖R‖=  1.537e-03  size(V,2)=   200
iter=   236  rel‖R‖=  1.535e-03  size(V,2)=   200
iter=   237  rel‖R‖=  1.532e-03  size(V,2)=   200
iter=   238  rel‖R‖=  1.528e-03  size(V,2)=   200
iter=   239  rel‖R‖=  1.526e-03  size(V,2)=   200
iter=   240  rel‖R‖=  1.523e-03  size(V,2)=   200
iter=   241  rel‖R‖=  1.520e-03  size(V,2)=   200
iter=   242  rel‖R‖=  1.518e-03  size(V,2)=   200
iter=   243  rel‖R‖=  1.515e-03  size(V,2)=   200
iter=   244  rel‖R‖=  1.512e-03  size(V,2)=   200
iter=   245  rel‖R‖=  1.510e-03  size(V,2)=   200
iter=   246  rel‖R‖=  1.507e-03  size(V,2)=   200
iter=   247  rel‖R‖=  1.504e-03  size(V,2)=   200
iter=   248  rel‖R‖=  1.502e-03  size(V,2)=   200
iter=   249  rel‖R‖=  1.499e-03  size(V,2)=   200
iter=   250  rel‖R‖=  1.497e-03  size(V,2)=   200
iter=   251  rel‖R‖=  1.494e-03  size(V,2)=   200
iter=   252  rel‖R‖=  1.491e-03  size(V,2)=   200
iter=   253  rel‖R‖=  1.488e-03  size(V,2)=   200
iter=   254  rel‖R‖=  1.486e-03  size(V,2)=   200
iter=   255  rel‖R‖=  1.483e-03  size(V,2)=   200
iter=   256  rel‖R‖=  1.480e-03  size(V,2)=   200
iter=   257  rel‖R‖=  1.478e-03  size(V,2)=   200
iter=   258  rel‖R‖=  1.474e-03  size(V,2)=   200
iter=   259  rel‖R‖=  1.472e-03  size(V,2)=   200
iter=   260  rel‖R‖=  1.469e-03  size(V,2)=   200
iter=   261  rel‖R‖=  1.466e-03  size(V,2)=   200
iter=   262  rel‖R‖=  1.463e-03  size(V,2)=   200
iter=   263  rel‖R‖=  1.460e-03  size(V,2)=   200
iter=   264  rel‖R‖=  1.458e-03  size(V,2)=   200
iter=   265  rel‖R‖=  1.455e-03  size(V,2)=   200
iter=   266  rel‖R‖=  1.452e-03  size(V,2)=   200
iter=   267  rel‖R‖=  1.449e-03  size(V,2)=   200
iter=   268  rel‖R‖=  1.447e-03  size(V,2)=   200
iter=   269  rel‖R‖=  1.444e-03  size(V,2)=   200
iter=   270  rel‖R‖=  1.441e-03  size(V,2)=   200
iter=   271  rel‖R‖=  1.438e-03  size(V,2)=   200
iter=   272  rel‖R‖=  1.436e-03  size(V,2)=   200
iter=   273  rel‖R‖=  1.433e-03  size(V,2)=   200
iter=   274  rel‖R‖=  1.431e-03  size(V,2)=   200
iter=   275  rel‖R‖=  1.428e-03  size(V,2)=   200
iter=   276  rel‖R‖=  1.426e-03  size(V,2)=   200
iter=   277  rel‖R‖=  1.423e-03  size(V,2)=   200
iter=   278  rel‖R‖=  1.421e-03  size(V,2)=   200
iter=   279  rel‖R‖=  1.418e-03  size(V,2)=   200
iter=   280  rel‖R‖=  1.416e-03  size(V,2)=   200
iter=   281  rel‖R‖=  1.413e-03  size(V,2)=   200
iter=   282  rel‖R‖=  1.410e-03  size(V,2)=   200
iter=   283  rel‖R‖=  1.408e-03  size(V,2)=   200
iter=   284  rel‖R‖=  1.405e-03  size(V,2)=   200
iter=   285  rel‖R‖=  1.403e-03  size(V,2)=   200
iter=   286  rel‖R‖=  1.401e-03  size(V,2)=   200
iter=   287  rel‖R‖=  1.398e-03  size(V,2)=   200
iter=   288  rel‖R‖=  1.396e-03  size(V,2)=   200
iter=   289  rel‖R‖=  1.393e-03  size(V,2)=   200
iter=   290  rel‖R‖=  1.390e-03  size(V,2)=   200
iter=   291  rel‖R‖=  1.388e-03  size(V,2)=   200
iter=   292  rel‖R‖=  1.386e-03  size(V,2)=   200
iter=   293  rel‖R‖=  1.383e-03  size(V,2)=   200
iter=   294  rel‖R‖=  1.381e-03  size(V,2)=   200
iter=   295  rel‖R‖=  1.379e-03  size(V,2)=   200
iter=   296  rel‖R‖=  1.377e-03  size(V,2)=   200
iter=   297  rel‖R‖=  1.375e-03  size(V,2)=   200
iter=   298  rel‖R‖=  1.372e-03  size(V,2)=   200
iter=   299  rel‖R‖=  1.370e-03  size(V,2)=   200
iter=   300  rel‖R‖=  1.367e-03  size(V,2)=   200
iter=   301  rel‖R‖=  1.365e-03  size(V,2)=   200
iter=   302  rel‖R‖=  1.363e-03  size(V,2)=   200
iter=   303  rel‖R‖=  1.360e-03  size(V,2)=   200
iter=   304  rel‖R‖=  1.358e-03  size(V,2)=   200
iter=   305  rel‖R‖=  1.355e-03  size(V,2)=   200
iter=   306  rel‖R‖=  1.353e-03  size(V,2)=   200
iter=   307  rel‖R‖=  1.351e-03  size(V,2)=   200
iter=   308  rel‖R‖=  1.348e-03  size(V,2)=   200
iter=   309  rel‖R‖=  1.346e-03  size(V,2)=   200
iter=   310  rel‖R‖=  1.344e-03  size(V,2)=   200
iter=   311  rel‖R‖=  1.342e-03  size(V,2)=   200
iter=   312  rel‖R‖=  1.340e-03  size(V,2)=   200
iter=   313  rel‖R‖=  1.338e-03  size(V,2)=   200
iter=   314  rel‖R‖=  1.336e-03  size(V,2)=   200
iter=   315  rel‖R‖=  1.334e-03  size(V,2)=   200
iter=   316  rel‖R‖=  1.332e-03  size(V,2)=   200
iter=   317  rel‖R‖=  1.330e-03  size(V,2)=   200
iter=   318  rel‖R‖=  1.328e-03  size(V,2)=   200
iter=   319  rel‖R‖=  1.325e-03  size(V,2)=   200
iter=   320  rel‖R‖=  1.323e-03  size(V,2)=   200
iter=   321  rel‖R‖=  1.321e-03  size(V,2)=   200
iter=   322  rel‖R‖=  1.319e-03  size(V,2)=   200
iter=   323  rel‖R‖=  1.317e-03  size(V,2)=   200
iter=   324  rel‖R‖=  1.314e-03  size(V,2)=   200
iter=   325  rel‖R‖=  1.312e-03  size(V,2)=   200
iter=   326  rel‖R‖=  1.310e-03  size(V,2)=   200
iter=   327  rel‖R‖=  1.308e-03  size(V,2)=   200
iter=   328  rel‖R‖=  1.305e-03  size(V,2)=   200
iter=   329  rel‖R‖=  1.303e-03  size(V,2)=   200
iter=   330  rel‖R‖=  1.301e-03  size(V,2)=   200
iter=   331  rel‖R‖=  1.299e-03  size(V,2)=   200
iter=   332  rel‖R‖=  1.296e-03  size(V,2)=   200
iter=   333  rel‖R‖=  1.294e-03  size(V,2)=   200
iter=   334  rel‖R‖=  1.292e-03  size(V,2)=   200
iter=   335  rel‖R‖=  1.290e-03  size(V,2)=   200
iter=   336  rel‖R‖=  1.288e-03  size(V,2)=   200
iter=   337  rel‖R‖=  1.286e-03  size(V,2)=   200
iter=   338  rel‖R‖=  1.284e-03  size(V,2)=   200
iter=   339  rel‖R‖=  1.282e-03  size(V,2)=   200
iter=   340  rel‖R‖=  1.280e-03  size(V,2)=   200
iter=   341  rel‖R‖=  1.278e-03  size(V,2)=   200
iter=   342  rel‖R‖=  1.275e-03  size(V,2)=   200
iter=   343  rel‖R‖=  1.273e-03  size(V,2)=   200
iter=   344  rel‖R‖=  1.271e-03  size(V,2)=   200
iter=   345  rel‖R‖=  1.269e-03  size(V,2)=   200
iter=   346  rel‖R‖=  1.267e-03  size(V,2)=   200
iter=   347  rel‖R‖=  1.265e-03  size(V,2)=   200
iter=   348  rel‖R‖=  1.263e-03  size(V,2)=   200
iter=   349  rel‖R‖=  1.261e-03  size(V,2)=   200
iter=   350  rel‖R‖=  1.259e-03  size(V,2)=   200
iter=   351  rel‖R‖=  1.257e-03  size(V,2)=   200
iter=   352  rel‖R‖=  1.255e-03  size(V,2)=   200
iter=   353  rel‖R‖=  1.252e-03  size(V,2)=   200
iter=   354  rel‖R‖=  1.250e-03  size(V,2)=   200
iter=   355  rel‖R‖=  1.248e-03  size(V,2)=   200
iter=   356  rel‖R‖=  1.246e-03  size(V,2)=   200
iter=   357  rel‖R‖=  1.244e-03  size(V,2)=   200
iter=   358  rel‖R‖=  1.242e-03  size(V,2)=   200
iter=   359  rel‖R‖=  1.240e-03  size(V,2)=   200
iter=   360  rel‖R‖=  1.238e-03  size(V,2)=   200
iter=   361  rel‖R‖=  1.236e-03  size(V,2)=   200
iter=   362  rel‖R‖=  1.234e-03  size(V,2)=   200
iter=   363  rel‖R‖=  1.232e-03  size(V,2)=   200
iter=   364  rel‖R‖=  1.230e-03  size(V,2)=   200
iter=   365  rel‖R‖=  1.228e-03  size(V,2)=   200
iter=   366  rel‖R‖=  1.226e-03  size(V,2)=   200
iter=   367  rel‖R‖=  1.224e-03  size(V,2)=   200
iter=   368  rel‖R‖=  1.222e-03  size(V,2)=   200
iter=   369  rel‖R‖=  1.220e-03  size(V,2)=   200
iter=   370  rel‖R‖=  1.218e-03  size(V,2)=   200
iter=   371  rel‖R‖=  1.215e-03  size(V,2)=   200
iter=   372  rel‖R‖=  1.213e-03  size(V,2)=   200
iter=   373  rel‖R‖=  1.211e-03  size(V,2)=   200
iter=   374  rel‖R‖=  1.209e-03  size(V,2)=   200
iter=   375  rel‖R‖=  1.207e-03  size(V,2)=   200
iter=   376  rel‖R‖=  1.205e-03  size(V,2)=   200
iter=   377  rel‖R‖=  1.203e-03  size(V,2)=   200
iter=   378  rel‖R‖=  1.201e-03  size(V,2)=   200
iter=   379  rel‖R‖=  1.199e-03  size(V,2)=   200
iter=   380  rel‖R‖=  1.197e-03  size(V,2)=   200
iter=   381  rel‖R‖=  1.195e-03  size(V,2)=   200
iter=   382  rel‖R‖=  1.193e-03  size(V,2)=   200
iter=   383  rel‖R‖=  1.191e-03  size(V,2)=   200
iter=   384  rel‖R‖=  1.189e-03  size(V,2)=   200
iter=   385  rel‖R‖=  1.187e-03  size(V,2)=   200
iter=   386  rel‖R‖=  1.185e-03  size(V,2)=   200
iter=   387  rel‖R‖=  1.182e-03  size(V,2)=   200
iter=   388  rel‖R‖=  1.180e-03  size(V,2)=   200
iter=   389  rel‖R‖=  1.179e-03  size(V,2)=   200
iter=   390  rel‖R‖=  1.177e-03  size(V,2)=   200
iter=   391  rel‖R‖=  1.174e-03  size(V,2)=   200
iter=   392  rel‖R‖=  1.172e-03  size(V,2)=   200
iter=   393  rel‖R‖=  1.170e-03  size(V,2)=   200
iter=   394  rel‖R‖=  1.169e-03  size(V,2)=   200
iter=   395  rel‖R‖=  1.167e-03  size(V,2)=   200
iter=   396  rel‖R‖=  1.165e-03  size(V,2)=   200
iter=   397  rel‖R‖=  1.163e-03  size(V,2)=   200
iter=   398  rel‖R‖=  1.161e-03  size(V,2)=   200
iter=   399  rel‖R‖=  1.159e-03  size(V,2)=   200
iter=   400  rel‖R‖=  1.157e-03  size(V,2)=   200
iter=   401  rel‖R‖=  1.155e-03  size(V,2)=   200
iter=   402  rel‖R‖=  1.153e-03  size(V,2)=   200
iter=   403  rel‖R‖=  1.151e-03  size(V,2)=   200
iter=   404  rel‖R‖=  1.149e-03  size(V,2)=   200
iter=   405  rel‖R‖=  1.147e-03  size(V,2)=   200
iter=   406  rel‖R‖=  1.145e-03  size(V,2)=   200
iter=   407  rel‖R‖=  1.144e-03  size(V,2)=   200
iter=   408  rel‖R‖=  1.142e-03  size(V,2)=   200
iter=   409  rel‖R‖=  1.140e-03  size(V,2)=   200
iter=   410  rel‖R‖=  1.138e-03  size(V,2)=   200
iter=   411  rel‖R‖=  1.136e-03  size(V,2)=   200
iter=   412  rel‖R‖=  1.134e-03  size(V,2)=   200
iter=   413  rel‖R‖=  1.133e-03  size(V,2)=   200
iter=   414  rel‖R‖=  1.131e-03  size(V,2)=   200
iter=   415  rel‖R‖=  1.129e-03  size(V,2)=   200
iter=   416  rel‖R‖=  1.127e-03  size(V,2)=   200
iter=   417  rel‖R‖=  1.126e-03  size(V,2)=   200
iter=   418  rel‖R‖=  1.124e-03  size(V,2)=   200
iter=   419  rel‖R‖=  1.122e-03  size(V,2)=   200
iter=   420  rel‖R‖=  1.120e-03  size(V,2)=   200
iter=   421  rel‖R‖=  1.119e-03  size(V,2)=   200
iter=   422  rel‖R‖=  1.117e-03  size(V,2)=   200
iter=   423  rel‖R‖=  1.115e-03  size(V,2)=   200
iter=   424  rel‖R‖=  1.114e-03  size(V,2)=   200
iter=   425  rel‖R‖=  1.112e-03  size(V,2)=   200
iter=   426  rel‖R‖=  1.110e-03  size(V,2)=   200
iter=   427  rel‖R‖=  1.109e-03  size(V,2)=   200
iter=   428  rel‖R‖=  1.107e-03  size(V,2)=   200
iter=   429  rel‖R‖=  1.105e-03  size(V,2)=   200
iter=   430  rel‖R‖=  1.103e-03  size(V,2)=   200
iter=   431  rel‖R‖=  1.101e-03  size(V,2)=   200
iter=   432  rel‖R‖=  1.099e-03  size(V,2)=   200
iter=   433  rel‖R‖=  1.097e-03  size(V,2)=   200
iter=   434  rel‖R‖=  1.094e-03  size(V,2)=   200
iter=   435  rel‖R‖=  1.092e-03  size(V,2)=   200
iter=   436  rel‖R‖=  1.090e-03  size(V,2)=   200
iter=   437  rel‖R‖=  1.089e-03  size(V,2)=   200
iter=   438  rel‖R‖=  1.087e-03  size(V,2)=   200
iter=   439  rel‖R‖=  1.085e-03  size(V,2)=   200
iter=   440  rel‖R‖=  1.083e-03  size(V,2)=   200
iter=   441  rel‖R‖=  1.081e-03  size(V,2)=   200
iter=   442  rel‖R‖=  1.080e-03  size(V,2)=   200
iter=   443  rel‖R‖=  1.078e-03  size(V,2)=   200
iter=   444  rel‖R‖=  1.076e-03  size(V,2)=   200
iter=   445  rel‖R‖=  1.075e-03  size(V,2)=   200
iter=   446  rel‖R‖=  1.073e-03  size(V,2)=   200
iter=   447  rel‖R‖=  1.071e-03  size(V,2)=   200
iter=   448  rel‖R‖=  1.069e-03  size(V,2)=   200
iter=   449  rel‖R‖=  1.068e-03  size(V,2)=   200
iter=   450  rel‖R‖=  1.066e-03  size(V,2)=   200
iter=   451  rel‖R‖=  1.065e-03  size(V,2)=   200
iter=   452  rel‖R‖=  1.063e-03  size(V,2)=   200
iter=   453  rel‖R‖=  1.061e-03  size(V,2)=   200
iter=   454  rel‖R‖=  1.059e-03  size(V,2)=   200
iter=   455  rel‖R‖=  1.058e-03  size(V,2)=   200
iter=   456  rel‖R‖=  1.056e-03  size(V,2)=   200
iter=   457  rel‖R‖=  1.054e-03  size(V,2)=   200
iter=   458  rel‖R‖=  1.053e-03  size(V,2)=   200
iter=   459  rel‖R‖=  1.051e-03  size(V,2)=   200
iter=   460  rel‖R‖=  1.050e-03  size(V,2)=   200
iter=   461  rel‖R‖=  1.048e-03  size(V,2)=   200
iter=   462  rel‖R‖=  1.046e-03  size(V,2)=   200
iter=   463  rel‖R‖=  1.045e-03  size(V,2)=   200
iter=   464  rel‖R‖=  1.043e-03  size(V,2)=   200
iter=   465  rel‖R‖=  1.041e-03  size(V,2)=   200
iter=   466  rel‖R‖=  1.040e-03  size(V,2)=   200
iter=   467  rel‖R‖=  1.038e-03  size(V,2)=   200
iter=   468  rel‖R‖=  1.037e-03  size(V,2)=   200
iter=   469  rel‖R‖=  1.035e-03  size(V,2)=   200
iter=   470  rel‖R‖=  1.034e-03  size(V,2)=   200
iter=   471  rel‖R‖=  1.032e-03  size(V,2)=   200
iter=   472  rel‖R‖=  1.030e-03  size(V,2)=   200
iter=   473  rel‖R‖=  1.029e-03  size(V,2)=   200
iter=   474  rel‖R‖=  1.027e-03  size(V,2)=   200
iter=   475  rel‖R‖=  1.026e-03  size(V,2)=   200
iter=   476  rel‖R‖=  1.024e-03  size(V,2)=   200
iter=   477  rel‖R‖=  1.023e-03  size(V,2)=   200
iter=   478  rel‖R‖=  1.021e-03  size(V,2)=   200
iter=   479  rel‖R‖=  1.020e-03  size(V,2)=   200
iter=   480  rel‖R‖=  1.018e-03  size(V,2)=   200
iter=   481  rel‖R‖=  1.017e-03  size(V,2)=   200
iter=   482  rel‖R‖=  1.015e-03  size(V,2)=   200
iter=   483  rel‖R‖=  1.014e-03  size(V,2)=   200
iter=   484  rel‖R‖=  1.012e-03  size(V,2)=   200
iter=   485  rel‖R‖=  1.011e-03  size(V,2)=   200
iter=   486  rel‖R‖=  1.009e-03  size(V,2)=   200
iter=   487  rel‖R‖=  1.008e-03  size(V,2)=   200
iter=   488  rel‖R‖=  1.006e-03  size(V,2)=   200
iter=   489  rel‖R‖=  1.005e-03  size(V,2)=   200
iter=   490  rel‖R‖=  1.003e-03  size(V,2)=   200
iter=   491  rel‖R‖=  1.002e-03  size(V,2)=   200
iter=   492  rel‖R‖=  1.000e-03  size(V,2)=   200
iter=   493  rel‖R‖=  9.990e-04  size(V,2)=   200
converged!
1661.659093 seconds (779.91 k allocations: 66.771 GiB, 0.73% gc time)
Total estimated FLOPs: 43787057708600

Reading exact Eigenvalues...
Reading eigenvalues from ../Eigenvalues_folder/eigenres_H2_RNDbasis1.jld2

Relative deviation between Davidson and exact eigenvalues:
1×100 adjoint(::Vector{Float64}) with eltype Float64:
 -6.80375e-16  -1.24074e-15  7.91631e-16  1.31997e-16  -9.71264e-16  1.18847e-16  5.94248e-16  9.67e-16  1.82679e-15  5.68455e-16  2.46492e-15  2.42489e-16  1.45585e-15  -2.30885e-15  -1.87826e-15  1.87851e-16  -1.23841e-15  -0.0  -1.75006e-15  2.07661e-15  -2.37459e-15  4.36632e-15  -2.18413e-15  -3.65236e-15  -9.25769e-15  -1.78855e-15  2.29936e-16  5.3523e-15  -5.5173e-15  -1.01426e-14  1.09806e-14  -1.23068e-14  -1.25537e-14  -1.00524e-14  -1.53337e-14  6.31621e-15  -5.67407e-15  1.74571e-14  -5.74654e-16  -6.5822e-15  1.28329e-14  -1.5017e-14  -1.58117e-14  -2.21059e-14  -1.61007e-14  -6.86385e-15  -2.21075e-14  -5.16317e-15  2.40604e-14  2.48446e-14  -1.09258e-14  9.24809e-15  3.19838e-14  -9.8278e-15  3.5203e-14  1.56136e-14  1.4319e-14  -7.11256e-15  -1.4034e-16  -4.74586e-14  -1.60837e-15  5.12633e-14  -4.15829e-14  -1.58147e-14  -4.06528e-14  -3.77194e-14  4.27825e-14  1.50776e-14  -4.17634e-14  -1.5574e-14  2.47508e-14  -3.45677e-14  -4.01164e-14  9.4233e-15  5.28334e-14  5.27326e-14  -2.47623e-14  -1.59166e-5  -4.10912e-9  -8.60985e-14  3.54151e-14  -0.000136919  -6.70731e-6  -3.82549e-5  -0.00174481  -0.00194644  -0.0021974  -0.00193616  -0.00332503  -0.00240065  -0.00501443  -0.00612941  -0.00576169  -0.00594738  -0.00937183  -0.00644245  -0.00710483  -0.00729633  -0.00728671  -0.0109756
Running with l = 200
read ../H2/gamma_VASP_RNDbasis1.dat
Davidson
iter=     1  rel‖R‖=  7.935e-01  size(V,2)=   200
iter=     2  rel‖R‖=  2.815e-01  size(V,2)=   400
iter=     3  rel‖R‖=  1.781e-02  size(V,2)=   400
iter=     4  rel‖R‖=  7.861e-03  size(V,2)=   400
iter=     5  rel‖R‖=  5.880e-03  size(V,2)=   400
iter=     6  rel‖R‖=  5.238e-03  size(V,2)=   400
iter=     7  rel‖R‖=  4.939e-03  size(V,2)=   400
iter=     8  rel‖R‖=  4.757e-03  size(V,2)=   400
iter=     9  rel‖R‖=  4.618e-03  size(V,2)=   400
iter=    10  rel‖R‖=  4.519e-03  size(V,2)=   400
iter=    11  rel‖R‖=  4.442e-03  size(V,2)=   400
iter=    12  rel‖R‖=  4.383e-03  size(V,2)=   400
iter=    13  rel‖R‖=  4.325e-03  size(V,2)=   400
iter=    14  rel‖R‖=  4.272e-03  size(V,2)=   400
iter=    15  rel‖R‖=  4.224e-03  size(V,2)=   400
iter=    16  rel‖R‖=  4.182e-03  size(V,2)=   400
iter=    17  rel‖R‖=  4.138e-03  size(V,2)=   400
iter=    18  rel‖R‖=  4.102e-03  size(V,2)=   400
iter=    19  rel‖R‖=  4.066e-03  size(V,2)=   400
iter=    20  rel‖R‖=  4.031e-03  size(V,2)=   400
iter=    21  rel‖R‖=  3.998e-03  size(V,2)=   400
iter=    22  rel‖R‖=  3.967e-03  size(V,2)=   400
iter=    23  rel‖R‖=  3.931e-03  size(V,2)=   400
iter=    24  rel‖R‖=  3.899e-03  size(V,2)=   400
iter=    25  rel‖R‖=  3.867e-03  size(V,2)=   400
iter=    26  rel‖R‖=  3.836e-03  size(V,2)=   400
iter=    27  rel‖R‖=  3.805e-03  size(V,2)=   400
iter=    28  rel‖R‖=  3.775e-03  size(V,2)=   400
iter=    29  rel‖R‖=  3.748e-03  size(V,2)=   400
iter=    30  rel‖R‖=  3.718e-03  size(V,2)=   400
iter=    31  rel‖R‖=  3.690e-03  size(V,2)=   400
iter=    32  rel‖R‖=  3.660e-03  size(V,2)=   400
iter=    33  rel‖R‖=  3.628e-03  size(V,2)=   400
iter=    34  rel‖R‖=  3.600e-03  size(V,2)=   400
iter=    35  rel‖R‖=  3.572e-03  size(V,2)=   400
iter=    36  rel‖R‖=  3.544e-03  size(V,2)=   400
iter=    37  rel‖R‖=  3.514e-03  size(V,2)=   400
iter=    38  rel‖R‖=  3.488e-03  size(V,2)=   400
iter=    39  rel‖R‖=  3.461e-03  size(V,2)=   400
iter=    40  rel‖R‖=  3.435e-03  size(V,2)=   400
iter=    41  rel‖R‖=  3.408e-03  size(V,2)=   400
iter=    42  rel‖R‖=  3.383e-03  size(V,2)=   400
iter=    43  rel‖R‖=  3.358e-03  size(V,2)=   400
iter=    44  rel‖R‖=  3.334e-03  size(V,2)=   400
iter=    45  rel‖R‖=  3.311e-03  size(V,2)=   400
iter=    46  rel‖R‖=  3.287e-03  size(V,2)=   400
iter=    47  rel‖R‖=  3.263e-03  size(V,2)=   400
iter=    48  rel‖R‖=  3.241e-03  size(V,2)=   400
iter=    49  rel‖R‖=  3.220e-03  size(V,2)=   400
iter=    50  rel‖R‖=  3.199e-03  size(V,2)=   400
iter=    51  rel‖R‖=  3.178e-03  size(V,2)=   400
iter=    52  rel‖R‖=  3.155e-03  size(V,2)=   400
iter=    53  rel‖R‖=  3.134e-03  size(V,2)=   400
iter=    54  rel‖R‖=  3.112e-03  size(V,2)=   400
iter=    55  rel‖R‖=  3.090e-03  size(V,2)=   400
iter=    56  rel‖R‖=  3.069e-03  size(V,2)=   400
iter=    57  rel‖R‖=  3.049e-03  size(V,2)=   400
iter=    58  rel‖R‖=  3.030e-03  size(V,2)=   400
iter=    59  rel‖R‖=  3.011e-03  size(V,2)=   400
iter=    60  rel‖R‖=  2.992e-03  size(V,2)=   400
iter=    61  rel‖R‖=  2.972e-03  size(V,2)=   400
iter=    62  rel‖R‖=  2.954e-03  size(V,2)=   400
iter=    63  rel‖R‖=  2.936e-03  size(V,2)=   400
iter=    64  rel‖R‖=  2.918e-03  size(V,2)=   400
iter=    65  rel‖R‖=  2.900e-03  size(V,2)=   400
iter=    66  rel‖R‖=  2.882e-03  size(V,2)=   400
iter=    67  rel‖R‖=  2.862e-03  size(V,2)=   400
iter=    68  rel‖R‖=  2.843e-03  size(V,2)=   400
iter=    69  rel‖R‖=  2.825e-03  size(V,2)=   400
iter=    70  rel‖R‖=  2.808e-03  size(V,2)=   400
iter=    71  rel‖R‖=  2.790e-03  size(V,2)=   400
iter=    72  rel‖R‖=  2.771e-03  size(V,2)=   400
iter=    73  rel‖R‖=  2.754e-03  size(V,2)=   400
iter=    74  rel‖R‖=  2.736e-03  size(V,2)=   400
iter=    75  rel‖R‖=  2.719e-03  size(V,2)=   400
iter=    76  rel‖R‖=  2.702e-03  size(V,2)=   400
iter=    77  rel‖R‖=  2.685e-03  size(V,2)=   400
iter=    78  rel‖R‖=  2.668e-03  size(V,2)=   400
iter=    79  rel‖R‖=  2.652e-03  size(V,2)=   400
iter=    80  rel‖R‖=  2.634e-03  size(V,2)=   400
iter=    81  rel‖R‖=  2.618e-03  size(V,2)=   400
iter=    82  rel‖R‖=  2.603e-03  size(V,2)=   400
iter=    83  rel‖R‖=  2.587e-03  size(V,2)=   400
iter=    84  rel‖R‖=  2.571e-03  size(V,2)=   400
iter=    85  rel‖R‖=  2.555e-03  size(V,2)=   400
iter=    86  rel‖R‖=  2.539e-03  size(V,2)=   400
iter=    87  rel‖R‖=  2.525e-03  size(V,2)=   400
iter=    88  rel‖R‖=  2.510e-03  size(V,2)=   400
iter=    89  rel‖R‖=  2.496e-03  size(V,2)=   400
iter=    90  rel‖R‖=  2.482e-03  size(V,2)=   400
iter=    91  rel‖R‖=  2.467e-03  size(V,2)=   400
iter=    92  rel‖R‖=  2.453e-03  size(V,2)=   400
iter=    93  rel‖R‖=  2.439e-03  size(V,2)=   400
iter=    94  rel‖R‖=  2.425e-03  size(V,2)=   400
iter=    95  rel‖R‖=  2.412e-03  size(V,2)=   400
iter=    96  rel‖R‖=  2.400e-03  size(V,2)=   400
iter=    97  rel‖R‖=  2.387e-03  size(V,2)=   400
iter=    98  rel‖R‖=  2.374e-03  size(V,2)=   400
iter=    99  rel‖R‖=  2.361e-03  size(V,2)=   400
iter=   100  rel‖R‖=  2.348e-03  size(V,2)=   400
iter=   101  rel‖R‖=  2.334e-03  size(V,2)=   400
iter=   102  rel‖R‖=  2.320e-03  size(V,2)=   400
iter=   103  rel‖R‖=  2.306e-03  size(V,2)=   400
iter=   104  rel‖R‖=  2.293e-03  size(V,2)=   400
iter=   105  rel‖R‖=  2.281e-03  size(V,2)=   400
iter=   106  rel‖R‖=  2.269e-03  size(V,2)=   400
iter=   107  rel‖R‖=  2.257e-03  size(V,2)=   400
iter=   108  rel‖R‖=  2.244e-03  size(V,2)=   400
iter=   109  rel‖R‖=  2.232e-03  size(V,2)=   400
iter=   110  rel‖R‖=  2.220e-03  size(V,2)=   400
iter=   111  rel‖R‖=  2.208e-03  size(V,2)=   400
iter=   112  rel‖R‖=  2.197e-03  size(V,2)=   400
iter=   113  rel‖R‖=  2.185e-03  size(V,2)=   400
iter=   114  rel‖R‖=  2.173e-03  size(V,2)=   400
iter=   115  rel‖R‖=  2.162e-03  size(V,2)=   400
iter=   116  rel‖R‖=  2.151e-03  size(V,2)=   400
iter=   117  rel‖R‖=  2.140e-03  size(V,2)=   400
iter=   118  rel‖R‖=  2.129e-03  size(V,2)=   400
iter=   119  rel‖R‖=  2.119e-03  size(V,2)=   400
iter=   120  rel‖R‖=  2.108e-03  size(V,2)=   400
iter=   121  rel‖R‖=  2.098e-03  size(V,2)=   400
iter=   122  rel‖R‖=  2.087e-03  size(V,2)=   400
iter=   123  rel‖R‖=  2.077e-03  size(V,2)=   400
iter=   124  rel‖R‖=  2.067e-03  size(V,2)=   400
iter=   125  rel‖R‖=  2.057e-03  size(V,2)=   400
iter=   126  rel‖R‖=  2.046e-03  size(V,2)=   400
iter=   127  rel‖R‖=  2.036e-03  size(V,2)=   400
iter=   128  rel‖R‖=  2.026e-03  size(V,2)=   400
iter=   129  rel‖R‖=  2.015e-03  size(V,2)=   400
iter=   130  rel‖R‖=  2.004e-03  size(V,2)=   400
iter=   131  rel‖R‖=  1.993e-03  size(V,2)=   400
iter=   132  rel‖R‖=  1.981e-03  size(V,2)=   400
iter=   133  rel‖R‖=  1.971e-03  size(V,2)=   400
iter=   134  rel‖R‖=  1.961e-03  size(V,2)=   400
iter=   135  rel‖R‖=  1.951e-03  size(V,2)=   400
iter=   136  rel‖R‖=  1.942e-03  size(V,2)=   400
iter=   137  rel‖R‖=  1.932e-03  size(V,2)=   400
iter=   138  rel‖R‖=  1.922e-03  size(V,2)=   400
iter=   139  rel‖R‖=  1.913e-03  size(V,2)=   400
iter=   140  rel‖R‖=  1.903e-03  size(V,2)=   400
iter=   141  rel‖R‖=  1.893e-03  size(V,2)=   400
iter=   142  rel‖R‖=  1.884e-03  size(V,2)=   400
iter=   143  rel‖R‖=  1.875e-03  size(V,2)=   400
iter=   144  rel‖R‖=  1.866e-03  size(V,2)=   400
iter=   145  rel‖R‖=  1.857e-03  size(V,2)=   400
iter=   146  rel‖R‖=  1.847e-03  size(V,2)=   400
iter=   147  rel‖R‖=  1.838e-03  size(V,2)=   400
iter=   148  rel‖R‖=  1.830e-03  size(V,2)=   400
iter=   149  rel‖R‖=  1.821e-03  size(V,2)=   400
iter=   150  rel‖R‖=  1.812e-03  size(V,2)=   400
iter=   151  rel‖R‖=  1.804e-03  size(V,2)=   400
iter=   152  rel‖R‖=  1.795e-03  size(V,2)=   400
iter=   153  rel‖R‖=  1.787e-03  size(V,2)=   400
iter=   154  rel‖R‖=  1.778e-03  size(V,2)=   400
iter=   155  rel‖R‖=  1.769e-03  size(V,2)=   400
iter=   156  rel‖R‖=  1.760e-03  size(V,2)=   400
iter=   157  rel‖R‖=  1.752e-03  size(V,2)=   400
iter=   158  rel‖R‖=  1.744e-03  size(V,2)=   400
iter=   159  rel‖R‖=  1.736e-03  size(V,2)=   400
iter=   160  rel‖R‖=  1.728e-03  size(V,2)=   400
iter=   161  rel‖R‖=  1.719e-03  size(V,2)=   400
iter=   162  rel‖R‖=  1.710e-03  size(V,2)=   400
iter=   163  rel‖R‖=  1.702e-03  size(V,2)=   400
iter=   164  rel‖R‖=  1.694e-03  size(V,2)=   400
iter=   165  rel‖R‖=  1.686e-03  size(V,2)=   400
iter=   166  rel‖R‖=  1.678e-03  size(V,2)=   400
iter=   167  rel‖R‖=  1.670e-03  size(V,2)=   400
iter=   168  rel‖R‖=  1.663e-03  size(V,2)=   400
iter=   169  rel‖R‖=  1.655e-03  size(V,2)=   400
iter=   170  rel‖R‖=  1.647e-03  size(V,2)=   400
iter=   171  rel‖R‖=  1.640e-03  size(V,2)=   400
iter=   172  rel‖R‖=  1.633e-03  size(V,2)=   400
iter=   173  rel‖R‖=  1.626e-03  size(V,2)=   400
iter=   174  rel‖R‖=  1.619e-03  size(V,2)=   400
iter=   175  rel‖R‖=  1.612e-03  size(V,2)=   400
iter=   176  rel‖R‖=  1.604e-03  size(V,2)=   400
iter=   177  rel‖R‖=  1.597e-03  size(V,2)=   400
iter=   178  rel‖R‖=  1.591e-03  size(V,2)=   400
iter=   179  rel‖R‖=  1.584e-03  size(V,2)=   400
iter=   180  rel‖R‖=  1.578e-03  size(V,2)=   400
iter=   181  rel‖R‖=  1.571e-03  size(V,2)=   400
iter=   182  rel‖R‖=  1.564e-03  size(V,2)=   400
iter=   183  rel‖R‖=  1.557e-03  size(V,2)=   400
iter=   184  rel‖R‖=  1.550e-03  size(V,2)=   400
iter=   185  rel‖R‖=  1.543e-03  size(V,2)=   400
iter=   186  rel‖R‖=  1.536e-03  size(V,2)=   400
iter=   187  rel‖R‖=  1.530e-03  size(V,2)=   400
iter=   188  rel‖R‖=  1.524e-03  size(V,2)=   400
iter=   189  rel‖R‖=  1.517e-03  size(V,2)=   400
iter=   190  rel‖R‖=  1.511e-03  size(V,2)=   400
iter=   191  rel‖R‖=  1.505e-03  size(V,2)=   400
iter=   192  rel‖R‖=  1.499e-03  size(V,2)=   400
iter=   193  rel‖R‖=  1.491e-03  size(V,2)=   400
iter=   194  rel‖R‖=  1.484e-03  size(V,2)=   400
iter=   195  rel‖R‖=  1.477e-03  size(V,2)=   400
iter=   196  rel‖R‖=  1.471e-03  size(V,2)=   400
iter=   197  rel‖R‖=  1.465e-03  size(V,2)=   400
iter=   198  rel‖R‖=  1.459e-03  size(V,2)=   400
iter=   199  rel‖R‖=  1.452e-03  size(V,2)=   400
iter=   200  rel‖R‖=  1.446e-03  size(V,2)=   400
iter=   201  rel‖R‖=  1.440e-03  size(V,2)=   400
iter=   202  rel‖R‖=  1.434e-03  size(V,2)=   400
iter=   203  rel‖R‖=  1.428e-03  size(V,2)=   400
iter=   204  rel‖R‖=  1.422e-03  size(V,2)=   400
iter=   205  rel‖R‖=  1.416e-03  size(V,2)=   400
iter=   206  rel‖R‖=  1.410e-03  size(V,2)=   400
iter=   207  rel‖R‖=  1.405e-03  size(V,2)=   400
iter=   208  rel‖R‖=  1.399e-03  size(V,2)=   400
iter=   209  rel‖R‖=  1.393e-03  size(V,2)=   400
iter=   210  rel‖R‖=  1.388e-03  size(V,2)=   400
iter=   211  rel‖R‖=  1.382e-03  size(V,2)=   400
iter=   212  rel‖R‖=  1.377e-03  size(V,2)=   400
iter=   213  rel‖R‖=  1.372e-03  size(V,2)=   400
iter=   214  rel‖R‖=  1.366e-03  size(V,2)=   400
iter=   215  rel‖R‖=  1.361e-03  size(V,2)=   400
iter=   216  rel‖R‖=  1.356e-03  size(V,2)=   400
iter=   217  rel‖R‖=  1.351e-03  size(V,2)=   400
iter=   218  rel‖R‖=  1.345e-03  size(V,2)=   400
iter=   219  rel‖R‖=  1.340e-03  size(V,2)=   400
iter=   220  rel‖R‖=  1.335e-03  size(V,2)=   400
iter=   221  rel‖R‖=  1.330e-03  size(V,2)=   400
iter=   222  rel‖R‖=  1.325e-03  size(V,2)=   400
iter=   223  rel‖R‖=  1.321e-03  size(V,2)=   400
iter=   224  rel‖R‖=  1.316e-03  size(V,2)=   400
iter=   225  rel‖R‖=  1.311e-03  size(V,2)=   400
iter=   226  rel‖R‖=  1.307e-03  size(V,2)=   400
iter=   227  rel‖R‖=  1.302e-03  size(V,2)=   400
iter=   228  rel‖R‖=  1.297e-03  size(V,2)=   400
iter=   229  rel‖R‖=  1.291e-03  size(V,2)=   400
iter=   230  rel‖R‖=  1.286e-03  size(V,2)=   400
iter=   231  rel‖R‖=  1.282e-03  size(V,2)=   400
iter=   232  rel‖R‖=  1.277e-03  size(V,2)=   400
iter=   233  rel‖R‖=  1.273e-03  size(V,2)=   400
iter=   234  rel‖R‖=  1.269e-03  size(V,2)=   400
iter=   235  rel‖R‖=  1.264e-03  size(V,2)=   400
iter=   236  rel‖R‖=  1.260e-03  size(V,2)=   400
iter=   237  rel‖R‖=  1.256e-03  size(V,2)=   400
iter=   238  rel‖R‖=  1.252e-03  size(V,2)=   400
iter=   239  rel‖R‖=  1.247e-03  size(V,2)=   400
iter=   240  rel‖R‖=  1.242e-03  size(V,2)=   400
iter=   241  rel‖R‖=  1.238e-03  size(V,2)=   400
iter=   242  rel‖R‖=  1.233e-03  size(V,2)=   400
iter=   243  rel‖R‖=  1.229e-03  size(V,2)=   400
iter=   244  rel‖R‖=  1.225e-03  size(V,2)=   400
iter=   245  rel‖R‖=  1.220e-03  size(V,2)=   400
iter=   246  rel‖R‖=  1.216e-03  size(V,2)=   400
iter=   247  rel‖R‖=  1.212e-03  size(V,2)=   400
iter=   248  rel‖R‖=  1.207e-03  size(V,2)=   400
iter=   249  rel‖R‖=  1.203e-03  size(V,2)=   400
iter=   250  rel‖R‖=  1.199e-03  size(V,2)=   400
iter=   251  rel‖R‖=  1.194e-03  size(V,2)=   400
iter=   252  rel‖R‖=  1.190e-03  size(V,2)=   400
iter=   253  rel‖R‖=  1.185e-03  size(V,2)=   400
iter=   254  rel‖R‖=  1.181e-03  size(V,2)=   400
iter=   255  rel‖R‖=  1.177e-03  size(V,2)=   400
iter=   256  rel‖R‖=  1.172e-03  size(V,2)=   400
iter=   257  rel‖R‖=  1.169e-03  size(V,2)=   400
iter=   258  rel‖R‖=  1.164e-03  size(V,2)=   400
iter=   259  rel‖R‖=  1.160e-03  size(V,2)=   400
iter=   260  rel‖R‖=  1.156e-03  size(V,2)=   400
iter=   261  rel‖R‖=  1.152e-03  size(V,2)=   400
iter=   262  rel‖R‖=  1.148e-03  size(V,2)=   400
iter=   263  rel‖R‖=  1.144e-03  size(V,2)=   400
iter=   264  rel‖R‖=  1.141e-03  size(V,2)=   400
iter=   265  rel‖R‖=  1.137e-03  size(V,2)=   400
iter=   266  rel‖R‖=  1.133e-03  size(V,2)=   400
iter=   267  rel‖R‖=  1.129e-03  size(V,2)=   400
iter=   268  rel‖R‖=  1.126e-03  size(V,2)=   400
iter=   269  rel‖R‖=  1.123e-03  size(V,2)=   400
iter=   270  rel‖R‖=  1.119e-03  size(V,2)=   400
iter=   271  rel‖R‖=  1.116e-03  size(V,2)=   400
iter=   272  rel‖R‖=  1.112e-03  size(V,2)=   400
iter=   273  rel‖R‖=  1.109e-03  size(V,2)=   400
iter=   274  rel‖R‖=  1.105e-03  size(V,2)=   400
iter=   275  rel‖R‖=  1.102e-03  size(V,2)=   400
iter=   276  rel‖R‖=  1.098e-03  size(V,2)=   400
iter=   277  rel‖R‖=  1.095e-03  size(V,2)=   400
iter=   278  rel‖R‖=  1.091e-03  size(V,2)=   400
iter=   279  rel‖R‖=  1.087e-03  size(V,2)=   400
iter=   280  rel‖R‖=  1.083e-03  size(V,2)=   400
iter=   281  rel‖R‖=  1.080e-03  size(V,2)=   400
iter=   282  rel‖R‖=  1.076e-03  size(V,2)=   400
iter=   283  rel‖R‖=  1.074e-03  size(V,2)=   400
iter=   284  rel‖R‖=  1.071e-03  size(V,2)=   400
iter=   285  rel‖R‖=  1.067e-03  size(V,2)=   400
iter=   286  rel‖R‖=  1.064e-03  size(V,2)=   400
iter=   287  rel‖R‖=  1.061e-03  size(V,2)=   400
iter=   288  rel‖R‖=  1.057e-03  size(V,2)=   400
iter=   289  rel‖R‖=  1.053e-03  size(V,2)=   400
iter=   290  rel‖R‖=  1.050e-03  size(V,2)=   400
iter=   291  rel‖R‖=  1.047e-03  size(V,2)=   400
iter=   292  rel‖R‖=  1.044e-03  size(V,2)=   400
iter=   293  rel‖R‖=  1.040e-03  size(V,2)=   400
iter=   294  rel‖R‖=  1.036e-03  size(V,2)=   400
iter=   295  rel‖R‖=  1.033e-03  size(V,2)=   400
iter=   296  rel‖R‖=  1.029e-03  size(V,2)=   400
iter=   297  rel‖R‖=  1.026e-03  size(V,2)=   400
iter=   298  rel‖R‖=  1.022e-03  size(V,2)=   400
iter=   299  rel‖R‖=  1.019e-03  size(V,2)=   400
iter=   300  rel‖R‖=  1.015e-03  size(V,2)=   400
iter=   301  rel‖R‖=  1.012e-03  size(V,2)=   400
iter=   302  rel‖R‖=  1.008e-03  size(V,2)=   400
iter=   303  rel‖R‖=  1.005e-03  size(V,2)=   400
iter=   304  rel‖R‖=  1.002e-03  size(V,2)=   400
iter=   305  rel‖R‖=  9.987e-04  size(V,2)=   400
converged!
2035.056902 seconds (938.23 k allocations: 83.371 GiB, 0.87% gc time)
Total estimated FLOPs: 55907248729200

Reading exact Eigenvalues...
Reading eigenvalues from ../Eigenvalues_folder/eigenres_H2_RNDbasis1.jld2

Relative deviation between Davidson and exact eigenvalues:
1×200 adjoint(::Vector{Float64}) with eltype Float64:
 -1.02056e-15  -9.92589e-16  -0.0  3.95992e-16  -1.94253e-15  1.30732e-15  8.31947e-16  -9.67e-16  2.13125e-15  1.89485e-16  2.84413e-15  -1.21244e-15  -4.85282e-16  -2.47377e-15  -4.69565e-15  -1.12711e-15  -3.92164e-15  9.32988e-16  1.9834e-15  -8.89974e-16  -1.1873e-15  7.38915e-15  -2.85617e-15  -3.2679e-15  2.23077e-15  -5.70102e-15  2.75924e-15  -6.47254e-15  7.69856e-15  2.95292e-15  -3.07456e-15  2.49065e-15  -1.27107e-14  -5.18328e-15  1.26278e-14  -7.21852e-16  1.15508e-14  -8.26915e-15  1.3217e-14  3.94932e-15  -1.55914e-15  9.49794e-15  -4.75637e-15  8.34459e-15  -1.90281e-14  -2.17634e-15  -1.3901e-14  -1.19287e-14  -1.19411e-14  -1.06995e-14  -8.01228e-15  2.50469e-14  3.35252e-14  1.10824e-14  1.29916e-14  2.6104e-14  8.32215e-15  1.42251e-14  1.45953e-14  2.62234e-14  -3.64077e-14  1.98932e-14  1.18588e-14  3.03891e-14  -4.82558e-14  2.37949e-14  2.16576e-14  4.19883e-14  3.76265e-14  6.70272e-14  3.71262e-14  1.13092e-14  7.1484e-14  6.67484e-14  -1.487e-14  -4.0413e-14  7.85483e-14  -3.43955e-6  -1.2056e-6  -3.64166e-6  9.76106e-15  -0.00013391  -2.4899e-5  -1.78166e-5  -0.000752695  -0.00061366  -0.000862564  -0.000940957  -0.00178986  -0.00174056  -0.00218255  -0.0025026  -0.00288962  -0.00314998  -0.0034156  -0.00333818  -0.00332866  -0.00404685  -0.00350797  -0.00465304  -0.00592163  -0.00514818  -0.00566498  -0.00526524  -0.00532343  -0.00478826  -0.00450237  -0.00528457  -0.00541767  -0.00606093  -0.00618456  -0.00614292  -0.00665243  -0.00664836  -0.00622867  -0.0069005  -0.00670205  -0.00779594  -0.0088367  -0.00836492  -0.00864799  -0.00862311  -0.00894641  -0.00856581  -0.00929802  -0.00885382  -0.00873644  -0.00870257  -0.0107139  -0.00929347  -0.00994623  -0.00941396  -0.0102194  -0.0104185  -0.0101166  -0.0102336  -0.0103377  -0.0104942  -0.00915739  -0.0105733  -0.0115478  -0.0117708  -0.0110267  -0.0127012  -0.00977247  -0.0121926  -0.0111627  -0.0127682  -0.0126891  -0.0147125  -0.0148607  -0.0145439  -0.0110845  -0.013171  -0.0120596  -0.0132986  -0.0144777  -0.0142365  -0.0157306  -0.0142153  -0.0142012  -0.0152882  -0.0170755  -0.0172579  -0.015459  -0.0143291  -0.0195727  -0.01739  -0.01699  -0.0171717  -0.0181841  -0.0180254  -0.0168388  -0.0176289  -0.0156249  -0.0198861  -0.0276052  -0.0264113  -0.0234397  -0.0202891  -0.0249967  -0.0229971  -0.0223289  -0.026376  -0.0303814  -0.0258905  -0.0330159  -0.0472432  -0.0504183  -0.033379  -0.0651142  -0.0463668  -0.0762962  -0.0486856  -0.079979  -0.0811147  -0.101659  -0.120617  -0.11142  -0.141454
Running with alpha = 4
Running with l = 10
read ../H2/gamma_VASP_RNDbasis1.dat
Davidson
iter=     1  rel‖R‖=  2.814e+00  size(V,2)=    10
iter=     2  rel‖R‖=  1.642e+00  size(V,2)=    20
iter=     3  rel‖R‖=  5.313e-01  size(V,2)=    30
iter=     4  rel‖R‖=  3.995e-01  size(V,2)=    40
iter=     5  rel‖R‖=  1.202e-01  size(V,2)=    20
iter=     6  rel‖R‖=  1.331e-02  size(V,2)=    30
iter=     7  rel‖R‖=  5.042e-03  size(V,2)=    40
iter=     8  rel‖R‖=  1.103e-03  size(V,2)=    20
iter=     9  rel‖R‖=  6.436e-04  size(V,2)=    30
converged!
  7.668222 seconds (1.95 k allocations: 141.589 MiB, 0.01% gc time)
Total estimated FLOPs: 95358779100

Reading exact Eigenvalues...
Reading eigenvalues from ../Eigenvalues_folder/eigenres_H2_RNDbasis1.jld2

Relative deviation between Davidson and exact eigenvalues:
1×10 adjoint(::Vector{Float64}) with eltype Float64:
 -2.21122e-15  -1.36481e-15  7.91631e-16  1.97996e-15  -4.90488e-14  -3.94659e-10  -1.2533e-11  -6.56192e-12  -8.31176e-10  -3.19718e-6
Running with l = 50
read ../H2/gamma_VASP_RNDbasis1.dat
Davidson
iter=     1  rel‖R‖=  1.333e+00  size(V,2)=    50
iter=     2  rel‖R‖=  7.933e-01  size(V,2)=   100
iter=     3  rel‖R‖=  1.537e-01  size(V,2)=   150
iter=     4  rel‖R‖=  2.179e-02  size(V,2)=   200
iter=     5  rel‖R‖=  6.351e-03  size(V,2)=   100
iter=     6  rel‖R‖=  3.619e-03  size(V,2)=   150
iter=     7  rel‖R‖=  9.838e-04  size(V,2)=   200
converged!
 16.553021 seconds (5.09 k allocations: 555.089 MiB, 0.94% gc time)
Total estimated FLOPs: 382762471900

Reading exact Eigenvalues...
Reading eigenvalues from ../Eigenvalues_folder/eigenres_H2_RNDbasis1.jld2

Relative deviation between Davidson and exact eigenvalues:
1×50 adjoint(::Vector{Float64}) with eltype Float64:
 -3.40187e-16  -1.48888e-15  2.63877e-16  -0.0  -1.13314e-15  1.54501e-15  2.25814e-15  -9.67e-16  6.08928e-16  2.08434e-15  2.46492e-15  8.48711e-16  -9.70564e-16  -5.93704e-15  -8.82782e-15  -9.58042e-15  -1.13521e-14  -1.22221e-13  -5.05184e-14  -4.70203e-13  -2.31998e-12  -9.70229e-12  -2.0966e-12  -1.42959e-11  -1.07132e-10  -1.14221e-10  -5.39724e-11  -2.5997e-10  -7.44456e-10  -1.99401e-9  -2.14773e-9  -1.66555e-9  -1.45638e-8  -1.20501e-8  -3.49084e-8  -1.7958e-8  -9.58187e-8  -8.32508e-7  -1.14992e-6  -6.54991e-7  -9.90098e-7  -2.71954e-6  -3.44592e-6  -4.49158e-6  -3.06368e-5  -1.83187e-5  -0.000277757  -0.000410803  -0.000827228  -0.000644477
Running with l = 100
read ../H2/gamma_VASP_RNDbasis1.dat
Davidson
iter=     1  rel‖R‖=  9.993e-01  size(V,2)=   100
iter=     2  rel‖R‖=  5.324e-01  size(V,2)=   200
iter=     3  rel‖R‖=  4.578e-02  size(V,2)=   300
iter=     4  rel‖R‖=  1.144e-02  size(V,2)=   400
iter=     5  rel‖R‖=  6.638e-03  size(V,2)=   200
iter=     6  rel‖R‖=  4.383e-03  size(V,2)=   300
iter=     7  rel‖R‖=  3.066e-03  size(V,2)=   400
iter=     8  rel‖R‖=  2.518e-03  size(V,2)=   200
iter=     9  rel‖R‖=  2.287e-03  size(V,2)=   300
iter=    10  rel‖R‖=  2.073e-03  size(V,2)=   400
iter=    11  rel‖R‖=  1.970e-03  size(V,2)=   200
iter=    12  rel‖R‖=  1.898e-03  size(V,2)=   300
iter=    13  rel‖R‖=  1.807e-03  size(V,2)=   400
iter=    14  rel‖R‖=  1.759e-03  size(V,2)=   200
iter=    15  rel‖R‖=  1.716e-03  size(V,2)=   300
iter=    16  rel‖R‖=  1.676e-03  size(V,2)=   400
iter=    17  rel‖R‖=  1.657e-03  size(V,2)=   200
iter=    18  rel‖R‖=  1.631e-03  size(V,2)=   300
iter=    19  rel‖R‖=  1.594e-03  size(V,2)=   400
iter=    20  rel‖R‖=  1.575e-03  size(V,2)=   200
iter=    21  rel‖R‖=  1.563e-03  size(V,2)=   300
iter=    22  rel‖R‖=  1.532e-03  size(V,2)=   400
iter=    23  rel‖R‖=  1.521e-03  size(V,2)=   200
iter=    24  rel‖R‖=  1.506e-03  size(V,2)=   300
iter=    25  rel‖R‖=  1.484e-03  size(V,2)=   400
iter=    26  rel‖R‖=  1.475e-03  size(V,2)=   200
iter=    27  rel‖R‖=  1.462e-03  size(V,2)=   300
iter=    28  rel‖R‖=  1.440e-03  size(V,2)=   400
iter=    29  rel‖R‖=  1.432e-03  size(V,2)=   200
iter=    30  rel‖R‖=  1.422e-03  size(V,2)=   300
iter=    31  rel‖R‖=  1.410e-03  size(V,2)=   400
iter=    32  rel‖R‖=  1.404e-03  size(V,2)=   200
iter=    33  rel‖R‖=  1.394e-03  size(V,2)=   300
iter=    34  rel‖R‖=  1.381e-03  size(V,2)=   400
iter=    35  rel‖R‖=  1.376e-03  size(V,2)=   200
iter=    36  rel‖R‖=  1.367e-03  size(V,2)=   300
iter=    37  rel‖R‖=  1.354e-03  size(V,2)=   400
iter=    38  rel‖R‖=  1.349e-03  size(V,2)=   200
iter=    39  rel‖R‖=  1.341e-03  size(V,2)=   300
iter=    40  rel‖R‖=  1.325e-03  size(V,2)=   400
iter=    41  rel‖R‖=  1.319e-03  size(V,2)=   200
iter=    42  rel‖R‖=  1.312e-03  size(V,2)=   300
iter=    43  rel‖R‖=  1.299e-03  size(V,2)=   400
iter=    44  rel‖R‖=  1.293e-03  size(V,2)=   200
iter=    45  rel‖R‖=  1.286e-03  size(V,2)=   300
iter=    46  rel‖R‖=  1.274e-03  size(V,2)=   400
iter=    47  rel‖R‖=  1.269e-03  size(V,2)=   200
iter=    48  rel‖R‖=  1.263e-03  size(V,2)=   300
iter=    49  rel‖R‖=  1.253e-03  size(V,2)=   400
iter=    50  rel‖R‖=  1.248e-03  size(V,2)=   200
iter=    51  rel‖R‖=  1.241e-03  size(V,2)=   300
iter=    52  rel‖R‖=  1.231e-03  size(V,2)=   400
iter=    53  rel‖R‖=  1.227e-03  size(V,2)=   200
iter=    54  rel‖R‖=  1.220e-03  size(V,2)=   300
iter=    55  rel‖R‖=  1.208e-03  size(V,2)=   400
iter=    56  rel‖R‖=  1.204e-03  size(V,2)=   200
iter=    57  rel‖R‖=  1.198e-03  size(V,2)=   300
iter=    58  rel‖R‖=  1.190e-03  size(V,2)=   400
iter=    59  rel‖R‖=  1.186e-03  size(V,2)=   200
iter=    60  rel‖R‖=  1.178e-03  size(V,2)=   300
iter=    61  rel‖R‖=  1.170e-03  size(V,2)=   400
iter=    62  rel‖R‖=  1.167e-03  size(V,2)=   200
iter=    63  rel‖R‖=  1.160e-03  size(V,2)=   300
iter=    64  rel‖R‖=  1.152e-03  size(V,2)=   400
iter=    65  rel‖R‖=  1.149e-03  size(V,2)=   200
iter=    66  rel‖R‖=  1.143e-03  size(V,2)=   300
iter=    67  rel‖R‖=  1.136e-03  size(V,2)=   400
iter=    68  rel‖R‖=  1.133e-03  size(V,2)=   200
iter=    69  rel‖R‖=  1.128e-03  size(V,2)=   300
iter=    70  rel‖R‖=  1.121e-03  size(V,2)=   400
iter=    71  rel‖R‖=  1.117e-03  size(V,2)=   200
iter=    72  rel‖R‖=  1.112e-03  size(V,2)=   300
iter=    73  rel‖R‖=  1.103e-03  size(V,2)=   400
iter=    74  rel‖R‖=  1.099e-03  size(V,2)=   200
iter=    75  rel‖R‖=  1.093e-03  size(V,2)=   300
iter=    76  rel‖R‖=  1.087e-03  size(V,2)=   400
iter=    77  rel‖R‖=  1.084e-03  size(V,2)=   200
iter=    78  rel‖R‖=  1.079e-03  size(V,2)=   300
iter=    79  rel‖R‖=  1.073e-03  size(V,2)=   400
iter=    80  rel‖R‖=  1.070e-03  size(V,2)=   200
iter=    81  rel‖R‖=  1.065e-03  size(V,2)=   300
iter=    82  rel‖R‖=  1.059e-03  size(V,2)=   400
iter=    83  rel‖R‖=  1.055e-03  size(V,2)=   200
iter=    84  rel‖R‖=  1.051e-03  size(V,2)=   300
iter=    85  rel‖R‖=  1.044e-03  size(V,2)=   400
iter=    86  rel‖R‖=  1.041e-03  size(V,2)=   200
iter=    87  rel‖R‖=  1.036e-03  size(V,2)=   300
iter=    88  rel‖R‖=  1.029e-03  size(V,2)=   400
iter=    89  rel‖R‖=  1.025e-03  size(V,2)=   200
iter=    90  rel‖R‖=  1.020e-03  size(V,2)=   300
iter=    91  rel‖R‖=  1.014e-03  size(V,2)=   400
iter=    92  rel‖R‖=  1.010e-03  size(V,2)=   200
iter=    93  rel‖R‖=  1.004e-03  size(V,2)=   300
iter=    94  rel‖R‖=  9.985e-04  size(V,2)=   400
converged!
428.347268 seconds (147.55 k allocations: 16.162 GiB, 0.78% gc time)
Total estimated FLOPs: 11321454756200

Reading exact Eigenvalues...
Reading eigenvalues from ../Eigenvalues_folder/eigenres_H2_RNDbasis1.jld2

Relative deviation between Davidson and exact eigenvalues:
1×100 adjoint(::Vector{Float64}) with eltype Float64:
 -6.80375e-16  -9.92589e-16  1.05551e-15  6.59987e-16  -1.29502e-15  -3.56542e-16  1.30735e-15  1.38143e-16  1.21786e-15  5.68455e-16  3.22335e-15  -1.0912e-15  2.06245e-15  8.2459e-16  -1.87826e-16  -2.62992e-15  -2.27042e-15  3.49871e-16  9.33365e-16  -1.63162e-15  -1.63253e-15  3.86251e-15  2.01612e-15  1.92229e-15  -4.35e-15  4.47138e-16  7.35796e-15  1.18248e-14  -4.23421e-15  -5.26389e-15  -3.36738e-15  -3.80924e-15  2.82459e-15  -3.45552e-15  5.5923e-15  -6.67713e-15  6.48465e-15  -9.41764e-15  9.53926e-15  -6.1035e-15  -9.9545e-15  -2.69536e-15  -1.01555e-14  -1.33221e-14  2.94366e-14  -6.19421e-15  -1.23936e-14  -1.65578e-14  1.9783e-14  -1.50518e-14  -8.74067e-15  9.63342e-15  -2.69743e-15  3.13653e-15  -6.28625e-15  -4.07418e-14  -1.76234e-14  8.64665e-15  3.31201e-14  4.53208e-14  1.06737e-14  8.87544e-15  2.61818e-15  -2.44973e-14  -4.82558e-14  -5.28776e-16  2.66281e-14  -6.4891e-15  -3.25045e-14  -2.36567e-14  -2.538e-14  1.81374e-14  1.47236e-14  -3.81419e-15  2.48959e-14  4.28309e-14  7.38262e-14  -6.18314e-14  1.76683e-14  1.98114e-14  -3.6166e-14  -2.95364e-11  -3.37537e-11  -2.43446e-12  -3.52294e-5  -0.000129056  -0.000169037  -0.000569286  -0.000817985  -0.000931252  -0.0034124  -0.00354123  -0.00722704  -0.00977686  -0.0113239  -0.0107793  -0.00982342  -0.0115053  -0.00954936  -0.0165979
Running with l = 200
read ../H2/gamma_VASP_RNDbasis1.dat
Davidson
iter=     1  rel‖R‖=  7.935e-01  size(V,2)=   200
iter=     2  rel‖R‖=  2.815e-01  size(V,2)=   400
iter=     3  rel‖R‖=  1.739e-02  size(V,2)=   600
iter=     4  rel‖R‖=  7.143e-03  size(V,2)=   800
iter=     5  rel‖R‖=  5.430e-03  size(V,2)=   400
iter=     6  rel‖R‖=  4.719e-03  size(V,2)=   600
iter=     7  rel‖R‖=  4.271e-03  size(V,2)=   800
iter=     8  rel‖R‖=  4.026e-03  size(V,2)=   400
iter=     9  rel‖R‖=  3.906e-03  size(V,2)=   600
iter=    10  rel‖R‖=  3.783e-03  size(V,2)=   800
iter=    11  rel‖R‖=  3.702e-03  size(V,2)=   400
iter=    12  rel‖R‖=  3.639e-03  size(V,2)=   600
iter=    13  rel‖R‖=  3.565e-03  size(V,2)=   800
iter=    14  rel‖R‖=  3.519e-03  size(V,2)=   400
iter=    15  rel‖R‖=  3.475e-03  size(V,2)=   600
iter=    16  rel‖R‖=  3.424e-03  size(V,2)=   800
iter=    17  rel‖R‖=  3.391e-03  size(V,2)=   400
iter=    18  rel‖R‖=  3.355e-03  size(V,2)=   600
iter=    19  rel‖R‖=  3.314e-03  size(V,2)=   800
iter=    20  rel‖R‖=  3.283e-03  size(V,2)=   400
iter=    21  rel‖R‖=  3.249e-03  size(V,2)=   600
iter=    22  rel‖R‖=  3.212e-03  size(V,2)=   800
iter=    23  rel‖R‖=  3.184e-03  size(V,2)=   400
iter=    24  rel‖R‖=  3.154e-03  size(V,2)=   600
iter=    25  rel‖R‖=  3.118e-03  size(V,2)=   800
iter=    26  rel‖R‖=  3.095e-03  size(V,2)=   400
iter=    27  rel‖R‖=  3.069e-03  size(V,2)=   600
iter=    28  rel‖R‖=  3.037e-03  size(V,2)=   800
iter=    29  rel‖R‖=  3.014e-03  size(V,2)=   400
iter=    30  rel‖R‖=  2.987e-03  size(V,2)=   600
iter=    31  rel‖R‖=  2.956e-03  size(V,2)=   800
iter=    32  rel‖R‖=  2.935e-03  size(V,2)=   400
iter=    33  rel‖R‖=  2.910e-03  size(V,2)=   600
iter=    34  rel‖R‖=  2.882e-03  size(V,2)=   800
iter=    35  rel‖R‖=  2.864e-03  size(V,2)=   400
iter=    36  rel‖R‖=  2.839e-03  size(V,2)=   600
iter=    37  rel‖R‖=  2.811e-03  size(V,2)=   800
iter=    38  rel‖R‖=  2.793e-03  size(V,2)=   400
iter=    39  rel‖R‖=  2.770e-03  size(V,2)=   600
iter=    40  rel‖R‖=  2.746e-03  size(V,2)=   800
iter=    41  rel‖R‖=  2.728e-03  size(V,2)=   400
iter=    42  rel‖R‖=  2.705e-03  size(V,2)=   600
iter=    43  rel‖R‖=  2.680e-03  size(V,2)=   800
iter=    44  rel‖R‖=  2.662e-03  size(V,2)=   400
iter=    45  rel‖R‖=  2.640e-03  size(V,2)=   600
iter=    46  rel‖R‖=  2.616e-03  size(V,2)=   800
iter=    47  rel‖R‖=  2.599e-03  size(V,2)=   400
iter=    48  rel‖R‖=  2.577e-03  size(V,2)=   600
iter=    49  rel‖R‖=  2.554e-03  size(V,2)=   800
iter=    50  rel‖R‖=  2.537e-03  size(V,2)=   400
iter=    51  rel‖R‖=  2.518e-03  size(V,2)=   600
iter=    52  rel‖R‖=  2.494e-03  size(V,2)=   800
iter=    53  rel‖R‖=  2.478e-03  size(V,2)=   400
iter=    54  rel‖R‖=  2.456e-03  size(V,2)=   600
iter=    55  rel‖R‖=  2.433e-03  size(V,2)=   800
iter=    56  rel‖R‖=  2.418e-03  size(V,2)=   400
iter=    57  rel‖R‖=  2.399e-03  size(V,2)=   600
iter=    58  rel‖R‖=  2.377e-03  size(V,2)=   800
iter=    59  rel‖R‖=  2.362e-03  size(V,2)=   400
iter=    60  rel‖R‖=  2.344e-03  size(V,2)=   600
iter=    61  rel‖R‖=  2.324e-03  size(V,2)=   800
iter=    62  rel‖R‖=  2.310e-03  size(V,2)=   400
iter=    63  rel‖R‖=  2.291e-03  size(V,2)=   600
iter=    64  rel‖R‖=  2.271e-03  size(V,2)=   800
iter=    65  rel‖R‖=  2.257e-03  size(V,2)=   400
iter=    66  rel‖R‖=  2.240e-03  size(V,2)=   600
iter=    67  rel‖R‖=  2.221e-03  size(V,2)=   800
iter=    68  rel‖R‖=  2.209e-03  size(V,2)=   400
iter=    69  rel‖R‖=  2.193e-03  size(V,2)=   600
iter=    70  rel‖R‖=  2.175e-03  size(V,2)=   800
iter=    71  rel‖R‖=  2.162e-03  size(V,2)=   400
iter=    72  rel‖R‖=  2.147e-03  size(V,2)=   600
iter=    73  rel‖R‖=  2.129e-03  size(V,2)=   800
iter=    74  rel‖R‖=  2.116e-03  size(V,2)=   400
iter=    75  rel‖R‖=  2.101e-03  size(V,2)=   600
iter=    76  rel‖R‖=  2.082e-03  size(V,2)=   800
iter=    77  rel‖R‖=  2.070e-03  size(V,2)=   400
iter=    78  rel‖R‖=  2.054e-03  size(V,2)=   600
iter=    79  rel‖R‖=  2.037e-03  size(V,2)=   800
iter=    80  rel‖R‖=  2.025e-03  size(V,2)=   400
iter=    81  rel‖R‖=  2.011e-03  size(V,2)=   600
iter=    82  rel‖R‖=  1.995e-03  size(V,2)=   800
iter=    83  rel‖R‖=  1.985e-03  size(V,2)=   400
iter=    84  rel‖R‖=  1.970e-03  size(V,2)=   600
iter=    85  rel‖R‖=  1.953e-03  size(V,2)=   800
iter=    86  rel‖R‖=  1.943e-03  size(V,2)=   400
iter=    87  rel‖R‖=  1.929e-03  size(V,2)=   600
iter=    88  rel‖R‖=  1.914e-03  size(V,2)=   800
iter=    89  rel‖R‖=  1.904e-03  size(V,2)=   400
iter=    90  rel‖R‖=  1.890e-03  size(V,2)=   600
iter=    91  rel‖R‖=  1.875e-03  size(V,2)=   800
iter=    92  rel‖R‖=  1.866e-03  size(V,2)=   400
iter=    93  rel‖R‖=  1.853e-03  size(V,2)=   600
iter=    94  rel‖R‖=  1.838e-03  size(V,2)=   800
iter=    95  rel‖R‖=  1.829e-03  size(V,2)=   400
iter=    96  rel‖R‖=  1.816e-03  size(V,2)=   600
iter=    97  rel‖R‖=  1.801e-03  size(V,2)=   800
iter=    98  rel‖R‖=  1.792e-03  size(V,2)=   400
iter=    99  rel‖R‖=  1.779e-03  size(V,2)=   600
iter=   100  rel‖R‖=  1.765e-03  size(V,2)=   800
iter=   101  rel‖R‖=  1.755e-03  size(V,2)=   400
iter=   102  rel‖R‖=  1.743e-03  size(V,2)=   600
iter=   103  rel‖R‖=  1.730e-03  size(V,2)=   800
iter=   104  rel‖R‖=  1.721e-03  size(V,2)=   400
iter=   105  rel‖R‖=  1.709e-03  size(V,2)=   600
iter=   106  rel‖R‖=  1.696e-03  size(V,2)=   800
iter=   107  rel‖R‖=  1.688e-03  size(V,2)=   400
iter=   108  rel‖R‖=  1.677e-03  size(V,2)=   600
iter=   109  rel‖R‖=  1.664e-03  size(V,2)=   800
iter=   110  rel‖R‖=  1.656e-03  size(V,2)=   400
iter=   111  rel‖R‖=  1.645e-03  size(V,2)=   600
iter=   112  rel‖R‖=  1.633e-03  size(V,2)=   800
iter=   113  rel‖R‖=  1.625e-03  size(V,2)=   400
iter=   114  rel‖R‖=  1.615e-03  size(V,2)=   600
iter=   115  rel‖R‖=  1.603e-03  size(V,2)=   800
iter=   116  rel‖R‖=  1.595e-03  size(V,2)=   400
iter=   117  rel‖R‖=  1.584e-03  size(V,2)=   600
iter=   118  rel‖R‖=  1.572e-03  size(V,2)=   800
iter=   119  rel‖R‖=  1.565e-03  size(V,2)=   400
iter=   120  rel‖R‖=  1.554e-03  size(V,2)=   600
iter=   121  rel‖R‖=  1.543e-03  size(V,2)=   800
iter=   122  rel‖R‖=  1.536e-03  size(V,2)=   400
iter=   123  rel‖R‖=  1.525e-03  size(V,2)=   600
iter=   124  rel‖R‖=  1.514e-03  size(V,2)=   800
iter=   125  rel‖R‖=  1.507e-03  size(V,2)=   400
iter=   126  rel‖R‖=  1.497e-03  size(V,2)=   600
iter=   127  rel‖R‖=  1.486e-03  size(V,2)=   800
iter=   128  rel‖R‖=  1.479e-03  size(V,2)=   400
iter=   129  rel‖R‖=  1.470e-03  size(V,2)=   600
iter=   130  rel‖R‖=  1.459e-03  size(V,2)=   800
iter=   131  rel‖R‖=  1.453e-03  size(V,2)=   400
iter=   132  rel‖R‖=  1.444e-03  size(V,2)=   600
iter=   133  rel‖R‖=  1.433e-03  size(V,2)=   800
iter=   134  rel‖R‖=  1.427e-03  size(V,2)=   400
iter=   135  rel‖R‖=  1.418e-03  size(V,2)=   600
iter=   136  rel‖R‖=  1.407e-03  size(V,2)=   800
iter=   137  rel‖R‖=  1.401e-03  size(V,2)=   400
iter=   138  rel‖R‖=  1.392e-03  size(V,2)=   600
iter=   139  rel‖R‖=  1.382e-03  size(V,2)=   800
iter=   140  rel‖R‖=  1.375e-03  size(V,2)=   400
iter=   141  rel‖R‖=  1.367e-03  size(V,2)=   600
iter=   142  rel‖R‖=  1.358e-03  size(V,2)=   800
iter=   143  rel‖R‖=  1.352e-03  size(V,2)=   400
iter=   144  rel‖R‖=  1.344e-03  size(V,2)=   600
iter=   145  rel‖R‖=  1.334e-03  size(V,2)=   800
iter=   146  rel‖R‖=  1.327e-03  size(V,2)=   400
iter=   147  rel‖R‖=  1.319e-03  size(V,2)=   600
iter=   148  rel‖R‖=  1.310e-03  size(V,2)=   800
iter=   149  rel‖R‖=  1.304e-03  size(V,2)=   400
iter=   150  rel‖R‖=  1.297e-03  size(V,2)=   600
iter=   151  rel‖R‖=  1.287e-03  size(V,2)=   800
iter=   152  rel‖R‖=  1.282e-03  size(V,2)=   400
iter=   153  rel‖R‖=  1.274e-03  size(V,2)=   600
iter=   154  rel‖R‖=  1.265e-03  size(V,2)=   800
iter=   155  rel‖R‖=  1.260e-03  size(V,2)=   400
iter=   156  rel‖R‖=  1.252e-03  size(V,2)=   600
iter=   157  rel‖R‖=  1.244e-03  size(V,2)=   800
iter=   158  rel‖R‖=  1.239e-03  size(V,2)=   400
iter=   159  rel‖R‖=  1.232e-03  size(V,2)=   600
iter=   160  rel‖R‖=  1.223e-03  size(V,2)=   800
iter=   161  rel‖R‖=  1.218e-03  size(V,2)=   400
iter=   162  rel‖R‖=  1.211e-03  size(V,2)=   600
iter=   163  rel‖R‖=  1.203e-03  size(V,2)=   800
iter=   164  rel‖R‖=  1.198e-03  size(V,2)=   400
iter=   165  rel‖R‖=  1.191e-03  size(V,2)=   600
iter=   166  rel‖R‖=  1.184e-03  size(V,2)=   800
iter=   167  rel‖R‖=  1.179e-03  size(V,2)=   400
iter=   168  rel‖R‖=  1.172e-03  size(V,2)=   600
iter=   169  rel‖R‖=  1.164e-03  size(V,2)=   800
iter=   170  rel‖R‖=  1.159e-03  size(V,2)=   400
iter=   171  rel‖R‖=  1.152e-03  size(V,2)=   600
iter=   172  rel‖R‖=  1.145e-03  size(V,2)=   800
iter=   173  rel‖R‖=  1.141e-03  size(V,2)=   400
iter=   174  rel‖R‖=  1.135e-03  size(V,2)=   600
iter=   175  rel‖R‖=  1.128e-03  size(V,2)=   800
iter=   176  rel‖R‖=  1.124e-03  size(V,2)=   400
iter=   177  rel‖R‖=  1.118e-03  size(V,2)=   600
iter=   178  rel‖R‖=  1.111e-03  size(V,2)=   800
iter=   179  rel‖R‖=  1.106e-03  size(V,2)=   400
iter=   180  rel‖R‖=  1.100e-03  size(V,2)=   600
iter=   181  rel‖R‖=  1.093e-03  size(V,2)=   800
iter=   182  rel‖R‖=  1.090e-03  size(V,2)=   400
iter=   183  rel‖R‖=  1.083e-03  size(V,2)=   600
iter=   184  rel‖R‖=  1.076e-03  size(V,2)=   800
iter=   185  rel‖R‖=  1.072e-03  size(V,2)=   400
iter=   186  rel‖R‖=  1.066e-03  size(V,2)=   600
iter=   187  rel‖R‖=  1.059e-03  size(V,2)=   800
iter=   188  rel‖R‖=  1.055e-03  size(V,2)=   400
iter=   189  rel‖R‖=  1.050e-03  size(V,2)=   600
iter=   190  rel‖R‖=  1.044e-03  size(V,2)=   800
iter=   191  rel‖R‖=  1.040e-03  size(V,2)=   400
iter=   192  rel‖R‖=  1.034e-03  size(V,2)=   600
iter=   193  rel‖R‖=  1.028e-03  size(V,2)=   800
iter=   194  rel‖R‖=  1.024e-03  size(V,2)=   400
iter=   195  rel‖R‖=  1.019e-03  size(V,2)=   600
iter=   196  rel‖R‖=  1.012e-03  size(V,2)=   800
iter=   197  rel‖R‖=  1.009e-03  size(V,2)=   400
iter=   198  rel‖R‖=  1.003e-03  size(V,2)=   600
iter=   199  rel‖R‖=  9.970e-04  size(V,2)=   800
converged!
1881.584326 seconds (611.38 k allocations: 69.925 GiB, 0.78% gc time)
Total estimated FLOPs: 50983010004400

Reading exact Eigenvalues...
Reading eigenvalues from ../Eigenvalues_folder/eigenres_H2_RNDbasis1.jld2

Relative deviation between Davidson and exact eigenvalues:
1×200 adjoint(::Vector{Float64}) with eltype Float64:
 -1.19066e-15  -1.73703e-15  -2.63877e-16  9.23982e-16  -9.71264e-16  5.94236e-16  1.06965e-15  2.76286e-16  1.82679e-15  2.65279e-15  1.51687e-15  -3.63733e-16  -3.63961e-16  1.64918e-16  1.31478e-15  1.12711e-15  -3.09603e-15  -1.28286e-15  -1.86673e-15  7.41645e-16  -3.11665e-15  -1.00761e-15  -3.3602e-16  1.92229e-16  -4.57308e-15  -3.12997e-15  -5.51847e-15  -7.71726e-15  3.33604e-15  -1.41226e-15  6.00272e-15  -1.24533e-14  2.1969e-15  -1.3665e-14  -4.87071e-15  -1.08278e-14  1.01323e-14  1.03364e-14  7.24064e-15  9.69379e-15  1.0794e-15  -2.95206e-15  -1.06697e-14  4.83108e-15  5.04163e-15  1.5067e-15  -3.11515e-14  -5.34121e-16  -1.33669e-14  -1.28757e-14  -6.91969e-15  1.57988e-14  1.23311e-14  -3.65929e-14  -1.34107e-14  6.46501e-15  5.50731e-15  -1.88274e-14  -3.08747e-15  4.43232e-14  -2.45642e-14  1.2548e-14  1.03187e-14  -2.03111e-14  -3.16533e-14  1.0223e-14  -2.82258e-14  -2.1185e-14  -4.41274e-14  -2.77966e-14  6.41842e-14  1.70705e-14  6.40155e-15  -2.19877e-14  1.94887e-14  -1.75008e-14  -1.23236e-14  -3.91229e-14  6.46189e-14  -6.76577e-14  -3.36632e-14  -6.9956e-15  2.93439e-14  2.62758e-14  -1.13448e-6  -3.80397e-6  -3.03501e-6  -2.27364e-6  -0.000115749  -3.38135e-5  -0.000513197  -0.000580047  -0.00161315  -0.00165668  -0.0018025  -0.00150176  -0.00164962  -0.00171831  -0.00204607  -0.00401352  -0.00526083  -0.00522664  -0.00538309  -0.00556734  -0.00519469  -0.00452464  -0.00408647  -0.00576101  -0.00574009  -0.00744545  -0.00741254  -0.00713376  -0.00744126  -0.00767259  -0.00757591  -0.00814029  -0.00821068  -0.00999144  -0.0106604  -0.0106455  -0.0103391  -0.0109866  -0.0115594  -0.0113338  -0.011942  -0.0116345  -0.0108772  -0.0114876  -0.0129441  -0.0122205  -0.0124784  -0.0123082  -0.0122563  -0.0138477  -0.0125384  -0.0133307  -0.0141842  -0.0132661  -0.0131463  -0.0138259  -0.0157639  -0.0148491  -0.0152278  -0.015654  -0.0144693  -0.0165222  -0.0147891  -0.0169179  -0.0167158  -0.0174979  -0.0172819  -0.0179852  -0.0162881  -0.0170209  -0.0161148  -0.0174646  -0.0181285  -0.0182811  -0.0202303  -0.0190292  -0.018875  -0.0195566  -0.0203979  -0.0209562  -0.0192428  -0.0193046  -0.0231077  -0.0214725  -0.0218932  -0.0211204  -0.0219568  -0.0208202  -0.0224986  -0.0206684  -0.0189683  -0.0253836  -0.0321343  -0.0304281  -0.0265894  -0.0250821  -0.0285592  -0.0268401  -0.0265964  -0.0305161  -0.0337775  -0.0279929  -0.0362291  -0.0476519  -0.0504439  -0.0355803  -0.0612272  -0.0457059  -0.072882  -0.0484199  -0.0758092  -0.0845676  -0.0909363  -0.120225  -0.111596  -0.1445
Running with alpha = 8
Running with l = 10
read ../H2/gamma_VASP_RNDbasis1.dat
Davidson
iter=     1  rel‖R‖=  2.814e+00  size(V,2)=    10
iter=     2  rel‖R‖=  1.642e+00  size(V,2)=    20
iter=     3  rel‖R‖=  5.313e-01  size(V,2)=    30
iter=     4  rel‖R‖=  3.995e-01  size(V,2)=    40
iter=     5  rel‖R‖=  8.348e-02  size(V,2)=    50
iter=     6  rel‖R‖=  4.161e-03  size(V,2)=    60
iter=     7  rel‖R‖=  1.982e-04  size(V,2)=    70
converged!
  7.615654 seconds (1.48 k allocations: 143.667 MiB, 0.01% gc time)
Total estimated FLOPs: 101458413260

Reading exact Eigenvalues...
Reading eigenvalues from ../Eigenvalues_folder/eigenres_H2_RNDbasis1.jld2

Relative deviation between Davidson and exact eigenvalues:
1×10 adjoint(::Vector{Float64}) with eltype Float64:
 -1.19066e-15  -8.68515e-16  -3.95815e-16  6.59987e-16  -7.42871e-12  -1.61021e-8  -2.76731e-9  -9.66721e-11  -1.40844e-9  -2.83689e-8
Running with l = 50
read ../H2/gamma_VASP_RNDbasis1.dat
Davidson
iter=     1  rel‖R‖=  1.333e+00  size(V,2)=    50
iter=     2  rel‖R‖=  7.933e-01  size(V,2)=   100
iter=     3  rel‖R‖=  1.537e-01  size(V,2)=   150
iter=     4  rel‖R‖=  2.179e-02  size(V,2)=   200
iter=     5  rel‖R‖=  5.127e-03  size(V,2)=   250
iter=     6  rel‖R‖=  8.207e-04  size(V,2)=   300
converged!
 16.526300 seconds (4.26 k allocations: 562.210 MiB, 0.91% gc time)
Total estimated FLOPs: 401707497300

Reading exact Eigenvalues...
Reading eigenvalues from ../Eigenvalues_folder/eigenres_H2_RNDbasis1.jld2

Relative deviation between Davidson and exact eigenvalues:
1×50 adjoint(::Vector{Float64}) with eltype Float64:
 -1.36075e-15  -1.48888e-15  1.05551e-15  5.2799e-16  -1.61877e-16  2.37694e-16  2.37699e-16  1.38143e-16  -2.28348e-15  -4.50975e-14  -6.57943e-14  -1.44402e-13  -1.23626e-13  -6.45406e-12  -6.96816e-12  -5.51043e-12  -4.01308e-12  -4.04582e-11  -3.37542e-11  -1.99031e-10  -4.04008e-10  -1.62019e-9  -4.73978e-10  -2.35708e-9  -5.5307e-9  -4.48115e-9  -5.0116e-9  -8.37193e-9  -2.16147e-8  -7.32286e-8  -7.71169e-8  -5.87289e-8  -2.60757e-7  -1.82016e-7  -6.43699e-7  -5.09835e-7  -1.52195e-6  -2.94404e-6  -8.05658e-6  -7.00761e-6  -4.96287e-6  -1.86923e-5  -2.22754e-5  -1.58163e-5  -0.000105256  -4.06298e-5  -9.4628e-5  -0.000189562  -0.000208548  -0.000710874
Running with l = 100
read ../H2/gamma_VASP_RNDbasis1.dat
Davidson
iter=     1  rel‖R‖=  9.993e-01  size(V,2)=   100
iter=     2  rel‖R‖=  5.324e-01  size(V,2)=   200
iter=     3  rel‖R‖=  4.578e-02  size(V,2)=   300
iter=     4  rel‖R‖=  1.144e-02  size(V,2)=   400
iter=     5  rel‖R‖=  6.114e-03  size(V,2)=   500
iter=     6  rel‖R‖=  3.529e-03  size(V,2)=   600
iter=     7  rel‖R‖=  2.407e-03  size(V,2)=   700
iter=     8  rel‖R‖=  1.815e-03  size(V,2)=   800
iter=     9  rel‖R‖=  1.616e-03  size(V,2)=   200
iter=    10  rel‖R‖=  1.551e-03  size(V,2)=   300
iter=    11  rel‖R‖=  1.456e-03  size(V,2)=   400
iter=    12  rel‖R‖=  1.407e-03  size(V,2)=   500
iter=    13  rel‖R‖=  1.348e-03  size(V,2)=   600
iter=    14  rel‖R‖=  1.269e-03  size(V,2)=   700
iter=    15  rel‖R‖=  1.140e-03  size(V,2)=   800
iter=    16  rel‖R‖=  1.108e-03  size(V,2)=   200
iter=    17  rel‖R‖=  1.086e-03  size(V,2)=   300
iter=    18  rel‖R‖=  1.067e-03  size(V,2)=   400
iter=    19  rel‖R‖=  1.038e-03  size(V,2)=   500
iter=    20  rel‖R‖=  1.008e-03  size(V,2)=   600
iter=    21  rel‖R‖=  9.774e-04  size(V,2)=   700
converged!
142.075450 seconds (31.82 k allocations: 4.952 GiB, 0.68% gc time)
Total estimated FLOPs: 3776858383000

Reading exact Eigenvalues...
Reading eigenvalues from ../Eigenvalues_folder/eigenres_H2_RNDbasis1.jld2

Relative deviation between Davidson and exact eigenvalues:
1×100 adjoint(::Vector{Float64}) with eltype Float64:
 -6.80375e-16  -4.96295e-16  -1.31938e-16  3.95992e-16  -1.13314e-15  5.94236e-16  1.1885e-15  1.38143e-15  1.52232e-15  1.70537e-15  1.70648e-15  -4.84978e-16  8.49243e-16  8.2459e-16  2.44174e-15  -1.87851e-16  -1.03201e-15  -1.16624e-15  1.9834e-15  -5.6365e-15  -1.48412e-15  9.0685e-15  -1.51209e-15  6.34357e-15  -7.36154e-15  1.90034e-15  1.14968e-16  -9.21093e-15  7.69856e-15  -0.0  2.63534e-15  -7.47196e-15  -1.49076e-14  -1.27226e-14  1.29886e-14  -1.69635e-14  -1.23614e-14  -2.09026e-14  4.71216e-15  -1.1848e-14  -2.09884e-14  -1.01397e-14  -1.34978e-14  1.65428e-14  1.18722e-14  -1.48996e-14  2.64621e-14  -9.79222e-15  -1.80007e-14  -1.3057e-14  3.27775e-14  -1.31015e-14  3.46813e-15  -2.11193e-14  -1.84397e-14  4.83046e-14  2.71694e-14  1.61776e-14  2.10509e-14  5.95727e-14  -1.41829e-14  5.81494e-15  -1.00107e-14  -5.64369e-14  -1.22579e-14  5.48165e-14  3.76344e-14  2.71015e-14  1.75328e-14  -5.91416e-15  -1.7829e-14  -4.24628e-14  8.17264e-14  -6.70849e-14  4.8778e-14  6.27495e-14  3.00603e-14  1.78953e-14  -9.08124e-14  -8.57247e-14  8.88507e-15  -2.17806e-12  -1.50055e-12  -5.91996e-13  -1.06925e-7  -2.00725e-8  -1.3575e-6  -1.07875e-6  -7.58675e-5  -8.37418e-6  -0.00128638  -0.00243266  -0.00491476  -0.0105972  -0.0113253  -0.011417  -0.0101226  -0.0106945  -0.00939676  -0.0247808
Running with l = 200
read ../H2/gamma_VASP_RNDbasis1.dat
Davidson
iter=     1  rel‖R‖=  7.935e-01  size(V,2)=   200
iter=     2  rel‖R‖=  2.815e-01  size(V,2)=   400
iter=     3  rel‖R‖=  1.739e-02  size(V,2)=   600
iter=     4  rel‖R‖=  7.143e-03  size(V,2)=   800
iter=     5  rel‖R‖=  5.110e-03  size(V,2)=  1000
iter=     6  rel‖R‖=  4.268e-03  size(V,2)=  1200
iter=     7  rel‖R‖=  3.821e-03  size(V,2)=  1400
iter=     8  rel‖R‖=  3.512e-03  size(V,2)=  1600
iter=     9  rel‖R‖=  3.360e-03  size(V,2)=   400
iter=    10  rel‖R‖=  3.277e-03  size(V,2)=   600
iter=    11  rel‖R‖=  3.212e-03  size(V,2)=   800
iter=    12  rel‖R‖=  3.155e-03  size(V,2)=  1000
iter=    13  rel‖R‖=  3.101e-03  size(V,2)=  1200
iter=    14  rel‖R‖=  3.042e-03  size(V,2)=  1400
iter=    15  rel‖R‖=  2.973e-03  size(V,2)=  1600
iter=    16  rel‖R‖=  2.938e-03  size(V,2)=   400
iter=    17  rel‖R‖=  2.908e-03  size(V,2)=   600
iter=    18  rel‖R‖=  2.877e-03  size(V,2)=   800
iter=    19  rel‖R‖=  2.845e-03  size(V,2)=  1000
iter=    20  rel‖R‖=  2.809e-03  size(V,2)=  1200
iter=    21  rel‖R‖=  2.772e-03  size(V,2)=  1400
iter=    22  rel‖R‖=  2.733e-03  size(V,2)=  1600
iter=    23  rel‖R‖=  2.712e-03  size(V,2)=   400
iter=    24  rel‖R‖=  2.688e-03  size(V,2)=   600
iter=    25  rel‖R‖=  2.663e-03  size(V,2)=   800
iter=    26  rel‖R‖=  2.637e-03  size(V,2)=  1000
iter=    27  rel‖R‖=  2.607e-03  size(V,2)=  1200
iter=    28  rel‖R‖=  2.578e-03  size(V,2)=  1400
iter=    29  rel‖R‖=  2.545e-03  size(V,2)=  1600
iter=    30  rel‖R‖=  2.528e-03  size(V,2)=   400
iter=    31  rel‖R‖=  2.507e-03  size(V,2)=   600
iter=    32  rel‖R‖=  2.483e-03  size(V,2)=   800
iter=    33  rel‖R‖=  2.459e-03  size(V,2)=  1000
iter=    34  rel‖R‖=  2.434e-03  size(V,2)=  1200
iter=    35  rel‖R‖=  2.408e-03  size(V,2)=  1400
iter=    36  rel‖R‖=  2.380e-03  size(V,2)=  1600
iter=    37  rel‖R‖=  2.365e-03  size(V,2)=   400
iter=    38  rel‖R‖=  2.347e-03  size(V,2)=   600
iter=    39  rel‖R‖=  2.326e-03  size(V,2)=   800
iter=    40  rel‖R‖=  2.305e-03  size(V,2)=  1000
iter=    41  rel‖R‖=  2.280e-03  size(V,2)=  1200
iter=    42  rel‖R‖=  2.255e-03  size(V,2)=  1400
iter=    43  rel‖R‖=  2.229e-03  size(V,2)=  1600
iter=    44  rel‖R‖=  2.215e-03  size(V,2)=   400
iter=    45  rel‖R‖=  2.197e-03  size(V,2)=   600
iter=    46  rel‖R‖=  2.179e-03  size(V,2)=   800
iter=    47  rel‖R‖=  2.160e-03  size(V,2)=  1000
iter=    48  rel‖R‖=  2.139e-03  size(V,2)=  1200
iter=    49  rel‖R‖=  2.118e-03  size(V,2)=  1400
iter=    50  rel‖R‖=  2.096e-03  size(V,2)=  1600
iter=    51  rel‖R‖=  2.083e-03  size(V,2)=   400
iter=    52  rel‖R‖=  2.067e-03  size(V,2)=   600
iter=    53  rel‖R‖=  2.051e-03  size(V,2)=   800
iter=    54  rel‖R‖=  2.033e-03  size(V,2)=  1000
iter=    55  rel‖R‖=  2.015e-03  size(V,2)=  1200
iter=    56  rel‖R‖=  1.994e-03  size(V,2)=  1400
iter=    57  rel‖R‖=  1.973e-03  size(V,2)=  1600
iter=    58  rel‖R‖=  1.962e-03  size(V,2)=   400
iter=    59  rel‖R‖=  1.948e-03  size(V,2)=   600
iter=    60  rel‖R‖=  1.932e-03  size(V,2)=   800
iter=    61  rel‖R‖=  1.917e-03  size(V,2)=  1000
iter=    62  rel‖R‖=  1.899e-03  size(V,2)=  1200
iter=    63  rel‖R‖=  1.880e-03  size(V,2)=  1400
iter=    64  rel‖R‖=  1.860e-03  size(V,2)=  1600
iter=    65  rel‖R‖=  1.850e-03  size(V,2)=   400
iter=    66  rel‖R‖=  1.836e-03  size(V,2)=   600
iter=    67  rel‖R‖=  1.822e-03  size(V,2)=   800
iter=    68  rel‖R‖=  1.807e-03  size(V,2)=  1000
iter=    69  rel‖R‖=  1.791e-03  size(V,2)=  1200
iter=    70  rel‖R‖=  1.775e-03  size(V,2)=  1400
iter=    71  rel‖R‖=  1.758e-03  size(V,2)=  1600
iter=    72  rel‖R‖=  1.749e-03  size(V,2)=   400
iter=    73  rel‖R‖=  1.737e-03  size(V,2)=   600
iter=    74  rel‖R‖=  1.724e-03  size(V,2)=   800
iter=    75  rel‖R‖=  1.710e-03  size(V,2)=  1000
iter=    76  rel‖R‖=  1.695e-03  size(V,2)=  1200
iter=    77  rel‖R‖=  1.679e-03  size(V,2)=  1400
iter=    78  rel‖R‖=  1.662e-03  size(V,2)=  1600
iter=    79  rel‖R‖=  1.653e-03  size(V,2)=   400
iter=    80  rel‖R‖=  1.641e-03  size(V,2)=   600
iter=    81  rel‖R‖=  1.629e-03  size(V,2)=   800
iter=    82  rel‖R‖=  1.616e-03  size(V,2)=  1000
iter=    83  rel‖R‖=  1.603e-03  size(V,2)=  1200
iter=    84  rel‖R‖=  1.588e-03  size(V,2)=  1400
iter=    85  rel‖R‖=  1.573e-03  size(V,2)=  1600
iter=    86  rel‖R‖=  1.565e-03  size(V,2)=   400
iter=    87  rel‖R‖=  1.555e-03  size(V,2)=   600
iter=    88  rel‖R‖=  1.544e-03  size(V,2)=   800
iter=    89  rel‖R‖=  1.532e-03  size(V,2)=  1000
iter=    90  rel‖R‖=  1.519e-03  size(V,2)=  1200
iter=    91  rel‖R‖=  1.506e-03  size(V,2)=  1400
iter=    92  rel‖R‖=  1.492e-03  size(V,2)=  1600
iter=    93  rel‖R‖=  1.485e-03  size(V,2)=   400
iter=    94  rel‖R‖=  1.475e-03  size(V,2)=   600
iter=    95  rel‖R‖=  1.465e-03  size(V,2)=   800
iter=    96  rel‖R‖=  1.453e-03  size(V,2)=  1000
iter=    97  rel‖R‖=  1.441e-03  size(V,2)=  1200
iter=    98  rel‖R‖=  1.429e-03  size(V,2)=  1400
iter=    99  rel‖R‖=  1.416e-03  size(V,2)=  1600
iter=   100  rel‖R‖=  1.409e-03  size(V,2)=   400
iter=   101  rel‖R‖=  1.400e-03  size(V,2)=   600
iter=   102  rel‖R‖=  1.390e-03  size(V,2)=   800
iter=   103  rel‖R‖=  1.379e-03  size(V,2)=  1000
iter=   104  rel‖R‖=  1.368e-03  size(V,2)=  1200
iter=   105  rel‖R‖=  1.357e-03  size(V,2)=  1400
iter=   106  rel‖R‖=  1.345e-03  size(V,2)=  1600
iter=   107  rel‖R‖=  1.338e-03  size(V,2)=   400
iter=   108  rel‖R‖=  1.330e-03  size(V,2)=   600
iter=   109  rel‖R‖=  1.321e-03  size(V,2)=   800
iter=   110  rel‖R‖=  1.311e-03  size(V,2)=  1000
iter=   111  rel‖R‖=  1.300e-03  size(V,2)=  1200
iter=   112  rel‖R‖=  1.290e-03  size(V,2)=  1400
iter=   113  rel‖R‖=  1.278e-03  size(V,2)=  1600
iter=   114  rel‖R‖=  1.273e-03  size(V,2)=   400
iter=   115  rel‖R‖=  1.265e-03  size(V,2)=   600
iter=   116  rel‖R‖=  1.256e-03  size(V,2)=   800
iter=   117  rel‖R‖=  1.247e-03  size(V,2)=  1000
iter=   118  rel‖R‖=  1.237e-03  size(V,2)=  1200
iter=   119  rel‖R‖=  1.228e-03  size(V,2)=  1400
iter=   120  rel‖R‖=  1.217e-03  size(V,2)=  1600
iter=   121  rel‖R‖=  1.212e-03  size(V,2)=   400
iter=   122  rel‖R‖=  1.205e-03  size(V,2)=   600
iter=   123  rel‖R‖=  1.197e-03  size(V,2)=   800
iter=   124  rel‖R‖=  1.188e-03  size(V,2)=  1000
iter=   125  rel‖R‖=  1.179e-03  size(V,2)=  1200
iter=   126  rel‖R‖=  1.170e-03  size(V,2)=  1400
iter=   127  rel‖R‖=  1.160e-03  size(V,2)=  1600
iter=   128  rel‖R‖=  1.155e-03  size(V,2)=   400
iter=   129  rel‖R‖=  1.149e-03  size(V,2)=   600
iter=   130  rel‖R‖=  1.141e-03  size(V,2)=   800
iter=   131  rel‖R‖=  1.133e-03  size(V,2)=  1000
iter=   132  rel‖R‖=  1.125e-03  size(V,2)=  1200
iter=   133  rel‖R‖=  1.116e-03  size(V,2)=  1400
iter=   134  rel‖R‖=  1.107e-03  size(V,2)=  1600
iter=   135  rel‖R‖=  1.103e-03  size(V,2)=   400
iter=   136  rel‖R‖=  1.097e-03  size(V,2)=   600
iter=   137  rel‖R‖=  1.090e-03  size(V,2)=   800
iter=   138  rel‖R‖=  1.082e-03  size(V,2)=  1000
iter=   139  rel‖R‖=  1.074e-03  size(V,2)=  1200
iter=   140  rel‖R‖=  1.066e-03  size(V,2)=  1400
iter=   141  rel‖R‖=  1.057e-03  size(V,2)=  1600
iter=   142  rel‖R‖=  1.053e-03  size(V,2)=   400
iter=   143  rel‖R‖=  1.048e-03  size(V,2)=   600
iter=   144  rel‖R‖=  1.041e-03  size(V,2)=   800
iter=   145  rel‖R‖=  1.034e-03  size(V,2)=  1000
iter=   146  rel‖R‖=  1.027e-03  size(V,2)=  1200
iter=   147  rel‖R‖=  1.019e-03  size(V,2)=  1400
iter=   148  rel‖R‖=  1.011e-03  size(V,2)=  1600
iter=   149  rel‖R‖=  1.008e-03  size(V,2)=   400
iter=   150  rel‖R‖=  1.003e-03  size(V,2)=   600
iter=   151  rel‖R‖=  9.971e-04  size(V,2)=   800
converged!
2426.089924 seconds (463.24 k allocations: 77.545 GiB, 0.59% gc time)
Total estimated FLOPs: 64880650538800

Reading exact Eigenvalues...
Reading eigenvalues from ../Eigenvalues_folder/eigenres_H2_RNDbasis1.jld2

Relative deviation between Davidson and exact eigenvalues:
1×200 adjoint(::Vector{Float64}) with eltype Float64:
 -6.80375e-16  -4.96295e-16  -6.59692e-16  9.23982e-16  -2.10441e-15  3.56542e-16  3.56549e-16  -1.38143e-16  6.08928e-16  5.68455e-16  2.46492e-15  1.0912e-15  -1.09188e-15  -1.64918e-16  1.31478e-15  7.51405e-16  1.44482e-15  -2.91559e-15  9.33365e-16  3.41157e-15  -5.19442e-15  4.53425e-15  -1.00806e-15  -1.15338e-15  -3.90385e-15  -0.0  2.5293e-15  -1.12025e-15  4.23421e-15  4.49357e-15  -1.61049e-15  1.11347e-14  -1.28676e-14  -1.41362e-14  2.34516e-15  1.02864e-14  6.88994e-15  -3.21578e-15  2.14921e-14  -1.61563e-14  2.00289e-14  1.88675e-14  -7.32738e-15  -1.42005e-14  1.57754e-14  4.85492e-15  2.57921e-14  -1.54895e-14  1.55056e-14  -2.37565e-14  3.16849e-14  2.92856e-14  1.34872e-14  -7.31858e-15  -1.21534e-14  8.78266e-15  -1.2728e-14  -5.22983e-14  -7.29766e-15  -3.26367e-14  -1.33056e-14  -1.53025e-14  -2.60278e-14  2.89937e-14  -2.01712e-15  -2.39712e-14  1.06513e-14  -6.69904e-14  -1.87147e-14  1.97139e-16  -2.13947e-14  2.38987e-14  7.76721e-14  4.48729e-14  -1.16031e-14  4.28309e-14  1.95795e-15  -7.4173e-14  5.54759e-14  2.97794e-14  7.02046e-14  2.24145e-14  4.79523e-14  3.08705e-14  -1.75345e-14  5.18599e-14  -3.04083e-14  -7.14637e-14  -1.05441e-13  -1.33475e-14  -1.52349e-5  -8.06609e-6  -0.000588602  -0.000396571  -0.000373603  -0.000194675  -0.000150025  -0.000269439  -0.000373387  -0.00313486  -0.00399613  -0.00397646  -0.00507421  -0.00299016  -0.0042288  -0.00357501  -0.00337507  -0.00581779  -0.00532786  -0.00689849  -0.00774853  -0.00794834  -0.00780103  -0.00689451  -0.00737716  -0.00842993  -0.00934872  -0.0113152  -0.0123962  -0.011845  -0.0116817  -0.0121441  -0.0127409  -0.0132861  -0.0135313  -0.0129958  -0.0130437  -0.0128786  -0.0155674  -0.0149862  -0.0159652  -0.0147197  -0.0149908  -0.0168427  -0.0147868  -0.0162432  -0.016683  -0.017074  -0.0152075  -0.0172563  -0.0177566  -0.0171882  -0.0184988  -0.0189541  -0.0181866  -0.019144  -0.0177381  -0.0202088  -0.0200858  -0.0201179  -0.020241  -0.0201848  -0.0196214  -0.0208421  -0.0202539  -0.0207661  -0.0206827  -0.0208261  -0.0225904  -0.0217579  -0.0222923  -0.0232834  -0.0233659  -0.0251017  -0.0222866  -0.0214752  -0.0268666  -0.0238787  -0.0243875  -0.0246959  -0.0249558  -0.0245417  -0.0243082  -0.0240679  -0.0227944  -0.027041  -0.0336607  -0.0313344  -0.0307663  -0.0281596  -0.0312862  -0.0287167  -0.0263058  -0.0293187  -0.031562  -0.0296777  -0.034086  -0.0449403  -0.0503032  -0.0340831  -0.0518922  -0.042631  -0.0603522  -0.0432077  -0.0588754  -0.0630205  -0.0675339  -0.100803  -0.0904038  -0.103946
Running with alpha = 16
Running with l = 10
read ../H2/gamma_VASP_RNDbasis1.dat
Davidson
iter=     1  rel‖R‖=  2.814e+00  size(V,2)=    10
iter=     2  rel‖R‖=  1.642e+00  size(V,2)=    20
iter=     3  rel‖R‖=  5.313e-01  size(V,2)=    30
iter=     4  rel‖R‖=  3.995e-01  size(V,2)=    40
iter=     5  rel‖R‖=  8.348e-02  size(V,2)=    50
iter=     6  rel‖R‖=  4.161e-03  size(V,2)=    60
iter=     7  rel‖R‖=  1.982e-04  size(V,2)=    70
converged!
  6.894449 seconds (1.48 k allocations: 143.667 MiB, 0.01% gc time)
Total estimated FLOPs: 101458413260

Reading exact Eigenvalues...
Reading eigenvalues from ../Eigenvalues_folder/eigenres_H2_RNDbasis1.jld2

Relative deviation between Davidson and exact eigenvalues:
1×10 adjoint(::Vector{Float64}) with eltype Float64:
 -1.19066e-15  -8.68515e-16  -3.95815e-16  6.59987e-16  -7.42871e-12  -1.61021e-8  -2.76731e-9  -9.66721e-11  -1.40844e-9  -2.83689e-8
Running with l = 50
read ../H2/gamma_VASP_RNDbasis1.dat
Davidson
iter=     1  rel‖R‖=  1.333e+00  size(V,2)=    50
iter=     2  rel‖R‖=  7.933e-01  size(V,2)=   100
iter=     3  rel‖R‖=  1.537e-01  size(V,2)=   150
iter=     4  rel‖R‖=  2.179e-02  size(V,2)=   200
iter=     5  rel‖R‖=  5.127e-03  size(V,2)=   250
iter=     6  rel‖R‖=  8.207e-04  size(V,2)=   300
converged!
 16.418616 seconds (4.26 k allocations: 562.210 MiB, 0.91% gc time)
Total estimated FLOPs: 401707497300

Reading exact Eigenvalues...
Reading eigenvalues from ../Eigenvalues_folder/eigenres_H2_RNDbasis1.jld2

Relative deviation between Davidson and exact eigenvalues:
1×50 adjoint(::Vector{Float64}) with eltype Float64:
 -1.36075e-15  -1.48888e-15  1.05551e-15  5.2799e-16  -1.61877e-16  2.37694e-16  2.37699e-16  1.38143e-16  -2.28348e-15  -4.50975e-14  -6.57943e-14  -1.44402e-13  -1.23626e-13  -6.45406e-12  -6.96816e-12  -5.51043e-12  -4.01308e-12  -4.04582e-11  -3.37542e-11  -1.99031e-10  -4.04008e-10  -1.62019e-9  -4.73978e-10  -2.35708e-9  -5.5307e-9  -4.48115e-9  -5.0116e-9  -8.37193e-9  -2.16147e-8  -7.32286e-8  -7.71169e-8  -5.87289e-8  -2.60757e-7  -1.82016e-7  -6.43699e-7  -5.09835e-7  -1.52195e-6  -2.94404e-6  -8.05658e-6  -7.00761e-6  -4.96287e-6  -1.86923e-5  -2.22754e-5  -1.58163e-5  -0.000105256  -4.06298e-5  -9.4628e-5  -0.000189562  -0.000208548  -0.000710874
Running with l = 100
read ../H2/gamma_VASP_RNDbasis1.dat
Davidson
iter=     1  rel‖R‖=  9.993e-01  size(V,2)=   100
iter=     2  rel‖R‖=  5.324e-01  size(V,2)=   200
iter=     3  rel‖R‖=  4.578e-02  size(V,2)=   300
iter=     4  rel‖R‖=  1.144e-02  size(V,2)=   400
iter=     5  rel‖R‖=  6.114e-03  size(V,2)=   500
iter=     6  rel‖R‖=  3.529e-03  size(V,2)=   600
iter=     7  rel‖R‖=  2.407e-03  size(V,2)=   700
iter=     8  rel‖R‖=  1.815e-03  size(V,2)=   800
iter=     9  rel‖R‖=  1.461e-03  size(V,2)=   900
iter=    10  rel‖R‖=  1.300e-03  size(V,2)=  1000
iter=    11  rel‖R‖=  1.161e-03  size(V,2)=  1100
iter=    12  rel‖R‖=  1.039e-03  size(V,2)=  1200
iter=    13  rel‖R‖=  7.824e-04  size(V,2)=  1300
converged!
134.951741 seconds (19.13 k allocations: 4.281 GiB, 0.68% gc time)
Total estimated FLOPs: 3572668023800

Reading exact Eigenvalues...
Reading eigenvalues from ../Eigenvalues_folder/eigenres_H2_RNDbasis1.jld2

Relative deviation between Davidson and exact eigenvalues:
1×100 adjoint(::Vector{Float64}) with eltype Float64:
 -2.04112e-15  -2.97777e-15  -0.0  3.95992e-16  -1.29502e-15  3.56542e-16  -3.56549e-16  9.67e-16  1.52232e-15  5.68455e-16  1.70648e-15  8.48711e-16  2.66905e-15  -1.15443e-15  1.87826e-16  2.44207e-15  -3.09603e-15  -4.66494e-16  -5.9502e-15  -2.66992e-15  -7.12378e-15  1.00761e-15  -6.55238e-15  -7.49694e-15  9.25769e-15  8.04849e-15  -9.88726e-15  6.34807e-15  3.20773e-15  8.85875e-15  -2.19612e-15  3.51622e-15  -9.10146e-15  6.28277e-16  -8.83945e-15  1.46175e-14  -1.29693e-14  -1.96392e-14  -2.11473e-14  1.12496e-14  1.75103e-14  -2.20763e-14  -0.0  1.46396e-15  2.9274e-15  -1.30581e-14  3.68459e-15  -1.05044e-14  2.81595e-14  -1.68653e-14  4.37033e-15  1.44501e-14  3.85347e-15  -3.42928e-14  2.70309e-14  1.04904e-14  -1.10146e-14  2.73346e-14  4.43473e-14  -2.42281e-14  3.02667e-14  -1.8669e-14  6.31444e-15  -4.65139e-15  2.90156e-14  5.93992e-14  3.30189e-14  -4.84774e-14  -1.71388e-14  1.57711e-15  2.3702e-14  -1.3443e-14  -7.48981e-14  -7.92006e-14  2.85008e-14  5.71078e-14  -3.0521e-14  -2.24247e-13  -2.47974e-13  -3.33554e-13  -5.08952e-13  -4.33089e-11  -2.41807e-11  -2.73692e-11  -1.1605e-7  -1.3005e-9  -5.47581e-9  -5.34481e-9  -8.19656e-8  -1.40401e-7  -1.1518e-6  -6.53698e-7  -0.000114827  -0.0019058  -0.0071523  -0.00605477  -0.0079425  -0.00887413  -0.0107627  -0.0238817
Running with l = 200
read ../H2/gamma_VASP_RNDbasis1.dat
Davidson
iter=     1  rel‖R‖=  7.935e-01  size(V,2)=   200
iter=     2  rel‖R‖=  2.815e-01  size(V,2)=   400
iter=     3  rel‖R‖=  1.739e-02  size(V,2)=   600
iter=     4  rel‖R‖=  7.143e-03  size(V,2)=   800
iter=     5  rel‖R‖=  5.110e-03  size(V,2)=  1000
iter=     6  rel‖R‖=  4.268e-03  size(V,2)=  1200
iter=     7  rel‖R‖=  3.821e-03  size(V,2)=  1400
iter=     8  rel‖R‖=  3.512e-03  size(V,2)=  1600
iter=     9  rel‖R‖=  3.251e-03  size(V,2)=  1800
iter=    10  rel‖R‖=  3.083e-03  size(V,2)=  2000
iter=    11  rel‖R‖=  2.935e-03  size(V,2)=  2200
iter=    12  rel‖R‖=  2.790e-03  size(V,2)=  2400
iter=    13  rel‖R‖=  2.654e-03  size(V,2)=  2600
iter=    14  rel‖R‖=  2.556e-03  size(V,2)=  2800
iter=    15  rel‖R‖=  2.471e-03  size(V,2)=  3000
iter=    16  rel‖R‖=  2.393e-03  size(V,2)=  3200
iter=    17  rel‖R‖=  2.365e-03  size(V,2)=   400
iter=    18  rel‖R‖=  2.338e-03  size(V,2)=   600
iter=    19  rel‖R‖=  2.312e-03  size(V,2)=   800
iter=    20  rel‖R‖=  2.289e-03  size(V,2)=  1000
iter=    21  rel‖R‖=  2.262e-03  size(V,2)=  1200
iter=    22  rel‖R‖=  2.237e-03  size(V,2)=  1400
iter=    23  rel‖R‖=  2.210e-03  size(V,2)=  1600
iter=    24  rel‖R‖=  2.182e-03  size(V,2)=  1800
iter=    25  rel‖R‖=  2.155e-03  size(V,2)=  2000
iter=    26  rel‖R‖=  2.122e-03  size(V,2)=  2200
iter=    27  rel‖R‖=  2.092e-03  size(V,2)=  2400
iter=    28  rel‖R‖=  2.061e-03  size(V,2)=  2600
iter=    29  rel‖R‖=  2.029e-03  size(V,2)=  2800
iter=    30  rel‖R‖=  1.997e-03  size(V,2)=  3000
iter=    31  rel‖R‖=  1.961e-03  size(V,2)=  3200
iter=    32  rel‖R‖=  1.947e-03  size(V,2)=   400
iter=    33  rel‖R‖=  1.932e-03  size(V,2)=   600
iter=    34  rel‖R‖=  1.915e-03  size(V,2)=   800
iter=    35  rel‖R‖=  1.899e-03  size(V,2)=  1000
iter=    36  rel‖R‖=  1.881e-03  size(V,2)=  1200
iter=    37  rel‖R‖=  1.863e-03  size(V,2)=  1400
iter=    38  rel‖R‖=  1.844e-03  size(V,2)=  1600
iter=    39  rel‖R‖=  1.824e-03  size(V,2)=  1800
iter=    40  rel‖R‖=  1.804e-03  size(V,2)=  2000
iter=    41  rel‖R‖=  1.784e-03  size(V,2)=  2200
iter=    42  rel‖R‖=  1.764e-03  size(V,2)=  2400
iter=    43  rel‖R‖=  1.741e-03  size(V,2)=  2600
iter=    44  rel‖R‖=  1.719e-03  size(V,2)=  2800
iter=    45  rel‖R‖=  1.697e-03  size(V,2)=  3000
iter=    46  rel‖R‖=  1.674e-03  size(V,2)=  3200
iter=    47  rel‖R‖=  1.666e-03  size(V,2)=   400
iter=    48  rel‖R‖=  1.653e-03  size(V,2)=   600
iter=    49  rel‖R‖=  1.640e-03  size(V,2)=   800
iter=    50  rel‖R‖=  1.628e-03  size(V,2)=  1000
iter=    51  rel‖R‖=  1.615e-03  size(V,2)=  1200
iter=    52  rel‖R‖=  1.600e-03  size(V,2)=  1400
iter=    53  rel‖R‖=  1.586e-03  size(V,2)=  1600
iter=    54  rel‖R‖=  1.571e-03  size(V,2)=  1800
iter=    55  rel‖R‖=  1.555e-03  size(V,2)=  2000
iter=    56  rel‖R‖=  1.538e-03  size(V,2)=  2200
iter=    57  rel‖R‖=  1.522e-03  size(V,2)=  2400
iter=    58  rel‖R‖=  1.504e-03  size(V,2)=  2600
iter=    59  rel‖R‖=  1.487e-03  size(V,2)=  2800
iter=    60  rel‖R‖=  1.469e-03  size(V,2)=  3000
iter=    61  rel‖R‖=  1.450e-03  size(V,2)=  3200
iter=    62  rel‖R‖=  1.443e-03  size(V,2)=   400
iter=    63  rel‖R‖=  1.433e-03  size(V,2)=   600
iter=    64  rel‖R‖=  1.423e-03  size(V,2)=   800
iter=    65  rel‖R‖=  1.411e-03  size(V,2)=  1000
iter=    66  rel‖R‖=  1.400e-03  size(V,2)=  1200
iter=    67  rel‖R‖=  1.388e-03  size(V,2)=  1400
iter=    68  rel‖R‖=  1.376e-03  size(V,2)=  1600
iter=    69  rel‖R‖=  1.363e-03  size(V,2)=  1800
iter=    70  rel‖R‖=  1.351e-03  size(V,2)=  2000
iter=    71  rel‖R‖=  1.338e-03  size(V,2)=  2200
iter=    72  rel‖R‖=  1.325e-03  size(V,2)=  2400
iter=    73  rel‖R‖=  1.311e-03  size(V,2)=  2600
iter=    74  rel‖R‖=  1.297e-03  size(V,2)=  2800
iter=    75  rel‖R‖=  1.282e-03  size(V,2)=  3000
iter=    76  rel‖R‖=  1.267e-03  size(V,2)=  3200
iter=    77  rel‖R‖=  1.261e-03  size(V,2)=   400
iter=    78  rel‖R‖=  1.253e-03  size(V,2)=   600
iter=    79  rel‖R‖=  1.244e-03  size(V,2)=   800
iter=    80  rel‖R‖=  1.235e-03  size(V,2)=  1000
iter=    81  rel‖R‖=  1.226e-03  size(V,2)=  1200
iter=    82  rel‖R‖=  1.216e-03  size(V,2)=  1400
iter=    83  rel‖R‖=  1.206e-03  size(V,2)=  1600
iter=    84  rel‖R‖=  1.196e-03  size(V,2)=  1800
iter=    85  rel‖R‖=  1.185e-03  size(V,2)=  2000
iter=    86  rel‖R‖=  1.174e-03  size(V,2)=  2200
iter=    87  rel‖R‖=  1.163e-03  size(V,2)=  2400
iter=    88  rel‖R‖=  1.152e-03  size(V,2)=  2600
iter=    89  rel‖R‖=  1.140e-03  size(V,2)=  2800
iter=    90  rel‖R‖=  1.128e-03  size(V,2)=  3000
iter=    91  rel‖R‖=  1.115e-03  size(V,2)=  3200
iter=    92  rel‖R‖=  1.110e-03  size(V,2)=   400
iter=    93  rel‖R‖=  1.104e-03  size(V,2)=   600
iter=    94  rel‖R‖=  1.097e-03  size(V,2)=   800
iter=    95  rel‖R‖=  1.089e-03  size(V,2)=  1000
iter=    96  rel‖R‖=  1.081e-03  size(V,2)=  1200
iter=    97  rel‖R‖=  1.073e-03  size(V,2)=  1400
iter=    98  rel‖R‖=  1.065e-03  size(V,2)=  1600
iter=    99  rel‖R‖=  1.056e-03  size(V,2)=  1800
iter=   100  rel‖R‖=  1.047e-03  size(V,2)=  2000
iter=   101  rel‖R‖=  1.037e-03  size(V,2)=  2200
iter=   102  rel‖R‖=  1.028e-03  size(V,2)=  2400
iter=   103  rel‖R‖=  1.017e-03  size(V,2)=  2600
iter=   104  rel‖R‖=  1.007e-03  size(V,2)=  2800
iter=   105  rel‖R‖=  9.968e-04  size(V,2)=  3000
converged!
3543.447468 seconds (321.23 k allocations: 92.153 GiB, 0.38% gc time)
Total estimated FLOPs: 100102854951600

Reading exact Eigenvalues...
Reading eigenvalues from ../Eigenvalues_folder/eigenres_H2_RNDbasis1.jld2

Relative deviation between Davidson and exact eigenvalues:
1×200 adjoint(::Vector{Float64}) with eltype Float64:
 -1.02056e-15  -1.24074e-15  1.31938e-15  3.95992e-16  -1.61877e-15  1.18847e-16  3.56549e-16  -6.90714e-16  1.82679e-15  9.47426e-16  1.70648e-15  -2.66738e-15  -0.0  -2.14393e-15  -1.12696e-15  -0.0  2.06402e-16  -2.33247e-15  -1.75006e-15  2.96658e-16  -3.56189e-15  4.36632e-15  1.84811e-15  -7.49694e-15  1.00385e-14  1.90034e-15  -7.01306e-15  7.46832e-16  1.0778e-14  -9.75746e-15  -0.0  -2.34415e-15  -8.63069e-15  -5.49742e-15  -1.44317e-15  -1.22715e-14  -7.90316e-15  -7.12065e-15  -1.95382e-15  1.44809e-14  3.59801e-16  1.98943e-14  -6.04188e-15  2.35698e-14  -1.51249e-14  -1.38951e-14  1.90929e-14  2.15429e-14  1.5862e-14  1.03368e-14  -5.82711e-15  -2.85149e-14  -2.35062e-14  1.98647e-14  4.19083e-15  4.00099e-14  2.10501e-14  -3.6818e-14  5.30483e-14  -5.70074e-16  1.31594e-15  4.22348e-14  -4.15829e-15  3.10093e-16  -1.93954e-14  -1.39244e-14  -4.225e-14  -9.16108e-15  1.12288e-14  -3.62735e-14  2.83166e-14  -7.06291e-14  -5.99612e-14  3.27572e-14  7.40118e-14  3.22383e-15  7.25593e-15  -1.81422e-14  -3.32361e-14  8.88397e-14  1.9397e-14  -1.81315e-14  -1.84652e-14  -6.96381e-14  1.05514e-13  1.09106e-13  8.30506e-14  6.06706e-14  9.8321e-15  -2.90906e-14  7.94666e-14  -1.07702e-14  -6.25523e-10  -7.07507e-11  -1.69535e-10  -5.83759e-9  -1.79561e-8  -1.30093e-8  -2.17719e-8  -0.00220789  -0.00238715  -0.0021026  -0.00223962  -0.00171646  -0.00172616  -0.00140248  -0.00142366  -0.00502514  -0.00429354  -0.005959  -0.00784262  -0.0074053  -0.00765925  -0.00633141  -0.00678506  -0.00739335  -0.00984971  -0.0115692  -0.0121217  -0.0138715  -0.0127555  -0.0141921  -0.013436  -0.0149396  -0.0159955  -0.0129393  -0.0140481  -0.014922  -0.0195181  -0.0171902  -0.0182023  -0.0171889  -0.0175503  -0.0184792  -0.0181473  -0.0186677  -0.0208401  -0.0199086  -0.0189663  -0.0203237  -0.0205105  -0.0210638  -0.0221533  -0.0239083  -0.0213843  -0.0231684  -0.0217395  -0.0231925  -0.0240738  -0.0245067  -0.0239085  -0.0248688  -0.0239276  -0.0249265  -0.0232813  -0.0255433  -0.0238964  -0.0254919  -0.0251506  -0.024965  -0.0263073  -0.0266604  -0.0260622  -0.0278013  -0.0260804  -0.024828  -0.0279466  -0.028335  -0.0268496  -0.0280939  -0.0262779  -0.0287571  -0.0254627  -0.0261001  -0.025082  -0.0274502  -0.0315609  -0.030955  -0.0301736  -0.0292996  -0.0278935  -0.0290027  -0.0204229  -0.0226807  -0.0204242  -0.0215881  -0.0232885  -0.0233895  -0.0281918  -0.0225332  -0.0188533  -0.0209712  -0.019324  -0.0137919  -0.0175868  -0.0100264  -0.0166269  -0.0269816  -0.00996086  -0.0377681
Finished processing molecule: H2
