ERROR: LoadError: KeyError: key "eigenvalues" not found
Stacktrace:
 [1] getindex(g::JLD2.Group{JLD2.JLDFile{JLD2.MmapIO}}, name::String)
   @ JLD2 ~/.julia/packages/JLD2/SgtOb/src/groups.jl:96
 [2] getindex
   @ ~/.julia/packages/JLD2/SgtOb/src/JLD2.jl:348 [inlined]
 [3] read_eigenresults(number::Int64)
   @ Main ~/MA_best/Davidson_jacobi/mix_JD_Dav/RND_matrix.jl:121
 [4] main(number::Int64, l::Int64, beta::Int64, factor::Int64, max_iter::Int64)
   @ Main ~/MA_best/Davidson_jacobi/mix_JD_Dav/RND_matrix.jl:334
 [5] top-level scope
   @ ~/MA_best/Davidson_jacobi/mix_JD_Dav/RND_matrix.jl:363
in expression starting at /home/fmereto/MA_best/Davidson_jacobi/mix_JD_Dav/RND_matrix.jl:356
Processing molecule: 1
Running with beta = 32
Running with l = 100
Starting Davidson with n_aux = 512, l_buffer = 120, lc = 101, thresh = 0.0015, max_iter = 100
Iter 1: V_size = 32, Converged = 0, ‖r‖ (largest λ) = 0.041189845886490425
Iter 2: V_size = 64, Converged = 0, ‖r‖ (largest λ) = 0.21641776957385414
Iter 3: V_size = 128, Converged = 0, ‖r‖ (largest λ) = 0.02700144292301265
EV   1 converged λ = -23.9783771102, ‖r‖ = 8.66e-07, stable for 3 iters
EV   2 converged λ = -19.6570755443, ‖r‖ = 2.27e-06, stable for 3 iters
EV   3 converged λ = -17.0946886329, ‖r‖ = 3.07e-06, stable for 3 iters
EV   4 converged λ = -15.2936406599, ‖r‖ = 4.48e-06, stable for 3 iters
EV   5 converged λ = -13.9201207486, ‖r‖ = 5.97e-06, stable for 3 iters
EV   6 converged λ = -12.8201595813, ‖r‖ = 5.49e-06, stable for 3 iters
EV   7 converged λ = -11.9098468341, ‖r‖ = 1.23e-05, stable for 3 iters
EV   8 converged λ = -11.1383811704, ‖r‖ = 1.46e-05, stable for 3 iters
EV   9 converged λ = -10.4727124598, ‖r‖ = 2.06e-05, stable for 3 iters
EV  10 converged λ = -9.8901259283, ‖r‖ = 2.41e-05, stable for 3 iters
Iter 4: V_size = 238, Converged = 10, ‖r‖ (largest λ) = 0.016883075176067876
EV  11 converged λ = -9.3743966079, ‖r‖ = 4.93e-07, stable for 3 iters
EV  12 converged λ = -8.9134727191, ‖r‖ = 1.54e-06, stable for 3 iters
EV  13 converged λ = -8.4982587075, ‖r‖ = 1.29e-06, stable for 3 iters
EV  14 converged λ = -8.1216617704, ‖r‖ = 2.30e-06, stable for 3 iters
EV  15 converged λ = -7.7780451053, ‖r‖ = 3.30e-06, stable for 3 iters
Iter 5: V_size = 343, Converged = 15, ‖r‖ (largest λ) = 0.20400175528579154
Iter 6: V_size = 448, Converged = 15, ‖r‖ (largest λ) = 0.3512497383543368
Iter 7: V_size = 210, Converged = 15, ‖r‖ (largest λ) = 0.13160827480056186
Iter 8: V_size = 315, Converged = 15, ‖r‖ (largest λ) = 0.03654463711175222
EV  16 converged λ = -7.4629419864, ‖r‖ = 5.68e-10, stable for 3 iters
EV  17 converged λ = -7.1726183703, ‖r‖ = 1.07e-06, stable for 3 iters
EV  18 converged λ = -6.9040948228, ‖r‖ = 3.97e-06, stable for 3 iters
EV  19 converged λ = -6.6547944341, ‖r‖ = 1.00e-06, stable for 3 iters
EV  20 converged λ = -6.4225981954, ‖r‖ = 3.05e-06, stable for 3 iters
EV  21 converged λ = -6.2056912342, ‖r‖ = 2.96e-06, stable for 3 iters
EV  22 converged λ = -6.0025318175, ‖r‖ = 1.61e-06, stable for 3 iters
EV  23 converged λ = -5.8117686956, ‖r‖ = 2.25e-06, stable for 3 iters
EV  24 converged λ = -5.6322226498, ‖r‖ = 1.11e-06, stable for 3 iters
EV  25 converged λ = -5.4629133056, ‖r‖ = 3.72e-06, stable for 3 iters
EV  26 converged λ = -5.3029251866, ‖r‖ = 2.65e-06, stable for 3 iters
EV  27 converged λ = -5.1514867744, ‖r‖ = 8.17e-07, stable for 3 iters
EV  28 converged λ = -5.0078578015, ‖r‖ = 2.57e-06, stable for 3 iters
EV  29 converged λ = -4.8715186634, ‖r‖ = 4.34e-06, stable for 3 iters
EV  30 converged λ = -4.7418331114, ‖r‖ = 4.43e-06, stable for 3 iters
EV  31 converged λ = -4.6182891630, ‖r‖ = 3.31e-06, stable for 3 iters
EV  32 converged λ = -4.5005369269, ‖r‖ = 4.54e-06, stable for 3 iters
EV  33 converged λ = -4.3880678543, ‖r‖ = 3.29e-06, stable for 3 iters
EV  34 converged λ = -4.2806081117, ‖r‖ = 5.97e-06, stable for 3 iters
EV  35 converged λ = -4.1777651708, ‖r‖ = 4.33e-06, stable for 3 iters
EV  36 converged λ = -4.0792301879, ‖r‖ = 9.29e-06, stable for 3 iters
EV  37 converged λ = -3.9847849149, ‖r‖ = 5.40e-06, stable for 3 iters
EV  38 converged λ = -3.8941926001, ‖r‖ = 4.92e-06, stable for 3 iters
EV  39 converged λ = -3.8071025291, ‖r‖ = 3.20e-06, stable for 3 iters
EV  40 converged λ = -3.7234278593, ‖r‖ = 5.21e-06, stable for 3 iters
EV  41 converged λ = -3.6429613484, ‖r‖ = 7.93e-06, stable for 3 iters
EV  42 converged λ = -3.5654046821, ‖r‖ = 5.91e-06, stable for 3 iters
EV  43 converged λ = -3.4907140849, ‖r‖ = 9.13e-06, stable for 3 iters
EV  44 converged λ = -3.4186905962, ‖r‖ = 5.99e-06, stable for 3 iters
EV  45 converged λ = -3.3493159070, ‖r‖ = 7.68e-06, stable for 3 iters
EV  46 converged λ = -3.2822131038, ‖r‖ = 8.57e-06, stable for 3 iters
EV  47 converged λ = -3.1548858664, ‖r‖ = 9.41e-06, stable for 3 iters
EV  48 converged λ = -3.0943871083, ‖r‖ = 8.06e-06, stable for 3 iters
Iter 9: V_size = 387, Converged = 48, ‖r‖ (largest λ) = 0.049093499760699356
EV  49 converged λ = -3.0358063033, ‖r‖ = 2.08e-06, stable for 3 iters
EV  50 converged λ = -2.9791374670, ‖r‖ = 2.04e-06, stable for 3 iters
EV  51 converged λ = -2.9242861506, ‖r‖ = 2.30e-06, stable for 3 iters
EV  52 converged λ = -2.8712872738, ‖r‖ = 2.17e-06, stable for 3 iters
EV  53 converged λ = -2.8200199601, ‖r‖ = 2.28e-06, stable for 3 iters
EV  54 converged λ = -2.7700241061, ‖r‖ = 4.37e-06, stable for 3 iters
EV  55 converged λ = -2.7220804795, ‖r‖ = 3.90e-06, stable for 3 iters
EV  56 converged λ = -2.6754002741, ‖r‖ = 4.83e-06, stable for 3 iters
EV  57 converged λ = -2.6312314315, ‖r‖ = 4.10e-06, stable for 3 iters
EV  58 converged λ = -2.5884625400, ‖r‖ = 5.53e-06, stable for 3 iters
EV  59 converged λ = -2.5505449992, ‖r‖ = 5.67e-06, stable for 3 iters
EV  60 converged λ = -2.5158915707, ‖r‖ = 4.52e-06, stable for 3 iters
EV  61 converged λ = -2.4828959835, ‖r‖ = 9.69e-06, stable for 3 iters
EV  62 converged λ = -2.4467014821, ‖r‖ = 9.20e-06, stable for 3 iters
EV  63 converged λ = -2.2980775110, ‖r‖ = 1.47e-05, stable for 3 iters
Iter 10: V_size = 444, Converged = 63, ‖r‖ (largest λ) = 0.0002989012733398949
Iter 11: V_size = 501, Converged = 63, ‖r‖ (largest λ) = 0.0009260161061400755
Iter 12: V_size = 114, Converged = 63, ‖r‖ (largest λ) = 0.001932062963853907
Iter 13: V_size = 171, Converged = 63, ‖r‖ (largest λ) = 0.34466716135005643
Iter 14: V_size = 228, Converged = 63, ‖r‖ (largest λ) = 0.14107543173080778
EV  64 converged λ = -3.2175066826, ‖r‖ = 6.92e-06, stable for 3 iters
EV  65 converged λ = -2.4092967898, ‖r‖ = 2.73e-06, stable for 3 iters
EV  66 converged λ = -2.3716647405, ‖r‖ = 1.04e-05, stable for 3 iters
EV  67 converged λ = -2.3345045373, ‖r‖ = 6.87e-06, stable for 3 iters
EV  68 converged λ = -2.2626869766, ‖r‖ = 3.18e-06, stable for 3 iters
EV  69 converged λ = -2.2280310196, ‖r‖ = 3.59e-06, stable for 3 iters
EV  70 converged λ = -2.1940858654, ‖r‖ = 1.15e-06, stable for 3 iters
EV  71 converged λ = -2.1607655176, ‖r‖ = 4.67e-06, stable for 3 iters
EV  72 converged λ = -2.1284746872, ‖r‖ = 3.33e-06, stable for 3 iters
EV  73 converged λ = -2.0969115213, ‖r‖ = 3.60e-06, stable for 3 iters
EV  74 converged λ = -2.0661590154, ‖r‖ = 2.58e-06, stable for 3 iters
EV  75 converged λ = -2.0359086882, ‖r‖ = 9.17e-07, stable for 3 iters
EV  76 converged λ = -2.0064383299, ‖r‖ = 1.19e-06, stable for 3 iters
EV  77 converged λ = -1.9776752539, ‖r‖ = 2.47e-06, stable for 3 iters
EV  78 converged λ = -1.9496223328, ‖r‖ = 2.67e-06, stable for 3 iters
EV  79 converged λ = -1.9221270624, ‖r‖ = 1.29e-06, stable for 3 iters
EV  80 converged λ = -1.8951707164, ‖r‖ = 2.43e-06, stable for 3 iters
EV  81 converged λ = -1.8689734084, ‖r‖ = 1.35e-06, stable for 3 iters
EV  82 converged λ = -1.8432228734, ‖r‖ = 9.93e-07, stable for 3 iters
EV  83 converged λ = -1.8180330385, ‖r‖ = 2.25e-06, stable for 3 iters
EV  84 converged λ = -1.7935055536, ‖r‖ = 1.40e-06, stable for 3 iters
EV  85 converged λ = -1.7693361481, ‖r‖ = 1.44e-06, stable for 3 iters
EV  86 converged λ = -1.7458114602, ‖r‖ = 4.07e-07, stable for 3 iters
EV  87 converged λ = -1.7227440216, ‖r‖ = 1.19e-06, stable for 3 iters
EV  88 converged λ = -1.7001153541, ‖r‖ = 1.78e-06, stable for 3 iters
EV  89 converged λ = -1.6779544608, ‖r‖ = 9.89e-07, stable for 3 iters
EV  90 converged λ = -1.6562661718, ‖r‖ = 6.68e-07, stable for 3 iters
EV  91 converged λ = -1.6350324996, ‖r‖ = 1.37e-06, stable for 3 iters
EV  92 converged λ = -1.6141582328, ‖r‖ = 1.64e-06, stable for 3 iters
EV  93 converged λ = -1.5937951278, ‖r‖ = 1.31e-06, stable for 3 iters
EV  94 converged λ = -1.5737725504, ‖r‖ = 1.54e-06, stable for 3 iters
EV  95 converged λ = -1.5541490950, ‖r‖ = 1.03e-06, stable for 3 iters
EV  96 converged λ = -1.5348905389, ‖r‖ = 7.53e-07, stable for 3 iters
EV  97 converged λ = -1.5160154607, ‖r‖ = 1.04e-06, stable for 3 iters
EV  98 converged λ = -1.4975394877, ‖r‖ = 1.39e-06, stable for 3 iters
EV  99 converged λ = -1.4793057449, ‖r‖ = 1.26e-06, stable for 3 iters
EV 100 converged λ = -1.4615113063, ‖r‖ = 1.29e-06, stable for 3 iters
EV 101 converged λ = -1.4439954968, ‖r‖ = 2.17e-06, stable for 3 iters
Converged all required eigenvalues.
 63.679020 seconds (4.93 M allocations: 121.553 GiB, 5.74% gc time, 1.05% compilation time)
Number of FLOPs: 1028376728020

Reading exact Eigenvalues...
Reading eigenvalues from ../../test/Eigenvalues_folder/eigenresults_matrix_1.jld2
