Processing molecule: 3
Running with beta = 25
Running with l = 100
Starting Davidson with n_aux = 400, l_buffer = 120, lc = 101, thresh = 0.0015, max_iter = 100
Iter 1: V_size = 32, Converged = 0, ‖r‖ (largest λ) = 0.4047949021452744
Iter 2: V_size = 64, Converged = 0, ‖r‖ (largest λ) = 0.4118721257164422
Iter 3: V_size = 128, Converged = 0, ‖r‖ (largest λ) = 0.2501549738708366
Iter 4: V_size = 248, Converged = 0, ‖r‖ (largest λ) = 0.16510501768297087
Iter 5: V_size = 368, Converged = 0, ‖r‖ (largest λ) = 0.26921599594842505
EV   1 converged λ = -25.1500986946, ‖r‖ = 1.29e-06, stable for 3 iters
EV   2 converged λ = -23.9297472183, ‖r‖ = 3.39e-07, stable for 3 iters
EV   3 converged λ = -19.6511482250, ‖r‖ = 1.75e-07, stable for 3 iters
EV   4 converged λ = -17.0931223622, ‖r‖ = 2.16e-07, stable for 3 iters
EV   5 converged λ = -15.2939904707, ‖r‖ = 2.96e-07, stable for 3 iters
EV   6 converged λ = -13.9218450671, ‖r‖ = 3.98e-07, stable for 3 iters
EV   7 converged λ = -12.8230644501, ‖r‖ = 5.85e-07, stable for 3 iters
EV   8 converged λ = -11.9137127750, ‖r‖ = 6.77e-07, stable for 3 iters
EV   9 converged λ = -11.1430492862, ‖r‖ = 9.26e-07, stable for 3 iters
EV  10 converged λ = -10.4782683088, ‖r‖ = 1.30e-06, stable for 3 iters
EV  11 converged λ = -9.8963922993, ‖r‖ = 1.90e-06, stable for 3 iters
EV  12 converged λ = -9.3814605100, ‖r‖ = 2.60e-06, stable for 3 iters
EV  13 converged λ = -8.9210978380, ‖r‖ = 3.17e-06, stable for 3 iters
EV  14 converged λ = -8.5066816411, ‖r‖ = 5.66e-06, stable for 3 iters
EV  15 converged λ = -8.1306528439, ‖r‖ = 6.54e-06, stable for 3 iters
EV  16 converged λ = -7.7877201952, ‖r‖ = 7.71e-06, stable for 3 iters
Iter 6: V_size = 208, Converged = 16, ‖r‖ (largest λ) = 0.4593348670784991
Iter 7: V_size = 312, Converged = 16, ‖r‖ (largest λ) = 0.3905469872609022
Iter 8: V_size = 208, Converged = 16, ‖r‖ (largest λ) = 0.20804815686268746
EV  17 converged λ = -7.4730280582, ‖r‖ = 7.55e-09, stable for 3 iters
EV  18 converged λ = -7.1835979740, ‖r‖ = 8.44e-07, stable for 3 iters
EV  19 converged λ = -6.9155895454, ‖r‖ = 1.66e-06, stable for 3 iters
EV  20 converged λ = -6.6667779038, ‖r‖ = 2.53e-06, stable for 3 iters
EV  21 converged λ = -6.4350020095, ‖r‖ = 3.33e-06, stable for 3 iters
EV  22 converged λ = -6.2192177624, ‖r‖ = 3.12e-06, stable for 3 iters
EV  23 converged λ = -6.0162911503, ‖r‖ = 4.98e-06, stable for 3 iters
EV  24 converged λ = -5.8263539038, ‖r‖ = 5.23e-06, stable for 3 iters
EV  25 converged λ = -5.4788280888, ‖r‖ = 1.63e-05, stable for 3 iters
EV  26 converged λ = -5.3194075693, ‖r‖ = 1.63e-05, stable for 3 iters
Iter 9: V_size = 302, Converged = 26, ‖r‖ (largest λ) = 0.10931827029184292
EV  27 converged λ = -5.1680289520, ‖r‖ = 2.91e-06, stable for 3 iters
EV  28 converged λ = -5.0250361447, ‖r‖ = 3.52e-06, stable for 3 iters
EV  29 converged λ = -4.8893487957, ‖r‖ = 3.88e-06, stable for 3 iters
EV  30 converged λ = -4.7603409818, ‖r‖ = 7.71e-06, stable for 3 iters
EV  31 converged λ = -4.6378208526, ‖r‖ = 7.46e-06, stable for 3 iters
EV  32 converged λ = -4.5197949590, ‖r‖ = 7.88e-06, stable for 3 iters
EV  33 converged λ = -4.4086924058, ‖r‖ = 4.05e-06, stable for 3 iters
EV  34 converged λ = -4.3018301133, ‖r‖ = 1.49e-05, stable for 3 iters
EV  35 converged λ = -4.1991907280, ‖r‖ = 1.19e-05, stable for 3 iters
EV  36 converged λ = -4.1014178289, ‖r‖ = 2.53e-05, stable for 3 iters
EV  37 converged λ = -4.0072058279, ‖r‖ = 1.43e-05, stable for 3 iters
EV  38 converged λ = -3.9177836370, ‖r‖ = 3.31e-05, stable for 3 iters
Iter 10: V_size = 384, Converged = 38, ‖r‖ (largest λ) = 0.07211944643953684
Iter 11: V_size = 164, Converged = 38, ‖r‖ (largest λ) = 0.023051597121624228
Iter 12: V_size = 246, Converged = 38, ‖r‖ (largest λ) = 0.5694024138362508
Iter 13: V_size = 328, Converged = 38, ‖r‖ (largest λ) = 0.3238821320262077
EV  39 converged λ = -5.6470979465, ‖r‖ = 2.32e-08, stable for 3 iters
EV  40 converged λ = -3.8310337070, ‖r‖ = 6.52e-08, stable for 3 iters
EV  41 converged λ = -3.7479267978, ‖r‖ = 1.20e-07, stable for 3 iters
EV  42 converged λ = -3.6685024089, ‖r‖ = 1.53e-07, stable for 3 iters
EV  43 converged λ = -3.5911503430, ‖r‖ = 1.11e-07, stable for 3 iters
EV  44 converged λ = -3.5168509599, ‖r‖ = 1.56e-07, stable for 3 iters
EV  45 converged λ = -3.4458843712, ‖r‖ = 2.54e-07, stable for 3 iters
EV  46 converged λ = -3.3760144783, ‖r‖ = 4.48e-07, stable for 3 iters
EV  47 converged λ = -3.3099872332, ‖r‖ = 1.10e-07, stable for 3 iters
EV  48 converged λ = -3.2470312458, ‖r‖ = 2.40e-07, stable for 3 iters
EV  49 converged λ = -3.1843155725, ‖r‖ = 3.05e-07, stable for 3 iters
EV  50 converged λ = -3.1232423849, ‖r‖ = 3.01e-07, stable for 3 iters
EV  51 converged λ = -3.0656362409, ‖r‖ = 1.28e-07, stable for 3 iters
EV  52 converged λ = -3.0103538400, ‖r‖ = 4.17e-07, stable for 3 iters
EV  53 converged λ = -2.9556052937, ‖r‖ = 3.57e-07, stable for 3 iters
EV  54 converged λ = -2.9034141540, ‖r‖ = 4.39e-07, stable for 3 iters
EV  55 converged λ = -2.8507910739, ‖r‖ = 3.45e-07, stable for 3 iters
EV  56 converged λ = -2.8031433634, ‖r‖ = 5.84e-07, stable for 3 iters
EV  57 converged λ = -2.7537505843, ‖r‖ = 6.05e-07, stable for 3 iters
EV  58 converged λ = -2.7078042757, ‖r‖ = 1.10e-06, stable for 3 iters
EV  59 converged λ = -2.6628725813, ‖r‖ = 9.53e-07, stable for 3 iters
EV  60 converged λ = -2.6187140880, ‖r‖ = 1.80e-06, stable for 3 iters
EV  61 converged λ = -2.5771967178, ‖r‖ = 9.09e-07, stable for 3 iters
EV  62 converged λ = -2.5337784011, ‖r‖ = 1.85e-06, stable for 3 iters
EV  63 converged λ = -2.4940294331, ‖r‖ = 3.36e-06, stable for 3 iters
EV  64 converged λ = -2.4552852947, ‖r‖ = 2.03e-06, stable for 3 iters
EV  65 converged λ = -2.4181397528, ‖r‖ = 3.95e-06, stable for 3 iters
EV  66 converged λ = -2.3798069380, ‖r‖ = 4.60e-06, stable for 3 iters
EV  67 converged λ = -2.3441119001, ‖r‖ = 7.70e-06, stable for 3 iters
EV  68 converged λ = -2.3081666651, ‖r‖ = 8.01e-06, stable for 3 iters
EV  69 converged λ = -2.2734776474, ‖r‖ = 8.51e-06, stable for 3 iters
EV  70 converged λ = -2.2395749876, ‖r‖ = 9.56e-06, stable for 3 iters
EV  71 converged λ = -2.2077078080, ‖r‖ = 7.72e-06, stable for 3 iters
EV  72 converged λ = -2.1768328949, ‖r‖ = 9.21e-06, stable for 3 iters
EV  73 converged λ = -2.1449602419, ‖r‖ = 1.76e-05, stable for 3 iters
EV  74 converged λ = -2.1152930120, ‖r‖ = 2.60e-05, stable for 3 iters
EV  75 converged λ = -2.0862437065, ‖r‖ = 2.08e-05, stable for 3 iters
EV  76 converged λ = -2.0559109738, ‖r‖ = 2.33e-05, stable for 3 iters
EV  77 converged λ = -2.0291563618, ‖r‖ = 2.93e-05, stable for 3 iters
EV  78 converged λ = -2.0012133496, ‖r‖ = 5.59e-05, stable for 3 iters
EV  79 converged λ = -1.9744785436, ‖r‖ = 2.74e-05, stable for 3 iters
EV  80 converged λ = -1.9475293265, ‖r‖ = 8.69e-05, stable for 3 iters
EV  81 converged λ = -1.9210787488, ‖r‖ = 5.73e-05, stable for 3 iters
EV  82 converged λ = -1.8984143400, ‖r‖ = 7.95e-05, stable for 3 iters
EV  83 converged λ = -1.8740190603, ‖r‖ = 7.85e-05, stable for 3 iters
EV  84 converged λ = -1.8484910650, ‖r‖ = 1.10e-04, stable for 3 iters
EV  85 converged λ = -1.8268706986, ‖r‖ = 9.09e-05, stable for 3 iters
Iter 14: V_size = 363, Converged = 85, ‖r‖ (largest λ) = 0.22305787057043477
Iter 15: V_size = 398, Converged = 85, ‖r‖ (largest λ) = 1.1431026230329413
Iter 16: V_size = 70, Converged = 85, ‖r‖ (largest λ) = 0.16158365908353073
Iter 17: V_size = 105, Converged = 85, ‖r‖ (largest λ) = 0.07583695646176483
EV  86 converged λ = -1.8026393304, ‖r‖ = 1.02e-05, stable for 3 iters
EV  87 converged λ = -1.7813089604, ‖r‖ = 6.52e-06, stable for 3 iters
EV  88 converged λ = -1.7585400882, ‖r‖ = 5.39e-06, stable for 3 iters
EV  89 converged λ = -1.7390527930, ‖r‖ = 1.37e-05, stable for 3 iters
EV  90 converged λ = -1.7185584196, ‖r‖ = 1.06e-05, stable for 3 iters
EV  91 converged λ = -1.6953187272, ‖r‖ = 3.24e-05, stable for 3 iters
EV  92 converged λ = -1.6740398723, ‖r‖ = 2.69e-05, stable for 3 iters
EV  93 converged λ = -1.6541346986, ‖r‖ = 3.13e-05, stable for 3 iters
EV  94 converged λ = -1.6394498827, ‖r‖ = 2.64e-05, stable for 3 iters
EV  95 converged λ = -1.6163734054, ‖r‖ = 4.05e-05, stable for 3 iters
EV  96 converged λ = -1.6020823140, ‖r‖ = 4.82e-05, stable for 3 iters
EV  97 converged λ = -1.5809563974, ‖r‖ = 1.17e-04, stable for 3 iters
EV  98 converged λ = -1.5649499810, ‖r‖ = 8.73e-05, stable for 3 iters
EV  99 converged λ = -1.5482758392, ‖r‖ = 1.71e-04, stable for 3 iters
EV 100 converged λ = -1.5297824858, ‖r‖ = 2.50e-04, stable for 3 iters
EV 101 converged λ = -1.5125880268, ‖r‖ = 2.33e-04, stable for 3 iters
Converged all required eigenvalues.
 89.851976 seconds (5.39 M allocations: 133.011 GiB, 6.70% gc time, 1.61% compilation time)
Number of FLOPs: 1130689350880

Reading exact Eigenvalues...
Reading eigenvalues from ../../test/Eigenvalues_folder/eigenresults_matrix_3.jld2

Compute the difference between computed and exact eigenvalues:
  1: 5.0149874072 (computed) - 0.7962868020 (exact) =  4.2187e+00
  2: 4.8918040863 (computed) - 0.7955508969 (exact) =  4.0963e+00
  3: 4.4329615637 (computed) - 0.7950297390 (exact) =  3.6379e+00
  4: 4.1343829482 (computed) - 0.7944172061 (exact) =  3.3400e+00
  5: 3.9107531846 (computed) - 0.7940306599 (exact) =  3.1167e+00
  6: 3.7311988780 (computed) - 0.7935160519 (exact) =  2.9377e+00
  7: 3.5809306682 (computed) - 0.7930009245 (exact) =  2.7879e+00
  8: 3.4516246573 (computed) - 0.7923424412 (exact) =  2.6593e+00
  9: 3.3381206219 (computed) - 0.7922175717 (exact) =  2.5459e+00
 10: 3.2370153396 (computed) - 0.7917522622 (exact) =  2.4453e+00
 11: 3.1458531910 (computed) - 0.7916408483 (exact) =  2.3542e+00
 12: 3.0629169937 (computed) - 0.7909728832 (exact) =  2.2719e+00
 13: 2.9868206906 (computed) - 0.7906562148 (exact) =  2.1962e+00
 14: 2.9166216143 (computed) - 0.7903052547 (exact) =  2.1263e+00
 15: 2.8514299647 (computed) - 0.7900080921 (exact) =  2.0614e+00
 16: 2.7906487051 (computed) - 0.7895321787 (exact) =  2.0011e+00
 17: 2.7336839719 (computed) - 0.7890404547 (exact) =  1.9446e+00
 18: 2.6802234933 (computed) - 0.7889956029 (exact) =  1.8912e+00
 19: 2.6297508524 (computed) - 0.7885013212 (exact) =  1.8412e+00
 20: 2.5820104384 (computed) - 0.7880715827 (exact) =  1.7939e+00
 21: 2.5367305749 (computed) - 0.7877454591 (exact) =  1.7490e+00
 22: 2.4938359534 (computed) - 0.7876846559 (exact) =  1.7062e+00
 23: 2.4528129057 (computed) - 0.7872281494 (exact) =  1.6656e+00
 24: 2.4137841461 (computed) - 0.7871192847 (exact) =  1.6267e+00
 25: 2.3763623348 (computed) - 0.7869853275 (exact) =  1.5894e+00
 26: 2.3406896609 (computed) - 0.7866487912 (exact) =  1.5540e+00
 27: 2.3063840897 (computed) - 0.7861426803 (exact) =  1.5202e+00
 28: 2.2733299259 (computed) - 0.7859142301 (exact) =  1.4874e+00
 29: 2.2416592392 (computed) - 0.7856539996 (exact) =  1.4560e+00
 30: 2.2111871915 (computed) - 0.7853236915 (exact) =  1.4259e+00
 31: 2.1818205659 (computed) - 0.7851386489 (exact) =  1.3967e+00
 32: 2.1535600416 (computed) - 0.7846547769 (exact) =  1.3689e+00
 33: 2.1259809404 (computed) - 0.7841200372 (exact) =  1.3419e+00
 34: 2.0996886450 (computed) - 0.7840626962 (exact) =  1.3156e+00
 35: 2.0740853679 (computed) - 0.7837956002 (exact) =  1.2903e+00
 36: 2.0491927015 (computed) - 0.7835816211 (exact) =  1.2656e+00
 37: 2.0251957508 (computed) - 0.7833511635 (exact) =  1.2418e+00
 38: 2.0018006464 (computed) - 0.7830605446 (exact) =  1.2187e+00
 39: 1.9793391920 (computed) - 0.7826534580 (exact) =  1.1967e+00
 40: 1.9573026611 (computed) - 0.7825641171 (exact) =  1.1747e+00
 41: 1.9359563006 (computed) - 0.7824867695 (exact) =  1.1535e+00
 42: 1.9153334981 (computed) - 0.7821283707 (exact) =  1.1332e+00
 43: 1.8950330717 (computed) - 0.7819811388 (exact) =  1.1131e+00
 44: 1.8753268941 (computed) - 0.7818220891 (exact) =  1.0935e+00
 45: 1.8563093415 (computed) - 0.7815216804 (exact) =  1.0748e+00
 46: 1.8373933924 (computed) - 0.7813129785 (exact) =  1.0561e+00
 47: 1.8193370312 (computed) - 0.7812481361 (exact) =  1.0381e+00
 48: 1.8019520653 (computed) - 0.7806745415 (exact) =  1.0213e+00
 49: 1.7844650662 (computed) - 0.7805414010 (exact) =  1.0039e+00
 50: 1.7672697544 (computed) - 0.7804003134 (exact) =  9.8687e-01
 51: 1.7508958395 (computed) - 0.7802755276 (exact) =  9.7062e-01
 52: 1.7350371293 (computed) - 0.7801096043 (exact) =  9.5493e-01
 53: 1.7191873934 (computed) - 0.7799479366 (exact) =  9.3924e-01
 54: 1.7039407719 (computed) - 0.7795979958 (exact) =  9.2434e-01
 55: 1.6884285812 (computed) - 0.7792999686 (exact) =  9.0913e-01
 56: 1.6742590491 (computed) - 0.7790631571 (exact) =  8.9520e-01
 57: 1.6594428536 (computed) - 0.7788197054 (exact) =  8.8062e-01
 58: 1.6455407244 (computed) - 0.7787275237 (exact) =  8.6681e-01
 59: 1.6318310517 (computed) - 0.7784354422 (exact) =  8.5340e-01
 60: 1.6182441373 (computed) - 0.7781146991 (exact) =  8.4013e-01
 61: 1.6053649796 (computed) - 0.7776870978 (exact) =  8.2768e-01
 62: 1.5917846591 (computed) - 0.7775689132 (exact) =  8.1422e-01
 63: 1.5792496424 (computed) - 0.7775000539 (exact) =  8.0175e-01
 64: 1.5669350001 (computed) - 0.7772350614 (exact) =  7.8970e-01
 65: 1.5550368976 (computed) - 0.7771599524 (exact) =  7.7788e-01
 66: 1.5426622890 (computed) - 0.7766771345 (exact) =  7.6599e-01
 67: 1.5310492808 (computed) - 0.7764998508 (exact) =  7.5455e-01
 68: 1.5192651727 (computed) - 0.7763530379 (exact) =  7.4291e-01
 69: 1.5078055735 (computed) - 0.7759332884 (exact) =  7.3187e-01
 70: 1.4965209613 (computed) - 0.7756129406 (exact) =  7.2091e-01
 71: 1.4858357271 (computed) - 0.7753227665 (exact) =  7.1051e-01
 72: 1.4754093991 (computed) - 0.7752224520 (exact) =  7.0019e-01
 73: 1.4645682783 (computed) - 0.7751451004 (exact) =  6.8942e-01
 74: 1.4544046933 (computed) - 0.7749475871 (exact) =  6.7946e-01
 75: 1.4443835040 (computed) - 0.7746680825 (exact) =  6.6972e-01
 76: 1.4338448221 (computed) - 0.7746035647 (exact) =  6.5924e-01
 77: 1.4244845952 (computed) - 0.7741726946 (exact) =  6.5031e-01
 78: 1.4146424812 (computed) - 0.7741608218 (exact) =  6.4048e-01
 79: 1.4051613941 (computed) - 0.7739095981 (exact) =  6.3125e-01
 80: 1.3955390810 (computed) - 0.7737852559 (exact) =  6.2175e-01
 81: 1.3860298513 (computed) - 0.7736773003 (exact) =  6.1235e-01
 82: 1.3778295758 (computed) - 0.7734556574 (exact) =  6.0437e-01
 83: 1.3689481584 (computed) - 0.7732498634 (exact) =  5.9570e-01
 84: 1.3595922422 (computed) - 0.7732431280 (exact) =  5.8635e-01
 85: 1.3516178079 (computed) - 0.7731000404 (exact) =  5.7852e-01
 86: 1.3426240466 (computed) - 0.7728053299 (exact) =  5.6982e-01
 87: 1.3346568699 (computed) - 0.7726362148 (exact) =  5.6202e-01
 88: 1.3260995770 (computed) - 0.7725412037 (exact) =  5.5356e-01
 89: 1.3187315091 (computed) - 0.7722112982 (exact) =  5.4652e-01
 90: 1.3109379923 (computed) - 0.7721088755 (exact) =  5.3883e-01
 91: 1.3020440573 (computed) - 0.7718433900 (exact) =  5.3020e-01
 92: 1.2938469277 (computed) - 0.7717332281 (exact) =  5.2211e-01
 93: 1.2861316801 (computed) - 0.7714044365 (exact) =  5.1473e-01
 94: 1.2804100447 (computed) - 0.7713086268 (exact) =  5.0910e-01
 95: 1.2713667470 (computed) - 0.7711345171 (exact) =  5.0023e-01
 96: 1.2657339033 (computed) - 0.7707780494 (exact) =  4.9496e-01
 97: 1.2573608859 (computed) - 0.7706763031 (exact) =  4.8668e-01
 98: 1.2509796085 (computed) - 0.7703924577 (exact) =  4.8059e-01
 99: 1.2442973275 (computed) - 0.7702713416 (exact) =  4.7403e-01
100: 1.2368437597 (computed) - 0.7702381625 (exact) =  4.6661e-01
100 Eigenvalues converges, out of 100 requested.
Running with l = 500
Starting Davidson with n_aux = 1250, l_buffer = 600, lc = 505, thresh = 0.002, max_iter = 100
Iter 1: V_size = 100, Converged = 0, ‖r‖ (largest λ) = 0.37749731051648644
Iter 2: V_size = 200, Converged = 0, ‖r‖ (largest λ) = 0.35480594419890943
Iter 3: V_size = 400, Converged = 0, ‖r‖ (largest λ) = 0.23091896937995143
Iter 4: V_size = 800, Converged = 0, ‖r‖ (largest λ) = 0.1563235244041401
EV   1 converged λ = -19.6511482250, ‖r‖ = 1.25e-06, stable for 3 iters
EV   2 converged λ = -17.0931223622, ‖r‖ = 1.29e-06, stable for 3 iters
EV   3 converged λ = -15.2939904707, ‖r‖ = 1.52e-06, stable for 3 iters
EV   4 converged λ = -13.9218450671, ‖r‖ = 1.78e-06, stable for 3 iters
EV   5 converged λ = -12.8230644501, ‖r‖ = 2.08e-06, stable for 3 iters
EV   6 converged λ = -11.9137127750, ‖r‖ = 2.52e-06, stable for 3 iters
EV   7 converged λ = -11.1430492862, ‖r‖ = 2.86e-06, stable for 3 iters
EV   8 converged λ = -10.4782683088, ‖r‖ = 3.26e-06, stable for 3 iters
EV   9 converged λ = -9.8963922993, ‖r‖ = 3.82e-06, stable for 3 iters
Iter 5: V_size = 1182, Converged = 9, ‖r‖ (largest λ) = 0.27176931259480497
EV  10 converged λ = -25.1500986946, ‖r‖ = 1.69e-07, stable for 3 iters
EV  11 converged λ = -23.9297472183, ‖r‖ = 4.39e-08, stable for 3 iters
Iter 6: V_size = 1178, Converged = 11, ‖r‖ (largest λ) = 0.2410269818722151
Iter 7: V_size = 1178, Converged = 11, ‖r‖ (largest λ) = 0.14706427451870474
Iter 8: V_size = 1178, Converged = 11, ‖r‖ (largest λ) = 0.132484900467113
EV  12 converged λ = -9.3814605100, ‖r‖ = 2.04e-11, stable for 3 iters
EV  13 converged λ = -8.9210978380, ‖r‖ = 2.81e-11, stable for 3 iters
EV  14 converged λ = -8.5066816411, ‖r‖ = 3.85e-11, stable for 3 iters
EV  15 converged λ = -8.1306528439, ‖r‖ = 5.38e-11, stable for 3 iters
EV  16 converged λ = -7.7877201952, ‖r‖ = 7.15e-11, stable for 3 iters
EV  17 converged λ = -7.4730280582, ‖r‖ = 9.62e-11, stable for 3 iters
EV  18 converged λ = -7.1835979740, ‖r‖ = 1.23e-10, stable for 3 iters
EV  19 converged λ = -6.9155895454, ‖r‖ = 1.59e-10, stable for 3 iters
EV  20 converged λ = -6.6667779038, ‖r‖ = 2.11e-10, stable for 3 iters
EV  21 converged λ = -6.4350020095, ‖r‖ = 2.55e-10, stable for 3 iters
EV  22 converged λ = -6.2192177624, ‖r‖ = 3.59e-10, stable for 3 iters
EV  23 converged λ = -6.0162911503, ‖r‖ = 4.21e-10, stable for 3 iters
EV  24 converged λ = -5.8263539038, ‖r‖ = 5.69e-10, stable for 3 iters
EV  25 converged λ = -5.6470979465, ‖r‖ = 7.04e-10, stable for 3 iters
EV  26 converged λ = -5.4788280888, ‖r‖ = 8.97e-10, stable for 3 iters
EV  27 converged λ = -5.3194075693, ‖r‖ = 1.17e-09, stable for 3 iters
EV  28 converged λ = -5.1680289520, ‖r‖ = 1.32e-09, stable for 3 iters
EV  29 converged λ = -5.0250361447, ‖r‖ = 1.63e-09, stable for 3 iters
EV  30 converged λ = -4.8893487957, ‖r‖ = 2.16e-09, stable for 3 iters
EV  31 converged λ = -4.7603409819, ‖r‖ = 2.68e-09, stable for 3 iters
EV  32 converged λ = -4.6378208526, ‖r‖ = 3.40e-09, stable for 3 iters
EV  33 converged λ = -4.5197949590, ‖r‖ = 3.91e-09, stable for 3 iters
EV  34 converged λ = -4.4086924058, ‖r‖ = 5.30e-09, stable for 3 iters
EV  35 converged λ = -4.3018301134, ‖r‖ = 6.39e-09, stable for 3 iters
EV  36 converged λ = -4.1991907280, ‖r‖ = 7.34e-09, stable for 3 iters
EV  37 converged λ = -4.1014178290, ‖r‖ = 8.85e-09, stable for 3 iters
EV  38 converged λ = -4.0072058280, ‖r‖ = 1.12e-08, stable for 3 iters
EV  39 converged λ = -3.9177836373, ‖r‖ = 1.45e-08, stable for 3 iters
EV  40 converged λ = -3.8310337070, ‖r‖ = 1.84e-08, stable for 3 iters
EV  41 converged λ = -3.7479267978, ‖r‖ = 2.45e-08, stable for 3 iters
EV  42 converged λ = -3.6685024089, ‖r‖ = 2.81e-08, stable for 3 iters
EV  43 converged λ = -3.5911503430, ‖r‖ = 2.92e-08, stable for 3 iters
EV  44 converged λ = -3.5168509599, ‖r‖ = 3.97e-08, stable for 3 iters
EV  45 converged λ = -3.4458843712, ‖r‖ = 4.83e-08, stable for 3 iters
EV  46 converged λ = -3.3760144783, ‖r‖ = 6.74e-08, stable for 3 iters
EV  47 converged λ = -3.3099872332, ‖r‖ = 8.24e-08, stable for 3 iters
EV  48 converged λ = -3.2470312458, ‖r‖ = 1.14e-07, stable for 3 iters
EV  49 converged λ = -3.1843155725, ‖r‖ = 1.61e-07, stable for 3 iters
EV  50 converged λ = -3.1232423849, ‖r‖ = 3.20e-07, stable for 3 iters
EV  51 converged λ = -3.0656362409, ‖r‖ = 5.00e-07, stable for 3 iters
EV  52 converged λ = -3.0103538400, ‖r‖ = 8.73e-06, stable for 3 iters
EV  53 converged λ = -2.9556052937, ‖r‖ = 1.05e-05, stable for 3 iters
EV  54 converged λ = -2.9034141540, ‖r‖ = 1.24e-05, stable for 3 iters
EV  55 converged λ = -2.8507910739, ‖r‖ = 1.32e-05, stable for 3 iters
EV  56 converged λ = -2.8031433632, ‖r‖ = 2.39e-05, stable for 3 iters
EV  57 converged λ = -2.7537505841, ‖r‖ = 2.31e-05, stable for 3 iters
EV  58 converged λ = -2.7078042756, ‖r‖ = 1.87e-05, stable for 3 iters
EV  59 converged λ = -2.6628725811, ‖r‖ = 2.56e-05, stable for 3 iters
EV  60 converged λ = -2.6187140876, ‖r‖ = 3.47e-05, stable for 3 iters
EV  61 converged λ = -2.5771967174, ‖r‖ = 2.85e-05, stable for 3 iters
EV  62 converged λ = -2.5337784007, ‖r‖ = 3.02e-05, stable for 3 iters
EV  63 converged λ = -2.4940294325, ‖r‖ = 3.78e-05, stable for 3 iters
EV  64 converged λ = -2.4552852942, ‖r‖ = 3.28e-05, stable for 3 iters
EV  65 converged λ = -2.4181397519, ‖r‖ = 4.59e-05, stable for 3 iters
EV  66 converged λ = -2.3798069365, ‖r‖ = 5.98e-05, stable for 3 iters
Iter 9: V_size = 1068, Converged = 66, ‖r‖ (largest λ) = 0.10927046864321159
Iter 10: V_size = 1068, Converged = 66, ‖r‖ (largest λ) = 0.09851366413546088
Iter 11: V_size = 1068, Converged = 66, ‖r‖ (largest λ) = 0.0852982204224448
EV  67 converged λ = -2.3441119002, ‖r‖ = 6.84e-07, stable for 3 iters
EV  68 converged λ = -2.3081666651, ‖r‖ = 9.45e-07, stable for 3 iters
EV  69 converged λ = -2.2734776475, ‖r‖ = 1.04e-06, stable for 3 iters
EV  70 converged λ = -2.2395749876, ‖r‖ = 9.51e-07, stable for 3 iters
EV  71 converged λ = -2.2077078080, ‖r‖ = 1.12e-06, stable for 3 iters
EV  72 converged λ = -2.1768328949, ‖r‖ = 1.17e-06, stable for 3 iters
EV  73 converged λ = -2.1449602421, ‖r‖ = 1.69e-06, stable for 3 iters
EV  74 converged λ = -2.1152930124, ‖r‖ = 1.78e-06, stable for 3 iters
EV  75 converged λ = -2.0862437068, ‖r‖ = 1.30e-06, stable for 3 iters
EV  76 converged λ = -2.0559109741, ‖r‖ = 2.66e-06, stable for 3 iters
EV  77 converged λ = -2.0291563624, ‖r‖ = 2.99e-06, stable for 3 iters
EV  78 converged λ = -2.0012133516, ‖r‖ = 3.01e-06, stable for 3 iters
EV  79 converged λ = -1.9744785441, ‖r‖ = 3.12e-06, stable for 3 iters
EV  80 converged λ = -1.9475293320, ‖r‖ = 4.37e-06, stable for 3 iters
EV  81 converged λ = -1.9210787512, ‖r‖ = 3.69e-06, stable for 3 iters
EV  82 converged λ = -1.8984143443, ‖r‖ = 4.09e-06, stable for 3 iters
EV  83 converged λ = -1.8740190649, ‖r‖ = 6.94e-06, stable for 3 iters
EV  84 converged λ = -1.8484910743, ‖r‖ = 7.14e-06, stable for 3 iters
EV  85 converged λ = -1.8268707046, ‖r‖ = 8.00e-06, stable for 3 iters
EV  86 converged λ = -1.8026393304, ‖r‖ = 1.14e-05, stable for 3 iters
EV  87 converged λ = -1.7813089604, ‖r‖ = 9.59e-06, stable for 3 iters
EV  88 converged λ = -1.7585400881, ‖r‖ = 1.48e-05, stable for 3 iters
EV  89 converged λ = -1.7390527930, ‖r‖ = 1.32e-05, stable for 3 iters
EV  90 converged λ = -1.7185584195, ‖r‖ = 1.89e-05, stable for 3 iters
EV  91 converged λ = -1.6953187279, ‖r‖ = 1.82e-05, stable for 3 iters
EV  92 converged λ = -1.6740398726, ‖r‖ = 2.39e-05, stable for 3 iters
EV  93 converged λ = -1.6541346993, ‖r‖ = 1.71e-05, stable for 3 iters
EV  94 converged λ = -1.6394498832, ‖r‖ = 2.08e-05, stable for 3 iters
EV  95 converged λ = -1.6163734070, ‖r‖ = 1.89e-05, stable for 3 iters
EV  96 converged λ = -1.6020823161, ‖r‖ = 2.64e-05, stable for 3 iters
EV  97 converged λ = -1.5809564098, ‖r‖ = 3.21e-05, stable for 3 iters
EV  98 converged λ = -1.5649499882, ‖r‖ = 3.84e-05, stable for 3 iters
EV  99 converged λ = -1.5482758692, ‖r‖ = 4.03e-05, stable for 3 iters
EV 100 converged λ = -1.5297825552, ‖r‖ = 4.73e-05, stable for 3 iters
EV 101 converged λ = -1.5125880971, ‖r‖ = 5.23e-05, stable for 3 iters
EV 102 converged λ = -1.4971704603, ‖r‖ = 6.06e-05, stable for 3 iters
EV 103 converged λ = -1.4807935889, ‖r‖ = 6.08e-05, stable for 3 iters
EV 104 converged λ = -1.4643431817, ‖r‖ = 7.68e-05, stable for 3 iters
EV 105 converged λ = -1.4539664013, ‖r‖ = 6.99e-05, stable for 3 iters
EV 106 converged λ = -1.4327300180, ‖r‖ = 8.70e-05, stable for 3 iters
EV 107 converged λ = -1.4217044132, ‖r‖ = 9.47e-05, stable for 3 iters
EV 108 converged λ = -1.4052129243, ‖r‖ = 9.33e-05, stable for 3 iters
EV 109 converged λ = -1.3925985132, ‖r‖ = 1.07e-04, stable for 3 iters
EV 110 converged λ = -1.3769266151, ‖r‖ = 9.39e-05, stable for 3 iters
EV 111 converged λ = -1.3623950284, ‖r‖ = 1.17e-04, stable for 3 iters
EV 112 converged λ = -1.3512686938, ‖r‖ = 1.32e-04, stable for 3 iters
EV 113 converged λ = -1.3376489331, ‖r‖ = 1.51e-04, stable for 3 iters
EV 114 converged λ = -1.3252242368, ‖r‖ = 1.63e-04, stable for 3 iters
EV 115 converged λ = -1.3103145117, ‖r‖ = 1.72e-04, stable for 3 iters
EV 116 converged λ = -1.2880930990, ‖r‖ = 1.77e-04, stable for 3 iters
EV 117 converged λ = -1.2749392217, ‖r‖ = 1.84e-04, stable for 3 iters
Iter 12: V_size = 966, Converged = 117, ‖r‖ (largest λ) = 0.07953036133545882
Iter 13: V_size = 966, Converged = 117, ‖r‖ (largest λ) = 0.068366397652728
Iter 14: V_size = 966, Converged = 117, ‖r‖ (largest λ) = 0.06188835292805334
EV 118 converged λ = -1.2971668290, ‖r‖ = 1.44e-05, stable for 3 iters
EV 119 converged λ = -1.2617115015, ‖r‖ = 1.86e-05, stable for 3 iters
EV 120 converged λ = -1.2507958098, ‖r‖ = 1.73e-05, stable for 3 iters
EV 121 converged λ = -1.2408712784, ‖r‖ = 1.76e-05, stable for 3 iters
EV 122 converged λ = -1.2310941841, ‖r‖ = 2.20e-05, stable for 3 iters
EV 123 converged λ = -1.2201012506, ‖r‖ = 2.41e-05, stable for 3 iters
EV 124 converged λ = -1.2097620251, ‖r‖ = 3.07e-05, stable for 3 iters
EV 125 converged λ = -1.1946499298, ‖r‖ = 2.65e-05, stable for 3 iters
EV 126 converged λ = -1.1895922272, ‖r‖ = 3.43e-05, stable for 3 iters
EV 127 converged λ = -1.1750993535, ‖r‖ = 3.09e-05, stable for 3 iters
EV 128 converged λ = -1.1651340980, ‖r‖ = 4.91e-05, stable for 3 iters
EV 129 converged λ = -1.1537988097, ‖r‖ = 3.49e-05, stable for 3 iters
EV 130 converged λ = -1.1457716391, ‖r‖ = 4.83e-05, stable for 3 iters
EV 131 converged λ = -1.1380455405, ‖r‖ = 4.92e-05, stable for 3 iters
EV 132 converged λ = -1.1271223364, ‖r‖ = 5.79e-05, stable for 3 iters
EV 133 converged λ = -1.1204023961, ‖r‖ = 6.02e-05, stable for 3 iters
EV 134 converged λ = -1.1118429671, ‖r‖ = 7.58e-05, stable for 3 iters
EV 135 converged λ = -1.1022717185, ‖r‖ = 6.64e-05, stable for 3 iters
EV 136 converged λ = -1.0912622050, ‖r‖ = 8.47e-05, stable for 3 iters
EV 137 converged λ = -1.0832385898, ‖r‖ = 7.57e-05, stable for 3 iters
EV 138 converged λ = -1.0720592469, ‖r‖ = 9.89e-05, stable for 3 iters
EV 139 converged λ = -1.0668141815, ‖r‖ = 1.03e-04, stable for 3 iters
EV 140 converged λ = -1.0583451151, ‖r‖ = 1.06e-04, stable for 3 iters
EV 141 converged λ = -1.0518511384, ‖r‖ = 1.02e-04, stable for 3 iters
EV 142 converged λ = -1.0405125063, ‖r‖ = 1.14e-04, stable for 3 iters
EV 143 converged λ = -1.0330374345, ‖r‖ = 1.19e-04, stable for 3 iters
EV 144 converged λ = -1.0270337688, ‖r‖ = 1.44e-04, stable for 3 iters
EV 145 converged λ = -1.0188535496, ‖r‖ = 1.59e-04, stable for 3 iters
EV 146 converged λ = -1.0137753116, ‖r‖ = 1.47e-04, stable for 3 iters
EV 147 converged λ = -1.0027930588, ‖r‖ = 1.87e-04, stable for 3 iters
EV 148 converged λ = -0.9977713095, ‖r‖ = 2.01e-04, stable for 3 iters
EV 149 converged λ = -0.9899053779, ‖r‖ = 1.84e-04, stable for 3 iters
EV 150 converged λ = -0.9840238508, ‖r‖ = 2.02e-04, stable for 3 iters
EV 151 converged λ = -0.9765622212, ‖r‖ = 2.08e-04, stable for 3 iters
EV 152 converged λ = -0.9722957029, ‖r‖ = 2.52e-04, stable for 3 iters
EV 153 converged λ = -0.9638943480, ‖r‖ = 2.47e-04, stable for 3 iters
Iter 15: V_size = 894, Converged = 153, ‖r‖ (largest λ) = 0.0532820053449597
Iter 16: V_size = 894, Converged = 153, ‖r‖ (largest λ) = 0.05019981033804668
Iter 17: V_size = 894, Converged = 153, ‖r‖ (largest λ) = 0.044929013938685494
EV 154 converged λ = -0.9569571937, ‖r‖ = 5.30e-05, stable for 3 iters
EV 155 converged λ = -0.9506473610, ‖r‖ = 6.39e-05, stable for 3 iters
EV 156 converged λ = -0.9425462906, ‖r‖ = 7.94e-05, stable for 3 iters
EV 157 converged λ = -0.9376036167, ‖r‖ = 6.49e-05, stable for 3 iters
EV 158 converged λ = -0.9344367492, ‖r‖ = 7.14e-05, stable for 3 iters
EV 159 converged λ = -0.9249703903, ‖r‖ = 7.34e-05, stable for 3 iters
EV 160 converged λ = -0.9213285228, ‖r‖ = 8.47e-05, stable for 3 iters
EV 161 converged λ = -0.9132465472, ‖r‖ = 1.08e-04, stable for 3 iters
EV 162 converged λ = -0.9055936738, ‖r‖ = 9.60e-05, stable for 3 iters
EV 163 converged λ = -0.9024339078, ‖r‖ = 9.76e-05, stable for 3 iters
EV 164 converged λ = -0.8957765095, ‖r‖ = 1.23e-04, stable for 3 iters
EV 165 converged λ = -0.8921962923, ‖r‖ = 1.09e-04, stable for 3 iters
EV 166 converged λ = -0.8878158745, ‖r‖ = 1.12e-04, stable for 3 iters
EV 167 converged λ = -0.8836472613, ‖r‖ = 1.56e-04, stable for 3 iters
EV 168 converged λ = -0.8770344108, ‖r‖ = 1.71e-04, stable for 3 iters
EV 169 converged λ = -0.8710825926, ‖r‖ = 1.74e-04, stable for 3 iters
EV 170 converged λ = -0.8650805514, ‖r‖ = 1.95e-04, stable for 3 iters
EV 171 converged λ = -0.8599957103, ‖r‖ = 2.16e-04, stable for 3 iters
EV 172 converged λ = -0.8582235594, ‖r‖ = 2.05e-04, stable for 3 iters
EV 173 converged λ = -0.8516197457, ‖r‖ = 2.67e-04, stable for 3 iters
EV 174 converged λ = -0.8458039357, ‖r‖ = 2.59e-04, stable for 3 iters
EV 175 converged λ = -0.8405995102, ‖r‖ = 2.63e-04, stable for 3 iters
EV 176 converged λ = -0.8387894894, ‖r‖ = 2.74e-04, stable for 3 iters
EV 177 converged λ = -0.8319221510, ‖r‖ = 3.29e-04, stable for 3 iters
EV 178 converged λ = -0.8290071973, ‖r‖ = 3.32e-04, stable for 3 iters
EV 179 converged λ = -0.8252354811, ‖r‖ = 3.69e-04, stable for 3 iters
EV 180 converged λ = -0.8187746854, ‖r‖ = 3.83e-04, stable for 3 iters
Iter 18: V_size = 840, Converged = 180, ‖r‖ (largest λ) = 0.043180903233225765
Iter 19: V_size = 840, Converged = 180, ‖r‖ (largest λ) = 0.03933665495245971
Switching to MINRES for correction equations at iteration 20
Iter 20: V_size = 840, Converged = 180, ‖r‖ (largest λ) = 0.038161947599724036
EV 181 converged λ = -0.8196838519, ‖r‖ = 1.12e-04, stable for 3 iters
EV 182 converged λ = -0.8136945711, ‖r‖ = 1.36e-04, stable for 3 iters
EV 183 converged λ = -0.8084858792, ‖r‖ = 1.37e-04, stable for 3 iters
EV 184 converged λ = -0.8018773997, ‖r‖ = 1.62e-04, stable for 3 iters
EV 185 converged λ = -0.7982897560, ‖r‖ = 1.58e-04, stable for 3 iters
EV 186 converged λ = -0.7954615875, ‖r‖ = 1.89e-04, stable for 3 iters
EV 187 converged λ = -0.7943643301, ‖r‖ = 1.68e-04, stable for 3 iters
EV 188 converged λ = -0.7900934170, ‖r‖ = 2.19e-04, stable for 3 iters
EV 189 converged λ = -0.7871797921, ‖r‖ = 2.04e-04, stable for 3 iters
EV 190 converged λ = -0.7832279705, ‖r‖ = 2.38e-04, stable for 3 iters
EV 191 converged λ = -0.7803579151, ‖r‖ = 2.51e-04, stable for 3 iters
EV 192 converged λ = -0.7745862308, ‖r‖ = 2.99e-04, stable for 3 iters
EV 193 converged λ = -0.7726158808, ‖r‖ = 2.83e-04, stable for 3 iters
EV 194 converged λ = -0.7709337885, ‖r‖ = 2.99e-04, stable for 3 iters
