slurmstepd-andoria01: error: *** JOB 25133 ON andoria01 CANCELLED AT 2025-09-18T08:22:31 ***

[35426] signal 15: Terminated
in expression starting at /home/fmereto/MA_best/Davidson_jacobi/mix_JD_Dav/mixed_precond.jl:524
_ZZN4llvm18ScheduleDAGSDNodes12EmitScheduleERNS_26MachineInstrBundleIteratorINS_12MachineInstrELb0EEEENKUlPNS_6SDNodeEbbRNS_8DenseMapINS_7SDValueENS_8RegisterENS_12DenseMapInfoIS8_vEENS_6detail12DenseMapPairIS8_S9_EEEEE_clES6_bbSG_ at /home/fmereto/julia/bin/../lib/julia/libLLVM-16jl.so (unknown line)
_ZN4llvm18ScheduleDAGSDNodes12EmitScheduleERNS_26MachineInstrBundleIteratorINS_12MachineInstrELb0EEE at /home/fmereto/julia/bin/../lib/julia/libLLVM-16jl.so (unknown line)
_ZN4llvm16SelectionDAGISel17CodeGenAndEmitDAGEv at /home/fmereto/julia/bin/../lib/julia/libLLVM-16jl.so (unknown line)
_ZN4llvm16SelectionDAGISel20SelectAllBasicBlocksERKNS_8FunctionE at /home/fmereto/julia/bin/../lib/julia/libLLVM-16jl.so (unknown line)
_ZN4llvm16SelectionDAGISel20runOnMachineFunctionERNS_15MachineFunctionE.part.0 at /home/fmereto/julia/bin/../lib/julia/libLLVM-16jl.so (unknown line)
_ZN12_GLOBAL__N_115X86DAGToDAGISel20runOnMachineFunctionERN4llvm15MachineFunctionE at /home/fmereto/julia/bin/../lib/julia/libLLVM-16jl.so (unknown line)
_ZN4llvm19MachineFunctionPass13runOnFunctionERNS_8FunctionE.part.0 at /home/fmereto/julia/bin/../lib/julia/libLLVM-16jl.so (unknown line)
_ZN4llvm13FPPassManager13runOnFunctionERNS_8FunctionE at /home/fmereto/julia/bin/../lib/julia/libLLVM-16jl.so (unknown line)
_ZN4llvm13FPPassManager11runOnModuleERNS_6ModuleE at /home/fmereto/julia/bin/../lib/julia/libLLVM-16jl.so (unknown line)
_ZN4llvm6legacy15PassManagerImpl3runERNS_6ModuleE at /home/fmereto/julia/bin/../lib/julia/libLLVM-16jl.so (unknown line)
_ZN4llvm3orc14SimpleCompilerclERNS_6ModuleE at /home/fmereto/julia/bin/../lib/julia/libLLVM-16jl.so (unknown line)
operator() at /cache/build/builder-amdci5-5/julialang/julia-release-1-dot-11/src/jitlayers.cpp:1388
_ZN4llvm3orc14IRCompileLayer4emitESt10unique_ptrINS0_29MaterializationResponsibilityESt14default_deleteIS3_EENS0_16ThreadSafeModuleE at /home/fmereto/julia/bin/../lib/julia/libLLVM-16jl.so (unknown line)
_ZN4llvm3orc16IRTransformLayer4emitESt10unique_ptrINS0_29MaterializationResponsibilityESt14default_deleteIS3_EENS0_16ThreadSafeModuleE at /home/fmereto/julia/bin/../lib/julia/libLLVM-16jl.so (unknown line)
_ZN4llvm3orc16IRTransformLayer4emitESt10unique_ptrINS0_29MaterializationResponsibilityESt14default_deleteIS3_EENS0_16ThreadSafeModuleE at /home/fmereto/julia/bin/../lib/julia/libLLVM-16jl.so (unknown line)
_ZN4llvm3orc16IRTransformLayer4emitESt10unique_ptrINS0_29MaterializationResponsibilityESt14default_deleteIS3_EENS0_16ThreadSafeModuleE at /home/fmereto/julia/bin/../lib/julia/libLLVM-16jl.so (unknown line)
_ZN4llvm3orc16IRTransformLayer4emitESt10unique_ptrINS0_29MaterializationResponsibilityESt14default_deleteIS3_EENS0_16ThreadSafeModuleE at /home/fmereto/julia/bin/../lib/julia/libLLVM-16jl.so (unknown line)
_ZN4llvm3orc31BasicIRLayerMaterializationUnit11materializeESt10unique_ptrINS0_29MaterializationResponsibilityESt14default_deleteIS3_EE at /home/fmereto/julia/bin/../lib/julia/libLLVM-16jl.so (unknown line)
_ZN4llvm3orc19MaterializationTask3runEv at /home/fmereto/julia/bin/../lib/julia/libLLVM-16jl.so (unknown line)
_ZN4llvm6detail18UniqueFunctionBaseIvJSt10unique_ptrINS_3orc4TaskESt14default_deleteIS4_EEEE8CallImplIPFvS7_EEEvPvRS7_ at /home/fmereto/julia/bin/../lib/julia/libLLVM-16jl.so (unknown line)
_ZN4llvm3orc16ExecutionSession22dispatchOutstandingMUsEv at /home/fmereto/julia/bin/../lib/julia/libLLVM-16jl.so (unknown line)
_ZN4llvm3orc16ExecutionSession17OL_completeLookupESt10unique_ptrINS0_21InProgressLookupStateESt14default_deleteIS3_EESt10shared_ptrINS0_23AsynchronousSymbolQueryEESt8functionIFvRKNS_8DenseMapIPNS0_8JITDylibENS_8DenseSetINS0_15SymbolStringPtrENS_12DenseMapInfoISF_vEEEENSG_ISD_vEENS_6detail12DenseMapPairISD_SI_EEEEEE at /home/fmereto/julia/bin/../lib/julia/libLLVM-16jl.so (unknown line)
_ZN4llvm3orc25InProgressFullLookupState8completeESt10unique_ptrINS0_21InProgressLookupStateESt14default_deleteIS3_EE at /home/fmereto/julia/bin/../lib/julia/libLLVM-16jl.so (unknown line)
_ZN4llvm3orc16ExecutionSession19OL_applyQueryPhase1ESt10unique_ptrINS0_21InProgressLookupStateESt14default_deleteIS3_EENS_5ErrorE at /home/fmereto/julia/bin/../lib/julia/libLLVM-16jl.so (unknown line)
_ZN4llvm3orc16ExecutionSession6lookupENS0_10LookupKindERKSt6vectorISt4pairIPNS0_8JITDylibENS0_19JITDylibLookupFlagsEESaIS8_EENS0_15SymbolLookupSetENS0_11SymbolStateENS_15unique_functionIFvNS_8ExpectedINS_8DenseMapINS0_15SymbolStringPtrENS_18JITEvaluatedSymbolENS_12DenseMapInfoISI_vEENS_6detail12DenseMapPairISI_SJ_EEEEEEEEESt8functionIFvRKNSH_IS6_NS_8DenseSetISI_SL_EENSK_IS6_vEENSN_IS6_SV_EEEEEE at /home/fmereto/julia/bin/../lib/julia/libLLVM-16jl.so (unknown line)
_ZN4llvm3orc16ExecutionSession6lookupERKSt6vectorISt4pairIPNS0_8JITDylibENS0_19JITDylibLookupFlagsEESaIS7_EENS0_15SymbolLookupSetENS0_10LookupKindENS0_11SymbolStateESt8functionIFvRKNS_8DenseMapIS5_NS_8DenseSetINS0_15SymbolStringPtrENS_12DenseMapInfoISI_vEEEENSJ_IS5_vEENS_6detail12DenseMapPairIS5_SL_EEEEEE at /home/fmereto/julia/bin/../lib/julia/libLLVM-16jl.so (unknown line)
addModule at /cache/build/builder-amdci5-5/julialang/julia-release-1-dot-11/src/jitlayers.cpp:1875
jl_add_to_ee at /cache/build/builder-amdci5-5/julialang/julia-release-1-dot-11/src/jitlayers.cpp:2306
jl_add_to_ee at /cache/build/builder-amdci5-5/julialang/julia-release-1-dot-11/src/jitlayers.cpp:2285
jl_add_to_ee at /cache/build/builder-amdci5-5/julialang/julia-release-1-dot-11/src/jitlayers.cpp:2285
_jl_compile_codeinst at /cache/build/builder-amdci5-5/julialang/julia-release-1-dot-11/src/jitlayers.cpp:277
jl_generate_fptr_impl at /cache/build/builder-amdci5-5/julialang/julia-release-1-dot-11/src/jitlayers.cpp:536
jl_compile_method_internal at /cache/build/builder-amdci5-5/julialang/julia-release-1-dot-11/src/gf.c:2536 [inlined]
jl_compile_method_internal at /cache/build/builder-amdci5-5/julialang/julia-release-1-dot-11/src/gf.c:2423
_jl_invoke at /cache/build/builder-amdci5-5/julialang/julia-release-1-dot-11/src/gf.c:2940 [inlined]
ijl_apply_generic at /cache/build/builder-amdci5-5/julialang/julia-release-1-dot-11/src/gf.c:3125
top-level scope at /home/fmereto/MA_best/Davidson_jacobi/mix_JD_Dav/mixed_precond.jl:533
jl_toplevel_eval_flex at /cache/build/builder-amdci5-5/julialang/julia-release-1-dot-11/src/toplevel.c:934
jl_toplevel_eval_flex at /cache/build/builder-amdci5-5/julialang/julia-release-1-dot-11/src/toplevel.c:886
ijl_toplevel_eval_in at /cache/build/builder-amdci5-5/julialang/julia-release-1-dot-11/src/toplevel.c:994
eval at ./boot.jl:430 [inlined]
include_string at ./loading.jl:2734
_include at ./loading.jl:2794
include at ./Base.jl:557
jfptr_include_46865.1 at /home/fmereto/julia/lib/julia/sys.so (unknown line)
exec_options at ./client.jl:323
_start at ./client.jl:531
jfptr__start_73560.1 at /home/fmereto/julia/lib/julia/sys.so (unknown line)
jl_apply at /cache/build/builder-amdci5-5/julialang/julia-release-1-dot-11/src/julia.h:2157 [inlined]
true_main at /cache/build/builder-amdci5-5/julialang/julia-release-1-dot-11/src/jlapi.c:900
jl_repl_entrypoint at /cache/build/builder-amdci5-5/julialang/julia-release-1-dot-11/src/jlapi.c:1059
main at /cache/build/builder-amdci5-5/julialang/julia-release-1-dot-11/cli/loader_exe.c:58
__libc_start_main at /lib/x86_64-linux-gnu/libc.so.6 (unknown line)
unknown function (ip: 0x4010b8)
unknown function (ip: (nil))
Allocations: 19071977 (Pool: 19071326; Big: 651); GC: 12
Processing molecule: H2
Running with beta = 32
Using solver: minres_AINV
Running with l = 50
