ERROR: LoadError: UndefVarError: `dropzeros!` not defined in `Main`
Stacktrace:
 [1] build_ainv_preconditioner(A::Hermitian{Float64, Matrix{Float64}}; drop_tol::Float64)
   @ Main ~/MA_best/Davidson_jacobi/mix_JD_Dav/mixed_precond.jl:162
 [2] build_ainv_preconditioner
   @ ~/MA_best/Davidson_jacobi/mix_JD_Dav/mixed_precond.jl:136 [inlined]
 [3] correction_equations_minres_AINV(A::Hermitian{Float64, Matrix{Float64}}, U::Matrix{Float64}, lambdas::Vector{Float64}, R::Matrix{Float64}; tol::Float64, maxiter::Int64, drop_tol::Float64)
   @ Main ~/MA_best/Davidson_jacobi/mix_JD_Dav/mixed_precond.jl:182
 [4] correction_equations_minres_AINV
   @ ~/MA_best/Davidson_jacobi/mix_JD_Dav/mixed_precond.jl:167 [inlined]
 [5] davidson(A::Hermitian{Float64, Matrix{Float64}}, V::Matrix{Float64}, n_aux::Int64, l::Int64, thresh::Float64, max_iter::Int64, solver::Symbol, stable_thresh::Int64)
   @ Main ~/MA_best/Davidson_jacobi/mix_JD_Dav/mixed_precond.jl:441
 [6] davidson
   @ ~/MA_best/Davidson_jacobi/mix_JD_Dav/mixed_precond.jl:300 [inlined]
 [7] macro expansion
   @ ./timing.jl:581 [inlined]
 [8] main(molecule::String, l::Int64, beta::Int64, factor::Int64, max_iter::Int64, solver::Symbol)
   @ Main ~/MA_best/Davidson_jacobi/mix_JD_Dav/mixed_precond.jl:490
 [9] top-level scope
   @ ~/MA_best/Davidson_jacobi/mix_JD_Dav/mixed_precond.jl:532
in expression starting at /home/fmereto/MA_best/Davidson_jacobi/mix_JD_Dav/mixed_precond.jl:523
Processing molecule: formaldehyde
Running with beta = 25
Using solver: minres_AINV
Running with l = 60
Starting Davidson with n_aux = 400, l_buffer = 72, lc = 61, thresh = 0.0015, max_iter = 100
Iter 1: V_size = 32, Converged = 0, ‖r‖ (largest λ) = 0.8656922926223112
Iter 2: V_size = 64, Converged = 0, ‖r‖ (largest λ) = 0.18084421183679666
Iter 3: V_size = 128, Converged = 0, ‖r‖ (largest λ) = 0.060623910912410116
Iter 4: V_size = 200, Converged = 0, ‖r‖ (largest λ) = 0.24846579636660096
Iter 5: V_size = 272, Converged = 0, ‖r‖ (largest λ) = 0.5107513930940635
EV   1 converged λ = -735.4153437081, ‖r‖ = 2.60e-10, stable for 3 iters
EV   2 converged λ = -611.6773615864, ‖r‖ = 5.34e-10, stable for 3 iters
EV   3 converged λ = -594.7742412739, ‖r‖ = 5.14e-10, stable for 3 iters
Iter 6: V_size = 341, Converged = 3, ‖r‖ (largest λ) = 0.18607515099614236
Iter 7: V_size = 138, Converged = 3, ‖r‖ (largest λ) = 0.0037987819316224482
Iter 8: V_size = 207, Converged = 3, ‖r‖ (largest λ) = 0.18825699590186826
Iter 9: V_size = 276, Converged = 3, ‖r‖ (largest λ) = 0.4538976689073037
EV   4 converged λ = -178.9518495502, ‖r‖ = 2.00e-13, stable for 3 iters
EV   5 converged λ = -167.9280307310, ‖r‖ = 2.03e-13, stable for 3 iters
EV   6 converged λ = -139.8613654990, ‖r‖ = 1.39e-13, stable for 3 iters
EV   7 converged λ = -134.6090002247, ‖r‖ = 1.21e-13, stable for 3 iters
EV   8 converged λ = -131.6601989757, ‖r‖ = 1.21e-13, stable for 3 iters
EV   9 converged λ = -89.1246093928, ‖r‖ = 1.00e-13, stable for 3 iters
EV  10 converged λ = -85.0975968389, ‖r‖ = 3.47e-13, stable for 3 iters
EV  11 converged λ = -63.1374088909, ‖r‖ = 1.35e-13, stable for 3 iters
EV  12 converged λ = -46.3616597076, ‖r‖ = 8.56e-14, stable for 3 iters
EV  13 converged λ = -45.8340340820, ‖r‖ = 1.03e-13, stable for 3 iters
EV  14 converged λ = -45.3851815451, ‖r‖ = 9.92e-14, stable for 3 iters
EV  15 converged λ = -36.3324001585, ‖r‖ = 3.49e-13, stable for 3 iters
EV  16 converged λ = -31.1572242298, ‖r‖ = 5.46e-13, stable for 3 iters
EV  17 converged λ = -27.4351946096, ‖r‖ = 3.01e-12, stable for 3 iters
EV  18 converged λ = -25.6627957975, ‖r‖ = 1.06e-11, stable for 3 iters
EV  19 converged λ = -24.7580637576, ‖r‖ = 3.13e-12, stable for 3 iters
EV  20 converged λ = -19.9884918895, ‖r‖ = 2.83e-11, stable for 3 iters
EV  21 converged λ = -19.4865336759, ‖r‖ = 1.82e-11, stable for 3 iters
EV  22 converged λ = -18.1142002056, ‖r‖ = 8.01e-11, stable for 3 iters
EV  23 converged λ = -17.2609173950, ‖r‖ = 2.03e-10, stable for 3 iters
EV  24 converged λ = -16.3526879910, ‖r‖ = 3.96e-11, stable for 3 iters
EV  25 converged λ = -16.2829937153, ‖r‖ = 1.12e-10, stable for 3 iters
EV  26 converged λ = -16.1152499782, ‖r‖ = 5.30e-11, stable for 3 iters
EV  27 converged λ = -15.4658967762, ‖r‖ = 3.42e-10, stable for 3 iters
EV  28 converged λ = -14.3190661649, ‖r‖ = 3.21e-10, stable for 3 iters
EV  29 converged λ = -13.7222574537, ‖r‖ = 3.75e-10, stable for 3 iters
EV  30 converged λ = -13.6825129287, ‖r‖ = 4.05e-10, stable for 3 iters
EV  31 converged λ = -13.5269622006, ‖r‖ = 3.52e-10, stable for 3 iters
EV  32 converged λ = -12.8445327967, ‖r‖ = 7.10e-10, stable for 3 iters
EV  33 converged λ = -12.7590433135, ‖r‖ = 6.94e-10, stable for 3 iters
EV  34 converged λ = -11.9681742753, ‖r‖ = 1.03e-09, stable for 3 iters
EV  35 converged λ = -11.8045444347, ‖r‖ = 2.10e-09, stable for 3 iters
EV  36 converged λ = -11.7043630519, ‖r‖ = 1.09e-09, stable for 3 iters
EV  37 converged λ = -9.8477604663, ‖r‖ = 2.62e-09, stable for 3 iters
EV  38 converged λ = -9.7475907440, ‖r‖ = 3.47e-09, stable for 3 iters
EV  39 converged λ = -9.6326196688, ‖r‖ = 6.16e-09, stable for 3 iters
EV  40 converged λ = -9.4947928788, ‖r‖ = 9.17e-09, stable for 3 iters
EV  41 converged λ = -9.4656609716, ‖r‖ = 8.30e-09, stable for 3 iters
EV  42 converged λ = -7.7273393554, ‖r‖ = 3.12e-08, stable for 3 iters
EV  43 converged λ = -6.8329402410, ‖r‖ = 1.11e-07, stable for 3 iters
EV  44 converged λ = -6.6283479163, ‖r‖ = 6.50e-08, stable for 3 iters
EV  45 converged λ = -6.5857751728, ‖r‖ = 6.49e-08, stable for 3 iters
EV  46 converged λ = -6.5384346765, ‖r‖ = 1.80e-07, stable for 3 iters
EV  47 converged λ = -6.2223720999, ‖r‖ = 3.24e-07, stable for 3 iters
EV  48 converged λ = -5.7891716333, ‖r‖ = 1.20e-07, stable for 3 iters
EV  49 converged λ = -5.7190116271, ‖r‖ = 1.80e-07, stable for 3 iters
EV  50 converged λ = -5.2281211943, ‖r‖ = 3.92e-07, stable for 3 iters
EV  51 converged λ = -5.0399288323, ‖r‖ = 5.03e-07, stable for 3 iters
EV  52 converged λ = -4.7875655256, ‖r‖ = 1.08e-06, stable for 3 iters
EV  53 converged λ = -4.7814412997, ‖r‖ = 8.15e-07, stable for 3 iters
EV  54 converged λ = -4.6652046289, ‖r‖ = 7.52e-07, stable for 3 iters
EV  55 converged λ = -4.6211801649, ‖r‖ = 8.09e-07, stable for 3 iters
EV  56 converged λ = -4.5200151779, ‖r‖ = 7.98e-07, stable for 3 iters
EV  57 converged λ = -4.4887209643, ‖r‖ = 2.13e-06, stable for 3 iters
EV  58 converged λ = -4.0926204594, ‖r‖ = 2.88e-06, stable for 3 iters
EV  59 converged λ = -4.0016558086, ‖r‖ = 3.54e-06, stable for 3 iters
EV  60 converged λ = -3.8956052657, ‖r‖ = 1.92e-06, stable for 3 iters
EV  61 converged λ = -3.6818135643, ‖r‖ = 6.01e-06, stable for 3 iters
Converged all required eigenvalues.
688.313770 seconds (1.32 M allocations: 84.601 GiB, 0.51% gc time, 0.80% compilation time)
Number of FLOPs: 3541251633876

Reading exact Eigenvalues...
Reading eigenvalues from ../../Eigenvalues_folder/eigenres_formaldehyde_RNDbasis1.jld2

Compute the difference between computed and exact eigenvalues:
  1: 27.1185424333 (computed) - 27.1185424333 (exact) = -1.0658e-14
  2: 24.7321119516 (computed) - 24.7321119516 (exact) =  7.1054e-15
  3: 24.3879937935 (computed) - 24.3879937935 (exact) =  0.0000e+00
  4: 13.3772885724 (computed) - 13.3772885724 (exact) =  0.0000e+00
  5: 12.9587048246 (computed) - 12.9587048246 (exact) =  3.5527e-15
  6: 11.8262997383 (computed) - 11.8262997383 (exact) =  0.0000e+00
  7: 11.6021118864 (computed) - 11.6021118864 (exact) =  5.3291e-15
  8: 11.4743278224 (computed) - 11.4743278224 (exact) = -1.5987e-14
  9: 9.4405831066 (computed) - 9.4405831066 (exact) =  0.0000e+00
 10: 9.2248358706 (computed) - 9.2248358706 (exact) =  0.0000e+00
 11: 7.9459051650 (computed) - 7.9459051650 (exact) = -8.8818e-16
 12: 6.8089396904 (computed) - 6.8089396904 (exact) = -1.7764e-15
 13: 6.7700837574 (computed) - 6.7700837574 (exact) =  1.7764e-15
 14: 6.7368524954 (computed) - 6.7368524954 (exact) =  8.8818e-16
 15: 6.0276363658 (computed) - 6.0276363658 (exact) = -1.7764e-15
 16: 5.5818656585 (computed) - 5.5818656585 (exact) =  8.8818e-16
 17: 5.2378616448 (computed) - 5.2378616448 (exact) =  1.7764e-15
 18: 5.0658460100 (computed) - 5.0658460100 (exact) =  1.7764e-15
 19: 4.9757475577 (computed) - 4.9757475577 (exact) =  1.7764e-15
 20: 4.4708491240 (computed) - 4.4708491240 (exact) =  0.0000e+00
 21: 4.4143554089 (computed) - 4.4143554089 (exact) =  8.8818e-16
 22: 4.2560780310 (computed) - 4.2560780310 (exact) =  8.8818e-16
 23: 4.1546260235 (computed) - 4.1546260235 (exact) =  1.7764e-15
 24: 4.0438456933 (computed) - 4.0438456933 (exact) = -2.6645e-15
 25: 4.0352191657 (computed) - 4.0352191657 (exact) =  8.8818e-16
 26: 4.0143803978 (computed) - 4.0143803978 (exact) = -4.4409e-15
 27: 3.9326704383 (computed) - 3.9326704383 (exact) =  1.3323e-15
 28: 3.7840541969 (computed) - 3.7840541969 (exact) =  8.8818e-16
 29: 3.7043565506 (computed) - 3.7043565506 (exact) =  8.8818e-16
 30: 3.6989880952 (computed) - 3.6989880952 (exact) =  3.5527e-15
 31: 3.6779018748 (computed) - 3.6779018748 (exact) = -1.7764e-15
 32: 3.5839270077 (computed) - 3.5839270077 (exact) = -1.3323e-15
 33: 3.5719803070 (computed) - 3.5719803070 (exact) =  2.6645e-15
 34: 3.4595049177 (computed) - 3.4595049177 (exact) = -2.2204e-15
 35: 3.4357742118 (computed) - 3.4357742118 (exact) = -4.4409e-15
 36: 3.4211639908 (computed) - 3.4211639908 (exact) =  1.3323e-15
 37: 3.1381141576 (computed) - 3.1381141576 (exact) = -8.8818e-16
 38: 3.1221131856 (computed) - 3.1221131856 (exact) =  1.3323e-15
 39: 3.1036461894 (computed) - 3.1036461894 (exact) =  3.1086e-15
 40: 3.0813621791 (computed) - 3.0813621791 (exact) =  1.7764e-15
 41: 3.0766314325 (computed) - 3.0766314325 (exact) =  0.0000e+00
 42: 2.7798092300 (computed) - 2.7798092300 (exact) = -6.2172e-15
 43: 2.6139893345 (computed) - 2.6139893345 (exact) = -1.3323e-15
 44: 2.5745578099 (computed) - 2.5745578099 (exact) = -5.3291e-15
 45: 2.5662765192 (computed) - 2.5662765192 (exact) = -1.7764e-15
 46: 2.5570363072 (computed) - 2.5570363072 (exact) =  0.0000e+00
 47: 2.4944683000 (computed) - 2.4944683000 (exact) = -2.2204e-15
 48: 2.4060697482 (computed) - 2.4060697482 (exact) = -1.7764e-15
 49: 2.3914455100 (computed) - 2.3914455100 (exact) =  8.8818e-16
 50: 2.2865085161 (computed) - 2.2865085161 (exact) = -7.5495e-15
 51: 2.2449785817 (computed) - 2.2449785817 (exact) = -2.1316e-14
 52: 2.1880506223 (computed) - 2.1880506223 (exact) = -9.4147e-14
 53: 2.1866507036 (computed) - 2.1866507036 (exact) = -5.5067e-14
 54: 2.1599084770 (computed) - 2.1599084770 (exact) = -4.2633e-14
 55: 2.1496930397 (computed) - 2.1496930397 (exact) = -5.4623e-14
 56: 2.1260327321 (computed) - 2.1260327321 (exact) = -5.1958e-14
 57: 2.1186601814 (computed) - 2.1186601814 (exact) = -3.6637e-13
 58: 2.0230226048 (computed) - 2.0230226048 (exact) = -8.7352e-13
 59: 2.0004139093 (computed) - 2.0004139093 (exact) = -1.5454e-12
 60: 1.9737287721 (computed) - 1.9737287721 (exact) = -4.6607e-13
60 Eigenvalues converges, out of 60 requested.
Running with l = 300
Starting Davidson with n_aux = 750, l_buffer = 360, lc = 303, thresh = 0.002, max_iter = 100
Iter 1: V_size = 60, Converged = 0, ‖r‖ (largest λ) = 0.26486861963827185
Iter 2: V_size = 120, Converged = 0, ‖r‖ (largest λ) = 0.06605965136343936
Iter 3: V_size = 240, Converged = 0, ‖r‖ (largest λ) = 0.024614027791462368
Iter 4: V_size = 480, Converged = 0, ‖r‖ (largest λ) = 0.005532686722171159
Iter 5: V_size = 720, Converged = 0, ‖r‖ (largest λ) = 0.003456554686012911
EV   1 converged λ = -735.4153437081, ‖r‖ = 9.60e-13, stable for 3 iters
EV   2 converged λ = -611.6773615864, ‖r‖ = 1.79e-12, stable for 3 iters
EV   3 converged λ = -594.7742412739, ‖r‖ = 1.02e-12, stable for 3 iters
EV   4 converged λ = -178.9518495502, ‖r‖ = 2.83e-10, stable for 3 iters
EV   5 converged λ = -167.9280307310, ‖r‖ = 6.00e-10, stable for 3 iters
EV   6 converged λ = -139.8613654990, ‖r‖ = 5.26e-10, stable for 3 iters
EV   7 converged λ = -134.6090002247, ‖r‖ = 4.93e-10, stable for 3 iters
EV   8 converged λ = -131.6601989757, ‖r‖ = 1.66e-09, stable for 3 iters
EV   9 converged λ = -89.1246093928, ‖r‖ = 3.30e-09, stable for 3 iters
EV  10 converged λ = -85.0975968389, ‖r‖ = 2.40e-09, stable for 3 iters
Iter 6: V_size = 700, Converged = 10, ‖r‖ (largest λ) = 0.01756587439938381
Iter 7: V_size = 700, Converged = 10, ‖r‖ (largest λ) = 0.01292528374060718
Iter 8: V_size = 700, Converged = 10, ‖r‖ (largest λ) = 0.009566782311301182
EV  11 converged λ = -63.1374088909, ‖r‖ = 9.99e-14, stable for 3 iters
EV  12 converged λ = -46.3616597076, ‖r‖ = 1.93e-13, stable for 3 iters
EV  13 converged λ = -45.8340340820, ‖r‖ = 6.49e-14, stable for 3 iters
EV  14 converged λ = -45.3851815451, ‖r‖ = 2.65e-13, stable for 3 iters
EV  15 converged λ = -36.3324001585, ‖r‖ = 8.36e-14, stable for 3 iters
EV  16 converged λ = -31.1572242298, ‖r‖ = 1.33e-13, stable for 3 iters
EV  17 converged λ = -27.4351946096, ‖r‖ = 1.19e-12, stable for 3 iters
EV  18 converged λ = -25.6627957975, ‖r‖ = 1.33e-13, stable for 3 iters
EV  19 converged λ = -24.7580637576, ‖r‖ = 1.17e-12, stable for 3 iters
EV  20 converged λ = -19.9884918895, ‖r‖ = 1.79e-12, stable for 3 iters
EV  21 converged λ = -19.4865336759, ‖r‖ = 1.86e-12, stable for 3 iters
EV  22 converged λ = -18.1142002056, ‖r‖ = 1.68e-12, stable for 3 iters
EV  23 converged λ = -17.2609173950, ‖r‖ = 3.91e-12, stable for 3 iters
EV  24 converged λ = -16.3526879910, ‖r‖ = 3.40e-12, stable for 3 iters
EV  25 converged λ = -16.2829937153, ‖r‖ = 1.38e-11, stable for 3 iters
EV  26 converged λ = -16.1152499782, ‖r‖ = 4.62e-12, stable for 3 iters
EV  27 converged λ = -15.4658967762, ‖r‖ = 2.84e-12, stable for 3 iters
EV  28 converged λ = -14.3190661649, ‖r‖ = 8.39e-12, stable for 3 iters
EV  29 converged λ = -13.7222574537, ‖r‖ = 1.23e-11, stable for 3 iters
EV  30 converged λ = -13.6825129287, ‖r‖ = 7.56e-12, stable for 3 iters
EV  31 converged λ = -13.5269622006, ‖r‖ = 1.23e-12, stable for 3 iters
EV  32 converged λ = -12.8445327967, ‖r‖ = 1.19e-11, stable for 3 iters
EV  33 converged λ = -12.7590433135, ‖r‖ = 1.55e-11, stable for 3 iters
EV  34 converged λ = -11.9681742753, ‖r‖ = 9.13e-12, stable for 3 iters
EV  35 converged λ = -11.8045444347, ‖r‖ = 2.22e-11, stable for 3 iters
EV  36 converged λ = -11.7043630519, ‖r‖ = 1.85e-11, stable for 3 iters
EV  37 converged λ = -9.8477604663, ‖r‖ = 6.26e-11, stable for 3 iters
EV  38 converged λ = -9.7475907440, ‖r‖ = 6.06e-11, stable for 3 iters
EV  39 converged λ = -9.6326196688, ‖r‖ = 4.24e-11, stable for 3 iters
EV  40 converged λ = -9.4947928788, ‖r‖ = 1.62e-11, stable for 3 iters
EV  41 converged λ = -9.4656609716, ‖r‖ = 1.66e-11, stable for 3 iters
EV  42 converged λ = -7.7273393554, ‖r‖ = 2.66e-10, stable for 3 iters
EV  43 converged λ = -6.8329402410, ‖r‖ = 2.54e-10, stable for 3 iters
EV  44 converged λ = -6.6283479163, ‖r‖ = 3.09e-10, stable for 3 iters
EV  45 converged λ = -6.5857751728, ‖r‖ = 2.01e-10, stable for 3 iters
EV  46 converged λ = -6.5384346765, ‖r‖ = 1.42e-10, stable for 3 iters
EV  47 converged λ = -6.2223720999, ‖r‖ = 1.73e-09, stable for 3 iters
EV  48 converged λ = -5.7891716333, ‖r‖ = 1.27e-11, stable for 3 iters
EV  49 converged λ = -5.7190116271, ‖r‖ = 1.47e-09, stable for 3 iters
EV  50 converged λ = -5.2281211943, ‖r‖ = 3.85e-10, stable for 3 iters
EV  51 converged λ = -5.0399288323, ‖r‖ = 2.44e-10, stable for 3 iters
EV  52 converged λ = -4.7875655256, ‖r‖ = 5.21e-11, stable for 3 iters
EV  53 converged λ = -4.7814412997, ‖r‖ = 3.24e-10, stable for 3 iters
EV  54 converged λ = -4.6652046289, ‖r‖ = 2.97e-10, stable for 3 iters
EV  55 converged λ = -4.6211801649, ‖r‖ = 3.33e-10, stable for 3 iters
EV  56 converged λ = -4.5200151779, ‖r‖ = 5.12e-10, stable for 3 iters
EV  57 converged λ = -4.4887209643, ‖r‖ = 5.84e-10, stable for 3 iters
EV  58 converged λ = -4.0926204594, ‖r‖ = 1.09e-09, stable for 3 iters
EV  59 converged λ = -4.0016558086, ‖r‖ = 1.50e-09, stable for 3 iters
EV  60 converged λ = -3.8956052658, ‖r‖ = 9.49e-10, stable for 3 iters
EV  61 converged λ = -3.6818135644, ‖r‖ = 1.63e-09, stable for 3 iters
EV  62 converged λ = -3.5017397078, ‖r‖ = 1.52e-09, stable for 3 iters
EV  63 converged λ = -3.4639860049, ‖r‖ = 6.71e-09, stable for 3 iters
EV  64 converged λ = -3.4531110699, ‖r‖ = 3.01e-09, stable for 3 iters
EV  65 converged λ = -3.3992914116, ‖r‖ = 9.25e-10, stable for 3 iters
EV  66 converged λ = -3.2422680056, ‖r‖ = 3.02e-09, stable for 3 iters
EV  67 converged λ = -3.2166850239, ‖r‖ = 2.59e-09, stable for 3 iters
EV  68 converged λ = -3.2059831946, ‖r‖ = 1.68e-09, stable for 3 iters
EV  69 converged λ = -3.1850934965, ‖r‖ = 3.45e-09, stable for 3 iters
EV  70 converged λ = -2.9940284524, ‖r‖ = 2.23e-09, stable for 3 iters
EV  71 converged λ = -2.9546436079, ‖r‖ = 1.30e-08, stable for 3 iters
EV  72 converged λ = -2.7989965422, ‖r‖ = 1.25e-08, stable for 3 iters
EV  73 converged λ = -2.5911054675, ‖r‖ = 2.87e-09, stable for 3 iters
EV  74 converged λ = -2.5874491556, ‖r‖ = 2.41e-09, stable for 3 iters
EV  75 converged λ = -2.5841064740, ‖r‖ = 3.05e-08, stable for 3 iters
EV  76 converged λ = -2.5791171034, ‖r‖ = 2.06e-08, stable for 3 iters
EV  77 converged λ = -2.4400418247, ‖r‖ = 1.24e-08, stable for 3 iters
EV  78 converged λ = -2.4160896954, ‖r‖ = 4.74e-09, stable for 3 iters
EV  79 converged λ = -2.3103853971, ‖r‖ = 3.08e-08, stable for 3 iters
EV  80 converged λ = -2.3085424805, ‖r‖ = 7.20e-09, stable for 3 iters
EV  81 converged λ = -2.2988237692, ‖r‖ = 1.32e-08, stable for 3 iters
EV  82 converged λ = -2.2323334282, ‖r‖ = 1.97e-08, stable for 3 iters
EV  83 converged λ = -2.1395482969, ‖r‖ = 1.20e-08, stable for 3 iters
EV  84 converged λ = -2.0592220407, ‖r‖ = 1.20e-08, stable for 3 iters
EV  85 converged λ = -2.0457552827, ‖r‖ = 3.28e-08, stable for 3 iters
EV  86 converged λ = -2.0143000912, ‖r‖ = 3.41e-08, stable for 3 iters
EV  87 converged λ = -1.9846028434, ‖r‖ = 2.49e-08, stable for 3 iters
EV  88 converged λ = -1.9648320507, ‖r‖ = 6.84e-08, stable for 3 iters
EV  89 converged λ = -1.8894883747, ‖r‖ = 4.56e-08, stable for 3 iters
EV  90 converged λ = -1.8834034052, ‖r‖ = 5.76e-08, stable for 3 iters
EV  91 converged λ = -1.8609860247, ‖r‖ = 2.94e-08, stable for 3 iters
EV  92 converged λ = -1.8469613688, ‖r‖ = 4.06e-08, stable for 3 iters
EV  93 converged λ = -1.8218892034, ‖r‖ = 3.38e-08, stable for 3 iters
EV  94 converged λ = -1.7440793966, ‖r‖ = 1.93e-08, stable for 3 iters
EV  95 converged λ = -1.7109197497, ‖r‖ = 1.28e-07, stable for 3 iters
EV  96 converged λ = -1.7080984095, ‖r‖ = 7.22e-08, stable for 3 iters
EV  97 converged λ = -1.6989800034, ‖r‖ = 2.41e-07, stable for 3 iters
EV  98 converged λ = -1.5798655759, ‖r‖ = 2.89e-07, stable for 3 iters
EV  99 converged λ = -1.5333450950, ‖r‖ = 4.81e-07, stable for 3 iters
EV 100 converged λ = -1.5019950325, ‖r‖ = 2.42e-07, stable for 3 iters
EV 101 converged λ = -1.4349463721, ‖r‖ = 1.26e-06, stable for 3 iters
EV 102 converged λ = -1.4278863880, ‖r‖ = 8.69e-07, stable for 3 iters
EV 103 converged λ = -1.3913870881, ‖r‖ = 5.06e-06, stable for 3 iters
EV 104 converged λ = -1.3724487695, ‖r‖ = 2.98e-06, stable for 3 iters
EV 105 converged λ = -1.3225678601, ‖r‖ = 1.20e-05, stable for 3 iters
EV 106 converged λ = -1.3075266836, ‖r‖ = 9.33e-06, stable for 3 iters
EV 107 converged λ = -1.3068113408, ‖r‖ = 1.03e-05, stable for 3 iters
EV 108 converged λ = -1.3039428406, ‖r‖ = 2.67e-06, stable for 3 iters
EV 109 converged λ = -1.2912509441, ‖r‖ = 4.24e-06, stable for 3 iters
EV 110 converged λ = -1.2327042759, ‖r‖ = 1.37e-05, stable for 3 iters
EV 111 converged λ = -1.2021270196, ‖r‖ = 2.83e-05, stable for 3 iters
EV 112 converged λ = -1.1809464841, ‖r‖ = 2.53e-05, stable for 3 iters
EV 113 converged λ = -1.1444944987, ‖r‖ = 2.86e-05, stable for 3 iters
EV 114 converged λ = -1.1341477257, ‖r‖ = 4.78e-05, stable for 3 iters
EV 115 converged λ = -1.1080548255, ‖r‖ = 3.56e-05, stable for 3 iters
EV 116 converged λ = -1.0882254482, ‖r‖ = 5.92e-05, stable for 3 iters
EV 117 converged λ = -1.0854995348, ‖r‖ = 3.96e-05, stable for 3 iters
EV 118 converged λ = -1.0815813298, ‖r‖ = 5.33e-05, stable for 3 iters
EV 119 converged λ = -1.0453063688, ‖r‖ = 5.86e-05, stable for 3 iters
EV 120 converged λ = -1.0099053598, ‖r‖ = 7.51e-05, stable for 3 iters
EV 121 converged λ = -1.0017667916, ‖r‖ = 7.86e-05, stable for 3 iters
EV 122 converged λ = -0.9949906537, ‖r‖ = 8.43e-05, stable for 3 iters
EV 123 converged λ = -0.9811878298, ‖r‖ = 8.87e-05, stable for 3 iters
EV 124 converged λ = -0.9558483315, ‖r‖ = 8.66e-05, stable for 3 iters
EV 125 converged λ = -0.9491566481, ‖r‖ = 7.46e-05, stable for 3 iters
EV 126 converged λ = -0.9457814221, ‖r‖ = 7.19e-05, stable for 3 iters
EV 127 converged λ = -0.9093255683, ‖r‖ = 1.26e-04, stable for 3 iters
EV 128 converged λ = -0.8894284869, ‖r‖ = 1.71e-04, stable for 3 iters
EV 129 converged λ = -0.8618417213, ‖r‖ = 1.56e-04, stable for 3 iters
EV 130 converged λ = -0.8598145754, ‖r‖ = 1.40e-04, stable for 3 iters
EV 131 converged λ = -0.8595760581, ‖r‖ = 1.48e-04, stable for 3 iters
Iter 9: V_size = 458, Converged = 131, ‖r‖ (largest λ) = 0.007553444503191285
Iter 10: V_size = 687, Converged = 131, ‖r‖ (largest λ) = 0.007044763897552955
Iter 11: V_size = 458, Converged = 131, ‖r‖ (largest λ) = 0.006965159485141386
EV 132 converged λ = -0.8084311390, ‖r‖ = 7.30e-05, stable for 3 iters
EV 133 converged λ = -0.8007151056, ‖r‖ = 9.23e-05, stable for 3 iters
EV 134 converged λ = -0.7796578865, ‖r‖ = 1.06e-04, stable for 3 iters
EV 135 converged λ = -0.7720179126, ‖r‖ = 1.02e-04, stable for 3 iters
EV 136 converged λ = -0.7694789789, ‖r‖ = 8.42e-05, stable for 3 iters
EV 137 converged λ = -0.7505396527, ‖r‖ = 9.83e-05, stable for 3 iters
EV 138 converged λ = -0.7384357244, ‖r‖ = 1.10e-04, stable for 3 iters
EV 139 converged λ = -0.7370373672, ‖r‖ = 8.82e-05, stable for 3 iters
EV 140 converged λ = -0.7303359751, ‖r‖ = 7.78e-05, stable for 3 iters
EV 141 converged λ = -0.7175510569, ‖r‖ = 1.03e-04, stable for 3 iters
EV 142 converged λ = -0.7040438592, ‖r‖ = 1.16e-04, stable for 3 iters
EV 143 converged λ = -0.6974086483, ‖r‖ = 1.49e-04, stable for 3 iters
EV 144 converged λ = -0.6876630020, ‖r‖ = 1.20e-04, stable for 3 iters
EV 145 converged λ = -0.6841181235, ‖r‖ = 1.12e-04, stable for 3 iters
EV 146 converged λ = -0.6797778889, ‖r‖ = 1.52e-04, stable for 3 iters
EV 147 converged λ = -0.6718547899, ‖r‖ = 1.32e-04, stable for 3 iters
EV 148 converged λ = -0.6452263220, ‖r‖ = 1.90e-04, stable for 3 iters
EV 149 converged λ = -0.6428981748, ‖r‖ = 1.22e-04, stable for 3 iters
EV 150 converged λ = -0.6372623839, ‖r‖ = 1.55e-04, stable for 3 iters
EV 151 converged λ = -0.6293186396, ‖r‖ = 1.73e-04, stable for 3 iters
EV 152 converged λ = -0.6226055045, ‖r‖ = 1.19e-04, stable for 3 iters
EV 153 converged λ = -0.6145449079, ‖r‖ = 1.60e-04, stable for 3 iters
EV 154 converged λ = -0.6089056904, ‖r‖ = 1.90e-04, stable for 3 iters
EV 155 converged λ = -0.5877838891, ‖r‖ = 1.78e-04, stable for 3 iters
EV 156 converged λ = -0.5664832453, ‖r‖ = 2.33e-04, stable for 3 iters
EV 157 converged λ = -0.5199980674, ‖r‖ = 2.10e-04, stable for 3 iters
EV 158 converged λ = -0.5152167094, ‖r‖ = 2.21e-04, stable for 3 iters
EV 159 converged λ = -0.5140594122, ‖r‖ = 2.61e-04, stable for 3 iters
EV 160 converged λ = -0.5010357500, ‖r‖ = 1.98e-04, stable for 3 iters
EV 161 converged λ = -0.4957452511, ‖r‖ = 3.35e-04, stable for 3 iters
EV 162 converged λ = -0.4884203077, ‖r‖ = 3.79e-04, stable for 3 iters
EV 163 converged λ = -0.4839657528, ‖r‖ = 3.54e-04, stable for 3 iters
EV 164 converged λ = -0.4836382979, ‖r‖ = 3.15e-04, stable for 3 iters
EV 165 converged λ = -0.4828994548, ‖r‖ = 3.29e-04, stable for 3 iters
EV 166 converged λ = -0.4725358064, ‖r‖ = 3.14e-04, stable for 3 iters
EV 167 converged λ = -0.4692611065, ‖r‖ = 3.24e-04, stable for 3 iters
EV 168 converged λ = -0.4617987791, ‖r‖ = 2.95e-04, stable for 3 iters
EV 169 converged λ = -0.4497609905, ‖r‖ = 4.78e-04, stable for 3 iters
EV 170 converged λ = -0.4479906436, ‖r‖ = 4.42e-04, stable for 3 iters
EV 171 converged λ = -0.4452999785, ‖r‖ = 3.77e-04, stable for 3 iters
EV 172 converged λ = -0.4319260421, ‖r‖ = 4.42e-04, stable for 3 iters
EV 173 converged λ = -0.4309953404, ‖r‖ = 3.93e-04, stable for 3 iters
EV 174 converged λ = -0.4160587255, ‖r‖ = 4.92e-04, stable for 3 iters
EV 175 converged λ = -0.4001673409, ‖r‖ = 4.77e-04, stable for 3 iters
EV 176 converged λ = -0.3974116397, ‖r‖ = 5.07e-04, stable for 3 iters
EV 177 converged λ = -0.3908174684, ‖r‖ = 5.30e-04, stable for 3 iters
EV 178 converged λ = -0.3875406800, ‖r‖ = 5.90e-04, stable for 3 iters
EV 179 converged λ = -0.3819832780, ‖r‖ = 4.12e-04, stable for 3 iters
EV 180 converged λ = -0.3795487745, ‖r‖ = 4.38e-04, stable for 3 iters
EV 181 converged λ = -0.3660847818, ‖r‖ = 4.42e-04, stable for 3 iters
EV 182 converged λ = -0.3618214887, ‖r‖ = 5.49e-04, stable for 3 iters
EV 183 converged λ = -0.3514070152, ‖r‖ = 7.12e-04, stable for 3 iters
EV 184 converged λ = -0.3509068004, ‖r‖ = 6.97e-04, stable for 3 iters
EV 185 converged λ = -0.3468603216, ‖r‖ = 6.75e-04, stable for 3 iters
EV 186 converged λ = -0.3395267820, ‖r‖ = 6.12e-04, stable for 3 iters
EV 187 converged λ = -0.3363542472, ‖r‖ = 5.45e-04, stable for 3 iters
EV 188 converged λ = -0.3347060835, ‖r‖ = 7.23e-04, stable for 3 iters
EV 189 converged λ = -0.3331288352, ‖r‖ = 8.01e-04, stable for 3 iters
EV 190 converged λ = -0.3273353635, ‖r‖ = 6.58e-04, stable for 3 iters
EV 191 converged λ = -0.3254746998, ‖r‖ = 6.83e-04, stable for 3 iters
EV 192 converged λ = -0.3194445245, ‖r‖ = 5.32e-04, stable for 3 iters
EV 193 converged λ = -0.3149544295, ‖r‖ = 7.42e-04, stable for 3 iters
EV 194 converged λ = -0.3117577380, ‖r‖ = 6.67e-04, stable for 3 iters
EV 195 converged λ = -0.3106258540, ‖r‖ = 8.47e-04, stable for 3 iters
EV 196 converged λ = -0.3036836738, ‖r‖ = 6.41e-04, stable for 3 iters
EV 197 converged λ = -0.2959407240, ‖r‖ = 7.08e-04, stable for 3 iters
EV 198 converged λ = -0.2925873825, ‖r‖ = 6.32e-04, stable for 3 iters
EV 199 converged λ = -0.2864932200, ‖r‖ = 7.96e-04, stable for 3 iters
EV 200 converged λ = -0.2827580584, ‖r‖ = 8.36e-04, stable for 3 iters
EV 201 converged λ = -0.2724146945, ‖r‖ = 6.75e-04, stable for 3 iters
EV 202 converged λ = -0.2720475171, ‖r‖ = 6.16e-04, stable for 3 iters
EV 203 converged λ = -0.2619888633, ‖r‖ = 8.21e-04, stable for 3 iters
EV 204 converged λ = -0.2552673468, ‖r‖ = 8.06e-04, stable for 3 iters
EV 205 converged λ = -0.2459194745, ‖r‖ = 8.06e-04, stable for 3 iters
EV 206 converged λ = -0.2390675103, ‖r‖ = 8.87e-04, stable for 3 iters
Iter 12: V_size = 612, Converged = 206, ‖r‖ (largest λ) = 0.00676558911901798
Iter 13: V_size = 308, Converged = 206, ‖r‖ (largest λ) = 0.023504798875889858
Iter 14: V_size = 462, Converged = 206, ‖r‖ (largest λ) = 0.0024174991680544627
Iter 15: V_size = 616, Converged = 206, ‖r‖ (largest λ) = 0.020822368149318052
EV 207 converged λ = -0.3050636765, ‖r‖ = 8.13e-04, stable for 3 iters
EV 208 converged λ = -0.2973023325, ‖r‖ = 8.26e-04, stable for 3 iters
EV 209 converged λ = -0.2948142818, ‖r‖ = 8.87e-04, stable for 3 iters
EV 210 converged λ = -0.2576242202, ‖r‖ = 8.43e-04, stable for 3 iters
EV 211 converged λ = -0.2569984184, ‖r‖ = 9.44e-04, stable for 3 iters
EV 212 converged λ = -0.2543987401, ‖r‖ = 8.78e-04, stable for 3 iters
EV 213 converged λ = -0.2536275508, ‖r‖ = 9.52e-04, stable for 3 iters
EV 214 converged λ = -0.2533283954, ‖r‖ = 8.03e-04, stable for 3 iters
EV 215 converged λ = -0.2437313587, ‖r‖ = 9.31e-04, stable for 3 iters
EV 216 converged λ = -0.2417666988, ‖r‖ = 1.03e-03, stable for 3 iters
EV 217 converged λ = -0.2379612298, ‖r‖ = 1.06e-03, stable for 3 iters
EV 218 converged λ = -0.2371320056, ‖r‖ = 1.03e-03, stable for 3 iters
EV 219 converged λ = -0.2347843570, ‖r‖ = 1.09e-03, stable for 3 iters
EV 220 converged λ = -0.2310741590, ‖r‖ = 9.05e-04, stable for 3 iters
EV 221 converged λ = -0.2302202213, ‖r‖ = 9.46e-04, stable for 3 iters
EV 222 converged λ = -0.2276299534, ‖r‖ = 1.13e-03, stable for 3 iters
EV 223 converged λ = -0.2247818828, ‖r‖ = 9.70e-04, stable for 3 iters
EV 224 converged λ = -0.2235391174, ‖r‖ = 1.03e-03, stable for 3 iters
EV 225 converged λ = -0.2138675313, ‖r‖ = 8.71e-04, stable for 3 iters
EV 226 converged λ = -0.2134459779, ‖r‖ = 1.12e-03, stable for 3 iters
EV 227 converged λ = -0.2113952088, ‖r‖ = 1.18e-03, stable for 3 iters
EV 228 converged λ = -0.2102460814, ‖r‖ = 1.08e-03, stable for 3 iters
EV 229 converged λ = -0.2063793920, ‖r‖ = 1.09e-03, stable for 3 iters
EV 230 converged λ = -0.2060792960, ‖r‖ = 1.24e-03, stable for 3 iters
EV 231 converged λ = -0.2023154517, ‖r‖ = 1.13e-03, stable for 3 iters
EV 232 converged λ = -0.1997059436, ‖r‖ = 1.16e-03, stable for 3 iters
EV 233 converged λ = -0.1964975145, ‖r‖ = 1.27e-03, stable for 3 iters
EV 234 converged λ = -0.1905318944, ‖r‖ = 1.20e-03, stable for 3 iters
EV 235 converged λ = -0.1862170358, ‖r‖ = 1.28e-03, stable for 3 iters
EV 236 converged λ = -0.1856372053, ‖r‖ = 1.11e-03, stable for 3 iters
EV 237 converged λ = -0.1831438721, ‖r‖ = 1.54e-03, stable for 3 iters
EV 238 converged λ = -0.1809671134, ‖r‖ = 1.36e-03, stable for 3 iters
EV 239 converged λ = -0.1782305567, ‖r‖ = 1.29e-03, stable for 3 iters
EV 240 converged λ = -0.1734957683, ‖r‖ = 1.23e-03, stable for 3 iters
EV 241 converged λ = -0.1699825327, ‖r‖ = 1.37e-03, stable for 3 iters
EV 242 converged λ = -0.1695649209, ‖r‖ = 1.43e-03, stable for 3 iters
EV 243 converged λ = -0.1683067693, ‖r‖ = 1.49e-03, stable for 3 iters
EV 244 converged λ = -0.1653864114, ‖r‖ = 1.30e-03, stable for 3 iters
EV 245 converged λ = -0.1631987167, ‖r‖ = 1.26e-03, stable for 3 iters
EV 246 converged λ = -0.1594446438, ‖r‖ = 1.47e-03, stable for 3 iters
EV 247 converged λ = -0.1515129305, ‖r‖ = 1.44e-03, stable for 3 iters
Iter 16: V_size = 729, Converged = 247, ‖r‖ (largest λ) = 0.012168350889966201
Iter 17: V_size = 226, Converged = 247, ‖r‖ (largest λ) = 0.05643148980502511
Iter 18: V_size = 339, Converged = 247, ‖r‖ (largest λ) = 0.004301260003160293
Iter 19: V_size = 452, Converged = 247, ‖r‖ (largest λ) = 0.014314027609986148
EV 248 converged λ = -0.1446510652, ‖r‖ = 1.49e-03, stable for 3 iters
Switching to MINRES for correction equations at iteration 20
