Processing molecule: formaldehyde
Running with alpha = 4
Running with l = 10
read ../formaldehyde/gamma_VASP_RNDbasis1.dat
Davidson
iter=     1  rel‖R‖=  3.324e+01  size(V,2)=    60
iter=     2  rel‖R‖=  1.971e+01  size(V,2)=   120
iter=     3  rel‖R‖=  4.462e+00  size(V,2)=   180
iter=     4  rel‖R‖=  8.574e-01  size(V,2)=   240
iter=     5  rel‖R‖=  2.989e-01  size(V,2)=   120
iter=     6  rel‖R‖=  8.981e-02  size(V,2)=   180
iter=     7  rel‖R‖=  1.741e-02  size(V,2)=   240
iter=     8  rel‖R‖=  3.473e-03  size(V,2)=   120
converged!
 56.157681 seconds (6.98 k allocations: 1.677 GiB, 0.18% gc time)
Total estimated FLOPs: 2689417589820

Reading exact Eigenvalues...
Reading eigenvalues from ../Eigenvalues_folder/eigenres_formaldehyde_RNDbasis1.jld2

Difference between Davidson and exact eigenvalues:
1×60 adjoint(::Vector{Float64}) with eltype Float64:
 2.27374e-13  5.68434e-13  0.0  -2.55795e-13  -2.84217e-14  1.7053e-13  -1.98952e-13  3.12639e-13  5.68434e-14  -1.42109e-14  2.84217e-14  -3.55271e-14  2.13163e-14  -2.13163e-14  7.10543e-15  6.39488e-14  -2.13163e-14  -1.13687e-13  1.77636e-14  8.88178e-14  1.3145e-13  6.71463e-13  5.43565e-13  2.62901e-12  1.78701e-12  1.25056e-12  2.9452e-12  8.25295e-12  1.73603e-11  1.17648e-11  1.5536e-11  1.71418e-12  2.35865e-11  5.95559e-11  1.98309e-10  1.03961e-10  2.0033e-9  3.11362e-10  2.52506e-9  3.32496e-9  1.67742e-9  2.14062e-8  3.60022e-8  3.64539e-8  1.64891e-7  1.21685e-7  2.33909e-7  3.18836e-7  3.40574e-7  3.18623e-6  2.47099e-6  3.16666e-6  1.44651e-6  4.81059e-6  5.64697e-6  1.6821e-5  1.01959e-5  2.16923e-5  3.9998e-5  0.000177559
60 Eigenvalues converges, out of 60 requested.
Running with l = 50
read ../formaldehyde/gamma_VASP_RNDbasis1.dat
Davidson
iter=     1  rel‖R‖=  1.983e+01  size(V,2)=   300
iter=     2  rel‖R‖=  4.213e+00  size(V,2)=   600
iter=     3  rel‖R‖=  4.699e-01  size(V,2)=   900
iter=     4  rel‖R‖=  1.480e-01  size(V,2)=  1200
iter=     5  rel‖R‖=  1.061e-01  size(V,2)=   600
iter=     6  rel‖R‖=  9.234e-02  size(V,2)=   900
iter=     7  rel‖R‖=  8.264e-02  size(V,2)=  1200
iter=     8  rel‖R‖=  7.668e-02  size(V,2)=   600
iter=     9  rel‖R‖=  7.266e-02  size(V,2)=   900
iter=    10  rel‖R‖=  6.880e-02  size(V,2)=  1200
iter=    11  rel‖R‖=  6.661e-02  size(V,2)=   600
iter=    12  rel‖R‖=  6.523e-02  size(V,2)=   900
iter=    13  rel‖R‖=  6.376e-02  size(V,2)=  1200
iter=    14  rel‖R‖=  6.285e-02  size(V,2)=   600
iter=    15  rel‖R‖=  6.212e-02  size(V,2)=   900
iter=    16  rel‖R‖=  6.132e-02  size(V,2)=  1200
iter=    17  rel‖R‖=  6.078e-02  size(V,2)=   600
iter=    18  rel‖R‖=  6.025e-02  size(V,2)=   900
iter=    19  rel‖R‖=  5.956e-02  size(V,2)=  1200
iter=    20  rel‖R‖=  5.914e-02  size(V,2)=   600
iter=    21  rel‖R‖=  5.866e-02  size(V,2)=   900
iter=    22  rel‖R‖=  5.811e-02  size(V,2)=  1200
iter=    23  rel‖R‖=  5.774e-02  size(V,2)=   600
iter=    24  rel‖R‖=  5.731e-02  size(V,2)=   900
iter=    25  rel‖R‖=  5.682e-02  size(V,2)=  1200
iter=    26  rel‖R‖=  5.651e-02  size(V,2)=   600
iter=    27  rel‖R‖=  5.613e-02  size(V,2)=   900
iter=    28  rel‖R‖=  5.571e-02  size(V,2)=  1200
iter=    29  rel‖R‖=  5.540e-02  size(V,2)=   600
iter=    30  rel‖R‖=  5.504e-02  size(V,2)=   900
iter=    31  rel‖R‖=  5.463e-02  size(V,2)=  1200
iter=    32  rel‖R‖=  5.436e-02  size(V,2)=   600
iter=    33  rel‖R‖=  5.402e-02  size(V,2)=   900
iter=    34  rel‖R‖=  5.365e-02  size(V,2)=  1200
iter=    35  rel‖R‖=  5.340e-02  size(V,2)=   600
iter=    36  rel‖R‖=  5.308e-02  size(V,2)=   900
iter=    37  rel‖R‖=  5.272e-02  size(V,2)=  1200
iter=    38  rel‖R‖=  5.247e-02  size(V,2)=   600
iter=    39  rel‖R‖=  5.217e-02  size(V,2)=   900
iter=    40  rel‖R‖=  5.181e-02  size(V,2)=  1200
iter=    41  rel‖R‖=  5.158e-02  size(V,2)=   600
iter=    42  rel‖R‖=  5.131e-02  size(V,2)=   900
iter=    43  rel‖R‖=  5.096e-02  size(V,2)=  1200
iter=    44  rel‖R‖=  5.073e-02  size(V,2)=   600
iter=    45  rel‖R‖=  5.046e-02  size(V,2)=   900
iter=    46  rel‖R‖=  5.012e-02  size(V,2)=  1200
iter=    47  rel‖R‖=  4.993e-02  size(V,2)=   600
iter=    48  rel‖R‖=  4.967e-02  size(V,2)=   900
iter=    49  rel‖R‖=  4.937e-02  size(V,2)=  1200
iter=    50  rel‖R‖=  4.917e-02  size(V,2)=   600
iter=    51  rel‖R‖=  4.893e-02  size(V,2)=   900
iter=    52  rel‖R‖=  4.864e-02  size(V,2)=  1200
iter=    53  rel‖R‖=  4.845e-02  size(V,2)=   600
iter=    54  rel‖R‖=  4.821e-02  size(V,2)=   900
iter=    55  rel‖R‖=  4.792e-02  size(V,2)=  1200
iter=    56  rel‖R‖=  4.774e-02  size(V,2)=   600
iter=    57  rel‖R‖=  4.750e-02  size(V,2)=   900
iter=    58  rel‖R‖=  4.726e-02  size(V,2)=  1200
iter=    59  rel‖R‖=  4.709e-02  size(V,2)=   600
iter=    60  rel‖R‖=  4.687e-02  size(V,2)=   900
iter=    61  rel‖R‖=  4.660e-02  size(V,2)=  1200
iter=    62  rel‖R‖=  4.644e-02  size(V,2)=   600
iter=    63  rel‖R‖=  4.623e-02  size(V,2)=   900
iter=    64  rel‖R‖=  4.598e-02  size(V,2)=  1200
iter=    65  rel‖R‖=  4.584e-02  size(V,2)=   600
iter=    66  rel‖R‖=  4.563e-02  size(V,2)=   900
iter=    67  rel‖R‖=  4.538e-02  size(V,2)=  1200
iter=    68  rel‖R‖=  4.522e-02  size(V,2)=   600
iter=    69  rel‖R‖=  4.501e-02  size(V,2)=   900
iter=    70  rel‖R‖=  4.479e-02  size(V,2)=  1200
iter=    71  rel‖R‖=  4.465e-02  size(V,2)=   600
iter=    72  rel‖R‖=  4.446e-02  size(V,2)=   900
iter=    73  rel‖R‖=  4.425e-02  size(V,2)=  1200
iter=    74  rel‖R‖=  4.412e-02  size(V,2)=   600
iter=    75  rel‖R‖=  4.394e-02  size(V,2)=   900
iter=    76  rel‖R‖=  4.372e-02  size(V,2)=  1200
iter=    77  rel‖R‖=  4.359e-02  size(V,2)=   600
iter=    78  rel‖R‖=  4.340e-02  size(V,2)=   900
iter=    79  rel‖R‖=  4.319e-02  size(V,2)=  1200
iter=    80  rel‖R‖=  4.306e-02  size(V,2)=   600
iter=    81  rel‖R‖=  4.289e-02  size(V,2)=   900
iter=    82  rel‖R‖=  4.267e-02  size(V,2)=  1200
iter=    83  rel‖R‖=  4.254e-02  size(V,2)=   600
iter=    84  rel‖R‖=  4.238e-02  size(V,2)=   900
iter=    85  rel‖R‖=  4.219e-02  size(V,2)=  1200
iter=    86  rel‖R‖=  4.207e-02  size(V,2)=   600
iter=    87  rel‖R‖=  4.191e-02  size(V,2)=   900
iter=    88  rel‖R‖=  4.172e-02  size(V,2)=  1200
iter=    89  rel‖R‖=  4.160e-02  size(V,2)=   600
iter=    90  rel‖R‖=  4.144e-02  size(V,2)=   900
iter=    91  rel‖R‖=  4.125e-02  size(V,2)=  1200
iter=    92  rel‖R‖=  4.113e-02  size(V,2)=   600
iter=    93  rel‖R‖=  4.098e-02  size(V,2)=   900
iter=    94  rel‖R‖=  4.081e-02  size(V,2)=  1200
iter=    95  rel‖R‖=  4.069e-02  size(V,2)=   600
iter=    96  rel‖R‖=  4.054e-02  size(V,2)=   900
iter=    97  rel‖R‖=  4.036e-02  size(V,2)=  1200
iter=    98  rel‖R‖=  4.025e-02  size(V,2)=   600
iter=    99  rel‖R‖=  4.011e-02  size(V,2)=   900
iter=   100  rel‖R‖=  3.994e-02  size(V,2)=  1200
iter=   101  rel‖R‖=  3.983e-02  size(V,2)=   600
iter=   102  rel‖R‖=  3.969e-02  size(V,2)=   900
iter=   103  rel‖R‖=  3.951e-02  size(V,2)=  1200
iter=   104  rel‖R‖=  3.940e-02  size(V,2)=   600
iter=   105  rel‖R‖=  3.926e-02  size(V,2)=   900
iter=   106  rel‖R‖=  3.910e-02  size(V,2)=  1200
iter=   107  rel‖R‖=  3.899e-02  size(V,2)=   600
iter=   108  rel‖R‖=  3.886e-02  size(V,2)=   900
iter=   109  rel‖R‖=  3.870e-02  size(V,2)=  1200
iter=   110  rel‖R‖=  3.859e-02  size(V,2)=   600
iter=   111  rel‖R‖=  3.845e-02  size(V,2)=   900
iter=   112  rel‖R‖=  3.830e-02  size(V,2)=  1200
iter=   113  rel‖R‖=  3.820e-02  size(V,2)=   600
iter=   114  rel‖R‖=  3.807e-02  size(V,2)=   900
iter=   115  rel‖R‖=  3.791e-02  size(V,2)=  1200
iter=   116  rel‖R‖=  3.781e-02  size(V,2)=   600
iter=   117  rel‖R‖=  3.768e-02  size(V,2)=   900
iter=   118  rel‖R‖=  3.753e-02  size(V,2)=  1200
iter=   119  rel‖R‖=  3.744e-02  size(V,2)=   600
iter=   120  rel‖R‖=  3.731e-02  size(V,2)=   900
iter=   121  rel‖R‖=  3.717e-02  size(V,2)=  1200
iter=   122  rel‖R‖=  3.707e-02  size(V,2)=   600
iter=   123  rel‖R‖=  3.695e-02  size(V,2)=   900
iter=   124  rel‖R‖=  3.681e-02  size(V,2)=  1200
iter=   125  rel‖R‖=  3.673e-02  size(V,2)=   600
iter=   126  rel‖R‖=  3.661e-02  size(V,2)=   900
iter=   127  rel‖R‖=  3.647e-02  size(V,2)=  1200
iter=   128  rel‖R‖=  3.638e-02  size(V,2)=   600
iter=   129  rel‖R‖=  3.627e-02  size(V,2)=   900
iter=   130  rel‖R‖=  3.613e-02  size(V,2)=  1200
iter=   131  rel‖R‖=  3.605e-02  size(V,2)=   600
iter=   132  rel‖R‖=  3.594e-02  size(V,2)=   900
iter=   133  rel‖R‖=  3.579e-02  size(V,2)=  1200
iter=   134  rel‖R‖=  3.570e-02  size(V,2)=   600
iter=   135  rel‖R‖=  3.559e-02  size(V,2)=   900
iter=   136  rel‖R‖=  3.546e-02  size(V,2)=  1200
iter=   137  rel‖R‖=  3.538e-02  size(V,2)=   600
iter=   138  rel‖R‖=  3.527e-02  size(V,2)=   900
iter=   139  rel‖R‖=  3.514e-02  size(V,2)=  1200
iter=   140  rel‖R‖=  3.506e-02  size(V,2)=   600
iter=   141  rel‖R‖=  3.495e-02  size(V,2)=   900
iter=   142  rel‖R‖=  3.482e-02  size(V,2)=  1200
iter=   143  rel‖R‖=  3.474e-02  size(V,2)=   600
iter=   144  rel‖R‖=  3.463e-02  size(V,2)=   900
iter=   145  rel‖R‖=  3.450e-02  size(V,2)=  1200
iter=   146  rel‖R‖=  3.443e-02  size(V,2)=   600
iter=   147  rel‖R‖=  3.432e-02  size(V,2)=   900
iter=   148  rel‖R‖=  3.419e-02  size(V,2)=  1200
iter=   149  rel‖R‖=  3.411e-02  size(V,2)=   600
iter=   150  rel‖R‖=  3.401e-02  size(V,2)=   900
iter=   151  rel‖R‖=  3.389e-02  size(V,2)=  1200
iter=   152  rel‖R‖=  3.381e-02  size(V,2)=   600
iter=   153  rel‖R‖=  3.371e-02  size(V,2)=   900
iter=   154  rel‖R‖=  3.360e-02  size(V,2)=  1200
iter=   155  rel‖R‖=  3.352e-02  size(V,2)=   600
iter=   156  rel‖R‖=  3.342e-02  size(V,2)=   900
iter=   157  rel‖R‖=  3.330e-02  size(V,2)=  1200
iter=   158  rel‖R‖=  3.322e-02  size(V,2)=   600
iter=   159  rel‖R‖=  3.313e-02  size(V,2)=   900
iter=   160  rel‖R‖=  3.302e-02  size(V,2)=  1200
iter=   161  rel‖R‖=  3.295e-02  size(V,2)=   600
iter=   162  rel‖R‖=  3.285e-02  size(V,2)=   900
iter=   163  rel‖R‖=  3.274e-02  size(V,2)=  1200
iter=   164  rel‖R‖=  3.267e-02  size(V,2)=   600
iter=   165  rel‖R‖=  3.258e-02  size(V,2)=   900
iter=   166  rel‖R‖=  3.247e-02  size(V,2)=  1200
iter=   167  rel‖R‖=  3.240e-02  size(V,2)=   600
iter=   168  rel‖R‖=  3.231e-02  size(V,2)=   900
iter=   169  rel‖R‖=  3.220e-02  size(V,2)=  1200
iter=   170  rel‖R‖=  3.213e-02  size(V,2)=   600
iter=   171  rel‖R‖=  3.204e-02  size(V,2)=   900
iter=   172  rel‖R‖=  3.193e-02  size(V,2)=  1200
iter=   173  rel‖R‖=  3.186e-02  size(V,2)=   600
iter=   174  rel‖R‖=  3.177e-02  size(V,2)=   900
iter=   175  rel‖R‖=  3.166e-02  size(V,2)=  1200
iter=   176  rel‖R‖=  3.159e-02  size(V,2)=   600
iter=   177  rel‖R‖=  3.150e-02  size(V,2)=   900
iter=   178  rel‖R‖=  3.139e-02  size(V,2)=  1200
iter=   179  rel‖R‖=  3.133e-02  size(V,2)=   600
iter=   180  rel‖R‖=  3.124e-02  size(V,2)=   900
iter=   181  rel‖R‖=  3.113e-02  size(V,2)=  1200
iter=   182  rel‖R‖=  3.106e-02  size(V,2)=   600
iter=   183  rel‖R‖=  3.098e-02  size(V,2)=   900
iter=   184  rel‖R‖=  3.088e-02  size(V,2)=  1200
iter=   185  rel‖R‖=  3.081e-02  size(V,2)=   600
iter=   186  rel‖R‖=  3.073e-02  size(V,2)=   900
iter=   187  rel‖R‖=  3.062e-02  size(V,2)=  1200
iter=   188  rel‖R‖=  3.056e-02  size(V,2)=   600
iter=   189  rel‖R‖=  3.048e-02  size(V,2)=   900
iter=   190  rel‖R‖=  3.038e-02  size(V,2)=  1200
iter=   191  rel‖R‖=  3.032e-02  size(V,2)=   600
iter=   192  rel‖R‖=  3.023e-02  size(V,2)=   900
iter=   193  rel‖R‖=  3.014e-02  size(V,2)=  1200
iter=   194  rel‖R‖=  3.008e-02  size(V,2)=   600
iter=   195  rel‖R‖=  2.999e-02  size(V,2)=   900
iter=   196  rel‖R‖=  2.990e-02  size(V,2)=  1200
iter=   197  rel‖R‖=  2.984e-02  size(V,2)=   600
iter=   198  rel‖R‖=  2.976e-02  size(V,2)=   900
iter=   199  rel‖R‖=  2.966e-02  size(V,2)=  1200
iter=   200  rel‖R‖=  2.961e-02  size(V,2)=   600
iter=   201  rel‖R‖=  2.953e-02  size(V,2)=   900
iter=   202  rel‖R‖=  2.943e-02  size(V,2)=  1200
iter=   203  rel‖R‖=  2.938e-02  size(V,2)=   600
iter=   204  rel‖R‖=  2.930e-02  size(V,2)=   900
iter=   205  rel‖R‖=  2.921e-02  size(V,2)=  1200
iter=   206  rel‖R‖=  2.915e-02  size(V,2)=   600
iter=   207  rel‖R‖=  2.908e-02  size(V,2)=   900
iter=   208  rel‖R‖=  2.899e-02  size(V,2)=  1200
iter=   209  rel‖R‖=  2.894e-02  size(V,2)=   600
iter=   210  rel‖R‖=  2.886e-02  size(V,2)=   900
iter=   211  rel‖R‖=  2.877e-02  size(V,2)=  1200
iter=   212  rel‖R‖=  2.872e-02  size(V,2)=   600
iter=   213  rel‖R‖=  2.865e-02  size(V,2)=   900
iter=   214  rel‖R‖=  2.856e-02  size(V,2)=  1200
iter=   215  rel‖R‖=  2.851e-02  size(V,2)=   600
iter=   216  rel‖R‖=  2.844e-02  size(V,2)=   900
iter=   217  rel‖R‖=  2.836e-02  size(V,2)=  1200
iter=   218  rel‖R‖=  2.831e-02  size(V,2)=   600
iter=   219  rel‖R‖=  2.824e-02  size(V,2)=   900
iter=   220  rel‖R‖=  2.816e-02  size(V,2)=  1200
iter=   221  rel‖R‖=  2.811e-02  size(V,2)=   600
iter=   222  rel‖R‖=  2.804e-02  size(V,2)=   900
iter=   223  rel‖R‖=  2.796e-02  size(V,2)=  1200
iter=   224  rel‖R‖=  2.791e-02  size(V,2)=   600
iter=   225  rel‖R‖=  2.784e-02  size(V,2)=   900
iter=   226  rel‖R‖=  2.776e-02  size(V,2)=  1200
iter=   227  rel‖R‖=  2.771e-02  size(V,2)=   600
iter=   228  rel‖R‖=  2.764e-02  size(V,2)=   900
iter=   229  rel‖R‖=  2.756e-02  size(V,2)=  1200
iter=   230  rel‖R‖=  2.751e-02  size(V,2)=   600
iter=   231  rel‖R‖=  2.744e-02  size(V,2)=   900
iter=   232  rel‖R‖=  2.736e-02  size(V,2)=  1200
iter=   233  rel‖R‖=  2.731e-02  size(V,2)=   600
iter=   234  rel‖R‖=  2.724e-02  size(V,2)=   900
iter=   235  rel‖R‖=  2.716e-02  size(V,2)=  1200
iter=   236  rel‖R‖=  2.712e-02  size(V,2)=   600
iter=   237  rel‖R‖=  2.705e-02  size(V,2)=   900
iter=   238  rel‖R‖=  2.698e-02  size(V,2)=  1200
iter=   239  rel‖R‖=  2.693e-02  size(V,2)=   600
iter=   240  rel‖R‖=  2.686e-02  size(V,2)=   900
iter=   241  rel‖R‖=  2.678e-02  size(V,2)=  1200
iter=   242  rel‖R‖=  2.674e-02  size(V,2)=   600
iter=   243  rel‖R‖=  2.667e-02  size(V,2)=   900
iter=   244  rel‖R‖=  2.660e-02  size(V,2)=  1200
iter=   245  rel‖R‖=  2.655e-02  size(V,2)=   600
iter=   246  rel‖R‖=  2.649e-02  size(V,2)=   900
iter=   247  rel‖R‖=  2.642e-02  size(V,2)=  1200
iter=   248  rel‖R‖=  2.638e-02  size(V,2)=   600
iter=   249  rel‖R‖=  2.631e-02  size(V,2)=   900
iter=   250  rel‖R‖=  2.623e-02  size(V,2)=  1200
iter=   251  rel‖R‖=  2.619e-02  size(V,2)=   600
iter=   252  rel‖R‖=  2.613e-02  size(V,2)=   900
iter=   253  rel‖R‖=  2.606e-02  size(V,2)=  1200
iter=   254  rel‖R‖=  2.601e-02  size(V,2)=   600
iter=   255  rel‖R‖=  2.595e-02  size(V,2)=   900
iter=   256  rel‖R‖=  2.588e-02  size(V,2)=  1200
iter=   257  rel‖R‖=  2.583e-02  size(V,2)=   600
iter=   258  rel‖R‖=  2.577e-02  size(V,2)=   900
iter=   259  rel‖R‖=  2.569e-02  size(V,2)=  1200
iter=   260  rel‖R‖=  2.565e-02  size(V,2)=   600
iter=   261  rel‖R‖=  2.559e-02  size(V,2)=   900
iter=   262  rel‖R‖=  2.551e-02  size(V,2)=  1200
iter=   263  rel‖R‖=  2.547e-02  size(V,2)=   600
iter=   264  rel‖R‖=  2.541e-02  size(V,2)=   900
iter=   265  rel‖R‖=  2.533e-02  size(V,2)=  1200
iter=   266  rel‖R‖=  2.529e-02  size(V,2)=   600
iter=   267  rel‖R‖=  2.524e-02  size(V,2)=   900
iter=   268  rel‖R‖=  2.517e-02  size(V,2)=  1200
iter=   269  rel‖R‖=  2.513e-02  size(V,2)=   600
iter=   270  rel‖R‖=  2.507e-02  size(V,2)=   900
iter=   271  rel‖R‖=  2.501e-02  size(V,2)=  1200
iter=   272  rel‖R‖=  2.497e-02  size(V,2)=   600
iter=   273  rel‖R‖=  2.491e-02  size(V,2)=   900
iter=   274  rel‖R‖=  2.485e-02  size(V,2)=  1200
iter=   275  rel‖R‖=  2.481e-02  size(V,2)=   600
iter=   276  rel‖R‖=  2.476e-02  size(V,2)=   900
iter=   277  rel‖R‖=  2.470e-02  size(V,2)=  1200
iter=   278  rel‖R‖=  2.466e-02  size(V,2)=   600
iter=   279  rel‖R‖=  2.461e-02  size(V,2)=   900
iter=   280  rel‖R‖=  2.454e-02  size(V,2)=  1200
iter=   281  rel‖R‖=  2.451e-02  size(V,2)=   600
iter=   282  rel‖R‖=  2.445e-02  size(V,2)=   900
iter=   283  rel‖R‖=  2.439e-02  size(V,2)=  1200
iter=   284  rel‖R‖=  2.436e-02  size(V,2)=   600
iter=   285  rel‖R‖=  2.430e-02  size(V,2)=   900
iter=   286  rel‖R‖=  2.424e-02  size(V,2)=  1200
iter=   287  rel‖R‖=  2.421e-02  size(V,2)=   600
iter=   288  rel‖R‖=  2.416e-02  size(V,2)=   900
iter=   289  rel‖R‖=  2.409e-02  size(V,2)=  1200
iter=   290  rel‖R‖=  2.406e-02  size(V,2)=   600
iter=   291  rel‖R‖=  2.400e-02  size(V,2)=   900
iter=   292  rel‖R‖=  2.394e-02  size(V,2)=  1200
iter=   293  rel‖R‖=  2.391e-02  size(V,2)=   600
iter=   294  rel‖R‖=  2.385e-02  size(V,2)=   900
iter=   295  rel‖R‖=  2.379e-02  size(V,2)=  1200
iter=   296  rel‖R‖=  2.375e-02  size(V,2)=   600
iter=   297  rel‖R‖=  2.370e-02  size(V,2)=   900
iter=   298  rel‖R‖=  2.364e-02  size(V,2)=  1200
iter=   299  rel‖R‖=  2.360e-02  size(V,2)=   600
iter=   300  rel‖R‖=  2.356e-02  size(V,2)=   900
iter=   301  rel‖R‖=  2.349e-02  size(V,2)=  1200
iter=   302  rel‖R‖=  2.346e-02  size(V,2)=   600
iter=   303  rel‖R‖=  2.341e-02  size(V,2)=   900
iter=   304  rel‖R‖=  2.335e-02  size(V,2)=  1200
iter=   305  rel‖R‖=  2.331e-02  size(V,2)=   600
iter=   306  rel‖R‖=  2.326e-02  size(V,2)=   900
iter=   307  rel‖R‖=  2.320e-02  size(V,2)=  1200
iter=   308  rel‖R‖=  2.317e-02  size(V,2)=   600
iter=   309  rel‖R‖=  2.312e-02  size(V,2)=   900
iter=   310  rel‖R‖=  2.306e-02  size(V,2)=  1200
iter=   311  rel‖R‖=  2.303e-02  size(V,2)=   600
iter=   312  rel‖R‖=  2.299e-02  size(V,2)=   900
iter=   313  rel‖R‖=  2.293e-02  size(V,2)=  1200
iter=   314  rel‖R‖=  2.290e-02  size(V,2)=   600
iter=   315  rel‖R‖=  2.285e-02  size(V,2)=   900
iter=   316  rel‖R‖=  2.280e-02  size(V,2)=  1200
iter=   317  rel‖R‖=  2.276e-02  size(V,2)=   600
iter=   318  rel‖R‖=  2.272e-02  size(V,2)=   900
iter=   319  rel‖R‖=  2.266e-02  size(V,2)=  1200
iter=   320  rel‖R‖=  2.263e-02  size(V,2)=   600
iter=   321  rel‖R‖=  2.258e-02  size(V,2)=   900
iter=   322  rel‖R‖=  2.253e-02  size(V,2)=  1200
iter=   323  rel‖R‖=  2.250e-02  size(V,2)=   600
iter=   324  rel‖R‖=  2.245e-02  size(V,2)=   900
iter=   325  rel‖R‖=  2.240e-02  size(V,2)=  1200
iter=   326  rel‖R‖=  2.237e-02  size(V,2)=   600
iter=   327  rel‖R‖=  2.232e-02  size(V,2)=   900
iter=   328  rel‖R‖=  2.227e-02  size(V,2)=  1200
iter=   329  rel‖R‖=  2.224e-02  size(V,2)=   600
iter=   330  rel‖R‖=  2.220e-02  size(V,2)=   900
iter=   331  rel‖R‖=  2.214e-02  size(V,2)=  1200
iter=   332  rel‖R‖=  2.211e-02  size(V,2)=   600
iter=   333  rel‖R‖=  2.207e-02  size(V,2)=   900
iter=   334  rel‖R‖=  2.202e-02  size(V,2)=  1200
iter=   335  rel‖R‖=  2.199e-02  size(V,2)=   600
iter=   336  rel‖R‖=  2.195e-02  size(V,2)=   900
iter=   337  rel‖R‖=  2.190e-02  size(V,2)=  1200
iter=   338  rel‖R‖=  2.187e-02  size(V,2)=   600
iter=   339  rel‖R‖=  2.183e-02  size(V,2)=   900
iter=   340  rel‖R‖=  2.178e-02  size(V,2)=  1200
iter=   341  rel‖R‖=  2.175e-02  size(V,2)=   600
iter=   342  rel‖R‖=  2.171e-02  size(V,2)=   900
iter=   343  rel‖R‖=  2.166e-02  size(V,2)=  1200
iter=   344  rel‖R‖=  2.163e-02  size(V,2)=   600
iter=   345  rel‖R‖=  2.159e-02  size(V,2)=   900
iter=   346  rel‖R‖=  2.154e-02  size(V,2)=  1200
iter=   347  rel‖R‖=  2.151e-02  size(V,2)=   600
iter=   348  rel‖R‖=  2.147e-02  size(V,2)=   900
iter=   349  rel‖R‖=  2.142e-02  size(V,2)=  1200
iter=   350  rel‖R‖=  2.139e-02  size(V,2)=   600
iter=   351  rel‖R‖=  2.136e-02  size(V,2)=   900
iter=   352  rel‖R‖=  2.131e-02  size(V,2)=  1200
iter=   353  rel‖R‖=  2.128e-02  size(V,2)=   600
iter=   354  rel‖R‖=  2.124e-02  size(V,2)=   900
iter=   355  rel‖R‖=  2.119e-02  size(V,2)=  1200
iter=   356  rel‖R‖=  2.116e-02  size(V,2)=   600
iter=   357  rel‖R‖=  2.112e-02  size(V,2)=   900
iter=   358  rel‖R‖=  2.107e-02  size(V,2)=  1200
iter=   359  rel‖R‖=  2.105e-02  size(V,2)=   600
iter=   360  rel‖R‖=  2.101e-02  size(V,2)=   900
iter=   361  rel‖R‖=  2.096e-02  size(V,2)=  1200
iter=   362  rel‖R‖=  2.093e-02  size(V,2)=   600
iter=   363  rel‖R‖=  2.089e-02  size(V,2)=   900
iter=   364  rel‖R‖=  2.085e-02  size(V,2)=  1200
iter=   365  rel‖R‖=  2.082e-02  size(V,2)=   600
iter=   366  rel‖R‖=  2.079e-02  size(V,2)=   900
iter=   367  rel‖R‖=  2.074e-02  size(V,2)=  1200
iter=   368  rel‖R‖=  2.071e-02  size(V,2)=   600
iter=   369  rel‖R‖=  2.068e-02  size(V,2)=   900
iter=   370  rel‖R‖=  2.063e-02  size(V,2)=  1200
iter=   371  rel‖R‖=  2.060e-02  size(V,2)=   600
iter=   372  rel‖R‖=  2.057e-02  size(V,2)=   900
iter=   373  rel‖R‖=  2.052e-02  size(V,2)=  1200
iter=   374  rel‖R‖=  2.050e-02  size(V,2)=   600
iter=   375  rel‖R‖=  2.046e-02  size(V,2)=   900
iter=   376  rel‖R‖=  2.042e-02  size(V,2)=  1200
iter=   377  rel‖R‖=  2.039e-02  size(V,2)=   600
iter=   378  rel‖R‖=  2.036e-02  size(V,2)=   900
iter=   379  rel‖R‖=  2.031e-02  size(V,2)=  1200
iter=   380  rel‖R‖=  2.029e-02  size(V,2)=   600
iter=   381  rel‖R‖=  2.025e-02  size(V,2)=   900
iter=   382  rel‖R‖=  2.021e-02  size(V,2)=  1200
iter=   383  rel‖R‖=  2.018e-02  size(V,2)=   600
iter=   384  rel‖R‖=  2.015e-02  size(V,2)=   900
iter=   385  rel‖R‖=  2.011e-02  size(V,2)=  1200
iter=   386  rel‖R‖=  2.008e-02  size(V,2)=   600
iter=   387  rel‖R‖=  2.005e-02  size(V,2)=   900
iter=   388  rel‖R‖=  2.001e-02  size(V,2)=  1200
iter=   389  rel‖R‖=  1.998e-02  size(V,2)=   600
iter=   390  rel‖R‖=  1.995e-02  size(V,2)=   900
iter=   391  rel‖R‖=  1.990e-02  size(V,2)=  1200
iter=   392  rel‖R‖=  1.988e-02  size(V,2)=   600
iter=   393  rel‖R‖=  1.985e-02  size(V,2)=   900
iter=   394  rel‖R‖=  1.980e-02  size(V,2)=  1200
iter=   395  rel‖R‖=  1.978e-02  size(V,2)=   600
iter=   396  rel‖R‖=  1.974e-02  size(V,2)=   900
iter=   397  rel‖R‖=  1.970e-02  size(V,2)=  1200
iter=   398  rel‖R‖=  1.968e-02  size(V,2)=   600
iter=   399  rel‖R‖=  1.965e-02  size(V,2)=   900
iter=   400  rel‖R‖=  1.961e-02  size(V,2)=  1200
iter=   401  rel‖R‖=  1.958e-02  size(V,2)=   600
iter=   402  rel‖R‖=  1.955e-02  size(V,2)=   900
iter=   403  rel‖R‖=  1.951e-02  size(V,2)=  1200
iter=   404  rel‖R‖=  1.949e-02  size(V,2)=   600
iter=   405  rel‖R‖=  1.946e-02  size(V,2)=   900
iter=   406  rel‖R‖=  1.941e-02  size(V,2)=  1200
iter=   407  rel‖R‖=  1.939e-02  size(V,2)=   600
iter=   408  rel‖R‖=  1.936e-02  size(V,2)=   900
iter=   409  rel‖R‖=  1.932e-02  size(V,2)=  1200
iter=   410  rel‖R‖=  1.930e-02  size(V,2)=   600
iter=   411  rel‖R‖=  1.926e-02  size(V,2)=   900
iter=   412  rel‖R‖=  1.923e-02  size(V,2)=  1200
iter=   413  rel‖R‖=  1.920e-02  size(V,2)=   600
iter=   414  rel‖R‖=  1.917e-02  size(V,2)=   900
iter=   415  rel‖R‖=  1.913e-02  size(V,2)=  1200
iter=   416  rel‖R‖=  1.911e-02  size(V,2)=   600
iter=   417  rel‖R‖=  1.908e-02  size(V,2)=   900
iter=   418  rel‖R‖=  1.904e-02  size(V,2)=  1200
iter=   419  rel‖R‖=  1.902e-02  size(V,2)=   600
iter=   420  rel‖R‖=  1.899e-02  size(V,2)=   900
iter=   421  rel‖R‖=  1.895e-02  size(V,2)=  1200
iter=   422  rel‖R‖=  1.893e-02  size(V,2)=   600
iter=   423  rel‖R‖=  1.890e-02  size(V,2)=   900
iter=   424  rel‖R‖=  1.886e-02  size(V,2)=  1200
iter=   425  rel‖R‖=  1.884e-02  size(V,2)=   600
iter=   426  rel‖R‖=  1.881e-02  size(V,2)=   900
iter=   427  rel‖R‖=  1.877e-02  size(V,2)=  1200
iter=   428  rel‖R‖=  1.875e-02  size(V,2)=   600
iter=   429  rel‖R‖=  1.872e-02  size(V,2)=   900
iter=   430  rel‖R‖=  1.868e-02  size(V,2)=  1200
iter=   431  rel‖R‖=  1.866e-02  size(V,2)=   600
iter=   432  rel‖R‖=  1.863e-02  size(V,2)=   900
iter=   433  rel‖R‖=  1.859e-02  size(V,2)=  1200
iter=   434  rel‖R‖=  1.857e-02  size(V,2)=   600
iter=   435  rel‖R‖=  1.854e-02  size(V,2)=   900
iter=   436  rel‖R‖=  1.851e-02  size(V,2)=  1200
iter=   437  rel‖R‖=  1.849e-02  size(V,2)=   600
iter=   438  rel‖R‖=  1.846e-02  size(V,2)=   900
iter=   439  rel‖R‖=  1.842e-02  size(V,2)=  1200
iter=   440  rel‖R‖=  1.840e-02  size(V,2)=   600
iter=   441  rel‖R‖=  1.837e-02  size(V,2)=   900
iter=   442  rel‖R‖=  1.833e-02  size(V,2)=  1200
iter=   443  rel‖R‖=  1.832e-02  size(V,2)=   600
iter=   444  rel‖R‖=  1.829e-02  size(V,2)=   900
iter=   445  rel‖R‖=  1.825e-02  size(V,2)=  1200
iter=   446  rel‖R‖=  1.823e-02  size(V,2)=   600
iter=   447  rel‖R‖=  1.820e-02  size(V,2)=   900
iter=   448  rel‖R‖=  1.816e-02  size(V,2)=  1200
iter=   449  rel‖R‖=  1.815e-02  size(V,2)=   600
iter=   450  rel‖R‖=  1.812e-02  size(V,2)=   900
iter=   451  rel‖R‖=  1.808e-02  size(V,2)=  1200
iter=   452  rel‖R‖=  1.806e-02  size(V,2)=   600
iter=   453  rel‖R‖=  1.804e-02  size(V,2)=   900
iter=   454  rel‖R‖=  1.800e-02  size(V,2)=  1200
iter=   455  rel‖R‖=  1.799e-02  size(V,2)=   600
iter=   456  rel‖R‖=  1.796e-02  size(V,2)=   900
iter=   457  rel‖R‖=  1.792e-02  size(V,2)=  1200
iter=   458  rel‖R‖=  1.791e-02  size(V,2)=   600
iter=   459  rel‖R‖=  1.788e-02  size(V,2)=   900
iter=   460  rel‖R‖=  1.784e-02  size(V,2)=  1200
iter=   461  rel‖R‖=  1.782e-02  size(V,2)=   600
iter=   462  rel‖R‖=  1.779e-02  size(V,2)=   900
iter=   463  rel‖R‖=  1.776e-02  size(V,2)=  1200
iter=   464  rel‖R‖=  1.774e-02  size(V,2)=   600
iter=   465  rel‖R‖=  1.771e-02  size(V,2)=   900
iter=   466  rel‖R‖=  1.768e-02  size(V,2)=  1200
iter=   467  rel‖R‖=  1.766e-02  size(V,2)=   600
iter=   468  rel‖R‖=  1.764e-02  size(V,2)=   900
iter=   469  rel‖R‖=  1.760e-02  size(V,2)=  1200
iter=   470  rel‖R‖=  1.759e-02  size(V,2)=   600
iter=   471  rel‖R‖=  1.756e-02  size(V,2)=   900
iter=   472  rel‖R‖=  1.752e-02  size(V,2)=  1200
iter=   473  rel‖R‖=  1.751e-02  size(V,2)=   600
iter=   474  rel‖R‖=  1.748e-02  size(V,2)=   900
iter=   475  rel‖R‖=  1.745e-02  size(V,2)=  1200
iter=   476  rel‖R‖=  1.743e-02  size(V,2)=   600
iter=   477  rel‖R‖=  1.740e-02  size(V,2)=   900
iter=   478  rel‖R‖=  1.737e-02  size(V,2)=  1200
iter=   479  rel‖R‖=  1.735e-02  size(V,2)=   600
iter=   480  rel‖R‖=  1.732e-02  size(V,2)=   900
iter=   481  rel‖R‖=  1.729e-02  size(V,2)=  1200
iter=   482  rel‖R‖=  1.728e-02  size(V,2)=   600
iter=   483  rel‖R‖=  1.725e-02  size(V,2)=   900
iter=   484  rel‖R‖=  1.722e-02  size(V,2)=  1200
iter=   485  rel‖R‖=  1.720e-02  size(V,2)=   600
iter=   486  rel‖R‖=  1.718e-02  size(V,2)=   900
iter=   487  rel‖R‖=  1.715e-02  size(V,2)=  1200
iter=   488  rel‖R‖=  1.713e-02  size(V,2)=   600
iter=   489  rel‖R‖=  1.711e-02  size(V,2)=   900
iter=   490  rel‖R‖=  1.707e-02  size(V,2)=  1200
iter=   491  rel‖R‖=  1.706e-02  size(V,2)=   600
iter=   492  rel‖R‖=  1.703e-02  size(V,2)=   900
iter=   493  rel‖R‖=  1.700e-02  size(V,2)=  1200
iter=   494  rel‖R‖=  1.698e-02  size(V,2)=   600
iter=   495  rel‖R‖=  1.696e-02  size(V,2)=   900
iter=   496  rel‖R‖=  1.693e-02  size(V,2)=  1200
iter=   497  rel‖R‖=  1.691e-02  size(V,2)=   600
iter=   498  rel‖R‖=  1.689e-02  size(V,2)=   900
iter=   499  rel‖R‖=  1.686e-02  size(V,2)=  1200
iter=   500  rel‖R‖=  1.684e-02  size(V,2)=   600
Maximum iterations reached without convergence.
17675.433508 seconds (2.29 M allocations: 601.387 GiB, 0.14% gc time)
Total estimated FLOPs: 981390572940000

Reading exact Eigenvalues...
Reading eigenvalues from ../Eigenvalues_folder/eigenres_formaldehyde_RNDbasis1.jld2

Difference between Davidson and exact eigenvalues:
1×300 adjoint(::Vector{Float64}) with eltype Float64:
 2.27374e-13  -1.13687e-13  0.0  2.84217e-14  0.0  2.84217e-14  -1.7053e-13  2.84217e-13  -5.68434e-14  -9.9476e-14  -8.52651e-14  6.39488e-14  -3.55271e-14  -1.42109e-14  7.10543e-15  -6.39488e-14  1.42109e-14  -2.84217e-14  5.32907e-14  3.90799e-14  -1.77636e-14  3.19744e-14  5.32907e-14  0.0  -3.55271e-15  4.26326e-14  6.21725e-14  -3.55271e-14  -1.42109e-14  4.79616e-14  6.21725e-14  6.39488e-14  -3.01981e-14  1.42109e-14  2.66454e-14  -8.17124e-14  8.34888e-14  4.61853e-14  3.01981e-14  -3.37508e-14  3.55271e-15  -2.30926e-14  8.88178e-14  -3.10862e-14  -6.03961e-14  -1.68754e-14  -3.10862e-14  -4.44089e-15  7.19425e-14  -3.64153e-14  -4.35207e-14  -3.4639e-14  -7.19425e-14  -1.33227e-14  3.64153e-14  2.39808e-14  -7.10543e-15  2.66454e-15  -1.42109e-14  -7.72715e-14  2.08722e-14  -3.15303e-14  1.77636e-14  6.21725e-15  2.22045e-15  8.08242e-14  7.01661e-14  -3.77476e-14  3.55271e-15  -8.88178e-16  8.30447e-14  5.72875e-14  7.81597e-14  -1.77636e-15  4.26326e-14  2.22045e-15  1.5099e-14  -1.5099e-14  1.15463e-14  -2.13163e-14  8.4821e-14  -1.5099e-14  7.81597e-14  -7.10543e-14  -2.9754e-14  1.73195e-14  -3.08642e-14  9.76996e-15  3.57492e-14  2.5091e-14  6.43929e-15  -1.62093e-14  -5.44009e-14  6.01741e-14  3.79696e-14  2.64233e-14  1.77636e-15  -3.75255e-14  -8.57092e-14  -2.17604e-14  -3.73035e-14  -1.64313e-14  -2.66454e-14  1.88738e-14  -1.24345e-14  2.81997e-14  -4.90719e-14  -1.19904e-14  3.28626e-14  3.61933e-14  2.15383e-14  -4.44089e-15  -4.66294e-14  -7.32747e-15  2.17604e-14  5.63993e-14  3.59712e-14  -2.66454e-15  1.26565e-14  -2.28706e-14  3.61933e-14  -7.36078e-14  -6.42819e-14  -2.84217e-14  3.07532e-14  -3.54161e-14  1.16337e-6  9.46419e-6  5.14015e-11  6.50805e-11  3.29916e-11  5.7058e-5  6.37695e-5  0.000116335  4.38226e-6  1.72324e-5  0.000220131  0.000326266  0.000153609  0.000310796  0.000515963  0.000734135  0.000443991  0.000625683  0.000432189  0.000500365  0.000711529  0.000797519  0.000735591  0.0007151  0.000939697  0.000158147  0.000555917  0.0002105  0.00120266  0.00143651  0.00133741  0.00133466  0.00158775  0.00170025  0.00204573  0.00188134  0.00141077  0.00145979  0.00172679  0.00189715  0.00174019  0.00191754  0.00186335  0.00172051  0.0016131  0.00197145  0.00246113  0.00256975  0.00230243  0.00243165  0.002652  0.00241774  0.00232464  0.00224672  0.00227265  0.0024327  0.00216075  0.00243705  0.00242655  0.0026204  0.00246997  0.00210005  0.00254683  0.002419  0.0024076  0.00245747  0.00261762  0.00228344  0.00219588  0.00245347  0.00252667  0.0026106  0.00239977  0.00210303  0.00229386  0.00266423  0.00272174  0.00246121  0.00238095  0.00253757  0.00249792  0.00278743  0.00248673  0.00249485  0.00238312  0.00218512  0.00257265  0.00265333  0.00270015  0.00243395  0.00245647  0.00210949  0.00245155  0.00250767  0.00247703  0.00234018  0.00261906  0.00227536  0.00262942  0.00261833  0.00277465  0.00245032  0.00253101  0.00253277  0.00236506  0.0024526  0.00255602  0.00271467  0.00255702  0.00255122  0.00248909  0.00237583  0.00268147  0.00236865  0.00255712  0.00245652  0.00254793  0.00263525  0.00257169  0.00230017  0.00240985  0.00255576  0.00242532  0.00251056  0.0025699  0.00249454  0.00242731  0.00248473  0.00235254  0.00248981  0.00255773  0.00255568  0.00253038  0.00291108  0.00265401  0.00266417  0.00266078  0.00266691  0.00264998  0.00259333  0.0026513  0.00245996  0.00284179  0.00267018  0.00280551  0.00275678  0.00296456  0.00285282  0.00276305  0.00297337  0.00290372  0.00269172  0.00296532  0.00298019  0.00363695  0.00341862  0.00300456  0.00323466  0.00360319  0.0029539  0.00314191  0.00288171  0.00334982  0.00390906  0.00384873  0.00367867  0.00334908  0.00413153  0.00471803  0.00486769  0.00499028  0.00673631  0.00645048  0.00664755
300 Eigenvalues converges, out of 300 requested.
Running with l = 100
read ../formaldehyde/gamma_VASP_RNDbasis1.dat
Davidson
iter=     1  rel‖R‖=  1.670e+01  size(V,2)=   600
iter=     2  rel‖R‖=  2.288e+00  size(V,2)=  1200
iter=     3  rel‖R‖=  2.201e-01  size(V,2)=  1800
iter=     4  rel‖R‖=  8.884e-02  size(V,2)=  2400
iter=     5  rel‖R‖=  6.688e-02  size(V,2)=  1200
iter=     6  rel‖R‖=  5.754e-02  size(V,2)=  1800
iter=     7  rel‖R‖=  5.108e-02  size(V,2)=  2400
iter=     8  rel‖R‖=  4.776e-02  size(V,2)=  1200
iter=     9  rel‖R‖=  4.562e-02  size(V,2)=  1800
iter=    10  rel‖R‖=  4.359e-02  size(V,2)=  2400
iter=    11  rel‖R‖=  4.240e-02  size(V,2)=  1200
iter=    12  rel‖R‖=  4.153e-02  size(V,2)=  1800
iter=    13  rel‖R‖=  4.057e-02  size(V,2)=  2400
iter=    14  rel‖R‖=  3.996e-02  size(V,2)=  1200
iter=    15  rel‖R‖=  3.931e-02  size(V,2)=  1800
iter=    16  rel‖R‖=  3.863e-02  size(V,2)=  2400
iter=    17  rel‖R‖=  3.817e-02  size(V,2)=  1200
iter=    18  rel‖R‖=  3.766e-02  size(V,2)=  1800
iter=    19  rel‖R‖=  3.709e-02  size(V,2)=  2400
iter=    20  rel‖R‖=  3.669e-02  size(V,2)=  1200
iter=    21  rel‖R‖=  3.624e-02  size(V,2)=  1800
iter=    22  rel‖R‖=  3.571e-02  size(V,2)=  2400
iter=    23  rel‖R‖=  3.534e-02  size(V,2)=  1200
iter=    24  rel‖R‖=  3.491e-02  size(V,2)=  1800
iter=    25  rel‖R‖=  3.443e-02  size(V,2)=  2400
iter=    26  rel‖R‖=  3.409e-02  size(V,2)=  1200
iter=    27  rel‖R‖=  3.371e-02  size(V,2)=  1800
iter=    28  rel‖R‖=  3.329e-02  size(V,2)=  2400
iter=    29  rel‖R‖=  3.298e-02  size(V,2)=  1200
iter=    30  rel‖R‖=  3.262e-02  size(V,2)=  1800
iter=    31  rel‖R‖=  3.222e-02  size(V,2)=  2400
iter=    32  rel‖R‖=  3.192e-02  size(V,2)=  1200
iter=    33  rel‖R‖=  3.158e-02  size(V,2)=  1800
iter=    34  rel‖R‖=  3.121e-02  size(V,2)=  2400
iter=    35  rel‖R‖=  3.094e-02  size(V,2)=  1200
iter=    36  rel‖R‖=  3.062e-02  size(V,2)=  1800
iter=    37  rel‖R‖=  3.027e-02  size(V,2)=  2400
iter=    38  rel‖R‖=  3.002e-02  size(V,2)=  1200
iter=    39  rel‖R‖=  2.971e-02  size(V,2)=  1800
iter=    40  rel‖R‖=  2.938e-02  size(V,2)=  2400
iter=    41  rel‖R‖=  2.914e-02  size(V,2)=  1200
iter=    42  rel‖R‖=  2.886e-02  size(V,2)=  1800
iter=    43  rel‖R‖=  2.853e-02  size(V,2)=  2400
iter=    44  rel‖R‖=  2.830e-02  size(V,2)=  1200
iter=    45  rel‖R‖=  2.803e-02  size(V,2)=  1800
iter=    46  rel‖R‖=  2.773e-02  size(V,2)=  2400
iter=    47  rel‖R‖=  2.751e-02  size(V,2)=  1200
iter=    48  rel‖R‖=  2.724e-02  size(V,2)=  1800
iter=    49  rel‖R‖=  2.695e-02  size(V,2)=  2400
iter=    50  rel‖R‖=  2.674e-02  size(V,2)=  1200
iter=    51  rel‖R‖=  2.649e-02  size(V,2)=  1800
iter=    52  rel‖R‖=  2.620e-02  size(V,2)=  2400
iter=    53  rel‖R‖=  2.600e-02  size(V,2)=  1200
iter=    54  rel‖R‖=  2.576e-02  size(V,2)=  1800
iter=    55  rel‖R‖=  2.550e-02  size(V,2)=  2400
iter=    56  rel‖R‖=  2.532e-02  size(V,2)=  1200
iter=    57  rel‖R‖=  2.510e-02  size(V,2)=  1800
iter=    58  rel‖R‖=  2.485e-02  size(V,2)=  2400
iter=    59  rel‖R‖=  2.467e-02  size(V,2)=  1200
iter=    60  rel‖R‖=  2.447e-02  size(V,2)=  1800
iter=    61  rel‖R‖=  2.422e-02  size(V,2)=  2400
iter=    62  rel‖R‖=  2.406e-02  size(V,2)=  1200
iter=    63  rel‖R‖=  2.385e-02  size(V,2)=  1800
iter=    64  rel‖R‖=  2.362e-02  size(V,2)=  2400
iter=    65  rel‖R‖=  2.346e-02  size(V,2)=  1200
iter=    66  rel‖R‖=  2.326e-02  size(V,2)=  1800
iter=    67  rel‖R‖=  2.303e-02  size(V,2)=  2400
iter=    68  rel‖R‖=  2.288e-02  size(V,2)=  1200
iter=    69  rel‖R‖=  2.270e-02  size(V,2)=  1800
iter=    70  rel‖R‖=  2.249e-02  size(V,2)=  2400
iter=    71  rel‖R‖=  2.235e-02  size(V,2)=  1200
iter=    72  rel‖R‖=  2.217e-02  size(V,2)=  1800
iter=    73  rel‖R‖=  2.196e-02  size(V,2)=  2400
iter=    74  rel‖R‖=  2.183e-02  size(V,2)=  1200
iter=    75  rel‖R‖=  2.166e-02  size(V,2)=  1800
iter=    76  rel‖R‖=  2.146e-02  size(V,2)=  2400
iter=    77  rel‖R‖=  2.133e-02  size(V,2)=  1200
iter=    78  rel‖R‖=  2.116e-02  size(V,2)=  1800
iter=    79  rel‖R‖=  2.096e-02  size(V,2)=  2400
iter=    80  rel‖R‖=  2.084e-02  size(V,2)=  1200
iter=    81  rel‖R‖=  2.067e-02  size(V,2)=  1800
iter=    82  rel‖R‖=  2.046e-02  size(V,2)=  2400
iter=    83  rel‖R‖=  2.034e-02  size(V,2)=  1200
iter=    84  rel‖R‖=  2.018e-02  size(V,2)=  1800
iter=    85  rel‖R‖=  1.998e-02  size(V,2)=  2400
iter=    86  rel‖R‖=  1.986e-02  size(V,2)=  1200
iter=    87  rel‖R‖=  1.971e-02  size(V,2)=  1800
iter=    88  rel‖R‖=  1.952e-02  size(V,2)=  2400
iter=    89  rel‖R‖=  1.942e-02  size(V,2)=  1200
iter=    90  rel‖R‖=  1.926e-02  size(V,2)=  1800
iter=    91  rel‖R‖=  1.908e-02  size(V,2)=  2400
iter=    92  rel‖R‖=  1.898e-02  size(V,2)=  1200
iter=    93  rel‖R‖=  1.883e-02  size(V,2)=  1800
iter=    94  rel‖R‖=  1.865e-02  size(V,2)=  2400
iter=    95  rel‖R‖=  1.855e-02  size(V,2)=  1200
iter=    96  rel‖R‖=  1.840e-02  size(V,2)=  1800
iter=    97  rel‖R‖=  1.823e-02  size(V,2)=  2400
iter=    98  rel‖R‖=  1.814e-02  size(V,2)=  1200
iter=    99  rel‖R‖=  1.799e-02  size(V,2)=  1800
iter=   100  rel‖R‖=  1.782e-02  size(V,2)=  2400
iter=   101  rel‖R‖=  1.773e-02  size(V,2)=  1200
iter=   102  rel‖R‖=  1.759e-02  size(V,2)=  1800
iter=   103  rel‖R‖=  1.743e-02  size(V,2)=  2400
iter=   104  rel‖R‖=  1.734e-02  size(V,2)=  1200
iter=   105  rel‖R‖=  1.720e-02  size(V,2)=  1800
iter=   106  rel‖R‖=  1.704e-02  size(V,2)=  2400
iter=   107  rel‖R‖=  1.696e-02  size(V,2)=  1200
iter=   108  rel‖R‖=  1.683e-02  size(V,2)=  1800
iter=   109  rel‖R‖=  1.667e-02  size(V,2)=  2400
iter=   110  rel‖R‖=  1.658e-02  size(V,2)=  1200
iter=   111  rel‖R‖=  1.645e-02  size(V,2)=  1800
iter=   112  rel‖R‖=  1.630e-02  size(V,2)=  2400
iter=   113  rel‖R‖=  1.622e-02  size(V,2)=  1200
iter=   114  rel‖R‖=  1.609e-02  size(V,2)=  1800
iter=   115  rel‖R‖=  1.594e-02  size(V,2)=  2400
iter=   116  rel‖R‖=  1.587e-02  size(V,2)=  1200
iter=   117  rel‖R‖=  1.574e-02  size(V,2)=  1800
iter=   118  rel‖R‖=  1.560e-02  size(V,2)=  2400
iter=   119  rel‖R‖=  1.553e-02  size(V,2)=  1200
iter=   120  rel‖R‖=  1.541e-02  size(V,2)=  1800
iter=   121  rel‖R‖=  1.526e-02  size(V,2)=  2400
iter=   122  rel‖R‖=  1.519e-02  size(V,2)=  1200
iter=   123  rel‖R‖=  1.507e-02  size(V,2)=  1800
iter=   124  rel‖R‖=  1.494e-02  size(V,2)=  2400
converged!
9464.625436 seconds (1.12 M allocations: 303.518 GiB, 0.12% gc time)
Total estimated FLOPs: 525264124245000

Reading exact Eigenvalues...
Reading eigenvalues from ../Eigenvalues_folder/eigenres_formaldehyde_RNDbasis1.jld2

Difference between Davidson and exact eigenvalues:
1×600 adjoint(::Vector{Float64}) with eltype Float64:
 2.27374e-13  1.13687e-13  -2.27374e-13  -1.98952e-13  1.7053e-13  2.84217e-14  -1.13687e-13  2.27374e-13  0.0  -1.42109e-14  1.27898e-13  7.10543e-15  -4.9738e-14  8.52651e-14  -2.13163e-14  1.77636e-14  -6.03961e-14  -7.10543e-15  0.0  1.06581e-14  -4.26326e-14  2.13163e-14  -4.9738e-14  1.06581e-14  -1.42109e-14  4.26326e-14  3.73035e-14  -7.10543e-15  -1.06581e-14  -5.32907e-15  5.50671e-14  5.32907e-14  -2.30926e-14  3.19744e-14  1.59872e-14  -5.32907e-14  -3.01981e-14  3.55271e-15  8.88178e-15  -2.66454e-14  -1.42109e-14  1.77636e-14  8.26006e-14  3.28626e-14  2.66454e-15  -6.21725e-14  -4.44089e-14  -8.88178e-16  5.06262e-14  5.15143e-14  1.42109e-14  1.06581e-14  -3.55271e-15  8.88178e-15  8.17124e-14  2.66454e-15  3.9968e-14  2.75335e-14  -2.66454e-15  2.93099e-14  4.9738e-14  -1.82077e-14  2.84217e-14  -6.66134e-15  -1.73195e-14  3.28626e-14  -7.10543e-15  -2.93099e-14  3.19744e-14  -3.73035e-14  -4.44089e-15  2.88658e-14  -1.33227e-15  8.30447e-14  -8.88178e-15  4.21885e-14  -5.32907e-15  -1.15463e-14  4.08562e-14  -2.57572e-14  7.54952e-15  -1.28786e-14  -8.57092e-14  4.21885e-14  1.77636e-15  -4.88498e-15  2.02061e-14  -1.88738e-14  7.10543e-14  -3.77476e-15  -4.17444e-14  1.77636e-15  4.08562e-14  2.26485e-14  4.75175e-14  -3.57492e-14  1.33227e-14  4.13003e-14  -1.70974e-14  1.64313e-14  1.79856e-14  4.30767e-14  6.95e-14  -8.17124e-14  -2.88658e-14  1.5099e-14  -6.12843e-14  2.10942e-14  -1.64313e-14  -5.15143e-14  -3.90799e-14  -4.90719e-14  6.43929e-15  -6.35048e-14  8.88178e-16  6.37268e-14  -5.77316e-15  -8.19345e-14  5.80425e-13  2.34012e-10  3.99669e-9  3.45279e-14  8.5699e-10  2.36732e-8  8.4277e-13  4.2774e-9  5.09925e-5  4.83632e-5  1.34654e-6  1.2255e-6  1.01485e-6  0.000118957  0.000192794  0.000180237  0.000104761  0.000112824  0.000322143  0.000499701  0.000271725  0.000425259  0.000522429  0.000577167  0.000558227  0.000633371  0.00059833  0.00059841  0.000800778  0.000935567  0.000801257  0.000986193  0.000951199  0.000630044  0.000971589  0.000670554  0.00142013  0.00139219  0.00192645  0.00184802  0.00191438  0.00205095  0.00259724  0.00241808  0.00175251  0.00203946  0.00223319  0.00283419  0.00308945  0.00263389  0.00311219  0.00275753  0.00267653  0.00364656  0.0038024  0.00414476  0.00457501  0.0040358  0.00416939  0.00413969  0.00427072  0.00417811  0.0042223  0.00453044  0.00397398  0.00457686  0.00429485  0.00449729  0.00468135  0.00437447  0.00461536  0.00444548  0.00475436  0.00434213  0.00467743  0.00435132  0.0042964  0.00480114  0.00486285  0.0047712  0.00419305  0.00438139  0.00449999  0.00439812  0.00502658  0.00475709  0.00460463  0.00489582  0.0043524  0.00490687  0.00437615  0.00468196  0.00446744  0.00427794  0.00451001  0.00459008  0.00434637  0.00422007  0.00414657  0.00442169  0.00442785  0.0045442  0.00441884  0.00425069  0.00407444  0.00405026  0.0042823  0.00411952  0.00413565  0.00409517  0.00406363  0.00398697  0.0038791  0.00388366  0.00384495  0.00373789  0.00385849  0.00383043  0.0037054  0.00358842  0.0035972  0.00351182  0.00356794  0.00346879  0.00348302  0.00350998  0.00336271  0.00332545  0.00331775  0.00335796  0.0032592  0.00313598  0.00317612  0.00317498  0.00302974  0.00300208  0.00313355  0.00300356  0.00300724  0.00297575  0.00289014  0.00286246  0.00280626  0.0028848  0.00283825  0.00280722  0.00278226  0.00275869  0.00279088  0.00267615  0.00257591  0.00258416  0.00249507  0.00251245  0.00250765  0.00251919  0.0023807  0.00245167  0.00236007  0.0023699  0.00243685  0.00228576  0.00229226  0.00228031  0.00219626  0.0021587  0.0022393  0.00215001  0.00211185  0.00210693  0.00211162  0.00211277  0.0021227  0.00209252  0.0019759  0.00200734  0.00205935  0.00196093  0.00192114  0.00194352  0.00197684  0.00191526  0.0018288  0.00187938  0.00180326  0.00179557  0.00175917  0.00176406  0.00174357  0.00174635  0.00175393  0.00171874  0.00165464  0.00161433  0.00160477  0.00159473  0.00146948  0.00151612  0.00149168  0.00144684  0.00146582  0.00141901  0.00144101  0.00141022  0.00141204  0.00137838  0.00133072  0.00133303  0.00132496  0.00134113  0.00129611  0.00127919  0.00120795  0.00123103  0.00118626  0.00120442  0.0011995  0.00116785  0.00116317  0.0011111  0.00115066  0.00107896  0.00103468  0.000966601  0.000998203  0.000967475  0.000941596  0.000904587  0.000886465  0.000861142  0.000843085  0.00084012  0.000823043  0.000757959  0.000742105  0.000725577  0.000620247  0.000627746  0.000700469  0.000633456  0.000670446  0.000590006  0.000520468  0.000449077  0.000442938  0.000337386  0.000302886  0.000340157  0.00023121  0.000239258  0.00025146  0.000221516  0.00017381  0.000208834  0.000181087  0.000150903  9.34277e-5  9.37161e-5  0.000127338  1.6983e-5  4.04203e-5  4.56198e-5  1.57798e-5  1.27019e-5  9.44014e-6  1.99128e-5  2.2265e-5  5.54458e-5  3.61999e-6  8.17742e-7  7.03293e-7  6.19657e-6  1.32839e-7  4.48071e-8  1.61335e-7  7.02059e-9  4.04231e-8  2.01754e-8  4.44219e-8  2.26584e-9  1.41741e-13  7.62515e-14  1.43184e-14  1.47313e-14  -3.70086e-14  1.37344e-11  4.20879e-14  -1.36245e-14  2.61249e-15  -2.1011e-14  -3.7071e-14  3.63876e-14  -3.95829e-14  1.82875e-14  -1.17892e-14  1.99007e-14  -6.49585e-14  -2.34604e-14  -5.4956e-15  -2.78354e-14  -2.72733e-14  -5.46542e-14  -8.16638e-14  -8.39537e-14  -6.66862e-14  7.73409e-14  -5.56534e-14  6.25541e-15  -8.32216e-14  -5.32907e-14  1.18863e-14  -9.64506e-15  -2.41161e-14  3.47639e-14  1.80411e-15  2.5431e-14  -2.16147e-15  -1.47556e-14  3.42434e-14  2.34431e-14  2.23675e-14  2.84321e-14  -5.30478e-14  -4.34097e-14  7.87564e-15  1.24553e-15  7.94573e-14  4.28442e-14  6.24015e-14  -6.52187e-14  5.30478e-14  7.99014e-15  -1.76942e-16  -5.5525e-14  3.27689e-14  -7.6085e-14  -2.49453e-14  -3.61239e-14  3.41914e-14  2.58474e-14  -3.11799e-14  -2.81199e-14  -8.18894e-14  -2.47267e-14  -1.53696e-15  7.29312e-14  2.84946e-14  8.41618e-14  4.89539e-14  -1.19106e-14  -7.19633e-14  3.13603e-14  3.81951e-14  8.48974e-15  2.36582e-14  -3.53398e-14  -3.06491e-14  1.71356e-14  -5.97092e-15  -5.92235e-15  -8.40612e-14  8.0911e-14  -6.16035e-14  -1.80134e-14  4.23099e-15  3.45991e-14  2.04697e-15  -7.47596e-14  -6.09113e-14  -1.35465e-14  8.77614e-14  7.57172e-14  -8.05779e-15  8.14748e-14  3.84744e-14  -7.53946e-14  -7.09571e-14  5.69388e-14  -8.6469e-14  7.01071e-14  -2.98719e-15  6.53852e-14  2.08878e-14  2.10526e-14  -5.33965e-14  3.07133e-14  8.47777e-14  1.69413e-14  4.52451e-14  -7.76219e-14  2.27526e-14  2.05044e-14  8.95638e-15  3.88856e-14  6.57703e-14  8.98882e-14  -6.8532e-14  -4.47767e-14  -2.67269e-14  7.23397e-14  -2.38976e-14  4.17374e-14  -5.37001e-14  5.02116e-14  3.34975e-14  7.13769e-14  -2.93741e-14  -5.63265e-15  3.71543e-14  -9.0452e-14  -8.42798e-14  -1.4053e-14  -1.05853e-14  3.95413e-14  8.23421e-14  8.43648e-14  -6.26877e-14  3.65333e-14  4.22752e-14  -4.85202e-14  2.82066e-15  -2.69923e-15  5.06834e-14  -6.18013e-14  2.53079e-14  2.25497e-14  -4.63084e-14  -1.22142e-14  -1.10172e-14  3.85837e-14  3.89862e-14  5.25795e-14  4.62182e-14  6.31838e-14  -3.38896e-14  5.16462e-14  3.81101e-14  -7.67997e-14  7.00776e-14  -8.61082e-14  -9.38138e-15  7.89143e-14  6.12045e-14  5.57887e-15  -1.40565e-14  -6.58189e-14  -5.83786e-14  5.41928e-15  -8.52764e-14  -3.08902e-14  -5.52778e-14  8.8117e-14  -5.79658e-14  5.23479e-14  2.5379e-14  3.22069e-14  4.52537e-14  4.60725e-14  -2.58396e-14  -8.82679e-14  6.22757e-14  -1.30382e-14  -1.13451e-15  1.46324e-15  8.92914e-14  4.29648e-14  6.28872e-14  -7.47232e-14  -2.6975e-16  3.66721e-14  6.18394e-14  1.25074e-15  -4.5533e-14  -4.29249e-14  -4.93989e-14  1.85754e-14  -2.85388e-14  3.5064e-14  3.17272e-14  1.06335e-12  1.83731e-11  1.85579e-7
600 Eigenvalues converges, out of 600 requested.
Running with l = 200
read ../formaldehyde/gamma_VASP_RNDbasis1.dat
Skipping: Naux (4800) is larger than 15% of the matrix size (27643).
Running with alpha = 8
Running with l = 10
read ../formaldehyde/gamma_VASP_RNDbasis1.dat
Davidson
iter=     1  rel‖R‖=  3.324e+01  size(V,2)=    60
iter=     2  rel‖R‖=  1.971e+01  size(V,2)=   120
iter=     3  rel‖R‖=  4.462e+00  size(V,2)=   180
iter=     4  rel‖R‖=  8.574e-01  size(V,2)=   240
iter=     5  rel‖R‖=  2.454e-01  size(V,2)=   300
iter=     6  rel‖R‖=  4.369e-02  size(V,2)=   360
iter=     7  rel‖R‖=  5.516e-03  size(V,2)=   420
converged!
 61.982888 seconds (6.00 k allocations: 1.946 GiB, 0.01% gc time)
Total estimated FLOPs: 3274121567220

Reading exact Eigenvalues...
Reading eigenvalues from ../Eigenvalues_folder/eigenres_formaldehyde_RNDbasis1.jld2

Difference between Davidson and exact eigenvalues:
1×60 adjoint(::Vector{Float64}) with eltype Float64:
 0.0  3.41061e-13  1.13687e-13  -1.13687e-13  1.42109e-13  2.27374e-13  -8.52651e-14  3.69482e-13  -4.26326e-14  -1.13687e-13  2.13163e-14  3.55271e-14  -3.55271e-14  7.10543e-14  6.39488e-14  7.10543e-13  9.45022e-13  1.91847e-13  3.43547e-12  1.42144e-11  2.3217e-11  1.08979e-10  5.67049e-11  3.4435e-10  1.72829e-10  1.15477e-10  1.19467e-10  7.61579e-10  7.2672e-10  9.24354e-10  1.24418e-9  1.34797e-10  1.68634e-9  3.0397e-9  7.79777e-9  4.43857e-9  5.19097e-8  1.32254e-8  6.76108e-8  6.25407e-8  2.61213e-8  2.04997e-7  2.05514e-7  5.42764e-7  1.46783e-6  8.60794e-7  1.48221e-6  1.48758e-6  4.15709e-6  2.63394e-5  1.16943e-5  2.04625e-5  6.11966e-6  2.58227e-5  2.05706e-5  4.35401e-5  2.95875e-5  3.95928e-5  8.15103e-5  0.000154244
60 Eigenvalues converges, out of 60 requested.
Running with l = 50
read ../formaldehyde/gamma_VASP_RNDbasis1.dat
Davidson
iter=     1  rel‖R‖=  1.983e+01  size(V,2)=   300
iter=     2  rel‖R‖=  4.213e+00  size(V,2)=   600
iter=     3  rel‖R‖=  4.699e-01  size(V,2)=   900
iter=     4  rel‖R‖=  1.480e-01  size(V,2)=  1200
iter=     5  rel‖R‖=  9.960e-02  size(V,2)=  1500
iter=     6  rel‖R‖=  8.053e-02  size(V,2)=  1800
iter=     7  rel‖R‖=  6.777e-02  size(V,2)=  2100
iter=     8  rel‖R‖=  5.764e-02  size(V,2)=  2400
iter=     9  rel‖R‖=  5.310e-02  size(V,2)=   600
iter=    10  rel‖R‖=  5.141e-02  size(V,2)=   900
iter=    11  rel‖R‖=  5.028e-02  size(V,2)=  1200
iter=    12  rel‖R‖=  4.923e-02  size(V,2)=  1500
iter=    13  rel‖R‖=  4.814e-02  size(V,2)=  1800
iter=    14  rel‖R‖=  4.711e-02  size(V,2)=  2100
iter=    15  rel‖R‖=  4.583e-02  size(V,2)=  2400
iter=    16  rel‖R‖=  4.523e-02  size(V,2)=   600
iter=    17  rel‖R‖=  4.484e-02  size(V,2)=   900
iter=    18  rel‖R‖=  4.443e-02  size(V,2)=  1200
iter=    19  rel‖R‖=  4.401e-02  size(V,2)=  1500
iter=    20  rel‖R‖=  4.356e-02  size(V,2)=  1800
iter=    21  rel‖R‖=  4.310e-02  size(V,2)=  2100
iter=    22  rel‖R‖=  4.257e-02  size(V,2)=  2400
iter=    23  rel‖R‖=  4.229e-02  size(V,2)=   600
iter=    24  rel‖R‖=  4.202e-02  size(V,2)=   900
iter=    25  rel‖R‖=  4.171e-02  size(V,2)=  1200
iter=    26  rel‖R‖=  4.139e-02  size(V,2)=  1500
iter=    27  rel‖R‖=  4.106e-02  size(V,2)=  1800
iter=    28  rel‖R‖=  4.070e-02  size(V,2)=  2100
iter=    29  rel‖R‖=  4.030e-02  size(V,2)=  2400
iter=    30  rel‖R‖=  4.011e-02  size(V,2)=   600
iter=    31  rel‖R‖=  3.986e-02  size(V,2)=   900
iter=    32  rel‖R‖=  3.961e-02  size(V,2)=  1200
iter=    33  rel‖R‖=  3.935e-02  size(V,2)=  1500
iter=    34  rel‖R‖=  3.906e-02  size(V,2)=  1800
iter=    35  rel‖R‖=  3.875e-02  size(V,2)=  2100
iter=    36  rel‖R‖=  3.843e-02  size(V,2)=  2400
iter=    37  rel‖R‖=  3.826e-02  size(V,2)=   600
iter=    38  rel‖R‖=  3.807e-02  size(V,2)=   900
iter=    39  rel‖R‖=  3.785e-02  size(V,2)=  1200
iter=    40  rel‖R‖=  3.762e-02  size(V,2)=  1500
iter=    41  rel‖R‖=  3.736e-02  size(V,2)=  1800
iter=    42  rel‖R‖=  3.710e-02  size(V,2)=  2100
iter=    43  rel‖R‖=  3.680e-02  size(V,2)=  2400
iter=    44  rel‖R‖=  3.666e-02  size(V,2)=   600
iter=    45  rel‖R‖=  3.647e-02  size(V,2)=   900
iter=    46  rel‖R‖=  3.627e-02  size(V,2)=  1200
iter=    47  rel‖R‖=  3.606e-02  size(V,2)=  1500
iter=    48  rel‖R‖=  3.584e-02  size(V,2)=  1800
iter=    49  rel‖R‖=  3.559e-02  size(V,2)=  2100
iter=    50  rel‖R‖=  3.533e-02  size(V,2)=  2400
iter=    51  rel‖R‖=  3.520e-02  size(V,2)=   600
iter=    52  rel‖R‖=  3.504e-02  size(V,2)=   900
iter=    53  rel‖R‖=  3.486e-02  size(V,2)=  1200
iter=    54  rel‖R‖=  3.466e-02  size(V,2)=  1500
iter=    55  rel‖R‖=  3.447e-02  size(V,2)=  1800
iter=    56  rel‖R‖=  3.425e-02  size(V,2)=  2100
iter=    57  rel‖R‖=  3.401e-02  size(V,2)=  2400
iter=    58  rel‖R‖=  3.389e-02  size(V,2)=   600
iter=    59  rel‖R‖=  3.375e-02  size(V,2)=   900
iter=    60  rel‖R‖=  3.358e-02  size(V,2)=  1200
iter=    61  rel‖R‖=  3.341e-02  size(V,2)=  1500
iter=    62  rel‖R‖=  3.322e-02  size(V,2)=  1800
iter=    63  rel‖R‖=  3.301e-02  size(V,2)=  2100
iter=    64  rel‖R‖=  3.278e-02  size(V,2)=  2400
iter=    65  rel‖R‖=  3.267e-02  size(V,2)=   600
iter=    66  rel‖R‖=  3.253e-02  size(V,2)=   900
iter=    67  rel‖R‖=  3.239e-02  size(V,2)=  1200
iter=    68  rel‖R‖=  3.223e-02  size(V,2)=  1500
iter=    69  rel‖R‖=  3.206e-02  size(V,2)=  1800
iter=    70  rel‖R‖=  3.188e-02  size(V,2)=  2100
iter=    71  rel‖R‖=  3.168e-02  size(V,2)=  2400
iter=    72  rel‖R‖=  3.158e-02  size(V,2)=   600
iter=    73  rel‖R‖=  3.146e-02  size(V,2)=   900
iter=    74  rel‖R‖=  3.133e-02  size(V,2)=  1200
iter=    75  rel‖R‖=  3.118e-02  size(V,2)=  1500
iter=    76  rel‖R‖=  3.102e-02  size(V,2)=  1800
iter=    77  rel‖R‖=  3.086e-02  size(V,2)=  2100
iter=    78  rel‖R‖=  3.066e-02  size(V,2)=  2400
iter=    79  rel‖R‖=  3.057e-02  size(V,2)=   600
iter=    80  rel‖R‖=  3.045e-02  size(V,2)=   900
iter=    81  rel‖R‖=  3.032e-02  size(V,2)=  1200
iter=    82  rel‖R‖=  3.018e-02  size(V,2)=  1500
iter=    83  rel‖R‖=  3.004e-02  size(V,2)=  1800
iter=    84  rel‖R‖=  2.988e-02  size(V,2)=  2100
iter=    85  rel‖R‖=  2.970e-02  size(V,2)=  2400
iter=    86  rel‖R‖=  2.962e-02  size(V,2)=   600
iter=    87  rel‖R‖=  2.951e-02  size(V,2)=   900
iter=    88  rel‖R‖=  2.939e-02  size(V,2)=  1200
iter=    89  rel‖R‖=  2.926e-02  size(V,2)=  1500
iter=    90  rel‖R‖=  2.912e-02  size(V,2)=  1800
iter=    91  rel‖R‖=  2.898e-02  size(V,2)=  2100
iter=    92  rel‖R‖=  2.881e-02  size(V,2)=  2400
iter=    93  rel‖R‖=  2.874e-02  size(V,2)=   600
iter=    94  rel‖R‖=  2.864e-02  size(V,2)=   900
iter=    95  rel‖R‖=  2.852e-02  size(V,2)=  1200
iter=    96  rel‖R‖=  2.841e-02  size(V,2)=  1500
iter=    97  rel‖R‖=  2.828e-02  size(V,2)=  1800
iter=    98  rel‖R‖=  2.814e-02  size(V,2)=  2100
iter=    99  rel‖R‖=  2.799e-02  size(V,2)=  2400
iter=   100  rel‖R‖=  2.792e-02  size(V,2)=   600
iter=   101  rel‖R‖=  2.782e-02  size(V,2)=   900
iter=   102  rel‖R‖=  2.772e-02  size(V,2)=  1200
iter=   103  rel‖R‖=  2.760e-02  size(V,2)=  1500
iter=   104  rel‖R‖=  2.748e-02  size(V,2)=  1800
iter=   105  rel‖R‖=  2.735e-02  size(V,2)=  2100
iter=   106  rel‖R‖=  2.720e-02  size(V,2)=  2400
iter=   107  rel‖R‖=  2.713e-02  size(V,2)=   600
iter=   108  rel‖R‖=  2.704e-02  size(V,2)=   900
iter=   109  rel‖R‖=  2.694e-02  size(V,2)=  1200
iter=   110  rel‖R‖=  2.683e-02  size(V,2)=  1500
iter=   111  rel‖R‖=  2.671e-02  size(V,2)=  1800
iter=   112  rel‖R‖=  2.659e-02  size(V,2)=  2100
iter=   113  rel‖R‖=  2.645e-02  size(V,2)=  2400
iter=   114  rel‖R‖=  2.639e-02  size(V,2)=   600
iter=   115  rel‖R‖=  2.631e-02  size(V,2)=   900
iter=   116  rel‖R‖=  2.622e-02  size(V,2)=  1200
iter=   117  rel‖R‖=  2.611e-02  size(V,2)=  1500
iter=   118  rel‖R‖=  2.601e-02  size(V,2)=  1800
iter=   119  rel‖R‖=  2.589e-02  size(V,2)=  2100
iter=   120  rel‖R‖=  2.575e-02  size(V,2)=  2400
iter=   121  rel‖R‖=  2.569e-02  size(V,2)=   600
iter=   122  rel‖R‖=  2.561e-02  size(V,2)=   900
iter=   123  rel‖R‖=  2.552e-02  size(V,2)=  1200
iter=   124  rel‖R‖=  2.542e-02  size(V,2)=  1500
iter=   125  rel‖R‖=  2.531e-02  size(V,2)=  1800
iter=   126  rel‖R‖=  2.520e-02  size(V,2)=  2100
iter=   127  rel‖R‖=  2.506e-02  size(V,2)=  2400
iter=   128  rel‖R‖=  2.500e-02  size(V,2)=   600
iter=   129  rel‖R‖=  2.493e-02  size(V,2)=   900
iter=   130  rel‖R‖=  2.484e-02  size(V,2)=  1200
iter=   131  rel‖R‖=  2.475e-02  size(V,2)=  1500
iter=   132  rel‖R‖=  2.465e-02  size(V,2)=  1800
iter=   133  rel‖R‖=  2.454e-02  size(V,2)=  2100
iter=   134  rel‖R‖=  2.442e-02  size(V,2)=  2400
iter=   135  rel‖R‖=  2.436e-02  size(V,2)=   600
iter=   136  rel‖R‖=  2.429e-02  size(V,2)=   900
iter=   137  rel‖R‖=  2.421e-02  size(V,2)=  1200
iter=   138  rel‖R‖=  2.412e-02  size(V,2)=  1500
iter=   139  rel‖R‖=  2.403e-02  size(V,2)=  1800
iter=   140  rel‖R‖=  2.394e-02  size(V,2)=  2100
iter=   141  rel‖R‖=  2.382e-02  size(V,2)=  2400
iter=   142  rel‖R‖=  2.377e-02  size(V,2)=   600
iter=   143  rel‖R‖=  2.370e-02  size(V,2)=   900
iter=   144  rel‖R‖=  2.363e-02  size(V,2)=  1200
iter=   145  rel‖R‖=  2.354e-02  size(V,2)=  1500
iter=   146  rel‖R‖=  2.345e-02  size(V,2)=  1800
iter=   147  rel‖R‖=  2.335e-02  size(V,2)=  2100
iter=   148  rel‖R‖=  2.325e-02  size(V,2)=  2400
iter=   149  rel‖R‖=  2.320e-02  size(V,2)=   600
iter=   150  rel‖R‖=  2.313e-02  size(V,2)=   900
iter=   151  rel‖R‖=  2.306e-02  size(V,2)=  1200
iter=   152  rel‖R‖=  2.298e-02  size(V,2)=  1500
iter=   153  rel‖R‖=  2.289e-02  size(V,2)=  1800
iter=   154  rel‖R‖=  2.280e-02  size(V,2)=  2100
iter=   155  rel‖R‖=  2.269e-02  size(V,2)=  2400
iter=   156  rel‖R‖=  2.264e-02  size(V,2)=   600
iter=   157  rel‖R‖=  2.258e-02  size(V,2)=   900
iter=   158  rel‖R‖=  2.251e-02  size(V,2)=  1200
iter=   159  rel‖R‖=  2.243e-02  size(V,2)=  1500
iter=   160  rel‖R‖=  2.235e-02  size(V,2)=  1800
iter=   161  rel‖R‖=  2.226e-02  size(V,2)=  2100
iter=   162  rel‖R‖=  2.216e-02  size(V,2)=  2400
iter=   163  rel‖R‖=  2.211e-02  size(V,2)=   600
iter=   164  rel‖R‖=  2.205e-02  size(V,2)=   900
iter=   165  rel‖R‖=  2.199e-02  size(V,2)=  1200
iter=   166  rel‖R‖=  2.191e-02  size(V,2)=  1500
iter=   167  rel‖R‖=  2.183e-02  size(V,2)=  1800
iter=   168  rel‖R‖=  2.175e-02  size(V,2)=  2100
iter=   169  rel‖R‖=  2.165e-02  size(V,2)=  2400
iter=   170  rel‖R‖=  2.160e-02  size(V,2)=   600
iter=   171  rel‖R‖=  2.155e-02  size(V,2)=   900
iter=   172  rel‖R‖=  2.148e-02  size(V,2)=  1200
iter=   173  rel‖R‖=  2.141e-02  size(V,2)=  1500
iter=   174  rel‖R‖=  2.134e-02  size(V,2)=  1800
iter=   175  rel‖R‖=  2.125e-02  size(V,2)=  2100
iter=   176  rel‖R‖=  2.116e-02  size(V,2)=  2400
iter=   177  rel‖R‖=  2.112e-02  size(V,2)=   600
iter=   178  rel‖R‖=  2.106e-02  size(V,2)=   900
iter=   179  rel‖R‖=  2.100e-02  size(V,2)=  1200
iter=   180  rel‖R‖=  2.094e-02  size(V,2)=  1500
iter=   181  rel‖R‖=  2.086e-02  size(V,2)=  1800
iter=   182  rel‖R‖=  2.078e-02  size(V,2)=  2100
iter=   183  rel‖R‖=  2.070e-02  size(V,2)=  2400
iter=   184  rel‖R‖=  2.066e-02  size(V,2)=   600
iter=   185  rel‖R‖=  2.060e-02  size(V,2)=   900
iter=   186  rel‖R‖=  2.054e-02  size(V,2)=  1200
iter=   187  rel‖R‖=  2.048e-02  size(V,2)=  1500
iter=   188  rel‖R‖=  2.040e-02  size(V,2)=  1800
iter=   189  rel‖R‖=  2.033e-02  size(V,2)=  2100
iter=   190  rel‖R‖=  2.023e-02  size(V,2)=  2400
iter=   191  rel‖R‖=  2.020e-02  size(V,2)=   600
iter=   192  rel‖R‖=  2.014e-02  size(V,2)=   900
iter=   193  rel‖R‖=  2.008e-02  size(V,2)=  1200
iter=   194  rel‖R‖=  2.002e-02  size(V,2)=  1500
iter=   195  rel‖R‖=  1.995e-02  size(V,2)=  1800
iter=   196  rel‖R‖=  1.988e-02  size(V,2)=  2100
iter=   197  rel‖R‖=  1.980e-02  size(V,2)=  2400
iter=   198  rel‖R‖=  1.977e-02  size(V,2)=   600
iter=   199  rel‖R‖=  1.972e-02  size(V,2)=   900
iter=   200  rel‖R‖=  1.966e-02  size(V,2)=  1200
iter=   201  rel‖R‖=  1.961e-02  size(V,2)=  1500
iter=   202  rel‖R‖=  1.954e-02  size(V,2)=  1800
iter=   203  rel‖R‖=  1.947e-02  size(V,2)=  2100
iter=   204  rel‖R‖=  1.939e-02  size(V,2)=  2400
iter=   205  rel‖R‖=  1.936e-02  size(V,2)=   600
iter=   206  rel‖R‖=  1.931e-02  size(V,2)=   900
iter=   207  rel‖R‖=  1.926e-02  size(V,2)=  1200
iter=   208  rel‖R‖=  1.920e-02  size(V,2)=  1500
iter=   209  rel‖R‖=  1.914e-02  size(V,2)=  1800
iter=   210  rel‖R‖=  1.907e-02  size(V,2)=  2100
iter=   211  rel‖R‖=  1.899e-02  size(V,2)=  2400
iter=   212  rel‖R‖=  1.896e-02  size(V,2)=   600
iter=   213  rel‖R‖=  1.891e-02  size(V,2)=   900
iter=   214  rel‖R‖=  1.886e-02  size(V,2)=  1200
iter=   215  rel‖R‖=  1.881e-02  size(V,2)=  1500
iter=   216  rel‖R‖=  1.875e-02  size(V,2)=  1800
iter=   217  rel‖R‖=  1.869e-02  size(V,2)=  2100
iter=   218  rel‖R‖=  1.862e-02  size(V,2)=  2400
iter=   219  rel‖R‖=  1.859e-02  size(V,2)=   600
iter=   220  rel‖R‖=  1.855e-02  size(V,2)=   900
iter=   221  rel‖R‖=  1.850e-02  size(V,2)=  1200
iter=   222  rel‖R‖=  1.845e-02  size(V,2)=  1500
iter=   223  rel‖R‖=  1.839e-02  size(V,2)=  1800
iter=   224  rel‖R‖=  1.833e-02  size(V,2)=  2100
iter=   225  rel‖R‖=  1.826e-02  size(V,2)=  2400
iter=   226  rel‖R‖=  1.823e-02  size(V,2)=   600
iter=   227  rel‖R‖=  1.819e-02  size(V,2)=   900
iter=   228  rel‖R‖=  1.814e-02  size(V,2)=  1200
iter=   229  rel‖R‖=  1.810e-02  size(V,2)=  1500
iter=   230  rel‖R‖=  1.804e-02  size(V,2)=  1800
iter=   231  rel‖R‖=  1.798e-02  size(V,2)=  2100
iter=   232  rel‖R‖=  1.792e-02  size(V,2)=  2400
iter=   233  rel‖R‖=  1.789e-02  size(V,2)=   600
iter=   234  rel‖R‖=  1.785e-02  size(V,2)=   900
iter=   235  rel‖R‖=  1.781e-02  size(V,2)=  1200
iter=   236  rel‖R‖=  1.776e-02  size(V,2)=  1500
iter=   237  rel‖R‖=  1.771e-02  size(V,2)=  1800
iter=   238  rel‖R‖=  1.765e-02  size(V,2)=  2100
iter=   239  rel‖R‖=  1.759e-02  size(V,2)=  2400
iter=   240  rel‖R‖=  1.756e-02  size(V,2)=   600
iter=   241  rel‖R‖=  1.752e-02  size(V,2)=   900
iter=   242  rel‖R‖=  1.748e-02  size(V,2)=  1200
iter=   243  rel‖R‖=  1.743e-02  size(V,2)=  1500
iter=   244  rel‖R‖=  1.738e-02  size(V,2)=  1800
iter=   245  rel‖R‖=  1.732e-02  size(V,2)=  2100
iter=   246  rel‖R‖=  1.726e-02  size(V,2)=  2400
iter=   247  rel‖R‖=  1.723e-02  size(V,2)=   600
iter=   248  rel‖R‖=  1.720e-02  size(V,2)=   900
iter=   249  rel‖R‖=  1.716e-02  size(V,2)=  1200
iter=   250  rel‖R‖=  1.711e-02  size(V,2)=  1500
iter=   251  rel‖R‖=  1.706e-02  size(V,2)=  1800
iter=   252  rel‖R‖=  1.701e-02  size(V,2)=  2100
iter=   253  rel‖R‖=  1.694e-02  size(V,2)=  2400
iter=   254  rel‖R‖=  1.692e-02  size(V,2)=   600
iter=   255  rel‖R‖=  1.688e-02  size(V,2)=   900
iter=   256  rel‖R‖=  1.684e-02  size(V,2)=  1200
iter=   257  rel‖R‖=  1.680e-02  size(V,2)=  1500
iter=   258  rel‖R‖=  1.675e-02  size(V,2)=  1800
iter=   259  rel‖R‖=  1.670e-02  size(V,2)=  2100
iter=   260  rel‖R‖=  1.665e-02  size(V,2)=  2400
iter=   261  rel‖R‖=  1.662e-02  size(V,2)=   600
iter=   262  rel‖R‖=  1.659e-02  size(V,2)=   900
iter=   263  rel‖R‖=  1.655e-02  size(V,2)=  1200
iter=   264  rel‖R‖=  1.651e-02  size(V,2)=  1500
iter=   265  rel‖R‖=  1.646e-02  size(V,2)=  1800
iter=   266  rel‖R‖=  1.641e-02  size(V,2)=  2100
iter=   267  rel‖R‖=  1.636e-02  size(V,2)=  2400
iter=   268  rel‖R‖=  1.634e-02  size(V,2)=   600
iter=   269  rel‖R‖=  1.630e-02  size(V,2)=   900
iter=   270  rel‖R‖=  1.627e-02  size(V,2)=  1200
iter=   271  rel‖R‖=  1.623e-02  size(V,2)=  1500
iter=   272  rel‖R‖=  1.618e-02  size(V,2)=  1800
iter=   273  rel‖R‖=  1.613e-02  size(V,2)=  2100
iter=   274  rel‖R‖=  1.608e-02  size(V,2)=  2400
iter=   275  rel‖R‖=  1.606e-02  size(V,2)=   600
iter=   276  rel‖R‖=  1.602e-02  size(V,2)=   900
iter=   277  rel‖R‖=  1.599e-02  size(V,2)=  1200
iter=   278  rel‖R‖=  1.595e-02  size(V,2)=  1500
iter=   279  rel‖R‖=  1.591e-02  size(V,2)=  1800
iter=   280  rel‖R‖=  1.586e-02  size(V,2)=  2100
iter=   281  rel‖R‖=  1.581e-02  size(V,2)=  2400
iter=   282  rel‖R‖=  1.579e-02  size(V,2)=   600
iter=   283  rel‖R‖=  1.576e-02  size(V,2)=   900
iter=   284  rel‖R‖=  1.572e-02  size(V,2)=  1200
iter=   285  rel‖R‖=  1.568e-02  size(V,2)=  1500
iter=   286  rel‖R‖=  1.564e-02  size(V,2)=  1800
iter=   287  rel‖R‖=  1.560e-02  size(V,2)=  2100
iter=   288  rel‖R‖=  1.555e-02  size(V,2)=  2400
iter=   289  rel‖R‖=  1.553e-02  size(V,2)=   600
iter=   290  rel‖R‖=  1.550e-02  size(V,2)=   900
iter=   291  rel‖R‖=  1.546e-02  size(V,2)=  1200
iter=   292  rel‖R‖=  1.542e-02  size(V,2)=  1500
iter=   293  rel‖R‖=  1.539e-02  size(V,2)=  1800
iter=   294  rel‖R‖=  1.534e-02  size(V,2)=  2100
iter=   295  rel‖R‖=  1.529e-02  size(V,2)=  2400
iter=   296  rel‖R‖=  1.527e-02  size(V,2)=   600
iter=   297  rel‖R‖=  1.524e-02  size(V,2)=   900
iter=   298  rel‖R‖=  1.521e-02  size(V,2)=  1200
iter=   299  rel‖R‖=  1.517e-02  size(V,2)=  1500
iter=   300  rel‖R‖=  1.513e-02  size(V,2)=  1800
iter=   301  rel‖R‖=  1.509e-02  size(V,2)=  2100
iter=   302  rel‖R‖=  1.504e-02  size(V,2)=  2400
iter=   303  rel‖R‖=  1.503e-02  size(V,2)=   600
iter=   304  rel‖R‖=  1.500e-02  size(V,2)=   900
converged!
17039.613393 seconds (1.39 M allocations: 529.512 GiB, 0.11% gc time)
Total estimated FLOPs: 956772078111900

Reading exact Eigenvalues...
Reading eigenvalues from ../Eigenvalues_folder/eigenres_formaldehyde_RNDbasis1.jld2

Difference between Davidson and exact eigenvalues:
1×300 adjoint(::Vector{Float64}) with eltype Float64:
 2.27374e-13  5.68434e-13  -2.27374e-13  -1.98952e-13  8.52651e-14  -5.68434e-14  -2.55795e-13  1.42109e-13  2.84217e-14  -9.9476e-14  6.39488e-14  4.26326e-14  -5.68434e-14  7.10543e-15  -1.42109e-14  4.9738e-14  2.84217e-14  1.42109e-14  3.55271e-15  1.06581e-14  -3.90799e-14  -3.90799e-14  3.55271e-15  -2.13163e-14  6.03961e-14  2.13163e-14  0.0  4.9738e-14  4.26326e-14  -7.63833e-14  -7.99361e-14  -7.4607e-14  -3.37508e-14  3.19744e-14  2.13163e-14  1.42109e-14  7.28306e-14  -8.52651e-14  -2.66454e-14  7.63833e-14  6.39488e-14  -9.76996e-15  2.30926e-14  -6.30607e-14  0.0  -1.42109e-14  -3.19744e-14  1.06581e-14  -1.68754e-14  -3.90799e-14  1.59872e-14  -8.88178e-15  -6.12843e-14  -3.90799e-14  -4.08562e-14  -2.66454e-14  5.32907e-15  -1.59872e-14  -2.04281e-14  -7.10543e-14  -1.9984e-14  -2.44249e-14  -3.73035e-14  -3.64153e-14  4.88498e-15  -1.42109e-14  -1.5099e-14  3.9968e-15  -8.79297e-14  3.9968e-14  5.10703e-14  -3.24185e-14  1.5099e-14  -2.4869e-14  -7.10543e-15  1.46549e-14  -2.13163e-14  7.81597e-14  -3.81917e-14  -7.99361e-14  2.88658e-14  -4.52971e-14  -2.66454e-15  5.32907e-15  8.43769e-15  4.88498e-15  1.22125e-14  4.13003e-14  1.53211e-14  -3.21965e-14  -3.88578e-14  1.39888e-14  -1.46549e-14  -3.26406e-14  -3.57492e-14  -8.21565e-15  5.77316e-15  -2.77556e-14  1.70974e-14  3.66374e-14  4.66294e-14  9.99201e-15  -4.57412e-14  -3.61933e-14  -1.26565e-14  2.73115e-14  -2.19824e-14  -2.86438e-14  2.5091e-14  1.44329e-14  1.53211e-14  -2.59792e-14  9.54792e-15  3.59712e-14  4.55191e-14  6.66134e-16  2.39808e-14  -1.11022e-15  1.82077e-14  5.10703e-15  3.37508e-14  -2.23155e-14  -1.16573e-14  -1.82077e-14  -5.21805e-15  -5.21805e-15  -2.18714e-14  5.89528e-14  -4.64073e-14  -3.9635e-14  -9.10383e-15  8.72635e-13  5.51781e-14  2.80886e-14  -3.64153e-14  -1.88738e-15  4.84046e-12  1.82997e-11  4.52416e-13  2.22933e-13  1.56308e-12  1.05186e-9  2.28301e-10  2.34463e-9  2.9953e-11  1.80256e-12  1.93947e-6  2.20028e-6  2.21737e-6  3.3434e-7  1.31915e-5  2.44252e-7  1.48628e-7  6.92102e-7  0.000304586  0.00048641  0.000125958  0.000124295  0.000155863  0.000258861  0.000579901  0.000861516  0.000319212  0.000328106  0.000593958  0.00056963  0.000668476  0.000940718  0.000995476  0.000830257  0.000855329  0.00113003  0.000948126  0.0013816  0.0017151  0.00163603  0.00175985  0.0015022  0.00160258  0.00152528  0.00167805  0.00189078  0.00173692  0.00179483  0.00181595  0.00204303  0.00211548  0.00165208  0.00210106  0.00218785  0.00240702  0.00210894  0.0023275  0.00183764  0.00199168  0.00234329  0.00231934  0.00221979  0.0018907  0.00187176  0.00227822  0.00213686  0.00271853  0.00241051  0.0023912  0.00262771  0.00259953  0.00265189  0.00259323  0.00242762  0.00249917  0.0023158  0.0027321  0.00271188  0.00237514  0.00266429  0.0025067  0.00222952  0.00225971  0.00265821  0.00263417  0.00261398  0.00281811  0.00262085  0.00287825  0.00294583  0.00284795  0.00273463  0.00280632  0.00292859  0.00258177  0.00291973  0.00294879  0.00295568  0.00308995  0.00283175  0.00303476  0.00288085  0.00294796  0.00300166  0.00295393  0.0027493  0.00297368  0.00292928  0.00306807  0.00297165  0.00286759  0.00280377  0.00262696  0.0027257  0.00299441  0.00277037  0.00287629  0.00300678  0.0028216  0.00287785  0.0030513  0.00305101  0.00293608  0.00323182  0.00296586  0.00301141  0.00318233  0.00293011  0.00300887  0.00288219  0.00287686  0.00297946  0.00306858  0.0030866  0.00311764  0.00308574  0.00323963  0.00310948  0.00298879  0.00327679  0.0033122  0.00303481  0.00321255  0.0030415  0.00317933  0.00318826  0.003191  0.00311024  0.00350251  0.00343377  0.00325078  0.00315294  0.00333906  0.00354023  0.00345067  0.00373539  0.00319501  0.0036595  0.00407037  0.00366928  0.00462837  0.00471451  0.00597228  0.0061243
300 Eigenvalues converges, out of 300 requested.
Running with l = 100
read ../formaldehyde/gamma_VASP_RNDbasis1.dat
Skipping: Naux (4800) is larger than 15% of the matrix size (27643).
Running with l = 200
read ../formaldehyde/gamma_VASP_RNDbasis1.dat
Skipping: Naux (9600) is larger than 15% of the matrix size (27643).
Running with alpha = 16
Running with l = 10
read ../formaldehyde/gamma_VASP_RNDbasis1.dat
Davidson
iter=     1  rel‖R‖=  3.324e+01  size(V,2)=    60
iter=     2  rel‖R‖=  1.971e+01  size(V,2)=   120
iter=     3  rel‖R‖=  4.462e+00  size(V,2)=   180
iter=     4  rel‖R‖=  8.574e-01  size(V,2)=   240
iter=     5  rel‖R‖=  2.454e-01  size(V,2)=   300
iter=     6  rel‖R‖=  4.369e-02  size(V,2)=   360
iter=     7  rel‖R‖=  5.516e-03  size(V,2)=   420
converged!
 62.086798 seconds (6.00 k allocations: 1.946 GiB, 0.01% gc time)
Total estimated FLOPs: 3274121567220

Reading exact Eigenvalues...
Reading eigenvalues from ../Eigenvalues_folder/eigenres_formaldehyde_RNDbasis1.jld2

Difference between Davidson and exact eigenvalues:
1×60 adjoint(::Vector{Float64}) with eltype Float64:
 0.0  3.41061e-13  1.13687e-13  -1.13687e-13  1.42109e-13  2.27374e-13  -8.52651e-14  3.69482e-13  -4.26326e-14  -1.13687e-13  2.13163e-14  3.55271e-14  -3.55271e-14  7.10543e-14  6.39488e-14  7.10543e-13  9.45022e-13  1.91847e-13  3.43547e-12  1.42144e-11  2.3217e-11  1.08979e-10  5.67049e-11  3.4435e-10  1.72829e-10  1.15477e-10  1.19467e-10  7.61579e-10  7.2672e-10  9.24354e-10  1.24418e-9  1.34797e-10  1.68634e-9  3.0397e-9  7.79777e-9  4.43857e-9  5.19097e-8  1.32254e-8  6.76108e-8  6.25407e-8  2.61213e-8  2.04997e-7  2.05514e-7  5.42764e-7  1.46783e-6  8.60794e-7  1.48221e-6  1.48758e-6  4.15709e-6  2.63394e-5  1.16943e-5  2.04625e-5  6.11966e-6  2.58227e-5  2.05706e-5  4.35401e-5  2.95875e-5  3.95928e-5  8.15103e-5  0.000154244
60 Eigenvalues converges, out of 60 requested.
Running with l = 50
read ../formaldehyde/gamma_VASP_RNDbasis1.dat
Skipping: Naux (4800) is larger than 15% of the matrix size (27643).
Running with l = 100
read ../formaldehyde/gamma_VASP_RNDbasis1.dat
Skipping: Naux (9600) is larger than 15% of the matrix size (27643).
Running with l = 200
read ../formaldehyde/gamma_VASP_RNDbasis1.dat
Skipping: Naux (19200) is larger than 15% of the matrix size (27643).
Finished processing molecule: formaldehyde
