Processing molecule: formaldehyde
Running with alpha = 8
Running with l = 10
read ../formaldehyde/gamma_VASP_RNDbasis1.dat
Davidson
iter=     1  rel‖R‖=  3.324e+01  size(V,2)=    60
iter=     2  rel‖R‖=  1.971e+01  size(V,2)=   120
iter=     3  rel‖R‖=  4.462e+00  size(V,2)=   180
iter=     4  rel‖R‖=  8.574e-01  size(V,2)=   240
iter=     5  rel‖R‖=  2.454e-01  size(V,2)=   300
iter=     6  rel‖R‖=  4.369e-02  size(V,2)=   360
iter=     7  rel‖R‖=  5.516e-03  size(V,2)=   420
iter=     8  rel‖R‖=  4.975e-04  size(V,2)=   480
iter=     9  rel‖R‖=  5.888e-05  size(V,2)=   120
converged!
 80.675604 seconds (7.97 k allocations: 2.621 GiB, 0.13% gc time)
Total estimated FLOPs: 4405801238340

Reading exact Eigenvalues...
Reading eigenvalues from ../Eigenvalues_folder/eigenres_formaldehyde_RNDbasis1.jld2

Difference between Davidson and exact eigenvalues:
1×60 adjoint(::Vector{Float64}) with eltype Float64:
 -7.10543e-15  -7.10543e-15  0.0  3.55271e-15  -7.10543e-15  -3.55271e-15  8.88178e-15  -1.59872e-14  1.77636e-15  8.88178e-15  -2.66454e-15  3.55271e-15  -1.77636e-15  0.0  -8.88178e-16  -2.66454e-15  1.77636e-15  3.55271e-15  -4.44089e-15  -1.24345e-14  2.66454e-15  -3.55271e-15  -1.77636e-15  -1.77636e-15  4.44089e-15  -9.76996e-15  6.21725e-15  -4.88498e-15  7.99361e-15  -4.44089e-15  2.66454e-15  0.0  1.02141e-14  -1.77636e-15  -1.24345e-14  -3.10862e-15  -1.19904e-14  -9.76996e-15  -1.33227e-14  -3.10862e-14  -9.32587e-15  -2.54019e-13  -6.37268e-13  -1.44063e-12  -4.51061e-12  -2.28928e-12  -4.6132e-12  -8.85025e-12  -3.26428e-11  -3.48968e-10  -1.24767e-10  -3.94093e-10  -6.74407e-11  -3.57568e-10  -4.54746e-10  -9.27967e-10  -6.17991e-10  -1.80488e-9  -3.12619e-9  -5.98143e-9
60 Eigenvalues converges, out of 60 requested.
Running with l = 50
read ../formaldehyde/gamma_VASP_RNDbasis1.dat
Davidson
iter=     1  rel‖R‖=  1.983e+01  size(V,2)=   300
iter=     2  rel‖R‖=  4.213e+00  size(V,2)=   600
iter=     3  rel‖R‖=  4.699e-01  size(V,2)=   900
iter=     4  rel‖R‖=  1.480e-01  size(V,2)=  1200
iter=     5  rel‖R‖=  9.960e-02  size(V,2)=  1500
iter=     6  rel‖R‖=  8.053e-02  size(V,2)=  1800
iter=     7  rel‖R‖=  6.777e-02  size(V,2)=  2100
iter=     8  rel‖R‖=  5.764e-02  size(V,2)=  2400
iter=     9  rel‖R‖=  5.310e-02  size(V,2)=   600
iter=    10  rel‖R‖=  5.141e-02  size(V,2)=   900
iter=    11  rel‖R‖=  5.028e-02  size(V,2)=  1200
iter=    12  rel‖R‖=  4.923e-02  size(V,2)=  1500
iter=    13  rel‖R‖=  4.814e-02  size(V,2)=  1800
iter=    14  rel‖R‖=  4.711e-02  size(V,2)=  2100
iter=    15  rel‖R‖=  4.583e-02  size(V,2)=  2400
iter=    16  rel‖R‖=  4.523e-02  size(V,2)=   600
iter=    17  rel‖R‖=  4.484e-02  size(V,2)=   900
iter=    18  rel‖R‖=  4.443e-02  size(V,2)=  1200
iter=    19  rel‖R‖=  4.401e-02  size(V,2)=  1500
iter=    20  rel‖R‖=  4.356e-02  size(V,2)=  1800
iter=    21  rel‖R‖=  4.310e-02  size(V,2)=  2100
iter=    22  rel‖R‖=  4.257e-02  size(V,2)=  2400
iter=    23  rel‖R‖=  4.229e-02  size(V,2)=   600
iter=    24  rel‖R‖=  4.202e-02  size(V,2)=   900
iter=    25  rel‖R‖=  4.171e-02  size(V,2)=  1200
iter=    26  rel‖R‖=  4.139e-02  size(V,2)=  1500
iter=    27  rel‖R‖=  4.106e-02  size(V,2)=  1800
iter=    28  rel‖R‖=  4.070e-02  size(V,2)=  2100
iter=    29  rel‖R‖=  4.030e-02  size(V,2)=  2400
iter=    30  rel‖R‖=  4.011e-02  size(V,2)=   600
iter=    31  rel‖R‖=  3.986e-02  size(V,2)=   900
iter=    32  rel‖R‖=  3.961e-02  size(V,2)=  1200
iter=    33  rel‖R‖=  3.935e-02  size(V,2)=  1500
iter=    34  rel‖R‖=  3.906e-02  size(V,2)=  1800
iter=    35  rel‖R‖=  3.875e-02  size(V,2)=  2100
iter=    36  rel‖R‖=  3.843e-02  size(V,2)=  2400
iter=    37  rel‖R‖=  3.826e-02  size(V,2)=   600
iter=    38  rel‖R‖=  3.807e-02  size(V,2)=   900
iter=    39  rel‖R‖=  3.785e-02  size(V,2)=  1200
iter=    40  rel‖R‖=  3.762e-02  size(V,2)=  1500
iter=    41  rel‖R‖=  3.736e-02  size(V,2)=  1800
iter=    42  rel‖R‖=  3.710e-02  size(V,2)=  2100
iter=    43  rel‖R‖=  3.680e-02  size(V,2)=  2400
iter=    44  rel‖R‖=  3.666e-02  size(V,2)=   600
iter=    45  rel‖R‖=  3.647e-02  size(V,2)=   900
iter=    46  rel‖R‖=  3.627e-02  size(V,2)=  1200
iter=    47  rel‖R‖=  3.606e-02  size(V,2)=  1500
iter=    48  rel‖R‖=  3.584e-02  size(V,2)=  1800
iter=    49  rel‖R‖=  3.559e-02  size(V,2)=  2100
iter=    50  rel‖R‖=  3.533e-02  size(V,2)=  2400
iter=    51  rel‖R‖=  3.520e-02  size(V,2)=   600
iter=    52  rel‖R‖=  3.504e-02  size(V,2)=   900
iter=    53  rel‖R‖=  3.486e-02  size(V,2)=  1200
iter=    54  rel‖R‖=  3.466e-02  size(V,2)=  1500
iter=    55  rel‖R‖=  3.447e-02  size(V,2)=  1800
iter=    56  rel‖R‖=  3.425e-02  size(V,2)=  2100
iter=    57  rel‖R‖=  3.401e-02  size(V,2)=  2400
iter=    58  rel‖R‖=  3.389e-02  size(V,2)=   600
iter=    59  rel‖R‖=  3.375e-02  size(V,2)=   900
iter=    60  rel‖R‖=  3.358e-02  size(V,2)=  1200
iter=    61  rel‖R‖=  3.341e-02  size(V,2)=  1500
iter=    62  rel‖R‖=  3.322e-02  size(V,2)=  1800
iter=    63  rel‖R‖=  3.301e-02  size(V,2)=  2100
iter=    64  rel‖R‖=  3.278e-02  size(V,2)=  2400
iter=    65  rel‖R‖=  3.267e-02  size(V,2)=   600
iter=    66  rel‖R‖=  3.253e-02  size(V,2)=   900
iter=    67  rel‖R‖=  3.239e-02  size(V,2)=  1200
iter=    68  rel‖R‖=  3.223e-02  size(V,2)=  1500
iter=    69  rel‖R‖=  3.206e-02  size(V,2)=  1800
iter=    70  rel‖R‖=  3.188e-02  size(V,2)=  2100
iter=    71  rel‖R‖=  3.168e-02  size(V,2)=  2400
iter=    72  rel‖R‖=  3.158e-02  size(V,2)=   600
iter=    73  rel‖R‖=  3.146e-02  size(V,2)=   900
iter=    74  rel‖R‖=  3.133e-02  size(V,2)=  1200
iter=    75  rel‖R‖=  3.118e-02  size(V,2)=  1500
iter=    76  rel‖R‖=  3.102e-02  size(V,2)=  1800
iter=    77  rel‖R‖=  3.086e-02  size(V,2)=  2100
iter=    78  rel‖R‖=  3.066e-02  size(V,2)=  2400
iter=    79  rel‖R‖=  3.057e-02  size(V,2)=   600
iter=    80  rel‖R‖=  3.045e-02  size(V,2)=   900
iter=    81  rel‖R‖=  3.032e-02  size(V,2)=  1200
iter=    82  rel‖R‖=  3.018e-02  size(V,2)=  1500
iter=    83  rel‖R‖=  3.004e-02  size(V,2)=  1800
iter=    84  rel‖R‖=  2.988e-02  size(V,2)=  2100
iter=    85  rel‖R‖=  2.970e-02  size(V,2)=  2400
iter=    86  rel‖R‖=  2.962e-02  size(V,2)=   600
iter=    87  rel‖R‖=  2.951e-02  size(V,2)=   900
iter=    88  rel‖R‖=  2.939e-02  size(V,2)=  1200
iter=    89  rel‖R‖=  2.926e-02  size(V,2)=  1500
iter=    90  rel‖R‖=  2.912e-02  size(V,2)=  1800
iter=    91  rel‖R‖=  2.898e-02  size(V,2)=  2100
iter=    92  rel‖R‖=  2.881e-02  size(V,2)=  2400
iter=    93  rel‖R‖=  2.874e-02  size(V,2)=   600
iter=    94  rel‖R‖=  2.864e-02  size(V,2)=   900
iter=    95  rel‖R‖=  2.852e-02  size(V,2)=  1200
iter=    96  rel‖R‖=  2.841e-02  size(V,2)=  1500
iter=    97  rel‖R‖=  2.828e-02  size(V,2)=  1800
iter=    98  rel‖R‖=  2.814e-02  size(V,2)=  2100
iter=    99  rel‖R‖=  2.799e-02  size(V,2)=  2400
iter=   100  rel‖R‖=  2.792e-02  size(V,2)=   600
iter=   101  rel‖R‖=  2.782e-02  size(V,2)=   900
iter=   102  rel‖R‖=  2.772e-02  size(V,2)=  1200
iter=   103  rel‖R‖=  2.760e-02  size(V,2)=  1500
iter=   104  rel‖R‖=  2.748e-02  size(V,2)=  1800
iter=   105  rel‖R‖=  2.735e-02  size(V,2)=  2100
iter=   106  rel‖R‖=  2.720e-02  size(V,2)=  2400
iter=   107  rel‖R‖=  2.713e-02  size(V,2)=   600
iter=   108  rel‖R‖=  2.704e-02  size(V,2)=   900
iter=   109  rel‖R‖=  2.694e-02  size(V,2)=  1200
iter=   110  rel‖R‖=  2.683e-02  size(V,2)=  1500
iter=   111  rel‖R‖=  2.671e-02  size(V,2)=  1800
iter=   112  rel‖R‖=  2.659e-02  size(V,2)=  2100
iter=   113  rel‖R‖=  2.645e-02  size(V,2)=  2400
iter=   114  rel‖R‖=  2.639e-02  size(V,2)=   600
iter=   115  rel‖R‖=  2.631e-02  size(V,2)=   900
iter=   116  rel‖R‖=  2.622e-02  size(V,2)=  1200
iter=   117  rel‖R‖=  2.611e-02  size(V,2)=  1500
iter=   118  rel‖R‖=  2.601e-02  size(V,2)=  1800
iter=   119  rel‖R‖=  2.589e-02  size(V,2)=  2100
iter=   120  rel‖R‖=  2.575e-02  size(V,2)=  2400
iter=   121  rel‖R‖=  2.569e-02  size(V,2)=   600
iter=   122  rel‖R‖=  2.561e-02  size(V,2)=   900
iter=   123  rel‖R‖=  2.552e-02  size(V,2)=  1200
iter=   124  rel‖R‖=  2.542e-02  size(V,2)=  1500
iter=   125  rel‖R‖=  2.531e-02  size(V,2)=  1800
iter=   126  rel‖R‖=  2.520e-02  size(V,2)=  2100
iter=   127  rel‖R‖=  2.506e-02  size(V,2)=  2400
iter=   128  rel‖R‖=  2.500e-02  size(V,2)=   600
iter=   129  rel‖R‖=  2.493e-02  size(V,2)=   900
iter=   130  rel‖R‖=  2.484e-02  size(V,2)=  1200
iter=   131  rel‖R‖=  2.475e-02  size(V,2)=  1500
iter=   132  rel‖R‖=  2.465e-02  size(V,2)=  1800
iter=   133  rel‖R‖=  2.454e-02  size(V,2)=  2100
iter=   134  rel‖R‖=  2.442e-02  size(V,2)=  2400
iter=   135  rel‖R‖=  2.436e-02  size(V,2)=   600
iter=   136  rel‖R‖=  2.429e-02  size(V,2)=   900
iter=   137  rel‖R‖=  2.421e-02  size(V,2)=  1200
iter=   138  rel‖R‖=  2.412e-02  size(V,2)=  1500
iter=   139  rel‖R‖=  2.403e-02  size(V,2)=  1800
iter=   140  rel‖R‖=  2.394e-02  size(V,2)=  2100
iter=   141  rel‖R‖=  2.382e-02  size(V,2)=  2400
iter=   142  rel‖R‖=  2.377e-02  size(V,2)=   600
iter=   143  rel‖R‖=  2.370e-02  size(V,2)=   900
iter=   144  rel‖R‖=  2.363e-02  size(V,2)=  1200
iter=   145  rel‖R‖=  2.354e-02  size(V,2)=  1500
iter=   146  rel‖R‖=  2.345e-02  size(V,2)=  1800
iter=   147  rel‖R‖=  2.335e-02  size(V,2)=  2100
iter=   148  rel‖R‖=  2.325e-02  size(V,2)=  2400
iter=   149  rel‖R‖=  2.320e-02  size(V,2)=   600
iter=   150  rel‖R‖=  2.313e-02  size(V,2)=   900
iter=   151  rel‖R‖=  2.306e-02  size(V,2)=  1200
iter=   152  rel‖R‖=  2.298e-02  size(V,2)=  1500
iter=   153  rel‖R‖=  2.289e-02  size(V,2)=  1800
iter=   154  rel‖R‖=  2.280e-02  size(V,2)=  2100
iter=   155  rel‖R‖=  2.269e-02  size(V,2)=  2400
iter=   156  rel‖R‖=  2.264e-02  size(V,2)=   600
iter=   157  rel‖R‖=  2.258e-02  size(V,2)=   900
iter=   158  rel‖R‖=  2.251e-02  size(V,2)=  1200
iter=   159  rel‖R‖=  2.243e-02  size(V,2)=  1500
iter=   160  rel‖R‖=  2.235e-02  size(V,2)=  1800
iter=   161  rel‖R‖=  2.226e-02  size(V,2)=  2100
iter=   162  rel‖R‖=  2.216e-02  size(V,2)=  2400
iter=   163  rel‖R‖=  2.211e-02  size(V,2)=   600
iter=   164  rel‖R‖=  2.205e-02  size(V,2)=   900
iter=   165  rel‖R‖=  2.199e-02  size(V,2)=  1200
iter=   166  rel‖R‖=  2.191e-02  size(V,2)=  1500
iter=   167  rel‖R‖=  2.183e-02  size(V,2)=  1800
iter=   168  rel‖R‖=  2.175e-02  size(V,2)=  2100
iter=   169  rel‖R‖=  2.165e-02  size(V,2)=  2400
iter=   170  rel‖R‖=  2.160e-02  size(V,2)=   600
iter=   171  rel‖R‖=  2.155e-02  size(V,2)=   900
iter=   172  rel‖R‖=  2.148e-02  size(V,2)=  1200
iter=   173  rel‖R‖=  2.141e-02  size(V,2)=  1500
iter=   174  rel‖R‖=  2.134e-02  size(V,2)=  1800
iter=   175  rel‖R‖=  2.125e-02  size(V,2)=  2100
iter=   176  rel‖R‖=  2.116e-02  size(V,2)=  2400
iter=   177  rel‖R‖=  2.112e-02  size(V,2)=   600
iter=   178  rel‖R‖=  2.106e-02  size(V,2)=   900
iter=   179  rel‖R‖=  2.100e-02  size(V,2)=  1200
iter=   180  rel‖R‖=  2.094e-02  size(V,2)=  1500
iter=   181  rel‖R‖=  2.086e-02  size(V,2)=  1800
iter=   182  rel‖R‖=  2.078e-02  size(V,2)=  2100
iter=   183  rel‖R‖=  2.070e-02  size(V,2)=  2400
iter=   184  rel‖R‖=  2.066e-02  size(V,2)=   600
iter=   185  rel‖R‖=  2.060e-02  size(V,2)=   900
iter=   186  rel‖R‖=  2.054e-02  size(V,2)=  1200
iter=   187  rel‖R‖=  2.048e-02  size(V,2)=  1500
iter=   188  rel‖R‖=  2.040e-02  size(V,2)=  1800
iter=   189  rel‖R‖=  2.033e-02  size(V,2)=  2100
iter=   190  rel‖R‖=  2.023e-02  size(V,2)=  2400
iter=   191  rel‖R‖=  2.020e-02  size(V,2)=   600
iter=   192  rel‖R‖=  2.014e-02  size(V,2)=   900
iter=   193  rel‖R‖=  2.008e-02  size(V,2)=  1200
iter=   194  rel‖R‖=  2.002e-02  size(V,2)=  1500
iter=   195  rel‖R‖=  1.995e-02  size(V,2)=  1800
iter=   196  rel‖R‖=  1.988e-02  size(V,2)=  2100
iter=   197  rel‖R‖=  1.980e-02  size(V,2)=  2400
iter=   198  rel‖R‖=  1.977e-02  size(V,2)=   600
iter=   199  rel‖R‖=  1.972e-02  size(V,2)=   900
iter=   200  rel‖R‖=  1.966e-02  size(V,2)=  1200
iter=   201  rel‖R‖=  1.961e-02  size(V,2)=  1500
iter=   202  rel‖R‖=  1.954e-02  size(V,2)=  1800
iter=   203  rel‖R‖=  1.947e-02  size(V,2)=  2100
iter=   204  rel‖R‖=  1.939e-02  size(V,2)=  2400
iter=   205  rel‖R‖=  1.936e-02  size(V,2)=   600
iter=   206  rel‖R‖=  1.931e-02  size(V,2)=   900
iter=   207  rel‖R‖=  1.926e-02  size(V,2)=  1200
iter=   208  rel‖R‖=  1.920e-02  size(V,2)=  1500
iter=   209  rel‖R‖=  1.914e-02  size(V,2)=  1800
iter=   210  rel‖R‖=  1.907e-02  size(V,2)=  2100
iter=   211  rel‖R‖=  1.899e-02  size(V,2)=  2400
iter=   212  rel‖R‖=  1.896e-02  size(V,2)=   600
iter=   213  rel‖R‖=  1.891e-02  size(V,2)=   900
iter=   214  rel‖R‖=  1.886e-02  size(V,2)=  1200
iter=   215  rel‖R‖=  1.881e-02  size(V,2)=  1500
iter=   216  rel‖R‖=  1.875e-02  size(V,2)=  1800
iter=   217  rel‖R‖=  1.869e-02  size(V,2)=  2100
iter=   218  rel‖R‖=  1.862e-02  size(V,2)=  2400
iter=   219  rel‖R‖=  1.859e-02  size(V,2)=   600
iter=   220  rel‖R‖=  1.855e-02  size(V,2)=   900
iter=   221  rel‖R‖=  1.850e-02  size(V,2)=  1200
iter=   222  rel‖R‖=  1.845e-02  size(V,2)=  1500
iter=   223  rel‖R‖=  1.839e-02  size(V,2)=  1800
iter=   224  rel‖R‖=  1.833e-02  size(V,2)=  2100
iter=   225  rel‖R‖=  1.826e-02  size(V,2)=  2400
iter=   226  rel‖R‖=  1.823e-02  size(V,2)=   600
iter=   227  rel‖R‖=  1.819e-02  size(V,2)=   900
iter=   228  rel‖R‖=  1.814e-02  size(V,2)=  1200
iter=   229  rel‖R‖=  1.810e-02  size(V,2)=  1500
iter=   230  rel‖R‖=  1.804e-02  size(V,2)=  1800
iter=   231  rel‖R‖=  1.798e-02  size(V,2)=  2100
iter=   232  rel‖R‖=  1.792e-02  size(V,2)=  2400
iter=   233  rel‖R‖=  1.789e-02  size(V,2)=   600
iter=   234  rel‖R‖=  1.785e-02  size(V,2)=   900
iter=   235  rel‖R‖=  1.781e-02  size(V,2)=  1200
iter=   236  rel‖R‖=  1.776e-02  size(V,2)=  1500
iter=   237  rel‖R‖=  1.771e-02  size(V,2)=  1800
iter=   238  rel‖R‖=  1.765e-02  size(V,2)=  2100
iter=   239  rel‖R‖=  1.759e-02  size(V,2)=  2400
iter=   240  rel‖R‖=  1.756e-02  size(V,2)=   600
iter=   241  rel‖R‖=  1.752e-02  size(V,2)=   900
iter=   242  rel‖R‖=  1.748e-02  size(V,2)=  1200
iter=   243  rel‖R‖=  1.743e-02  size(V,2)=  1500
iter=   244  rel‖R‖=  1.738e-02  size(V,2)=  1800
iter=   245  rel‖R‖=  1.732e-02  size(V,2)=  2100
iter=   246  rel‖R‖=  1.726e-02  size(V,2)=  2400
iter=   247  rel‖R‖=  1.723e-02  size(V,2)=   600
iter=   248  rel‖R‖=  1.720e-02  size(V,2)=   900
iter=   249  rel‖R‖=  1.716e-02  size(V,2)=  1200
iter=   250  rel‖R‖=  1.711e-02  size(V,2)=  1500
iter=   251  rel‖R‖=  1.706e-02  size(V,2)=  1800
iter=   252  rel‖R‖=  1.701e-02  size(V,2)=  2100
iter=   253  rel‖R‖=  1.694e-02  size(V,2)=  2400
iter=   254  rel‖R‖=  1.692e-02  size(V,2)=   600
iter=   255  rel‖R‖=  1.688e-02  size(V,2)=   900
iter=   256  rel‖R‖=  1.684e-02  size(V,2)=  1200
iter=   257  rel‖R‖=  1.680e-02  size(V,2)=  1500
iter=   258  rel‖R‖=  1.675e-02  size(V,2)=  1800
iter=   259  rel‖R‖=  1.670e-02  size(V,2)=  2100
iter=   260  rel‖R‖=  1.665e-02  size(V,2)=  2400
iter=   261  rel‖R‖=  1.662e-02  size(V,2)=   600
iter=   262  rel‖R‖=  1.659e-02  size(V,2)=   900
iter=   263  rel‖R‖=  1.655e-02  size(V,2)=  1200
iter=   264  rel‖R‖=  1.651e-02  size(V,2)=  1500
iter=   265  rel‖R‖=  1.646e-02  size(V,2)=  1800
iter=   266  rel‖R‖=  1.641e-02  size(V,2)=  2100
iter=   267  rel‖R‖=  1.636e-02  size(V,2)=  2400
iter=   268  rel‖R‖=  1.634e-02  size(V,2)=   600
iter=   269  rel‖R‖=  1.630e-02  size(V,2)=   900
iter=   270  rel‖R‖=  1.627e-02  size(V,2)=  1200
iter=   271  rel‖R‖=  1.623e-02  size(V,2)=  1500
iter=   272  rel‖R‖=  1.618e-02  size(V,2)=  1800
iter=   273  rel‖R‖=  1.613e-02  size(V,2)=  2100
iter=   274  rel‖R‖=  1.608e-02  size(V,2)=  2400
iter=   275  rel‖R‖=  1.606e-02  size(V,2)=   600
iter=   276  rel‖R‖=  1.602e-02  size(V,2)=   900
iter=   277  rel‖R‖=  1.599e-02  size(V,2)=  1200
iter=   278  rel‖R‖=  1.595e-02  size(V,2)=  1500
iter=   279  rel‖R‖=  1.591e-02  size(V,2)=  1800
iter=   280  rel‖R‖=  1.586e-02  size(V,2)=  2100
iter=   281  rel‖R‖=  1.581e-02  size(V,2)=  2400
iter=   282  rel‖R‖=  1.579e-02  size(V,2)=   600
iter=   283  rel‖R‖=  1.576e-02  size(V,2)=   900
iter=   284  rel‖R‖=  1.572e-02  size(V,2)=  1200
iter=   285  rel‖R‖=  1.568e-02  size(V,2)=  1500
iter=   286  rel‖R‖=  1.564e-02  size(V,2)=  1800
iter=   287  rel‖R‖=  1.560e-02  size(V,2)=  2100
iter=   288  rel‖R‖=  1.555e-02  size(V,2)=  2400
iter=   289  rel‖R‖=  1.553e-02  size(V,2)=   600
iter=   290  rel‖R‖=  1.550e-02  size(V,2)=   900
iter=   291  rel‖R‖=  1.546e-02  size(V,2)=  1200
iter=   292  rel‖R‖=  1.542e-02  size(V,2)=  1500
iter=   293  rel‖R‖=  1.539e-02  size(V,2)=  1800
iter=   294  rel‖R‖=  1.534e-02  size(V,2)=  2100
iter=   295  rel‖R‖=  1.529e-02  size(V,2)=  2400
iter=   296  rel‖R‖=  1.527e-02  size(V,2)=   600
iter=   297  rel‖R‖=  1.524e-02  size(V,2)=   900
iter=   298  rel‖R‖=  1.521e-02  size(V,2)=  1200
iter=   299  rel‖R‖=  1.517e-02  size(V,2)=  1500
iter=   300  rel‖R‖=  1.513e-02  size(V,2)=  1800
iter=   301  rel‖R‖=  1.509e-02  size(V,2)=  2100
iter=   302  rel‖R‖=  1.504e-02  size(V,2)=  2400
iter=   303  rel‖R‖=  1.503e-02  size(V,2)=   600
iter=   304  rel‖R‖=  1.500e-02  size(V,2)=   900
iter=   305  rel‖R‖=  1.497e-02  size(V,2)=  1200
iter=   306  rel‖R‖=  1.493e-02  size(V,2)=  1500
iter=   307  rel‖R‖=  1.490e-02  size(V,2)=  1800
iter=   308  rel‖R‖=  1.486e-02  size(V,2)=  2100
iter=   309  rel‖R‖=  1.481e-02  size(V,2)=  2400
iter=   310  rel‖R‖=  1.479e-02  size(V,2)=   600
iter=   311  rel‖R‖=  1.477e-02  size(V,2)=   900
iter=   312  rel‖R‖=  1.474e-02  size(V,2)=  1200
iter=   313  rel‖R‖=  1.470e-02  size(V,2)=  1500
iter=   314  rel‖R‖=  1.467e-02  size(V,2)=  1800
iter=   315  rel‖R‖=  1.463e-02  size(V,2)=  2100
iter=   316  rel‖R‖=  1.458e-02  size(V,2)=  2400
iter=   317  rel‖R‖=  1.456e-02  size(V,2)=   600
iter=   318  rel‖R‖=  1.454e-02  size(V,2)=   900
iter=   319  rel‖R‖=  1.451e-02  size(V,2)=  1200
iter=   320  rel‖R‖=  1.448e-02  size(V,2)=  1500
iter=   321  rel‖R‖=  1.444e-02  size(V,2)=  1800
iter=   322  rel‖R‖=  1.440e-02  size(V,2)=  2100
iter=   323  rel‖R‖=  1.436e-02  size(V,2)=  2400
iter=   324  rel‖R‖=  1.434e-02  size(V,2)=   600
iter=   325  rel‖R‖=  1.431e-02  size(V,2)=   900
iter=   326  rel‖R‖=  1.429e-02  size(V,2)=  1200
iter=   327  rel‖R‖=  1.425e-02  size(V,2)=  1500
iter=   328  rel‖R‖=  1.422e-02  size(V,2)=  1800
iter=   329  rel‖R‖=  1.418e-02  size(V,2)=  2100
iter=   330  rel‖R‖=  1.414e-02  size(V,2)=  2400
iter=   331  rel‖R‖=  1.412e-02  size(V,2)=   600
iter=   332  rel‖R‖=  1.409e-02  size(V,2)=   900
iter=   333  rel‖R‖=  1.407e-02  size(V,2)=  1200
iter=   334  rel‖R‖=  1.404e-02  size(V,2)=  1500
iter=   335  rel‖R‖=  1.400e-02  size(V,2)=  1800
iter=   336  rel‖R‖=  1.396e-02  size(V,2)=  2100
iter=   337  rel‖R‖=  1.392e-02  size(V,2)=  2400
iter=   338  rel‖R‖=  1.390e-02  size(V,2)=   600
iter=   339  rel‖R‖=  1.388e-02  size(V,2)=   900
iter=   340  rel‖R‖=  1.385e-02  size(V,2)=  1200
iter=   341  rel‖R‖=  1.382e-02  size(V,2)=  1500
iter=   342  rel‖R‖=  1.379e-02  size(V,2)=  1800
iter=   343  rel‖R‖=  1.375e-02  size(V,2)=  2100
iter=   344  rel‖R‖=  1.371e-02  size(V,2)=  2400
iter=   345  rel‖R‖=  1.370e-02  size(V,2)=   600
iter=   346  rel‖R‖=  1.367e-02  size(V,2)=   900
iter=   347  rel‖R‖=  1.365e-02  size(V,2)=  1200
iter=   348  rel‖R‖=  1.362e-02  size(V,2)=  1500
iter=   349  rel‖R‖=  1.358e-02  size(V,2)=  1800
iter=   350  rel‖R‖=  1.355e-02  size(V,2)=  2100
iter=   351  rel‖R‖=  1.351e-02  size(V,2)=  2400
iter=   352  rel‖R‖=  1.349e-02  size(V,2)=   600
iter=   353  rel‖R‖=  1.347e-02  size(V,2)=   900
iter=   354  rel‖R‖=  1.345e-02  size(V,2)=  1200
iter=   355  rel‖R‖=  1.342e-02  size(V,2)=  1500
iter=   356  rel‖R‖=  1.338e-02  size(V,2)=  1800
iter=   357  rel‖R‖=  1.335e-02  size(V,2)=  2100
iter=   358  rel‖R‖=  1.331e-02  size(V,2)=  2400
iter=   359  rel‖R‖=  1.330e-02  size(V,2)=   600
iter=   360  rel‖R‖=  1.328e-02  size(V,2)=   900
iter=   361  rel‖R‖=  1.325e-02  size(V,2)=  1200
iter=   362  rel‖R‖=  1.322e-02  size(V,2)=  1500
iter=   363  rel‖R‖=  1.319e-02  size(V,2)=  1800
iter=   364  rel‖R‖=  1.316e-02  size(V,2)=  2100
iter=   365  rel‖R‖=  1.312e-02  size(V,2)=  2400
iter=   366  rel‖R‖=  1.310e-02  size(V,2)=   600
iter=   367  rel‖R‖=  1.308e-02  size(V,2)=   900
iter=   368  rel‖R‖=  1.306e-02  size(V,2)=  1200
iter=   369  rel‖R‖=  1.303e-02  size(V,2)=  1500
iter=   370  rel‖R‖=  1.300e-02  size(V,2)=  1800
iter=   371  rel‖R‖=  1.297e-02  size(V,2)=  2100
iter=   372  rel‖R‖=  1.293e-02  size(V,2)=  2400
iter=   373  rel‖R‖=  1.292e-02  size(V,2)=   600
iter=   374  rel‖R‖=  1.290e-02  size(V,2)=   900
iter=   375  rel‖R‖=  1.287e-02  size(V,2)=  1200
iter=   376  rel‖R‖=  1.285e-02  size(V,2)=  1500
iter=   377  rel‖R‖=  1.282e-02  size(V,2)=  1800
iter=   378  rel‖R‖=  1.278e-02  size(V,2)=  2100
iter=   379  rel‖R‖=  1.275e-02  size(V,2)=  2400
iter=   380  rel‖R‖=  1.273e-02  size(V,2)=   600
iter=   381  rel‖R‖=  1.271e-02  size(V,2)=   900
iter=   382  rel‖R‖=  1.269e-02  size(V,2)=  1200
iter=   383  rel‖R‖=  1.266e-02  size(V,2)=  1500
iter=   384  rel‖R‖=  1.264e-02  size(V,2)=  1800
iter=   385  rel‖R‖=  1.260e-02  size(V,2)=  2100
iter=   386  rel‖R‖=  1.257e-02  size(V,2)=  2400
iter=   387  rel‖R‖=  1.256e-02  size(V,2)=   600
iter=   388  rel‖R‖=  1.254e-02  size(V,2)=   900
iter=   389  rel‖R‖=  1.251e-02  size(V,2)=  1200
iter=   390  rel‖R‖=  1.249e-02  size(V,2)=  1500
iter=   391  rel‖R‖=  1.246e-02  size(V,2)=  1800
iter=   392  rel‖R‖=  1.243e-02  size(V,2)=  2100
iter=   393  rel‖R‖=  1.239e-02  size(V,2)=  2400
iter=   394  rel‖R‖=  1.238e-02  size(V,2)=   600
iter=   395  rel‖R‖=  1.236e-02  size(V,2)=   900
iter=   396  rel‖R‖=  1.234e-02  size(V,2)=  1200
iter=   397  rel‖R‖=  1.231e-02  size(V,2)=  1500
iter=   398  rel‖R‖=  1.229e-02  size(V,2)=  1800
iter=   399  rel‖R‖=  1.226e-02  size(V,2)=  2100
iter=   400  rel‖R‖=  1.222e-02  size(V,2)=  2400
iter=   401  rel‖R‖=  1.221e-02  size(V,2)=   600
iter=   402  rel‖R‖=  1.219e-02  size(V,2)=   900
iter=   403  rel‖R‖=  1.217e-02  size(V,2)=  1200
iter=   404  rel‖R‖=  1.215e-02  size(V,2)=  1500
iter=   405  rel‖R‖=  1.212e-02  size(V,2)=  1800
iter=   406  rel‖R‖=  1.209e-02  size(V,2)=  2100
iter=   407  rel‖R‖=  1.206e-02  size(V,2)=  2400
iter=   408  rel‖R‖=  1.205e-02  size(V,2)=   600
iter=   409  rel‖R‖=  1.203e-02  size(V,2)=   900
iter=   410  rel‖R‖=  1.201e-02  size(V,2)=  1200
iter=   411  rel‖R‖=  1.198e-02  size(V,2)=  1500
iter=   412  rel‖R‖=  1.196e-02  size(V,2)=  1800
iter=   413  rel‖R‖=  1.193e-02  size(V,2)=  2100
iter=   414  rel‖R‖=  1.190e-02  size(V,2)=  2400
iter=   415  rel‖R‖=  1.189e-02  size(V,2)=   600
iter=   416  rel‖R‖=  1.187e-02  size(V,2)=   900
iter=   417  rel‖R‖=  1.185e-02  size(V,2)=  1200
iter=   418  rel‖R‖=  1.182e-02  size(V,2)=  1500
iter=   419  rel‖R‖=  1.180e-02  size(V,2)=  1800
iter=   420  rel‖R‖=  1.177e-02  size(V,2)=  2100
iter=   421  rel‖R‖=  1.174e-02  size(V,2)=  2400
iter=   422  rel‖R‖=  1.173e-02  size(V,2)=   600
iter=   423  rel‖R‖=  1.171e-02  size(V,2)=   900
iter=   424  rel‖R‖=  1.169e-02  size(V,2)=  1200
iter=   425  rel‖R‖=  1.167e-02  size(V,2)=  1500
iter=   426  rel‖R‖=  1.164e-02  size(V,2)=  1800
iter=   427  rel‖R‖=  1.162e-02  size(V,2)=  2100
iter=   428  rel‖R‖=  1.159e-02  size(V,2)=  2400
iter=   429  rel‖R‖=  1.157e-02  size(V,2)=   600
iter=   430  rel‖R‖=  1.156e-02  size(V,2)=   900
iter=   431  rel‖R‖=  1.154e-02  size(V,2)=  1200
iter=   432  rel‖R‖=  1.152e-02  size(V,2)=  1500
iter=   433  rel‖R‖=  1.149e-02  size(V,2)=  1800
iter=   434  rel‖R‖=  1.147e-02  size(V,2)=  2100
iter=   435  rel‖R‖=  1.144e-02  size(V,2)=  2400
iter=   436  rel‖R‖=  1.143e-02  size(V,2)=   600
iter=   437  rel‖R‖=  1.141e-02  size(V,2)=   900
iter=   438  rel‖R‖=  1.139e-02  size(V,2)=  1200
iter=   439  rel‖R‖=  1.137e-02  size(V,2)=  1500
iter=   440  rel‖R‖=  1.135e-02  size(V,2)=  1800
iter=   441  rel‖R‖=  1.132e-02  size(V,2)=  2100
iter=   442  rel‖R‖=  1.129e-02  size(V,2)=  2400
iter=   443  rel‖R‖=  1.128e-02  size(V,2)=   600
iter=   444  rel‖R‖=  1.126e-02  size(V,2)=   900
iter=   445  rel‖R‖=  1.124e-02  size(V,2)=  1200
iter=   446  rel‖R‖=  1.122e-02  size(V,2)=  1500
iter=   447  rel‖R‖=  1.120e-02  size(V,2)=  1800
iter=   448  rel‖R‖=  1.117e-02  size(V,2)=  2100
iter=   449  rel‖R‖=  1.115e-02  size(V,2)=  2400
iter=   450  rel‖R‖=  1.114e-02  size(V,2)=   600
iter=   451  rel‖R‖=  1.112e-02  size(V,2)=   900
iter=   452  rel‖R‖=  1.110e-02  size(V,2)=  1200
iter=   453  rel‖R‖=  1.108e-02  size(V,2)=  1500
iter=   454  rel‖R‖=  1.106e-02  size(V,2)=  1800
iter=   455  rel‖R‖=  1.104e-02  size(V,2)=  2100
iter=   456  rel‖R‖=  1.101e-02  size(V,2)=  2400
iter=   457  rel‖R‖=  1.100e-02  size(V,2)=   600
iter=   458  rel‖R‖=  1.098e-02  size(V,2)=   900
iter=   459  rel‖R‖=  1.097e-02  size(V,2)=  1200
iter=   460  rel‖R‖=  1.095e-02  size(V,2)=  1500
iter=   461  rel‖R‖=  1.093e-02  size(V,2)=  1800
iter=   462  rel‖R‖=  1.090e-02  size(V,2)=  2100
iter=   463  rel‖R‖=  1.087e-02  size(V,2)=  2400
iter=   464  rel‖R‖=  1.086e-02  size(V,2)=   600
iter=   465  rel‖R‖=  1.085e-02  size(V,2)=   900
iter=   466  rel‖R‖=  1.083e-02  size(V,2)=  1200
iter=   467  rel‖R‖=  1.081e-02  size(V,2)=  1500
iter=   468  rel‖R‖=  1.079e-02  size(V,2)=  1800
iter=   469  rel‖R‖=  1.077e-02  size(V,2)=  2100
iter=   470  rel‖R‖=  1.074e-02  size(V,2)=  2400
iter=   471  rel‖R‖=  1.073e-02  size(V,2)=   600
iter=   472  rel‖R‖=  1.072e-02  size(V,2)=   900
iter=   473  rel‖R‖=  1.070e-02  size(V,2)=  1200
iter=   474  rel‖R‖=  1.068e-02  size(V,2)=  1500
iter=   475  rel‖R‖=  1.066e-02  size(V,2)=  1800
iter=   476  rel‖R‖=  1.063e-02  size(V,2)=  2100
iter=   477  rel‖R‖=  1.061e-02  size(V,2)=  2400
iter=   478  rel‖R‖=  1.060e-02  size(V,2)=   600
iter=   479  rel‖R‖=  1.058e-02  size(V,2)=   900
iter=   480  rel‖R‖=  1.057e-02  size(V,2)=  1200
iter=   481  rel‖R‖=  1.055e-02  size(V,2)=  1500
iter=   482  rel‖R‖=  1.053e-02  size(V,2)=  1800
iter=   483  rel‖R‖=  1.050e-02  size(V,2)=  2100
iter=   484  rel‖R‖=  1.047e-02  size(V,2)=  2400
iter=   485  rel‖R‖=  1.047e-02  size(V,2)=   600
iter=   486  rel‖R‖=  1.045e-02  size(V,2)=   900
iter=   487  rel‖R‖=  1.043e-02  size(V,2)=  1200
iter=   488  rel‖R‖=  1.042e-02  size(V,2)=  1500
iter=   489  rel‖R‖=  1.039e-02  size(V,2)=  1800
iter=   490  rel‖R‖=  1.037e-02  size(V,2)=  2100
iter=   491  rel‖R‖=  1.035e-02  size(V,2)=  2400
iter=   492  rel‖R‖=  1.034e-02  size(V,2)=   600
iter=   493  rel‖R‖=  1.032e-02  size(V,2)=   900
iter=   494  rel‖R‖=  1.031e-02  size(V,2)=  1200
iter=   495  rel‖R‖=  1.029e-02  size(V,2)=  1500
iter=   496  rel‖R‖=  1.027e-02  size(V,2)=  1800
iter=   497  rel‖R‖=  1.024e-02  size(V,2)=  2100
iter=   498  rel‖R‖=  1.022e-02  size(V,2)=  2400
iter=   499  rel‖R‖=  1.021e-02  size(V,2)=   600
iter=   500  rel‖R‖=  1.020e-02  size(V,2)=   900
Maximum iterations reached without convergence.
41361.245668 seconds (2.29 M allocations: 874.018 GiB, 0.10% gc time)
Total estimated FLOPs: 1579024277493000

Reading exact Eigenvalues...
Reading eigenvalues from ../Eigenvalues_folder/eigenres_formaldehyde_RNDbasis1.jld2

Difference between Davidson and exact eigenvalues:
1×300 adjoint(::Vector{Float64}) with eltype Float64:
 -3.55271e-15  -3.55271e-15  1.06581e-14  1.06581e-14  -1.77636e-15  1.77636e-15  8.88178e-15  -1.06581e-14  3.55271e-15  -1.77636e-15  1.77636e-15  1.77636e-15  7.10543e-15  -3.55271e-15  -7.10543e-15  8.88178e-16  5.32907e-15  8.88178e-16  6.21725e-15  5.32907e-15  1.15463e-14  1.06581e-14  5.32907e-15  -1.77636e-15  -4.44089e-15  -2.66454e-15  6.21725e-15  -4.44089e-15  5.32907e-15  -2.66454e-15  -1.33227e-15  4.44089e-16  -7.54952e-15  -4.44089e-16  5.32907e-15  4.88498e-15  5.77316e-15  -1.33227e-15  -8.88178e-15  8.88178e-16  -4.88498e-15  -1.33227e-15  7.10543e-15  -7.99361e-15  6.21725e-15  2.66454e-15  5.77316e-15  6.21725e-15  -6.21725e-15  9.32587e-15  -6.66134e-15  7.10543e-15  7.54952e-15  7.99361e-15  7.54952e-15  -5.77316e-15  2.66454e-15  0.0  3.9968e-15  -3.10862e-15  1.26565e-14  -1.37668e-14  -9.10383e-15  -2.24265e-14  1.95399e-14  1.62093e-14  -9.54792e-15  -1.28786e-14  9.76996e-15  -1.19904e-14  1.11022e-15  1.90958e-14  -2.66454e-15  1.13243e-14  -5.10703e-15  -3.10862e-15  1.5099e-14  -1.95399e-14  2.44249e-14  1.08802e-14  5.32907e-15  2.19824e-14  -2.79776e-14  -2.35367e-14  5.9952e-15  -1.73195e-14  -1.04361e-14  3.10862e-15  -1.75415e-14  1.28786e-14  7.54952e-15  1.9984e-15  -3.15303e-14  -7.10543e-15  6.21725e-15  -1.39888e-14  1.88738e-14  4.44089e-15  3.24185e-14  4.66294e-15  2.62013e-14  -1.62093e-14  -1.08802e-14  1.75415e-14  -2.44249e-15  3.33067e-15  1.28786e-14  -1.9984e-15  1.9984e-15  -1.75415e-14  -1.37668e-14  -2.70894e-14  7.10543e-15  3.59712e-14  -1.77636e-15  -3.10862e-15  9.76996e-15  9.99201e-15  -8.88178e-15  -1.9762e-14  -3.77476e-14  -3.66374e-15  -4.14113e-14  -1.4877e-14  3.20854e-14  -4.21885e-15  6.32827e-15  1.33227e-14  6.55032e-15  1.90958e-14  1.21014e-14  -1.60982e-14  -2.45359e-14  1.04361e-14  5.55112e-15  -1.65423e-14  1.42109e-14  -1.4988e-14  1.79856e-14  6.77236e-15  -1.73195e-14  -2.01617e-13  -6.22835e-14  -5.29354e-13  1.35447e-14  1.68754e-14  -4.35358e-8  -3.24505e-8  -3.3724e-8  -1.5545e-9  -7.95043e-7  -3.9141e-10  -1.83109e-10  -2.47785e-9  -5.73598e-5  -0.000136571  -8.82059e-6  -6.91221e-6  -1.29689e-5  -2.54267e-5  -0.000105221  -0.000155657  -4.62337e-5  -4.18092e-5  -9.26148e-5  -0.000160974  -0.00013184  -0.000246459  -0.000288828  -0.000216326  -0.000233455  -0.000302307  -0.000305595  -0.00051268  -0.000630109  -0.000512954  -0.000515146  -0.000570931  -0.000548655  -0.000528211  -0.000639288  -0.000661339  -0.000635241  -0.000687503  -0.000628502  -0.000749199  -0.000789872  -0.000608801  -0.000754696  -0.000854905  -0.000928584  -0.000866093  -0.000881947  -0.000760963  -0.000746324  -0.000906772  -0.000968389  -0.00094872  -0.000780921  -0.0007876  -0.000913178  -0.00089947  -0.00118152  -0.0010997  -0.000870246  -0.00109716  -0.00115223  -0.00118403  -0.00113444  -0.00108101  -0.00108785  -0.000971253  -0.00131253  -0.00128763  -0.00108068  -0.00124444  -0.00121055  -0.00102591  -0.00102707  -0.00126361  -0.00132653  -0.00130179  -0.00135922  -0.0012812  -0.00149647  -0.00155649  -0.00150072  -0.00143832  -0.00149513  -0.00153362  -0.00137922  -0.00151699  -0.00160809  -0.00163666  -0.00172944  -0.00158445  -0.00170339  -0.00158252  -0.0016999  -0.00176261  -0.0017974  -0.00157695  -0.00171188  -0.00174465  -0.0018236  -0.00177703  -0.00173492  -0.00169393  -0.00163007  -0.0017171  -0.00190485  -0.00175059  -0.00189841  -0.00194396  -0.00179776  -0.00186663  -0.00200438  -0.00200627  -0.00201111  -0.00226272  -0.00202658  -0.00206337  -0.00223188  -0.00205246  -0.00211437  -0.00203252  -0.0020048  -0.00209111  -0.00218738  -0.00223669  -0.00227421  -0.00224684  -0.00244082  -0.00223714  -0.00226096  -0.00255363  -0.00251877  -0.00232967  -0.00239512  -0.0024312  -0.00252013  -0.00257863  -0.00267815  -0.00252817  -0.00297398  -0.00293769  -0.00272305  -0.00271965  -0.00300782  -0.00306811  -0.00298903  -0.00342246  -0.00281495  -0.00338447  -0.00390743  -0.00327819  -0.00491179  -0.00504852  -0.00729631  -0.00778956
300 Eigenvalues converges, out of 300 requested.
Running with l = 75
read ../formaldehyde/gamma_VASP_RNDbasis1.dat
Davidson
iter=     1  rel‖R‖=  1.793e+01  size(V,2)=   450
iter=     2  rel‖R‖=  2.900e+00  size(V,2)=   900
iter=     3  rel‖R‖=  2.967e-01  size(V,2)=  1350
iter=     4  rel‖R‖=  1.076e-01  size(V,2)=  1800
iter=     5  rel‖R‖=  7.443e-02  size(V,2)=  2250
iter=     6  rel‖R‖=  5.930e-02  size(V,2)=  2700
iter=     7  rel‖R‖=  5.001e-02  size(V,2)=  3150
iter=     8  rel‖R‖=  4.298e-02  size(V,2)=  3600
iter=     9  rel‖R‖=  4.049e-02  size(V,2)=   900
iter=    10  rel‖R‖=  3.944e-02  size(V,2)=  1350
iter=    11  rel‖R‖=  3.853e-02  size(V,2)=  1800
iter=    12  rel‖R‖=  3.782e-02  size(V,2)=  2250
iter=    13  rel‖R‖=  3.703e-02  size(V,2)=  2700
iter=    14  rel‖R‖=  3.618e-02  size(V,2)=  3150
iter=    15  rel‖R‖=  3.525e-02  size(V,2)=  3600
iter=    16  rel‖R‖=  3.475e-02  size(V,2)=   900
iter=    17  rel‖R‖=  3.435e-02  size(V,2)=  1350
iter=    18  rel‖R‖=  3.396e-02  size(V,2)=  1800
iter=    19  rel‖R‖=  3.355e-02  size(V,2)=  2250
iter=    20  rel‖R‖=  3.312e-02  size(V,2)=  2700
iter=    21  rel‖R‖=  3.265e-02  size(V,2)=  3150
iter=    22  rel‖R‖=  3.212e-02  size(V,2)=  3600
iter=    23  rel‖R‖=  3.184e-02  size(V,2)=   900
iter=    24  rel‖R‖=  3.153e-02  size(V,2)=  1350
iter=    25  rel‖R‖=  3.122e-02  size(V,2)=  1800
iter=    26  rel‖R‖=  3.090e-02  size(V,2)=  2250
iter=    27  rel‖R‖=  3.057e-02  size(V,2)=  2700
iter=    28  rel‖R‖=  3.021e-02  size(V,2)=  3150
iter=    29  rel‖R‖=  2.981e-02  size(V,2)=  3600
iter=    30  rel‖R‖=  2.958e-02  size(V,2)=   900
iter=    31  rel‖R‖=  2.934e-02  size(V,2)=  1350
iter=    32  rel‖R‖=  2.908e-02  size(V,2)=  1800
iter=    33  rel‖R‖=  2.880e-02  size(V,2)=  2250
iter=    34  rel‖R‖=  2.851e-02  size(V,2)=  2700
iter=    35  rel‖R‖=  2.818e-02  size(V,2)=  3150
iter=    36  rel‖R‖=  2.785e-02  size(V,2)=  3600
iter=    37  rel‖R‖=  2.765e-02  size(V,2)=   900
iter=    38  rel‖R‖=  2.743e-02  size(V,2)=  1350
iter=    39  rel‖R‖=  2.720e-02  size(V,2)=  1800
iter=    40  rel‖R‖=  2.696e-02  size(V,2)=  2250
iter=    41  rel‖R‖=  2.669e-02  size(V,2)=  2700
iter=    42  rel‖R‖=  2.641e-02  size(V,2)=  3150
iter=    43  rel‖R‖=  2.611e-02  size(V,2)=  3600
iter=    44  rel‖R‖=  2.593e-02  size(V,2)=   900
iter=    45  rel‖R‖=  2.574e-02  size(V,2)=  1350
iter=    46  rel‖R‖=  2.553e-02  size(V,2)=  1800
iter=    47  rel‖R‖=  2.532e-02  size(V,2)=  2250
iter=    48  rel‖R‖=  2.509e-02  size(V,2)=  2700
iter=    49  rel‖R‖=  2.485e-02  size(V,2)=  3150
iter=    50  rel‖R‖=  2.458e-02  size(V,2)=  3600
iter=    51  rel‖R‖=  2.442e-02  size(V,2)=   900
iter=    52  rel‖R‖=  2.425e-02  size(V,2)=  1350
iter=    53  rel‖R‖=  2.406e-02  size(V,2)=  1800
iter=    54  rel‖R‖=  2.386e-02  size(V,2)=  2250
iter=    55  rel‖R‖=  2.365e-02  size(V,2)=  2700
iter=    56  rel‖R‖=  2.342e-02  size(V,2)=  3150
iter=    57  rel‖R‖=  2.318e-02  size(V,2)=  3600
iter=    58  rel‖R‖=  2.304e-02  size(V,2)=   900
iter=    59  rel‖R‖=  2.288e-02  size(V,2)=  1350
iter=    60  rel‖R‖=  2.271e-02  size(V,2)=  1800
iter=    61  rel‖R‖=  2.254e-02  size(V,2)=  2250
iter=    62  rel‖R‖=  2.234e-02  size(V,2)=  2700
iter=    63  rel‖R‖=  2.213e-02  size(V,2)=  3150
iter=    64  rel‖R‖=  2.192e-02  size(V,2)=  3600
iter=    65  rel‖R‖=  2.180e-02  size(V,2)=   900
iter=    66  rel‖R‖=  2.166e-02  size(V,2)=  1350
iter=    67  rel‖R‖=  2.151e-02  size(V,2)=  1800
iter=    68  rel‖R‖=  2.135e-02  size(V,2)=  2250
iter=    69  rel‖R‖=  2.118e-02  size(V,2)=  2700
iter=    70  rel‖R‖=  2.100e-02  size(V,2)=  3150
iter=    71  rel‖R‖=  2.080e-02  size(V,2)=  3600
iter=    72  rel‖R‖=  2.070e-02  size(V,2)=   900
iter=    73  rel‖R‖=  2.056e-02  size(V,2)=  1350
iter=    74  rel‖R‖=  2.043e-02  size(V,2)=  1800
iter=    75  rel‖R‖=  2.028e-02  size(V,2)=  2250
iter=    76  rel‖R‖=  2.012e-02  size(V,2)=  2700
iter=    77  rel‖R‖=  1.995e-02  size(V,2)=  3150
iter=    78  rel‖R‖=  1.976e-02  size(V,2)=  3600
iter=    79  rel‖R‖=  1.965e-02  size(V,2)=   900
iter=    80  rel‖R‖=  1.953e-02  size(V,2)=  1350
iter=    81  rel‖R‖=  1.940e-02  size(V,2)=  1800
iter=    82  rel‖R‖=  1.926e-02  size(V,2)=  2250
iter=    83  rel‖R‖=  1.911e-02  size(V,2)=  2700
iter=    84  rel‖R‖=  1.895e-02  size(V,2)=  3150
iter=    85  rel‖R‖=  1.878e-02  size(V,2)=  3600
iter=    86  rel‖R‖=  1.868e-02  size(V,2)=   900
iter=    87  rel‖R‖=  1.857e-02  size(V,2)=  1350
iter=    88  rel‖R‖=  1.845e-02  size(V,2)=  1800
iter=    89  rel‖R‖=  1.832e-02  size(V,2)=  2250
iter=    90  rel‖R‖=  1.818e-02  size(V,2)=  2700
iter=    91  rel‖R‖=  1.803e-02  size(V,2)=  3150
iter=    92  rel‖R‖=  1.786e-02  size(V,2)=  3600
iter=    93  rel‖R‖=  1.778e-02  size(V,2)=   900
iter=    94  rel‖R‖=  1.767e-02  size(V,2)=  1350
iter=    95  rel‖R‖=  1.756e-02  size(V,2)=  1800
iter=    96  rel‖R‖=  1.744e-02  size(V,2)=  2250
iter=    97  rel‖R‖=  1.731e-02  size(V,2)=  2700
iter=    98  rel‖R‖=  1.716e-02  size(V,2)=  3150
iter=    99  rel‖R‖=  1.701e-02  size(V,2)=  3600
iter=   100  rel‖R‖=  1.693e-02  size(V,2)=   900
iter=   101  rel‖R‖=  1.684e-02  size(V,2)=  1350
iter=   102  rel‖R‖=  1.672e-02  size(V,2)=  1800
iter=   103  rel‖R‖=  1.661e-02  size(V,2)=  2250
iter=   104  rel‖R‖=  1.649e-02  size(V,2)=  2700
iter=   105  rel‖R‖=  1.636e-02  size(V,2)=  3150
iter=   106  rel‖R‖=  1.621e-02  size(V,2)=  3600
iter=   107  rel‖R‖=  1.614e-02  size(V,2)=   900
iter=   108  rel‖R‖=  1.605e-02  size(V,2)=  1350
iter=   109  rel‖R‖=  1.595e-02  size(V,2)=  1800
iter=   110  rel‖R‖=  1.584e-02  size(V,2)=  2250
iter=   111  rel‖R‖=  1.572e-02  size(V,2)=  2700
iter=   112  rel‖R‖=  1.559e-02  size(V,2)=  3150
iter=   113  rel‖R‖=  1.545e-02  size(V,2)=  3600
iter=   114  rel‖R‖=  1.539e-02  size(V,2)=   900
iter=   115  rel‖R‖=  1.530e-02  size(V,2)=  1350
iter=   116  rel‖R‖=  1.521e-02  size(V,2)=  1800
iter=   117  rel‖R‖=  1.511e-02  size(V,2)=  2250
iter=   118  rel‖R‖=  1.500e-02  size(V,2)=  2700
iter=   119  rel‖R‖=  1.488e-02  size(V,2)=  3150
iter=   120  rel‖R‖=  1.475e-02  size(V,2)=  3600
iter=   121  rel‖R‖=  1.469e-02  size(V,2)=   900
iter=   122  rel‖R‖=  1.461e-02  size(V,2)=  1350
iter=   123  rel‖R‖=  1.452e-02  size(V,2)=  1800
iter=   124  rel‖R‖=  1.442e-02  size(V,2)=  2250
iter=   125  rel‖R‖=  1.432e-02  size(V,2)=  2700
iter=   126  rel‖R‖=  1.421e-02  size(V,2)=  3150
iter=   127  rel‖R‖=  1.408e-02  size(V,2)=  3600
iter=   128  rel‖R‖=  1.403e-02  size(V,2)=   900
iter=   129  rel‖R‖=  1.395e-02  size(V,2)=  1350
iter=   130  rel‖R‖=  1.386e-02  size(V,2)=  1800
iter=   131  rel‖R‖=  1.377e-02  size(V,2)=  2250
iter=   132  rel‖R‖=  1.367e-02  size(V,2)=  2700
iter=   133  rel‖R‖=  1.357e-02  size(V,2)=  3150
iter=   134  rel‖R‖=  1.346e-02  size(V,2)=  3600
iter=   135  rel‖R‖=  1.341e-02  size(V,2)=   900
iter=   136  rel‖R‖=  1.334e-02  size(V,2)=  1350
iter=   137  rel‖R‖=  1.326e-02  size(V,2)=  1800
iter=   138  rel‖R‖=  1.317e-02  size(V,2)=  2250
iter=   139  rel‖R‖=  1.308e-02  size(V,2)=  2700
iter=   140  rel‖R‖=  1.298e-02  size(V,2)=  3150
iter=   141  rel‖R‖=  1.287e-02  size(V,2)=  3600
iter=   142  rel‖R‖=  1.283e-02  size(V,2)=   900
iter=   143  rel‖R‖=  1.276e-02  size(V,2)=  1350
iter=   144  rel‖R‖=  1.268e-02  size(V,2)=  1800
iter=   145  rel‖R‖=  1.260e-02  size(V,2)=  2250
iter=   146  rel‖R‖=  1.251e-02  size(V,2)=  2700
iter=   147  rel‖R‖=  1.242e-02  size(V,2)=  3150
iter=   148  rel‖R‖=  1.232e-02  size(V,2)=  3600
iter=   149  rel‖R‖=  1.227e-02  size(V,2)=   900
iter=   150  rel‖R‖=  1.221e-02  size(V,2)=  1350
iter=   151  rel‖R‖=  1.214e-02  size(V,2)=  1800
iter=   152  rel‖R‖=  1.206e-02  size(V,2)=  2250
iter=   153  rel‖R‖=  1.198e-02  size(V,2)=  2700
iter=   154  rel‖R‖=  1.188e-02  size(V,2)=  3150
iter=   155  rel‖R‖=  1.179e-02  size(V,2)=  3600
iter=   156  rel‖R‖=  1.175e-02  size(V,2)=   900
iter=   157  rel‖R‖=  1.169e-02  size(V,2)=  1350
iter=   158  rel‖R‖=  1.162e-02  size(V,2)=  1800
iter=   159  rel‖R‖=  1.155e-02  size(V,2)=  2250
iter=   160  rel‖R‖=  1.147e-02  size(V,2)=  2700
iter=   161  rel‖R‖=  1.138e-02  size(V,2)=  3150
iter=   162  rel‖R‖=  1.129e-02  size(V,2)=  3600
iter=   163  rel‖R‖=  1.126e-02  size(V,2)=   900
iter=   164  rel‖R‖=  1.120e-02  size(V,2)=  1350
iter=   165  rel‖R‖=  1.114e-02  size(V,2)=  1800
iter=   166  rel‖R‖=  1.107e-02  size(V,2)=  2250
iter=   167  rel‖R‖=  1.099e-02  size(V,2)=  2700
iter=   168  rel‖R‖=  1.091e-02  size(V,2)=  3150
iter=   169  rel‖R‖=  1.083e-02  size(V,2)=  3600
iter=   170  rel‖R‖=  1.079e-02  size(V,2)=   900
iter=   171  rel‖R‖=  1.073e-02  size(V,2)=  1350
iter=   172  rel‖R‖=  1.067e-02  size(V,2)=  1800
iter=   173  rel‖R‖=  1.061e-02  size(V,2)=  2250
iter=   174  rel‖R‖=  1.054e-02  size(V,2)=  2700
iter=   175  rel‖R‖=  1.046e-02  size(V,2)=  3150
iter=   176  rel‖R‖=  1.038e-02  size(V,2)=  3600
iter=   177  rel‖R‖=  1.035e-02  size(V,2)=   900
iter=   178  rel‖R‖=  1.030e-02  size(V,2)=  1350
iter=   179  rel‖R‖=  1.024e-02  size(V,2)=  1800
iter=   180  rel‖R‖=  1.018e-02  size(V,2)=  2250
iter=   181  rel‖R‖=  1.011e-02  size(V,2)=  2700
iter=   182  rel‖R‖=  1.004e-02  size(V,2)=  3150
iter=   183  rel‖R‖=  9.959e-03  size(V,2)=  3600
iter=   184  rel‖R‖=  9.925e-03  size(V,2)=   900
iter=   185  rel‖R‖=  9.877e-03  size(V,2)=  1350
iter=   186  rel‖R‖=  9.822e-03  size(V,2)=  1800
iter=   187  rel‖R‖=  9.761e-03  size(V,2)=  2250
iter=   188  rel‖R‖=  9.697e-03  size(V,2)=  2700
iter=   189  rel‖R‖=  9.627e-03  size(V,2)=  3150
iter=   190  rel‖R‖=  9.552e-03  size(V,2)=  3600
iter=   191  rel‖R‖=  9.523e-03  size(V,2)=   900
iter=   192  rel‖R‖=  9.477e-03  size(V,2)=  1350
iter=   193  rel‖R‖=  9.425e-03  size(V,2)=  1800
iter=   194  rel‖R‖=  9.368e-03  size(V,2)=  2250
iter=   195  rel‖R‖=  9.309e-03  size(V,2)=  2700
iter=   196  rel‖R‖=  9.243e-03  size(V,2)=  3150
iter=   197  rel‖R‖=  9.173e-03  size(V,2)=  3600
iter=   198  rel‖R‖=  9.143e-03  size(V,2)=   900
iter=   199  rel‖R‖=  9.100e-03  size(V,2)=  1350
iter=   200  rel‖R‖=  9.051e-03  size(V,2)=  1800
iter=   201  rel‖R‖=  8.998e-03  size(V,2)=  2250
iter=   202  rel‖R‖=  8.940e-03  size(V,2)=  2700
iter=   203  rel‖R‖=  8.878e-03  size(V,2)=  3150
iter=   204  rel‖R‖=  8.812e-03  size(V,2)=  3600
iter=   205  rel‖R‖=  8.787e-03  size(V,2)=   900
iter=   206  rel‖R‖=  8.746e-03  size(V,2)=  1350
iter=   207  rel‖R‖=  8.700e-03  size(V,2)=  1800
iter=   208  rel‖R‖=  8.650e-03  size(V,2)=  2250
iter=   209  rel‖R‖=  8.594e-03  size(V,2)=  2700
iter=   210  rel‖R‖=  8.536e-03  size(V,2)=  3150
iter=   211  rel‖R‖=  8.473e-03  size(V,2)=  3600
iter=   212  rel‖R‖=  8.448e-03  size(V,2)=   900
iter=   213  rel‖R‖=  8.410e-03  size(V,2)=  1350
iter=   214  rel‖R‖=  8.366e-03  size(V,2)=  1800
iter=   215  rel‖R‖=  8.319e-03  size(V,2)=  2250
iter=   216  rel‖R‖=  8.267e-03  size(V,2)=  2700
iter=   217  rel‖R‖=  8.210e-03  size(V,2)=  3150
iter=   218  rel‖R‖=  8.148e-03  size(V,2)=  3600
iter=   219  rel‖R‖=  8.126e-03  size(V,2)=   900
iter=   220  rel‖R‖=  8.090e-03  size(V,2)=  1350
iter=   221  rel‖R‖=  8.049e-03  size(V,2)=  1800
iter=   222  rel‖R‖=  8.004e-03  size(V,2)=  2250
iter=   223  rel‖R‖=  7.956e-03  size(V,2)=  2700
iter=   224  rel‖R‖=  7.902e-03  size(V,2)=  3150
iter=   225  rel‖R‖=  7.843e-03  size(V,2)=  3600
iter=   226  rel‖R‖=  7.823e-03  size(V,2)=   900
iter=   227  rel‖R‖=  7.792e-03  size(V,2)=  1350
iter=   228  rel‖R‖=  7.753e-03  size(V,2)=  1800
iter=   229  rel‖R‖=  7.710e-03  size(V,2)=  2250
iter=   230  rel‖R‖=  7.661e-03  size(V,2)=  2700
iter=   231  rel‖R‖=  7.608e-03  size(V,2)=  3150
iter=   232  rel‖R‖=  7.552e-03  size(V,2)=  3600
iter=   233  rel‖R‖=  7.533e-03  size(V,2)=   900
iter=   234  rel‖R‖=  7.500e-03  size(V,2)=  1350
iter=   235  rel‖R‖=  7.462e-03  size(V,2)=  1800
iter=   236  rel‖R‖=  7.421e-03  size(V,2)=  2250
iter=   237  rel‖R‖=  7.375e-03  size(V,2)=  2700
iter=   238  rel‖R‖=  7.325e-03  size(V,2)=  3150
iter=   239  rel‖R‖=  7.273e-03  size(V,2)=  3600
iter=   240  rel‖R‖=  7.255e-03  size(V,2)=   900
iter=   241  rel‖R‖=  7.224e-03  size(V,2)=  1350
iter=   242  rel‖R‖=  7.190e-03  size(V,2)=  1800
iter=   243  rel‖R‖=  7.151e-03  size(V,2)=  2250
iter=   244  rel‖R‖=  7.108e-03  size(V,2)=  2700
iter=   245  rel‖R‖=  7.061e-03  size(V,2)=  3150
iter=   246  rel‖R‖=  7.010e-03  size(V,2)=  3600
iter=   247  rel‖R‖=  6.994e-03  size(V,2)=   900
iter=   248  rel‖R‖=  6.966e-03  size(V,2)=  1350
iter=   249  rel‖R‖=  6.932e-03  size(V,2)=  1800
iter=   250  rel‖R‖=  6.896e-03  size(V,2)=  2250
iter=   251  rel‖R‖=  6.856e-03  size(V,2)=  2700
iter=   252  rel‖R‖=  6.812e-03  size(V,2)=  3150
iter=   253  rel‖R‖=  6.763e-03  size(V,2)=  3600
iter=   254  rel‖R‖=  6.748e-03  size(V,2)=   900
iter=   255  rel‖R‖=  6.723e-03  size(V,2)=  1350
iter=   256  rel‖R‖=  6.692e-03  size(V,2)=  1800
iter=   257  rel‖R‖=  6.658e-03  size(V,2)=  2250
iter=   258  rel‖R‖=  6.619e-03  size(V,2)=  2700
iter=   259  rel‖R‖=  6.576e-03  size(V,2)=  3150
iter=   260  rel‖R‖=  6.530e-03  size(V,2)=  3600
iter=   261  rel‖R‖=  6.515e-03  size(V,2)=   900
iter=   262  rel‖R‖=  6.491e-03  size(V,2)=  1350
iter=   263  rel‖R‖=  6.461e-03  size(V,2)=  1800
iter=   264  rel‖R‖=  6.427e-03  size(V,2)=  2250
iter=   265  rel‖R‖=  6.390e-03  size(V,2)=  2700
iter=   266  rel‖R‖=  6.350e-03  size(V,2)=  3150
iter=   267  rel‖R‖=  6.305e-03  size(V,2)=  3600
iter=   268  rel‖R‖=  6.292e-03  size(V,2)=   900
iter=   269  rel‖R‖=  6.268e-03  size(V,2)=  1350
iter=   270  rel‖R‖=  6.240e-03  size(V,2)=  1800
iter=   271  rel‖R‖=  6.209e-03  size(V,2)=  2250
iter=   272  rel‖R‖=  6.174e-03  size(V,2)=  2700
iter=   273  rel‖R‖=  6.135e-03  size(V,2)=  3150
iter=   274  rel‖R‖=  6.092e-03  size(V,2)=  3600
iter=   275  rel‖R‖=  6.080e-03  size(V,2)=   900
iter=   276  rel‖R‖=  6.057e-03  size(V,2)=  1350
iter=   277  rel‖R‖=  6.029e-03  size(V,2)=  1800
iter=   278  rel‖R‖=  5.998e-03  size(V,2)=  2250
iter=   279  rel‖R‖=  5.963e-03  size(V,2)=  2700
iter=   280  rel‖R‖=  5.925e-03  size(V,2)=  3150
iter=   281  rel‖R‖=  5.884e-03  size(V,2)=  3600
iter=   282  rel‖R‖=  5.872e-03  size(V,2)=   900
iter=   283  rel‖R‖=  5.851e-03  size(V,2)=  1350
iter=   284  rel‖R‖=  5.826e-03  size(V,2)=  1800
iter=   285  rel‖R‖=  5.796e-03  size(V,2)=  2250
iter=   286  rel‖R‖=  5.764e-03  size(V,2)=  2700
iter=   287  rel‖R‖=  5.729e-03  size(V,2)=  3150
iter=   288  rel‖R‖=  5.689e-03  size(V,2)=  3600
iter=   289  rel‖R‖=  5.678e-03  size(V,2)=   900
iter=   290  rel‖R‖=  5.658e-03  size(V,2)=  1350
iter=   291  rel‖R‖=  5.634e-03  size(V,2)=  1800
iter=   292  rel‖R‖=  5.606e-03  size(V,2)=  2250
iter=   293  rel‖R‖=  5.576e-03  size(V,2)=  2700
iter=   294  rel‖R‖=  5.542e-03  size(V,2)=  3150
iter=   295  rel‖R‖=  5.506e-03  size(V,2)=  3600
iter=   296  rel‖R‖=  5.496e-03  size(V,2)=   900
iter=   297  rel‖R‖=  5.476e-03  size(V,2)=  1350
iter=   298  rel‖R‖=  5.453e-03  size(V,2)=  1800
iter=   299  rel‖R‖=  5.427e-03  size(V,2)=  2250
iter=   300  rel‖R‖=  5.397e-03  size(V,2)=  2700
iter=   301  rel‖R‖=  5.365e-03  size(V,2)=  3150
iter=   302  rel‖R‖=  5.330e-03  size(V,2)=  3600
iter=   303  rel‖R‖=  5.320e-03  size(V,2)=   900
iter=   304  rel‖R‖=  5.302e-03  size(V,2)=  1350
iter=   305  rel‖R‖=  5.280e-03  size(V,2)=  1800
iter=   306  rel‖R‖=  5.256e-03  size(V,2)=  2250
iter=   307  rel‖R‖=  5.228e-03  size(V,2)=  2700
iter=   308  rel‖R‖=  5.197e-03  size(V,2)=  3150
iter=   309  rel‖R‖=  5.163e-03  size(V,2)=  3600
iter=   310  rel‖R‖=  5.154e-03  size(V,2)=   900
iter=   311  rel‖R‖=  5.138e-03  size(V,2)=  1350
iter=   312  rel‖R‖=  5.118e-03  size(V,2)=  1800
iter=   313  rel‖R‖=  5.093e-03  size(V,2)=  2250
iter=   314  rel‖R‖=  5.066e-03  size(V,2)=  2700
iter=   315  rel‖R‖=  5.038e-03  size(V,2)=  3150
iter=   316  rel‖R‖=  5.005e-03  size(V,2)=  3600
iter=   317  rel‖R‖=  4.996e-03  size(V,2)=   900
iter=   318  rel‖R‖=  4.980e-03  size(V,2)=  1350
iter=   319  rel‖R‖=  4.961e-03  size(V,2)=  1800
iter=   320  rel‖R‖=  4.939e-03  size(V,2)=  2250
iter=   321  rel‖R‖=  4.914e-03  size(V,2)=  2700
iter=   322  rel‖R‖=  4.887e-03  size(V,2)=  3150
iter=   323  rel‖R‖=  4.856e-03  size(V,2)=  3600
iter=   324  rel‖R‖=  4.849e-03  size(V,2)=   900
iter=   325  rel‖R‖=  4.834e-03  size(V,2)=  1350
iter=   326  rel‖R‖=  4.817e-03  size(V,2)=  1800
iter=   327  rel‖R‖=  4.796e-03  size(V,2)=  2250
iter=   328  rel‖R‖=  4.772e-03  size(V,2)=  2700
iter=   329  rel‖R‖=  4.745e-03  size(V,2)=  3150
iter=   330  rel‖R‖=  4.716e-03  size(V,2)=  3600
iter=   331  rel‖R‖=  4.709e-03  size(V,2)=   900
iter=   332  rel‖R‖=  4.695e-03  size(V,2)=  1350
iter=   333  rel‖R‖=  4.678e-03  size(V,2)=  1800
iter=   334  rel‖R‖=  4.658e-03  size(V,2)=  2250
iter=   335  rel‖R‖=  4.635e-03  size(V,2)=  2700
iter=   336  rel‖R‖=  4.610e-03  size(V,2)=  3150
iter=   337  rel‖R‖=  4.583e-03  size(V,2)=  3600
iter=   338  rel‖R‖=  4.576e-03  size(V,2)=   900
iter=   339  rel‖R‖=  4.563e-03  size(V,2)=  1350
iter=   340  rel‖R‖=  4.547e-03  size(V,2)=  1800
iter=   341  rel‖R‖=  4.528e-03  size(V,2)=  2250
iter=   342  rel‖R‖=  4.506e-03  size(V,2)=  2700
iter=   343  rel‖R‖=  4.481e-03  size(V,2)=  3150
iter=   344  rel‖R‖=  4.453e-03  size(V,2)=  3600
iter=   345  rel‖R‖=  4.446e-03  size(V,2)=   900
iter=   346  rel‖R‖=  4.433e-03  size(V,2)=  1350
iter=   347  rel‖R‖=  4.417e-03  size(V,2)=  1800
iter=   348  rel‖R‖=  4.399e-03  size(V,2)=  2250
iter=   349  rel‖R‖=  4.378e-03  size(V,2)=  2700
iter=   350  rel‖R‖=  4.355e-03  size(V,2)=  3150
iter=   351  rel‖R‖=  4.329e-03  size(V,2)=  3600
iter=   352  rel‖R‖=  4.323e-03  size(V,2)=   900
iter=   353  rel‖R‖=  4.310e-03  size(V,2)=  1350
iter=   354  rel‖R‖=  4.296e-03  size(V,2)=  1800
iter=   355  rel‖R‖=  4.278e-03  size(V,2)=  2250
iter=   356  rel‖R‖=  4.258e-03  size(V,2)=  2700
iter=   357  rel‖R‖=  4.235e-03  size(V,2)=  3150
iter=   358  rel‖R‖=  4.210e-03  size(V,2)=  3600
iter=   359  rel‖R‖=  4.205e-03  size(V,2)=   900
iter=   360  rel‖R‖=  4.193e-03  size(V,2)=  1350
iter=   361  rel‖R‖=  4.179e-03  size(V,2)=  1800
iter=   362  rel‖R‖=  4.162e-03  size(V,2)=  2250
iter=   363  rel‖R‖=  4.143e-03  size(V,2)=  2700
iter=   364  rel‖R‖=  4.121e-03  size(V,2)=  3150
iter=   365  rel‖R‖=  4.097e-03  size(V,2)=  3600
iter=   366  rel‖R‖=  4.092e-03  size(V,2)=   900
iter=   367  rel‖R‖=  4.081e-03  size(V,2)=  1350
iter=   368  rel‖R‖=  4.068e-03  size(V,2)=  1800
iter=   369  rel‖R‖=  4.052e-03  size(V,2)=  2250
iter=   370  rel‖R‖=  4.034e-03  size(V,2)=  2700
iter=   371  rel‖R‖=  4.013e-03  size(V,2)=  3150
iter=   372  rel‖R‖=  3.990e-03  size(V,2)=  3600
iter=   373  rel‖R‖=  3.985e-03  size(V,2)=   900
iter=   374  rel‖R‖=  3.974e-03  size(V,2)=  1350
iter=   375  rel‖R‖=  3.961e-03  size(V,2)=  1800
iter=   376  rel‖R‖=  3.945e-03  size(V,2)=  2250
iter=   377  rel‖R‖=  3.926e-03  size(V,2)=  2700
iter=   378  rel‖R‖=  3.906e-03  size(V,2)=  3150
iter=   379  rel‖R‖=  3.883e-03  size(V,2)=  3600
iter=   380  rel‖R‖=  3.878e-03  size(V,2)=   900
iter=   381  rel‖R‖=  3.868e-03  size(V,2)=  1350
iter=   382  rel‖R‖=  3.855e-03  size(V,2)=  1800
iter=   383  rel‖R‖=  3.840e-03  size(V,2)=  2250
iter=   384  rel‖R‖=  3.823e-03  size(V,2)=  2700
iter=   385  rel‖R‖=  3.803e-03  size(V,2)=  3150
iter=   386  rel‖R‖=  3.781e-03  size(V,2)=  3600
iter=   387  rel‖R‖=  3.777e-03  size(V,2)=   900
iter=   388  rel‖R‖=  3.767e-03  size(V,2)=  1350
iter=   389  rel‖R‖=  3.755e-03  size(V,2)=  1800
iter=   390  rel‖R‖=  3.740e-03  size(V,2)=  2250
iter=   391  rel‖R‖=  3.723e-03  size(V,2)=  2700
iter=   392  rel‖R‖=  3.705e-03  size(V,2)=  3150
iter=   393  rel‖R‖=  3.684e-03  size(V,2)=  3600
iter=   394  rel‖R‖=  3.679e-03  size(V,2)=   900
iter=   395  rel‖R‖=  3.670e-03  size(V,2)=  1350
iter=   396  rel‖R‖=  3.658e-03  size(V,2)=  1800
iter=   397  rel‖R‖=  3.644e-03  size(V,2)=  2250
iter=   398  rel‖R‖=  3.629e-03  size(V,2)=  2700
iter=   399  rel‖R‖=  3.610e-03  size(V,2)=  3150
iter=   400  rel‖R‖=  3.589e-03  size(V,2)=  3600
iter=   401  rel‖R‖=  3.585e-03  size(V,2)=   900
iter=   402  rel‖R‖=  3.576e-03  size(V,2)=  1350
iter=   403  rel‖R‖=  3.564e-03  size(V,2)=  1800
iter=   404  rel‖R‖=  3.550e-03  size(V,2)=  2250
iter=   405  rel‖R‖=  3.535e-03  size(V,2)=  2700
iter=   406  rel‖R‖=  3.518e-03  size(V,2)=  3150
iter=   407  rel‖R‖=  3.498e-03  size(V,2)=  3600
iter=   408  rel‖R‖=  3.494e-03  size(V,2)=   900
iter=   409  rel‖R‖=  3.484e-03  size(V,2)=  1350
iter=   410  rel‖R‖=  3.474e-03  size(V,2)=  1800
iter=   411  rel‖R‖=  3.461e-03  size(V,2)=  2250
iter=   412  rel‖R‖=  3.446e-03  size(V,2)=  2700
iter=   413  rel‖R‖=  3.429e-03  size(V,2)=  3150
iter=   414  rel‖R‖=  3.410e-03  size(V,2)=  3600
iter=   415  rel‖R‖=  3.407e-03  size(V,2)=   900
iter=   416  rel‖R‖=  3.398e-03  size(V,2)=  1350
iter=   417  rel‖R‖=  3.388e-03  size(V,2)=  1800
iter=   418  rel‖R‖=  3.376e-03  size(V,2)=  2250
iter=   419  rel‖R‖=  3.361e-03  size(V,2)=  2700
iter=   420  rel‖R‖=  3.345e-03  size(V,2)=  3150
iter=   421  rel‖R‖=  3.327e-03  size(V,2)=  3600
iter=   422  rel‖R‖=  3.324e-03  size(V,2)=   900
iter=   423  rel‖R‖=  3.315e-03  size(V,2)=  1350
iter=   424  rel‖R‖=  3.305e-03  size(V,2)=  1800
iter=   425  rel‖R‖=  3.293e-03  size(V,2)=  2250
iter=   426  rel‖R‖=  3.280e-03  size(V,2)=  2700
iter=   427  rel‖R‖=  3.264e-03  size(V,2)=  3150
iter=   428  rel‖R‖=  3.246e-03  size(V,2)=  3600
iter=   429  rel‖R‖=  3.243e-03  size(V,2)=   900
iter=   430  rel‖R‖=  3.235e-03  size(V,2)=  1350
iter=   431  rel‖R‖=  3.225e-03  size(V,2)=  1800
iter=   432  rel‖R‖=  3.214e-03  size(V,2)=  2250
iter=   433  rel‖R‖=  3.201e-03  size(V,2)=  2700
iter=   434  rel‖R‖=  3.185e-03  size(V,2)=  3150
iter=   435  rel‖R‖=  3.168e-03  size(V,2)=  3600
iter=   436  rel‖R‖=  3.165e-03  size(V,2)=   900
iter=   437  rel‖R‖=  3.157e-03  size(V,2)=  1350
iter=   438  rel‖R‖=  3.147e-03  size(V,2)=  1800
iter=   439  rel‖R‖=  3.136e-03  size(V,2)=  2250
iter=   440  rel‖R‖=  3.123e-03  size(V,2)=  2700
iter=   441  rel‖R‖=  3.108e-03  size(V,2)=  3150
iter=   442  rel‖R‖=  3.092e-03  size(V,2)=  3600
iter=   443  rel‖R‖=  3.089e-03  size(V,2)=   900
iter=   444  rel‖R‖=  3.081e-03  size(V,2)=  1350
iter=   445  rel‖R‖=  3.072e-03  size(V,2)=  1800
iter=   446  rel‖R‖=  3.061e-03  size(V,2)=  2250
iter=   447  rel‖R‖=  3.048e-03  size(V,2)=  2700
iter=   448  rel‖R‖=  3.034e-03  size(V,2)=  3150
iter=   449  rel‖R‖=  3.018e-03  size(V,2)=  3600
iter=   450  rel‖R‖=  3.015e-03  size(V,2)=   900
iter=   451  rel‖R‖=  3.008e-03  size(V,2)=  1350
iter=   452  rel‖R‖=  2.999e-03  size(V,2)=  1800
iter=   453  rel‖R‖=  2.988e-03  size(V,2)=  2250
iter=   454  rel‖R‖=  2.976e-03  size(V,2)=  2700
iter=   455  rel‖R‖=  2.962e-03  size(V,2)=  3150
iter=   456  rel‖R‖=  2.946e-03  size(V,2)=  3600
iter=   457  rel‖R‖=  2.943e-03  size(V,2)=   900
iter=   458  rel‖R‖=  2.936e-03  size(V,2)=  1350
iter=   459  rel‖R‖=  2.927e-03  size(V,2)=  1800
iter=   460  rel‖R‖=  2.917e-03  size(V,2)=  2250
iter=   461  rel‖R‖=  2.905e-03  size(V,2)=  2700
iter=   462  rel‖R‖=  2.891e-03  size(V,2)=  3150
iter=   463  rel‖R‖=  2.876e-03  size(V,2)=  3600
iter=   464  rel‖R‖=  2.873e-03  size(V,2)=   900
iter=   465  rel‖R‖=  2.866e-03  size(V,2)=  1350
iter=   466  rel‖R‖=  2.858e-03  size(V,2)=  1800
iter=   467  rel‖R‖=  2.847e-03  size(V,2)=  2250
iter=   468  rel‖R‖=  2.836e-03  size(V,2)=  2700
iter=   469  rel‖R‖=  2.823e-03  size(V,2)=  3150
iter=   470  rel‖R‖=  2.808e-03  size(V,2)=  3600
iter=   471  rel‖R‖=  2.805e-03  size(V,2)=   900
iter=   472  rel‖R‖=  2.799e-03  size(V,2)=  1350
iter=   473  rel‖R‖=  2.791e-03  size(V,2)=  1800
iter=   474  rel‖R‖=  2.781e-03  size(V,2)=  2250
iter=   475  rel‖R‖=  2.770e-03  size(V,2)=  2700
iter=   476  rel‖R‖=  2.757e-03  size(V,2)=  3150
iter=   477  rel‖R‖=  2.743e-03  size(V,2)=  3600
iter=   478  rel‖R‖=  2.740e-03  size(V,2)=   900
iter=   479  rel‖R‖=  2.734e-03  size(V,2)=  1350
iter=   480  rel‖R‖=  2.725e-03  size(V,2)=  1800
iter=   481  rel‖R‖=  2.716e-03  size(V,2)=  2250
iter=   482  rel‖R‖=  2.705e-03  size(V,2)=  2700
iter=   483  rel‖R‖=  2.693e-03  size(V,2)=  3150
iter=   484  rel‖R‖=  2.679e-03  size(V,2)=  3600
iter=   485  rel‖R‖=  2.676e-03  size(V,2)=   900
iter=   486  rel‖R‖=  2.670e-03  size(V,2)=  1350
iter=   487  rel‖R‖=  2.662e-03  size(V,2)=  1800
iter=   488  rel‖R‖=  2.653e-03  size(V,2)=  2250
iter=   489  rel‖R‖=  2.642e-03  size(V,2)=  2700
iter=   490  rel‖R‖=  2.630e-03  size(V,2)=  3150
iter=   491  rel‖R‖=  2.617e-03  size(V,2)=  3600
iter=   492  rel‖R‖=  2.614e-03  size(V,2)=   900
iter=   493  rel‖R‖=  2.608e-03  size(V,2)=  1350
iter=   494  rel‖R‖=  2.601e-03  size(V,2)=  1800
iter=   495  rel‖R‖=  2.592e-03  size(V,2)=  2250
iter=   496  rel‖R‖=  2.581e-03  size(V,2)=  2700
iter=   497  rel‖R‖=  2.569e-03  size(V,2)=  3150
iter=   498  rel‖R‖=  2.556e-03  size(V,2)=  3600
iter=   499  rel‖R‖=  2.554e-03  size(V,2)=   900
iter=   500  rel‖R‖=  2.548e-03  size(V,2)=  1350
Maximum iterations reached without convergence.
96916.669448 seconds (3.42 M allocations: 1.310 TiB, 0.09% gc time)
Total estimated FLOPs: 2578839751444500

Reading exact Eigenvalues...
Reading eigenvalues from ../Eigenvalues_folder/eigenres_formaldehyde_RNDbasis1.jld2

Difference between Davidson and exact eigenvalues:
1×450 adjoint(::Vector{Float64}) with eltype Float64:
 -1.06581e-14  -1.06581e-14  7.10543e-15  8.88178e-15  -1.77636e-15  -3.55271e-15  8.88178e-15  -1.24345e-14  1.77636e-15  -1.77636e-15  4.44089e-15  3.55271e-15  6.21725e-15  4.44089e-15  -5.32907e-15  3.55271e-15  1.77636e-15  4.44089e-15  6.21725e-15  -8.88178e-15  6.21725e-15  6.21725e-15  7.10543e-15  3.55271e-15  7.99361e-15  8.88178e-16  -5.32907e-15  7.10543e-15  2.66454e-15  -3.10862e-15  8.88178e-16  -6.21725e-15  -7.10543e-15  3.55271e-15  9.32587e-15  1.77636e-15  1.33227e-15  1.37668e-14  -4.44089e-16  -1.77636e-15  1.24345e-14  -1.5099e-14  -5.32907e-15  -5.32907e-15  1.42109e-14  7.10543e-15  -6.66134e-15  7.54952e-15  3.55271e-15  5.32907e-15  -6.21725e-15  1.59872e-14  1.28786e-14  1.11022e-14  8.88178e-15  -1.55431e-14  1.11022e-14  -6.66134e-15  -7.54952e-15  8.88178e-15  -1.28786e-14  -5.32907e-15  -7.10543e-15  1.70974e-14  -5.9952e-15  -1.28786e-14  5.55112e-15  -9.99201e-15  3.10862e-15  -2.4647e-14  -1.26565e-14  -2.22045e-14  2.44249e-15  1.64313e-14  -1.86517e-14  -5.77316e-15  2.5091e-14  -1.84297e-14  2.84217e-14  -1.77636e-14  -2.79776e-14  -1.53211e-14  -1.33227e-15  2.19824e-14  -1.57652e-14  8.21565e-15  -2.88658e-15  1.02141e-14  -3.10862e-15  -1.75415e-14  2.64233e-14  -2.08722e-14  1.70974e-14  -1.84297e-14  -5.9952e-15  -4.44089e-16  -1.17684e-14  8.88178e-15  9.10383e-15  -1.44329e-14  5.55112e-15  5.9952e-15  2.9976e-14  -2.64233e-14  -5.10703e-15  -3.24185e-14  2.4869e-14  -2.19824e-14  3.75255e-14  -3.64153e-14  -1.04361e-14  -2.08722e-14  -1.24345e-14  -1.39888e-14  4.08562e-14  2.90878e-14  2.02061e-14  2.62013e-14  -2.9976e-14  3.86358e-14  3.08642e-14  4.88498e-15  3.16414e-14  -1.35447e-14  -1.69864e-14  -2.80886e-14  -2.75335e-14  -2.54241e-14  4.72955e-14  9.88098e-15  -3.55271e-15  1.78746e-14  -1.76525e-14  2.89768e-14  1.92069e-14  3.07532e-14  5.88418e-15  -1.75415e-14  -4.996e-15  1.26565e-14  -4.88498e-15  -3.77476e-14  -6.55032e-15  3.4861e-14  2.04281e-14  -2.44249e-14  -1.5416e-10  -3.3269e-10  -6.62634e-10  -5.51905e-11  -2.22584e-8  -1.00432e-11  -4.17466e-12  -3.45693e-11  -2.21727e-6  -1.2312e-5  -6.73825e-7  -3.69787e-7  -3.38414e-7  -1.39274e-6  -3.46127e-6  -4.42404e-6  -2.9547e-6  -2.49826e-6  -4.47317e-6  -1.23127e-5  -6.23024e-6  -1.50117e-5  -1.33059e-5  -1.43825e-5  -1.34872e-5  -1.56753e-5  -1.67472e-5  -4.08862e-5  -5.9209e-5  -3.60593e-5  -3.12146e-5  -4.39075e-5  -4.27739e-5  -4.53658e-5  -6.70644e-5  -6.3031e-5  -4.17439e-5  -5.41472e-5  -6.36041e-5  -6.31403e-5  -6.91554e-5  -6.33456e-5  -6.90931e-5  -7.01387e-5  -7.13818e-5  -7.19834e-5  -8.6648e-5  -6.2576e-5  -7.17263e-5  -9.18451e-5  -9.24128e-5  -8.51192e-5  -9.05467e-5  -7.73382e-5  -6.7448e-5  -0.000106034  -0.000101303  -0.000118606  -0.00010161  -0.000109296  -0.000114387  -0.000108086  -0.000106124  -0.00010443  -0.000107412  -0.000100765  -0.000122469  -0.000132128  -0.000119408  -0.000111296  -9.95789e-5  -0.000116828  -0.000122511  -0.000125692  -0.000125731  -0.00011912  -0.000130978  -0.000121478  -0.000146126  -0.000150336  -0.00013921  -0.000135288  -0.00013777  -0.000141681  -0.000152067  -0.000152392  -0.000144003  -0.000160877  -0.000159033  -0.000165407  -0.000156926  -0.00015921  -0.000153985  -0.00016195  -0.000169549  -0.000154292  -0.00016704  -0.000154792  -0.000147824  -0.000152464  -0.000154653  -0.000156617  -0.000154295  -0.000160654  -0.000166992  -0.000147284  -0.00016488  -0.000162477  -0.000167395  -0.000155843  -0.00015412  -0.000152593  -0.000168459  -0.000159409  -0.000159352  -0.000158559  -0.000160095  -0.000159526  -0.00015693  -0.000157769  -0.000171053  -0.000162989  -0.000163866  -0.00015902  -0.000153272  -0.00016314  -0.000156247  -0.000161037  -0.000151903  -0.000160198  -0.000155556  -0.000159373  -0.000158522  -0.000146822  -0.000154518  -0.000155951  -0.00015128  -0.000148452  -0.000151086  -0.000153696  -0.000152339  -0.000156239  -0.000155034  -0.000148998  -0.000150633  -0.000154695  -0.00014733  -0.000143937  -0.000155171  -0.000140273  -0.000142971  -0.000153425  -0.000152118  -0.000143742  -0.000143443  -0.000142145  -0.000145021  -0.000142316  -0.000143604  -0.000143588  -0.000151737  -0.000142714  -0.000148998  -0.000143072  -0.00013771  -0.00013363  -0.000137269  -0.000135308  -0.00012184  -0.000130092  -0.000128604  -0.000129837  -0.000128227  -0.000132311  -0.000133921  -0.000127539  -0.000121448  -0.000128824  -0.000125958  -0.000131625  -0.000121186  -0.000126321  -0.000123257  -0.000122375  -0.000104721  -0.000115133  -0.00010634  -9.93495e-5  -0.000110963  -0.000105955  -0.000108617  -0.000117705  -0.000110609  -9.98542e-5  -9.33884e-5  -9.24008e-5  -9.37026e-5  -8.96205e-5  -8.81006e-5  -9.63934e-5  -7.1314e-5  -6.28635e-5  -7.33879e-5  -7.50338e-5  -7.69139e-5  -6.13971e-5  -5.30325e-5  -5.01458e-5  -3.95787e-5  -3.95872e-5  slurmstepd-andoria01: error: *** JOB 24686 ON andoria01 CANCELLED AT 2025-07-21T09:13:57 DUE TO TIME LIMIT ***

[76171] signal 15: Terminated
in expression starting at /home/fmereto/MA_best/OFFICIAL_calculations/Block_formaldehyde.jl:187
dgemm_kernel_ZEN at /home/fmereto/julia/bin/../lib/julia/libopenblas64_.so (unknown line)
unknown function (ip: (nil))
Allocations: 19522983 (Pool: 19522571; Big: 412); GC: 6022
-4.23161e-5  -3.8318e-5  -4.37445e-5  -4.02994e-5  -3.1914e-5  -1.56823e-5  -1.93043e-5  -1.4992e-5  -1.49196e-5  -8.92497e-6  -3.37901e-6  -5.15916e-6  -5.72217e-7  -4.22456e-7  -2.32952e-7  -2.3856e-7  -1.00517e-6  -8.62574e-7  -4.81593e-7  -5.5744e-8  -1.31275e-8  -2.15716e-13  1.95455e-13  -1.80189e-13  1.25455e-14  -6.24778e-14  6.2006e-14  1.73833e-13  1.40193e-13  -2.10804e-12  -6.90004e-14  1.86101e-13  -1.34642e-13  -2.54519e-14  -1.57374e-14  1.58512e-13  -1.84353e-13  -1.78302e-13  1.24373e-13  1.25927e-13  -8.60978e-14  9.13158e-15  -1.67644e-13  1.11855e-13  -9.71168e-14  -1.58568e-13  -2.11997e-13  2.11858e-13  -8.26283e-14  2.0578e-13  2.23904e-13  1.74e-13  -9.6867e-14  -1.25788e-13  2.47302e-14  1.60233e-13  -1.31423e-13  8.33222e-14  1.7597e-13  -2.69923e-13  3.56937e-14  -1.79523e-13  2.69423e-13  -1.25039e-13  1.76026e-13  -1.9168e-13  1.66339e-13  1.89654e-13  3.4972e-14  7.80209e-14  1.76859e-13  -8.85958e-14  -1.61426e-13  -1.0103e-14  2.83717e-13  3.00315e-14  -1.9873e-14  -1.41998e-13  3.25018e-14  -1.18072e-13  -1.4605e-13  8.15459e-14  -1.32061e-13  -2.91933e-13  -2.81525e-13  -1.76081e-13  -2.28317e-13  -2.76806e-13  1.41304e-13  -9.30644e-14  9.22873e-14  -1.18155e-13  -7.44405e-14  1.62981e-13
450 Eigenvalues converges, out of 450 requested.
Running with l = 100
read ../formaldehyde/gamma_VASP_RNDbasis1.dat
Davidson
iter=     1  rel‖R‖=  1.670e+01  size(V,2)=   600
iter=     2  rel‖R‖=  2.288e+00  size(V,2)=  1200
iter=     3  rel‖R‖=  2.201e-01  size(V,2)=  1800
iter=     4  rel‖R‖=  8.884e-02  size(V,2)=  2400
iter=     5  rel‖R‖=  6.214e-02  size(V,2)=  3000
iter=     6  rel‖R‖=  4.885e-02  size(V,2)=  3600
iter=     7  rel‖R‖=  4.041e-02  size(V,2)=  4200
iter=     8  rel‖R‖=  3.530e-02  size(V,2)=  4800
iter=     9  rel‖R‖=  3.325e-02  size(V,2)=  1200
iter=    10  rel‖R‖=  3.225e-02  size(V,2)=  1800
iter=    11  rel‖R‖=  3.147e-02  size(V,2)=  2400
iter=    12  rel‖R‖=  3.079e-02  size(V,2)=  3000
iter=    13  rel‖R‖=  3.007e-02  size(V,2)=  3600
iter=    14  rel‖R‖=  2.930e-02  size(V,2)=  4200
iter=    15  rel‖R‖=  2.846e-02  size(V,2)=  4800
iter=    16  rel‖R‖=  2.796e-02  size(V,2)=  1200
iter=    17  rel‖R‖=  2.755e-02  size(V,2)=  1800
iter=    18  rel‖R‖=  2.717e-02  size(V,2)=  2400
iter=    19  rel‖R‖=  2.680e-02  size(V,2)=  3000
iter=    20  rel‖R‖=  2.640e-02  size(V,2)=  3600
iter=    21  rel‖R‖=  2.596e-02  size(V,2)=  4200
iter=    22  rel‖R‖=  2.547e-02  size(V,2)=  4800
iter=    23  rel‖R‖=  2.519e-02  size(V,2)=  1200
iter=    24  rel‖R‖=  2.492e-02  size(V,2)=  1800
iter=    25  rel‖R‖=  2.464e-02  size(V,2)=  2400
iter=    26  rel‖R‖=  2.435e-02  size(V,2)=  3000
iter=    27  rel‖R‖=  2.405e-02  size(V,2)=  3600
iter=    28  rel‖R‖=  2.372e-02  size(V,2)=  4200
iter=    29  rel‖R‖=  2.333e-02  size(V,2)=  4800
iter=    30  rel‖R‖=  2.311e-02  size(V,2)=  1200
iter=    31  rel‖R‖=  2.288e-02  size(V,2)=  1800
iter=    32  rel‖R‖=  2.265e-02  size(V,2)=  2400
iter=    33  rel‖R‖=  2.239e-02  size(V,2)=  3000
iter=    34  rel‖R‖=  2.214e-02  size(V,2)=  3600
iter=    35  rel‖R‖=  2.186e-02  size(V,2)=  4200
iter=    36  rel‖R‖=  2.156e-02  size(V,2)=  4800
iter=    37  rel‖R‖=  2.138e-02  size(V,2)=  1200
iter=    38  rel‖R‖=  2.119e-02  size(V,2)=  1800
iter=    39  rel‖R‖=  2.099e-02  size(V,2)=  2400
iter=    40  rel‖R‖=  2.078e-02  size(V,2)=  3000
iter=    41  rel‖R‖=  2.057e-02  size(V,2)=  3600
iter=    42  rel‖R‖=  2.032e-02  size(V,2)=  4200
iter=    43  rel‖R‖=  2.005e-02  size(V,2)=  4800
iter=    44  rel‖R‖=  1.989e-02  size(V,2)=  1200
iter=    45  rel‖R‖=  1.971e-02  size(V,2)=  1800
iter=    46  rel‖R‖=  1.954e-02  size(V,2)=  2400
iter=    47  rel‖R‖=  1.935e-02  size(V,2)=  3000
iter=    48  rel‖R‖=  1.915e-02  size(V,2)=  3600
iter=    49  rel‖R‖=  1.893e-02  size(V,2)=  4200
iter=    50  rel‖R‖=  1.868e-02  size(V,2)=  4800
iter=    51  rel‖R‖=  1.855e-02  size(V,2)=  1200
iter=    52  rel‖R‖=  1.840e-02  size(V,2)=  1800
iter=    53  rel‖R‖=  1.824e-02  size(V,2)=  2400
iter=    54  rel‖R‖=  1.807e-02  size(V,2)=  3000
iter=    55  rel‖R‖=  1.788e-02  size(V,2)=  3600
iter=    56  rel‖R‖=  1.768e-02  size(V,2)=  4200
iter=    57  rel‖R‖=  1.746e-02  size(V,2)=  4800
iter=    58  rel‖R‖=  1.735e-02  size(V,2)=  1200
iter=    59  rel‖R‖=  1.722e-02  size(V,2)=  1800
iter=    60  rel‖R‖=  1.706e-02  size(V,2)=  2400
iter=    61  rel‖R‖=  1.690e-02  size(V,2)=  3000
iter=    62  rel‖R‖=  1.672e-02  size(V,2)=  3600
iter=    63  rel‖R‖=  1.653e-02  size(V,2)=  4200
iter=    64  rel‖R‖=  1.632e-02  size(V,2)=  4800
iter=    65  rel‖R‖=  1.623e-02  size(V,2)=  1200
iter=    66  rel‖R‖=  1.610e-02  size(V,2)=  1800
iter=    67  rel‖R‖=  1.596e-02  size(V,2)=  2400
iter=    68  rel‖R‖=  1.580e-02  size(V,2)=  3000
iter=    69  rel‖R‖=  1.564e-02  size(V,2)=  3600
iter=    70  rel‖R‖=  1.546e-02  size(V,2)=  4200
iter=    71  rel‖R‖=  1.528e-02  size(V,2)=  4800
iter=    72  rel‖R‖=  1.520e-02  size(V,2)=  1200
iter=    73  rel‖R‖=  1.508e-02  size(V,2)=  1800
iter=    74  rel‖R‖=  1.494e-02  size(V,2)=  2400
iter=    75  rel‖R‖=  1.479e-02  size(V,2)=  3000
iter=    76  rel‖R‖=  1.464e-02  size(V,2)=  3600
iter=    77  rel‖R‖=  1.447e-02  size(V,2)=  4200
iter=    78  rel‖R‖=  1.430e-02  size(V,2)=  4800
iter=    79  rel‖R‖=  1.423e-02  size(V,2)=  1200
iter=    80  rel‖R‖=  1.412e-02  size(V,2)=  1800
iter=    81  rel‖R‖=  1.399e-02  size(V,2)=  2400
iter=    82  rel‖R‖=  1.385e-02  size(V,2)=  3000
iter=    83  rel‖R‖=  1.371e-02  size(V,2)=  3600
iter=    84  rel‖R‖=  1.356e-02  size(V,2)=  4200
iter=    85  rel‖R‖=  1.339e-02  size(V,2)=  4800
iter=    86  rel‖R‖=  1.332e-02  size(V,2)=  1200
iter=    87  rel‖R‖=  1.322e-02  size(V,2)=  1800
iter=    88  rel‖R‖=  1.310e-02  size(V,2)=  2400
iter=    89  rel‖R‖=  1.297e-02  size(V,2)=  3000
iter=    90  rel‖R‖=  1.284e-02  size(V,2)=  3600
iter=    91  rel‖R‖=  1.270e-02  size(V,2)=  4200
iter=    92  rel‖R‖=  1.254e-02  size(V,2)=  4800
iter=    93  rel‖R‖=  1.249e-02  size(V,2)=  1200
iter=    94  rel‖R‖=  1.240e-02  size(V,2)=  1800
iter=    95  rel‖R‖=  1.229e-02  size(V,2)=  2400
iter=    96  rel‖R‖=  1.217e-02  size(V,2)=  3000
iter=    97  rel‖R‖=  1.205e-02  size(V,2)=  3600
iter=    98  rel‖R‖=  1.191e-02  size(V,2)=  4200
iter=    99  rel‖R‖=  1.177e-02  size(V,2)=  4800
iter=   100  rel‖R‖=  1.172e-02  size(V,2)=  1200
iter=   101  rel‖R‖=  1.163e-02  size(V,2)=  1800
iter=   102  rel‖R‖=  1.153e-02  size(V,2)=  2400
iter=   103  rel‖R‖=  1.142e-02  size(V,2)=  3000
iter=   104  rel‖R‖=  1.130e-02  size(V,2)=  3600
iter=   105  rel‖R‖=  1.118e-02  size(V,2)=  4200
iter=   106  rel‖R‖=  1.105e-02  size(V,2)=  4800
iter=   107  rel‖R‖=  1.100e-02  size(V,2)=  1200
iter=   108  rel‖R‖=  1.092e-02  size(V,2)=  1800
iter=   109  rel‖R‖=  1.082e-02  size(V,2)=  2400
iter=   110  rel‖R‖=  1.072e-02  size(V,2)=  3000
iter=   111  rel‖R‖=  1.061e-02  size(V,2)=  3600
iter=   112  rel‖R‖=  1.049e-02  size(V,2)=  4200
iter=   113  rel‖R‖=  1.037e-02  size(V,2)=  4800
iter=   114  rel‖R‖=  1.033e-02  size(V,2)=  1200
iter=   115  rel‖R‖=  1.025e-02  size(V,2)=  1800
iter=   116  rel‖R‖=  1.016e-02  size(V,2)=  2400
iter=   117  rel‖R‖=  1.007e-02  size(V,2)=  3000
iter=   118  rel‖R‖=  9.966e-03  size(V,2)=  3600
iter=   119  rel‖R‖=  9.858e-03  size(V,2)=  4200
iter=   120  rel‖R‖=  9.744e-03  size(V,2)=  4800
iter=   121  rel‖R‖=  9.705e-03  size(V,2)=  1200
iter=   122  rel‖R‖=  9.634e-03  size(V,2)=  1800
iter=   123  rel‖R‖=  9.552e-03  size(V,2)=  2400
iter=   124  rel‖R‖=  9.466e-03  size(V,2)=  3000
iter=   125  rel‖R‖=  9.372e-03  size(V,2)=  3600
iter=   126  rel‖R‖=  9.273e-03  size(V,2)=  4200
iter=   127  rel‖R‖=  9.168e-03  size(V,2)=  4800
iter=   128  rel‖R‖=  9.133e-03  size(V,2)=  1200
iter=   129  rel‖R‖=  9.067e-03  size(V,2)=  1800
iter=   130  rel‖R‖=  8.992e-03  size(V,2)=  2400
iter=   131  rel‖R‖=  8.910e-03  size(V,2)=  3000
iter=   132  rel‖R‖=  8.822e-03  size(V,2)=  3600
iter=   133  rel‖R‖=  8.726e-03  size(V,2)=  4200
iter=   134  rel‖R‖=  8.622e-03  size(V,2)=  4800
iter=   135  rel‖R‖=  8.588e-03  size(V,2)=  1200
iter=   136  rel‖R‖=  8.526e-03  size(V,2)=  1800
iter=   137  rel‖R‖=  8.454e-03  size(V,2)=  2400
iter=   138  rel‖R‖=  8.375e-03  size(V,2)=  3000
iter=   139  rel‖R‖=  8.292e-03  size(V,2)=  3600
iter=   140  rel‖R‖=  8.204e-03  size(V,2)=  4200
iter=   141  rel‖R‖=  8.110e-03  size(V,2)=  4800
iter=   142  rel‖R‖=  8.079e-03  size(V,2)=  1200
iter=   143  rel‖R‖=  8.022e-03  size(V,2)=  1800
iter=   144  rel‖R‖=  7.955e-03  size(V,2)=  2400
iter=   145  rel‖R‖=  7.883e-03  size(V,2)=  3000
iter=   146  rel‖R‖=  7.806e-03  size(V,2)=  3600
iter=   147  rel‖R‖=  7.723e-03  size(V,2)=  4200
iter=   148  rel‖R‖=  7.635e-03  size(V,2)=  4800
iter=   149  rel‖R‖=  7.606e-03  size(V,2)=  1200
iter=   150  rel‖R‖=  7.553e-03  size(V,2)=  1800
iter=   151  rel‖R‖=  7.490e-03  size(V,2)=  2400
iter=   152  rel‖R‖=  7.421e-03  size(V,2)=  3000
iter=   153  rel‖R‖=  7.349e-03  size(V,2)=  3600
iter=   154  rel‖R‖=  7.273e-03  size(V,2)=  4200
iter=   155  rel‖R‖=  7.191e-03  size(V,2)=  4800
iter=   156  rel‖R‖=  7.167e-03  size(V,2)=  1200
iter=   157  rel‖R‖=  7.118e-03  size(V,2)=  1800
iter=   158  rel‖R‖=  7.061e-03  size(V,2)=  2400
iter=   159  rel‖R‖=  6.997e-03  size(V,2)=  3000
iter=   160  rel‖R‖=  6.930e-03  size(V,2)=  3600
iter=   161  rel‖R‖=  6.858e-03  size(V,2)=  4200
iter=   162  rel‖R‖=  6.781e-03  size(V,2)=  4800
iter=   163  rel‖R‖=  6.758e-03  size(V,2)=  1200
iter=   164  rel‖R‖=  6.713e-03  size(V,2)=  1800
iter=   165  rel‖R‖=  6.659e-03  size(V,2)=  2400
iter=   166  rel‖R‖=  6.601e-03  size(V,2)=  3000
iter=   167  rel‖R‖=  6.537e-03  size(V,2)=  3600
iter=   168  rel‖R‖=  6.469e-03  size(V,2)=  4200
iter=   169  rel‖R‖=  6.397e-03  size(V,2)=  4800
iter=   170  rel‖R‖=  6.377e-03  size(V,2)=  1200
iter=   171  rel‖R‖=  6.336e-03  size(V,2)=  1800
iter=   172  rel‖R‖=  6.287e-03  size(V,2)=  2400
iter=   173  rel‖R‖=  6.234e-03  size(V,2)=  3000
iter=   174  rel‖R‖=  6.176e-03  size(V,2)=  3600
iter=   175  rel‖R‖=  6.115e-03  size(V,2)=  4200
iter=   176  rel‖R‖=  6.048e-03  size(V,2)=  4800
iter=   177  rel‖R‖=  6.030e-03  size(V,2)=  1200
iter=   178  rel‖R‖=  5.991e-03  size(V,2)=  1800
iter=   179  rel‖R‖=  5.946e-03  size(V,2)=  2400
iter=   180  rel‖R‖=  5.897e-03  size(V,2)=  3000
iter=   181  rel‖R‖=  5.842e-03  size(V,2)=  3600
iter=   182  rel‖R‖=  5.784e-03  size(V,2)=  4200
iter=   183  rel‖R‖=  5.721e-03  size(V,2)=  4800
iter=   184  rel‖R‖=  5.704e-03  size(V,2)=  1200
iter=   185  rel‖R‖=  5.669e-03  size(V,2)=  1800
iter=   186  rel‖R‖=  5.626e-03  size(V,2)=  2400
iter=   187  rel‖R‖=  5.578e-03  size(V,2)=  3000
iter=   188  rel‖R‖=  5.527e-03  size(V,2)=  3600
iter=   189  rel‖R‖=  5.471e-03  size(V,2)=  4200
iter=   190  rel‖R‖=  5.412e-03  size(V,2)=  4800
iter=   191  rel‖R‖=  5.396e-03  size(V,2)=  1200
iter=   192  rel‖R‖=  5.362e-03  size(V,2)=  1800
iter=   193  rel‖R‖=  5.321e-03  size(V,2)=  2400
iter=   194  rel‖R‖=  5.277e-03  size(V,2)=  3000
iter=   195  rel‖R‖=  5.229e-03  size(V,2)=  3600
iter=   196  rel‖R‖=  5.178e-03  size(V,2)=  4200
iter=   197  rel‖R‖=  5.123e-03  size(V,2)=  4800
iter=   198  rel‖R‖=  5.111e-03  size(V,2)=  1200
iter=   199  rel‖R‖=  5.080e-03  size(V,2)=  1800
iter=   200  rel‖R‖=  5.043e-03  size(V,2)=  2400
iter=   201  rel‖R‖=  5.002e-03  size(V,2)=  3000
iter=   202  rel‖R‖=  4.957e-03  size(V,2)=  3600
iter=   203  rel‖R‖=  4.909e-03  size(V,2)=  4200
iter=   204  rel‖R‖=  4.856e-03  size(V,2)=  4800
iter=   205  rel‖R‖=  4.843e-03  size(V,2)=  1200
iter=   206  rel‖R‖=  4.814e-03  size(V,2)=  1800
iter=   207  rel‖R‖=  4.780e-03  size(V,2)=  2400
iter=   208  rel‖R‖=  4.741e-03  size(V,2)=  3000
iter=   209  rel‖R‖=  4.700e-03  size(V,2)=  3600
iter=   210  rel‖R‖=  4.655e-03  size(V,2)=  4200
iter=   211  rel‖R‖=  4.606e-03  size(V,2)=  4800
iter=   212  rel‖R‖=  4.595e-03  size(V,2)=  1200
iter=   213  rel‖R‖=  4.568e-03  size(V,2)=  1800
iter=   214  rel‖R‖=  4.535e-03  size(V,2)=  2400
iter=   215  rel‖R‖=  4.499e-03  size(V,2)=  3000
iter=   216  rel‖R‖=  4.460e-03  size(V,2)=  3600
iter=   217  rel‖R‖=  4.417e-03  size(V,2)=  4200
iter=   218  rel‖R‖=  4.372e-03  size(V,2)=  4800
iter=   219  rel‖R‖=  4.362e-03  size(V,2)=  1200
iter=   220  rel‖R‖=  4.336e-03  size(V,2)=  1800
iter=   221  rel‖R‖=  4.306e-03  size(V,2)=  2400
iter=   222  rel‖R‖=  4.273e-03  size(V,2)=  3000
iter=   223  rel‖R‖=  4.235e-03  size(V,2)=  3600
iter=   224  rel‖R‖=  4.196e-03  size(V,2)=  4200
iter=   225  rel‖R‖=  4.153e-03  size(V,2)=  4800
iter=   226  rel‖R‖=  4.144e-03  size(V,2)=  1200
iter=   227  rel‖R‖=  4.121e-03  size(V,2)=  1800
iter=   228  rel‖R‖=  4.094e-03  size(V,2)=  2400
iter=   229  rel‖R‖=  4.062e-03  size(V,2)=  3000
iter=   230  rel‖R‖=  4.028e-03  size(V,2)=  3600
iter=   231  rel‖R‖=  3.990e-03  size(V,2)=  4200
iter=   232  rel‖R‖=  3.950e-03  size(V,2)=  4800
iter=   233  rel‖R‖=  3.942e-03  size(V,2)=  1200
iter=   234  rel‖R‖=  3.920e-03  size(V,2)=  1800
iter=   235  rel‖R‖=  3.894e-03  size(V,2)=  2400
iter=   236  rel‖R‖=  3.865e-03  size(V,2)=  3000
iter=   237  rel‖R‖=  3.833e-03  size(V,2)=  3600
iter=   238  rel‖R‖=  3.797e-03  size(V,2)=  4200
iter=   239  rel‖R‖=  3.759e-03  size(V,2)=  4800
iter=   240  rel‖R‖=  3.752e-03  size(V,2)=  1200
iter=   241  rel‖R‖=  3.731e-03  size(V,2)=  1800
iter=   242  rel‖R‖=  3.706e-03  size(V,2)=  2400
iter=   243  rel‖R‖=  3.678e-03  size(V,2)=  3000
iter=   244  rel‖R‖=  3.648e-03  size(V,2)=  3600
iter=   245  rel‖R‖=  3.614e-03  size(V,2)=  4200
iter=   246  rel‖R‖=  3.578e-03  size(V,2)=  4800
iter=   247  rel‖R‖=  3.571e-03  size(V,2)=  1200
iter=   248  rel‖R‖=  3.552e-03  size(V,2)=  1800
iter=   249  rel‖R‖=  3.529e-03  size(V,2)=  2400
iter=   250  rel‖R‖=  3.502e-03  size(V,2)=  3000
iter=   251  rel‖R‖=  3.473e-03  size(V,2)=  3600
iter=   252  rel‖R‖=  3.442e-03  size(V,2)=  4200
iter=   253  rel‖R‖=  3.408e-03  size(V,2)=  4800
iter=   254  rel‖R‖=  3.402e-03  size(V,2)=  1200
iter=   255  rel‖R‖=  3.384e-03  size(V,2)=  1800
iter=   256  rel‖R‖=  3.362e-03  size(V,2)=  2400
iter=   257  rel‖R‖=  3.338e-03  size(V,2)=  3000
iter=   258  rel‖R‖=  3.311e-03  size(V,2)=  3600
iter=   259  rel‖R‖=  3.282e-03  size(V,2)=  4200
iter=   260  rel‖R‖=  3.250e-03  size(V,2)=  4800
iter=   261  rel‖R‖=  3.244e-03  size(V,2)=  1200
iter=   262  rel‖R‖=  3.228e-03  size(V,2)=  1800
iter=   263  rel‖R‖=  3.208e-03  size(V,2)=  2400
iter=   264  rel‖R‖=  3.185e-03  size(V,2)=  3000
iter=   265  rel‖R‖=  3.160e-03  size(V,2)=  3600
iter=   266  rel‖R‖=  3.131e-03  size(V,2)=  4200
iter=   267  rel‖R‖=  3.101e-03  size(V,2)=  4800
iter=   268  rel‖R‖=  3.095e-03  size(V,2)=  1200
iter=   269  rel‖R‖=  3.080e-03  size(V,2)=  1800
iter=   270  rel‖R‖=  3.061e-03  size(V,2)=  2400
iter=   271  rel‖R‖=  3.039e-03  size(V,2)=  3000
iter=   272  rel‖R‖=  3.015e-03  size(V,2)=  3600
iter=   273  rel‖R‖=  2.989e-03  size(V,2)=  4200
iter=   274  rel‖R‖=  2.961e-03  size(V,2)=  4800
iter=   275  rel‖R‖=  2.956e-03  size(V,2)=  1200
iter=   276  rel‖R‖=  2.941e-03  size(V,2)=  1800
iter=   277  rel‖R‖=  2.924e-03  size(V,2)=  2400
iter=   278  rel‖R‖=  2.903e-03  size(V,2)=  3000
iter=   279  rel‖R‖=  2.881e-03  size(V,2)=  3600
iter=   280  rel‖R‖=  2.856e-03  size(V,2)=  4200
iter=   281  rel‖R‖=  2.830e-03  size(V,2)=  4800
iter=   282  rel‖R‖=  2.825e-03  size(V,2)=  1200
iter=   283  rel‖R‖=  2.811e-03  size(V,2)=  1800
iter=   284  rel‖R‖=  2.794e-03  size(V,2)=  2400
iter=   285  rel‖R‖=  2.775e-03  size(V,2)=  3000
iter=   286  rel‖R‖=  2.754e-03  size(V,2)=  3600
iter=   287  rel‖R‖=  2.730e-03  size(V,2)=  4200
iter=   288  rel‖R‖=  2.705e-03  size(V,2)=  4800
iter=   289  rel‖R‖=  2.700e-03  size(V,2)=  1200
iter=   290  rel‖R‖=  2.687e-03  size(V,2)=  1800
iter=   291  rel‖R‖=  2.671e-03  size(V,2)=  2400
iter=   292  rel‖R‖=  2.653e-03  size(V,2)=  3000
iter=   293  rel‖R‖=  2.633e-03  size(V,2)=  3600
iter=   294  rel‖R‖=  2.610e-03  size(V,2)=  4200
iter=   295  rel‖R‖=  2.586e-03  size(V,2)=  4800
iter=   296  rel‖R‖=  2.583e-03  size(V,2)=  1200
iter=   297  rel‖R‖=  2.571e-03  size(V,2)=  1800
iter=   298  rel‖R‖=  2.555e-03  size(V,2)=  2400
iter=   299  rel‖R‖=  2.538e-03  size(V,2)=  3000
iter=   300  rel‖R‖=  2.519e-03  size(V,2)=  3600
iter=   301  rel‖R‖=  2.498e-03  size(V,2)=  4200
iter=   302  rel‖R‖=  2.475e-03  size(V,2)=  4800
iter=   303  rel‖R‖=  2.471e-03  size(V,2)=  1200
iter=   304  rel‖R‖=  2.459e-03  size(V,2)=  1800
iter=   305  rel‖R‖=  2.445e-03  size(V,2)=  2400
iter=   306  rel‖R‖=  2.429e-03  size(V,2)=  3000
iter=   307  rel‖R‖=  2.411e-03  size(V,2)=  3600
iter=   308  rel‖R‖=  2.391e-03  size(V,2)=  4200
iter=   309  rel‖R‖=  2.370e-03  size(V,2)=  4800
iter=   310  rel‖R‖=  2.366e-03  size(V,2)=  1200
iter=   311  rel‖R‖=  2.355e-03  size(V,2)=  1800
iter=   312  rel‖R‖=  2.342e-03  size(V,2)=  2400
iter=   313  rel‖R‖=  2.326e-03  size(V,2)=  3000
iter=   314  rel‖R‖=  2.309e-03  size(V,2)=  3600
iter=   315  rel‖R‖=  2.290e-03  size(V,2)=  4200
iter=   316  rel‖R‖=  2.270e-03  size(V,2)=  4800
iter=   317  rel‖R‖=  2.266e-03  size(V,2)=  1200
iter=   318  rel‖R‖=  2.256e-03  size(V,2)=  1800
iter=   319  rel‖R‖=  2.243e-03  size(V,2)=  2400
iter=   320  rel‖R‖=  2.229e-03  size(V,2)=  3000
iter=   321  rel‖R‖=  2.212e-03  size(V,2)=  3600
iter=   322  rel‖R‖=  2.195e-03  size(V,2)=  4200
iter=   323  rel‖R‖=  2.175e-03  size(V,2)=  4800
iter=   324  rel‖R‖=  2.172e-03  size(V,2)=  1200
iter=   325  rel‖R‖=  2.162e-03  size(V,2)=  1800
iter=   326  rel‖R‖=  2.150e-03  size(V,2)=  2400
iter=   327  rel‖R‖=  2.136e-03  size(V,2)=  3000
iter=   328  rel‖R‖=  2.120e-03  size(V,2)=  3600
iter=   329  rel‖R‖=  2.103e-03  size(V,2)=  4200
iter=   330  rel‖R‖=  2.084e-03  size(V,2)=  4800
iter=   331  rel‖R‖=  2.081e-03  size(V,2)=  1200
iter=   332  rel‖R‖=  2.072e-03  size(V,2)=  1800
iter=   333  rel‖R‖=  2.060e-03  size(V,2)=  2400
iter=   334  rel‖R‖=  2.046e-03  size(V,2)=  3000
iter=   335  rel‖R‖=  2.031e-03  size(V,2)=  3600
iter=   336  rel‖R‖=  2.015e-03  size(V,2)=  4200
iter=   337  rel‖R‖=  1.997e-03  size(V,2)=  4800
iter=   338  rel‖R‖=  1.995e-03  size(V,2)=  1200
iter=   339  rel‖R‖=  1.985e-03  size(V,2)=  1800
iter=   340  rel‖R‖=  1.974e-03  size(V,2)=  2400
iter=   341  rel‖R‖=  1.962e-03  size(V,2)=  3000
iter=   342  rel‖R‖=  1.947e-03  size(V,2)=  3600
iter=   343  rel‖R‖=  1.932e-03  size(V,2)=  4200
iter=   344  rel‖R‖=  1.915e-03  size(V,2)=  4800
iter=   345  rel‖R‖=  1.913e-03  size(V,2)=  1200
iter=   346  rel‖R‖=  1.904e-03  size(V,2)=  1800
iter=   347  rel‖R‖=  1.893e-03  size(V,2)=  2400
iter=   348  rel‖R‖=  1.881e-03  size(V,2)=  3000
iter=   349  rel‖R‖=  1.868e-03  size(V,2)=  3600
iter=   350  rel‖R‖=  1.853e-03  size(V,2)=  4200
iter=   351  rel‖R‖=  1.837e-03  size(V,2)=  4800
iter=   352  rel‖R‖=  1.835e-03  size(V,2)=  1200
iter=   353  rel‖R‖=  1.826e-03  size(V,2)=  1800
iter=   354  rel‖R‖=  1.816e-03  size(V,2)=  2400
iter=   355  rel‖R‖=  1.805e-03  size(V,2)=  3000
iter=   356  rel‖R‖=  1.792e-03  size(V,2)=  3600
iter=   357  rel‖R‖=  1.778e-03  size(V,2)=  4200
iter=   358  rel‖R‖=  1.762e-03  size(V,2)=  4800
iter=   359  rel‖R‖=  1.760e-03  size(V,2)=  1200
iter=   360  rel‖R‖=  1.752e-03  size(V,2)=  1800
iter=   361  rel‖R‖=  1.742e-03  size(V,2)=  2400
iter=   362  rel‖R‖=  1.731e-03  size(V,2)=  3000
iter=   363  rel‖R‖=  1.719e-03  size(V,2)=  3600
iter=   364  rel‖R‖=  1.706e-03  size(V,2)=  4200
iter=   365  rel‖R‖=  1.691e-03  size(V,2)=  4800
iter=   366  rel‖R‖=  1.689e-03  size(V,2)=  1200
iter=   367  rel‖R‖=  1.681e-03  size(V,2)=  1800
iter=   368  rel‖R‖=  1.672e-03  size(V,2)=  2400
iter=   369  rel‖R‖=  1.661e-03  size(V,2)=  3000
iter=   370  rel‖R‖=  1.649e-03  size(V,2)=  3600
iter=   371  rel‖R‖=  1.636e-03  size(V,2)=  4200
iter=   372  rel‖R‖=  1.622e-03  size(V,2)=  4800
iter=   373  rel‖R‖=  1.620e-03  size(V,2)=  1200
iter=   374  rel‖R‖=  1.613e-03  size(V,2)=  1800
iter=   375  rel‖R‖=  1.604e-03  size(V,2)=  2400
iter=   376  rel‖R‖=  1.594e-03  size(V,2)=  3000
iter=   377  rel‖R‖=  1.583e-03  size(V,2)=  3600
iter=   378  rel‖R‖=  1.571e-03  size(V,2)=  4200
iter=   379  rel‖R‖=  1.557e-03  size(V,2)=  4800
iter=   380  rel‖R‖=  1.555e-03  size(V,2)=  1200
iter=   381  rel‖R‖=  1.548e-03  size(V,2)=  1800
iter=   382  rel‖R‖=  1.540e-03  size(V,2)=  2400
iter=   383  rel‖R‖=  1.530e-03  size(V,2)=  3000
iter=   384  rel‖R‖=  1.519e-03  size(V,2)=  3600
iter=   385  rel‖R‖=  1.508e-03  size(V,2)=  4200
iter=   386  rel‖R‖=  1.495e-03  size(V,2)=  4800
iter=   387  rel‖R‖=  1.493e-03  size(V,2)=  1200
iter=   388  rel‖R‖=  1.486e-03  size(V,2)=  1800
iter=   389  rel‖R‖=  1.478e-03  size(V,2)=  2400
iter=   390  rel‖R‖=  1.469e-03  size(V,2)=  3000
iter=   391  rel‖R‖=  1.459e-03  size(V,2)=  3600
iter=   392  rel‖R‖=  1.447e-03  size(V,2)=  4200
iter=   393  rel‖R‖=  1.435e-03  size(V,2)=  4800
iter=   394  rel‖R‖=  1.433e-03  size(V,2)=  1200
iter=   395  rel‖R‖=  1.427e-03  size(V,2)=  1800
iter=   396  rel‖R‖=  1.419e-03  size(V,2)=  2400
iter=   397  rel‖R‖=  1.410e-03  size(V,2)=  3000
iter=   398  rel‖R‖=  1.400e-03  size(V,2)=  3600
iter=   399  rel‖R‖=  1.390e-03  size(V,2)=  4200
iter=   400  rel‖R‖=  1.378e-03  size(V,2)=  4800
iter=   401  rel‖R‖=  1.376e-03  size(V,2)=  1200
iter=   402  rel‖R‖=  1.370e-03  size(V,2)=  1800
iter=   403  rel‖R‖=  1.363e-03  size(V,2)=  2400
iter=   404  rel‖R‖=  1.354e-03  size(V,2)=  3000
iter=   405  rel‖R‖=  1.345e-03  size(V,2)=  3600
iter=   406  rel‖R‖=  1.335e-03  size(V,2)=  4200
iter=   407  rel‖R‖=  1.323e-03  size(V,2)=  4800
iter=   408  rel‖R‖=  1.322e-03  size(V,2)=  1200
iter=   409  rel‖R‖=  1.316e-03  size(V,2)=  1800
iter=   410  rel‖R‖=  1.309e-03  size(V,2)=  2400
iter=   411  rel‖R‖=  1.301e-03  size(V,2)=  3000
iter=   412  rel‖R‖=  1.292e-03  size(V,2)=  3600
iter=   413  rel‖R‖=  1.282e-03  size(V,2)=  4200
