Processing molecule: formaldehyde
Running with alpha = 8
Running with l = 10
read ../formaldehyde/gamma_VASP_RNDbasis1.dat
Davidson with MINRES solver
iter=     1  Rnorm=  2.575e+02  size(V,2)=    60
iter=     2  Rnorm=  4.975e+02  size(V,2)=   120
iter=     3  Rnorm=  5.564e+01  size(V,2)=   180
iter=     4  Rnorm=  8.950e-01  size(V,2)=   240
iter=     5  Rnorm=  1.332e-03  size(V,2)=   300
iter=     6  Rnorm=  1.424e-06  size(V,2)=   360
converged!
1787.226035 seconds (682.56 k allocations: 15.944 GiB, 0.01% gc time, 0.02% compilation time)
Total estimated FLOPs: 63312098850630

Reading exact Eigenvalues...
Reading eigenvalues from ../Eigenvalues_folder/eigenres_formaldehyde_RNDbasis1.jld2

Difference between Davidson and exact eigenvalues:
1×60 adjoint(::Vector{Float64}) with eltype Float64:
 0.0  7.10543e-15  -3.55271e-15  7.10543e-15  1.77636e-15  0.0  5.32907e-15  -1.59872e-14  3.55271e-15  5.32907e-15  -1.77636e-15  6.21725e-15  5.32907e-15  -6.21725e-15  -7.10543e-15  3.55271e-15  1.06581e-14  7.99361e-15  -3.55271e-15  -1.77636e-15  6.21725e-15  -1.77636e-15  -1.77636e-15  5.32907e-15  6.21725e-15  7.10543e-15  8.88178e-16  2.66454e-15  1.19904e-14  3.55271e-15  -1.33227e-15  -1.33227e-15  1.11022e-14  9.32587e-15  1.19904e-14  1.28786e-14  -4.44089e-15  -1.02141e-14  1.46549e-14  -9.32587e-15  9.76996e-15  6.21725e-15  5.32907e-15  -1.55431e-14  -2.22045e-15  -1.06581e-14  -7.99361e-15  5.77316e-15  -1.59872e-14  1.19904e-14  -8.43769e-15  -5.77316e-15  -1.5099e-14  -2.35367e-14  -2.30926e-14  -6.66134e-15  -2.4869e-14  3.55271e-15  -2.30926e-14  1.77636e-14
60 Eigenvalues converges, out of 60 requested.
Running with l = 15
read ../formaldehyde/gamma_VASP_RNDbasis1.dat
Davidson with MINRES solver
iter=     1  Rnorm=  2.709e+02  size(V,2)=    90
iter=     2  Rnorm=  4.181e+02  size(V,2)=   180
iter=     3  Rnorm=  3.519e+02  size(V,2)=   270
iter=     4  Rnorm=  3.644e-01  size(V,2)=   360
iter=     5  Rnorm=  4.357e-04  size(V,2)=   450
iter=     6  Rnorm=  3.001e-07  size(V,2)=   540
converged!
7655.709516 seconds (739.62 k allocations: 26.509 GiB, 0.01% gc time)
Total estimated FLOPs: 98032487542710

Reading exact Eigenvalues...
Reading eigenvalues from ../Eigenvalues_folder/eigenres_formaldehyde_RNDbasis1.jld2

Difference between Davidson and exact eigenvalues:
1×90 adjoint(::Vector{Float64}) with eltype Float64:
 -1.06581e-14  3.55271e-15  7.10543e-15  1.06581e-14  0.0  -1.77636e-15  1.06581e-14  -1.24345e-14  -1.77636e-15  1.77636e-15  -6.21725e-15  6.21725e-15  8.88178e-16  -1.77636e-15  -7.10543e-15  9.76996e-15  9.76996e-15  1.15463e-14  8.88178e-15  8.88178e-16  7.99361e-15  4.44089e-15  -1.15463e-14  -8.88178e-15  -2.66454e-15  -4.44089e-15  0.0  -1.19904e-14  -4.44089e-16  6.66134e-15  6.66134e-15  4.44089e-16  4.44089e-15  -4.44089e-15  1.06581e-14  8.88178e-15  8.88178e-15  9.76996e-15  5.32907e-15  3.10862e-15  0.0  -8.88178e-15  -1.19904e-14  -4.88498e-15  1.24345e-14  -1.59872e-14  9.32587e-15  5.32907e-15  5.32907e-15  1.55431e-14  -1.46549e-14  2.22045e-15  2.13163e-14  1.77636e-14  -2.66454e-15  1.9984e-14  -1.82077e-14  -1.33227e-14  -2.04281e-14  -4.44089e-16  2.42029e-14  -7.77156e-15  7.77156e-15  -1.95399e-14  7.54952e-15  1.11022e-14  6.66134e-15  2.26485e-14  -2.19824e-14  -9.54792e-15  2.5091e-14  4.44089e-15  7.54952e-15  -2.5091e-14  -6.21725e-15  1.15463e-14  -2.88658e-14  2.9754e-14  -2.59792e-14  6.43929e-15  -9.54792e-15  -2.26485e-14  -2.66454e-14  1.53211e-14  6.88338e-15  0.0  5.9952e-15  2.06501e-14  -2.22045e-15  -2.68674e-14
90 Eigenvalues converges, out of 90 requested.
Running with l = 25
read ../formaldehyde/gamma_VASP_RNDbasis1.dat
Davidson with MINRES solver
iter=     1  Rnorm=  2.961e+02  size(V,2)=   150
iter=     2  Rnorm=  4.515e+02  size(V,2)=   300
iter=     3  Rnorm=  9.529e+00  size(V,2)=   450
iter=     4  Rnorm=  5.901e-02  size(V,2)=   600
iter=     5  Rnorm=  5.079e-05  size(V,2)=   750
converged!
7625.291390 seconds (1.23 M allocations: 43.444 GiB, 0.01% gc time)
Total estimated FLOPs: 140025476232930

Reading exact Eigenvalues...
Reading eigenvalues from ../Eigenvalues_folder/eigenres_formaldehyde_RNDbasis1.jld2

Difference between Davidson and exact eigenvalues:
1×150 adjoint(::Vector{Float64}) with eltype Float64:
 -3.55271e-15  -7.10543e-15  0.0  3.55271e-15  0.0  0.0  5.32907e-15  -8.88178e-15  3.55271e-15  5.32907e-15  -1.77636e-15  -3.55271e-15  0.0  8.88178e-16  -4.44089e-15  -8.88178e-16  -8.88178e-16  2.66454e-15  1.77636e-15  -8.88178e-16  2.66454e-15  -5.32907e-15  -2.66454e-15  -8.88178e-15  -3.55271e-15  -2.66454e-15  7.54952e-15  -6.21725e-15  4.88498e-15  4.44089e-15  2.66454e-15  -1.33227e-15  1.02141e-14  -1.06581e-14  -9.76996e-15  1.11022e-14  6.21725e-15  7.10543e-15  7.54952e-15  0.0  4.44089e-16  4.44089e-16  -2.66454e-15  9.32587e-15  -2.66454e-14  8.88178e-15  -1.68754e-14  -7.59393e-14  -8.12683e-14  -6.21725e-15  -1.59428e-13  1.77636e-14  1.42109e-14  -9.37028e-14  -6.04405e-13  7.10543e-15  -9.59233e-14  1.02141e-14  -1.68754e-14  -6.88338e-15  -1.55431e-15  1.57652e-14  8.43769e-15  -9.99201e-15  -1.31006e-14  -5.79536e-14  1.68754e-14  -3.35287e-14  -2.88658e-15  -1.06581e-14  -3.19744e-14  1.90958e-14  -7.54952e-14  -4.84057e-14  -3.55271e-14  -2.9754e-14  -7.26086e-14  -3.58824e-13  -1.42997e-13  -9.74776e-14  -1.91847e-13  -1.42331e-13  -1.17018e-13  -2.02505e-13  -2.06501e-13  -3.89688e-13  -1.71418e-13  -1.77192e-13  -3.13083e-13  -5.18252e-13  -3.50608e-13  -5.39346e-13  -1.84963e-13  -6.63247e-13  -9.55902e-13  -1.09512e-12  -1.15152e-12  -1.7748e-12  -2.19225e-12  -2.9603e-12  -1.48437e-12  -2.30371e-12  -2.00056e-11  -9.70579e-12  -2.66454e-12  -5.66613e-12  -6.57696e-12  -5.39591e-12  -1.9198e-12  -1.89007e-11  -8.74723e-12  -6.31362e-12  -1.5256e-11  -7.40497e-12  -1.08669e-11  -1.31397e-10  -4.90208e-12  -1.67557e-11  -3.09621e-11  -4.283e-11  -7.90477e-11  -6.06294e-11  -6.64488e-11  -7.58864e-11  -8.51479e-11  -9.38271e-11  -8.88145e-12  -9.94416e-12  -1.30752e-11  -5.80669e-12  -3.09597e-12  -2.80929e-11  -1.05107e-11  -9.10116e-12  -9.30889e-12  -3.56816e-11  -1.25602e-11  -2.45285e-11  -2.05344e-11  -5.76568e-11  -3.94442e-11  -3.09897e-11  -3.56238e-11  -5.20669e-11  -3.98018e-11  -2.66154e-11  -7.97589e-11  -3.50674e-11  -1.94015e-11  -3.64512e-11
150 Eigenvalues converges, out of 150 requested.
Running with alpha = 10
Running with l = 10
read ../formaldehyde/gamma_VASP_RNDbasis1.dat
Davidson with MINRES solver
iter=     1  Rnorm=  2.575e+02  size(V,2)=    60
iter=     2  Rnorm=  4.975e+02  size(V,2)=   120
iter=     3  Rnorm=  5.564e+01  size(V,2)=   180
iter=     4  Rnorm=  8.950e-01  size(V,2)=   240
iter=     5  Rnorm=  1.332e-03  size(V,2)=   300
iter=     6  Rnorm=  1.424e-06  size(V,2)=   360
converged!
2143.143169 seconds (441.72 k allocations: 15.932 GiB, 0.02% gc time)
Total estimated FLOPs: 63312098850630

Reading exact Eigenvalues...
Reading eigenvalues from ../Eigenvalues_folder/eigenres_formaldehyde_RNDbasis1.jld2

Difference between Davidson and exact eigenvalues:
1×60 adjoint(::Vector{Float64}) with eltype Float64:
 0.0  7.10543e-15  -3.55271e-15  7.10543e-15  1.77636e-15  0.0  5.32907e-15  -1.59872e-14  3.55271e-15  5.32907e-15  -1.77636e-15  6.21725e-15  5.32907e-15  -6.21725e-15  -7.10543e-15  3.55271e-15  1.06581e-14  7.99361e-15  -3.55271e-15  -1.77636e-15  6.21725e-15  -1.77636e-15  -1.77636e-15  5.32907e-15  6.21725e-15  7.10543e-15  8.88178e-16  2.66454e-15  1.19904e-14  3.55271e-15  -1.33227e-15  -1.33227e-15  1.11022e-14  9.32587e-15  1.19904e-14  1.28786e-14  -4.44089e-15  -1.02141e-14  1.46549e-14  -9.32587e-15  9.76996e-15  6.21725e-15  5.32907e-15  -1.55431e-14  -2.22045e-15  -1.06581e-14  -7.99361e-15  5.77316e-15  -1.59872e-14  1.19904e-14  -8.43769e-15  -5.77316e-15  -1.5099e-14  -2.35367e-14  -2.30926e-14  -6.66134e-15  -2.4869e-14  3.55271e-15  -2.30926e-14  1.77636e-14
60 Eigenvalues converges, out of 60 requested.
Running with l = 15
read ../formaldehyde/gamma_VASP_RNDbasis1.dat
Davidson with MINRES solver
iter=     1  Rnorm=  2.709e+02  size(V,2)=    90
iter=     2  Rnorm=  4.181e+02  size(V,2)=   180
iter=     3  Rnorm=  3.519e+02  size(V,2)=   270
iter=     4  Rnorm=  3.644e-01  size(V,2)=   360
iter=     5  Rnorm=  4.357e-04  size(V,2)=   450
iter=     6  Rnorm=  3.001e-07  size(V,2)=   540
converged!
3606.100881 seconds (739.62 k allocations: 26.509 GiB, 0.01% gc time)
Total estimated FLOPs: 98032487542710

Reading exact Eigenvalues...
Reading eigenvalues from ../Eigenvalues_folder/eigenres_formaldehyde_RNDbasis1.jld2

Difference between Davidson and exact eigenvalues:
1×90 adjoint(::Vector{Float64}) with eltype Float64:
 -1.06581e-14  3.55271e-15  7.10543e-15  1.06581e-14  0.0  -1.77636e-15  1.06581e-14  -1.24345e-14  -1.77636e-15  1.77636e-15  -6.21725e-15  6.21725e-15  8.88178e-16  -1.77636e-15  -7.10543e-15  9.76996e-15  9.76996e-15  1.15463e-14  8.88178e-15  8.88178e-16  7.99361e-15  4.44089e-15  -1.15463e-14  -8.88178e-15  -2.66454e-15  -4.44089e-15  0.0  -1.19904e-14  -4.44089e-16  6.66134e-15  6.66134e-15  4.44089e-16  4.44089e-15  -4.44089e-15  1.06581e-14  8.88178e-15  8.88178e-15  9.76996e-15  5.32907e-15  3.10862e-15  0.0  -8.88178e-15  -1.19904e-14  -4.88498e-15  1.24345e-14  -1.59872e-14  9.32587e-15  5.32907e-15  5.32907e-15  1.55431e-14  -1.46549e-14  2.22045e-15  2.13163e-14  1.77636e-14  -2.66454e-15  1.9984e-14  -1.82077e-14  -1.33227e-14  -2.04281e-14  -4.44089e-16  2.42029e-14  -7.77156e-15  7.77156e-15  -1.95399e-14  7.54952e-15  1.11022e-14  6.66134e-15  2.26485e-14  -2.19824e-14  -9.54792e-15  2.5091e-14  4.44089e-15  7.54952e-15  -2.5091e-14  -6.21725e-15  1.15463e-14  -2.88658e-14  2.9754e-14  -2.59792e-14  6.43929e-15  -9.54792e-15  -2.26485e-14  -2.66454e-14  1.53211e-14  6.88338e-15  0.0  5.9952e-15  2.06501e-14  -2.22045e-15  -2.68674e-14
90 Eigenvalues converges, out of 90 requested.
Running with l = 25
read ../formaldehyde/gamma_VASP_RNDbasis1.dat
Davidson with MINRES solver
iter=     1  Rnorm=  2.961e+02  size(V,2)=   150
iter=     2  Rnorm=  4.515e+02  size(V,2)=   300
iter=     3  Rnorm=  9.529e+00  size(V,2)=   450
iter=     4  Rnorm=  5.901e-02  size(V,2)=   600
iter=     5  Rnorm=  5.079e-05  size(V,2)=   750
converged!
6151.014659 seconds (1.23 M allocations: 43.444 GiB, 0.01% gc time)
Total estimated FLOPs: 140025476232930

Reading exact Eigenvalues...
Reading eigenvalues from ../Eigenvalues_folder/eigenres_formaldehyde_RNDbasis1.jld2

Difference between Davidson and exact eigenvalues:
1×150 adjoint(::Vector{Float64}) with eltype Float64:
 -3.55271e-15  -7.10543e-15  0.0  3.55271e-15  0.0  0.0  5.32907e-15  -8.88178e-15  3.55271e-15  5.32907e-15  -1.77636e-15  -3.55271e-15  0.0  8.88178e-16  -4.44089e-15  -8.88178e-16  -8.88178e-16  2.66454e-15  1.77636e-15  -8.88178e-16  2.66454e-15  -5.32907e-15  -2.66454e-15  -8.88178e-15  -3.55271e-15  -2.66454e-15  7.54952e-15  -6.21725e-15  4.88498e-15  4.44089e-15  2.66454e-15  -1.33227e-15  1.02141e-14  -1.06581e-14  -9.76996e-15  1.11022e-14  6.21725e-15  7.10543e-15  7.54952e-15  0.0  4.44089e-16  4.44089e-16  -2.66454e-15  9.32587e-15  -2.66454e-14  8.88178e-15  -1.68754e-14  -7.59393e-14  -8.12683e-14  -6.21725e-15  -1.59428e-13  1.77636e-14  1.42109e-14  -9.37028e-14  -6.04405e-13  7.10543e-15  -9.59233e-14  1.02141e-14  -1.68754e-14  -6.88338e-15  -1.55431e-15  1.57652e-14  8.43769e-15  -9.99201e-15  -1.31006e-14  -5.79536e-14  1.68754e-14  -3.35287e-14  -2.88658e-15  -1.06581e-14  -3.19744e-14  1.90958e-14  -7.54952e-14  -4.84057e-14  -3.55271e-14  -2.9754e-14  -7.26086e-14  -3.58824e-13  -1.42997e-13  -9.74776e-14  -1.91847e-13  -1.42331e-13  -1.17018e-13  -2.02505e-13  -2.06501e-13  -3.89688e-13  -1.71418e-13  -1.77192e-13  -3.13083e-13  -5.18252e-13  -3.50608e-13  -5.39346e-13  -1.84963e-13  -6.63247e-13  -9.55902e-13  -1.09512e-12  -1.15152e-12  -1.7748e-12  -2.19225e-12  -2.9603e-12  -1.48437e-12  -2.30371e-12  -2.00056e-11  -9.70579e-12  -2.66454e-12  -5.66613e-12  -6.57696e-12  -5.39591e-12  -1.9198e-12  -1.89007e-11  -8.74723e-12  -6.31362e-12  -1.5256e-11  -7.40497e-12  -1.08669e-11  -1.31397e-10  -4.90208e-12  -1.67557e-11  -3.09621e-11  -4.283e-11  -7.90477e-11  -6.06294e-11  -6.64488e-11  -7.58864e-11  -8.51479e-11  -9.38271e-11  -8.88145e-12  -9.94416e-12  -1.30752e-11  -5.80669e-12  -3.09597e-12  -2.80929e-11  -1.05107e-11  -9.10116e-12  -9.30889e-12  -3.56816e-11  -1.25602e-11  -2.45285e-11  -2.05344e-11  -5.76568e-11  -3.94442e-11  -3.09897e-11  -3.56238e-11  -5.20669e-11  -3.98018e-11  -2.66154e-11  -7.97589e-11  -3.50674e-11  -1.94015e-11  -3.64512e-11
150 Eigenvalues converges, out of 150 requested.
Finished processing molecule: formaldehyde
