Processing molecule: formaldehyde
Running with alpha = 8
Running with l = 10
read ../formaldehyde/gamma_VASP_RNDbasis1.dat
Davidson with CG solver
iter=     1  Rnorm=  2.575e+02  size(V,2)=    60
iter=     2  Rnorm=  3.041e+02  size(V,2)=   120
iter=     3  Rnorm=  2.980e+02  size(V,2)=   180
iter=     4  Rnorm=  2.435e+02  size(V,2)=   240
iter=     5  Rnorm=  1.549e+00  size(V,2)=   300
iter=     6  Rnorm=  2.703e-03  size(V,2)=   360
iter=     7  Rnorm=  3.813e-06  size(V,2)=   420
converged!
3317.565281 seconds (1.06 M allocations: 30.059 GiB, 0.02% gc time, 0.03% compilation time)
Total estimated FLOPs: 87990253127280

Reading exact Eigenvalues...
Reading eigenvalues from ../Eigenvalues_folder/eigenres_formaldehyde_RNDbasis1.jld2

Difference between Davidson and exact eigenvalues:
1×60 adjoint(::Vector{Float64}) with eltype Float64:
 -7.10543e-15  0.0  1.42109e-14  8.88178e-15  0.0  -7.10543e-15  5.32907e-15  -1.42109e-14  -1.77636e-15  -1.77636e-15  -1.06581e-14  0.0  -2.66454e-15  3.55271e-15  8.88178e-16  0.0  8.88178e-16  0.0  -2.66454e-15  -2.66454e-15  9.76996e-15  8.88178e-16  8.88178e-15  -1.06581e-14  -1.15463e-14  -8.88178e-16  -1.33227e-15  0.0  -6.66134e-15  -7.10543e-15  -4.44089e-15  -9.76996e-15  -4.44089e-15  -1.11022e-14  2.22045e-15  -3.55271e-15  1.11022e-14  1.77636e-15  1.33227e-14  -5.77316e-15  -1.42109e-14  1.24345e-14  -6.66134e-15  -1.24345e-14  -9.76996e-15  -7.99361e-15  -1.68754e-14  4.44089e-15  -1.64313e-14  -3.9968e-15  -3.24185e-14  -8.88178e-16  -1.02141e-14  -7.28306e-14  -1.46549e-14  -8.88178e-14  -3.13527e-13  5.32907e-15  -1.37668e-14  1.06581e-14
60 Eigenvalues converges, out of 60 requested.
Running with l = 15
read ../formaldehyde/gamma_VASP_RNDbasis1.dat
Davidson with CG solver
iter=     1  Rnorm=  2.709e+02  size(V,2)=    90
iter=     2  Rnorm=  2.277e+02  size(V,2)=   180
iter=     3  Rnorm=  4.148e+02  size(V,2)=   270
iter=     4  Rnorm=  1.717e+02  size(V,2)=   360
iter=     5  Rnorm=  3.650e-01  size(V,2)=   450
iter=     6  Rnorm=  4.254e-04  size(V,2)=   540
iter=     7  Rnorm=  3.102e-07  size(V,2)=   630
converged!
7266.702940 seconds (1.26 M allocations: 44.556 GiB, 0.01% gc time)
Total estimated FLOPs: 131826844848090

Reading exact Eigenvalues...
Reading eigenvalues from ../Eigenvalues_folder/eigenres_formaldehyde_RNDbasis1.jld2

Difference between Davidson and exact eigenvalues:
1×90 adjoint(::Vector{Float64}) with eltype Float64:
 -1.06581e-14  -1.06581e-14  -3.55271e-15  8.88178e-15  3.55271e-15  -7.10543e-15  8.88178e-15  -7.10543e-15  7.10543e-15  5.32907e-15  -5.32907e-15  -8.88178e-16  7.10543e-15  3.55271e-15  -7.99361e-15  -7.10543e-15  -3.55271e-15  4.44089e-15  -8.88178e-16  -8.88178e-16  3.55271e-15  4.44089e-15  7.10543e-15  -5.32907e-15  2.66454e-15  -2.66454e-15  -7.99361e-15  8.88178e-16  -3.10862e-15  6.21725e-15  6.66134e-15  -4.44089e-16  -2.66454e-15  -3.10862e-15  7.10543e-15  -1.15463e-14  1.33227e-14  1.68754e-14  -2.66454e-15  -3.55271e-15  -2.66454e-15  -1.42109e-14  1.11022e-14  1.11022e-14  -6.21725e-15  1.42109e-14  -1.9984e-14  1.77636e-14  7.99361e-15  -7.99361e-15  2.17604e-14  1.15463e-14  -1.9984e-14  3.9968e-15  2.22045e-15  7.54952e-15  -2.13163e-14  1.11022e-14  1.42109e-14  1.35447e-14  -1.79856e-14  6.88338e-15  -5.77316e-15  2.06501e-14  -4.66294e-15  1.77636e-14  1.24345e-14  -2.33147e-14  -1.15463e-14  4.44089e-16  -8.21565e-15  6.21725e-15  1.95399e-14  -2.33147e-14  -3.30846e-14  1.86517e-14  4.44089e-15  1.88738e-14  2.44249e-14  -1.90958e-14  2.39808e-14  -7.10543e-15  -1.84297e-14  -1.37668e-14  -1.28786e-14  5.77316e-15  -7.10543e-15  -3.95239e-14  -3.39728e-14  -2.55351e-14
90 Eigenvalues converges, out of 90 requested.
Running with l = 25
read ../formaldehyde/gamma_VASP_RNDbasis1.dat
Davidson with CG solver
iter=     1  Rnorm=  2.961e+02  size(V,2)=   150
iter=     2  Rnorm=  4.556e+02  size(V,2)=   300
iter=     3  Rnorm=  2.713e+02  size(V,2)=   450
iter=     4  Rnorm=  6.835e+01  size(V,2)=   600
iter=     5  Rnorm=  3.155e-02  size(V,2)=   750
iter=     6  Rnorm=  3.454e-05  size(V,2)=   900
converged!
16964.600994 seconds (1.97 M allocations: 68.746 GiB, 0.01% gc time)
Total estimated FLOPs: 191366081488050

Reading exact Eigenvalues...
Reading eigenvalues from ../Eigenvalues_folder/eigenres_formaldehyde_RNDbasis1.jld2

Difference between Davidson and exact eigenvalues:
1×150 adjoint(::Vector{Float64}) with eltype Float64:
 -1.06581e-14  7.10543e-15  7.10543e-15  1.42109e-14  -3.55271e-15  -3.55271e-15  1.06581e-14  -1.24345e-14  0.0  1.77636e-15  -6.21725e-15  7.10543e-15  8.88178e-16  -7.99361e-15  -8.88178e-15  -9.76996e-15  0.0  -3.55271e-15  -1.06581e-14  -1.24345e-14  2.66454e-15  -9.76996e-15  -1.77636e-15  -4.44089e-15  -1.15463e-14  -8.88178e-16  -8.88178e-15  -8.88178e-16  1.11022e-14  7.99361e-15  -1.33227e-15  7.54952e-15  0.0  -1.06581e-14  -7.54952e-15  -7.54952e-15  -8.88178e-16  -2.22045e-15  5.32907e-15  -3.9968e-15  3.10862e-15  4.44089e-16  3.10862e-15  2.22045e-15  -7.99361e-15  -1.06581e-14  -1.67866e-13  -2.66454e-15  1.77636e-15  -2.22045e-14  -1.11022e-14  -1.19904e-14  1.15463e-14  -2.22045e-15  -6.66134e-15  -7.99361e-15  -4.44089e-16  -1.15463e-14  -1.59872e-14  -6.79456e-14  -1.06581e-14  -1.35447e-14  -2.08722e-14  3.77476e-15  -1.66533e-14  -6.59472e-14  4.66294e-15  -9.32587e-15  4.88498e-15  -7.54952e-15  -4.44089e-16  -1.26565e-14  9.54792e-15  1.02141e-14  -5.77316e-15  0.0  6.66134e-15  2.55351e-14  1.28786e-14  -2.30926e-14  6.66134e-15  -7.10543e-15  3.9968e-15  -7.77156e-15  -8.43769e-15  -3.05533e-13  -1.18794e-13  -2.02061e-14  -4.15223e-14  -8.65974e-15  1.42109e-14  3.37508e-14  -1.59872e-14  -2.44249e-15  8.43769e-15  6.66134e-15  -2.24265e-14  2.17604e-14  -1.95399e-14  2.88658e-15  1.28786e-14  2.37588e-14  -3.21965e-14  -2.22045e-14  3.30846e-14  4.19664e-14  2.73115e-14  2.06501e-14  -3.10862e-15  -3.06422e-14  -3.10862e-14  -4.08562e-14  -2.88658e-15  -5.32907e-15  -3.86358e-14  -3.35287e-14  2.62013e-14  -1.17684e-14  -4.21885e-14  -2.28706e-14  -1.11022e-15  -7.17204e-14  -1.77636e-14  1.9762e-14  -1.14242e-13  -7.13873e-14  -1.85407e-14  -2.23155e-14  -8.54872e-14  -1.38778e-14  -5.07372e-14  -1.81632e-13  -7.49401e-14  -1.31117e-13  -3.31735e-13  -1.84741e-13  -3.81917e-14  -3.53584e-12  -4.42757e-13  -7.76046e-14  -3.45635e-12  -7.08766e-13  -1.5874e-12  -8.94851e-12  -1.02488e-11  -1.81632e-12  -5.78638e-10  -1.85386e-10  -3.09e-10  -4.09972e-12
150 Eigenvalues converges, out of 150 requested.
Running with alpha = 10
Running with l = 10
read ../formaldehyde/gamma_VASP_RNDbasis1.dat
Davidson with CG solver
iter=     1  Rnorm=  2.575e+02  size(V,2)=    60
iter=     2  Rnorm=  3.041e+02  size(V,2)=   120
iter=     3  Rnorm=  2.980e+02  size(V,2)=   180
iter=     4  Rnorm=  2.435e+02  size(V,2)=   240
iter=     5  Rnorm=  1.549e+00  size(V,2)=   300
iter=     6  Rnorm=  2.703e-03  size(V,2)=   360
iter=     7  Rnorm=  3.813e-06  size(V,2)=   420
converged!
5664.327902 seconds (853.47 k allocations: 30.049 GiB, 0.02% gc time)
Total estimated FLOPs: 87990253127280

Reading exact Eigenvalues...
Reading eigenvalues from ../Eigenvalues_folder/eigenres_formaldehyde_RNDbasis1.jld2

Difference between Davidson and exact eigenvalues:
1×60 adjoint(::Vector{Float64}) with eltype Float64:
 -7.10543e-15  0.0  1.42109e-14  8.88178e-15  0.0  -7.10543e-15  5.32907e-15  -1.42109e-14  -1.77636e-15  -1.77636e-15  -1.06581e-14  0.0  -2.66454e-15  3.55271e-15  8.88178e-16  0.0  8.88178e-16  0.0  -2.66454e-15  -2.66454e-15  9.76996e-15  8.88178e-16  8.88178e-15  -1.06581e-14  -1.15463e-14  -8.88178e-16  -1.33227e-15  0.0  -6.66134e-15  -7.10543e-15  -4.44089e-15  -9.76996e-15  -4.44089e-15  -1.11022e-14  2.22045e-15  -3.55271e-15  1.11022e-14  1.77636e-15  1.33227e-14  -5.77316e-15  -1.42109e-14  1.24345e-14  -6.66134e-15  -1.24345e-14  -9.76996e-15  -7.99361e-15  -1.68754e-14  4.44089e-15  -1.64313e-14  -3.9968e-15  -3.24185e-14  -8.88178e-16  -1.02141e-14  -7.28306e-14  -1.46549e-14  -8.88178e-14  -3.13527e-13  5.32907e-15  -1.37668e-14  1.06581e-14
60 Eigenvalues converges, out of 60 requested.
Running with l = 15
read ../formaldehyde/gamma_VASP_RNDbasis1.dat
Davidson with CG solver
iter=     1  Rnorm=  2.709e+02  size(V,2)=    90
iter=     2  Rnorm=  2.277e+02  size(V,2)=   180
iter=     3  Rnorm=  4.148e+02  size(V,2)=   270
iter=     4  Rnorm=  1.717e+02  size(V,2)=   360
iter=     5  Rnorm=  3.650e-01  size(V,2)=   450
iter=     6  Rnorm=  4.254e-04  size(V,2)=   540
iter=     7  Rnorm=  3.102e-07  size(V,2)=   630
converged!
8116.168256 seconds (1.26 M allocations: 44.556 GiB, 0.01% gc time)
Total estimated FLOPs: 131826844848090

Reading exact Eigenvalues...
Reading eigenvalues from ../Eigenvalues_folder/eigenres_formaldehyde_RNDbasis1.jld2

Difference between Davidson and exact eigenvalues:
1×90 adjoint(::Vector{Float64}) with eltype Float64:
 -1.06581e-14  -1.06581e-14  -3.55271e-15  8.88178e-15  3.55271e-15  -7.10543e-15  8.88178e-15  -7.10543e-15  7.10543e-15  5.32907e-15  -5.32907e-15  -8.88178e-16  7.10543e-15  3.55271e-15  -7.99361e-15  -7.10543e-15  -3.55271e-15  4.44089e-15  -8.88178e-16  -8.88178e-16  3.55271e-15  4.44089e-15  7.10543e-15  -5.32907e-15  2.66454e-15  -2.66454e-15  -7.99361e-15  8.88178e-16  -3.10862e-15  6.21725e-15  6.66134e-15  -4.44089e-16  -2.66454e-15  -3.10862e-15  7.10543e-15  -1.15463e-14  1.33227e-14  1.68754e-14  -2.66454e-15  -3.55271e-15  -2.66454e-15  -1.42109e-14  1.11022e-14  1.11022e-14  -6.21725e-15  1.42109e-14  -1.9984e-14  1.77636e-14  7.99361e-15  -7.99361e-15  2.17604e-14  1.15463e-14  -1.9984e-14  3.9968e-15  2.22045e-15  7.54952e-15  -2.13163e-14  1.11022e-14  1.42109e-14  1.35447e-14  -1.79856e-14  6.88338e-15  -5.77316e-15  2.06501e-14  -4.66294e-15  1.77636e-14  1.24345e-14  -2.33147e-14  -1.15463e-14  4.44089e-16  -8.21565e-15  6.21725e-15  1.95399e-14  -2.33147e-14  -3.30846e-14  1.86517e-14  4.44089e-15  1.88738e-14  2.44249e-14  -1.90958e-14  2.39808e-14  -7.10543e-15  -1.84297e-14  -1.37668e-14  -1.28786e-14  5.77316e-15  -7.10543e-15  -3.95239e-14  -3.39728e-14  -2.55351e-14
90 Eigenvalues converges, out of 90 requested.
Running with l = 25
read ../formaldehyde/gamma_VASP_RNDbasis1.dat
Davidson with CG solver
iter=     1  Rnorm=  2.961e+02  size(V,2)=   150
iter=     2  Rnorm=  4.556e+02  size(V,2)=   300
iter=     3  Rnorm=  2.713e+02  size(V,2)=   450
iter=     4  Rnorm=  6.835e+01  size(V,2)=   600
iter=     5  Rnorm=  3.155e-02  size(V,2)=   750
iter=     6  Rnorm=  3.454e-05  size(V,2)=   900
converged!
14286.263125 seconds (1.97 M allocations: 68.746 GiB, 0.01% gc time)
Total estimated FLOPs: 191366081488050

Reading exact Eigenvalues...
Reading eigenvalues from ../Eigenvalues_folder/eigenres_formaldehyde_RNDbasis1.jld2

Difference between Davidson and exact eigenvalues:
1×150 adjoint(::Vector{Float64}) with eltype Float64:
 -1.06581e-14  7.10543e-15  7.10543e-15  1.42109e-14  -3.55271e-15  -3.55271e-15  1.06581e-14  -1.24345e-14  0.0  1.77636e-15  -6.21725e-15  7.10543e-15  8.88178e-16  -7.99361e-15  -8.88178e-15  -9.76996e-15  0.0  -3.55271e-15  -1.06581e-14  -1.24345e-14  2.66454e-15  -9.76996e-15  -1.77636e-15  -4.44089e-15  -1.15463e-14  -8.88178e-16  -8.88178e-15  -8.88178e-16  1.11022e-14  7.99361e-15  -1.33227e-15  7.54952e-15  0.0  -1.06581e-14  -7.54952e-15  -7.54952e-15  -8.88178e-16  -2.22045e-15  5.32907e-15  -3.9968e-15  3.10862e-15  4.44089e-16  3.10862e-15  2.22045e-15  -7.99361e-15  -1.06581e-14  -1.67866e-13  -2.66454e-15  1.77636e-15  -2.22045e-14  -1.11022e-14  -1.19904e-14  1.15463e-14  -2.22045e-15  -6.66134e-15  -7.99361e-15  -4.44089e-16  -1.15463e-14  -1.59872e-14  -6.79456e-14  -1.06581e-14  -1.35447e-14  -2.08722e-14  3.77476e-15  -1.66533e-14  -6.59472e-14  4.66294e-15  -9.32587e-15  4.88498e-15  -7.54952e-15  -4.44089e-16  -1.26565e-14  9.54792e-15  1.02141e-14  -5.77316e-15  0.0  6.66134e-15  2.55351e-14  1.28786e-14  -2.30926e-14  6.66134e-15  -7.10543e-15  3.9968e-15  -7.77156e-15  -8.43769e-15  -3.05533e-13  -1.18794e-13  -2.02061e-14  -4.15223e-14  -8.65974e-15  1.42109e-14  3.37508e-14  -1.59872e-14  -2.44249e-15  8.43769e-15  6.66134e-15  -2.24265e-14  2.17604e-14  -1.95399e-14  2.88658e-15  1.28786e-14  2.37588e-14  -3.21965e-14  -2.22045e-14  3.30846e-14  4.19664e-14  2.73115e-14  2.06501e-14  -3.10862e-15  -3.06422e-14  -3.10862e-14  -4.08562e-14  -2.88658e-15  -5.32907e-15  -3.86358e-14  -3.35287e-14  2.62013e-14  -1.17684e-14  -4.21885e-14  -2.28706e-14  -1.11022e-15  -7.17204e-14  -1.77636e-14  1.9762e-14  -1.14242e-13  -7.13873e-14  -1.85407e-14  -2.23155e-14  -8.54872e-14  -1.38778e-14  -5.07372e-14  -1.81632e-13  -7.49401e-14  -1.31117e-13  -3.31735e-13  -1.84741e-13  -3.81917e-14  -3.53584e-12  -4.42757e-13  -7.76046e-14  -3.45635e-12  -7.08766e-13  -1.5874e-12  -8.94851e-12  -1.02488e-11  -1.81632e-12  -5.78638e-10  -1.85386e-10  -3.09e-10  -4.09972e-12
150 Eigenvalues converges, out of 150 requested.
Finished processing molecule: formaldehyde
