Processing molecule: H2
Running with alpha = 8
Running with l = 50
read ../H2/gamma_VASP_RNDbasis1.dat
Davidson with MINRES solver
iter=     1  Rnorm=  9.424e+00  size(V,2)=    50
iter=     2  Rnorm=  2.336e+01  size(V,2)=   100
iter=     3  Rnorm=  8.428e+00  size(V,2)=   150
iter=     4  Rnorm=  2.655e-02  size(V,2)=   200
iter=     5  Rnorm=  2.682e-05  size(V,2)=   250
converged!
369.259726 seconds (581.61 k allocations: 5.273 GiB, 0.14% gc time, 0.26% compilation time)
Total estimated FLOPs: 8278518451500

Reading exact Eigenvalues...
Reading eigenvalues from ../Eigenvalues_folder/eigenres_H2_RNDbasis1.jld2

Difference between Davidson and exact eigenvalues:
1×50 adjoint(::Vector{Float64}) with eltype Float64:
 -2.66454e-15  -4.44089e-15  -7.06102e-14  -9.19265e-14  -2.66454e-15  -1.17351e-12  -1.01252e-13  -4.50751e-13  -1.65645e-12  -4.91163e-13  -1.57785e-12  -1.45395e-12  -5.91305e-13  -3.9968e-15  -7.54952e-15  -2.15383e-14  -7.90479e-14  -1.67866e-13  -7.56062e-14  -1.11855e-12  -1.87184e-13  -1.04594e-12  -8.32001e-13  -2.63012e-12  -6.15052e-12  -1.40669e-11  -3.9736e-12  -1.5566e-11  -5.37792e-12  -7.40785e-12  -1.97359e-11  -1.89297e-11  -1.9818e-11  -1.97015e-11  -8.71578e-11  -8.80698e-11  -3.8039e-10  -1.86686e-10  -1.87148e-10  -1.06965e-10  -3.22358e-11  -1.39467e-10  -2.15886e-11  -1.64723e-10  -3.57119e-10  -3.3798e-10  -1.07262e-10  -1.60948e-10  -2.11117e-10  -6.31299e-10
50 Eigenvalues converges, out of 50 requested.
Running with l = 100
read ../H2/gamma_VASP_RNDbasis1.dat
Davidson with MINRES solver
iter=     1  Rnorm=  9.993e+00  size(V,2)=   100
iter=     2  Rnorm=  2.429e+01  size(V,2)=   200
iter=     3  Rnorm=  1.746e+01  size(V,2)=   300
iter=     4  Rnorm=  2.519e-03  size(V,2)=   400
iter=     5  Rnorm=  2.520e-06  size(V,2)=   500
converged!
1088.925034 seconds (828.18 k allocations: 12.692 GiB, 0.06% gc time)
Total estimated FLOPs: 17761714631160

Reading exact Eigenvalues...
Reading eigenvalues from ../Eigenvalues_folder/eigenres_H2_RNDbasis1.jld2

Difference between Davidson and exact eigenvalues:
1×100 adjoint(::Vector{Float64}) with eltype Float64:
 -1.77636e-15  -1.77636e-15  8.88178e-16  1.33227e-15  -2.22045e-15  -2.22045e-16  2.22045e-16  1.9984e-15  2.22045e-15  8.88178e-16  2.44249e-15  -4.44089e-16  4.44089e-16  -4.44089e-16  -1.33227e-15  -1.33227e-15  -4.44089e-16  -2.22045e-16  -2.22045e-16  -2.9976e-15  -3.9968e-15  1.11022e-16  -1.03251e-14  -2.38698e-14  -2.95319e-14  -1.09912e-14  -1.15463e-14  -5.66214e-15  -7.54952e-15  -1.77636e-14  -1.65423e-14  -2.44249e-14  -3.34177e-14  -2.9865e-13  -9.4591e-14  -2.52021e-14  -3.79696e-14  -1.73583e-13  -3.78142e-13  -1.60261e-13  -2.09166e-13  -3.77143e-13  -1.82743e-13  -1.9984e-15  1.88738e-15  -9.4369e-16  4.71845e-15  3.33067e-16  4.32987e-15  -7.99361e-15  -8.32667e-15  -2.38698e-15  -4.27436e-15  -1.27676e-14  -2.44249e-15  -2.32037e-14  -1.07692e-14  -6.66134e-16  -1.83187e-14  -6.37823e-14  -5.71765e-14  -4.47975e-14  -7.39964e-14  -5.9619e-14  -1.33837e-13  -3.85081e-13  -1.66034e-13  -3.84914e-13  -5.63549e-13  -1.43052e-13  -1.42247e-12  -1.78579e-13  -9.87821e-13  -2.73936e-12  -1.85923e-12  -2.7045e-12  -1.05077e-12  -5.65437e-12  -1.83989e-12  -3.48152e-12  -6.36832e-12  -2.88838e-12  -7.86729e-12  -8.54933e-12  -9.10469e-12  -3.37234e-11  -2.70575e-12  -5.04159e-11  -2.65798e-12  -2.47016e-12  -4.96825e-12  -7.94448e-12  -1.41514e-11  -4.44181e-12  -4.46517e-11  -6.34926e-11  -2.84108e-11  -2.40963e-11  -1.9168e-11  -1.81551e-11
100 Eigenvalues converges, out of 100 requested.
Running with l = 200
read ../H2/gamma_VASP_RNDbasis1.dat
Davidson with MINRES solver
iter=     1  Rnorm=  1.122e+01  size(V,2)=   200
iter=     2  Rnorm=  2.260e+01  size(V,2)=   400
iter=     3  Rnorm=  3.550e-01  size(V,2)=   600
iter=     4  Rnorm=  9.485e-05  size(V,2)=   800
iter=     5  Rnorm=  3.252e-08  size(V,2)=  1000
converged!
4389.471272 seconds (1.66 M allocations: 25.563 GiB, 0.03% gc time)
Total estimated FLOPs: 36397959365280

Reading exact Eigenvalues...
Reading eigenvalues from ../Eigenvalues_folder/eigenres_H2_RNDbasis1.jld2

Difference between Davidson and exact eigenvalues:
1×200 adjoint(::Vector{Float64}) with eltype Float64:
 -1.77636e-15  -2.66454e-15  4.44089e-16  -4.44089e-16  -1.77636e-15  6.66134e-16  8.88178e-16  -2.22045e-16  4.44089e-16  2.22045e-15  2.44249e-15  8.88178e-16  0.0  -2.22045e-16  6.66134e-16  -6.66134e-16  0.0  -6.66134e-16  -4.44089e-16  -8.88178e-16  -9.99201e-16  -1.33227e-15  -3.33067e-16  1.11022e-15  3.21965e-15  1.22125e-15  -3.55271e-15  -5.55112e-16  -5.55112e-16  8.88178e-16  -3.44169e-15  2.33147e-15  1.9984e-15  1.22125e-15  -1.11022e-16  -2.77556e-15  9.99201e-16  3.55271e-15  -4.44089e-15  3.71925e-15  1.66533e-15  -9.4369e-16  -2.77556e-15  2.10942e-15  6.66134e-16  -2.22045e-15  2.22045e-15  -9.99201e-16  -4.996e-16  -3.44169e-15  3.33067e-15  -2.94209e-15  -2.22045e-16  1.77636e-15  -6.10623e-15  -2.66454e-15  -1.66533e-15  -7.60503e-15  1.72085e-15  -6.66134e-16  -6.10623e-15  -8.10463e-15  -3.38618e-15  -8.21565e-15  2.10942e-15  -3.10862e-15  5.05151e-15  4.66294e-15  -3.21965e-15  2.498e-15  -7.77156e-16  -9.4369e-16  5.16254e-15  2.63678e-15  5.68989e-15  -3.83027e-15  1.1019e-14  -2.77556e-15  1.1352e-14  4.80171e-15  -3.4972e-15  -1.14631e-14  9.15934e-16  8.65974e-15  3.60822e-15  4.69069e-15  4.94049e-15  -8.32667e-16  -2.47025e-15  7.77156e-16  8.46545e-15  -4.16334e-16  2.77556e-15  2.41474e-15  1.27953e-14  -7.57727e-15  -4.32987e-15  5.85643e-15  -1.16573e-14  6.10623e-15  -9.13158e-15  -1.57652e-14  8.77076e-15  -3.63598e-15  -1.2601e-14  -1.69587e-14  1.29341e-14  1.74583e-14  4.71845e-16  -4.996e-15  -1.80134e-14  1.31006e-14  -1.45994e-14  1.43496e-14  3.46945e-15  5.80092e-15  8.85403e-15  1.03806e-14  -1.29896e-14  1.72362e-14  -1.95677e-14  -1.80411e-14  1.53488e-14  5.55112e-17  2.00673e-14  3.27516e-15  1.13798e-14  -1.4988e-14  3.15026e-15  -3.16414e-15  -1.17822e-14  -1.08108e-14  3.09475e-15  1.69309e-15  2.16493e-14  -2.17187e-14  -2.38976e-14  2.43555e-14  9.97813e-15  -2.26347e-14  1.46411e-14  5.10703e-15  -2.4758e-14  -6.42542e-15  -2.20657e-15  1.8735e-14  2.3731e-14  6.81399e-15  -2.30371e-14  -2.40918e-14  -6.16174e-15  6.66134e-16  2.8838e-14  1.42802e-14  -2.39114e-14  -6.21725e-15  4.95437e-15  1.84019e-14  4.02456e-15  1.61121e-14  2.44665e-14  -1.31006e-14  -2.13163e-14  2.33147e-14  -2.8394e-14  7.39686e-15  -5.64826e-15  -4.16334e-15  3.20854e-14  3.18773e-14  1.88738e-14  2.83107e-14  -3.60822e-15  -3.8719e-15  7.16094e-15  -5.45397e-15  -1.37806e-14  4.27436e-15  -1.76525e-14  1.59456e-14  -3.94407e-14  -1.60288e-14  -4.21746e-14  -7.64666e-15  1.95399e-14  9.25648e-15  -3.45141e-14  -5.13339e-14  -1.92069e-14  9.47853e-15  -3.82278e-13  -4.17583e-14  -3.86774e-14  -1.00947e-13  -2.92974e-13  -6.14786e-14  -1.83784e-13  -1.26024e-13  -2.17049e-13  -1.86295e-13
200 Eigenvalues converges, out of 200 requested.
Running with alpha = 10
Running with l = 50
read ../H2/gamma_VASP_RNDbasis1.dat
Davidson with MINRES solver
iter=     1  Rnorm=  9.424e+00  size(V,2)=    50
iter=     2  Rnorm=  2.336e+01  size(V,2)=   100
iter=     3  Rnorm=  8.428e+00  size(V,2)=   150
iter=     4  Rnorm=  2.655e-02  size(V,2)=   200
iter=     5  Rnorm=  2.682e-05  size(V,2)=   250
converged!
583.359119 seconds (340.77 k allocations: 5.261 GiB, 0.17% gc time)
Total estimated FLOPs: 8278518451500

Reading exact Eigenvalues...
Reading eigenvalues from ../Eigenvalues_folder/eigenres_H2_RNDbasis1.jld2

Difference between Davidson and exact eigenvalues:
1×50 adjoint(::Vector{Float64}) with eltype Float64:
 -2.66454e-15  -4.44089e-15  -7.06102e-14  -9.19265e-14  -2.66454e-15  -1.17351e-12  -1.01252e-13  -4.50751e-13  -1.65645e-12  -4.91163e-13  -1.57785e-12  -1.45395e-12  -5.91305e-13  -3.9968e-15  -7.54952e-15  -2.15383e-14  -7.90479e-14  -1.67866e-13  -7.56062e-14  -1.11855e-12  -1.87184e-13  -1.04594e-12  -8.32001e-13  -2.63012e-12  -6.15052e-12  -1.40669e-11  -3.9736e-12  -1.5566e-11  -5.37792e-12  -7.40785e-12  -1.97359e-11  -1.89297e-11  -1.9818e-11  -1.97015e-11  -8.71578e-11  -8.80698e-11  -3.8039e-10  -1.86686e-10  -1.87148e-10  -1.06965e-10  -3.22358e-11  -1.39467e-10  -2.15886e-11  -1.64723e-10  -3.57119e-10  -3.3798e-10  -1.07262e-10  -1.60948e-10  -2.11117e-10  -6.31299e-10
50 Eigenvalues converges, out of 50 requested.
Running with l = 100
read ../H2/gamma_VASP_RNDbasis1.dat
Davidson with MINRES solver
iter=     1  Rnorm=  9.993e+00  size(V,2)=   100
iter=     2  Rnorm=  2.429e+01  size(V,2)=   200
iter=     3  Rnorm=  1.746e+01  size(V,2)=   300
iter=     4  Rnorm=  2.519e-03  size(V,2)=   400
iter=     5  Rnorm=  2.520e-06  size(V,2)=   500
converged!
1479.525934 seconds (828.18 k allocations: 12.692 GiB, 0.06% gc time)
Total estimated FLOPs: 17761714631160

Reading exact Eigenvalues...
Reading eigenvalues from ../Eigenvalues_folder/eigenres_H2_RNDbasis1.jld2

Difference between Davidson and exact eigenvalues:
1×100 adjoint(::Vector{Float64}) with eltype Float64:
 -1.77636e-15  -1.77636e-15  8.88178e-16  1.33227e-15  -2.22045e-15  -2.22045e-16  2.22045e-16  1.9984e-15  2.22045e-15  8.88178e-16  2.44249e-15  -4.44089e-16  4.44089e-16  -4.44089e-16  -1.33227e-15  -1.33227e-15  -4.44089e-16  -2.22045e-16  -2.22045e-16  -2.9976e-15  -3.9968e-15  1.11022e-16  -1.03251e-14  -2.38698e-14  -2.95319e-14  -1.09912e-14  -1.15463e-14  -5.66214e-15  -7.54952e-15  -1.77636e-14  -1.65423e-14  -2.44249e-14  -3.34177e-14  -2.9865e-13  -9.4591e-14  -2.52021e-14  -3.79696e-14  -1.73583e-13  -3.78142e-13  -1.60261e-13  -2.09166e-13  -3.77143e-13  -1.82743e-13  -1.9984e-15  1.88738e-15  -9.4369e-16  4.71845e-15  3.33067e-16  4.32987e-15  -7.99361e-15  -8.32667e-15  -2.38698e-15  -4.27436e-15  -1.27676e-14  -2.44249e-15  -2.32037e-14  -1.07692e-14  -6.66134e-16  -1.83187e-14  -6.37823e-14  -5.71765e-14  -4.47975e-14  -7.39964e-14  -5.9619e-14  -1.33837e-13  -3.85081e-13  -1.66034e-13  -3.84914e-13  -5.63549e-13  -1.43052e-13  -1.42247e-12  -1.78579e-13  -9.87821e-13  -2.73936e-12  -1.85923e-12  -2.7045e-12  -1.05077e-12  -5.65437e-12  -1.83989e-12  -3.48152e-12  -6.36832e-12  -2.88838e-12  -7.86729e-12  -8.54933e-12  -9.10469e-12  -3.37234e-11  -2.70575e-12  -5.04159e-11  -2.65798e-12  -2.47016e-12  -4.96825e-12  -7.94448e-12  -1.41514e-11  -4.44181e-12  -4.46517e-11  -6.34926e-11  -2.84108e-11  -2.40963e-11  -1.9168e-11  -1.81551e-11
100 Eigenvalues converges, out of 100 requested.
Running with l = 200
read ../H2/gamma_VASP_RNDbasis1.dat
Davidson with MINRES solver
iter=     1  Rnorm=  1.122e+01  size(V,2)=   200
iter=     2  Rnorm=  2.260e+01  size(V,2)=   400
iter=     3  Rnorm=  3.550e-01  size(V,2)=   600
iter=     4  Rnorm=  9.485e-05  size(V,2)=   800
iter=     5  Rnorm=  3.252e-08  size(V,2)=  1000
converged!
3237.682360 seconds (1.66 M allocations: 25.563 GiB, 0.04% gc time)
Total estimated FLOPs: 36397959365280

Reading exact Eigenvalues...
Reading eigenvalues from ../Eigenvalues_folder/eigenres_H2_RNDbasis1.jld2

Difference between Davidson and exact eigenvalues:
1×200 adjoint(::Vector{Float64}) with eltype Float64:
 -1.77636e-15  -2.66454e-15  4.44089e-16  -4.44089e-16  -1.77636e-15  6.66134e-16  8.88178e-16  -2.22045e-16  4.44089e-16  2.22045e-15  2.44249e-15  8.88178e-16  0.0  -2.22045e-16  6.66134e-16  -6.66134e-16  0.0  -6.66134e-16  -4.44089e-16  -8.88178e-16  -9.99201e-16  -1.33227e-15  -3.33067e-16  1.11022e-15  3.21965e-15  1.22125e-15  -3.55271e-15  -5.55112e-16  -5.55112e-16  8.88178e-16  -3.44169e-15  2.33147e-15  1.9984e-15  1.22125e-15  -1.11022e-16  -2.77556e-15  9.99201e-16  3.55271e-15  -4.44089e-15  3.71925e-15  1.66533e-15  -9.4369e-16  -2.77556e-15  2.10942e-15  6.66134e-16  -2.22045e-15  2.22045e-15  -9.99201e-16  -4.996e-16  -3.44169e-15  3.33067e-15  -2.94209e-15  -2.22045e-16  1.77636e-15  -6.10623e-15  -2.66454e-15  -1.66533e-15  -7.60503e-15  1.72085e-15  -6.66134e-16  -6.10623e-15  -8.10463e-15  -3.38618e-15  -8.21565e-15  2.10942e-15  -3.10862e-15  5.05151e-15  4.66294e-15  -3.21965e-15  2.498e-15  -7.77156e-16  -9.4369e-16  5.16254e-15  2.63678e-15  5.68989e-15  -3.83027e-15  1.1019e-14  -2.77556e-15  1.1352e-14  4.80171e-15  -3.4972e-15  -1.14631e-14  9.15934e-16  8.65974e-15  3.60822e-15  4.69069e-15  4.94049e-15  -8.32667e-16  -2.47025e-15  7.77156e-16  8.46545e-15  -4.16334e-16  2.77556e-15  2.41474e-15  1.27953e-14  -7.57727e-15  -4.32987e-15  5.85643e-15  -1.16573e-14  6.10623e-15  -9.13158e-15  -1.57652e-14  8.77076e-15  -3.63598e-15  -1.2601e-14  -1.69587e-14  1.29341e-14  1.74583e-14  4.71845e-16  -4.996e-15  -1.80134e-14  1.31006e-14  -1.45994e-14  1.43496e-14  3.46945e-15  5.80092e-15  8.85403e-15  1.03806e-14  -1.29896e-14  1.72362e-14  -1.95677e-14  -1.80411e-14  1.53488e-14  5.55112e-17  2.00673e-14  3.27516e-15  1.13798e-14  -1.4988e-14  3.15026e-15  -3.16414e-15  -1.17822e-14  -1.08108e-14  3.09475e-15  1.69309e-15  2.16493e-14  -2.17187e-14  -2.38976e-14  2.43555e-14  9.97813e-15  -2.26347e-14  1.46411e-14  5.10703e-15  -2.4758e-14  -6.42542e-15  -2.20657e-15  1.8735e-14  2.3731e-14  6.81399e-15  -2.30371e-14  -2.40918e-14  -6.16174e-15  6.66134e-16  2.8838e-14  1.42802e-14  -2.39114e-14  -6.21725e-15  4.95437e-15  1.84019e-14  4.02456e-15  1.61121e-14  2.44665e-14  -1.31006e-14  -2.13163e-14  2.33147e-14  -2.8394e-14  7.39686e-15  -5.64826e-15  -4.16334e-15  3.20854e-14  3.18773e-14  1.88738e-14  2.83107e-14  -3.60822e-15  -3.8719e-15  7.16094e-15  -5.45397e-15  -1.37806e-14  4.27436e-15  -1.76525e-14  1.59456e-14  -3.94407e-14  -1.60288e-14  -4.21746e-14  -7.64666e-15  1.95399e-14  9.25648e-15  -3.45141e-14  -5.13339e-14  -1.92069e-14  9.47853e-15  -3.82278e-13  -4.17583e-14  -3.86774e-14  -1.00947e-13  -2.92974e-13  -6.14786e-14  -1.83784e-13  -1.26024e-13  -2.17049e-13  -1.86295e-13
200 Eigenvalues converges, out of 200 requested.
Finished processing molecule: H2
