┌ Warning: Opening file with JLD2.MmapIO failed, falling back to IOStream
└ @ JLD2 ~/.julia/packages/JLD2/SgtOb/src/JLD2.jl:154
ERROR: LoadError: SystemError: opening file "../../Eigenvalues_folder/eigenres_uracil_RNDbasis.jld2": No such file or directory
Stacktrace:
  [1] systemerror(p::String, errno::Int32; extrainfo::Nothing)
    @ Base ./error.jl:176
  [2] systemerror
    @ ./error.jl:176
  [3] systemerror
    @ ./error.jl:175 [inlined]
  [4] open(fname::String; lock::Bool, read::Bool, write::Bool, create::Bool, truncate::Bool, append::Bool)
    @ Base ./iostream.jl:295
  [5] open
    @ ./iostream.jl:277 [inlined]
  [6] openfile
    @ ~/.julia/packages/JLD2/SgtOb/src/JLD2.jl:144 [inlined]
  [7] openfile(T::Type, fname::String, wr::Bool, create::Bool, truncate::Bool, fallback::Type)
    @ JLD2 ~/.julia/packages/JLD2/SgtOb/src/JLD2.jl:155
  [8] jldopen(fname::String, wr::Bool, create::Bool, truncate::Bool, iotype::Type{JLD2.MmapIO}; fallback::Type{IOStream}, compress::Bool, mmaparrays::Bool, typemap::Function, parallel_read::Bool, plain::Bool)
    @ JLD2 ~/.julia/packages/JLD2/SgtOb/src/JLD2.jl:216
  [9] jldopen
    @ ~/.julia/packages/JLD2/SgtOb/src/JLD2.jl:165 [inlined]
 [10] #jldopen#23
    @ ~/.julia/packages/JLD2/SgtOb/src/JLD2.jl:286 [inlined]
 [11] jldopen
    @ ~/.julia/packages/JLD2/SgtOb/src/JLD2.jl:279 [inlined]
 [12] read_eigenresults(molecule::String)
    @ Main ~/MA_best/Davidson_jacobi/block_davidson/uracil_minres.jl:88
 [13] main(molecule::String, l::Int64, alpha::Int64; solver::Symbol)
    @ Main ~/MA_best/Davidson_jacobi/block_davidson/uracil_minres.jl:221
 [14] top-level scope
    @ ~/MA_best/Davidson_jacobi/block_davidson/uracil_minres.jl:249
in expression starting at /home/fmereto/MA_best/Davidson_jacobi/block_davidson/uracil_minres.jl:242

caused by: SystemError: opening file "../../Eigenvalues_folder/eigenres_uracil_RNDbasis.jld2": No such file or directory
Stacktrace:
  [1] systemerror(p::String, errno::Int32; extrainfo::Nothing)
    @ Base ./error.jl:176
  [2] systemerror
    @ ./error.jl:176
  [3] systemerror
    @ ./error.jl:175 [inlined]
  [4] open(fname::String; lock::Bool, read::Bool, write::Bool, create::Bool, truncate::Bool, append::Bool)
    @ Base ./iostream.jl:295
  [5] open
    @ ./iostream.jl:277 [inlined]
  [6] JLD2.MmapIO(fname::String, write::Bool, create::Bool, truncate::Bool)
    @ JLD2 ~/.julia/packages/JLD2/SgtOb/src/io/mmapio.jl:101
  [7] openfile
    @ ~/.julia/packages/JLD2/SgtOb/src/JLD2.jl:147 [inlined]
  [8] openfile(T::Type, fname::String, wr::Bool, create::Bool, truncate::Bool, fallback::Type)
    @ JLD2 ~/.julia/packages/JLD2/SgtOb/src/JLD2.jl:152
  [9] jldopen(fname::String, wr::Bool, create::Bool, truncate::Bool, iotype::Type{JLD2.MmapIO}; fallback::Type{IOStream}, compress::Bool, mmaparrays::Bool, typemap::Function, parallel_read::Bool, plain::Bool)
    @ JLD2 ~/.julia/packages/JLD2/SgtOb/src/JLD2.jl:216
 [10] jldopen
    @ ~/.julia/packages/JLD2/SgtOb/src/JLD2.jl:165 [inlined]
 [11] #jldopen#23
    @ ~/.julia/packages/JLD2/SgtOb/src/JLD2.jl:286 [inlined]
 [12] jldopen
    @ ~/.julia/packages/JLD2/SgtOb/src/JLD2.jl:279 [inlined]
 [13] read_eigenresults(molecule::String)
    @ Main ~/MA_best/Davidson_jacobi/block_davidson/uracil_minres.jl:88
 [14] main(molecule::String, l::Int64, alpha::Int64; solver::Symbol)
    @ Main ~/MA_best/Davidson_jacobi/block_davidson/uracil_minres.jl:221
 [15] top-level scope
    @ ~/MA_best/Davidson_jacobi/block_davidson/uracil_minres.jl:249
Processing molecule: uracil
Running with alpha = 8
Running with l = 50
Davidson with MINRES solver
iter=     1  Rnorm=  7.165e+02  size(V,2)=  1050
iter=     2  Rnorm=  7.081e+02  size(V,2)=  2100
iter=     3  Rnorm=  4.678e-01  size(V,2)=  3150
iter=     4  Rnorm=  6.856e-05  size(V,2)=  4200
converged!
241589.997335 seconds (10.29 M allocations: 380.873 GiB, 0.00% gc time, 0.00% compilation time)
Number of FLOPs: 1239198232118208

Reading exact Eigenvalues...
Reading eigenvalues from ../../Eigenvalues_folder/eigenres_uracil_RNDbasis.jld2
